4.567506290275207270e+00
5.293235489244147551e+00
5.337686112047101084e+00
4.123668064533055677e+00
4.146034514178482233e+00
3.679219222145968082e+00
4.465423806174404042e+00
3.854955719173060125e+00
3.879206990852125614e+00
4.520029355337059407e+00
5.082742315027949154e+00
4.127954722760876827e+00
3.755031053186483447e+00
5.131799323452670869e+00
5.348329266152705763e+00
5.339079505713865359e+00
3.898941163496946416e+00
4.765109531843370050e+00
5.469469583035095894e+00
5.417216982838390038e+00
4.319598715315395410e+00
5.275528265745704992e+00
4.803552578253203365e+00
5.461405612503281048e+00
1.456097890020878749e+00
5.397350666688240040e+00
4.128201421805989035e+00
4.899578475618158180e+00
4.321079743765815273e+00
5.287167695611500129e+00
3.103786793149060586e+00
4.423640616093908129e+00
5.215062884429364942e+00
3.097168296622534012e+00
3.343585510782100645e+00
5.191805506694260330e+00
4.531363393681568041e+00
5.307362232685351344e+00
3.003257747734872307e+00
5.400312610316039041e+00
5.368548974360131787e+00
4.049457239066724945e+00
5.369591307939537650e+00
4.956636882329763516e+00
1.094641866372852643e-02
4.834166057090969915e+00
4.531363393681568041e+00
5.372792073518226630e+00
5.407181987164713100e+00
5.128907654722187459e+00
5.213832801678327300e+00
5.433768114433322083e+00
5.098541091454723784e+00
5.257259782268079995e+00
4.278963634358896151e+00
5.274221579676201088e+00
3.350451177681424753e+00
2.849562696863262357e+00
4.875577738578749099e+00
5.500145111802856590e+00
4.905713736892431953e+00
1.904285820146931263e+00
4.206761684735449869e+00
3.223587993246777472e+00
5.300146007677620119e+00
4.958975243025550483e+00
5.320750796868203736e+00
5.140945079450132127e+00
5.099258392930986261e+00
5.471818755880972773e+00
3.844080466963025966e+00
4.940075653346618800e+00
5.398520012271091240e+00
5.402858374129977825e+00
4.702837240501837712e+00
4.731747243789610202e+00
1.030498605700214815e-02
5.480923511968703643e+00
5.159432575341559968e+00
5.463029920884268087e+00
5.365621264007921276e+00
4.911882337777100815e+00
2.772605666699772708e+00
4.196497627457651092e+00
5.394133857301413038e+00
5.176617399716593404e+00
5.320579731579073268e+00
5.014508215224160459e+00
5.359096165379148680e+00
4.415796100815238212e+00
4.927756738643513934e+00
4.943253773691406394e+00
5.029121457171713772e+00
3.395614632217901274e+00
4.341573762670982717e+00
2.623024594364148143e+00
2.811548844706126538e+00
5.448724671632824368e+00
3.992036258622499112e+00
3.619623897917272792e+00
4.755475203462180112e+00
5.370392781307984365e+00
5.349151369185677574e+00
8.985523811414758422e-02
5.361613138130453038e+00
4.724687576992174343e+00
4.182588766180550977e+00
4.238259488305788913e+00
5.411549926251699283e+00
5.452561742625443131e+00
5.377844270408031591e+00
2.932099809656191769e-01
5.482901588254041059e+00
4.287815007798655209e+00
5.343777051141987755e+00
5.060644355811144912e+00
4.108546249972816256e+00
2.853387293842643668e+00
4.689333183367474511e+00
3.645539368855724494e+00
4.483595045993892469e+00
5.333749128742575785e+00
3.400619870445609649e+00
5.490547405347297349e+00
4.878228223607794511e+00
4.734693401354086895e+00
5.375117133085382193e+00
4.456821246291689853e+00
5.306716318649478126e+00
5.127121345374455963e+00
4.261367397841508975e+00
4.178791940737680122e+00
5.491864045442885534e+00
5.353630830431990617e+00
3.383787846182528813e+00
4.828578394236309634e+00
5.401687345926492689e+00
5.289219500918219019e+00
4.548054120910713038e+00
5.206738282890527536e+00
4.929935825817428174e+00
4.444143154477873559e+00
4.531363393681568041e+00
4.732520259372382299e+00
2.718158348985631356e+00
5.294646842543508036e+00
4.986390965876563719e+00
4.505961732078408666e+00
4.038103660032688502e+00
4.344923144161860762e+00
3.533905567593355723e+00
5.064869510977493050e+00
4.811157033642017744e+00
3.198570575121842730e+00
5.340607331851551010e+00
5.500035212077110103e+00
4.181721147299379382e+00
4.292731002626317682e+00
3.712905544443804384e+00
4.437883934365566496e+00
3.200554848870693192e+00
5.374242360025752951e+00
3.678038635359410335e+00
4.928051882640128945e+00
6.996602732957709625e-01
4.742299419134657690e+00
3.514267578793671021e+00
5.356706524261803715e+00
3.926286462216182827e+00
4.697838850725449156e+00
3.035285539676138011e+00
3.685740927232159070e+00
3.835210978149414363e+00
4.780121353568779874e+00
4.694023340169195535e+00
5.163965982940953658e+00
5.381871633460603377e+00
5.281265680869668522e+00
4.436814071682762872e+00
3.732126096419196237e+00
4.486661834970564477e+00
5.277749768970003252e+00
5.490998649614693861e+00
3.685740927232159070e+00
4.976476238734841573e+00
4.585788564653756616e+00
5.101566254761159769e+00
5.369834751904478232e+00
4.881294655607606892e+00
4.795308052116807218e+00
3.503098096984520460e+00
5.467352618323168656e+00
5.110781926393134000e+00
4.312502360612842089e+00
4.924351583278762767e+00
4.952716715829753369e+00
5.321429675544463223e+00
5.363779905325277042e+00
4.714244343328489961e+00
6.655321971760086441e-02
5.437592873409796468e+00
1.720793706735280537e+00
5.202643896605043672e+00
4.522184856312413404e-01
5.042828308319794672e+00
5.252020411767682084e+00
4.643938495698063385e+00
2.748509104004841941e+00
5.383913609788598897e+00
4.495981270661460805e+00
5.019685611121639468e+00
3.907058288048905759e+00
3.499861530987431024e+00
3.427368189428143364e+00
4.882769195509734317e+00
5.022244514089432954e+00
5.460285406314898893e+00
3.233616039228359273e+00
5.101108429379071829e+00
5.239734549870921576e+00
6.762644515519118382e-01
5.323928580953220191e+00
3.935157615097692130e+00
3.521404767048984308e+00
4.241227284256969376e+00
3.748251994995006608e+00
5.434866259448797088e+00
4.462845193439987312e+00
3.697715901044770881e+00
5.071132916885900954e+00
4.950343683893587254e+00
1.340713910075331805e+00
3.475567881066538245e+00
2.749389298231629031e+00
5.430597928776593974e+00
2.617183752141772679e+00
5.372295760719119961e+00
5.051177794049666936e+00
4.001472740379063531e+00
4.874069240420515037e+00
3.646644791604779723e+00
4.988614840611758083e+00
5.315900697142732056e+00
4.350976451252321020e+00
3.813353615572788069e+00
4.394141552605860923e+00
5.426424060549403627e+00
4.065705362359700814e+00
3.596295552423159236e+00
3.475383356539762492e+00
4.426751271972732660e+00
4.411955840640382931e+00
4.800943846720281627e+00
5.412299669967508109e+00
5.459116474467990088e+00
3.307919575753385022e+00
5.079349941536741575e+00
5.228185388218781426e+00
3.265360127638809118e+00
4.827172087018404056e+00
3.153498983472601047e+00
5.208119017051008548e+00
5.022236802624738594e+00
4.124948689337966989e+00
4.038871750664626781e+00
2.532419102378455023e+00
1.205601744741633674e-01
5.381326469975125093e+00
3.078344295363225402e+00
3.943766004707837780e+00
5.237082245444129036e+00
4.425452353906001335e+00
4.498860535561854057e+00
3.256821193944722026e+00
5.210475300790750275e+00
5.300207782314371840e+00
1.203373572487791282e-01
5.442749156117701048e-01
4.070235405555320263e+00
5.221133793104107745e+00
3.853746641358752445e+00
4.366017685530977133e+00
4.163149509410290605e+00
4.615290167443466096e+00
2.407062408759453653e+00
5.141866532661034661e+00
5.425467608939165132e+00
5.438843016122929086e+00
3.843566819611256680e+00
3.557607715023064721e+00
5.055588489237037741e+00
5.191572032413744431e+00
4.426751271972732660e+00
5.359971093787131657e+00
5.134211031504132272e+00
5.500164658564794529e+00
4.409819075117378695e+00
4.436814071682762872e+00
4.163795393299887238e+00
4.412950525585321415e+00
5.267406479817639209e+00
3.266613696709771641e+00
3.755842245116707279e+00
4.616609639048335545e+00
2.485752421407949053e-01
5.294927438489769322e+00
4.265621686886634123e+00
5.443753130495545989e+00
2.554016023232881238e+00
4.332235026078267381e+00
5.014865126409660867e+00
5.169646881122787363e+00
5.442749156117701048e-01
8.724413673017547000e-01
4.971866291426185747e+00
3.191413665888773288e+00
4.652088079250188635e+00
5.233878134092978307e+00
5.498882501433405956e+00
4.987621919499079404e+00
4.454214416926632225e+00
2.914939742780561449e+00
5.369977062793474865e+00
3.864384111534015620e+00
5.463799115886345703e+00
5.318393310670423091e+00
5.052936843164851588e+00
5.311370521452181137e+00
5.467918361804993133e+00
1.617263175438505840e-01
4.502021634721643295e+00
6.254569060844299144e-02
5.478393550196889450e+00
4.274352398016765697e+00
5.004199803420076975e+00
5.236348116057619073e+00
2.997854107607063501e+00
4.759634266435486261e+00
5.038904721534554376e+00
4.997637969314927098e+00
5.193235120420706785e+00
4.412194536399632661e+00
2.397667881682873148e+00
4.855862146161495474e+00
5.124889755315136242e+00
2.316850037293019415e+00
4.161847844010541309e+00
4.083605880272931365e+00
5.497232010882770581e+00
3.657595601222200177e+00
5.155636274891858051e+00
4.945132466356925605e+00
3.952802707498296986e+00
3.943111087487559674e-01
5.472075886285771240e+00
3.476386354121756117e+00
3.899956898234183900e+00
5.186093930645127692e+00
4.961698887506584832e+00
4.527177263056288758e+00
4.799798574736609424e+00
3.269995390011860348e+00
4.884868132832422383e+00
4.661818166323238977e+00
3.907794210283237035e+00
5.109688765321703130e+00
3.449807764296695112e+00
3.161562628327941660e+00
5.375117133085382193e+00
3.104371512199509020e+00
5.331716692965586368e+00
3.021537576743715814e+00
3.641657512363653648e+00
5.392126611125572566e+00
3.987376026224387360e+00
4.984368927076342715e+00
5.500107766993147962e+00
5.089043576858406581e+00
5.255309401364188560e+00
4.270003570022877781e+00
4.737001035088675316e+00
4.371210709103631409e+00
5.307791869292221243e+00
2.849562696863262357e+00
4.972769072871778384e+00
3.716814395543013294e+00
4.765109531843370050e+00
4.445401559885481468e+00
5.424143634934715408e+00
5.182835440367112412e+00
4.501797032497446338e+00
3.898723774566306144e+00
4.875352206827788137e+00
5.491798112532211285e+00
5.382993357396131273e+00
3.038236482137843808e-01
4.929128281012219226e+00
4.702173115680089666e+00
4.966622838690579300e+00
5.076415794279376392e+00
5.424488781527423420e+00
4.979446273922996546e+00
4.778591135884706631e+00
4.196497627457651092e+00
5.313209704378741627e+00
2.604533362057798840e+00
1.293956015520273672e-01
4.265555640874884702e+00
5.457146999013773758e+00
4.551097758894597334e+00
5.482718532046993332e+00
1.340713910075331805e+00
5.500149854693459517e+00
4.172006341088690284e+00
5.370529409638141044e-02
4.914768963286211267e+00
4.846733757708097556e+00
2.137649398279716451e+00
2.263065636984421758e+00
5.103766771776822253e+00
5.278680261228563708e+00
3.062716415561289818e+00
4.978462205648313876e+00
4.988581072680883466e+00
4.999065836351708647e+00
4.599692449017072526e+00
4.255260079240428261e+00
3.122570460514903168e+00
5.071878866606879477e+00
4.811287979837553408e+00
3.934086255947465638e+00
5.454141837123146708e+00
3.769426393670336939e+00
5.271766044445804766e+00
4.638522593365959068e+00
4.766236533566162947e+00
4.826827994930226851e+00
4.468540541334175664e+00
5.191798942221399926e+00
4.889851950633554267e+00
3.746097949118975645e+00
4.819937573856648783e+00
4.170925925757035024e+00
5.295004290991236928e+00
5.122385577553427716e+00
3.769426393670336939e+00
4.443498598898616869e+00
4.882084218970828005e+00
5.459103963287881278e+00
3.895991630933330896e+00
5.199204561225759136e+00
4.579914803407675983e+00
5.409479353059807316e+00
2.772605666699772708e+00
5.359605644704018346e+00
2.504935305873628337e+00
3.412317601500493236e+00
4.351865970858014521e+00
3.796811040194075115e+00
1.288786945227540226e+00
4.766146242326180449e+00
3.275980718008826731e+00
5.467019551658829357e+00
4.998199907185435720e+00
4.893745271125026441e+00
3.902016037379296698e+00
3.800289315737953810e+00
5.366678047729578793e+00
3.877634792764677041e+00
3.534720142982221258e+00
2.544973951751112295e+00
4.727915774354330303e+00
5.193642516952168720e+00
4.755139468748874165e+00
4.921855592054119377e+00
5.441912581538933757e+00
2.727433186900445783e+00
5.327027481509075457e+00
4.131686636214858765e+00
5.287167695611500129e+00
5.186384726205161222e+00
4.464038996307598595e+00
4.907772932644299146e+00
5.382993357396131273e+00
3.529396617815009130e+00
4.371928026218095731e+00
4.233567498546559449e+00
5.497367731723891815e+00
5.331986908606213937e+00
4.602796425080649456e+00
5.363728533003081722e+00
4.477022411133784630e+00
5.109870349313601956e+00
3.041017071915674830e+00
5.211459096716057893e+00
5.485478306669067550e+00
5.037922931530959936e+00
5.146105550629701320e+00
5.201762410362817057e+00
3.303211144146593448e+00
5.287427535904727804e+00
4.530236082286881683e+00
3.906683375565092931e+00
4.178110530525732003e+00
5.487939028457457624e+00
5.424009342593669736e+00
4.813249099837666023e+00
5.063007092194522052e+00
4.587652455927903716e+00
4.760390528730122028e+00
4.962689954520226543e+00
4.537085053588427286e+00
3.250252959333021607e+00
5.484691141583849294e+00
3.469149933078080839e+00
5.172753355685287602e+00
5.026697745798687222e+00
4.972542999754280046e+00
5.484385135898445007e+00
4.309698932516625725e+00
4.069730137751591315e+00
4.285871407470565941e+00
3.002052848016051989e+00
4.842413060993516538e+00
4.995565451968849935e+00
3.945923171484468472e+00
4.812771306804790150e+00
4.332705320805330551e+00
4.814878279977420128e+00
3.343508593474870949e+00
4.659016629459177494e+00
4.894059682006503209e+00
5.013939337196584134e+00
3.239821139463762378e+00
5.059437440290995625e+00
4.402007067432010423e+00
5.366764702792559127e+00
5.433601614846256034e+00
3.198956414438665075e+00
5.459653603184008830e+00
4.987368023704436659e+00
3.957207394376059284e+00
3.100410214223541239e+00
5.292376186894109047e+00
4.201111247176918972e+00
4.794309836578153572e+00
5.381941852550621519e+00
2.205194067241587952e+00
4.129558958944134162e+00
2.885624356311786709e+00
5.199204561225759136e+00
3.665047066806661924e+00
5.379824422589248201e+00
3.698084980705776736e+00
5.102157779135094273e+00
4.374927917485377016e+00
5.262325411865568014e+00
4.455063824698211938e+00
2.171260759871733448e-01
3.525578759209214041e+00
5.469566808908346012e+00
3.437442429207370864e+00
5.383695997705024716e+00
3.661878302445387146e+00
1.282550398641908895e+00
3.755031053186483447e+00
4.916673251114886511e+00
4.163153811880616395e+00
5.500044885872938494e+00
5.446024282368593816e+00
4.766146242326180449e+00
5.415601548330396753e+00
5.169986408650594889e+00
1.216096778294129210e+00
3.722712395203703561e+00
4.127027818152842364e+00
3.187255680134025049e+00
5.279600503471487905e+00
5.368466898003100951e+00
4.684686148031429909e+00
5.492002052524322941e+00
5.184117951746006980e+00
4.965213443411697014e+00
5.333286505354580598e+00
5.487213387086671723e+00
5.178896021759011425e+00
3.947125315220925579e+00
4.238374088342942159e+00
3.503706635382029866e+00
4.879401919603169269e+00
5.250351793415211965e+00
4.571043072850871525e+00
5.257837174702964411e+00
3.820011200256960393e+00
5.392023659202085817e+00
5.452271078096626589e+00
4.648624941277897271e+00
5.412041708595912048e+00
5.457363958021586470e+00
5.316021647453463395e+00
4.884823339860179914e+00
4.939979576327952593e+00
3.759875114309645383e+00
4.144928530247963039e+00
4.016348703521635422e+00
5.062097070132944410e+00
4.851793053956784618e+00
5.202643896605043672e+00
3.824116293507019204e+00
5.500056425624965328e+00
5.249271796873313356e+00
4.813555024482876199e+00
5.262238198968427483e+00
5.440557778371768016e+00
4.298322272130358002e+00
5.420749394425330436e+00
3.337961173872018072e+00
3.191413665888773288e+00
3.785108030550713210e+00
5.380383102255406058e+00
3.427951731625328957e+00
4.996050503210887506e+00
5.139191981091395078e+00
3.570113313068545402e+00
5.274907560711864285e+00
4.332705320805330551e+00
5.256866610260507500e+00
3.278636272487588155e+00
4.662012560512070358e+00
3.573763656687175772e+00
3.993135878090414703e-01
3.897145279372553173e+00
4.373529436212000299e+00
4.140947693624284831e+00
4.776228758348716852e+00
4.949821180512882890e+00
5.134978270461472150e+00
3.746118572692366921e+00
4.781480081464120069e+00
5.152697309060495279e+00
5.121208296886420541e+00
4.950343683893587254e+00
5.109688765321703130e+00
4.866986157816555192e+00
3.901773483806688869e+00
5.414094860121817732e+00
3.537653606210389157e+00
3.818971043178354674e-01
5.466039847473381785e-01
5.260224050159681752e+00
3.975840325906652595e+00
4.444883113285606591e+00
4.491277690943719314e+00
4.649064560353891373e+00
4.938702212401194558e+00
5.143028526709292336e+00
5.498725488464895506e+00
5.405141922918369701e+00
3.517933849522083545e+00
5.141725085408838325e+00
4.491930900915543923e+00
5.305697135327644531e+00
4.141350356825525658e+00
5.467108720772367647e+00
3.341756309168485650e+00
5.290384631949157423e+00
4.875352206827788137e+00
4.381984637322889675e+00
5.304146157718943044e+00
4.129523231390282767e+00
4.728666448532355737e+00
4.316773009201305022e+00
5.132851422584765899e+00
5.059030403713425272e+00
4.782584104173131401e+00
4.949430721304853620e+00
3.155578705842152498e+00
5.394745632176415562e+00
2.556966596311986528e+00
3.677336466831542694e+00
4.417743686330561914e+00
3.176134911785012616e+00
3.454252509857440590e+00
4.896766857485297386e+00
5.303547894536495555e+00
4.998199907185435720e+00
4.530110089707898524e+00
2.890343005699434809e+00
5.425942921655662943e+00
5.353944368711651691e+00
4.462075269901881747e+00
4.528228281765406038e+00
5.458072254342332563e+00
4.604218203112381502e+00
3.622305436313058014e+00
4.866986157816555192e+00
2.754980681689829236e+00
5.321034358786852714e+00
5.287167695611500129e+00
2.904029905008520984e+00
4.656269800673389803e+00
2.279870653553606186e+00
5.034008838340195524e+00
4.100968751719501704e+00
3.123540298331521026e+00
5.320847944778151373e+00
5.056413660708939162e+00
4.205061474504787178e+00
4.776510137748106288e+00
4.518255786195118695e+00
4.576769208911926512e+00
5.185555213028522736e+00
4.513426474884638218e+00
3.957240163333836769e+00
5.390535491879945518e+00
5.495282930058455584e+00
2.927850156276156302e+00
3.689718083123519232e+00
2.886354004469448675e+00
4.487894876007596956e+00
4.132952786804322542e+00
2.372540263859593546e-01
4.441216039734079857e+00
3.162345889059594573e+00
3.723847464454413281e+00
4.394429808853292485e+00
5.037496183950578299e+00
3.616809847694146818e+00
1.894234315770860100e+00
3.947320059392717795e+00
4.954117237058089707e+00
5.333228763617430701e+00
4.450500846820563794e+00
3.895011360618009011e+00
5.470046513349425155e+00
4.103860094061658970e+00
4.781234817363859690e+00
3.465284297894658305e+00
5.378639703384311410e+00
2.918032961293445471e+00
4.784186560726069182e+00
4.789763302415639856e+00
5.259304893358461186e+00
5.335272618283204871e+00
4.648624941277897271e+00
5.313951885807195019e+00
4.468687969101203805e+00
3.226735142514580712e+00
3.663217757591023638e+00
3.395901916925811559e+00
4.667491581451191252e+00
5.118678950359140778e+00
5.250562658458251875e+00
4.752969997057785889e+00
4.816989147391694814e+00
5.456223508847149795e+00
5.260190593940022197e+00
5.390535491879945518e+00
3.898941163496946416e+00
5.208694119647169885e+00
5.143390050392960156e+00
5.429991130557072054e+00
5.492819200009850356e+00
5.050538314151260977e+00
5.260892192522177879e+00
4.520457045100306992e+00
4.955924095132057339e+00
2.459822328973199301e+00
5.472135714470551804e+00
5.448993743692055247e+00
5.455311464464474902e+00
2.026113176635601754e+00
5.321046943640109994e+00
4.407201526191315111e+00
4.130121512913673243e+00
3.162461356976522087e+00
5.150408710612800256e+00
5.249752810096410371e+00
5.338009298625803645e+00
5.002758730130559606e+00
4.980333827568411920e+00
5.391336760533159023e+00
5.111088043576517137e+00
5.121965539795001909e+00
4.651791333136877427e+00
5.375783789226364462e+00
5.399457264892154384e+00
5.034008838340195524e+00
5.308807420656338927e+00
1.852505440892776301e-01
4.049457239066724945e+00
3.895011360618009011e+00
4.740088463770319116e+00
4.579806071525922562e+00
4.691518123598056533e+00
5.422176880682357591e+00
5.257646756874665428e+00
4.408683392237731979e+00
4.754167190525989461e+00
5.439378100589091325e+00
5.229619951631184982e+00
4.444131811210875860e+00
4.998199907185435720e+00
4.694023340169195535e+00
4.311259850497568991e+00
4.942882919819879817e+00
3.108007671100951441e+00
5.466187678382685711e+00
4.719495203549580964e+00
2.774165136341915527e+00
5.061969536207389986e+00
3.933007159960998589e+00
4.277377290331226156e+00
5.247700447445759586e+00
3.331768634716115063e+00
4.362290356174406192e+00
3.976607015723558902e+00
5.052533038912259578e+00
3.324842877769297100e+00
5.482558559758293093e+00
3.482784708822708186e+00
4.249691231720744256e+00
2.942274010762742087e+00
2.718469729729048101e+00
4.476217630532240754e+00
3.142011885128415560e+00
4.183471770696321812e+00
4.457364190825535921e+00
4.032282146642933718e+00
3.829044647489623809e+00
5.351902379540427468e+00
1.666598656571570247e+00
4.703413063473337985e+00
5.245659370380237441e+00
2.993140172880892624e+00
3.013321095136445749e+00
2.092169228419750393e+00
2.893440354150307758e+00
5.242538958652517955e+00
4.855845753995708947e+00
5.331716692965586368e+00
4.656168904464489167e+00
4.496228192663822121e+00
5.420175704369174063e+00
3.936002052532725060e+00
5.090944649741465433e+00
4.445654711422871941e+00
3.645539368855724494e+00
4.539237316008533085e+00
3.703170296428334840e+00
3.677826111325062097e+00
5.368687950196505021e+00
3.470104787541134161e+00
4.227072230588643009e+00
2.380034881019231996e+00
1.577755779118435120e+00
1.951642914841189347e+00
3.838417577203510955e+00
4.005939647307465101e+00
4.564752881146646679e+00
5.135226370437369070e+00
2.915803183499237061e+00
3.540668520760777760e+00
5.164537145302076304e+00
3.887471195596958307e+00
5.129606797210475300e+00
5.420429816005873924e+00
5.500128430309874972e+00
5.371257919901684552e+00
5.126524451181049713e+00
4.616609639048335545e+00
3.984908806890127941e+00
5.189766223153727154e+00
5.471876883150753379e+00
5.162552383071827400e+00
3.077654596634369799e+00
3.027518215509933164e+00
4.858478607633980317e+00
4.508204462694654246e+00
5.422952481926827772e+00
4.978462205648313876e+00
3.992104508193986767e+00
5.031843633144650774e+00
5.282738506578046334e+00
4.160845217874134860e+00
5.080902650683723820e+00
4.535144746140721494e+00
4.398268786498923610e+00
3.162345889059594573e+00
4.623504808351380113e+00
5.216885781904998076e+00
5.110781926393134000e+00
5.000094017833589533e+00
5.262412220031518650e+00
5.392126611125572566e+00
4.250532344391729112e+00
5.065299532965479301e+00
3.765415412147624874e+00
4.534822190590434232e+00
5.073753044873039464e+00
5.268582057185707157e+00
3.759875114309645383e+00
4.955048931910342347e+00
3.545741030650383152e+00
5.379632977405163885e+00
5.059437440290995625e+00
3.200554848870693192e+00
3.865543942875588002e+00
5.355195621050198085e+00
3.743616851902155762e+00
4.978462205648313876e+00
5.362500888599791793e+00
5.494498642384605169e+00
4.708586837078792442e+00
3.612821924898493187e+00
4.265621686886634123e+00
2.862092642411902865e+00
4.882084218970828005e+00
2.330780447091142182e+00
5.268614935113902220e+00
2.599818111633165341e+00
3.834693037443532848e+00
3.844080466963025966e+00
3.276181915141916701e+00
5.213984540439697390e+00
5.436587428901369812e+00
5.487138607218305708e+00
5.489688438437342555e+00
3.121331929634601821e+00
3.424654665590267211e+00
2.803353745107011186e+00
5.363728533003081722e+00
5.499466856180188934e+00
5.407447906691805528e+00
5.448770851942618343e+00
2.581230203680746182e+00
4.852802164655140693e+00
9.126920029174288018e-01
5.006460860417481840e+00
5.063372065890765938e+00
5.205983459754146558e+00
5.274382522921906791e+00
4.943089206676497760e+00
3.420800587965787454e+00
4.130070237028196090e+00
4.924496505047706307e+00
5.498661328093541023e+00
5.232275178732979981e+00
5.201310077569830881e+00
2.368682882751498298e+00
3.867669834004251683e+00
5.318967920534656280e+00
5.485366191393688418e+00
3.614038049991274537e+00
3.793336826514586146e+00
5.337686112047101084e+00
4.655989511499129208e+00
5.279027733033450964e+00
4.804600501278675218e+00
5.451335563768627601e+00
5.019240303701090866e+00
4.756841522379906984e+00
3.930333325267298950e+00
4.466276505935240060e+00
1.390995859272227964e-01
5.415901933349199560e+00
4.495981270661460805e+00
5.338901697152897086e+00
3.096232593312060022e+00
5.294568622862612095e+00
4.947947622236513965e+00
5.436193607867205735e+00
4.741644604098632421e+00
5.308131876536593907e+00
4.703388865380440542e+00
3.107924308411933012e+00
4.451891270788951083e+00
4.526468535537497395e+00
4.709348868262571486e+00
2.941873729959845640e+00
7.843999002636820039e-02
5.156340101457924874e+00
3.078771650384367398e+00
1.131256482326129520e-01
3.577706639622333817e+00
4.150882974983537643e+00
5.093200230437224363e+00
5.384809299971578866e+00
3.927902052270402677e+00
2.854768265550754691e+00
5.007566397714581896e+00
5.490076913001282755e+00
5.051383847293269724e+00
5.463574194939162076e+00
5.444553700523691475e+00
3.480721544959862968e+00
5.146105550629701320e+00
5.304166389918647084e+00
3.389035214101626892e+00
4.445401559885481468e+00
