5.763476424056273473e+00
5.502220415537584230e+00
5.717015937447747831e+00
5.736854211955899174e+00
5.765888434169045951e+00
5.750603838544058988e+00
5.779870640833030038e+00
5.747845295193178217e+00
3.227440802725574098e+00
5.753050590361136862e+00
2.562747163308856102e-01
5.742839405629365679e+00
5.780863642923570467e+00
5.745974940839258416e+00
5.719207010479835596e+00
5.746603193077850946e+00
5.761936035621319618e+00
4.927184863947375426e+00
5.739367529591832273e+00
5.762754243221001715e+00
3.377175912992975260e+00
5.761310532666151119e+00
5.758349096141887280e+00
5.745882595647091584e+00
5.336830146695433541e+00
5.717210378638005963e+00
5.721323847933717843e+00
4.750975456353592641e+00
5.715822762240680532e+00
5.106022431996696476e+00
5.491534385713589650e+00
5.485483282945530448e+00
5.619938327299161429e+00
5.742780493286835153e+00
5.755574944765835532e+00
5.287978119026423229e+00
5.717842905440073231e+00
5.724253823082119830e+00
5.751761129188289523e+00
5.716825235358487411e+00
5.782161640633544764e+00
4.113468930332435214e+00
4.455484523458519419e+00
5.734630207278106795e+00
5.765688511357395463e+00
5.668470350492818888e+00
5.766780186124159435e+00
5.775192171092300875e+00
5.534858844490758933e+00
5.743757934273219234e+00
5.777124659817880925e+00
4.923321117655567569e+00
5.352977914208849164e+00
5.666851102490287673e+00
5.677517059014971501e+00
4.498616890855416273e+00
5.719378615473105221e+00
5.689841405216733428e+00
5.771616177189070385e+00
5.768948193293129023e+00
5.715140132803411710e+00
5.557614394139450020e+00
5.307903934629071507e+00
5.363635803821705572e+00
5.766257736492018005e+00
5.752916794076121221e+00
5.775733763176656765e+00
4.386733247567782712e+00
4.980416894426660690e+00
5.665128638241663239e+00
5.317101251992371047e+00
5.732400554033130646e+00
5.670198263182759213e+00
5.656302613948398950e+00
4.498054849109549558e+00
5.775751256721296301e+00
5.781210092874664142e+00
5.743427029250198323e+00
5.714678112454137704e+00
2.345868112827524499e+00
5.761935132514041769e+00
5.726718788812710237e+00
5.530006902324280382e+00
5.367186865879000734e+00
5.725427830428650999e+00
5.761451710301019880e+00
5.781988416974074063e+00
5.768675329889608072e+00
5.610425704064238239e+00
5.011679902217354154e+00
5.732090467373349263e+00
5.166844067125057727e+00
5.600092970637858159e+00
5.272486570569201447e+00
5.194355622392452965e+00
5.690510558595435420e+00
5.600162533380776964e+00
5.601246810903592888e+00
5.754540138363651636e+00
5.019376419809116641e+00
5.768484704577399036e+00
5.734035809060160638e+00
5.601668513276634620e+00
5.745064802844141560e+00
5.501423567522919278e+00
5.779881163715254289e+00
5.716840299565848937e+00
5.781635450588836100e+00
5.574345150052721465e+00
5.718748321992354278e+00
5.763681823293259399e+00
5.777814435125209869e+00
5.738768665065379970e+00
5.465569991449504172e+00
5.292062588238453991e+00
5.601767403811880541e+00
4.826525402932642983e+00
5.708051494332959663e+00
3.480225773794245026e+00
5.589212896969833366e+00
5.759147962637207740e+00
3.972335182473500037e+00
5.764325878194644481e+00
5.532042433082797750e+00
5.758132981959582786e+00
5.647006380578419638e+00
5.720972832810841346e+00
5.755299061614912226e+00
5.718275892448678732e+00
5.727404561757280632e+00
5.670144494680132041e+00
5.768112889156889800e+00
5.737348078653636385e+00
5.752126321983725532e+00
5.452524550434427297e+00
4.855841034523656674e+00
5.753428203513031747e+00
5.752469968620571805e+00
5.780725940832299514e+00
5.687094915504830261e+00
5.685883612953105626e+00
5.774039741823494332e+00
5.120015951110208796e+00
5.666843186835931689e+00
5.672724889435341034e+00
5.751106966008287635e+00
5.067830642439727917e+00
5.745056687863230316e+00
4.415468030257279075e+00
5.743623104088027453e+00
4.804123981478499061e+00
5.263203102913546871e+00
5.724584577049255607e+00
5.778336877105206604e+00
5.600934797604712578e+00
5.749333780534885641e+00
5.492121238836347175e+00
3.820939177762136207e+00
5.770111828750541072e+00
5.761300106905095753e+00
5.749762674076722924e+00
5.746661661630630746e+00
5.750705533622427978e+00
5.754140149699676243e+00
5.260536472079075487e+00
5.703567237325703587e+00
5.744332728460061155e+00
5.669586919229406163e+00
5.709629089685998693e+00
5.718980338455603274e+00
5.571297831979138415e+00
5.667596169752622259e+00
5.719122026228598443e+00
5.696612963093557802e+00
5.735407175907588417e+00
5.759965388634430639e+00
5.737558722321989713e+00
5.600574949278441572e+00
2.865991239220125664e+00
5.753320612171541448e+00
5.753476278934233967e+00
5.735944133568440684e+00
5.755202046133511828e+00
5.748141692643203626e+00
5.735028237643146731e+00
5.755665148783732477e+00
3.529601313493202497e+00
5.749942718095944372e+00
5.633173995845714543e+00
5.623536696455306405e+00
5.721184831441485485e+00
4.157925002743816378e+00
4.297987686723483414e+00
5.502169579012336165e+00
5.767793836210282521e+00
5.675802278673439005e+00
5.713193697745166055e+00
5.751947902412257285e+00
5.696983141337082834e+00
4.984920580976029747e+00
5.694864429033756004e+00
5.671153613230452528e+00
5.714987321716209046e+00
5.738081768272209615e+00
5.762059934955726881e+00
5.754199538953120197e+00
4.585273893821558922e+00
5.571232567951225789e+00
5.762046340882243989e+00
5.746311822578129558e+00
2.962432235794347779e+00
5.666704879943964102e+00
5.770523114321134628e+00
4.714708699162200922e+00
4.050971345012835734e+00
2.999865092989724591e+00
5.658741419214906365e+00
3.344238243172129810e+00
5.779249673797660414e+00
5.748901979567117237e+00
3.340136568987136734e+00
4.953844922389516903e+00
4.050971345012835734e+00
5.766970306631124643e+00
5.764575466105536172e+00
5.771898978781949907e+00
5.753428203513031747e+00
5.609771089046541981e+00
5.603334419684195211e+00
5.773096928182712695e+00
4.079702438359452010e+00
5.780863642923570467e+00
5.601825455658269171e+00
3.219948761696650230e+00
5.668186896269752140e+00
4.937872982346494410e+00
5.777956005639419246e+00
5.740302983325768160e+00
5.740267169697198746e+00
5.757104439514963090e+00
5.683631071058398376e+00
5.716108200411028406e+00
5.778787249158723327e+00
5.723125421640629540e+00
5.778718426873004077e+00
5.500407784078455542e+00
5.769747153507937654e+00
5.557703376216184488e+00
5.749738530763089273e+00
5.751027836938781057e+00
5.782451933491482343e+00
5.765942505241579141e+00
5.741128504987515591e+00
5.668882818892024389e+00
5.778994472609895183e+00
5.714400565609574656e+00
5.769327225474985887e+00
4.145223643162075255e+00
5.110325398443682943e+00
5.470948401320661958e+00
5.733908029392766004e+00
5.715801192613064075e+00
5.501631832014193257e+00
5.714879731550936093e+00
3.947638548694204719e+00
5.714327009537649715e+00
5.668293865051618141e+00
5.600629186583501173e+00
5.741398598331484138e+00
5.082060324636878512e+00
5.741436455519578708e+00
5.770022507454465099e+00
3.586984682076697961e+00
5.399465595237703752e+00
5.722290304585594178e+00
5.739893277573538732e+00
5.535076989614919896e+00
4.050570173503073690e+00
5.741867279519833112e+00
5.550163155175336094e+00
5.667351242486295959e+00
5.610267573920329376e+00
5.496512903659738214e+00
5.755762367426720871e+00
5.370944928032634458e+00
5.714455989627121646e+00
5.704956134356745423e+00
5.406388904891311853e+00
4.752267231010429249e+00
5.779240127851661413e+00
5.715509046930739245e+00
5.703502859923015755e+00
5.310428768056505433e+00
5.441632970599693309e+00
5.759961196130845451e+00
5.756062695480811620e+00
5.521050490965355273e+00
5.778192900821828459e+00
5.670264361640858120e+00
5.606302803389136002e+00
5.721403044100722646e+00
5.759911733160852698e+00
5.766743824040420741e+00
5.755409714833012558e+00
5.725038506103342861e+00
4.676351088367201925e+00
5.756437318863083519e+00
3.571058507113087366e+00
5.765783904628395184e+00
5.498188621038928581e+00
5.434955209731350934e+00
5.763484856324281758e+00
5.762706817411917370e+00
5.632110665385957837e+00
5.754194947350369738e+00
4.679596340097419649e+00
5.078599429355745265e+00
5.600274353595744437e+00
5.546859508806321948e+00
4.499482806869248286e+00
5.600876560961483897e+00
5.047684592350750066e+00
5.717127914004720424e+00
5.751790350376416505e+00
5.736530261879498660e+00
2.833544181701415532e+00
5.687845560142729795e+00
5.265929664977406333e+00
5.717604763173454785e+00
5.764192917628406576e+00
4.142791843181713674e+00
5.691431707327435419e+00
5.677221559572385168e+00
5.746976986165321932e+00
5.555620416763070502e+00
5.721021974105184427e+00
5.500212063953332731e+00
4.866270317757902752e+00
4.895049979615177627e+00
5.777261974665708344e+00
5.747615852671565939e+00
5.750317089166508744e+00
5.748816507598617065e+00
5.678049667146751744e+00
5.774107034504706526e+00
5.448236382109338471e+00
5.754825468955626633e+00
5.725817119050224058e+00
5.733178213846889193e+00
5.748783125353674528e+00
5.750064013945020314e+00
5.758388608965582911e+00
5.767356776231606474e+00
5.713978740601995732e+00
4.694704804576845802e+00
5.714385956961591795e+00
5.610829609254710526e+00
5.412878826733553694e+00
5.745721437769560680e+00
5.745025538316206770e+00
3.730274614496518648e+00
5.738953502549086316e+00
5.768112889156889800e+00
5.602767066861628287e+00
5.601246810903592888e+00
5.669930524953727513e+00
5.780680820035785317e+00
4.633050123046501767e+00
5.603334419684195211e+00
4.889276537990964400e+00
3.596763618115417671e+00
4.556691870979633130e+00
5.720779277002214336e+00
5.749602072749341986e+00
5.126958605502726307e+00
5.777537511905885381e+00
5.689201907216114407e+00
5.758197577156204616e+00
5.762775916601311721e+00
3.959266791685819520e+00
5.748640623212819101e+00
5.757374005747466050e+00
5.206536433285638310e+00
5.779849732663406847e+00
4.942648507995846430e+00
5.387630676806749008e+00
7.521173450160684171e-02
5.715968800406450612e+00
5.751520109581067075e+00
5.675367889848067726e+00
4.829807521446594976e+00
5.671733776429968898e+00
5.706250180452882681e+00
3.983280522496306819e+00
5.749685823452265865e+00
5.502160544566864431e+00
5.759459011251410132e+00
5.761498456713429306e+00
5.625574008189941466e+00
5.295381852813410894e+00
5.465743193497901053e+00
5.762127153907852239e+00
5.717352421282012820e+00
5.712103077195707534e+00
5.322386023652777354e+00
5.669153122071016071e+00
5.722973384054790280e+00
5.781798988800384009e+00
5.358753863903542580e+00
5.761170524310190721e+00
5.753647030123663519e+00
5.715950520311082528e+00
5.310428768056505433e+00
5.465743193497901053e+00
5.736470596477926343e+00
3.903768676920272629e+00
5.777300741930814887e+00
5.727040873623888473e+00
5.749149130925506945e+00
4.355324330166833846e+00
5.753154835418378354e+00
5.744143476968947226e+00
5.358973920738914209e+00
5.590314603765328627e+00
5.600973504098138100e+00
5.690585160254808983e+00
5.611320040691549771e+00
5.746470944755925458e+00
5.736949102584160798e+00
5.749530305676215036e+00
5.768556946466503632e+00
5.769299169891895396e+00
4.468821444943166910e+00
3.768055138016667360e+00
5.304080476158561375e+00
5.655004251975387142e+00
5.753350890164794507e+00
5.752421219964520382e+00
2.910475211819668395e+00
5.460321501287602075e+00
5.733708166211408219e+00
5.717015937447747831e+00
5.716202231791232435e+00
5.753476278934233967e+00
3.209033988532139059e+00
3.778644277582829059e+00
5.669102610120060781e+00
5.662399392720582902e+00
5.765481315769275028e+00
5.754276029035280793e+00
5.754713681552542148e+00
2.448228465673214949e+00
5.599912487359245183e+00
5.602328568234862693e+00
5.776300195625418965e+00
5.754081020661243606e+00
5.359957420372872150e+00
4.834551943317961786e+00
5.667227745998690835e+00
3.929280317908968367e+00
5.758480971749484922e+00
3.097160794770607017e-01
5.496512903659738214e+00
5.537301466853272736e+00
5.639807534083493223e+00
5.781970735517899307e+00
5.716155271042683061e+00
5.667610750312749524e+00
4.888393562168932505e+00
5.767901861504043382e+00
5.433035013661741353e+00
5.020860798378283363e+00
5.756806421557496556e+00
5.501534910354988206e+00
5.699918077629917867e+00
5.753003761463366672e+00
5.751097669860934403e+00
5.754226799919267776e+00
5.767479720174558011e+00
5.562999256278604143e+00
5.196323054936618391e+00
5.263203102913546871e+00
5.674136127009319353e+00
5.601096648511993514e+00
5.160466894027532447e+00
5.713978740601995732e+00
5.765158989571379067e+00
5.760684573169037925e+00
5.501716363691345535e+00
5.752311596895907542e+00
5.756044873648721527e+00
5.600134621591449147e+00
5.674594266382304575e+00
5.399465595237703752e+00
5.603312575471741219e+00
5.744595333859583874e+00
5.754661352305955546e+00
5.669102610120060781e+00
5.724723841397493906e+00
5.758084388893917271e+00
5.753953475091050151e+00
3.644387877406702003e+00
5.722550734704378250e+00
5.492121238836347175e+00
5.499849970260914489e+00
5.753923034891634813e+00
5.752911539489804937e+00
3.622211502093926505e+00
5.523526223075916342e+00
5.712547505484654842e+00
4.969033679289391436e+00
5.715501580336233900e+00
5.781100994526293668e+00
5.577713481087058334e+00
4.635818325288949104e+00
5.760503711795410986e+00
5.603750467032343252e+00
5.746603193077850946e+00
5.766743824040420741e+00
5.715532894422328702e+00
5.670346185095994862e+00
5.771559937108540872e+00
4.587524551055886413e+00
5.775709438074331459e+00
5.734839393499995275e+00
5.669019924412329381e+00
5.772011136911704199e+00
2.768560890820535914e+00
5.750157834553663250e+00
5.691421489305965586e+00
5.768975358903885464e+00
5.767356776231606474e+00
3.733750070734980664e+00
5.717116493544160072e+00
5.668113393960235946e+00
5.598881009245904927e+00
5.462925949083034638e+00
5.749285620873219038e+00
3.133065662240438254e+00
5.689184530766832282e+00
5.748080276671577948e+00
5.653678389536794135e+00
5.764275025343535752e+00
4.030829656530733551e+00
5.524344512266513796e+00
5.127181896231999936e+00
5.714443347374423610e+00
5.691482286786251343e+00
5.540638553935689714e+00
5.670007823362181121e+00
5.779156308977318801e+00
5.750631717045537883e+00
5.524560425460465218e+00
5.668859168661261272e+00
5.709400296025819443e+00
5.715412082481315714e+00
5.601649955166846162e+00
5.671298831833761156e+00
5.668486460699150520e+00
4.099287493141769545e+00
5.600932371598939419e+00
5.196143009785282985e+00
5.733752636423703919e+00
5.733594707220780684e+00
5.716225024157354895e+00
5.768252366909014661e+00
3.017292328473808016e+00
5.276558312706639775e+00
5.754552464819393975e+00
1.828642727554901648e-01
4.286894437447446471e+00
5.728881205830710144e+00
5.723418614724748998e+00
3.018358980791926882e+00
5.644682611637745318e+00
5.697712705574137892e+00
5.778665678015162399e+00
4.699335733660638503e+00
5.552845738118676877e+00
5.713913501741091139e+00
5.005068419861641082e+00
3.927533634588348033e+00
5.759045544017268092e+00
5.756387881190228484e+00
5.754940060582895534e+00
1.879843541894100911e-01
5.207657218280357547e+00
5.409086066761108036e+00
5.443290125860249518e+00
5.641835410849223464e+00
5.669095555629997563e+00
5.732400554033130646e+00
5.352977914208849164e+00
5.751584646071346008e+00
5.695023935369881940e+00
5.762932371340850679e+00
5.222213290845377109e+00
5.716741066173150365e+00
5.771034175703569247e+00
5.751158360487361065e+00
5.779503073180223716e+00
5.239147393344780745e+00
5.713994880490480988e+00
5.335644666600870778e+00
2.889465453240925435e-02
5.366971944244589565e+00
5.762200154568600574e+00
5.750425285697787992e+00
5.751754153103354028e+00
5.718040912772507589e+00
5.696933229716663938e+00
5.715651172658657408e+00
5.605639208150073216e+00
5.760873450823980058e+00
5.745339114813641679e+00
5.717352421282012820e+00
5.751306061325331065e+00
5.752148844075003709e+00
5.751538438530344521e+00
5.690844079358591046e+00
5.767104524182369296e+00
5.718143547081221634e+00
5.716140009976031777e+00
2.889465453240925435e-02
5.778591378802055978e+00
5.750879566245585828e+00
5.686798210361847516e+00
5.762619407359522938e+00
5.741572497353677917e+00
5.753350301528803890e+00
5.727899739706021620e+00
5.754438233833903737e+00
3.468278785326303737e+00
5.712487912006118940e+00
3.344238243172129810e+00
5.668202160665880562e+00
5.722480245220125106e+00
5.603334419684195211e+00
5.744299230221804997e+00
5.685000474535382153e+00
5.747246665224942319e+00
4.151977460906310036e+00
3.881964440272653416e+00
5.358328138118630513e+00
5.745868238815631912e+00
5.760328504516770032e+00
5.760640088228789146e+00
5.758740460719520726e+00
5.172343425900668201e+00
5.729751798631267157e+00
5.601291177842083968e+00
5.743657703945144632e+00
5.601374510598664536e+00
5.600301650524179387e+00
5.768695347311511235e+00
5.600987492888370056e+00
5.751485095641504230e+00
5.745128639924049097e+00
4.652658797174940020e+00
4.300202589237059669e+00
5.717604763173454785e+00
5.530298808108844000e+00
4.581310824875057364e+00
5.757094364466189162e+00
5.766747113652360035e+00
5.781295987817061111e+00
5.721242516904007758e+00
5.745184782197644502e+00
5.575887603318173014e+00
5.747865794390251359e+00
5.743470900795532685e+00
5.537131898340313718e+00
5.724190504514025335e+00
5.602663092764029962e+00
5.770960812171501253e+00
5.666970381888038588e+00
5.668058736895186023e+00
5.572008457928806280e+00
5.763293352793862567e+00
5.777753693965204107e+00
5.733428197306571938e+00
5.691765805383112387e+00
5.037879137798021212e+00
5.750618851757644201e+00
5.601825455658269171e+00
5.756921715364022418e+00
5.753910757666989007e+00
5.749001483216334307e+00
5.607061513471381708e+00
4.314223947576747875e+00
5.293336003251774002e+00
5.039099609342166275e+00
5.776242357407308070e+00
5.730568962766253271e+00
5.689784996135622386e+00
5.716012228508714266e+00
5.534622745606063710e+00
5.756273879858907705e+00
5.178405873787289337e+00
5.602022461631317007e+00
5.524560425460465218e+00
5.669837751260067726e+00
5.676847397997559774e+00
5.667915115747947929e+00
5.746996040647314175e+00
5.220328511820033768e+00
6.805940339236771219e-01
5.781978454978891513e+00
5.719879151751721125e+00
5.668013415175372494e+00
5.777932975796362669e+00
4.992595187370102217e+00
5.751993331127041920e+00
4.905572713329451773e+00
5.744140462066813058e+00
5.202873723580091259e+00
4.304167685177080038e+00
5.745937075195374888e+00
3.010983504651166154e+00
5.370592427156303472e+00
5.719314497330344693e+00
5.753647030123663519e+00
4.657495568366704752e+00
5.758480971749484922e+00
5.764028835437643217e+00
5.576811994649511384e+00
5.760699749806965642e+00
5.747303463441553184e+00
5.713572137939157081e+00
5.342781033435977989e+00
5.624123043397377231e+00
5.744602303194671578e+00
5.666659784637020358e+00
5.600849731248186636e+00
5.765105752218925517e+00
4.696807018500923192e+00
5.669591579066674214e+00
5.236175605995430082e+00
3.555201430932928286e+00
5.475648497951752347e+00
5.749257759835491477e+00
5.753476278934233967e+00
5.730587254754431648e+00
2.880941208653760910e+00
5.200327329153977551e+00
5.758516646202479272e+00
5.461500194389876661e+00
5.665396596637013893e+00
5.600970620214222429e+00
5.750163236668143441e+00
5.763681823293259399e+00
5.370320101549380887e+00
5.667334399426684044e+00
5.769106725519991485e+00
5.295407584696040892e+00
5.736093645958466603e+00
5.781896703373441859e+00
3.899029129175206609e+00
5.601366234775918329e+00
5.587359609945216299e+00
5.619938327299161429e+00
5.670394030331180169e+00
5.588859949506173486e+00
5.710346169986565634e+00
5.072498331258601389e+00
5.715927539782048150e+00
5.705986334981642649e+00
5.406388904891311853e+00
5.753328574489262159e+00
5.766909260980452423e+00
5.603721036604688344e+00
5.752868357022158818e+00
5.736062847725899694e+00
5.500318428397727999e+00
5.722550734704378250e+00
5.775843037342859532e+00
3.726517840540667592e+00
5.716573728203001359e+00
2.579217746545070522e+00
5.500165002461680608e+00
5.068936914086573431e+00
5.715060970747923186e+00
3.737994280998571117e+00
5.776248033536826476e+00
5.676655462403119579e+00
5.711903982894217968e+00
4.643946479130460325e+00
5.746473158166253370e+00
4.587524551055886413e+00
5.768643272701441838e+00
5.766584711828173226e+00
5.620413050915638031e+00
5.269514765750974661e+00
5.700797515345655597e+00
5.669130189435854561e+00
1.859584766239402498e+00
5.739608533182442685e+00
5.751166362168213197e+00
1.645892999407948309e+00
3.719709370891370881e+00
5.668177654404682464e+00
5.782300244238252951e+00
5.673502379229716119e+00
5.405168215144485977e+00
5.503004746949243575e+00
5.714425794574590434e+00
5.767171222528280516e+00
5.693325959552797855e+00
5.737236224270140461e+00
5.755863753774452363e+00
5.777210481911772000e+00
5.741724685095925373e+00
5.761853001904528426e+00
2.383670572956344547e+00
3.417428911149741566e+00
5.779267269604798862e+00
5.637446537166660221e+00
5.767809309764631465e+00
5.764192917628406576e+00
5.723490106890345430e+00
5.775131999380198611e-01
5.780213285610948937e+00
4.718098449688717722e+00
5.780924553704360314e+00
5.409086066761108036e+00
5.770800883664157332e+00
5.780203158037035216e+00
5.178405873787289337e+00
5.460378788356266888e+00
5.741085853519809490e+00
5.781454315852834647e+00
5.742978635979606672e+00
3.950547865970727379e+00
5.669716519796940801e+00
5.776704949577759152e+00
5.715320372960627004e+00
3.863976354581753370e+00
5.389674911022324544e+00
5.738655355688356607e+00
5.752667861038924357e+00
5.140739290653743687e+00
4.400315415460397617e+00
5.754017882468520639e+00
5.742547898920584259e+00
5.752486413069723525e+00
5.770083635716471093e+00
5.777621310888466866e+00
5.023091557651571115e+00
5.750574038371023988e+00
5.751395944867685905e+00
5.730422398651511706e+00
2.830192238712396335e+00
5.217854060957062501e+00
5.738680683412728634e+00
5.716069997618158816e+00
4.785732071310101254e+00
5.739406686688844239e+00
5.316279895831836022e+00
5.669052481633178431e+00
5.757420117243565727e+00
5.601580774025396892e+00
5.742627723758344516e+00
5.620268243316506762e+00
5.781116399840193765e+00
5.681746019672479164e+00
5.657939103874757514e+00
2.531718556636550321e+00
5.762146462529227797e+00
5.716530902801091329e+00
5.640193282488835003e+00
4.106362046340124472e+00
5.765670279477657090e+00
5.747669614179270248e+00
5.781548189906317248e+00
5.559772912739196826e+00
3.620424424905180683e+00
5.781896219963413408e+00
5.418345329072904448e+00
5.736256962690545969e+00
5.773302486501026287e+00
5.745300402459339040e+00
4.536214126596051166e+00
5.716183721056874667e+00
5.668104374852092064e+00
5.612444777810015495e+00
3.393546260896846967e+00
5.064417759153161391e+00
5.600394204673870391e+00
5.769136374311773174e+00
5.501181666591424602e+00
5.099169861618186417e+00
5.667832102912758074e+00
5.781454315852834647e+00
5.395635324427900059e+00
5.087699091308870436e+00
5.600086020636029005e+00
5.758065636153292033e+00
4.995062244463983170e+00
4.697953627783673980e+00
5.753859870459946180e+00
5.600524178018241095e+00
5.537785710973628817e+00
5.741955897635397932e+00
5.715337339887168966e+00
5.679844048225602293e+00
5.667928031075919471e+00
5.669353789483342787e+00
5.763293352793862567e+00
5.767027304079470618e+00
4.007583405669800314e+00
4.825546620055371605e+00
5.524560425460465218e+00
5.500464504728209469e+00
5.740649064862092921e+00
5.542651504012453323e+00
5.763122127456368204e+00
5.727608562626095079e+00
5.758113084959346040e+00
5.765017237141868200e+00
5.748787874127578412e+00
5.081410684996252591e+00
5.753498763215468159e+00
5.691765805383112387e+00
5.775286529033059502e+00
4.440449001419252362e+00
5.649605630383174315e+00
5.697432513965809520e+00
5.722550734704378250e+00
5.714341195562905540e+00
5.634890502474168450e+00
5.751774521546380470e+00
5.148419378229201371e+00
5.715919940185553827e+00
5.755202046133511828e+00
5.704928458813867564e+00
4.888393562168932505e+00
5.765123741934306878e+00
5.778181867421079865e+00
5.723156400861167725e+00
5.737498729529729502e+00
5.762915106990320169e+00
5.761853001904528426e+00
5.747870365384499358e+00
5.600604697506409657e+00
5.050171826733642177e+00
5.500350610920237138e+00
2.690296036286169645e+00
5.749942718095944372e+00
5.758024432431666284e+00
5.613190791824948178e+00
5.701644116376561655e+00
5.705322300248677259e+00
5.722009675920117111e+00
5.756694694898148335e+00
5.635139624330716579e+00
4.605479729247679899e+00
5.752015674157741287e+00
5.768173866636743696e+00
5.761928686372857378e+00
5.741550598422863416e+00
5.769562313308895796e+00
5.666849842319394703e+00
5.215412699564855536e+00
5.669940785440545916e+00
5.600093179095126494e+00
5.704027717538027176e+00
5.763958638940468227e+00
4.917441007616778492e+00
5.744414150150173981e+00
5.321285207620259250e+00
3.730274614496518648e+00
5.769782358693159807e+00
5.761091366740712871e+00
5.753512630673895067e+00
5.680170793136730012e+00
5.722550734704378250e+00
5.777664790207338363e+00
5.753580092890127951e+00
5.474520051285993283e+00
5.768417356891785808e+00
5.674577065573768841e+00
5.741876335467252623e+00
5.501590338796208179e+00
5.755574944765835532e+00
5.686221457354187159e+00
5.736482196970682068e+00
5.755965809932148680e+00
5.670330405929854045e+00
5.442626668138696111e+00
5.717971254885590326e+00
5.759289072352181904e+00
5.782137200997504500e+00
5.600843053943117766e+00
5.757450384533430388e+00
5.737626764645953337e+00
5.779811970021730971e+00
5.748182993993135703e+00
5.766319424672413874e+00
5.725392414260048746e+00
5.762929770893640224e+00
