1.123547660174832249e-02
4.765930410574055476e-02
3.154217088830595372e-01
1.441275175073979120e-02
1.393580802968525267e+00
2.890126503361239996e-01
3.113043106767108270e-01
3.425261806064514580e-01
4.523721706307811119e-01
8.263325226515019772e-02
9.170226103105530435e-02
8.514525048269906693e-02
1.147232406175726221e-01
3.506788909392126175e-01
4.339400804606573514e-01
1.823038598884472727e-01
3.489862135923176845e-01
1.053072678957948316e+00
1.098648265188099993e+00
3.692222009567818208e-01
1.290231038653781637e+00
2.815892592939365224e-01
1.083817786348472589e+00
5.918508643397869112e-02
7.530389880519758883e-01
6.437774037259529070e-02
1.322836383364126345e+00
3.918378451659822459e-01
5.961155553932254714e-01
5.522017290031628889e-01
3.173529500411133575e-01
3.441351173960804227e-02
1.139028048011043959e+00
1.981477227170959712e-02
9.046495715290144013e-02
1.098450571945616128e-01
2.034063224141037796e-01
5.668939280347178311e-01
1.201374476568533023e+00
4.619396553438879227e-01
1.293984995867589971e+00
7.047623975291912313e-01
1.364972512935165083e+00
7.408117743106230613e-01
3.091788147014795651e-01
1.332256409452818868e+00
2.568599196783148408e-01
5.188670851479706969e-02
2.767330535992902282e-02
2.549242930233269200e-01
6.484024777252276328e-01
1.086670567975804857e+00
1.315213810230281277e+00
5.106532392689603489e-02
1.220333401230859066e-01
1.396180479501331340e-01
1.072044124313174807e-01
1.020034070669659121e+00
4.357151087850044124e-01
9.304669891231509560e-02
4.604244538653214924e-01
2.586220482636781282e-01
9.539956396009517947e-01
9.020899383548340866e-01
3.759631331768519824e-01
5.897160972962120495e-02
5.768900032651275156e-02
1.013320340544591192e+00
1.688463988445710884e-01
1.540267740954799902e-01
5.239810014788609527e-01
1.294674616232086128e+00
1.380343618074249434e+00
4.678471813080832264e-01
1.292531555179533775e+00
7.203999997678394163e-01
6.429800351888786958e-02
4.512612555743087395e-01
2.955227072536300431e-02
1.116724659568334221e+00
8.130421520797844748e-01
9.698324318243565223e-01
6.250719364202060868e-01
1.224902074269317742e+00
3.383261388466940467e-01
2.898349456010314573e-01
6.155798588924711601e-02
1.824602926086199006e-01
6.569234782825116303e-01
5.141190365559541314e-02
1.396971570173440647e+00
1.526398312572767035e-01
3.386030062371058746e-01
1.027957420793902399e-01
1.351151969310828704e+00
1.325476619866132300e+00
3.710312959155900869e-01
8.548266983217950310e-01
7.770679948196355102e-01
1.368049593849851808e+00
4.356959515775620240e-01
1.107364279101935356e+00
2.990772282038340890e-01
5.918508643397869112e-02
9.241366626213909363e-02
1.168309240729963235e-02
4.886570549217228443e-01
6.501438295211932061e-01
2.495976398671720942e-01
3.775571201584200232e-01
8.571574905079241136e-01
5.261437219355044048e-01
2.002955318679735808e-01
8.132264676334927112e-01
1.057213673037180834e+00
5.692726784205318635e-01
3.279495157153747842e-01
1.198442577366176098e-01
3.005895525062809437e-01
1.116724659568334221e+00
2.632878495681635900e-01
5.353449618045102998e-02
8.965461258064251204e-01
2.617772099333077682e-02
6.825063882909542246e-01
1.479633414907012279e-01
7.655894867667687453e-01
2.608098044133994042e-01
1.306131748391294201e+00
1.178465400884436187e+00
1.385656335780259152e+00
1.386859222694647106e-02
2.633156141810204243e-02
1.306790275289277103e-01
1.359794235396122597e-01
8.094393043348279138e-01
3.459457622434709556e-01
4.053740973851185231e-02
5.469740978580971413e-01
8.333663057532550988e-01
3.957418706992345964e-02
6.111000779906990976e-01
1.070104502023388748e-01
1.379600863061968274e+00
3.312515684048289999e-01
8.068972232859267235e-01
9.583293416921918884e-02
5.504816709143912912e-02
1.577549573811022343e-01
6.446193472066631402e-01
2.393038757118641502e-01
1.815561693005480481e-01
1.274547216999744936e+00
6.250719364202060868e-01
1.466883578157438806e-01
1.075240090036589269e+00
1.191114117004387518e+00
3.593419622072613340e-02
1.194903240572383174e+00
1.371380006596517875e-01
9.320451834915524647e-02
1.529789737403279282e-01
9.144962068395185995e-01
6.230907449265629117e-01
6.949286449572309454e-01
5.006388452154588720e-01
2.070419941390964913e-01
6.839504491009572307e-02
2.842256924610200297e-01
3.619783424532848626e-01
1.077244842584816009e+00
1.230471530498454535e-01
6.311151115184511495e-02
3.980692958270674597e-01
3.865658742386111069e-01
7.113262284535377677e-01
1.049471842329131599e+00
1.240850646862617257e+00
1.205319894191859698e+00
1.067501569271983364e+00
2.535227161052897027e-01
8.639442521364235628e-01
6.177245631854348940e-01
1.055926470139422424e+00
5.971194190871190743e-01
2.707202308178996430e-01
2.837307473263330770e-01
1.034623563783530625e-01
4.060105087578162048e-02
1.287893694601522920e-01
3.439868743004263069e-02
4.970687924085736564e-01
3.333242373880228593e-01
6.959975855403735534e-02
9.686795054898497126e-01
5.681675719039277345e-02
6.882017759532164103e-01
6.501438295211932061e-01
1.585213523673907263e-02
1.136714082356038880e+00
7.599581142668152545e-01
3.941443800722981838e-01
1.825439998810353959e-01
2.895386129350566162e-01
9.013051076974765152e-02
1.317766280525505262e-01
4.274193170182073453e-01
5.820305995520860254e-01
1.386964442960133825e-01
1.340388563294757418e+00
8.571574905079241136e-01
1.346182889179394326e+00
6.013600864202470753e-01
3.318302014188174720e-01
2.236185130885954275e-01
8.207466307956969853e-01
4.439238148113429649e-01
1.693422892135043045e-01
1.214669791212902999e-01
1.239389210987229539e-01
2.184566371032685417e-01
1.294674616232086128e+00
5.306987617726897921e-02
1.390870389116255934e+00
5.772278391961710442e-02
1.804571036739041068e-01
5.431530725992842479e-01
4.965190523532527767e-01
3.674732677656022406e-01
6.636849138010220139e-02
8.777411875148319886e-01
1.874099999697251273e-01
1.079711577763147468e-01
3.523208609807758629e-01
1.332256409452818868e+00
3.534838371599278301e-02
6.291825699056404764e-01
1.151296414754986897e+00
1.285764648106447083e+00
7.304870327040103861e-01
6.471970622606357804e-01
5.508296657533591212e-01
1.366801443286412399e+00
6.119109102369972575e-02
1.184493890653723902e+00
3.984645399970750956e-01
8.323328835337158171e-01
9.206888917200777012e-03
1.385048325564170735e-01
1.092567226757387849e-01
1.167504072318215069e+00
2.122384600676335276e-01
4.751369854038672291e-01
1.140045782540180852e+00
1.875674862654774788e-01
8.229852497641580999e-01
3.223689815002014347e-01
2.522115037525250736e-02
2.716638232064196856e-01
3.897458600254257166e-01
5.154579405168672329e-02
5.296131816022885408e-01
6.606424039448125507e-01
8.548021887004905173e-01
6.471970622606357804e-01
1.152867020184487279e+00
1.548194540282863130e-01
6.038776267274973408e-01
3.493208968982615681e-01
6.819308650132964722e-01
5.351831100414555786e-01
1.613586128910798057e-01
3.419121351425415956e-01
2.133512655180647838e-02
8.250265920214340243e-01
1.204314726135967580e-02
1.206870900536869129e-01
5.639262684811483517e-01
1.280274545184326429e-01
7.645813637450207256e-01
2.920674932449627836e-01
5.812773241615273173e-02
1.962032427841267981e-02
1.219084564900943191e+00
2.831675056121686629e-02
3.459457622434709556e-01
1.778964714436184202e-01
5.227489755633829560e-01
3.727097986581551781e-01
5.851227665206830408e-02
1.050350299229996009e+00
2.716638232064196856e-01
3.024475726739003223e-01
3.343239255613031369e-01
1.057213673037180834e+00
7.910041545901777549e-02
6.184425861872783203e-01
2.008978957176651703e-01
4.638057549915150513e-01
3.225707176543526900e-01
1.764106563325029131e-01
4.410294225060419626e-02
6.751114996553919667e-02
1.824602926086199006e-01
1.159302507201195320e-01
9.068901138969381881e-01
4.283432163000986531e-02
7.719823642295173816e-01
4.635064593790713672e-02
1.724128298352159694e-01
9.864104265858848752e-02
1.280185188469050717e+00
4.867811284668946414e-02
7.408117743106230613e-01
4.849653711153278923e-02
4.440294720847467458e-01
1.964296916680124683e-01
5.345920567689159686e-01
1.129466063959592113e-02
7.179208850783802554e-02
4.694963482169495772e-01
1.036402046918270647e+00
7.472995705693386004e-01
3.340399337007267100e-01
5.877002300272370777e-02
7.614505381221306490e-02
9.089701327543170048e-03
3.449629732966168483e-01
2.783009352729425845e-01
2.246967710565536680e-02
5.101759867138189186e-01
6.208450479948569578e-01
3.263420850822655872e-01
1.652599235017536417e-01
5.041546692989090639e-01
4.662884404588704124e-01
5.145474596052203031e-01
2.979149247886732077e-01
1.101503500067406049e+00
1.064652006377057175e-01
1.075775746143507794e+00
2.339097034681713871e-01
1.078862194088566984e+00
3.516421026859494620e-02
1.351932033506330344e-01
2.959595616345665481e-01
1.386426332417848573e-01
2.287433263031317110e-01
1.278493151591233445e-01
3.211093110805363776e-02
1.387986905526867321e-01
1.762601300808215032e-01
6.949662889642936880e-01
1.165550248232034569e+00
9.832132896571023073e-01
6.268166595581899925e-01
1.712055837148933057e-01
5.730578115494625729e-02
1.450322162816193028e-01
1.036740705951302716e-01
6.638591829407667344e-01
1.009119248851714223e+00
1.264288635015773932e-01
1.490612731149964232e-01
3.823995250176375205e-01
2.030998497515287826e-01
1.017755657395980284e+00
2.373183990431021739e-01
1.768272941074963134e-01
6.291076031220388387e-01
5.090867573218407771e-02
2.139629802971723671e-02
9.910542366941733905e-02
3.568857782644885984e-02
6.281524338484234526e-01
1.410042012408359025e-01
8.967747910644401355e-01
2.835361204406169899e-01
1.991618094700431940e-01
1.322776799044428131e+00
2.875602264324406132e-01
1.372200286146437964e+00
1.911559101806543925e-01
1.170138685367182241e+00
8.218379220946061547e-01
9.686795054898497126e-01
1.558007608148440915e-01
1.250615770511947167e+00
5.985381595553808109e-01
2.064961004657996368e-01
6.606424039448125507e-01
1.125599394665386388e+00
2.655463493944822395e-01
2.474330836631493113e-01
1.116719347391813333e+00
6.164553184240185724e-01
1.594789556397524857e-02
3.940425828758061799e-01
3.293973410359484766e-01
1.101503500067406049e+00
1.799948631899875306e-02
5.806137277135321462e-01
5.691490942376334350e-02
3.619174745974054197e-01
1.230519769162095739e-01
6.712743252962746210e-01
3.263420850822655872e-01
2.585943925007712363e-02
5.749981425086291009e-02
3.917598994183393302e-01
6.411191142480320293e-01
1.063409159744606036e+00
8.033602072114918169e-01
2.146200604499599318e-01
9.497237313053251417e-02
2.280464957280096405e-01
2.460514131246667180e-01
7.319081894771184427e-01
6.869320641146919870e-01
1.308980773534844655e-01
5.366115255447844179e-01
1.686929937591017878e-02
4.352292210255665622e-02
6.739213549194339459e-01
2.516386658705047075e-01
1.353127723949703598e-01
5.938663656632456878e-01
1.740778292034434460e-01
5.628851443805209520e-01
4.513191944542570277e-02
1.691260247195830457e-01
1.641643431046000690e-01
2.380133449556236236e-01
9.555447730144376317e-01
1.123608916447229378e+00
2.565271536908921290e-01
1.941522138399081054e-01
1.010431465224659542e+00
2.033069685584770747e-01
5.192433746692316499e-01
7.627537087097321922e-02
1.219547680448982208e+00
5.793763544456491388e-02
4.298140557498204561e-01
9.686795054898497126e-01
4.711270137409079989e-02
2.113695768630339394e-02
3.021724137816171329e-01
4.376311389334295310e-01
7.304870327040103861e-01
2.841847505344536340e-01
3.488745486502659587e-01
1.168018643561026471e+00
1.246114448082574544e+00
2.833871711750043376e-01
3.870838236392639686e-01
1.011008892810201010e+00
1.322680052350499125e+00
6.380263129444905257e-01
6.850691311975584119e-01
2.154829923535082903e-01
9.118587081090147317e-02
1.435780495843551330e-02
6.471970622606357804e-01
2.820775987872427004e-01
5.542654209603007365e-01
3.754564495323660100e-01
5.440151839295736397e-02
4.561088153355580266e-02
6.315818313486796232e-01
7.392368824993491572e-01
8.990294022307429023e-01
4.415395092442286895e-02
8.655643778308594882e-01
3.220577085627339131e-01
1.365516363829655022e+00
4.648568810568672327e-01
7.012753866528720348e-02
9.363395472203180914e-01
1.008872262035509948e+00
3.178610648198581523e-01
1.416297084625480762e-01
6.137473908771105824e-02
2.779438466522650072e-02
1.260338061960825096e-01
4.913854504637716336e-01
5.304564853408888503e-01
6.261171637944469293e-01
1.966229455524757808e-01
8.758822951999817308e-02
1.084031741324566145e+00
1.449563898011373142e-01
1.290069731503904783e-02
1.028570410626115095e+00
1.380322209346959150e+00
1.211597673405013564e+00
2.113695768630339394e-02
4.560177960779474016e-01
1.167894980314847508e+00
5.446474898600397463e-01
3.161956474251213789e-02
1.025456457636556129e+00
1.134025506653328019e+00
7.973217420691902646e-03
2.694729609946121540e-01
1.094478959969342080e+00
4.607734214969624875e-01
1.273729655376019398e-01
4.615010992004767720e-01
3.493031668506111909e-01
6.923772500085773052e-01
8.911837963564811504e-02
7.859701225239319466e-01
4.167921388734531496e-02
8.990359758042172356e-01
2.388283368339673141e-01
4.675891652550222266e-02
1.237105728181123521e+00
7.996821174864701676e-02
1.009763702237088667e+00
1.197297370910191117e-01
8.749440860387167618e-01
1.492102231299479165e-01
4.543150713899624105e-01
1.658046591986149232e-01
2.950901260181575392e-01
6.655975301335096406e-01
9.514181171424727912e-02
1.275462064754859126e+00
3.327463370362399725e-02
1.153617211395148612e+00
2.920674932449627836e-01
3.782166867247523101e-02
6.250719364202060868e-01
2.070066667134524141e-01
7.948723380845554853e-01
3.069431262228975235e-02
3.750341496508503153e-02
7.340709680802847137e-01
1.121638760213526653e-01
1.042353063644088917e-01
7.831844409287490594e-01
1.118845287072574912e+00
7.914559831865755068e-01
1.010049583827500097e+00
2.815804535520682883e-01
4.671507910699780330e-01
3.862611546772908300e-01
1.792624791771474380e-02
7.989666389450083006e-01
4.184871061273805898e-02
3.665431589994074257e-01
4.681221578439487274e-02
1.034888462541837750e+00
4.351975723015441555e-02
6.499777744623595754e-02
1.601363468662360401e-01
3.080390747826017989e-02
1.112931270071265466e+00
1.172732208818986877e+00
6.921549908285793418e-01
8.761033298662912472e-02
2.234040108447823691e-01
1.399107938180203792e-01
2.418847911685043095e-01
8.294624028978887509e-01
6.054175222423525682e-01
4.458754082580496797e-02
9.281541388848385532e-02
3.968634850729611530e-01
7.998781335551101712e-01
1.048645749824578949e-01
1.911559101806543925e-01
1.892878622684916468e-01
4.625197678659662137e-01
1.995769950215176558e-01
7.704154499031916625e-01
2.566061502526512800e-02
3.489862135923176845e-01
3.968634850729611530e-01
6.883450001997937218e-01
3.664340427106564935e-01
4.928813580223360691e-01
1.031967403947055412e-01
2.339489220759124188e-01
6.908529237959224467e-01
2.406715266790309671e-01
3.225707176543526900e-01
1.957498875632764646e-01
6.947933080825344221e-02
2.105427490407820179e-01
1.012396793534885847e-01
5.271248445023763995e-01
5.941648909972711834e-02
2.762847018410162780e-01
7.799058476208917678e-01
5.918508643397869112e-02
2.047580098273301188e-02
5.415526837130446580e-01
5.785329104508444287e-01
2.574187909492731685e-01
9.875700558328226464e-02
9.604854020337709741e-01
1.067333194278566655e+00
8.860175930944851064e-02
2.150492362595109869e-02
1.254103947223975113e-01
3.690761187914563535e-01
8.720959268895077665e-01
5.895779755937213817e-01
1.621075690207544190e-02
7.464352465533974357e-01
1.326292023796661779e+00
4.609437128108465065e-02
1.606190278606240140e-01
8.456355534616102343e-01
1.892501367505075929e-02
1.057213673037180834e+00
4.932761632419710440e-01
2.835361204406169899e-01
1.272950876975900147e-01
8.996063833248707509e-02
4.410294225060419626e-02
3.619174745974054197e-01
4.326166260784385376e-01
1.198307954270788400e+00
2.109226011036125503e-01
1.306131748391294201e+00
2.607771465999770832e-01
5.117526946863094617e-01
1.219547680448982208e+00
5.413014300460224082e-02
6.471970622606357804e-01
8.655643778308594882e-01
3.870838236392639686e-01
2.304001641228237696e-01
1.241817913098784976e-01
7.185822401415213612e-02
4.424775042004746584e-01
5.704747221260791923e-01
1.013445257681007794e+00
6.992972043403807014e-02
1.202145791380641038e+00
9.071921080184175423e-01
4.265455007210719462e-01
5.187974741463772244e-01
8.207466307956969853e-01
5.193001850277997877e-02
1.112561583908874552e-01
2.365772865120503998e-01
4.134460091086425981e-01
1.220397757714260789e-01
5.327895613075399606e-01
2.568812724087148891e-01
2.064961004657996368e-01
8.697739663137815658e-01
4.197577108105942506e-02
5.018758813398744856e-01
5.439625902933390433e-01
1.488244046731842032e-02
5.366115255447844179e-01
9.864104265858848752e-02
1.736936991862819968e-01
3.421338719621410535e-02
5.306554057367375288e-01
9.686795054898497126e-01
3.263420850822655872e-01
8.594957950437179250e-02
3.718501564348142829e-01
6.569013660069181748e-01
2.209346171625115041e-02
1.010431465224659542e+00
7.640884324128248417e-02
5.515736265725937892e-01
9.682972975050211373e-01
6.801831213208242577e-01
1.165550248232034569e+00
7.698924968280109749e-01
1.118917260338316622e+00
2.273547161772739023e-01
1.048133507786510182e-01
1.082805658051832154e+00
6.162831407941854467e-01
3.604196974239268769e-01
3.632934950935130802e-02
6.273565669247207488e-01
5.196046785806441859e-01
3.230675518296598214e-02
1.386944016694018122e+00
1.172827417226773639e+00
8.746086945818630776e-01
4.262209327334019054e-02
5.084316655538737573e-01
1.990472694137080667e-01
3.338651232964553461e-01
1.609621157245545997e-01
2.010466953524917000e-01
6.894559489589433543e-01
6.704149788055059622e-02
7.602307225275244384e-01
6.471970622606357804e-01
1.032688610885102776e+00
8.915673510757942122e-01
1.466883578157438806e-01
2.494775337972558460e-01
1.057213673037180834e+00
4.845254056961749711e-01
1.357197667769027838e+00
4.918399305270484967e-01
2.540574746008654808e-02
1.810748433893580589e-01
5.169479091505220225e-01
1.249003696635643923e+00
1.139982739202703099e+00
1.413291254352264277e-02
9.277407694338105082e-02
1.017035177159591131e+00
4.251617649656696390e-02
1.112561583908874552e-01
3.434319239935613999e-02
2.875602264324406132e-01
5.624455272765909175e-01
5.261110713916614667e-01
5.024184000595036670e-01
3.554073601094086265e-02
5.585073196522959416e-01
6.728490857794847679e-01
2.487496302347151078e-01
4.750707508117292255e-01
1.376403386457682523e-02
7.423930677449108728e-02
2.920674932449627836e-01
2.934155777589478875e-01
5.236997812375299155e-01
6.282242183992678419e-02
2.380133449556236236e-01
1.702518145483186973e-01
1.235968209315580907e-01
3.562861416004745735e-02
3.419331837940887131e-01
1.083914236101478412e+00
1.301877568376329730e+00
4.575181118699880867e-02
2.599446339255869765e-01
3.870838236392639686e-01
7.632280955531252353e-02
5.579023220957651796e-02
1.257850873801561187e-01
6.569374300750617790e-01
1.362105245756333183e+00
6.902242101718916722e-02
6.801766065612017964e-02
1.280143462681916366e-01
2.576395410942526332e-01
1.370104232586240256e+00
1.317395304339762097e-02
8.281960531977297646e-02
1.089284029183857028e+00
1.218338968325916705e+00
1.293034361010535760e-01
1.582138649957458010e-01
6.250719364202060868e-01
1.499777814681028110e-01
5.079126613829301196e-01
1.016898117160923931e+00
4.757752067663461037e-01
2.833871711750043376e-01
1.401785377111076869e+00
9.388968647575556270e-01
5.171379229543489331e-02
1.079019000951593865e+00
9.418861256740063137e-02
2.513300445681161954e-01
1.027957420793902399e-01
1.744150809343486264e-01
2.070066667134524141e-01
8.250265920214340243e-01
1.104068283036101494e+00
4.211853098675321649e-01
1.336937093741866756e+00
3.923507083893509884e-01
1.738780480296431841e-01
9.163456191983937460e-01
1.039927540815223317e+00
8.817264503614561377e-01
1.939048299847943024e-01
3.052699162255677057e-01
2.825424924224583245e-01
5.949506116936494893e-01
1.122628715206819006e-01
2.634474381967371603e-01
2.389908235827701011e-01
2.380529788334080285e-02
3.394781029754740942e-01
3.155639724317461092e-01
3.808553769918460175e-01
4.195271707258001193e-02
5.001589199613688530e-01
3.738236600725430847e-02
4.738939642102003025e-01
3.549024586890609650e-02
6.471970622606357804e-01
1.373040896631951613e+00
1.991092899118749038e-01
1.192490673658549438e-01
1.037428542988204416e+00
2.062097340510780918e-01
3.829137713086385592e-02
2.379165500776297265e-02
2.707202308178996430e-01
2.965760210505396510e-01
2.754966067601871127e-01
9.789956155776898816e-01
1.019593216906661493e+00
8.168003915222864508e-01
1.386426332417848573e-01
4.700913009200283210e-02
1.356762146562155325e+00
1.162945888147310036e+00
5.729242627503450258e-01
2.347944808370446279e-01
5.296131816022885408e-01
2.334146494500317914e-01
4.774740238190217090e-02
1.833768665077936399e-01
3.789616838958671102e-02
1.009638220216197535e+00
6.697458983006540079e-01
1.202145791380641038e+00
1.189773858645258642e+00
9.152313332298998017e-01
3.169816287019554257e-02
7.117483962651793838e-01
3.832489825971381325e-01
1.238273492643557905e+00
7.442440712187557983e-01
1.564414145277039925e-01
3.689195818181378872e-02
5.298084352580291201e-01
6.983184500472673362e-01
3.169764537206318789e-01
3.915873807586898181e-01
8.672039632334758996e-02
1.686963794494127089e-01
7.139223038536485211e-01
4.678471813080832264e-01
6.250719364202060868e-01
1.018613922939922922e+00
1.633745014480522673e-01
2.898349456010314573e-01
4.541035058096026256e-01
1.292408558537488705e+00
4.142121560977520267e-01
7.884596619188499744e-02
6.390206038676067568e-02
1.012483320647230123e+00
3.378406061798137627e-01
6.042277001449346541e-01
1.870889094932169650e-01
4.078440367811065892e-01
1.286145928340408640e-01
3.561682482160071772e-01
5.825177855332835941e-02
1.068590343913035784e-01
6.250719364202060868e-01
9.500243643721685560e-02
1.246684705221348333e+00
2.833871711750043376e-01
4.809075673621306946e-01
1.853242662372929506e-01
3.561263551917227543e-01
9.406761380863309929e-02
3.834957973543501319e-01
7.617797216433398466e-01
4.553470603450525400e-02
2.368206295798086503e-01
1.577421805573296087e-01
6.727083648824197515e-02
1.006258532118694982e+00
1.014939528340080388e+00
6.095521682803871633e-01
3.323108348158987368e-01
8.211942324549545980e-01
1.225507318933916068e+00
3.838616721897186168e-01
1.761535183065541799e-01
3.681428952994934001e-01
6.830262686464234623e-01
3.143777544472315527e-02
3.703810530935264245e-01
6.286983111834328064e-02
7.472995705693386004e-01
9.686795054898497126e-01
4.940662915484924159e-03
1.042402531837620383e-01
5.578451018212763485e-02
3.750341496508503153e-02
4.439238148113429649e-01
8.105040206546620940e-01
6.533752247914126343e-01
3.475765404424862454e-02
3.751131982561863309e-01
3.113472004726861378e-02
2.554461735289993429e-01
1.097776699886657825e-01
4.539444853954126002e-01
1.176459937353586005e+00
3.275249847421538019e-01
7.659215771255462046e-01
2.081677298524258479e-01
1.236521369802774661e-02
5.659989059312217075e-01
2.634602843166530817e-02
6.389747926628773778e-01
2.460504472338171933e-01
3.677936526530009020e-01
3.285930047779087038e-02
1.241669830578476796e-01
4.972802028991426537e-01
1.729157444677862157e-02
5.436174807767816253e-01
2.743645104974089532e-01
3.057081970402833471e-01
2.868875946435666194e-02
8.317664257284241858e-01
1.972688897532431929e-01
2.559636464416166213e-01
1.041674177609919649e+00
1.399107938180203792e-01
1.168274871473768295e+00
9.012584548587311284e-01
1.385656335780259152e+00
1.135045705803112981e-02
3.948242727014267262e-01
5.247152620886806895e-01
2.295753493984026006e-01
5.102935137677758366e-03
8.031277608645687183e-02
1.391484361107411249e+00
2.018450104886150842e-01
2.973290037685930587e-01
1.064468826994439343e+00
1.086669786977775276e-01
1.011449842575370184e+00
6.007303176236011844e-02
2.777649709084518137e-01
2.849361510335313152e-02
8.253850765131253153e-01
9.068051201650464410e-01
1.148564598744612919e+00
2.172262810008039613e-01
7.908239327641006233e-02
7.214000308410993823e-01
1.086670567975804857e+00
1.084745592621572552e+00
6.518335899257843291e-02
1.269230786956036416e+00
4.466756225970640592e-01
4.122238621450523971e-02
5.593307604230894625e-02
7.565004109897234541e-02
5.624172555278179608e-01
7.818592456604909202e-01
4.990800119193961742e-02
6.192827928412968364e-01
2.491419109708074564e-01
1.212563824525977330e+00
5.961155553932254714e-01
3.797118156825282087e-01
7.814677094356850540e-02
6.966540946649206756e-01
2.157657292527632165e-01
3.962189247996346642e-01
5.272174032148545519e-01
1.068364409089426065e-01
1.162871162311889250e+00
2.273097002206639350e-01
6.548682669766423547e-01
1.397848723156484896e+00
2.837829136926639517e-01
5.796183810643937284e-02
1.020443059713846967e-01
5.079373130803425118e-01
2.341075279651302909e-01
3.231827309184815422e-01
1.238204904948372542e+00
1.012344298898843142e+00
5.038734081564615053e-02
6.939303966515808497e-01
1.712055837148933057e-01
4.490848791684631247e-01
7.408117743106230613e-01
4.190832576565114986e-01
1.143619153648220560e-01
9.630131146354931060e-02
9.135906162548484977e-01
9.496369634652819178e-03
6.891768442672948636e-01
9.871679567341103134e-02
2.608098044133994042e-01
