8.594662230778537193e+00
8.089615626146601457e+00
5.739739196012968669e+00
8.585865775143851408e+00
6.655055061520215531e+00
6.329949536718887160e+00
5.690731508153765716e+00
5.782878381626094466e+00
6.194598942018375354e+00
5.747053718475059192e+00
8.653141813994537301e+00
8.195400613985746929e+00
8.611848832389251029e+00
5.451601180331149266e+00
8.595453508145496357e+00
5.776507571319509537e+00
5.965578544555596885e+00
5.776800303111950363e+00
5.600158549842157996e+00
5.915034688755463677e+00
5.808904673605464808e+00
6.678644406035868286e+00
7.312378919273712086e+00
6.232426012125208636e+00
6.260125138184638338e+00
8.673679548260006200e+00
6.809689068288371061e+00
6.340877074981650985e+00
7.298033458752337665e+00
5.824375343766846846e+00
5.823470280543705968e+00
8.365401421100669310e+00
7.595849866660849159e+00
6.376903757418198815e+00
5.846620180431802538e+00
6.859068705218308359e+00
8.543013315410135533e+00
5.844396088234911524e+00
8.404896087589474263e+00
6.023986402397452977e+00
5.820546945319463816e+00
5.919365622189340925e-01
8.638948711124989188e+00
5.877765896487039399e+00
7.795203132629124454e+00
6.889869864366028551e+00
7.356361136279774726e+00
8.495352628477569112e+00
6.536677154066565798e+00
6.485145479224386555e+00
6.503128680463955646e+00
4.010654958367437573e+00
6.613442269377397764e+00
5.832033152237488416e+00
5.798482983174046090e+00
5.549457670515090868e+00
8.554024373568967832e+00
7.204884343000665048e+00
8.263872878780581743e+00
5.760207035506771156e+00
7.908427183003478689e+00
8.635550203588868712e+00
6.026659843944331740e+00
8.641854124483327126e+00
6.032720065682252830e+00
6.134436236692061506e+00
5.799180873001221315e+00
5.768837151955358067e+00
5.716375166896575877e+00
8.045072874697988041e+00
5.772248974921550868e+00
8.564665552443795349e+00
5.745392963069188674e+00
6.428436211916076282e+00
6.937164577638127660e+00
5.785888636879374936e+00
5.986021196125981270e+00
8.336903446498574510e+00
5.694247398909968894e+00
6.084808566118572237e+00
8.278169489121724567e+00
5.885169739094274988e+00
7.869484510904283248e+00
6.046364022320795506e+00
6.655055061520215531e+00
7.267061865839314017e+00
5.668238986111831856e+00
5.723396438246482809e+00
5.779257498186914255e+00
8.655263881436662032e+00
5.755850861294917742e+00
5.960846245834424906e+00
6.036757531884497929e+00
8.204223218628431624e+00
8.578170898500335539e+00
5.667873616125188363e+00
7.069774861545961464e+00
5.762766173217420018e+00
7.291986571830477715e+00
5.946534131729572792e+00
5.846403619444757283e+00
5.980085309915783576e+00
5.900115201105245788e+00
8.665240254337474468e+00
5.759771162493584562e+00
5.602653132152563664e+00
5.874850045276799548e+00
8.074671585322617418e+00
7.557454537788307114e+00
5.883937754598668413e+00
6.820194826242766517e+00
6.110182439542795052e+00
8.350391784590231126e+00
5.799834211193548583e+00
6.441045430730313548e+00
7.924544577173311843e+00
6.013853742619551745e+00
6.239124266751807646e+00
8.434912983389079244e+00
5.894821700547130838e+00
5.761396045565808421e+00
7.154294718618508853e+00
7.051629946490898249e+00
8.485646203631347362e+00
5.755148911572291581e+00
6.521031498000655624e+00
6.305481280541661349e+00
8.605675009274435183e+00
5.769386621688743055e+00
5.788699044369998603e+00
5.883541747992507176e+00
5.853537383957211127e+00
5.764484376079441752e+00
6.056496950718896599e+00
6.825162652781863848e+00
6.246241895244628139e+00
8.405541715278083359e+00
5.852663356745793521e+00
6.962618671787730307e+00
6.546412933201747997e+00
8.595777692149875193e+00
3.539743581082823276e+00
8.490290697631023065e+00
7.965017503838021540e+00
5.671774126015903583e+00
8.363747860958987701e+00
5.707116097286231593e+00
5.777163415977253358e+00
8.767549678731212381e+00
5.753767254627254246e+00
6.055368598780381362e+00
5.935865535559707418e+00
5.868358124079959381e+00
5.836706598018892578e+00
5.806104493260836108e+00
8.393092370696145110e+00
5.762937784416883424e+00
7.693443337243858871e+00
5.717659896927306917e+00
8.279098389185502782e+00
8.058977314417186122e+00
8.584982973359140956e+00
4.681138422745657834e+00
5.758865934698487621e+00
8.343797991966004801e+00
5.928234110627493614e+00
8.674133520646492457e+00
8.515491705713209569e+00
5.694247398909968894e+00
5.782871794573635427e+00
6.242986262129141650e+00
5.812813937024940536e+00
5.866422668131697549e+00
6.484769789075943258e+00
5.727431024306039120e+00
6.182338743740472431e+00
5.892516726556424445e+00
8.036507045308415087e+00
7.280887469677791657e+00
6.536677154066565798e+00
5.500349749849140935e+00
6.405483166003614670e+00
8.603614216854982288e+00
8.432180064229878980e+00
5.978800717614007887e+00
5.873613881168802564e+00
7.999786946210388550e+00
8.649370525629608508e+00
8.395352202164215072e+00
8.555603013060871120e+00
5.760306336403919758e+00
7.520824765763858721e+00
8.765852846253972430e+00
5.781311699511201496e+00
8.412038352013741616e+00
5.760525405472746385e+00
5.780757449045863972e+00
5.763278214100790997e+00
8.565124387848509713e+00
5.859377593370905579e+00
7.195807314773771779e+00
1.958651389858245384e+00
8.405862428311092316e+00
5.819295966053659619e+00
7.123431338632982168e+00
8.557998291104679467e+00
6.713116895147448027e+00
7.751960481727498298e+00
5.760569911652443587e+00
6.639620440780388932e+00
5.667673835193850707e+00
6.345834669439761377e+00
5.735205090040381037e+00
6.703201603570308365e+00
6.684114516406902240e+00
8.589592517795040294e+00
8.269353040710289093e+00
5.950144348400664640e+00
8.556705531132783094e+00
6.402073637894578617e+00
6.111026617434583308e+00
3.709465178285210385e+00
7.976086248543905022e+00
6.633671926501421900e+00
5.950927891085870058e+00
5.779012611487122086e+00
5.839101692147477429e+00
5.810645357356456486e+00
8.571607429509123577e+00
6.543262600719558897e+00
8.619979119767187115e+00
5.751636048121625322e+00
6.471711013134918034e+00
5.753274112379941130e+00
5.713845033380653859e+00
4.454398571336066759e+00
6.281899164906035615e+00
7.959138731630051922e+00
5.807710599087183567e+00
5.764085690377888760e+00
8.547350668590775413e+00
8.683464904221331437e+00
6.911014083511339834e+00
6.063728429455868429e+00
5.798225171752069862e+00
5.873613881168802564e+00
7.830284196344551972e+00
3.106142365474864331e+00
6.884725131591172165e+00
6.488487894780451626e+00
8.058977314417186122e+00
5.713307908641520605e+00
6.027250670639117125e+00
4.582686061194077176e+00
5.499164342191055432e+00
5.787833030550662450e+00
5.774984832301157667e+00
7.991113703298360349e+00
5.411011001946799404e+00
8.713272876651831922e+00
5.723721793800240931e+00
8.566132914370022888e+00
5.889513220680052896e+00
5.811531078915432857e+00
5.746151241467591930e+00
8.210253544324547903e+00
8.685183276795513052e+00
7.335449186230986740e+00
5.738622404653893838e+00
7.174876048232543546e+00
8.614610917039442484e+00
6.370684555086536527e+00
7.056032048655100475e+00
6.250429175065797871e+00
7.851097088581836303e+00
7.831923010542080732e+00
6.186371936585830511e+00
7.935554166255567310e+00
5.776171785582027596e+00
5.830015011762401222e+00
8.685961577192124139e+00
8.224457180712242632e+00
8.741696427909584344e+00
5.749807666958089314e+00
6.664691156404937367e+00
7.841485918067758298e+00
6.896978173926632927e+00
7.959509038662567093e+00
5.146514447256744340e+00
5.601174431758960459e+00
5.470470504695462921e+00
8.629550335885316059e+00
5.752986453050105808e+00
5.799244474129081617e+00
5.467262438763787813e+00
5.985207102837987847e+00
2.960790236107064377e+00
7.339728413501012128e+00
4.213095754843084961e+00
6.358896339080188476e+00
5.749767020916521254e+00
5.934589328622811522e+00
7.489468371522228551e+00
4.373151608838836246e+00
5.713812762557981983e+00
6.628640884934624111e+00
5.843312307203676781e+00
8.531196881261044140e+00
7.018183888317661712e+00
8.634633836048912769e+00
8.619026892600428980e+00
8.756731237988018890e+00
6.005882088414256970e+00
5.838503253753027700e+00
6.042528838201122632e+00
7.432991932016017600e+00
5.807286939294806771e+00
8.125055691383707313e+00
5.725020914433878616e+00
8.519925467501030525e+00
8.058977314417186122e+00
8.707756495538243158e+00
4.210783281342269646e+00
8.574849326150946638e+00
6.572603701182009317e+00
8.468663823431779036e+00
5.841698497961136383e+00
5.376480364409144563e+00
8.639108916492913792e+00
7.458076673100287657e+00
6.376903757418198815e+00
6.165927845585944311e+00
5.822697299024994777e+00
5.751431389939364536e+00
7.307971730554554846e+00
8.021639912476274503e+00
5.755181061340101323e+00
7.566815621726254548e+00
7.298561831334934524e+00
7.308103082839036979e+00
5.784384067370857530e+00
6.979535937142577140e+00
6.633671926501421900e+00
6.070908634997096875e+00
8.710965556165920276e+00
6.535176672189736635e+00
4.184887768680467524e+00
4.893438813005837495e+00
6.690472524666270182e+00
8.699969340381535687e+00
8.524734881121354135e+00
6.098863827838905571e+00
7.992580806073196875e+00
5.899092928890966370e+00
5.420378919497874648e+00
6.600752244307684258e+00
6.934599414353357361e+00
5.600871757303898413e+00
8.357359104177788822e+00
6.443335770965139098e+00
5.716783032998408842e+00
7.718003129202132051e+00
5.858958018540856294e+00
7.229042680260453935e+00
7.195777092271514519e+00
7.595017672108792084e+00
7.922418689081102805e+00
5.723539166402705547e+00
3.877014215524246854e+00
6.347824725976111360e+00
7.330386284364347915e+00
4.566041969174581716e+00
8.197794614778038280e+00
5.864698035333240966e+00
5.761619039812157617e+00
7.502833304938536507e+00
5.971892054989054621e+00
6.403644856527563434e+00
5.355215735333484162e+00
7.650020469829171610e+00
7.201024633929281826e+00
8.468663823431779036e+00
6.437692693294314594e+00
6.864862427471547512e+00
8.525553740177198137e+00
8.715243652721500922e+00
5.528861616647556154e+00
6.317121852568420515e+00
5.775823504770956518e+00
5.666836130118835690e+00
8.623462210128547412e+00
8.142165906931012387e+00
6.236232667033750232e+00
6.550585227509309938e+00
5.788639099903337026e+00
5.996337403752203699e+00
5.722078305635809770e+00
6.425083157115054178e+00
7.389197382844894690e+00
7.179264890709051272e+00
6.363617673556587029e+00
5.750026875136936333e+00
8.146007428815920548e+00
5.500723174179378283e+00
5.846620180431802538e+00
5.837910532509013706e+00
8.403264381952563866e+00
5.719175390092432032e+00
3.029420780564236360e+00
5.485160495512676704e+00
5.762216356572571918e+00
5.917648359987748741e+00
5.831808155381431824e+00
5.596089998867174842e+00
5.757343916737186262e+00
8.391281318270886302e+00
5.824621964231794458e+00
8.062105925142288854e+00
6.638823038486710182e+00
6.290195626282023333e+00
5.923578754337798458e+00
5.832740810644415852e+00
5.791322269427459979e+00
5.766497187662093182e+00
7.160214229238411221e+00
7.527598784670294307e+00
8.428395747368748303e+00
5.393208688565316322e+00
6.371845940232356398e+00
5.415816892922888037e+00
6.135344231847297714e+00
7.828347321624071320e+00
6.069036045253722200e+00
5.670469514683189161e+00
8.580567522254044732e+00
6.150562320538789152e+00
5.672215743612991190e+00
7.613950982930739464e+00
8.404578406345365238e+00
7.563681699382478918e+00
5.750026875136936333e+00
8.690156149697710219e+00
5.749807666958089314e+00
7.221818461413439749e+00
6.019755616613555738e+00
6.035220893986179114e+00
7.865790893990956434e+00
6.391492571391911959e+00
6.670180861971004127e+00
6.142358093129540286e+00
8.712479487473093087e+00
6.073489359755035011e+00
5.748422678879286707e+00
8.659341795777688588e+00
5.858958018540856294e+00
8.481646333676010840e+00
5.788092975063627854e+00
6.913206697197234796e+00
6.588229737841595934e+00
5.604043794644161913e+00
5.756072537564818958e+00
7.498864134733744358e+00
8.707977253597945833e+00
6.621255136560418642e+00
6.340053520466437220e+00
5.141678256812186376e+00
6.393936319462182105e+00
8.664615841093967319e+00
6.590378838425428931e+00
5.814859039951282504e+00
5.789834125133934251e+00
7.149150209837877412e+00
7.694672951420471918e+00
5.766452926272803481e+00
6.491611348484814137e+00
5.841698497961136383e+00
5.916338533722845128e+00
5.733591177731323540e+00
5.528881690328857346e+00
8.652432679224682843e+00
6.189055128218979185e+00
6.334100698013187980e+00
6.105515420354695522e+00
8.137380954541246325e+00
6.819138848383581752e+00
8.218474732261009663e+00
7.837392608736093891e+00
6.515750249767983782e+00
5.764296319107583777e+00
5.786905582521686853e+00
7.355331216001633976e+00
4.721655394306282005e+00
6.174587398708613506e+00
7.048734312097637122e+00
5.744811344823815169e+00
7.982047331176945093e+00
5.958638697218590075e+00
6.088916980252617961e+00
5.807659395171449468e+00
5.812296864776510752e+00
5.958638697218590075e+00
6.783507081739228894e+00
5.774641755189710679e+00
7.716242245460074756e+00
6.163602490994280814e+00
5.713698078890441678e+00
6.184571877031930676e+00
7.949932256033742206e+00
7.528615712150604544e+00
5.796839514021630002e+00
7.845318868261347056e+00
6.410008950677111628e+00
5.476736390248745145e+00
8.543451367111604355e+00
8.517591245481527906e+00
4.553210046255971477e+00
5.918673901592486963e+00
6.532019010098951917e+00
6.156985502033347935e+00
7.447431319679616912e+00
8.665046726406576028e+00
6.703201603570308365e+00
5.873890211841598763e+00
7.911127483568431096e+00
7.565895553960756637e+00
1.909058168205887140e+00
7.022587708291697872e+00
8.748439983014703714e+00
5.259215767222675808e+00
5.795127598485437126e+00
8.752224965678960800e+00
8.165013915468263050e+00
5.718749528821228445e+00
7.030376976784484810e+00
8.390241466206852294e+00
5.829715505880907145e+00
6.614971135385973255e+00
5.818665004958065268e+00
4.722577662143396360e+00
8.172831447885060996e+00
7.028879552126731767e+00
8.488737182486442379e+00
8.599507592995898619e+00
8.217830906080306974e+00
8.734451862103661313e+00
5.889513220680052896e+00
8.747391686341188688e+00
6.546423914348908468e+00
8.207770434410289084e+00
6.780685707230103887e+00
5.776169445174779149e+00
6.813986392176889062e+00
8.707848181769758611e+00
5.979000442909133461e+00
5.763278214100790997e+00
5.757627879818187466e+00
5.968127653016735756e+00
7.542999446537566932e+00
8.604027960901312611e+00
5.754399811909880924e+00
8.456346482568056544e+00
5.748251964948943638e+00
5.772049723326103887e+00
4.229002249171781358e+00
8.160325320040229258e+00
8.401189799678389747e+00
5.807106788399261532e+00
6.059837478173627723e+00
5.497301305528234039e+00
5.746922380910647554e+00
5.947227805577900206e+00
6.986077199573178298e+00
8.713229518109868010e+00
6.050033867446304114e+00
6.116318416388492274e+00
5.714435985779823035e+00
5.765069473428045654e+00
7.468888490500445343e+00
7.845028233773132520e+00
8.737107134729209079e+00
5.815881596045674229e+00
7.085066138556805448e+00
8.418625443222293114e+00
7.979278069554074371e+00
5.790789315034135853e+00
5.079903155618006316e+00
6.356328788500152704e+00
8.756315295899657514e+00
5.806711045696903106e+00
5.437679193545211120e+00
5.659423914796545496e+00
8.524361770170424180e+00
7.439120838804790914e+00
5.715450734269129640e+00
5.793535686883966918e+00
8.562655325329597389e+00
7.946098645546083361e+00
8.717454972078320097e+00
4.229002249171781358e+00
7.985123794853741686e+00
6.670451816080442242e+00
8.727476195769616751e+00
8.213070118630408700e+00
8.358144582916001042e+00
5.738368691380814290e+00
8.652320481448835920e+00
4.494312425718268500e+00
5.804912205734616748e+00
5.243875320288166719e+00
5.785518637976155176e+00
5.832330094598578540e+00
5.920586816320779988e+00
5.748988592668846209e+00
5.602362521051078126e+00
2.916827298514323985e+00
6.519197009735321124e+00
5.920571316541946238e+00
5.853287357502237498e+00
8.723474203727199949e+00
5.719667050659292151e+00
5.711476529439900141e+00
8.352750766963607632e+00
5.668981824540073156e+00
3.104671064672065661e+00
6.109646521654467755e+00
8.141908731002747146e+00
6.629246352500859807e+00
5.781177660178071775e+00
7.837392608736093891e+00
6.084241678189282965e+00
5.693671357883546058e+00
6.161159590066849212e+00
8.512920481651658378e+00
6.732253977626426966e+00
5.668237306965835387e+00
6.778990464284042616e+00
6.700242664689688432e+00
5.801449809597513330e+00
6.004378018231650849e+00
6.014805772642624504e+00
7.396420486662792726e+00
5.668327654458451548e+00
5.583586316821876672e+00
7.458232111616493576e+00
8.525553740177198137e+00
5.829892921247244786e+00
8.416766196078793172e+00
8.472054014223655116e+00
7.827390815012362779e+00
8.062230750930725165e+00
5.716783032998408842e+00
5.767654898881657388e+00
8.627142631590082544e+00
5.716784785863545437e+00
5.853717444467916309e+00
5.783245073272206938e+00
6.656371663670539007e+00
4.187857061085952459e+00
6.808757386647434018e+00
8.498238256502986587e+00
5.733240026898601016e+00
8.500406474501932763e+00
7.967719519973215370e+00
8.706646186599678927e+00
6.518963069157799772e+00
5.676215587811758390e+00
5.319675668659394674e+00
5.937710268196576990e+00
5.002015892593600022e+00
8.501737236463398517e+00
5.979258082283105402e+00
8.713229518109868010e+00
5.800753559359761447e+00
8.692658756451535851e+00
8.501737236463398517e+00
8.551324079399780231e+00
6.179646362303993889e+00
5.807564189169093005e+00
5.907598079160709226e+00
5.777041051485613643e+00
5.853537383957211127e+00
6.027547738961614776e+00
5.772201843648460340e+00
8.157381949854613623e+00
8.630613168373313826e+00
5.829900428637777132e+00
6.369421986981263828e+00
8.685841537925526268e+00
5.602362292099776653e+00
7.239545149846954075e+00
5.822396019002828993e+00
5.602618055261145535e+00
5.602565181269156369e+00
8.221417965500382508e+00
5.762719408443937041e+00
5.716434148365119761e+00
8.658009701820150283e+00
8.077850658907163250e+00
6.940156902152732954e+00
5.799398333297804520e+00
8.589345422958160725e+00
5.799992061079394468e+00
4.312032412447552865e+00
7.110710342249069171e+00
7.845291094673036092e+00
6.002775749672610850e+00
7.425903833916247976e+00
7.106915146546727513e+00
5.955131473619045046e+00
8.387466774921179535e+00
7.521334014715852945e+00
6.748589259671895491e+00
5.759037648042587776e+00
5.909836020524459776e+00
8.741764307994682071e+00
6.979323530807574727e+00
6.088263320703129367e+00
8.598799657524725859e+00
5.776830722735094348e+00
6.906881895194533882e+00
6.013157558711317741e+00
8.653860697920721989e+00
5.713795658788056286e+00
5.669317126594276779e+00
5.189598289347493676e+00
6.250429722299221780e+00
8.624058126916470002e+00
8.420019330097009203e+00
6.438422675715315791e+00
5.753510969048799772e+00
8.722514456456057275e+00
6.748551669421701149e+00
8.549638390915500707e+00
6.864699788284923443e+00
6.415402581265043480e+00
6.212864373326698164e+00
8.476636866546359173e+00
5.669270393323044388e+00
8.533780693265727635e+00
5.412834452106662475e+00
8.034125788501192744e+00
8.405541715278083359e+00
8.639042372282002447e+00
5.918673901592486963e+00
6.272347842400392892e+00
6.004972472795743421e+00
5.571281518738453897e+00
8.744865570279191758e+00
5.784216482718094632e+00
5.974510281885077490e+00
6.484682375043171909e+00
5.988736632977425423e+00
7.524040275356053797e+00
6.086598888400775564e+00
8.693050859866266578e+00
7.876378084442390737e+00
6.403644856527563434e+00
6.462184324691066628e+00
8.435544912155297226e+00
7.321236471809795532e+00
7.864688523692072941e+00
5.978356647449985850e+00
8.386031372471093093e+00
5.429760026804152595e+00
5.730033068581091626e+00
6.663996772349311648e+00
5.779677526084483929e+00
6.293581646928590345e+00
8.649514629576760427e+00
6.003560132622691725e+00
6.159967239267155392e+00
8.142835969788682959e+00
5.609668200560816942e+00
6.042117333789568612e+00
5.478083479466508976e+00
6.304540541448357516e+00
7.470662405372151760e+00
5.845846132864543243e+00
5.753071141543540712e+00
7.237515687659321628e+00
7.905862912674889387e+00
8.405862428311092316e+00
7.420590092450942699e+00
7.467943005949340574e+00
5.615687650209042481e+00
5.859937146386637430e+00
6.452422798441380003e+00
5.727462989467658083e+00
7.931590959291976439e+00
5.666732157232476474e+00
2.958586117718052133e+00
7.506861270149133958e+00
7.841485918067758298e+00
5.715340464824644862e+00
5.783245073272206938e+00
6.937164577638127660e+00
5.817788029448609066e+00
5.814373600891411087e+00
5.808739035209980806e+00
8.237196549771955034e+00
5.808904673605464808e+00
6.372316851889800127e+00
7.546255541181523974e+00
5.714898160163536467e+00
8.642521335947300543e+00
5.861151684798611150e+00
8.490841133344321889e+00
8.738598175526352207e+00
5.776875106986983255e+00
7.506764591368597195e+00
5.740848765076618676e+00
7.208068659581143400e+00
5.276225309101541860e+00
5.776507571319509537e+00
6.215057982856468044e+00
8.291063701706155697e+00
5.668361577311475052e+00
8.379747875725248818e+00
5.754851778088868386e+00
5.515140932637874194e+00
5.773339192489492788e+00
8.626020395159260445e+00
5.800750550481955869e+00
7.845318868261347056e+00
5.650801484970756405e+00
7.134527833760268223e+00
7.458232111616493576e+00
7.995537533926806439e+00
8.401013621597918757e+00
6.622030259652551543e+00
5.788639099903337026e+00
8.365665122376576335e+00
5.948903502460312076e+00
7.944643054563218953e+00
7.803573507081190463e+00
5.730284567332924794e+00
6.827787315308876614e+00
5.746030380418699401e+00
7.136224225396436083e+00
7.026668621505911538e+00
7.956346582427800129e+00
7.707293452635974873e+00
5.671774126015903583e+00
7.845291094673036092e+00
7.012019738563951776e+00
6.042528838201122632e+00
4.542226558011917881e+00
6.975109434028516908e+00
8.231118625315902548e+00
5.930441148702016108e+00
6.413726573392656505e+00
5.958538025567633234e+00
5.799992061079394468e+00
6.994792739040529561e+00
6.393700090422003157e+00
5.780974394298197261e+00
5.715025386690601117e+00
5.600612322198524673e+00
5.734399316945700598e+00
6.413297109946437757e+00
5.155462078393460601e+00
5.963543175018857667e+00
5.758482404735541849e+00
5.476736390248745145e+00
8.142668963564812401e+00
5.814610555551530169e+00
8.656015173682774844e+00
8.027183611941989483e+00
5.878624115196524613e+00
5.865110329452861926e+00
5.754256616750955899e+00
8.333567685796133162e+00
7.054560036875304974e+00
8.496505577905780981e+00
7.718620080626077851e+00
5.975893241268235734e+00
5.955565285280323806e+00
3.800955680142489523e+00
6.446844499465543166e+00
5.803500725757825940e+00
6.655797614326171896e+00
8.637062108441460495e+00
5.819222319343295702e+00
5.450341421371732942e+00
7.400543316482161238e+00
7.204017500832603282e+00
6.621255136560418642e+00
6.508968765917739319e+00
5.410416895838530138e+00
8.098295842854858151e+00
5.905850231908284620e+00
7.295411940269220352e+00
5.752856995883796287e+00
5.992104711747001211e+00
7.641940345073933827e+00
6.329949536718887160e+00
8.622352954851089990e+00
6.001724037322973437e+00
8.710042242320259476e+00
5.808931033697930957e+00
8.535812435507608598e+00
5.746441573928978919e+00
6.016665185093202695e+00
6.112584166324253943e+00
6.803971230028295736e+00
6.012375456852733002e+00
5.805008549837292975e+00
6.109646521654467755e+00
4.653171935889625743e+00
8.621881710975944912e+00
5.791305819450320413e+00
7.600581409871207228e+00
5.485262093332455180e+00
7.540446598304573200e+00
8.632322759091044517e+00
7.274912991796881556e+00
5.777961263310660733e+00
6.020761353931861848e+00
8.635977242889520511e+00
5.805106496092332868e+00
5.837185973171704845e+00
8.761315790518308333e+00
6.207196241422462180e+00
7.118967566690484361e+00
6.229484934468168866e+00
5.501733646892454921e+00
6.280151126721089661e+00
8.501538375151607596e+00
5.276047957425862300e+00
6.898368850563278087e+00
7.386431610015027793e+00
8.744287347030617497e+00
8.586299540936124686e+00
5.981907996866269173e+00
8.664425513944218338e+00
6.235930661549486942e+00
6.358567183541339318e+00
6.542163374407134135e+00
8.209570053481400009e+00
8.370328922015433548e+00
5.774045677022478174e+00
5.604979053648960097e+00
5.791322269427459979e+00
5.914322909956659657e+00
4.517823149486728695e+00
8.650377039199236506e+00
8.693188512213986030e+00
8.425137111396802325e+00
7.802190667499558252e+00
6.462855157636840708e+00
5.875270439334595807e+00
8.298570822111910772e+00
7.669205824818396522e+00
5.934589328622811522e+00
5.766497187662093182e+00
8.433710658094948798e+00
5.758520027890337900e+00
5.927455665781574901e+00
6.245905798532452202e+00
6.199933236677492410e+00
7.372090154597039202e+00
8.639974420821483037e+00
5.730146490307537199e+00
5.949841154502273355e+00
5.672215743612991190e+00
8.172496088570005313e+00
5.757698021508099728e+00
6.005810717808516941e+00
8.073836182737315070e+00
8.713674205288654662e+00
8.310246835837325818e+00
5.757794056120546955e+00
5.763192998197135708e+00
7.714810248058628694e+00
5.743782562968156924e+00
8.747391686341188688e+00
8.543321610794993859e+00
7.239545149846954075e+00
8.053072796525201582e+00
6.322323686486052807e+00
7.723666176434138997e+00
5.740986724092198124e+00
8.464956977406819405e+00
6.505269940452523159e+00
7.694672951420471918e+00
5.933217620762547995e+00
8.548097620121795970e+00
8.552570709559937256e+00
8.605585102319498247e+00
5.812562857416204487e+00
5.831116660594418022e+00
5.750289497625582058e+00
7.355989463099973591e+00
5.848892768291320543e+00
5.030702538934835211e+00
6.346103852926541222e+00
5.778552657936383952e+00
2.243147269738185567e+00
6.629009450197629327e+00
5.830426312675194289e+00
