1.890171912922194863e+01
1.896388662473544429e+01
2.793814482019969958e+01
3.567181860834958940e+01
2.389552970626428419e+01
2.930869335708410262e+01
2.046873550481014448e+01
3.289897767602678869e+01
2.181553393946853703e+01
2.114772515617715953e+01
3.296345550814493919e+01
3.463246701740492739e+01
2.287444276479158844e+01
2.098423179658577453e+01
3.295571539869094835e+01
3.309727956401076909e+01
2.311456193667139303e+01
1.813437412097845680e+01
2.129786359243629335e+01
2.278939950636678802e+01
3.050483648980641505e+01
1.713945350019382730e+01
2.041182386892826628e+01
3.055315306219234728e+01
2.209798642088028942e+01
1.899433977897859194e+01
1.887886728073447884e+01
1.780621667304759015e+01
3.273059050258599001e+01
1.442566926257612536e+01
1.578995220477287020e+01
3.812637007591323624e+01
2.466282479334702060e+01
1.782369994871977781e+01
1.850393203373008433e+01
2.601776615720822861e+01
3.213344292870716146e+01
3.240759567738928837e+01
3.878348653521388201e+01
2.695042784494270549e+01
3.997498875392925299e+01
3.658934886085533122e+01
1.559870687559886804e+01
3.091749170137826042e+01
1.459074365195805711e+01
2.053349664128511165e+01
1.816266208062442900e+01
2.869148131743578389e+01
1.707870644087105205e+01
1.533654987353502364e+01
2.992267592121381270e+01
1.668708989656123975e+01
2.092842658782717180e+01
2.968265928209648763e+01
1.666624012202237992e+01
1.868006385896634569e+01
2.043041626120863441e+01
1.879014712566033296e+01
1.472510917028456845e+01
3.378097106475730271e+01
2.136197993425670205e+01
3.863237132826789377e+01
2.855404400554975552e+01
1.432298451337930700e+01
1.525366093575033410e+01
1.612865949490179318e+01
1.766733530543990582e+01
2.286022664047537489e+01
1.890158931158988409e+01
2.180244231698198476e+01
3.567950047907294220e+01
1.446378156998607167e+01
1.469629622754458609e+01
1.989655161247699766e+01
3.858617779411559212e+01
2.073319196430280087e+01
2.936232621087797057e+01
2.388335769277529863e+01
1.784967706217370420e+01
2.778260640558268690e+01
3.214580647387222001e+01
2.875533803651608622e+01
3.255469974279216672e+01
2.567418979886201669e+01
3.551860196957101579e+01
1.786634733825106380e+01
3.142789163128614405e+01
2.871209529155321860e+01
1.840206297949631420e+01
1.424910652216654761e+01
3.221197993071530163e+01
2.180672898218278632e+01
2.143114085975093630e+01
2.025613442458055502e+01
2.058163078303168803e+01
2.077362897374572270e+01
1.963309358403451910e+01
1.590709078332617921e+01
1.533319501778785110e+01
2.100685651903422269e+01
2.862072057022202998e+01
3.534364367536164764e+01
1.753018691253359407e+01
1.233186005234606064e+01
2.011763326873890634e+01
1.448655147874868909e+01
1.813250987661254143e+01
2.002608351885064764e+01
3.035927379723534969e+01
3.546155605195686888e+01
2.135192212673544176e+01
1.426477121227313027e+01
1.866375049266644481e+01
2.340252393890553861e+01
2.180580651136423498e+01
3.391254949873474089e+01
1.392579097033689628e+01
3.078378180989208346e+01
3.176134602289632625e+01
1.441132723472877153e+01
1.385625033328946287e+01
3.698619536353404413e+01
2.267675156914647872e+01
3.563629375929750864e+01
1.880661111644450401e+01
1.452306155166485269e+01
2.009790815799717834e+01
2.473729136521781058e+01
1.885712592782564201e+01
2.097054582667437117e+01
2.120542181665331327e+01
3.203503581281803747e+01
3.760383540617288389e+01
2.852656955473842970e+01
3.119191436984473143e+01
3.202723184228099029e+01
2.549057824935995242e+01
1.460775487693204511e+01
1.445099754851075247e+01
1.510622373285141151e+01
2.014599731215869838e+01
9.975436921887450126e+00
2.046009998499980753e+01
2.058758554574946942e+01
1.374759513251966503e+01
2.175831303524179461e+01
2.154464786125090825e+01
2.589186678305793876e+01
1.687585357965972577e+01
3.469906013768746078e+01
2.227712202179925072e+01
1.441006990373375629e+01
2.992292462337988468e+01
1.732254616658966029e+01
2.133619515863730243e+01
2.960806243142762284e+01
1.518851973248951914e+01
2.050597929417714838e+01
2.947150323493059432e+01
1.591283634529668944e+01
3.574900175310597916e+01
1.554550839668408457e+01
2.842858994567711051e+01
2.536178242070039346e+01
2.670595701691311774e+01
1.693233029243818422e+01
1.826015626305827766e+01
3.976186197191457694e+01
2.937646181318012140e+01
1.940934420801859517e+01
1.709477826281325008e+01
1.958618829215177115e+01
2.081562601634159293e+01
1.895848784634009832e+01
2.609396355319496763e+01
1.419801262912251261e+01
3.575132043694769379e+01
1.536381721552197277e+01
2.207167445388281024e+01
1.544917680168356711e+01
2.141305031279251736e+01
2.274496310511263175e+01
2.038379465432388216e+01
2.628011288741377882e+01
2.499712837707104995e+01
3.153221438552574796e+01
2.760466794665167001e+01
3.751001719611360841e+01
1.975311757909706500e+01
1.927322946244144575e+01
2.300602826678732526e+01
3.360059607622724087e+01
3.419967917740455476e+01
1.332403029503548453e+01
2.755246704742678077e+01
2.057479523077503814e+01
2.981821581482200401e+01
2.350427460201466090e+01
2.732055636117170039e+01
1.737444993183381570e+01
2.811837780290749578e+01
3.703500586458190469e+01
2.081630800348150245e+01
1.312376983391895280e+01
2.730179386955337861e+01
1.646796719363241124e+01
1.722265452902606953e+01
3.669523503097656913e+01
2.433288640097607924e+01
1.780950133375519684e+01
1.882814474343167532e+01
2.964747870059029111e+01
1.634445659217090707e+01
3.643311343154273629e+01
1.835248757244837847e+01
2.606619711153747687e+01
3.585445764490062714e+01
2.387973106700828652e+01
2.415377672858937075e+01
2.399582631255715626e+01
3.627465001175886528e+01
1.720397952439879319e+01
3.556298150745026021e+01
1.981033704000088136e+01
2.680028999913683663e+01
3.496319262747467604e+01
6.258472072699535538e+00
1.442480234276424866e+01
3.264376988086737441e+01
1.785405978845178154e+01
1.650527875205228767e+01
3.563412950215936803e+01
2.063149042234561037e+01
1.362079338973292408e+01
1.769009602509063939e+01
2.281969545039869729e+01
1.805501375471578029e+01
3.168406868291863532e+01
2.586090292727176632e+01
1.949079433389940519e+01
1.961423214727910391e+01
2.827236311375763833e+01
1.596591268876281688e+01
2.055246957541284303e+01
1.904982125111382985e+01
1.659968218056015132e+01
2.824696122931660014e+01
2.638017354734884634e+01
3.691672436279696257e+01
1.868361850875447061e+01
3.963295000384739097e+01
2.397887830207226045e+01
3.005534849704895706e+01
2.069790860977491675e+01
2.206197549916695166e+01
2.257286051616447509e+01
1.836350737484498552e+01
2.372466480331583227e+01
3.177779253726945186e+01
1.605111866958498723e+01
1.838400832306656341e+01
8.165561510893857289e+00
3.079674687232684249e+01
2.797784660563034009e+01
1.421520592332211308e+01
1.931225899398666002e+01
2.007380893993961024e+01
3.342356226578097278e+01
1.961838290236009286e+01
2.177781593449108755e+01
1.991494040516662878e+01
1.057200710632341156e+01
1.460155184295084041e+01
1.767273459460652063e+01
2.572547354217453375e+01
3.020174709611123376e+01
1.578877783805677737e+01
3.374990459759977313e+01
2.624521999503272340e+01
2.264983126530099611e+01
1.984026197434320693e+01
1.745363810456078113e+01
1.490302044383105695e+01
2.363117081272473641e+01
2.176322624720843635e+01
2.463241788261153786e+01
2.105489789159988590e+01
2.003809717962241521e+01
3.415319047219392701e+01
2.132548017334900337e+01
1.587647878018224290e+01
3.891582684866569508e+01
1.970298606579227396e+01
2.086493806191776201e+01
2.732277272825494663e+01
3.399961027381542067e+01
2.322690818283589564e+01
1.847770490967933199e+01
2.185523434182678670e+01
3.000778411351689101e+01
2.111992786602532846e+01
3.523014026650583475e+01
3.755972619590182404e+01
1.787405823162702134e+01
2.349102444842855419e+01
1.844077884181762528e+01
3.028611231448538987e+01
2.184826654022715076e+01
1.819200525473541319e+01
3.687132761623588806e+01
1.455409546201845572e+01
2.348539361451395990e+01
2.121193974706153540e+01
3.116102687932243498e+01
1.430048346256882930e+01
3.612539395714242829e+01
2.454743126735524683e+01
1.805718983661618893e+01
2.543125670759477686e+01
1.888924897965025451e+01
2.279567709203199044e+01
3.656492628845546022e+01
2.507032081370362420e+01
2.138958902430965026e+01
1.899198663752488159e+01
1.491647192358540508e+01
2.558254203729744702e+01
3.109042462471823143e+01
2.144117157840083721e+01
3.764648525196002282e+01
3.460831643084119946e+01
1.145143203503797480e+01
2.127703681268980773e+01
1.967189180808654569e+01
2.057619321089040909e+01
2.351616036416069377e+01
2.575800080899504962e+01
1.716910015081747787e+01
1.686516811798781390e+01
3.137052094186072182e+01
1.985497024800955046e+01
3.527765288612716432e+01
1.409174595005372943e+01
1.513786522681107449e+01
1.994906041832373589e+01
2.828305143572301361e+01
3.021369714669766893e+01
1.546909623747749407e+01
1.938205868259476716e+01
2.262045377327531526e+01
1.481062711111013641e+01
2.186079640634800825e+01
5.717320883716618063e+00
1.902306451568761503e+01
2.299967383143853894e+01
2.531088747448123755e+01
1.927932345262794911e+01
3.471630350152289424e+01
3.474086614146055751e+01
3.711984051687072395e+01
2.430732489151435516e+01
2.646075413482509120e+01
3.125450476195291927e+01
2.873804877580774431e+01
1.603501802089840567e+01
1.956837949357551310e+01
3.726734240396125131e+01
1.687896583131836437e+01
2.095373049228441076e+01
1.711280603162376224e+01
1.612518016303748780e+01
2.865773217316198185e+01
1.589237261996711581e+01
1.449316607211823360e+01
3.293037036132723472e+01
3.198116383937020046e+01
1.599947437297220532e+01
2.813296081367170132e+01
3.051230184276025881e+01
3.063312735678937315e+01
1.807014250202897543e+01
2.491870638123480930e+01
1.778329605576734807e+01
2.223473175009294778e+01
1.425544443828496810e+01
3.366199711866612887e+01
1.833408225830164184e+01
1.749714485335219294e+01
1.465969956379360184e+01
1.120396347740057230e+01
2.006958804426390230e+01
1.651865791531943017e+01
2.172270780059501760e+01
2.728084799482932254e+01
3.303450158167071748e+01
3.187515262893977308e+01
2.727152389777942432e+01
3.421721317079654057e+01
3.910916280685704294e+01
1.942601311574506440e+01
1.870368050905800672e+01
3.223477683661899107e+01
1.668020031883907350e+01
2.254797594974170138e+01
3.470652296683972793e+01
2.224032905488790135e+01
1.878299995141479073e+01
1.195119366956236817e+01
1.639326401191003768e+01
1.934839927819212235e+01
3.132778221392420193e+01
1.577190668001304097e+01
2.499612254093390362e+01
2.292499342544916630e+01
2.455468991290688763e+01
3.512886488710078225e+01
2.343419055231609605e+01
1.966314540583887904e+01
2.452030709269811126e+01
1.532528749218727171e+01
2.221339049233951002e+01
1.441073785610477032e+01
2.330077371834668298e+01
2.570129317517539391e+01
2.377890113471393008e+01
2.295851765496819041e+01
1.469431402428047129e+01
2.990850579875523252e+01
3.327016533169794599e+01
3.579736060933956310e+01
2.868790878188359272e+01
2.430512066556378059e+01
2.417895979279164820e+01
2.394139129024507895e+01
1.822757327700595553e+01
2.975276428086556635e+01
1.708493927181225303e+01
3.531888434497605544e+01
1.573009160535378115e+01
3.395079062454759367e+01
2.127377879296781416e+01
2.290243064809123652e+01
1.760337629913577828e+01
3.284267277243780114e+01
1.400598341635030408e+01
1.376486807860998240e+01
1.422540208988242227e+01
1.961937122853695215e+01
2.483079059080541029e+01
2.719441649546039841e+01
2.479594419131412053e+01
2.270631995361034328e+01
1.326287824760471423e+01
2.590069953631781630e+01
3.750468485883065739e+01
1.738135563706426012e+01
2.619256322533461301e+01
2.131632532582948159e+01
2.341831153292382339e+01
3.480822549593198545e+01
1.976197944598284550e+01
2.296963137460213034e+01
1.717564993983106802e+01
2.872242199642044369e+01
3.231574206704068075e+01
2.083558827902021804e+01
2.646240480090112257e+01
2.231463349257861495e+01
2.193723919605783834e+01
1.937399633320302428e+01
2.562303683910355545e+01
2.467838731151501008e+01
3.807366923150809157e+01
2.762997501682626478e+01
3.782786699476486802e+01
1.729568398241049465e+01
1.719100847420597589e+01
2.693588706828211343e+01
1.565735281761194031e+01
2.452760142782015862e+01
2.528380124281664720e+01
2.254294074373015988e+01
1.987542668340147500e+01
1.935965000372425138e+01
2.205671792678706922e+01
2.157784163116118137e+01
2.168808617031686836e+01
3.352213506512688213e+01
2.449640035197466403e+01
3.561590480045397555e+01
2.009359925583406792e+01
2.114904199462877088e+01
3.086787354534356709e+01
1.758314713675824237e+01
3.110050920873581148e+01
2.490308004658083973e+01
1.586253903022656075e+01
1.619138331729791602e+01
2.146813054142213772e+01
2.195692321854054896e+01
2.346156105478623033e+01
2.531581069581110199e+01
1.480128127341748545e+01
2.012775210709947160e+01
2.075856426556852341e+01
3.131875018059243843e+01
2.749715664129061210e+01
1.944756063138528646e+01
1.505699571924248126e+01
2.333301729565147653e+01
1.460654316875773517e+01
1.658320076339848725e+01
3.213566811037988913e+01
3.195178745793806030e+01
1.784131282943735641e+01
2.253548632765511783e+01
1.752169314014030732e+01
1.996874092739137652e+01
2.814855693799647440e+01
2.361783924098447685e+01
2.015325208416042457e+01
1.409625013390256854e+01
1.757481605108907274e+01
1.838295362913970976e+01
2.154997125116639012e+01
1.983842065026891532e+01
1.791643127219080611e+01
3.182786018199077205e+01
1.948246181905357943e+01
2.780923810647927397e+01
1.414413546463869764e+01
2.656041696833638710e+01
1.797979806968122674e+01
2.340554610969242688e+01
3.233520497373109492e+01
2.789394840992131819e+01
1.495758036217663545e+01
2.238255056484386785e+01
2.235916724094786545e+01
2.066127609087310191e+01
1.828175166881535674e+01
3.811770216678259260e+01
2.747064620289100390e+01
1.667894919977311119e+01
2.644750540050009491e+01
2.441934431404225947e+01
3.139930510594864188e+01
2.142372522970919491e+01
1.955731266230213450e+01
1.542939380297918817e+01
3.969618437206507622e+01
2.465198092908515193e+01
2.011344842189225801e+01
3.421396765990842681e+01
1.694068455837079057e+01
1.593353834163352900e+01
1.774744708267085258e+01
1.851708777968822517e+01
3.688572828282278948e+01
2.007670489708407757e+01
2.522882897765204291e+01
2.263816483535296697e+01
2.559630984013448796e+01
1.430890955225921957e+01
2.377842451682212399e+01
2.086893327159859979e+01
2.076318341551053948e+01
1.768913501588809467e+01
2.891865985754221313e+01
2.062472884533973172e+01
1.963697954621216013e+01
2.559922682314453724e+01
3.615059350872977717e+01
2.486693166563362567e+01
3.035356005921427425e+01
1.981890324954601112e+01
2.619434411445385535e+01
9.527802408892556585e+00
1.900509605884627717e+01
2.480374725371283517e+01
1.433190111379771459e+01
2.258342593205722437e+01
3.104739005958049347e+01
2.698353268691266038e+01
1.903655336045613566e+01
2.154477684212374555e+01
3.788741078656948957e+01
1.664942378094660569e+01
2.259968625621067417e+01
2.824601793771635982e+01
1.954326849152960222e+01
2.564772218878346877e+01
2.946271840728019242e+01
3.564079985443841991e+01
1.974062762964450712e+01
3.767212866266443427e+01
1.868149373885479747e+01
1.675163149654803263e+01
2.403975737949151892e+01
2.012489825729142723e+01
2.447587512683518440e+01
2.109708079640466138e+01
2.636511691875048413e+01
1.596190330016433023e+01
2.702746321121011874e+01
2.135346018794636791e+01
2.650908075906058770e+01
1.438580150637934807e+01
1.688119316440428719e+01
3.200628009348119463e+01
2.597377577685884376e+01
1.718923072980709321e+01
1.648571122036520720e+01
2.304056026546722080e+01
2.077879876290488426e+01
1.964450010413174752e+01
2.313862490720055476e+01
1.459898687596525946e+01
3.117765853436645784e+01
2.017530501165174428e+01
1.564250901798411064e+01
1.713048349189900676e+01
2.805592781516432765e+01
3.640220422348347284e+01
1.714975723965427434e+01
2.917688079908399246e+01
1.985632139706602572e+01
1.953897300594772801e+01
3.068327713061330542e+01
2.422367796098065185e+01
2.170903034036665247e+01
2.048908602222579489e+01
1.673539512134446738e+01
1.767404459839066888e+01
2.022562833605912758e+01
1.983329302428434815e+01
3.785826611524804974e+01
3.645714996379177819e+01
2.222844513785009468e+01
2.242228899279185228e+01
3.885163716828014913e+01
2.514795950090379151e+01
1.358855599067377895e+01
2.036548915893281020e+01
3.912976855133681653e+01
2.982840080379937930e+01
3.814015873700742532e+01
1.930222980685794454e+01
1.420906458391133320e+01
2.886588179546980726e+01
2.055111582370280487e+01
1.606871285989693021e+01
2.616473321318770928e+01
2.271961246392758227e+01
1.564738159825974151e+01
2.632766172767179214e+01
1.350186902098760555e+01
1.812995739041454968e+01
3.087786400669078191e+01
2.238771696347247797e+01
3.340602363830337396e+01
2.179466552820338876e+01
1.781643470562163856e+01
3.538741320401650370e+01
2.298525155355982008e+01
2.020423279134698902e+01
1.544101530388410204e+01
2.364198074158159812e+01
2.240331247934238235e+01
2.689822266035287868e+01
1.194573691217566846e+01
1.441573892002394430e+01
1.952869438937974422e+01
2.417350434794148129e+01
1.277890160022154475e+01
1.701316493081692016e+01
1.813462851290704947e+01
1.153545413455462487e+01
3.289852926781122733e+01
2.700381650818963664e+01
2.231852274229550304e+01
2.172450888632214472e+01
3.320246645743816316e+01
1.796002968587107418e+01
2.945818912901965803e+01
1.709067078805990647e+01
3.196707019612713907e+01
1.753001111257188427e+01
1.873829529053543652e+01
2.527000648951680617e+01
3.270806089621213175e+01
1.892706118923808134e+01
2.796078627309551123e+01
2.261217892019989151e+01
1.339305266393818172e+01
2.350732009156271118e+01
1.441479884568527225e+01
1.153040707429679479e+01
3.467881590284853388e+01
2.417299177614195571e+01
3.439978081661747211e+01
2.485039238218799795e+01
2.186888854792594827e+01
2.866421424989704647e+01
2.182028797387916441e+01
3.543162905043696043e+01
2.386234055214386629e+01
2.641011532366120917e+01
3.572351832651722248e+01
1.452965015468552679e+01
3.100903772040008377e+01
2.009722516655537206e+01
2.168990531889199502e+01
1.906145684163577769e+01
1.469222521658446112e+01
1.942104023251996381e+01
2.413627525735156354e+01
1.943618247659976106e+01
1.401690929652557038e+01
2.792691696023371151e+01
1.341500434966906852e+01
2.434583894751769861e+01
2.746581175200693536e+01
3.572890370071232979e+01
3.312134847525291548e+01
1.739082422248943516e+01
1.755448913753825124e+01
1.726576764128176578e+01
2.401554156082072566e+01
1.470253974871846125e+01
2.200649052569431063e+01
2.399376690880007601e+01
1.620908885105075115e+01
3.691331669799856030e+01
2.871251539421157162e+01
2.152544185020726886e+01
3.084496766381523614e+01
3.664538781089577668e+01
1.600957177640500717e+01
3.991048124065773095e+01
3.659438348535059760e+01
3.840713456774128787e+01
1.943216153982298167e+01
1.325960878481853733e+01
1.984830945900566945e+01
1.934064646927730280e+01
2.920777649485954086e+01
1.898924669336264870e+01
2.804179447647928569e+01
3.050676419140376083e+01
1.229350155120188859e+01
1.472914320875789151e+01
1.925169202302620519e+01
2.903542864461658723e+01
2.230600527406959088e+01
2.015565043314054350e+01
2.138397685382282276e+01
2.221989067615476188e+01
2.965075432831806879e+01
2.351125249193593447e+01
1.623885976030458878e+01
1.893151388342040775e+01
1.694135928121265522e+01
2.091570225948864703e+01
3.875445017773834877e+01
2.538644255338707012e+01
2.123859282192060860e+01
1.519207751357655489e+01
1.792784882166451510e+01
1.392135424585401182e+01
1.678493233953660280e+01
1.821636335790045891e+01
2.022528450738208505e+01
1.708664376071540048e+01
2.539749581303531301e+01
1.572945857558339711e+01
3.300685568384973578e+01
2.879991959797577650e+01
3.666867185437108390e+01
3.464711699325083316e+01
3.870628974006484668e+01
1.596828440742866562e+01
2.231702700117557114e+01
1.434443774376368452e+01
2.771131706928868610e+01
1.955198308185451594e+01
1.809125413834356166e+01
2.127381046391423070e+01
3.074817776816877313e+01
2.902619620203575934e+01
2.196932588348671800e+01
1.713525127593320718e+01
2.131782044021296230e+01
2.329761977144013230e+01
1.417001819374815419e+01
1.534762973387451801e+01
1.428833620710851271e+01
2.605058133790979014e+01
1.489654782817878953e+01
1.380458560048671046e+01
2.465181046291851175e+01
1.849421824005747794e+01
2.977816841190496788e+01
1.435744766585083099e+01
3.254385840677097264e+01
2.487719313823978240e+01
2.568093979922664261e+01
6.189761807172070363e+00
3.349193872469290056e+01
1.700159068606139812e+01
2.916540683502735831e+01
1.719139613659447718e+01
2.239672170537881968e+01
1.848580854086850067e+01
3.033879393352150089e+01
1.742617203847915164e+01
1.885647257524172815e+01
3.005629672665292418e+01
3.194579270360059553e+01
1.609241918531120064e+01
2.698316025541249275e+01
2.784339876437823591e+01
1.523467532720137108e+01
2.625525860941841927e+01
2.071992669700050982e+01
1.406527577781702121e+01
1.835863013828593537e+01
1.999797839245265507e+01
1.948701044162901042e+01
2.512393238828618536e+01
2.715436050867543827e+01
3.525502188879555376e+01
1.439905477756235541e+01
2.109702049772131360e+01
2.492067332641535060e+01
1.907691474792432729e+01
1.846451269718843946e+01
1.638073569897751369e+01
3.083503252297166597e+01
3.021772068550701817e+01
3.809271229795750457e+01
1.512031746957052469e+01
3.749956241443140925e+01
2.162280671344468175e+01
1.428455865471350350e+01
1.985143839179029612e+01
2.695079500233867620e+01
3.715124352413429420e+01
1.508042695777703557e+01
2.842238248266985678e+01
3.328468465532685627e+01
2.360843457047516125e+01
2.097515397308712082e+01
2.624186975235800645e+01
1.697547225756011358e+01
3.449115142732026840e+01
2.743775015321390498e+01
1.434680616566932443e+01
1.998902319369597080e+01
1.787939492249540052e+01
1.681204649446678445e+01
3.815461982314503331e+01
2.742446242242585441e+01
1.673040845487616934e+01
1.590358616060767183e+01
2.207835833989701868e+01
3.556368766765363176e+01
3.888412000974361149e+01
2.339024766341272965e+01
2.318702004559004237e+01
1.160478044967103095e+01
2.896732840234360751e+01
1.485519124872235608e+01
3.037920345444173620e+01
1.931514101902386926e+01
2.891680970142624574e+01
1.706105666253253261e+01
2.707564761983813284e+01
3.516559744187453873e+01
1.700894993359214880e+01
1.411564658706823039e+01
3.700460470797838752e+01
1.963494934803548730e+01
3.653580429721539957e+01
3.813036819374229225e+01
2.455617569660263300e+01
1.964698037213708659e+01
3.978200370502495531e+01
1.619973447314631443e+01
2.857819704607888767e+01
1.977864990879172780e+01
2.072331501078608795e+01
2.238332839103159699e+01
2.132822654727227274e+01
2.926105645663398036e+01
1.841991351438032254e+01
2.440854133527062686e+01
2.711478507822423367e+01
1.889127825362173141e+01
2.802599559514140637e+01
1.791707870168732697e+01
1.586427635403956593e+01
2.849014451577917839e+01
3.492407446279721484e+01
2.377471399874831803e+01
2.689833520246089194e+01
2.500123810544969061e+01
1.712661546829628278e+01
1.705172047687249304e+01
2.081611652872224028e+01
2.262094972149438021e+01
3.689151359248078421e+01
1.474755725926203986e+01
3.130463784092633972e+01
2.173858237915812808e+01
2.382295580237858701e+01
1.910162320912883871e+01
1.421394093134312797e+01
2.869626614431687628e+01
1.871831211063200584e+01
2.149982930047148955e+01
3.896667337652989005e+01
2.634364035142799310e+01
2.121726683626037513e+01
1.902216771791669814e+01
1.898353337501017890e+01
1.537090798392938851e+01
1.730684376676003211e+01
1.370661089863648030e+01
2.394937246644056827e+01
1.445128870834339452e+01
1.042051335849005866e+01
2.247480388884180158e+01
1.338404675604785510e+01
3.369117839513899781e+01
2.278406518911636880e+01
3.184882985719044513e+01
2.433440735019667045e+01
2.849305792186171615e+01
2.271694478406109852e+01
1.733641387994317284e+01
2.752438661979309842e+01
2.052599595454136505e+01
1.472547990563721321e+01
2.998681547221153920e+01
1.975767254030969866e+01
1.590027685394125179e+01
1.489033890194056475e+01
1.730886333875069027e+01
1.208165697243106251e+01
3.241848830107386448e+01
1.967843584611055974e+01
1.988415449022755865e+01
2.078813604059581266e+01
2.011060754935079942e+01
2.337467412345766604e+01
3.710070800815704928e+01
3.860507379008031847e+01
2.378444717913658124e+01
2.817646657221338202e+01
2.611516795520461898e+01
2.406382438248147437e+01
2.825995655432780751e+01
2.501652106211599857e+01
1.933722088509943404e+01
2.025582449982613298e+01
3.575354425182831619e+01
2.304003299746277378e+01
1.536616820637812175e+01
1.678563474032347003e+01
2.115580836757012406e+01
2.092955168774756203e+01
2.173227438812302736e+01
3.076444522283049565e+01
2.361308511101231034e+01
2.293520286088432414e+01
1.705789860779250233e+01
1.927902234217103583e+01
2.290616702120047776e+01
1.685992346001358300e+01
2.380691862018386473e+01
1.621267040087019851e+01
1.822135463191897742e+01
2.892986525117623131e+01
2.284891964421699129e+01
2.983763003243978318e+01
1.978194088087682445e+01
3.370926019812490892e+01
1.787639049731475893e+01
2.596681872840332872e+01
3.630520861793040410e+01
1.786778859766270955e+01
1.960378645525432972e+01
2.575543741655925700e+01
1.759204873645515477e+01
1.428585242322845872e+01
1.757777514663033713e+01
1.726499990988002153e+01
3.174660241318339615e+01
2.771317618647510272e+01
