1.282404082390173627e+01
9.319772163296086376e+00
1.279307512120024271e+01
1.032092192304130229e+01
1.341275030937049983e+01
9.189625870608894687e+00
1.350280316538359848e+01
1.284687094905352822e+01
1.387850204824150779e+01
1.378721870234862124e+01
1.293427077928656210e+01
1.274204373879929264e+01
1.398173656044866320e+01
9.321548110325666769e+00
1.337389695155161107e+01
1.396670989742492885e+01
1.392151456673093080e+01
1.082173257887273365e+01
1.390537717623067593e+01
5.827692565210194076e+00
1.395581432736643457e+01
1.043674088117414556e+01
1.392265849959848900e+01
1.306604631786712645e+01
1.316024459096754207e+01
1.356814985639572413e+01
1.341782449106347919e+01
1.375052224892207953e+01
1.361708431667736896e+01
1.395163905377707891e+01
1.220805663955578702e+01
1.400048162339819413e+01
1.351765724350596543e+01
1.105561585949400794e+01
1.389098059357247372e+01
5.857853941872674497e+00
1.154283321867264434e+01
1.398007596065869329e+01
1.280827231388934884e+01
1.385044504616215733e+01
1.375006304535999035e+01
1.375003639763579599e+01
1.252874245407679865e+01
1.298781219410791365e+01
1.358974291244046029e+01
1.375005564138487912e+01
1.368082917955936573e+01
1.376851316661051783e+01
1.363110253972005381e+01
1.391727661437885111e+01
1.384011891920705040e+01
1.313760803088969453e+01
1.377332663245893585e+01
1.274137488750801772e+01
1.086363260318469592e+01
1.036878092092258541e+01
1.316881770243947258e+01
1.291080599517036198e+01
1.121790993222149346e+01
1.391657305762875829e+01
1.033572390005837960e+01
1.385216105836828149e+01
1.396006673038509760e+01
1.306724654354908743e+01
7.732828073748551745e+00
1.398262024135859960e+01
1.048986541262481786e+01
1.288451231454123658e+01
1.366019572008309524e+01
1.371460355786081919e+01
1.331161820378913063e+01
1.347357474142745914e+01
1.345251322950248074e+01
1.399462092077502007e+01
1.303866181854191453e+01
1.288773920647959770e+01
1.273917354936158297e+01
1.342933814649848046e+01
1.388081952312564482e+01
1.309811803716837275e+01
1.375013855903049276e+01
1.177378051712542373e+01
5.791772835221836502e+00
1.324614609806194387e+01
1.391351678663099456e+01
1.330705575590704726e+01
1.363424895231182887e+01
9.292119226817430189e+00
5.810172395544230817e+00
1.375159543363832526e+01
1.385049599948466259e+01
1.282806599372692880e+01
1.383106853117898360e+01
8.751289302945711057e+00
1.376472183134531591e+01
1.391708748274561813e+01
1.383776280184268437e+01
5.972534813524551289e+00
1.282698264978452585e+01
1.318197712072050187e+01
1.343161673781236232e+01
9.210857394756878591e+00
1.385584025871605007e+01
1.370845817231337094e+01
1.366087411333668911e+01
1.256533953978181195e+01
1.375020163009848773e+01
1.361853730958869413e+01
1.280633933015182002e+01
1.380125848979352909e+01
8.871896424050390806e+00
1.363665975775463579e+01
5.964028964857776671e+00
1.387585041443036360e+01
6.381077156452558796e+00
1.344471853587572774e+01
1.301816106199403578e+01
1.395892422897314589e+01
1.298816529552568078e+01
1.316915906833930094e+01
1.395678241720377244e+01
1.229581582178857069e+01
1.386083265228196204e+01
1.394866402320897336e+01
1.103004259153772004e+01
1.385075010819160468e+01
1.384997883192561119e+01
1.253575209061647833e+01
1.312596544724826586e+01
5.808011200047388911e+00
1.312927944127243229e+01
1.301992646392325170e+01
1.287914768717046066e+01
1.305972449253731504e+01
1.381263065030984905e+01
1.300153173275274732e+01
9.443189629406827379e+00
1.226466168513336896e+01
1.392605989414018275e+01
1.399991384406957096e+01
9.449211883982655991e+00
1.395344814224293728e+01
1.381548284399983295e+01
9.350378686495030678e+00
1.277664684938583051e+01
1.309166457663720529e+01
1.377538147095140530e+01
1.109512256855820489e+01
1.390522579449469376e+01
1.369083796925895236e+01
1.335684575782010164e+01
1.269873440374115603e+01
1.393780830453914987e+01
1.347297725240679611e+01
1.352832252538871849e+01
1.200036363628940350e+01
1.381507326021422344e+01
1.375052224892207953e+01
1.010832609873196120e+01
1.311939182841057772e+01
1.317521505012772920e+01
1.375231422431677686e+01
1.060245362935257418e+01
5.230728640860730749e+00
1.358337416773319362e+01
1.215315794090567181e+01
1.375360616644493206e+01
1.357535155464235643e+01
1.052328180916200751e+01
1.375076365227594266e+01
1.022441028514303873e+01
1.238299044499873247e+01
1.206499712097533283e+01
1.316671288456701561e+01
1.389902374827354947e+01
1.276767081226842393e+01
1.390418726028473273e+01
8.626011906339705604e+00
1.351461294780897227e+01
9.022542587971608796e+00
1.257531327362500662e+01
1.394306671946676346e+01
1.355116550885432503e+01
1.400014708487395509e+01
1.375064784324159106e+01
1.374984505764966158e+01
1.391129683146481000e+01
5.841595124553671248e+00
1.387091126442931710e+01
1.317947072536644271e+01
5.780123284780475323e+00
9.942728083785342008e+00
5.864050659379634212e+00
1.325539244987956700e+01
6.655832894430426805e+00
1.383067524795949055e+01
5.871372401116036421e+00
1.385165041483680781e+01
1.380221875690368805e+01
1.127595347007416215e+01
1.267760448847953825e+01
1.229803245179570936e+01
1.319380524749651329e+01
1.375174768410218995e+01
1.380989089214823196e+01
7.973353457123813826e+00
1.232611787045926199e+01
1.280841461912026347e+01
1.355452113126794522e+01
1.349996319915616994e+01
1.313979765097758090e+01
1.385047241274371999e+01
1.344402497372602312e+01
1.194391700829077507e+01
1.243645332876616116e+01
1.377223526834018408e+01
1.312711665772435587e+01
1.047606571402430120e+01
1.288897049972024078e+01
1.382080652778810403e+01
1.201941941767392485e+01
8.433829996049492905e+00
1.321401093303496310e+01
8.671677636694248292e+00
1.398534771144365507e+01
1.371722001068034658e+01
9.641470085350622554e+00
1.375046401332856050e+01
5.906930396436043118e+00
1.178202956837287019e+01
1.349913192155662500e+01
1.317465731330221423e+01
6.004336086758338631e+00
1.302630253754853840e+01
1.381061292793065043e+01
1.283092478853353491e+01
7.503067710576326377e+00
1.336006158678661038e+01
7.566879447831663441e+00
1.372024193622808852e+01
1.302413317642711021e+01
5.756058367643658080e+00
1.357702568097590401e+01
1.088817984433874919e+01
5.721929789767975727e+00
1.271313043956847721e+01
1.066361941823517867e+01
1.382332828562322824e+01
1.375640501677200866e+01
1.267935581291785496e+01
1.390685614333412445e+01
1.350767436455078396e+01
1.363818047529304245e+01
1.227465227714765206e+01
1.379098450323624547e+01
1.378877889468813578e+01
1.383439549372276645e+01
1.385876893259028719e+01
1.362547929277086212e+01
1.379112961787190628e+01
1.397169610574452037e+01
8.286494466880364840e+00
1.229096214007454435e+01
1.357284816883087153e+01
9.542062402336346949e+00
1.173463652789071787e+01
1.259400891798262911e+01
1.355107147585059124e+01
5.484119220078008006e+00
5.379489010589610487e+00
1.375039640197352497e+01
1.250834314856203378e+01
5.810554753797272376e+00
1.135551213065835086e+01
1.314787909446192060e+01
1.375037406373604654e+01
1.289354191557912443e+01
1.286986891055714821e+01
1.175300429633809962e+01
1.396677392083481983e+01
1.396272597817235095e+01
1.155867686809855499e+01
1.380366851263203998e+01
1.300917828101025187e+01
1.363798568191931793e+01
1.400032804426056288e+01
1.394082807661269285e+01
1.375254197330227157e+01
1.310465217509855407e+01
1.308042013102711820e+01
1.319243369255324616e+01
1.346782697247614635e+01
1.337977188494662428e+01
1.386944523052324207e+01
7.728676108453585769e+00
1.240282245515003368e+01
1.399623646284952905e+01
1.391351678663099456e+01
1.279024248158124522e+01
7.716710103822734368e+00
6.609894006608191930e+00
1.010908655952979096e+01
5.804630681579490137e+00
1.352545015883025670e+01
1.389839173701546926e+01
1.327184405749317264e+01
1.153188559664094903e+01
1.352033408679051618e+01
1.181656965839234275e+01
1.388421049196911738e+01
1.260536135866745511e+01
1.348220621415507736e+01
1.147337916888325893e+01
1.350264364716681342e+01
1.247861809824327750e+01
7.546098233791171950e+00
1.352542810955245045e+01
1.376488330038499086e+01
5.778044928426242954e+00
9.235441994047999259e+00
1.375078491549983006e+01
1.161456288999887931e+01
1.320906899068752516e+01
1.389366186994503138e+01
1.245337992907367664e+01
1.317531167696344774e+01
1.241834634339389254e+01
1.105561585949400794e+01
1.233968777425900143e+01
1.375020388981126906e+01
1.288482413645967739e+01
1.350767436455078396e+01
5.668530301664476134e+00
5.786032645447015454e+00
1.228982243985993072e+01
1.335174204862708791e+01
1.375001056937921007e+01
9.020581375235082078e+00
1.382558852902212010e+01
1.360195782115870600e+01
1.267200881512403399e+01
1.172700599559283496e+01
1.389881850147027897e+01
1.386362204245342333e+01
1.069497798118649001e+01
1.171276163508198209e+01
1.366011338267831121e+01
1.400006460905424532e+01
1.230764708592450773e+01
5.349349227476642987e+00
1.255205368861597037e+01
8.668035874268408492e+00
1.395212570692331688e+01
1.395115880970377731e+01
1.283170904384330058e+01
1.306426559224265382e+01
1.396006673038509760e+01
7.244447219509697611e+00
9.229581187932032194e+00
1.153904936466924802e+01
1.268327803373372120e+01
6.060345454458857972e+00
1.302153728247766651e+01
1.082692613872281306e+01
1.385163567979024712e+01
1.035443080914001968e+01
5.905711624503079626e+00
1.338208688217603282e+01
1.253873969208352435e+01
1.375023558628922871e+01
1.254519561229205493e+01
1.185657091089652049e+01
1.365884249440957277e+01
1.131723837246988751e+01
1.375059435593284363e+01
1.351748778967549391e+01
1.189607176163980284e+01
1.391636288302683866e+01
1.373531638678548816e+01
1.033242438612390224e+01
1.236846476941398265e+01
1.242234803393756692e+01
8.518470535830093837e+00
1.320589557516745316e+01
1.334477914689928468e+01
1.309610372498056385e+01
1.174373126026767089e+01
1.300970713204285367e+01
1.376054235476083498e+01
1.214029486703848804e+01
8.434665112147442301e+00
1.395665275320912713e+01
1.379868489335925830e+01
1.348156487067713627e+01
1.306202060440064372e+01
1.375032968422506485e+01
1.400035348675781499e+01
1.400005609945838714e+01
1.271505239291378508e+01
1.086364895764327620e+01
1.351447656189097302e+01
1.259674855089374645e+01
1.323488750093742539e+01
1.314933579610614700e+01
1.310465591402179086e+01
1.396967487913866890e+01
1.347172725969590701e+01
1.289851467564554000e+01
1.389522184380983560e+01
1.369965436844534779e+01
1.365885871716591105e+01
1.389238023679021694e+01
1.327738860567784940e+01
1.386157919425248508e+01
1.385295693136158590e+01
9.004153483226982502e+00
8.749225217448994840e+00
1.371085244154128802e+01
1.354280551193221882e+01
1.270568924346917328e+01
1.374609223608217867e+01
1.385965490293375879e+01
1.399984849238872719e+01
1.267208193702370345e+01
1.178270620939750302e+01
7.139320782930042242e+00
1.303128163377229143e+01
1.392008977531150293e+01
1.329300143456540617e+01
1.077499227594590891e+01
1.193013700607118643e+01
1.363573622876244329e+01
1.368508541061498640e+01
1.391324506829213448e+01
2.656716524371708577e+00
7.580517542558314226e+00
1.185220729901268655e+01
1.348875962354673241e+01
5.682717304285465509e+00
6.944724461034181395e+00
1.382679529777042760e+01
1.320589557516745316e+01
1.385004111213701705e+01
1.284627279755467555e+01
1.306202060440064372e+01
1.199993016874665130e+01
9.713914523521673061e+00
1.153710263255791446e+01
1.381535936510752904e+01
1.366757493038610605e+01
1.074039743630991595e+01
1.388387097734689846e+01
1.208423348758974214e+01
1.229070825120786203e+01
5.839360139082817369e+00
9.647389451799249116e+00
1.399980497522595613e+01
8.811015265684005726e+00
5.935060960055492885e+00
1.280382002824183019e+01
1.380119119266419148e+01
1.371987523718929936e+01
1.181141908931541984e+01
1.251971275115633375e+01
1.342619642547326464e+01
1.107897893854680760e+01
1.261682398980237174e+01
1.325115937979674996e+01
5.501530391457797542e+00
1.147833884711458552e+01
1.368771549163907508e+01
1.398584929684465550e+01
5.758326720753843553e+00
8.613470764940275970e+00
1.238599368859207850e+01
1.282496361394868245e+01
1.370544033976336706e+01
1.280559643214482968e+01
1.207374019608352000e+01
1.321447422738024180e+01
1.242868195496803629e+01
1.282366855037695963e+01
1.193029836298533297e+01
1.393644549276892164e+01
8.657452255729337409e+00
6.439083347315586181e+00
5.781053115300233358e+00
1.266328841530433280e+01
1.389671353010430366e+01
1.015402047522742102e+01
1.242234803393756692e+01
1.327593508862099370e+01
1.327783790983972168e+01
1.376599325192890788e+01
1.157245984169866304e+01
1.233105794436078995e+01
1.396227759150502123e+01
1.377400218105607266e+01
1.316795296934763826e+01
1.398933842105558867e+01
1.388362379555064408e+01
1.385353069749154997e+01
5.804078259202779755e+00
1.320175119434423294e+01
1.379162587733281597e+01
1.388064631199511112e+01
8.107304553441103678e+00
1.362217191646361059e+01
1.390418726028473273e+01
1.344815733569046934e+01
1.282404082390173627e+01
8.427509722621371324e+00
9.573934337803621020e+00
9.819840364387623310e+00
1.354393701610068845e+01
1.345265798534209800e+01
8.751308857070698721e+00
1.211224947934344698e+01
1.400012753566930002e+01
1.268653179281029253e+01
1.156206442284110913e+01
1.391639522715076183e+01
1.380544849008359165e+01
5.754550380940139043e+00
1.393762287247118969e+01
1.381832500684071618e+01
1.388313997666123889e+01
1.385025997938034337e+01
1.215315794090567181e+01
1.364804180619786322e+01
5.662564029995300174e+00
1.400035348675781499e+01
1.033207935054513094e+01
1.399894661626695225e+01
1.253698303602803144e+01
1.203042270983553585e+01
1.375002151465523248e+01
1.270934896440440198e+01
1.372424109585291596e+01
9.784430027740937064e+00
1.247881560681393864e+01
1.323168453588930582e+01
1.266625644169720921e+01
1.220627013537148642e+01
8.660751663134515610e+00
1.294231740690960564e+01
1.391671670930322335e+01
1.261605579481726735e+01
7.938614664745894167e+00
1.393125312712937003e+01
1.399585208291706806e+01
1.375166783136804938e+01
1.375021422070661714e+01
1.373278362131769192e+01
1.399082240019039247e+01
1.340141730526852903e+01
1.147380826886368510e+01
1.250308327362832372e+01
1.361637885972559125e+01
1.215711194191277400e+01
1.360007470749781255e+01
1.266571822041789375e+01
1.397380284514479953e+01
1.304870856195532269e+01
1.275188640015405994e+01
1.369115136021559209e+01
1.369200566852402901e+01
5.779311607849940025e+00
1.386022878842128492e+01
1.318220368706644763e+01
1.103281389020335368e+01
1.375016551606846349e+01
1.377538147095140530e+01
6.050201807401252907e+00
1.385006413628181576e+01
1.165474395942596075e+01
1.374323747580345945e+01
1.012971597068724527e+01
8.428819136899805997e+00
8.408502181464875491e+00
1.255567174381767792e+01
1.386006579932353944e+01
1.399781327417171539e+01
8.704098483245836348e+00
1.388461854292223840e+01
1.187522303721252648e+01
1.160194639017836948e+01
1.205565304594164999e+01
1.262453213602821478e+01
1.360044646204703511e+01
1.105491578042940404e+01
1.204907132551361393e+01
1.361451993453182752e+01
1.317993310985925781e+01
1.107984809824112560e+01
1.400049680508875127e+01
1.398262024135859960e+01
8.080813082964755978e+00
8.751572104481159187e+00
1.235313741709921409e+01
1.347357474142745914e+01
1.294853959912006935e+01
9.521698401000508127e+00
1.339440094205721365e+01
1.377470038470842439e+01
1.360046565223460036e+01
1.312309316656820890e+01
1.348769964690548306e+01
1.385155824887439024e+01
1.140305889142424611e+01
1.391639284666371879e+01
1.397043729771024800e+01
1.313901655821602432e+01
1.344608260040478420e+01
1.155813993769924508e+01
1.397653100121420700e+01
8.734611613231777483e+00
7.411251722944919074e+00
1.233346250201929983e+01
1.274337539503913774e+01
1.318283459144287484e+01
1.385123865276865374e+01
1.393644549276892164e+01
1.318611019251916971e+01
1.396006673038509760e+01
1.375152074532920210e+01
1.384355109802441142e+01
1.050097694188095510e+01
1.332748831686744317e+01
1.388637319413533433e+01
1.395946084006274823e+01
9.982379807444576869e+00
1.337244885131624272e+01
5.714408084126820775e+00
1.396431448635577155e+01
8.371454082306726718e+00
1.380366554122299405e+01
1.252922711475144624e+01
1.016547583015220368e+01
1.378939407127001715e+01
1.398001141455449314e+01
1.360016039941401189e+01
1.261910449355624486e+01
1.349718947337426300e+01
1.013283605928490161e+01
1.336224849203107823e+01
1.385004216776897223e+01
1.159290804735005409e+01
1.309904713083757422e+01
1.320175119434423294e+01
1.397833603061261165e+01
1.171982569593417978e+01
1.363098511640957433e+01
1.165874430278896057e+01
1.366523241681219503e+01
8.561190090192621227e+00
1.385016009000437975e+01
1.399995377839948318e+01
9.627928530847734478e+00
1.242080197832495969e+01
1.009114284290263086e+01
1.393507380003942053e+01
1.262165607844848125e+01
6.143982387605513296e+00
1.255372808955250896e+01
1.337265532262716583e+01
1.378596392578755037e+01
1.375019364943394251e+01
1.394830142219270286e+01
9.716114556819309911e+00
1.059913648293734667e+01
5.765574077836980393e+00
9.294994953280600214e+00
5.754489752685505444e+00
1.350027052973024055e+01
1.385371320519437788e+01
1.334581524155486143e+01
1.398985539647705068e+01
1.320093644051387827e+01
1.246622666709811256e+01
1.306777370496191715e+01
1.368374248398603577e+01
6.699575162071424117e+00
1.375041077724904071e+01
1.393471701031393550e+01
6.971360744627704165e+00
1.155748820987124859e+01
1.375006454876821493e+01
1.385008032784592835e+01
5.330902257185206494e+00
1.348150215845999078e+01
1.227819387031850340e+01
5.670420013069056075e+00
1.350023783057363858e+01
1.336281978903767254e+01
1.367024532315465279e+01
5.791452096406043637e+00
1.375111734240478256e+01
1.381381951187522716e+01
1.388797956135494793e+01
1.145236290043567351e+01
1.327737568179212957e+01
1.195573365468903937e+01
1.117299384380613603e+01
1.385135226813664389e+01
1.381113608994137998e+01
1.216397682445684403e+01
1.385027278143394369e+01
1.398788752528343338e+01
1.386012743283776771e+01
1.292041403701881563e+01
5.162520283072005611e+00
1.348220621415507736e+01
8.115586301276136894e+00
9.206485491244652763e+00
1.261452139495226810e+01
1.340036365708378696e+01
1.333636920631975720e+01
1.397726278883330053e+01
1.392927449991637090e+01
1.216623507199542686e+01
1.385521702465010030e+01
1.220728617873225552e+01
8.115586301276136894e+00
1.133703454372779618e+01
1.313787812655160359e+01
7.109029957744969153e+00
1.311475576122113651e+01
1.375022936519052053e+01
1.288847184919837474e+01
1.239809425973177781e+01
1.382246676829762677e+01
1.329527003684539643e+01
1.328917360645968238e+01
1.362177265387648362e+01
1.373344098808111902e+01
1.239069417002528617e+01
1.372438055660006384e+01
1.273428175075642521e+01
9.321548110325666769e+00
1.363665975775463579e+01
1.371987523718929936e+01
1.359900535706894331e+01
1.282972166081273713e+01
1.315122517530558710e+01
8.536202128320079296e+00
1.385420397908979062e+01
1.246662661887463486e+01
1.166662995713230444e+01
8.842377647655727202e+00
1.301648969261077582e+01
7.440009524716921341e+00
1.346782697247614635e+01
1.373344098808111902e+01
1.384457232146952599e+01
1.343298919946029990e+01
1.197959325231695971e+01
1.394375619129219146e+01
1.302683061765624650e+01
1.375071133617616681e+01
1.375153027758415902e+01
1.243575475187231127e+01
1.319243369255324616e+01
1.315126231247777611e+01
1.379696010352971136e+01
1.399090359620442925e+01
1.069830379097493633e+01
1.263664283861461790e+01
5.735556578448920639e+00
1.229085819274699887e+01
1.353547544869884689e+01
1.136774984130917332e+01
1.383822659461021942e+01
1.375087233975073886e+01
1.356100116910125131e+01
8.674489711435207084e+00
1.374564484200151782e+01
6.449681416298975734e+00
1.323987361772950244e+01
1.125350062317103905e+01
1.292640808381301021e+01
9.985146475958448065e+00
1.374555306978007607e+01
1.385822728162535000e+01
1.364268526712737994e+01
1.274498862504372809e+01
1.359778805664320522e+01
1.337757636307277487e+01
1.307906812385065187e+01
1.391611729624460914e+01
1.378244084438145123e+01
1.031814306627081201e+01
1.329404794354045194e+01
1.252406792104872935e+01
1.303318659175370087e+01
1.364804180619786322e+01
1.168771479808321345e+01
1.288486498502922117e+01
1.305198874823935995e+01
1.372722831768272833e+01
1.310650374505206273e+01
1.301648969261077582e+01
1.384778069619762420e+01
1.163474574849103149e+01
1.311493597451412008e+01
1.348581567970116524e+01
5.831856533635860984e+00
1.364717375604034544e+01
1.375003822843894952e+01
1.388862204337920225e+01
1.394306671946676346e+01
5.762858684026736178e+00
6.098037397279067129e+00
1.365034370446381295e+01
1.344799060182687356e+01
1.274667387064645752e+01
8.626011906339705604e+00
1.353767203908690675e+01
1.387889937362767867e+01
1.335621353627138319e+01
1.362208470884034028e+01
1.349212253666162020e+01
1.359852026842783701e+01
1.131846737742986519e+01
1.273755297676411935e+01
1.301710679446477670e+01
1.363314239145947937e+01
6.892835102486313481e+00
8.508674664592341230e+00
1.362799672250699068e+01
1.393385603424179742e+01
1.371371804846324949e+01
1.294808803997559998e+01
8.598053596979234214e+00
1.400055189866484184e+01
5.732122666525455656e+00
1.368440201026429293e+01
1.377300372712694454e+01
1.351995877966397686e+01
1.276384130168431241e+01
1.362767763914818353e+01
1.389366186994503138e+01
1.386493362588646683e+01
1.273351006260149987e+01
1.388354786731609991e+01
5.842604683552286460e+00
1.257147036934203932e+01
1.270276436286057020e+01
1.400038753611898201e+01
1.328155946508599783e+01
1.327608463927097660e+01
1.289896448417865393e+01
1.365289877146549991e+01
1.378345331944010610e+01
9.365827924599171794e+00
1.064550572051307675e+01
1.340156886431257277e+01
7.213761792037429288e+00
1.352888071805892878e+01
1.397949535131240850e+01
9.563810166999044071e+00
1.022441028514303873e+01
1.092532267647395372e+01
1.375025224642131150e+01
1.400014708487395509e+01
1.141511389063859383e+01
1.194169299866069878e+01
1.396920036383930430e+01
1.316052023429701734e+01
1.385047090218902355e+01
1.320625262968037106e+01
1.063236137635661294e+01
1.103826877488986113e+01
1.215558348432349689e+01
1.375010525647501325e+01
1.326644207980672441e+01
1.218080691681953631e+01
8.883472020168071026e+00
1.371311948290086136e+01
1.385959925596589315e+01
1.385081561086013835e+01
1.398837192342153912e+01
7.604740356930143719e+00
1.358419695391350324e+01
1.396614316057409333e+01
6.282841305258870968e+00
1.149321187457303850e+01
1.291167018932559252e+01
1.382639924370618445e+01
1.383168651535743265e+01
1.368761267540113913e+01
8.350914972935628455e+00
1.352377594773748548e+01
1.393498597575333164e+01
1.399999361627864758e+01
1.354239952148100912e+01
1.088935762540526575e+01
1.389394213047472348e+01
1.259400891798262911e+01
1.110038327654569024e+01
1.219252092915266417e+01
9.811622883462140621e+00
1.305326491976467551e+01
1.367712550012013040e+01
1.385396334077026737e+01
1.314743284430879733e+01
1.396000700166693420e+01
1.096360928381082189e+01
9.754017792083686800e+00
9.799048741841865251e+00
1.306426559224265382e+01
1.220533810310174339e+01
9.023308687994434862e+00
1.006536854813696280e+01
1.019051839650187574e+01
1.082138902652905799e+01
1.235862068427282345e+01
1.390023983465653501e+01
1.132417161084856971e+01
1.189553865237481922e+01
1.278836428111614154e+01
1.156561086505411318e+01
1.380644713818750979e+01
1.251667199438529465e+01
1.230465941764835414e+01
9.589743909734453453e+00
1.309296076825156518e+01
1.345854140949687583e+01
1.193422553029543387e+01
1.256599290919254841e+01
1.368149362672624747e+01
9.061519554419206202e+00
1.378549211436941491e+01
1.332379370293265275e+01
1.329114211880427199e+01
1.366310249204841654e+01
1.376194640518962409e+01
9.239204109467582526e+00
1.385048156836948507e+01
1.214748858308481161e+01
1.366813972778105146e+01
1.355003428842063684e+01
1.160163282919346628e+01
9.127931958464294837e+00
1.324725710864835548e+01
1.293632460408851159e+01
1.250622459310204171e+01
1.323837362780887439e+01
1.074804882638537507e+01
1.217515588925605208e+01
5.872874641165842569e+00
1.385521702465010030e+01
1.251432828791822338e+01
5.870786044048805330e+00
1.394370491802615675e+01
7.580517542558314226e+00
1.277055253541516677e+01
1.380130130188575066e+01
1.358373651599644027e+01
1.375052224892207953e+01
1.049066637737231922e+01
1.375463129838188792e+01
1.032756942313233495e+01
1.261846663449152572e+01
1.330723095299582859e+01
1.119804271675275054e+01
1.266622048806273249e+01
1.083574374799644602e+01
1.375023558628922871e+01
1.363929775862578708e+01
1.376175489464838364e+01
1.220309252307901637e+01
1.319157704033726652e+01
1.394460363387658575e+01
5.230728640860730749e+00
8.690578941911079269e+00
1.290096877586288038e+01
1.147555601502233635e+01
1.321739320384536853e+01
1.246662661887463486e+01
1.395665275320912713e+01
9.264349233028454478e+00
5.763470040736011768e+00
1.375239931497220169e+01
1.343919557100271689e+01
6.990544194836488145e+00
1.390061050125530073e+01
1.353087703522953511e+01
1.184408013592139497e+01
5.823577039815674539e+00
1.375222418764421306e+01
1.280201007141719316e+01
1.017041939282776930e+01
9.305807002701703468e+00
1.326022004933963139e+01
1.346963024704798606e+01
1.004303808084015159e+01
1.384203589353559138e+01
1.230465824237752237e+01
1.375036591398011510e+01
