1.656592629550153006e+01
1.459363860151892567e+01
1.484462482425887941e+01
1.508049243874966550e+01
1.507448259996700202e+01
1.579573007269895157e+01
1.716314653581187599e+01
1.758383332654311459e+01
1.717648193815780644e+01
1.525078964258194070e+01
1.825952969011721549e+01
1.439676195897348876e+01
1.819944491954078458e+01
1.682986440544820539e+01
1.734232375544699067e+01
1.492879574577746027e+01
1.745453456255397029e+01
1.810999424842345107e+01
1.854955258078763691e+01
1.412330889921040011e+01
1.574350941457282360e+01
1.644133984764272682e+01
1.727336054346873695e+01
1.793160278089909809e+01
5.591722913647090287e+00
1.550015452063497534e+01
1.720290052480801890e+01
1.385304025250155746e+01
1.689210971576310172e+01
1.443120888765757570e+01
1.569452287185396244e+01
1.447577194194653138e+01
1.773657304289882930e+01
1.391569617512088897e+01
1.324160409307187791e+01
1.428432565363616646e+01
1.695486291480382945e+01
3.087215001315035678e+00
1.691538202515727818e+01
1.836810141220811232e+01
1.440181368380066118e+01
1.472827575656768673e+01
1.386577321156478781e+01
1.828658770405822409e+01
1.493409987221016877e+01
1.626604645529816651e+01
1.622028824838405114e+01
1.307984260936565590e+01
1.671791473071037970e+01
1.442546166689417930e+01
1.548892171122351158e+01
1.431534641848558209e+01
1.748082589863340175e+01
1.812430194294875463e+01
1.639530124391166765e+01
1.853606714370230790e+01
1.782796882393440541e+01
1.662954758987964965e+01
1.603142431402613610e+01
1.766430491916348444e+01
1.773029941589596348e+01
1.825952969011721549e+01
1.400095700738140714e+01
1.804312756099291448e+01
1.379784194638295425e+01
1.673460865284991783e+01
1.471550587453736014e+01
1.751797505510131003e+01
1.375142476675808112e+01
8.084218901064190277e+00
1.591646762835907936e+01
1.624284431252769068e+01
1.492127373972906312e+01
1.422449694673860421e+01
1.046743101658943687e+01
1.502910065678300455e+01
1.523027335019214767e+01
1.281926743521296075e+01
1.667056804843049278e+01
1.499512822725700545e+01
1.400170266405589814e+01
1.463836989823461820e+01
1.461575495502880173e+01
1.739226615792107822e+01
1.756461723902582150e+01
1.842045278769088412e+01
1.445971246310806890e+01
1.059054442072083013e+01
1.744988073749446045e+01
1.127592760577512188e+01
1.788723680541060190e+01
1.423152227101235567e+01
1.864442034506763690e+01
1.709603756757002913e+01
1.748160390610147630e+01
1.645582921331110882e+01
1.459650688107039329e+01
1.850746759839427824e+01
1.541679332967366634e+01
1.826276501018417164e+01
1.703154695905006477e+01
1.810862864665065786e+01
1.802891029516121080e+01
1.459554553876578709e+01
1.733389756312132590e+01
4.121906110864293815e+00
1.361783745247072375e+01
1.816833147639631463e+01
1.441075436942043630e+01
5.768195594619871969e+00
1.417076562312359123e+01
1.421497799217829794e+01
1.431265194490874748e+01
9.065633469984906156e+00
1.837199088362067911e+01
1.658113828682051860e+01
1.645085439551937156e+01
1.289657708367593791e+01
1.734302045552372817e+01
1.730324059848424412e+01
1.637788394373358258e+01
1.497520851648393325e+01
1.507824872000658800e+01
1.693239644839836089e+01
1.846888693725426478e+01
1.591199447383292664e+01
1.648901857534539772e+01
1.689712742027850112e+01
1.716314653581187599e+01
1.424913912031766827e+01
1.683025442295803131e+01
1.612871893687348646e+01
1.385016819228814100e+01
1.822952667229810331e+01
1.729410707347403431e+01
1.836727863198567690e+01
1.552946961403214132e+01
1.433038174880178595e+01
1.476223986475343963e+01
1.428876189230487626e+01
1.850418781396207279e+01
1.442967553170903372e+01
1.682288787171340161e+01
1.501879944003867351e+01
1.586439079801328056e+01
1.608072160238163306e+01
1.646230188711978215e+01
1.454682727499601747e+01
1.445202249087419588e+01
1.635056771378506468e+01
1.380030743291000306e+01
1.444635296856215234e+01
1.381507087208709805e+01
1.831748276825928912e+01
1.748214711090562545e+01
1.555924901184063103e+01
1.454771148072302367e+01
1.833181521760133492e+01
1.767777552064487523e+01
1.725566985933220820e+01
1.385008121518950652e+01
1.824812617609872234e+01
1.542856709153547001e+01
1.855581471571540675e+01
1.762313899498708025e+01
1.665202201408041915e+01
1.679625006162814671e+01
1.438397831604424226e+01
1.444819712347079488e+01
1.651867835166953213e+01
1.364007531538007356e+01
1.789567451777165630e+01
1.462170703430738961e+01
9.552543881017740546e+00
1.386108272068133118e+01
1.602965066732740596e+01
1.548212498947858684e+01
1.773431409467626807e+01
1.812587876582609780e+01
1.722164998027111338e+01
1.412300311358868576e+01
1.773801422567950681e+01
1.691261293392988208e+01
1.851819301149598118e+01
1.611544332592945139e+01
1.721107708385239121e+01
1.818288757280530632e+01
1.586137885138754200e+01
1.776301623446926570e+01
1.607799741525476378e+01
1.738543033973571994e+01
1.426275093382472825e+01
1.820897823583304387e+01
1.768772659148611126e+01
1.703122668119349115e+01
1.859068983845312317e+01
8.617089501805514473e+00
1.825493562360633959e+01
1.400238363470274372e+01
1.376423673511788692e+01
1.464694590705806299e+01
1.693414673830740114e+01
1.812052401106258159e+01
1.638099522590409407e+01
1.628258985109354384e+01
1.430261717434010471e+01
1.008555293644809581e+01
1.444304479855677315e+01
1.364204143571712002e+01
1.653734841370551578e+01
1.600566480071100273e+01
1.722164198312595218e+01
1.747837145445677010e+01
1.759730417037116723e+01
1.815304043006759827e+01
1.778682598658572189e+01
1.696350979461252351e+01
1.392814684817721727e+01
1.383888014328978322e+01
1.539647670914084543e+01
1.440468480019893427e+01
1.845786357871754291e+01
1.722607665083304340e+01
1.860488320329493206e+01
1.484949866746866931e+01
1.577022576358131900e+01
1.795739327522372619e+01
1.810417312147579239e+01
1.493533012322403408e+01
1.518570805807581436e+01
1.630029901698805972e+01
1.201637006421978526e+01
1.593713344335922066e+01
1.756621841765283776e+01
1.795301050906614293e+01
1.675032430647961235e+01
1.684722768286493277e+01
1.743503005511478676e+01
1.753614715650269673e+01
1.432233258903202255e+01
1.482163002995355683e+01
1.795301050906614293e+01
1.368382272507029995e+01
1.636477594801522883e+01
1.686558836102758363e+01
1.582509611764837132e+01
1.417170412127420498e+01
1.559325706936096267e+01
1.392104765807465760e+01
1.810199671148970779e+01
1.770191710015610198e+01
1.515173703346984624e+01
1.401004397507363564e+01
1.475706142078571048e+01
1.672507101341476954e+01
1.548734965680270648e+01
1.676463877814069292e+01
1.729197807682046317e+01
1.813918146955738919e+01
1.506342819464258120e+01
1.505288718626143307e+01
1.744259879948675263e+01
1.354084605621775061e+01
1.620623877056261364e+01
1.771762610307543540e+01
1.404943610120198016e+01
1.756569967343591898e+01
1.196684082452783571e+01
1.571719337599776267e+01
1.628679221046921555e+01
1.578178348142764342e+01
1.601299532817485982e+01
1.752056496858519452e+01
1.539712525726745795e+01
1.863832323155277138e+01
1.329910225925667255e+01
1.850255957011316355e+01
1.784017428301428154e+01
1.458899066867183869e+01
1.184084450479597805e+01
1.719511387794461044e+01
1.804989180575505614e+01
1.623404395351913010e+01
1.547749300595699040e+01
1.723442634156747388e+01
1.431731476914792012e+01
1.647414881804809639e+01
1.731897563280773156e+01
1.559337156973651517e+01
1.433322543014789474e+01
1.777377809550343812e+01
1.765260564184264425e+01
1.819040124646053513e+01
1.709189514953468958e+01
1.140062662215244060e+01
1.521735105434533253e+01
1.402046358554947503e+01
1.360393903255139847e+01
1.616920600091802385e+01
1.757824596468346101e+01
1.798377169547865151e+01
1.489272141552463680e+01
1.531215348773899088e+01
1.860166981472655223e+01
1.490651183846234140e+01
1.620050830025023103e+01
1.433904609988964296e+01
1.733860807412272109e+01
1.818145120868038589e+01
1.549202920312400522e+01
1.798892801622339732e+01
1.666857825254755454e+01
1.837412113155619053e+01
1.667786473373478273e+01
1.518658675308661010e+01
1.739830451322303873e+01
1.722656522086142061e+01
1.800194216007276538e+01
1.657504065221978706e+01
1.428240455131257391e+01
1.486255192010962034e+01
1.677376501612528514e+01
1.443405741064967884e+01
1.438410381839959840e+01
1.828609644032921011e+01
1.391014682840632588e+01
6.006515534573428461e+00
1.685692928437835647e+01
1.786735483219041143e+01
1.447113519641547796e+01
1.532098266585871826e+01
1.858067986739758481e+01
1.443807411805244634e+01
1.596781184513217333e+01
1.629759994680322066e+01
1.611635944826112521e+01
1.699943203871067965e+01
1.632701474515026518e+01
1.682960358105449927e+01
1.623984358851774701e+01
1.769024624948566782e+01
1.670722138616375219e+01
1.591119910921229064e+01
1.569707452513696211e+01
5.988973347477284825e+00
1.648412805331666320e+01
1.666578133938371664e+01
1.623150957034603437e+01
1.484597425131282655e+01
1.791964142303283580e+01
1.828743171185416472e+01
1.853057835575248191e+01
1.560943377879974747e+01
1.438665554801404411e+01
1.399971123435695119e+01
1.417390929175662073e+01
1.113673707962186299e+01
1.219749899842415175e+01
1.584942743825462053e+01
1.754892410654581525e+01
1.635966289787782912e+01
1.806997528424907529e+01
1.491045700132288232e+01
1.637839531043745467e+01
1.620086545885448004e+01
1.554933059038493504e+01
1.612836134385242914e+01
1.624462412240724873e+01
1.366529249044408800e+01
5.918581931596646584e+00
1.864701034043302741e+01
1.456938575181283468e+01
1.851819301149598118e+01
1.406986405991726841e+01
5.768195594619871969e+00
1.624750247541476966e+01
1.853632890911562470e+01
1.527282926513789718e+01
1.491633941577753397e+01
1.831225991793056451e+01
1.861714868614314966e+01
5.798598653415080406e+00
1.838421652722115240e+01
1.510565384580040416e+01
8.666531066040221276e+00
1.748006680312948546e+01
1.603974627685899534e+01
1.819151154708480789e+01
1.768935741858924970e+01
1.378272676658225571e+01
1.421056862859292913e+01
1.506072464058554417e+01
1.591646762835907936e+01
1.432486159299039130e+01
1.732430940332033487e+01
1.466537210769173072e+01
5.778650595343363783e+00
1.527821496823886172e+01
1.602842334588271456e+01
1.263748438733966850e+01
1.475733317588842652e+01
1.648238018913152203e+01
1.548485749307867287e+01
1.510420414978383263e+01
1.518971921446570228e+01
1.525875940749267556e+01
1.351222119317221626e+01
1.432723033774259136e+01
1.537300858906656842e+01
8.130590943851615293e+00
1.856188701880606828e+01
1.812351422022761227e+01
1.552137897507730102e+01
1.641502238621761478e+01
1.568253967849981478e+01
1.781474801913967099e+01
1.839933299356426843e+01
1.810417312147579239e+01
1.696200098941879020e+01
1.367115891687501517e+01
1.533441636670829666e+01
1.428641454825102031e+01
1.796896321753750669e+01
1.781714954603868151e+01
1.464505395486331807e+01
1.756840114968440503e+01
1.489877744058236964e+01
1.434676548213473524e+01
1.767678548809992378e+01
1.454500554457722750e+01
1.801112484795258339e+01
1.493138847322663665e+01
1.677185105761842010e+01
1.263748438733966850e+01
1.568154696170059914e+01
1.859612688632476107e+01
1.508626446965437395e+01
1.588357407357534967e+01
1.581666008989488859e+01
1.409446503485530577e+01
1.590161300780561682e+01
1.705481274222231391e+01
1.505257385603827203e+01
1.708255662808916853e+01
1.419893813790146098e+01
1.459334357737597010e+01
1.758030382005126668e+01
1.574624580810029073e+01
1.863832323155277138e+01
1.531769960021086163e+01
1.643818931965280328e+01
1.551317315263813867e+01
1.467214554561730822e+01
1.688295461373062523e+01
1.837795719034570396e+01
1.764576353787254348e+01
1.454840857057907044e+01
1.614647903505429127e+01
1.572619855940142841e+01
1.636317392666689230e+01
1.631469658997479755e+01
1.842744161314488238e+01
1.024811553183234736e+01
1.687975260602532757e+01
1.046427614783280902e+01
1.466234172223119003e+01
1.487716562231188888e+01
1.703464233780237791e+01
1.801964459111571060e+01
1.849510167799001437e+01
1.722253689715008562e+01
1.807459861625756048e+01
1.627045624581107575e+01
1.765260564184264425e+01
1.451464489951150583e+01
1.829492370888744546e+01
1.685716949650110763e+01
1.709861883860488518e+01
1.566780680833117145e+01
1.390777415142632734e+01
1.395786555228866277e+01
1.642565174723408816e+01
1.518317304169164217e+01
1.442959332589656363e+01
1.290648306639920584e+01
1.310839261768019703e+01
1.424678621465106687e+01
1.723164225298415531e+01
1.561243159904485012e+01
1.435205770000290570e+01
1.420973538922475754e+01
1.567594989542187989e+01
1.542464922404639083e+01
1.744872606388294400e+01
1.666025262859233536e+01
1.672231222147108909e+01
1.621134457320036759e+01
1.845047388425042456e+01
1.385304025250155746e+01
1.736998339388946633e+01
1.677376501612528514e+01
1.429777278326194612e+01
1.721334952213180003e+01
1.551925886605616434e+01
1.473536673244444017e+01
1.486565791250247415e+01
1.725826423422008560e+01
1.611273056403334536e+01
1.074945535428144971e+01
1.610994408518017096e+01
1.689786464594484983e+01
1.634340057174039984e+01
1.558729811854661662e+01
1.397426198234990480e+01
1.716297410873050922e+01
1.557717496978652250e+01
1.753576591547645336e+01
1.863766594801742471e+01
1.799487951787761375e+01
1.707682421320437882e+01
1.724114549495735105e+01
1.816855303719746573e+01
1.617630842385975143e+01
1.592900533742766456e+01
1.847005633268596014e+01
1.489344391162688552e+01
1.375141124202702869e+01
1.449324508138503731e+01
1.419416858473089071e+01
1.441883358103540047e+01
1.684321796985581443e+01
1.155685941636689584e+01
1.424957534415604599e+01
1.490958261428175469e+01
1.787685793080164132e+01
1.853708281344042419e+01
1.674639962279794503e+01
1.614729353478142215e+01
1.826506107774588017e+01
1.789445510379549731e+01
1.524736620465754200e+01
1.541643824616393665e+01
1.563563504139411364e+01
1.852818345358552676e+01
1.435861217617059005e+01
1.501305256814115729e+01
1.690478984973351473e+01
1.616444465697703947e+01
1.733942526666344719e+01
1.437712417215403704e+01
1.642685022804619166e+01
1.799284328887674533e+01
1.542464922404639083e+01
1.366354471146767580e+01
1.665888335680353904e+01
1.600306979354894921e+01
1.429761411160472129e+01
1.462823727181991451e+01
1.864391954539253149e+01
1.703146374246369987e+01
9.243223271558168364e+00
1.375034340978648117e+01
1.581408339261704832e+01
1.618392848821409302e+01
1.378843141568147601e+01
1.369833763781842251e+01
1.281046038756751670e+01
1.629627726055699455e+01
1.444839786815362714e+01
1.565934812520924524e+01
1.438410381839959840e+01
1.662503479330445089e+01
1.760792360379496557e+01
1.864650694702107714e+01
1.446241170399212983e+01
1.609053552205465465e+01
1.749794244845747571e+01
1.790204682308801054e+01
1.852082892514159695e+01
1.780673279718373436e+01
1.770791899279627302e+01
1.541643824616393665e+01
1.703122668119349115e+01
1.287861552725924597e+01
1.864070638888864551e+01
1.742128465198107179e+01
1.416490185054264117e+01
1.470436737644693537e+01
1.476161267914739383e+01
1.675124063466778068e+01
1.819073738122773776e+01
1.541765554005296579e+01
1.747969293465275697e+01
1.627733655739467267e+01
1.652894333060238097e+01
1.119128133596073127e+01
1.595341132981479504e+01
1.186769865759677067e+01
1.640258380454040221e+01
1.854167882257691957e+01
1.807571412028433144e+01
1.436105504544437395e+01
1.816184946216762341e+01
1.502957530096235494e+01
1.611635944826112521e+01
1.616126937418043141e+01
1.589222667701139002e+01
1.735277955188395183e+01
1.589202638437778070e+01
1.400133517666081673e+01
1.743699286616975996e+01
1.416806103108251236e+01
1.422761693677028916e+01
1.701239338364516485e+01
1.857147315659132758e+01
1.504086549939507655e+01
1.515576430238604821e+01
1.409551057790051232e+01
1.675506011088104330e+01
1.574443491539339135e+01
1.679134463521494069e+01
1.399992086009494230e+01
1.462881293187110820e+01
1.792410529263774421e+01
1.437302860937275995e+01
1.827971568613373421e+01
1.842763454949336221e+01
1.620548159003044120e+01
1.492164153298752360e+01
1.682700855215183822e+01
1.620453020868846039e+01
1.650984927681400549e+01
1.461268447447018914e+01
1.568253967849981478e+01
1.702640347738631021e+01
1.425088900444316664e+01
1.680851532997760955e+01
1.436689682526728973e+01
1.522576238905424795e+01
1.430262196645890072e+01
1.634998725258408570e+01
1.810521419683036370e+01
1.398497925732323921e+01
1.431617128490285751e+01
1.551463504697489881e+01
1.725270361811119813e+01
1.513855645327664590e+01
1.525103047697723468e+01
1.834030967114891197e+01
1.634045588932739079e+01
1.004106570150464250e+01
1.506469317274466491e+01
1.510565384580040416e+01
1.492588254889162513e+01
1.826724579762499090e+01
1.861586369196339419e+01
1.823808969603102170e+01
1.751751062372933632e+01
1.745833863550186749e+01
1.258204236343411075e+01
1.844709194563969135e+01
1.769707935573088520e+01
1.586859323823816936e+01
1.369025011010037929e+01
1.862164299359981712e+01
1.569994295902564296e+01
1.562495699196862908e+01
1.439894125025965721e+01
1.433357639552420082e+01
1.635785607170409506e+01
1.746307070236083447e+01
1.532465555696288462e+01
1.483289282175356050e+01
8.871319167997391730e+00
1.459490812022477613e+01
1.281224067968227232e+01
1.841856158302192270e+01
1.598715728992062424e+01
1.436738248928294048e+01
1.686443300550494584e+01
1.841645273616049039e+01
1.835356998539359807e+01
1.756872901532611664e+01
1.515173703346984624e+01
1.769253934078051671e+01
1.790312021697462797e+01
1.799740855490765057e+01
1.380950358644034992e+01
1.546984898626212512e+01
1.725826423422008560e+01
1.854328681290485648e+01
1.562606228556201771e+01
1.417211044363368089e+01
1.450882026669703251e+01
1.819810649062563357e+01
1.443203968783762292e+01
1.745273176815352656e+01
1.719955503047784617e+01
1.425787379373433161e+01
1.531925907150345623e+01
1.548892171122351158e+01
1.807571412028433144e+01
1.625857833922843554e+01
1.360589422922769387e+01
1.451692654670909377e+01
1.391916256037234767e+01
1.416849234269423619e+01
1.826324613944244035e+01
1.457575114016562878e+01
1.788026880128066054e+01
1.622957741118639774e+01
1.616382204272178669e+01
1.455047891399875937e+01
1.778991417199322811e+01
1.624540709871168431e+01
1.829998289042976722e+01
1.446780289696415167e+01
1.556533276622366202e+01
1.453434851777036485e+01
1.443635094814505848e+01
1.462134147397387096e+01
1.486895507633302849e+01
1.645718735615979256e+01
1.674310442238025232e+01
1.737413200835308302e+01
1.360929817443342671e+01
1.733462835660566270e+01
1.563665929358541007e+01
1.535810902744114870e+01
1.701705613718162624e+01
1.586239606269822033e+01
1.380950358644034992e+01
1.852154250354946186e+01
1.775993994402929488e+01
1.430830164426914308e+01
1.607902146333794846e+01
1.698110073691288591e+01
1.822037195181076896e+01
1.813938641036796184e+01
1.624330207743935972e+01
1.810566082890999340e+01
1.736338533018051322e+01
1.597179135406247497e+01
1.860827888583124690e+01
1.445375289455316548e+01
1.774561142433738681e+01
1.431514684764431244e+01
1.527932520915572567e+01
1.797217252013647482e+01
1.451078281221645305e+01
1.411529329577693304e+01
1.709267701004994677e+01
1.814660897471441459e+01
1.603306846459384616e+01
1.737395314357976162e+01
1.853538146785433227e+01
1.714325958202734057e+01
1.518759982043765433e+01
1.827514745920258576e+01
1.371379773052667161e+01
1.803173711875428609e+01
1.133279138753140991e+01
1.752562016923323185e+01
1.652999429794106234e+01
1.431757713992433523e+01
1.124783341730268305e+01
1.481845083302169286e+01
1.786163576800196751e+01
1.846121326753049985e+01
1.438161829400450209e+01
1.752307954743636387e+01
1.269436742161761877e+01
1.783302505878805277e+01
1.558219601074637595e+01
1.452748629023979277e+01
1.605236532289678308e+01
1.736391956369506318e+01
1.414190761470145219e+01
1.564686212172249569e+01
1.376508096292505456e+01
1.494786799987718240e+01
1.509506676595079178e+01
1.475433142443379353e+01
1.750599920674892118e+01
1.603974627685899534e+01
1.562439650680212466e+01
1.771349051603671043e+01
1.342699492945276418e+01
1.581097093810608811e+01
1.718665346985589082e+01
1.531081710203513779e+01
1.755997320227315939e+01
1.450309644905968831e+01
1.436907541045453129e+01
9.502988045707613907e+00
1.411927951792446301e+01
1.737465484024945894e+01
1.427047196747521518e+01
1.726492085767631934e+01
1.680803144481017242e+01
1.734770683702134519e+01
1.582722192377561932e+01
1.368347294510618894e+01
1.375527463431204644e+01
1.417170412127420498e+01
1.728295184135646778e+01
1.526960830498702393e+01
1.708772155857417019e+01
1.748211785873031232e+01
1.788233552819943029e+01
1.402906569738824061e+01
1.444700122538336728e+01
1.666617141420560699e+01
1.471051825656956602e+01
1.606814498698031102e+01
1.529574658946083154e+01
1.503297204598179704e+01
1.634293504346273807e+01
1.819451760686774477e+01
1.502864417271723241e+01
1.608444909474549789e+01
1.585476622650171841e+01
1.798370949248886319e+01
1.386108272068133118e+01
1.849918927358723053e+01
1.596144705593881241e+01
1.514697103486453855e+01
1.581097093810608811e+01
1.801797784211607478e+01
1.518570805807581436e+01
1.475499991706318248e+01
1.696481801945420287e+01
1.222633227328095273e+01
1.545728086114239730e+01
1.673492376228659140e+01
1.467160267005991869e+01
1.790615327283963865e+01
1.504354745869972554e+01
1.636474603113538606e+01
1.592494362313261469e+01
1.798504436913177429e+01
1.423428327384810643e+01
1.258552263312879838e+01
1.518317304169164217e+01
1.597258951576577957e+01
1.422984747561315189e+01
1.706112962970568958e+01
1.665658922993065261e+01
1.430508307239137267e+01
1.788026880128066054e+01
1.450112130096253260e+01
1.505678369672432737e+01
1.758036370781845292e+01
1.813190011361099963e+01
1.510565384580040416e+01
1.743635027202579124e+01
1.861644554209940239e+01
1.716907322019324056e+01
1.196659595517541419e+01
1.639433843791071155e+01
1.524521691717705352e+01
1.780039844900035106e+01
1.665991151771646628e+01
9.816063890657824587e+00
1.692690793968603202e+01
1.488306960524537814e+01
1.543475285063572855e+01
1.744682408367113524e+01
1.665028113001673660e+01
1.616920600091802385e+01
1.608560908870476780e+01
1.437304472587510951e+01
1.815790284382174136e+01
1.808741730198207875e+01
1.779425927287228504e+01
1.812642929076936227e+01
1.434676548213473524e+01
1.560132133246334263e+01
1.329531964237344610e+01
1.592642691077825212e+01
1.595532046387811675e+01
1.463077203035772378e+01
1.800085577965150918e+01
1.400095700738140714e+01
9.258807426261535412e+00
1.009360274694387627e+01
1.497738088545400359e+01
1.773077233079927595e+01
1.830496113625157051e+01
1.554241646897466822e+01
1.677376501612528514e+01
1.531081710203513779e+01
1.580077641045171966e+01
1.619046966477432292e+01
1.626787803481839845e+01
1.771735559037206187e+01
1.782975440639268783e+01
1.682282232482390683e+01
1.640229769187325104e+01
1.255340033203138361e+01
1.665813072256170457e+01
1.787016509437088985e+01
1.815031803015125433e+01
1.462479186168189571e+01
1.524429379902775139e+01
1.482935506070959519e+01
1.452445400016259214e+01
1.803623221624108552e+01
1.803145476783777568e+01
1.297962301865962864e+01
1.580804652222064632e+01
1.831932509283691601e+01
1.757486471036370190e+01
1.520440383940897533e+01
1.562460862273441720e+01
1.582622218355261623e+01
1.734476042078031810e+01
1.792514015891362078e+01
1.792410529263774421e+01
1.812061060389181932e+01
1.859744361855464234e+01
1.812136434215365099e+01
1.745759739343705164e+01
1.729901044972141122e+01
1.855746490184111508e+01
1.631777238495448401e+01
1.836142113629058414e+01
1.237714810091300066e+01
1.400028141121178571e+01
1.726588142283213756e+01
1.846084207327167448e+01
1.737392468708642213e+01
1.815735262677915784e+01
1.793160278089909809e+01
1.443805013822456118e+01
1.752695686901300576e+01
1.330400125457793870e+01
1.421141879630934213e+01
1.674613724872104470e+01
1.827943184937762311e+01
1.761311246956699961e+01
1.400170266405589814e+01
1.708334925312231434e+01
1.424006847741192061e+01
1.815851398186905641e+01
1.634303909351898199e+01
1.498219551184205578e+01
1.712345530086448875e+01
1.535754724294503681e+01
1.720768910399509721e+01
1.558629295921122093e+01
1.635110835979971000e+01
1.375034340978648117e+01
1.723497456420824037e+01
1.741052101706577204e+01
1.429752187853600098e+01
1.832610708140548539e+01
1.661946366331669367e+01
1.854392345297443612e+01
1.762034891251736823e+01
1.788723680541060190e+01
1.844164518126448371e+01
1.700747150241802430e+01
1.785014183204914318e+01
1.677571510849888625e+01
1.530778290896288141e+01
1.711607603437635916e+01
1.751208930148228049e+01
1.757870108742471515e+01
1.474477559783348468e+01
1.676788882948616077e+01
1.674348374404634754e+01
1.635935475743141865e+01
1.747051978316712706e+01
1.629726536844429319e+01
1.815060800360609150e+01
1.241407221240987724e+01
1.826062049333768300e+01
1.608043363926604030e+01
1.441982064763325511e+01
1.421141063060717613e+01
1.596646461932465400e+01
1.558999230973363481e+01
1.443635094814505848e+01
1.421331683353699660e+01
1.801964459111571060e+01
1.690418837901897220e+01
1.530015918988999601e+01
1.522470857974128933e+01
1.636047918934284695e+01
1.707376972732710740e+01
1.833617276623530756e+01
1.544594403508149227e+01
1.731310828731873386e+01
1.431512484945898223e+01
1.435861217617059005e+01
1.460099233229403382e+01
1.327554892313726853e+01
1.645128501011724609e+01
1.533557749971063622e+01
