5.953610732256840343e+00
1.384590888541109166e+01
1.402296535600097016e+01
1.382900647122693272e+01
1.360991741676100553e+01
1.350367312111658791e+01
1.424584360318478105e+01
1.368624590379175032e+01
1.436631859397773781e+01
1.439849250278200898e+01
1.323448298186259819e+01
1.435804178146064025e+01
1.372378472506328251e+01
1.439083386109364326e+01
1.231655564733536679e+01
1.446703820468271573e+01
1.432187509171547291e+01
1.410717328284910899e+01
1.370014358182653424e+01
1.421401650107847203e+01
1.447197244525474957e+01
1.035085935646799626e+01
1.321079149134657271e+01
1.107048932361395011e+01
9.511621039141351375e+00
1.434395520836933002e+01
1.438240615697031899e+01
1.445570813159193690e+01
1.399029052683222929e+01
1.389473706712102086e+01
1.285550472235678399e+01
1.411554673851893860e+01
1.446371206615001626e+01
1.421414152202346770e+01
1.165257613221067601e+01
1.414928379329381514e+01
1.194558101468460087e+01
1.372051423405088855e+01
1.310388093733658010e+01
1.445721425097852375e+01
1.433307842919895236e+01
1.385054592128598117e+01
1.361379289014662675e+01
1.419587052151142004e+01
1.449602883767206229e+01
1.429230675858046951e+01
1.350916922026739719e+01
1.418238530532200414e+01
1.448498260601411580e+01
1.393983315259150046e+01
1.375546086863889172e+01
1.359077218211765725e+01
1.439946209233514374e+01
1.396125165718235372e+01
1.412251107523389315e+01
1.414161598714960455e+01
1.436934506537939527e+01
1.436504060681324191e+01
1.428369644198319932e+01
1.375073912662008979e+01
1.431511250524817669e+01
1.443989704665335161e+01
1.399254786592124589e+01
1.311428977798726514e+01
1.348673139461313397e+01
9.086756359660331128e+00
1.399128574537502523e+01
1.388823832367775779e+01
1.402788614678528489e+01
1.434029727436293911e+01
1.412743086516188917e+01
1.451395759944032093e+01
1.406619976728091359e+01
1.300039164399445291e+01
1.259054316790906292e+01
9.578364633739143486e+00
1.452392271922088618e+01
1.433019858496010279e+01
9.284270752958390105e+00
9.826898148876333394e+00
1.442105066397600766e+01
1.375240422280942454e+01
1.223246755031954791e+01
1.294199549315955267e+01
1.443894193990500341e+01
1.103492165298260907e+01
1.425811956668756153e+01
1.421483224344227736e+01
9.408345211877490399e+00
1.441523079997563173e+01
1.427489876970932414e+01
1.416830597773873279e+01
1.417383541355050625e+01
1.437089379483759544e+01
1.400866345507487942e+01
1.438032501608492097e+01
1.255994909957102479e+01
1.353872961253502893e+01
1.447546442175371340e+01
1.327591851253273347e+01
1.451674240839949803e+01
1.405467867386095726e+01
1.399100746688472618e+01
1.440963554670347158e+01
1.445592124669257217e+01
1.362211456187294978e+01
1.446896754589958789e+01
1.375204497331868225e+01
1.267261466644640855e+01
1.415828254924486274e+01
1.414360890987386910e+01
1.385032632910629857e+01
7.417288303775536384e+00
1.450106791717673360e+01
1.405966888958167793e+01
1.423850808590490757e+01
1.445701127848477441e+01
1.416690472851429305e+01
1.450210591814227712e+01
1.445157381633930527e+01
1.336311009535332417e+01
8.889933711771773162e+00
1.392335364435861322e+01
1.392139244282031285e+01
1.447997074685789798e+01
1.416731786451336994e+01
1.324912009291925941e+01
1.440811451721407366e+01
1.139327808626376992e+01
1.447114910969964185e+01
1.288817953550091211e+01
1.375657022918172601e+01
1.418908817628936703e+01
1.172209733681712684e+01
1.322828923807218438e+01
1.213712420048534568e+01
1.423790241025653103e+01
1.343737913233007220e+01
1.438835183476467350e+01
1.426691781412695548e+01
1.376042129678140924e+01
1.354288732223172786e+01
1.299201690616896698e+01
1.314728125693134686e+01
1.415636941996452336e+01
1.443611905755884450e+01
1.190947654785508902e+01
1.437039554947989828e+01
1.331777074377992065e+01
1.405014695829791549e+01
1.383106700725810612e+01
5.688473889933300498e+00
1.376601885491793631e+01
1.421506718994919005e+01
1.401707265712032147e+01
1.181443366571767228e+01
9.132961862216889770e+00
1.450112022577076232e+01
1.418439358565363406e+01
1.428721802899233495e+01
1.254124476377391417e+01
1.387292759050279045e+01
1.436360102498333191e+01
1.424935776774389495e+01
1.332559959496926538e+01
1.410382335765054762e+01
1.437296925108603318e+01
1.295884555304363772e+01
1.299003507567543814e+01
1.302139426293865476e+01
1.440148575316201374e+01
1.331295738474514323e+01
1.340230779919706983e+01
1.444495112756444755e+01
1.380927322451062089e+01
1.444754965153656023e+01
1.438652138532403235e+01
1.373472369609982202e+01
1.375156184489619449e+01
1.434148329796390620e+01
1.343680802028007193e+01
1.345789285845794758e+01
1.420821671787216722e+01
7.169462879883748307e+00
1.245690784030882980e+01
1.341274113132236323e+01
1.428716023890180686e+01
1.208827152530451521e+01
6.069074860199225263e+00
1.393206906357360708e+01
1.313219500047400778e+01
1.413668559421357607e+01
1.395030542085779679e+01
1.135602726787916339e+01
1.438241418154692752e+01
1.428907325949640139e+01
1.155242067588086385e+01
1.375156184489619449e+01
1.379479905962119801e+01
1.411358467336608413e+01
1.442396042417210467e+01
1.310413751428061424e+01
1.167764499293130953e+01
1.376963340077449871e+01
1.439644224247777871e+01
1.376815885104843318e+01
1.399175731497004804e+01
1.348025494342336472e+01
1.172456698930679764e+01
1.428468518003691301e+01
1.400570131899499060e+01
1.242412055522288483e+01
1.444646542403867073e+01
6.001913289850053346e+00
1.438242830782125026e+01
1.360586259373278750e+01
1.271102732358238896e+01
1.429107670188645152e+01
1.445218772731658952e+01
1.443267619407852465e+01
1.445793457281659755e+01
5.950018173718975234e+00
9.805808912291208657e+00
1.159045439023097934e+01
1.408924855206071314e+01
1.399126183254096212e+01
1.433760181184771199e+01
1.421750641606454835e+01
1.443288808622175168e+01
1.416728305736230453e+01
1.338609321209826852e+01
1.445338402152801294e+01
1.447886396809403031e+01
1.397031191232957248e+01
1.442584367058895367e+01
1.374579256809955297e+01
1.193955324093351855e+01
1.433875197504255183e+01
1.370841890040572864e+01
1.442358067524584087e+01
1.428287014376220654e+01
1.443395157138433582e+01
5.667057728154770935e+00
1.428452734844508321e+01
1.451912704704574963e+01
1.442260906688378341e+01
1.368539514345539843e+01
1.380990310290628642e+01
1.371234775723380039e+01
1.237095762329340864e+01
1.428219781873012906e+01
1.438032501608492097e+01
1.374803566241761033e+01
1.411638460102787462e+01
1.148877892177623750e+01
1.402852111617230690e+01
1.430943436932457402e+01
1.445023483444062862e+01
1.408479656480262676e+01
1.349448160301796307e+01
1.410814202777715209e+01
1.400222962402200189e+01
1.430518757119308049e+01
1.444685350981761118e+01
1.319770535333699080e+01
5.799582451394873495e+00
1.275185963094408237e+01
1.390518405820053616e+01
1.421008227250443667e+01
1.273224195745283893e+01
1.375838027732361724e+01
1.321382200081872682e+01
1.255317266870903481e+01
1.400152052269231007e+01
1.361916237337950619e+01
1.432170646133473113e+01
1.436332531211344410e+01
1.152808813234270247e+01
1.276273459826493806e+01
1.432994110462290571e+01
1.094217239754467919e+01
1.343680802028007193e+01
1.442166813377571088e+01
1.345013109779484317e+01
1.376552124135534605e+01
1.423705670939594370e+01
1.216532658785875043e+01
1.089589371018932695e+01
1.351332179458816007e+01
1.430565385039519910e+01
1.410721604963326925e+01
1.434492555628267851e+01
1.384573697063827780e+01
1.431978168086545011e+01
1.400024652473695497e+01
1.321355773600626193e+01
1.354316406115928118e+01
1.439606751100122217e+01
1.416627443855946922e+01
1.235882102527660820e+01
1.404302061990937034e+01
1.442396042417210467e+01
1.444435277513731108e+01
9.753671438448495934e+00
1.337304878117818419e+01
1.383380872745610191e+01
1.146615083676983282e+01
1.436420412727554918e+01
1.424601530904883262e+01
1.390246972298829320e+01
1.410721604963326925e+01
1.447693811856356660e+01
9.543036448252156134e+00
1.437459658122711303e+01
1.448222412532147274e+01
8.998285048311148060e+00
1.446821676580772831e+01
1.340100779424873778e+01
1.437963311932198529e+01
1.008925941585613728e+01
1.432233349735271588e+01
1.327845951770072119e+01
1.432791952987368056e+01
1.384789844406539672e+01
1.262458796826463825e+01
1.370589693160885858e+01
1.362090072719941602e+01
6.279770260812807869e+00
1.434496740209535304e+01
1.437306040888203995e+01
1.422946167149495622e+01
6.955556526422462582e+00
1.328029843959866341e+01
1.437498788374107228e+01
1.330500159122116521e+01
1.432192936069811751e+01
1.395515833663858274e+01
1.154114285562842213e+01
1.325284238430725736e+01
1.337526349483806243e+01
1.315075275784867870e+01
1.448271465871570030e+01
1.428027396358513990e+01
1.415113649700525045e+01
1.393681787918436754e+01
1.399626301426701147e+01
1.375043084448903841e+01
8.514700369429654359e+00
1.449714919047739414e+01
1.416638459167713471e+01
1.382267234198871719e+01
1.445953396636522648e+01
1.411083641441983438e+01
1.401638460942655229e+01
1.447233154287751233e+01
1.359347624115947362e+01
1.383456255709403493e+01
1.404622832422546352e+01
1.429991422036370352e+01
1.421483224344227736e+01
1.435845327339901090e+01
1.437514397526433640e+01
1.443016859588687595e+01
1.262669872877242305e+01
1.425602483880243199e+01
1.266587361388260646e+01
1.430341503298950201e+01
1.410060204329489153e+01
1.308224462997083215e+01
1.375011496946737921e+01
1.371084413158030557e+01
1.419754123522240441e+01
1.250515353513689298e+01
6.221461967609553945e+00
1.446986918233232089e+01
1.416770282456291952e+01
1.443728405644798940e+01
1.436678470841834532e+01
1.275185963094408237e+01
1.424666758269667888e+01
1.435845327339901090e+01
1.115806489551202141e+01
1.419374687159104020e+01
1.250515353513689298e+01
1.291692860473955129e+01
1.411613801991149941e+01
1.288374456325956174e+01
9.432215223857763675e+00
9.971253471670115331e+00
9.644940249617960148e+00
1.428419606925074348e+01
7.480402024555314000e+00
1.320092060262906486e+01
1.443540275261769246e+01
1.141149468406657164e+01
1.446661682774270119e+01
8.169054628620061820e+00
1.422809401007240027e+01
1.307059630936611683e+01
9.564839203853718885e+00
1.159961100110150944e+01
1.450847008346122990e+01
1.423775275575199473e+01
1.431281279132170070e+01
1.437867530016031381e+01
1.450160900298259747e+01
1.435291320747991506e+01
1.447692023381543436e+01
1.441553224414639800e+01
1.429335411190257865e+01
5.749001324141385538e+00
1.382267416795949977e+01
1.420693938442269122e+01
1.416998593968450493e+01
1.314507176711078884e+01
1.433829555447428916e+01
1.444754965153656023e+01
1.437668675047747513e+01
1.227433395668060179e+01
1.417002121859001917e+01
1.412599394583969215e+01
5.639577414197828098e+00
1.424753926417105632e+01
1.441447271640687866e+01
1.405874528840554660e+01
1.380412582107270580e+01
1.438757961436342825e+01
1.367374355221399540e+01
1.450463847966664588e+01
8.148919026396749032e+00
1.421445857318388661e+01
1.309725906828734310e+01
1.359698594185527298e+01
1.421458203057908776e+01
1.445902317906920942e+01
9.251032596125620344e+00
1.379879114196280732e+01
1.392552262558668730e+01
1.375066107240224866e+01
1.295397523470296619e+01
1.359438814381004335e+01
1.370126765917171419e+01
1.354182691991200471e+01
5.877271759247633121e+00
1.369408937887237698e+01
1.417512412583509374e+01
1.361186049186251523e+01
1.375044750791828463e+01
1.400411454343558404e+01
1.405632777619071305e+01
1.363466258947976684e+01
1.450749639381381684e+01
1.425032390767986001e+01
1.313920667611695237e+01
1.400075530075199737e+01
1.436280125588428547e+01
5.527351341169770116e+00
1.375068919639237919e+01
1.442378115752605972e+01
9.577708436102648548e+00
1.365599946499849793e+01
1.384590888541109166e+01
1.259786951723326709e+01
1.427372495410862285e+01
1.430043623854911417e+01
1.298095459749947089e+01
1.431703738435272300e+01
1.449039371917914920e+01
1.431281279132170070e+01
1.428576011674444146e+01
1.358351727851917268e+01
1.439847577778864363e+01
1.384553212515839782e+01
1.365734480309351362e+01
1.440751957154466467e+01
1.445144683399988494e+01
1.429435849121533408e+01
1.281617114215747222e+01
1.322424178535231576e+01
1.122734470110160920e+01
1.432184110354397788e+01
1.448267532349112230e+01
1.128585707622801593e+01
1.375531772707574341e+01
1.385751588500195908e+01
1.441807135708889831e+01
1.357299635119341730e+01
8.438358799389357401e+00
1.429598580549238918e+01
1.390149137399247081e+01
1.410721604963326925e+01
1.443573912417223504e+01
5.972244060323501635e+00
1.362137463250397573e+01
1.445202067290471071e+01
1.413370947955686496e+01
1.403341846452879338e+01
1.385035143955383319e+01
1.452336090243157685e+01
1.293756976109406232e+01
1.410330727490160463e+01
1.267097175643711182e+01
5.834921584301493880e+00
1.438635933183137539e+01
1.413050783507873476e+01
1.432438770368572456e+01
1.439160406487999566e+01
1.378076536215883330e+01
1.392809879621647262e+01
1.247992655912594095e+01
1.353202721019256316e+01
1.183006915554252458e+01
1.438719371354119048e+01
1.426346925310492431e+01
1.397901073874511546e+01
6.001913289850053346e+00
1.431671391543207683e+01
1.422223667064804786e+01
1.413034416880271849e+01
1.369627122277656994e+01
1.343904837434152455e+01
1.431883160759115192e+01
1.417079935916406797e+01
1.439190119713447480e+01
1.375370171148238008e+01
1.424663028784262409e+01
1.434073468230655912e+01
1.350913078993532856e+01
6.085045343573090904e+00
1.437707914480709626e+01
1.203092145349874720e+01
1.377430772733379705e+01
1.441079637376571654e+01
1.438240615697031899e+01
1.261740551142611366e+01
1.290763806417238158e+01
1.345703218011453295e+01
1.423844629035630227e+01
1.322202271575389787e+01
1.140638567445089180e+01
1.252252484763316431e+01
1.359190299764792975e+01
1.060929962220786926e+01
1.415396773279230302e+01
1.403916990660962760e+01
1.273271440423839884e+01
1.441989983300133638e+01
1.428661527743043713e+01
1.430018559869800931e+01
1.436936046005613576e+01
1.412878952572789615e+01
1.150023785862133074e+01
1.413885619813372685e+01
1.352066543616404815e+01
1.413641496525161756e+01
1.353872961253502893e+01
1.236453316262389812e+01
1.283477070792017294e+01
1.306556457888077460e+01
1.442954531380156169e+01
1.415872920960427450e+01
1.375001954454733344e+01
5.994171703722773081e+00
1.357179511994295140e+01
1.433220546208798751e+01
1.409066581638031224e+01
1.400838832090273200e+01
1.425459613724612318e+01
1.400191450643684909e+01
1.184781776272490639e+01
1.450085173445818754e+01
1.424984794470683980e+01
1.287758210675153592e+01
1.390393502010384630e+01
1.437333273181257454e+01
1.402695281787725889e+01
1.441702793943002447e+01
1.344712170853057920e+01
1.436059263465773661e+01
1.444395762155344087e+01
1.437615097402578712e+01
1.230084087362858014e+01
1.392088093992603781e+01
1.426683948074703423e+01
1.406762468365520746e+01
1.176405886377762933e+01
1.389351102979894925e+01
5.779528591577014929e+00
1.385634792977114849e+01
1.416776488893321861e+01
1.352249965038123847e+01
1.423447710318005299e+01
1.405532643005753712e+01
1.205598918211467563e+01
1.007916374193619191e+01
1.069561313805854752e+01
1.257008466352634102e+01
1.410258826059427761e+01
1.447574109029009293e+01
1.411935316044766253e+01
1.375018836149947532e+01
1.224993019313538589e+01
1.417030707680525126e+01
1.443240070155159849e+01
1.434790062036982405e+01
1.450390576213789373e+01
1.417202193061355509e+01
1.381902057555054064e+01
1.441748047618675344e+01
1.003151749055577469e+01
1.384590888541109166e+01
1.415760436802314715e+01
1.400024652473695497e+01
1.061718580923129451e+01
5.527351341169770116e+00
1.400037537253861331e+01
8.640050182677983415e+00
1.405500128223743239e+01
1.438297758800260517e+01
1.427660413747125290e+01
1.441349674148882265e+01
1.418927791597657517e+01
1.444337104745161504e+01
1.438687015671855818e+01
1.398879151386738151e+01
6.810883947918340731e+00
5.782399512066151992e+00
1.259224729087413053e+01
1.353715848346402240e+01
5.820692166216390184e+00
1.422820895664563778e+01
1.398170693197755732e+01
1.241526874380289591e+01
7.510068693034091858e+00
1.421600004416863072e+01
1.432604445612830091e+01
1.428452734844508321e+01
1.439560064337312184e+01
1.441354777356606931e+01
1.236654707734058078e+01
1.447260241360251420e+01
1.400008404629742031e+01
1.420771199814605623e+01
1.421345729185130580e+01
1.375709277851201762e+01
1.423105105897442968e+01
1.446676415592447285e+01
5.989478026153698842e+00
1.377305529453026089e+01
1.449068805755146627e+01
1.430043717290051752e+01
1.432125176828279578e+01
6.839231407407291741e+00
1.429234171064654646e+01
1.399254786592124589e+01
1.301877784568040042e+01
1.375430852485013666e+01
1.418961229945054114e+01
1.448264440166747313e+01
1.400589035377711156e+01
1.409048571546666828e+01
1.449310386968029007e+01
1.443033154383537919e+01
1.308463871018839697e+01
1.375009977351729518e+01
1.329698285156946902e+01
1.444418143079894534e+01
1.447799983870923768e+01
1.428904405375719833e+01
1.092673495827138908e+01
1.443441914929388403e+01
7.714578189590666213e+00
8.818868188520797347e+00
1.442300915887400770e+01
1.429393158100767458e+01
1.419447664751363192e+01
1.446728808027815560e+01
5.458528885274649411e+00
1.169382783434896922e+01
1.375070555245807924e+01
1.150023785862133074e+01
1.441603286859248811e+01
1.446511415895962926e+01
1.135475187086339233e+01
1.380922217995204448e+01
1.370714859504201932e+01
1.435606984628867089e+01
1.345651326968626549e+01
1.357691116646893903e+01
1.432554510460095010e+01
1.341913760658144206e+01
1.411372024003989978e+01
1.446657750346774307e+01
1.293713748270452868e+01
6.387715914396198791e+00
9.644940249617960148e+00
1.443506067414369909e+01
1.429503063850174271e+01
1.299144562041076689e+01
1.349397547681410714e+01
1.421544001358426890e+01
1.439208645695276267e+01
1.235120908544224427e+01
5.717569770024864440e+00
1.425032390767986001e+01
1.309944437358894476e+01
1.376963340077449871e+01
1.371887077316086589e+01
1.330938965925493278e+01
1.445717455842074983e+01
8.834843712242063773e+00
1.353537746575570111e+01
1.411116007739686751e+01
1.430537649057876060e+01
1.433160627327274028e+01
1.325643438427033161e+01
1.442568027621558713e+01
1.443961932455282593e+01
1.420201044955385328e+01
1.385136037113316476e+01
1.281797647352551550e+01
1.325362466443124809e+01
1.433113631064490434e+01
1.431884522141616323e+01
1.377063043109360763e+01
1.432287806485903658e+01
1.136275498188351385e+01
1.176797926054075205e+01
7.143091226675747585e+00
1.379202333108382206e+01
1.438989893387627461e+01
1.255994909957102479e+01
1.378263229843916449e+01
1.036443703404626149e+01
1.396831340756500950e+01
1.352589131592342753e+01
1.350981512173203214e+01
1.256665998288725916e+01
1.394595593971167524e+01
1.380701338731706151e+01
5.972244060323501635e+00
1.427531415348574129e+01
1.234175820265716439e+01
1.448985326326544509e+01
1.434557409906422620e+01
1.445396466951028458e+01
1.105014680851853193e+01
1.426874867068779906e+01
1.436645280017597770e+01
1.341882847419149982e+01
1.360155876231025829e+01
1.437210712107012611e+01
1.387847180225283950e+01
1.375228159608123946e+01
1.365924920843345625e+01
1.443966492337890983e+01
1.443501196374128881e+01
1.386784791042769172e+01
1.432893912980483186e+01
1.410721077969544979e+01
1.375838027732361724e+01
1.440887059020367644e+01
1.436330700029392737e+01
1.308795188991113179e+01
1.224650693517966005e+01
1.345651326968626549e+01
1.438201199000604902e+01
1.189502295273225130e+01
1.348618771611045730e+01
1.168612391776535375e+01
1.336577567503626085e+01
9.830011521010153075e+00
1.000867668742712091e+01
1.436309044533092560e+01
1.411382631460516990e+01
1.388807408900608387e+01
1.426248654606476585e+01
1.358695674529186093e+01
1.423162371769423018e+01
1.301244220200874935e+01
1.427413111698169956e+01
1.442245357815727047e+01
1.431113991197096702e+01
1.326655324945070902e+01
1.346872083127369280e+01
1.385314761090350189e+01
1.419795339277477275e+01
1.445000629810757253e+01
1.436390681143412706e+01
1.432649203735762988e+01
1.428728719258965185e+01
8.559643528735447759e+00
1.434030937103347370e+01
8.548352747419977860e+00
9.132961862216889770e+00
1.430134521121386726e+01
1.376852197793132682e+01
1.334628139588246931e+01
1.446286373898275102e+01
1.436935254246714244e+01
1.387943016287409392e+01
1.426346925310492431e+01
8.427410663829535409e+00
1.352269376088963959e+01
1.109444518426691140e+01
1.452469084882539185e+01
1.182889296872917839e+01
1.445144683399988494e+01
1.435378781016288130e+01
9.029385405111263196e+00
1.386117708237604162e+01
1.441276650850343088e+01
7.652611196465173293e+00
1.144479524050731811e+01
1.184036528094283547e+01
1.421402563735842151e+01
1.423335789830943199e+01
1.261674873038415434e+01
1.448888497158134214e+01
7.222634088540101693e+00
1.425137546641835762e+01
1.419030993964340404e+01
1.400089315055778272e+01
1.430343390254884994e+01
1.241820301283460815e+01
1.237744601364017782e+01
1.445889246885584001e+01
1.168830313989462333e+01
1.363908227919706739e+01
1.000644780444509507e+01
1.353202721019256316e+01
1.251561506468678076e+01
1.407167648352394096e+01
1.406670200014155014e+01
1.411613801991149941e+01
1.083335762904823341e+01
9.636850388764569786e+00
1.421180644464366516e+01
1.221748494151559328e+01
1.439985614897340227e+01
6.086675869473119782e+00
9.816523737799430549e+00
1.343568134345875364e+01
1.446896754589958789e+01
1.436203684023829652e+01
1.438652138532403235e+01
1.435212046057989355e+01
1.317670533387417642e+01
1.364034831561467165e+01
9.577713825053129071e+00
1.399504668009915065e+01
1.416930897355895524e+01
1.352726252588421829e+01
1.268181279538007544e+01
1.410826920369196102e+01
1.406287290194065065e+01
1.451430245668583652e+01
5.599995252851924121e+00
1.407964095362231660e+01
1.451035302853687625e+01
8.463600342279903543e+00
1.390996382363955419e+01
1.409927866275415020e+01
1.429746829737459812e+01
1.295569691245516708e+01
1.347681104542690633e+01
1.439109898186221059e+01
1.052546501344763463e+01
1.444986105712523639e+01
1.380001109973227003e+01
1.411503884773723172e+01
1.415025921589335667e+01
1.248793113474760830e+01
1.425077042223466250e+01
1.442360715325590803e+01
6.363123612131196261e+00
1.423876877193545099e+01
1.341100671773489594e+01
1.346101718296655747e+01
1.431880576014158635e+01
1.355335129346208944e+01
1.382267416795949977e+01
1.416452672227151055e+01
1.419807782848738320e+01
1.449777485805441302e+01
1.394297298304940291e+01
1.420715075760971402e+01
1.335766453885022287e+01
1.444323825538582895e+01
1.440811451721407366e+01
1.403429902720153066e+01
1.396752009261289373e+01
1.402596859760019221e+01
1.181443366571767228e+01
1.413641496525161756e+01
1.442055632563048739e+01
1.416559923700303791e+01
1.444685350981761118e+01
1.365030031418178780e+01
1.450995890336830207e+01
1.449052766146596305e+01
1.325126391238869594e+01
1.321736532108572248e+01
1.416811573439189509e+01
1.447665268141673955e+01
1.414161598714960455e+01
1.442690404784549507e+01
1.293285829390311825e+01
1.364693045223230072e+01
1.366925412580269850e+01
1.287410941063464342e+01
1.211167222743048022e+01
1.394664712285425523e+01
1.421305101291225981e+01
1.445566967498853828e+01
1.450441493488255418e+01
1.417796701080112953e+01
1.406718165412236488e+01
1.234089176974385893e+01
1.418122202373013252e+01
1.439504239744509206e+01
1.447468476971995166e+01
1.431983309222894718e+01
1.316908767825620963e+01
1.373369125742763153e+01
1.377962381473892606e+01
1.448175813940741818e+01
1.391687184315780534e+01
1.385729012113073466e+01
1.390898173519424219e+01
1.068131341756565078e+01
7.302679922252449884e+00
1.410666200253696445e+01
1.400006568751486924e+01
1.447447884068377277e+01
1.437474653012816361e+01
1.315075275784867870e+01
1.425826670751647995e+01
1.434612651968481600e+01
1.285474902101348960e+01
1.278272945788494575e+01
1.443240070155159849e+01
1.270302416931624379e+01
8.568491593323861011e+00
1.438070439700421588e+01
1.406667356758837606e+01
1.442080688843985570e+01
6.282184396674399984e+00
1.421662366158837187e+01
1.417928603175834468e+01
1.398226601603057517e+01
1.446186507583315617e+01
1.421548227038250367e+01
1.405532643005753712e+01
1.326307687005879643e+01
1.430741612876573576e+01
1.385240853414799034e+01
1.310182246518375493e+01
1.424924152027782398e+01
1.296105366407362958e+01
1.443981129532048158e+01
1.343841299362879660e+01
1.200386232094162509e+01
1.421404839721298430e+01
1.261130478457232229e+01
1.440892194979562291e+01
1.413855232801521922e+01
1.436882940673916309e+01
1.423710746799177329e+01
9.855218630126659107e+00
1.426078706387126616e+01
1.382152059477473927e+01
1.415113649700525045e+01
1.436111527254920261e+01
1.423850808590490757e+01
1.436545469662209129e+01
8.761156976627619386e+00
1.422513261873582380e+01
1.332265132269167651e+01
1.115129179667071568e+01
1.445976372309018032e+01
1.440424618466560602e+01
1.369022488862028553e+01
1.409089537718115359e+01
1.081502779933214420e+01
1.416717247302422322e+01
1.367136689811574968e+01
1.443431268825122515e+01
1.448840111836339339e+01
1.409023970757139743e+01
1.435535154193546070e+01
1.448886373439957787e+01
6.492197306363223674e+00
1.378657066121171404e+01
7.817578102454915800e+00
1.400076629954551954e+01
1.422045443466228498e+01
1.307390234590806699e+01
1.338506012452766036e+01
1.422407284711186293e+01
