2.524525753399690764e+00
2.259074473882419110e+00
2.932780497154646060e+00
1.061257292677454389e+00
2.953205600490919736e+00
2.659987081554409549e+00
2.448510099209031399e-01
2.900335495162948529e+00
2.997029417650348471e+00
2.323763910409439415e+00
2.325727622552269391e+00
8.037080553107009973e-01
1.111247894459809482e-01
2.950814612618287480e+00
2.614765483489349229e+00
1.984643374174522412e+00
2.392865682408428896e+00
2.965770295092189368e+00
2.919452602857649515e-01
2.479875047800391918e+00
2.894323221586962092e+00
2.486075557318008222e+00
2.560838576547515011e+00
3.096275182394355507e+00
2.701497576616143537e+00
2.706452710874339918e+00
1.169339220516136812e-01
2.884937838883036232e+00
2.742256767604308365e+00
4.403696791060002225e-01
2.845453060294336201e+00
4.545634210266355502e-01
2.714116544505138506e+00
2.867503243913976707e+00
2.696177181981917581e+00
1.169339220516136812e-01
2.506874967992916314e+00
2.888165022233147194e+00
2.629180136271621393e+00
3.047870098947129236e+00
3.039869963849466838e+00
2.469604236217884718e+00
2.862232669673165919e+00
2.402560747802981123e+00
2.258760765394729031e+00
3.088328402918051108e+00
3.011607318470440386e+00
2.224463434664733619e+00
8.400082370301158174e-02
2.818024561332031830e+00
2.590455075886408665e+00
2.665375643188025556e+00
3.009523448819343194e+00
2.773729862239805222e+00
2.485495484318459347e+00
2.880975495840640832e+00
2.035260544285449669e+00
2.749714860197755684e+00
2.482506835952623891e+00
3.073380128028591951e+00
2.633411715351511972e+00
2.915466015251304999e+00
2.532116239534616842e+00
5.724210523827223673e-02
3.096227947761214683e+00
2.901566320924403808e+00
1.117478479176747114e-01
4.632003456008805808e-01
2.438566981071843998e+00
1.541633960756440269e-01
2.049402605541277289e+00
2.469038610003684742e+00
2.964998886043876514e+00
2.713441233706783695e+00
1.331393585770878962e+00
2.599612175220953336e-01
2.330092443500366706e+00
2.762816834480847500e-02
2.707641910686036990e+00
2.521758016109353129e+00
7.694553816690885562e-01
2.775315185033122134e+00
3.952401540482357589e-01
2.949742392572720640e+00
1.096687315730634049e+00
2.509861172474587399e+00
1.685131835065608596e+00
1.626598902077277975e+00
1.100379410763692722e-01
1.034767131601696644e+00
2.989807688700978350e+00
2.868415924011139317e+00
2.762816834480847500e-02
2.832381093210806888e+00
2.313296178706036432e+00
3.033566083086042919e+00
2.895035130295544157e+00
9.233482725072054143e-01
9.796995766692647711e-01
2.328475133271108444e+00
2.203586524291849258e-02
1.013178963607419825e-01
3.031959373211547959e+00
1.562750678374118241e-01
2.907199753704710954e+00
2.865694615692602198e+00
1.034767131601696644e+00
2.045734251339258236e+00
3.096164789817944296e+00
2.229300929122675079e+00
2.738116900581894608e+00
2.964609858750762772e+00
2.654713963767840745e+00
2.831224267788213123e+00
8.048483939183375124e-01
2.561353423250484429e+00
2.892230581371783682e+00
2.756463026088304957e+00
2.066135770794116588e+00
2.735050427350343760e+00
2.953326805494993490e+00
2.121192377109352378e+00
2.489740158983653640e+00
1.037919145992702158e-01
6.838043952729226660e-02
2.874355633193849346e+00
2.500652884283455446e+00
2.700064819165758134e+00
2.890147003510726176e+00
2.384082168224532339e+00
2.896188270497864981e+00
3.099553574329887873e+00
2.663338576172226801e+00
2.604178988242323634e+00
3.032713029052835907e-01
4.333738560885711522e-01
2.561579711105136159e+00
1.035919500648769587e+00
5.466349283613298748e-01
2.342046768393087675e+00
2.726334544718350461e+00
2.622595117818251165e+00
2.442516025292011950e+00
2.697688025566909342e+00
2.819260715315506705e+00
2.038668548927699664e+00
3.094683883703955196e+00
3.005298129086543479e+00
1.431899329537990484e+00
2.989492941814468896e+00
2.306233819298627363e+00
2.553972732962258796e+00
2.977488938098061588e+00
2.555535235370280489e+00
7.275478691468411085e-01
4.346141218349621194e-01
2.866594922090968556e+00
2.917022001696408573e+00
2.618737734563829189e+00
3.187782322554003067e-01
2.336127765454955707e+00
3.076265242247673726e+00
3.096227947761214683e+00
2.668811493848059602e+00
1.376679253244789569e+00
2.264160321186796665e+00
1.730442246888482360e+00
2.907788018453036916e+00
2.786786410589227270e+00
5.518077940715045843e-02
2.165967743995460104e+00
2.937835259933632592e+00
2.569749071346674629e+00
2.949743669640989108e+00
2.925892942646020067e+00
2.541838875791211372e+00
2.349885558486713766e+00
7.854861764181934047e-01
2.480099843950082761e+00
2.418297917166070121e+00
2.073575819116687757e+00
2.945441279450833783e+00
2.605740247691130218e+00
2.879165479710556586e+00
2.563799557696999187e+00
2.389863933719806877e-01
2.945284392294169606e+00
2.419883364840610618e+00
8.665351004422250369e-02
2.396538119758292673e+00
1.989940723953846469e+00
6.200048624120183538e-01
2.458766410315444961e+00
2.035260544285449669e+00
2.997720529120405430e+00
2.237102566317569874e+00
2.351614517253017844e+00
2.706973120447616399e+00
1.968603594992057060e+00
2.262304918439138390e+00
2.796244967396789516e+00
6.983612611870010367e-01
1.375869331848005028e-01
2.364815368018060582e+00
2.480530249439751866e-01
1.977579478166441751e+00
2.725791005784029775e+00
1.541633960756440269e-01
1.808555590813707203e+00
2.812415340349838200e+00
7.411390616647132168e-01
4.124718215451214642e-02
2.341438499159433917e+00
2.979481553706267327e+00
2.903309246015918887e+00
2.370477586628715105e+00
2.578115557419299875e-01
2.276153476596680658e-01
2.866509185307209329e+00
3.067736744018905615e+00
2.463181069333055362e+00
3.055534492879953934e+00
1.665780663844315779e+00
1.370780555874430984e-01
2.929965260437337182e-01
2.700042397643970471e+00
2.182400106592688793e+00
3.096237205439787310e+00
4.265269937212750051e-01
2.489805492430582134e+00
2.662481680539156237e+00
3.099470055758759113e+00
2.496328969548605059e+00
3.016699466098383020e+00
5.718605744912134969e-02
5.365971918065637336e-01
2.953811376571701341e+00
1.375968997509124714e+00
2.411978858836750117e+00
1.644608088879349339e-01
3.051353569510999897e+00
2.599612175220953336e-01
2.663332681829937987e-01
1.123951497351679096e+00
2.830085330266365329e+00
1.250588445714964969e+00
2.578084190117547969e+00
2.655198404417737468e+00
3.060325934355052180e+00
2.762038718893391476e+00
8.658933504069950271e-02
1.182832519977844221e+00
2.890355818295502033e+00
2.224400865745465250e+00
2.986861166898993947e+00
1.891011466767211990e+00
2.383307897252787466e+00
1.746503148637855274e+00
9.538473480367011259e-01
2.656680730558084402e+00
1.935275895932903056e-01
2.261770429729485610e+00
2.480530249439751866e-01
8.801030447143535218e-01
3.076419143836941039e+00
2.748619885055882506e+00
3.093352061414806453e+00
2.939812694240788282e+00
2.832309684679241713e+00
2.731065302778009851e+00
2.453973253647845798e+00
5.033012812474817882e-02
3.035847538840458881e+00
2.946836135424453218e+00
2.469038610003684742e+00
3.060019660719508039e+00
3.097028278484776465e+00
2.394971085560690494e+00
2.761797895558365745e+00
2.909058498202443221e+00
3.051759246051108487e+00
2.800591025732509731e+00
1.443435751209402040e-01
2.490114199011950635e+00
3.034908739365646202e+00
2.859878386967992903e+00
2.468096796341550547e+00
2.913413298451760891e+00
2.707962436736222944e+00
2.973641787396214209e+00
3.085565426992737503e+00
2.268516397981333643e+00
2.501295467369970549e+00
3.026710945430257649e+00
3.068633930233675144e+00
2.739019629650681686e+00
5.327247245816615351e-01
2.307381648839351040e+00
3.085688449727678417e+00
3.037118670794336062e+00
2.538268536085074523e+00
1.651827062891176867e+00
5.368422248618158754e-01
9.247889604724691681e-01
3.100798096034374396e+00
2.508158651015354401e+00
2.537483822865011618e+00
3.506678547306283922e-01
2.987266197508944288e+00
1.419107135027567246e+00
3.636167690760545024e-01
2.875287602852519164e+00
3.081067966366267008e+00
2.635094044668869984e+00
2.433448815333882020e+00
8.645164962396806319e-01
8.081096520548399775e-01
1.034767131601696644e+00
1.363347969006907912e+00
1.024418853012743380e+00
3.193604897373602536e-01
2.769638806861243197e+00
1.691842319089716939e+00
1.706113946758297972e+00
6.947684600476632388e-01
2.776427458755395872e+00
2.885978649034543153e+00
7.992759512692592105e-01
2.703379215817105496e+00
8.457275038848524606e-02
2.603873988789702221e+00
2.876703323326532225e+00
2.381651327991894274e+00
2.909489706747257820e+00
2.823067649649477762e+00
9.008538830016925292e-02
2.208708761676910548e+00
8.531094495014466261e-01
3.092860755495261849e+00
1.706028775030793643e+00
2.972077357177713708e+00
2.235285538277814954e+00
2.588917548024325832e+00
2.931616740854111836e+00
2.929110440289163009e+00
2.435718662771636289e+00
3.015142691994697532e+00
2.774817044726389792e+00
3.065737712904849310e+00
5.555626326497063727e-02
2.486242296782429140e+00
2.412130766090722300e+00
2.268832381968696410e+00
2.792644511243627559e+00
2.862629847770622682e+00
2.982343116634830871e+00
5.789210121128338798e-02
3.063788804211171168e+00
2.845452117968168437e+00
1.164376929662445936e-01
2.952848935426197308e+00
5.891307419304727538e-02
3.086201162101517070e+00
3.088677605570536944e+00
2.578927673174368884e+00
2.736911071652135874e+00
2.618646735468894149e-01
2.076506378434726852e+00
3.088789646396846500e+00
1.585300351810601693e+00
2.211121022979878059e-01
3.078120127596406075e+00
5.038870248123568374e-02
3.028102142253912277e+00
3.074449663026346702e+00
2.522636339826552110e+00
3.085610532428593178e+00
6.649651482991839613e-01
8.985515497486564751e-01
2.746285846135728459e+00
2.224485230295386362e+00
2.574472124127451522e+00
3.025168132226240036e+00
4.098389105020525808e-02
3.772271745860455994e-01
2.875377860829817500e+00
8.907377887167429176e-01
2.608081923717789241e+00
2.373276485795045687e+00
2.696739078020735647e+00
2.760886164047202218e+00
3.005903965530694499e+00
3.022158319666605308e+00
3.082455555962080318e+00
3.255799189014350198e-02
2.871628092367479734e+00
1.959007480234672194e+00
3.035648096609193658e+00
2.594755383132976712e-01
2.828162674700031687e+00
2.149092109001016659e+00
2.462988870265183206e+00
2.993843359546233263e+00
2.550892002905643441e+00
2.845401019469766535e+00
2.382172446094170670e+00
2.421055657499044056e+00
2.471226570727755423e+00
1.959357294695190266e+00
2.766041295694759317e+00
1.543085574574289298e+00
1.959642212856577137e+00
5.246979955495854886e-02
2.731012790479004693e+00
2.845159256661614844e+00
3.069363988582340053e+00
2.504891282384571038e+00
2.446894276731380824e+00
2.645653905477329371e+00
2.627232294419706182e+00
2.807359899416366211e+00
6.295638881489638017e-01
2.794988464035873754e+00
3.081131102943676758e+00
2.936768580739768097e+00
2.846152066714989104e+00
4.808487320515065222e-01
2.825400353650414864e+00
2.974187603277609337e+00
1.903214006845418971e-01
2.827302301386906080e+00
4.207506983821021618e-01
2.269332679717690038e+00
2.700064819165758134e+00
2.873609381183993783e+00
1.201802028138964085e+00
1.109941411375946929e+00
3.000766076811592686e+00
3.083045282043296531e+00
1.374676070946508233e+00
2.992783822118427306e+00
2.093931374986280680e+00
2.237664205266879147e+00
4.681985822528663133e-01
3.069175109723635275e-01
5.253111968364635592e-02
1.216456287796697511e-01
2.418297917166070121e+00
2.488036964873991952e-01
1.424073819210310010e-01
1.048112108662067277e+00
2.287988758071242135e-01
6.685510529297242766e-01
2.280941594574557030e+00
2.907168166348534033e+00
3.007658676780403884e+00
1.122342077716822928e+00
9.346978310094912201e-01
3.075329343350955202e+00
2.880983542346503778e+00
5.155344862152960728e-01
1.458375456186772778e+00
3.974389430504833287e-01
2.813412917475164865e-01
2.890249498985386190e+00
3.835891748448174154e-01
2.952007779296810686e+00
4.363856338689781067e-01
2.226901049965456014e+00
2.954586723625795663e+00
2.986942115935436792e+00
2.641363999770460325e+00
1.926234436895441771e-01
1.694472591302756737e+00
2.862065450944178302e+00
5.863368395820998114e-01
2.208739075654793105e+00
3.059054472546848036e+00
2.955724193366393138e+00
2.192220521194438110e+00
2.301909625620295330e+00
1.889838270015751664e+00
1.581036046792035632e-01
2.489954368282755848e+00
1.007880361019927395e+00
2.752815576106593554e+00
6.720040852858986113e-01
7.053831299380371178e-02
2.702309761780980590e+00
3.089385314645892056e+00
2.471143928455536098e+00
2.203316466267609908e+00
3.091677829521477072e+00
2.220662620181458602e-01
2.598339164870319795e+00
2.922540327096692980e+00
1.516746606507191286e+00
1.209688736155998701e+00
1.655364076105382276e+00
2.971098660492227594e+00
2.084762182425043964e+00
2.844133945926506701e+00
2.714959070110900097e+00
2.780222337179999226e+00
3.033133172463772009e+00
2.614992324303451188e+00
2.963176790875482247e+00
1.064476691986968558e-02
2.374904598451800908e+00
2.316365923332249999e+00
2.837246809269676096e+00
2.713085353453229320e+00
1.519165256108557127e+00
2.341495928957766370e+00
2.888333144292604793e+00
3.025545421947986036e+00
2.866379554394533180e+00
2.911401279869245240e+00
2.888079704812013482e+00
2.248775711002716449e+00
2.748469784865195109e+00
2.807103253758329586e+00
2.437368664522065131e+00
8.237057700110561598e-01
1.813835925932416160e+00
4.107549690217802141e-01
2.478384944298909875e+00
2.889692093257558270e+00
2.081381497758784338e+00
4.539997075933578374e-01
2.333090823561898564e+00
2.808073066678510976e+00
3.425719040573498297e-01
2.862629847770622682e+00
2.522229758102588093e+00
2.695148975936242586e+00
1.020579632182374352e+00
2.780549347298957752e+00
2.198163490105106976e-01
2.987237345894555141e+00
3.051538112570519434e+00
1.075411992628784619e+00
1.011291000247949157e+00
2.668096796429451079e+00
1.768160162802171920e+00
1.846110262809594005e+00
2.805088617720603583e+00
2.847146827816738668e+00
1.958925633564659319e-01
2.745926365905774436e+00
2.224485230295386362e+00
2.790908177536381984e+00
2.446919971575102881e+00
2.427375718651598735e+00
2.845265196845657485e+00
8.124920848876192314e-02
3.813680672723900322e-01
2.255520915955691597e-01
2.154686581362684095e+00
2.827311744364781276e+00
1.124513811558731369e-01
2.857733424626174301e+00
8.915468085608806437e-01
2.835605831700219515e+00
2.993843359546233263e+00
2.818569911536819017e+00
2.839517800201688758e+00
2.303341292034793319e+00
2.282585020039695323e+00
2.540673245997735030e+00
2.325054282254899629e+00
2.417161971694421041e+00
2.663450941687592444e+00
3.085724549550001861e+00
2.952220180897264346e+00
2.895783057200354005e+00
3.335752981543658180e-01
2.952466203683511980e-01
2.742692400377362283e+00
1.855567465899847113e+00
2.772676460244758001e+00
2.991269101133704478e+00
1.246822514183404174e+00
2.891477025190651418e+00
2.954007960498970853e+00
2.757625359463935499e+00
2.665863629989452033e+00
2.629180136271621393e+00
3.070464234203072795e+00
7.318864361430885701e-01
2.470775358416488654e+00
2.495896409089439771e+00
1.814406080253551323e+00
2.654990603212408651e+00
2.356137240569023739e+00
2.955656301879495018e+00
2.054847172376303543e+00
2.927753405368399342e+00
2.560396814926435560e+00
2.656828379622343528e-01
2.347202813330807825e+00
2.735707023750760136e+00
2.798498529439307214e-01
2.902263279989793165e+00
2.136393739502734146e+00
2.660686877863836841e+00
2.920477084051765981e+00
2.657426957272196688e+00
3.089575650596584122e+00
2.960652992660957494e+00
2.811691910368181890e+00
9.944314818011260049e-02
2.868818632095803789e+00
2.502838212892440684e+00
3.073380570332012063e+00
2.971357755191361694e+00
2.608977059411087485e+00
2.519680030681871852e+00
1.159172238053301635e-01
2.083078698102170723e+00
2.779795501098837107e+00
3.054466602924749807e+00
2.988631286311843827e+00
8.482739483792478552e-02
7.786602132065460757e-02
3.000843087715164170e+00
2.210988543836350129e+00
2.792075998151713367e+00
2.917411337570250840e+00
1.065285728978796441e-02
3.037580562107230264e+00
2.828922207922809129e+00
2.613530493013016542e+00
3.100565997032842525e+00
2.545470054349562528e+00
2.570050123004248732e+00
2.438566981071843998e+00
3.070095126858439549e+00
1.456303297380829864e-01
2.063137538260453763e+00
2.976968090407244638e+00
5.323234245806912623e-01
1.043387511144401536e+00
2.166697620242875821e+00
2.634238288303949460e+00
2.479569367754872466e+00
2.924639193479971588e+00
3.017063698974624231e+00
2.787585937364595257e+00
2.806538246243345913e+00
2.889144280228950645e+00
2.690608892040720956e+00
2.960652992660957494e+00
3.018115441065303717e+00
4.931380263319643520e-01
3.030769114647538842e+00
1.607507657443417948e+00
2.483573894653704262e+00
2.317118987352742909e+00
3.215279476601509701e-02
2.877402798304674381e+00
2.854906358665449950e+00
3.019432001391954667e+00
6.303308380977774572e-01
2.530139423995144021e+00
2.444319436614290186e+00
2.768362817960006605e+00
3.084004045526783866e+00
2.922363772484770195e+00
2.670220372347036797e+00
2.072234928274446775e-01
2.477158938600838134e+00
1.790100511658453131e-01
2.596141264713953234e+00
1.135106211186861884e-02
2.971533373511150433e+00
3.005476848118829314e-02
2.154710183376214450e-01
1.706694728516958470e+00
2.939589157714956880e+00
1.057546940867077234e+00
2.571040957958002693e+00
3.378234931196849589e-02
2.358478806062841659e+00
2.982535100521915172e+00
2.851365091934157547e+00
2.894598769793486515e+00
1.495711102329955189e+00
2.570372777102298834e+00
2.226901049965456014e+00
3.097218777665655232e+00
3.075833097696580420e+00
6.631040736438582606e-01
9.735202832694681008e-02
2.565869779835632247e+00
2.712730546277774213e+00
2.880882191067779985e+00
2.500690978415001542e+00
2.419574462288476280e+00
1.576898821056682554e+00
2.843094546173474235e+00
2.347915856742123442e+00
2.157695300687676010e+00
2.952219794463523783e+00
1.562955371353743073e-01
3.877997129278124011e-02
2.117642839577786873e+00
2.818112931609682015e+00
2.638509904817947671e+00
2.949019713044053415e+00
3.033327424468732048e+00
2.501295467369970549e+00
2.773896657158583245e+00
2.951493096040657793e+00
2.865243309514251546e+00
3.070747182602659997e+00
1.429010440344104849e+00
2.291301341272381775e-01
2.694527006198756069e+00
6.682189230270632607e-02
2.947486955429563071e+00
2.837203656587004907e+00
3.025289049452393630e+00
2.461017170406877508e+00
8.848837535169795654e-02
2.192755206182150474e+00
1.155535468783449593e-01
1.269159580173435109e-01
2.189372858330240312e+00
1.162417319983135355e+00
3.004791716260103662e+00
2.742306342562907506e+00
2.582571122238170425e+00
1.808366263502402815e-01
1.682510149920158460e+00
2.872448344670321507e+00
3.003208168131988653e+00
3.090023873570498569e+00
3.078125435634604945e-01
1.876895232410300984e+00
2.892723398659849732e+00
2.690409154892486221e+00
2.538268536085074523e+00
2.276543888972850649e+00
3.830077135447952363e-01
2.639808817210370417e+00
2.285461294676918609e+00
2.337388354152376557e+00
2.952863147990384185e+00
2.794843306551376916e+00
2.279632639152472162e+00
5.831681372793929841e-01
2.669901810320060687e+00
2.795470809465112172e+00
2.986851247426530076e+00
2.656147194790019928e+00
2.879165479710556586e+00
3.100745758033088606e+00
2.801427190061517525e+00
1.031222696579900226e-02
3.097218777665655232e+00
2.600046237513193415e+00
3.120090583360359271e-01
1.962894621189652300e+00
2.295757686036438816e+00
3.700337664129630388e-01
2.138237468426031018e+00
2.387341894136685294e+00
2.674834464624828101e+00
3.082527008405743452e+00
2.858726140145624317e+00
1.204004475925544604e+00
2.804742440431974071e+00
2.585106350483363791e+00
2.610333405752684577e+00
2.952224263173424124e+00
2.719877028714972500e+00
3.027535804636429795e+00
3.078216465331093943e+00
3.092044887351075744e+00
2.976675056070720249e+00
2.611344080765340081e+00
2.931464625746913022e+00
3.094930661496808177e+00
2.851365091934157547e+00
2.711066087489803156e+00
2.560841619013387138e+00
2.906197915539927124e+00
2.848344809847852321e+00
3.772271745860455994e-01
1.093912214013245787e+00
1.543085574574289298e+00
3.011511441360839925e+00
2.695789888756993324e+00
2.988349768646916704e+00
2.905459759848804335e+00
1.048062414579327362e+00
4.813405788423208986e-01
2.868237627414316648e+00
2.659090981028353173e+00
2.986479607250140500e+00
2.163694693352522957e+00
1.964574957907284092e-01
2.984410848810849171e+00
1.463155323857560364e-01
4.615692137113368565e-01
1.116490582002347270e-01
9.607085940646332978e-03
2.573739555205811325e+00
3.040825863439726273e+00
1.025878937575497751e+00
1.754245135110359843e+00
2.738382480893092108e+00
2.940750783418433212e+00
2.695789888756993324e+00
2.185798604889497287e+00
1.718116778735228611e-01
2.372577663438542483e+00
2.802409671613122377e+00
1.915033828169341312e+00
2.303341292034793319e+00
2.418297917166070121e+00
2.660138290477652934e+00
2.889748333242377232e+00
1.186001569488230434e+00
7.353572356174188640e-02
2.712224621789676160e+00
2.526205336381887712e+00
3.081971308788705510e+00
2.365524343723831358e+00
2.534993609968226647e+00
6.342816370315390584e-02
2.503829340667919734e+00
2.713931475084653488e+00
3.077639194518321464e+00
2.358219625606217118e+00
2.458457250108924352e+00
5.076395100681386774e-01
2.942834018772374716e+00
2.651237010444044362e+00
2.784429285427745704e+00
6.849794840967713405e-01
1.699901191062717087e+00
6.609510884431404332e-01
2.477194322501779844e+00
2.627367107559487991e+00
1.135151347699662860e+00
2.771487905879833846e+00
2.099971363019586423e+00
1.591884780756105622e+00
5.080693915985423637e-01
5.279734949893616358e-01
2.744432675205279448e+00
2.911317583455840019e+00
3.068338374157702830e+00
2.915724782935691373e+00
2.877211615257246446e+00
8.185319622036554832e-02
3.052057158445510954e+00
2.804622598415702051e+00
2.813485972869991247e+00
2.685122252551825017e+00
2.880779196587840651e+00
3.047375001353464175e+00
3.019552074669616282e+00
2.397943511885346268e+00
1.874235492544862769e+00
2.189081246793262547e+00
2.446062226289971608e+00
1.745832447767660778e+00
3.029306349647033159e+00
1.984224899183231861e+00
2.710537310137180356e+00
2.989787783159997492e+00
5.253111968364635592e-02
2.902754860791337599e+00
1.442845047465909802e+00
2.708175403481544841e+00
2.154710183376214450e-01
1.574024865618433466e+00
2.986942115935436792e+00
2.773896657158583245e+00
2.803958791652890969e+00
1.216511962656014190e-01
2.982343116634830871e+00
2.709219922483829368e+00
2.964296046323263045e+00
2.499179960448438820e+00
2.821231359455117715e+00
1.829438881186161714e-01
3.023580961147251944e+00
7.445634102247519204e-01
1.697943279085630808e+00
2.584767171365614402e+00
2.611360120130274520e+00
2.139224600676533861e+00
8.590841156873288420e-02
1.935939272521515209e-01
2.294949103628947551e+00
2.960821864099413059e+00
2.765715333354661798e+00
1.871569198650836485e-01
3.092389530368421457e+00
1.836867739954864298e+00
2.982784600255532492e+00
2.832872655915715576e+00
2.832732248731868019e+00
3.026509070587797279e+00
2.886337299016915825e+00
5.524294825654356700e-01
7.116348420562821353e-01
2.515002987242591193e+00
7.037255574231637834e-02
7.558949221992490308e-01
2.885560934079296924e+00
3.077572570241833727e+00
2.848672310601849222e+00
1.493656430577206651e+00
1.425545003670746658e+00
2.720540336163414619e+00
2.597478753513283944e+00
2.031188288316408741e+00
2.381651327991894274e+00
3.028071425490153512e+00
2.928926391010248764e+00
3.080798135530375959e+00
1.431746489637229169e+00
2.967492172041825249e+00
2.674086868706812670e+00
2.460861977234078957e+00
3.090275386329905061e+00
1.463745682040203500e+00
2.132685144300091373e+00
2.803923121434825028e+00
1.431341051535854003e+00
2.054847172376303543e+00
7.533938043168984799e-02
8.630056169426067458e-02
2.147297349892180574e+00
2.935784713673411872e+00
1.925524665724965834e+00
2.328882228258793763e+00
2.952955420847878543e+00
3.047634960349015820e+00
2.858434063522155455e+00
2.976359778873238771e+00
1.624664437006255957e+00
1.880307801753543062e+00
2.609406527312740920e+00
1.175824496070872582e+00
1.876652846284905918e+00
3.032406219151239757e+00
2.929693553235816594e+00
2.553162046050949208e+00
1.596561950655482232e+00
2.700686163775461335e+00
2.827867992418420684e+00
2.529255134213709511e+00
2.835884510177660189e+00
3.089509226067549630e+00
2.214064627207175562e+00
2.854657694639324284e+00
8.332851822700667599e-01
1.062668589035435485e+00
2.539907531857207079e+00
2.224542819422303364e+00
2.338525958976978458e+00
2.982343116634830871e+00
2.819505826178378971e+00
2.791954190966743354e+00
2.871426531136146654e+00
2.542592009058488589e+00
3.017497637593530513e+00
2.209116244953064356e+00
2.970484152672520306e+00
2.949742392572720640e+00
2.968239123893037235e+00
2.838073225197601079e+00
3.215252310935405866e-01
1.954674755067061120e+00
2.828972036230594789e+00
1.060542140631149044e+00
2.645496247087233854e+00
3.289240778314852370e-02
2.670582738860167282e+00
2.795044590564460307e+00
2.937213973992606864e+00
2.325358336263559700e+00
2.888557611586676899e+00
2.565124695806298760e+00
2.718603698838231608e+00
1.386071297718417528e+00
2.657226148502312757e+00
2.815537914619881565e+00
1.834915210761584259e+00
2.688142567958450524e+00
2.953564076226285806e+00
3.812392593497471727e-01
3.069171310842436551e+00
8.048408217534239184e-02
