1.063800343239842405e+00
1.846436638625940763e+00
6.548895140340620369e-01
2.443980185999729549e-01
1.373863107412615525e+00
1.962621726310578851e-01
1.356844366002150082e-01
2.540632777977041901e+00
6.659083639079059758e-01
2.113608545945496520e+00
1.478765191568584270e-01
3.099073379877705370e-01
2.990681255198997524e-01
4.069829935630282503e-01
9.271058893174578819e-02
2.797880967801799068e-01
2.395490132286413942e+00
1.657701851016894379e+00
2.960327824281090425e-01
1.568325579501694267e-01
9.748197160340036360e-01
6.548895140340620369e-01
3.118097918357853882e-01
1.532485822877349135e-01
1.461841321481123002e+00
1.923260250941257743e+00
2.441847026412342636e+00
2.542117386507487531e+00
1.220402935843278996e-01
7.552256065465688673e-02
1.130924106371641313e+00
2.031135791464670159e+00
2.973077647308496052e-02
2.230635090101536822e+00
3.059357570313478436e-01
2.380753594602442291e+00
2.526162893630727435e+00
1.311792542967427311e+00
7.768311058138657188e-01
7.206233131485344501e-01
2.427301687741679093e+00
2.075543320052210206e+00
2.096620331342710752e+00
1.749159523833136332e+00
5.126920780609598438e-01
2.482882688053707376e+00
2.539088355687429299e+00
1.710476229549455218e-01
1.547983537695820089e-01
1.981666788125937329e+00
3.022709764111795039e-01
2.540423211121366265e+00
2.382616814691237983e-01
2.179542170406539303e-01
9.488968099284090796e-01
9.674476183035003451e-01
2.468274419278789544e+00
3.964054061468710310e-01
9.533885301238249899e-02
1.315260319228077346e-01
5.243472432556359197e-02
3.239898660985155443e-01
6.414203149725139497e-01
9.412292387585536879e-01
2.481542033608012954e+00
2.551808073910199148e+00
1.969999949801514605e+00
1.728271423297441933e-01
6.453318000144973032e-01
2.272969461158397486e+00
2.640555357243286050e-01
1.525002905648679130e-01
2.422510082173579882e+00
2.547499627892495067e+00
1.700609501506147092e+00
6.828839408175622072e-01
2.274891106161903487e+00
9.305307113153152843e-01
2.430079135426096437e-01
3.400982261365955717e-01
2.750082070576898713e-02
1.637711630474435187e-02
6.548895140340620369e-01
2.517992293405290294e+00
2.543813375710163083e+00
2.492666623197681286e+00
2.416997557784681394e-01
5.352657963507568839e-01
4.352756949885928650e-01
1.112325766367182167e+00
1.586184572144311744e+00
1.868386892645605979e+00
1.071696463914007524e-01
2.205602832738831509e+00
1.081447029104512625e+00
2.074824943571139890e+00
2.469157670268129934e+00
2.068778184245864793e+00
5.352657963507568839e-01
9.473426331641358056e-01
6.529820649199550298e-01
6.548895140340620369e-01
2.433255545890306681e+00
1.062280868406012324e+00
2.061868673896725124e+00
2.266369171766094759e+00
2.469036194958456498e+00
5.244983486164125353e-01
2.038619927448837299e-01
5.761596274526904482e-01
2.545541949526330505e+00
2.154546462498999837e+00
1.970444688065726702e+00
1.608308332839400723e-01
8.074515937557916190e-02
1.973859184694018165e-01
2.936436569917648121e-01
2.401261201897168629e+00
2.319437690937625085e+00
2.864950184615261408e-02
2.392881921339025386e-01
1.812798024125171326e+00
7.143989905303774757e-01
1.317224191044222836e+00
2.230379560320957300e+00
4.827394393271787765e-01
2.213485635864807843e+00
2.286268360508718178e+00
2.078569898740209865e-01
2.390714115080943891e+00
2.429472089972728899e+00
2.374381340554529096e+00
2.319902799234925705e+00
1.616352457615641558e-01
2.250127659394305646e-01
2.303143663094582294e+00
4.273246696110773873e-02
2.279169777519388790e-02
6.107789736034560102e-01
2.313589944661329945e+00
2.460045312566276454e+00
1.108531140382224001e+00
9.952210981592012340e-01
2.528967383680615910e+00
2.863578269934335951e-01
6.671484783526844264e-01
4.021479586275616275e-02
4.309778352862764228e-02
2.886753443095504967e-01
2.473313615314998604e+00
2.554968218036056005e+00
2.358999986556335138e+00
1.483752680856670336e-01
9.262604837881318609e-01
1.735122465844932016e+00
2.393777171782919266e-01
2.543271679920537043e+00
8.810415138776349631e-01
1.896489740654901057e+00
1.595389655813390095e-01
2.234159436389369979e+00
8.901097953826071774e-02
4.034025147023183600e-01
1.062373562009291783e+00
1.339938858973774627e+00
2.242690032188856097e+00
2.511633095204973909e+00
2.426624788905308971e+00
1.764643573894337375e-02
1.432358934786066795e+00
1.977560572404016392e+00
2.110240477728950736e+00
2.304059463946297015e+00
2.467713827271727389e+00
1.081733733471669456e+00
2.469157670268129934e+00
1.980771097016806648e+00
2.268153915440517032e+00
1.511019248846217633e-01
1.005753147042750095e+00
5.991895774774278621e-02
9.625814060159320062e-01
2.186375831871924635e+00
2.103600565049343007e+00
1.766474383836893258e+00
2.876883892884439242e-01
2.286886222284275849e+00
2.256525827255157601e+00
1.446671312376530127e-01
2.192871153002933671e+00
1.042900224252132357e+00
1.870806389751362930e+00
9.202199321323177861e-01
2.530353310153789170e+00
1.813888141187353309e+00
2.548853229498873496e+00
2.384467421391586850e+00
2.460719233300415976e+00
1.926513228198218630e-01
2.488459579491737905e+00
1.513570967433646608e+00
2.075493284058265164e+00
1.323562485354537577e+00
2.094402628408480904e+00
3.835923131145860254e-01
1.785134572840607614e+00
9.830213175254549629e-01
2.090687787669894548e-01
3.022709764111795039e-01
1.237785502212225136e-01
1.614259398454690464e+00
2.211862574302571605e-01
2.500801190187394774e+00
2.524322635517745717e+00
2.213162889007040057e+00
2.484613545902347731e+00
2.373147950950319274e+00
1.085164160581912673e+00
2.263387156748843942e+00
2.506666538793887344e+00
2.412315019814005090e+00
4.226884940554974102e-01
1.498996467214330552e+00
1.747552370944920774e+00
1.942939281194198120e-01
2.608653092261023487e-01
2.114894749155966203e+00
1.475253316729285558e-01
5.889445072201689863e-02
2.504227314583575392e+00
1.525002905648679130e-01
4.113857340532207224e-02
2.847954568964976008e-01
1.886967148646444992e+00
2.268796011158575876e+00
5.919274116952372156e-01
2.537801375402826576e+00
5.110843592154904469e-01
2.458241731111039829e+00
9.018609600705286278e-01
2.052697061745591522e+00
2.342283901379336619e+00
2.507412744001491500e+00
1.504655267585271350e+00
4.031346964489912477e-02
2.127590524156569352e+00
1.343352322651044872e+00
3.180358815510406223e-01
1.714336168023040896e+00
1.463734543468778737e-01
2.375123891702436651e+00
2.667592253631641958e-02
3.622442710178403469e-01
1.921321071113883727e+00
2.486939117025765089e+00
2.177187512312734885e+00
2.310708393048626075e+00
3.704925427243253022e-01
2.454473408140937174e+00
7.168114600033689832e-02
2.417432416492204972e+00
2.209632664520451595e+00
9.562738298047087637e-01
5.245025029128421723e-01
2.242492768949790882e+00
1.921576584051017500e+00
2.360622796120178002e+00
2.274891106161903487e+00
1.155838814551047200e+00
2.308676993767053987e-01
7.096909985232716656e-01
2.227445930380035077e-01
9.375312351911513353e-02
9.255930441914437257e-01
5.352657963507568839e-01
1.662657757337999975e-01
2.415884720350760795e-01
7.928316583294168218e-01
2.919778358827440634e-02
2.413177314571670617e+00
2.786365021694215960e-01
1.417339522325383294e+00
1.389222543181620084e+00
9.420511903640284290e-02
6.879883491747361413e-02
1.745009602777137570e+00
2.086941916989683232e+00
1.227431287390930437e-01
2.193424521066829502e+00
2.114338260999590879e+00
1.116199884950826782e+00
1.975716934655124435e+00
2.497970665910220767e+00
5.936088395371592608e-01
5.236723015042212825e-01
2.378095869405097318e+00
1.440614843905563616e-02
1.010174514456905648e+00
3.369279912894858064e-01
2.504184289396278018e+00
6.531297655895177412e-01
8.740529568776883584e-02
3.490413861361525982e-01
2.484662014987790712e+00
1.541451522448508804e+00
1.768332711656441236e-01
8.581268882707103751e-01
2.482259832622045526e+00
1.116608659183285557e+00
2.527450783888341324e+00
5.599182259949860851e-01
2.348998507784583634e+00
2.365848407139407250e+00
1.185169923718901314e-01
2.244808299471159785e+00
5.075777031875167156e-01
4.987664487047190759e-02
3.671287842699994669e-02
2.542169854396847839e+00
2.472438590935774894e+00
2.451925475662462883e+00
1.671666545179872010e+00
7.096618575801415252e-02
2.333611550135736845e+00
4.467342756211061666e-02
1.822163754767885946e-01
2.227972754036468661e+00
9.354797553547332667e-01
1.374412357053022005e+00
2.941228747106068298e-01
4.872493698920546956e-01
2.172643770159325083e+00
1.768332711656441236e-01
1.918203759771274219e+00
2.059081083102202836e+00
1.907460849182710805e-01
1.173430549919564220e-01
1.949956398277080449e+00
3.283637853198506096e-01
1.886967148646444992e+00
2.388067774408473287e+00
2.948356539820260469e-01
3.852444623956593345e-02
1.078427307455659956e-01
5.755740600498975290e-01
7.252204052750360619e-02
2.401305134977729100e-02
2.198968514796808549e+00
2.320417470383487668e+00
2.363305827692036676e+00
6.743429165900266531e-02
1.101058807584566868e+00
2.358515723813621623e+00
2.034671577033765111e+00
4.121471711015501360e-01
2.474643935517286231e+00
8.805800965413753678e-01
1.983077309320055770e+00
1.728271423297441933e-01
7.770772997613170641e-02
2.399645261702722188e+00
4.034025147023183600e-01
3.819396728262077767e-01
2.030639220505129350e-01
2.496184523269052491e+00
3.380597587549020178e-01
2.979106716827066847e-01
6.347891142503336859e-01
4.965591974289237376e-01
3.338756761582978294e-01
1.794491054599760271e-01
5.638557530897171377e-01
2.400997369543853122e+00
2.504244240490560269e+00
1.221699609285497798e-02
2.540783770018402166e+00
1.202730313969557069e-02
8.162506212874294231e-01
2.384942945895604627e+00
1.817818970064036810e-01
2.366180988536989549e+00
1.133020474963003288e+00
2.154546462498999837e+00
1.952944075597141671e-01
2.079458474237223076e+00
2.433841931581262052e+00
4.698847844621927006e-02
1.626883077442886849e+00
1.171338969690312259e+00
2.208007819934891369e+00
2.331410732472684266e+00
1.510109146014874559e+00
1.056023488200765081e+00
2.343699371686925659e+00
1.473027510421636432e-01
1.046415305460587086e-01
1.257403860393062900e-01
1.829798886457170981e-01
8.895013429019561768e-02
2.554882359358045640e+00
1.879722257519391038e+00
2.095731446290016287e+00
2.506316119272407494e+00
2.514457515544728405e+00
2.069625287439263328e+00
1.826378256334072470e+00
1.747947981377281357e+00
2.319838922540606863e+00
1.399858062182537832e+00
4.103056020152745509e-01
7.459417496856025620e-01
2.382700075450290278e+00
2.346132647000399363e+00
1.706390275202425810e+00
2.195252456114884065e+00
9.979795221015480555e-01
1.657701851016894379e+00
6.413038691635636335e-02
2.529841644892642627e+00
1.517684158385647519e+00
1.033951259448647741e+00
2.222755254452067231e+00
7.046111965056319759e-01
4.423786904605711556e-02
8.699557251089207188e-01
5.590470167443062355e-01
1.657715938332464112e-01
1.857629329470221968e+00
3.663520154805029461e-01
1.917217206091933912e+00
3.359455102202161814e-01
2.156410872922436273e+00
1.855134841661081113e+00
1.888188557758818442e+00
2.313968703763179313e+00
6.128597572538956317e-01
2.417729035862211884e+00
1.453821151637259446e+00
6.435368252851481063e-02
2.083080834471880749e+00
1.846436638625940763e+00
1.864107662453214465e+00
6.529820649199550298e-01
1.176249795251882446e+00
2.428015895962906789e+00
2.571325861708885843e-02
2.801580347369652668e-01
2.473931989657004227e+00
2.554005389182068431e+00
2.090526011153084340e+00
1.026931394573185496e+00
2.012438513811578122e+00
1.339938858973774627e+00
1.823621597072510259e+00
2.513336072708622471e+00
2.312557996896238866e+00
3.520000110043650654e-01
2.469157670268129934e+00
2.448050871062664946e+00
1.205463141725288539e-01
8.172206725247277426e-01
2.337265946188477272e+00
2.359255831212597965e+00
2.079860979459302039e-01
1.768332711656441236e-01
1.417339522325383294e+00
1.726328728188974759e+00
2.222395094618421663e+00
2.214810185240245310e+00
6.558812122686596968e-01
1.402267686370878508e+00
2.284412252012186784e+00
1.616257809508975685e+00
2.065122457119380694e+00
2.443009796312809900e+00
2.037511442141164864e+00
2.507449658664025360e+00
2.207131865026219053e+00
1.005164520685863511e-01
1.837979993604722084e+00
1.431945660362375916e+00
1.501424617744738566e+00
2.043271912124813294e+00
1.220935405932604967e+00
2.243800551807048738e+00
1.019980928611753379e+00
2.520024273163537387e+00
2.552461746681053967e+00
2.451663501301485582e+00
2.482633411596367523e+00
7.522900054163328409e-02
2.516961143410468171e+00
2.095731446290016287e+00
1.166364294639201521e-01
1.827961510779382737e+00
2.344946293459915787e-01
2.515263551099014894e+00
1.745629194828246300e+00
1.534371589412473202e+00
8.111988316105410712e-01
1.544991906672815718e+00
2.336308977211005722e+00
2.543810503074874330e+00
2.801479864613538040e-01
2.433240304854525693e+00
2.554304649101944769e+00
1.625280711177463644e+00
3.066353304913991273e-01
6.841954822538659498e-02
2.148142080779759655e-01
1.862606384176366925e+00
2.968488273020645218e-01
2.435990381798879501e+00
2.262347149908304544e+00
1.033145077633302211e+00
9.706919475451751822e-01
2.473469729006002371e+00
2.122618845758245332e+00
1.960502306752132773e+00
1.545487073480205309e+00
1.828336277508048724e+00
2.257386372423014542e+00
1.402972278941377327e-01
1.435869713282867943e+00
1.583337460956944498e-01
2.144806599861977858e+00
2.403889739741941423e+00
1.185169923718901314e-01
2.198695644646361025e+00
8.045284843659243623e-02
3.231761493263122370e-02
2.485427455269976438e+00
2.198246440401312007e+00
2.509751930786878749e+00
2.372076283944283825e-01
1.636909606823391927e+00
6.005945230804470292e-01
2.260170430651478046e+00
4.620276876885031081e-01
7.239729671153576074e-02
1.005472209795946537e+00
2.527846388724611426e+00
2.386423545091783005e+00
1.871853107548415496e+00
1.059963558697302632e+00
2.344946293459915787e-01
2.390038382367463576e+00
3.604636475443916965e-01
1.968968492875726284e+00
5.975752293870133514e-01
3.490413861361525982e-01
2.404063761852866854e+00
1.735457254924070991e+00
2.648859202829457193e-01
2.748542215489019336e-01
1.141217138590421509e+00
1.742152208088950105e-01
1.356971131357768146e+00
3.063059947091705260e-01
2.804082600794632896e-01
1.975935362486056501e+00
6.438325258611989899e-01
2.005778247841526252e+00
8.141686864109042299e-01
2.313351195616101030e+00
1.013757339353943188e+00
1.116532503208381572e-01
1.688022846941531624e-02
2.504244240490560269e+00
2.538915580821119899e+00
1.878932557600906605e+00
1.777736478797335096e+00
2.468091388138119596e-02
2.225780626118605277e+00
1.173299677248530903e+00
2.525757180272312219e+00
4.739954021643957155e-02
2.550428349858915755e+00
2.286223642724646954e+00
2.503639675019286859e+00
2.276787749999757082e+00
8.335072651981596525e-01
1.012164898558756798e+00
1.230477581939041776e-01
2.364101604808061641e+00
6.797400984331347651e-01
6.694664997503064763e-01
2.090790601694549000e+00
2.353684902722459782e+00
8.305153049995465941e-02
1.414953259010105768e-02
7.459417496856025620e-01
2.478946768762455566e+00
7.623111462774032066e-02
3.779240694987485993e-02
4.837998575130514345e-02
2.214512992701699545e+00
1.272536902992914554e+00
2.069899616409111243e+00
2.335604542005418782e+00
5.744000371015165474e-01
2.323649835521914842e+00
7.199543672172775688e-02
5.169434380567847764e-01
2.339635600651540859e+00
2.133338644386408411e+00
2.406155421825104668e+00
3.784828284196728454e-01
2.487699773659829972e-01
2.468332512637426479e+00
2.194102882310982050e+00
4.226884940554974102e-01
2.339565436072002402e+00
2.091387767540689335e+00
5.801605033336255934e-02
1.730427612904245738e+00
2.314885824270398462e+00
1.110525998080321153e-01
4.389853629395348844e-01
2.127315611706306786e+00
5.590049013386158006e-01
2.222755254452067231e+00
1.054779856414080230e+00
2.406389737604642143e+00
7.177210704614221670e-02
2.536957537763813164e+00
2.543880668286334856e+00
4.140955775692011648e-02
1.433704589928518569e+00
3.867865462344968752e-01
2.290928277718947914e+00
2.242492768949790882e+00
2.365239489012242569e+00
1.723217111087525510e-01
2.377568431248715086e+00
1.577717577771524382e-01
1.724768956914752405e+00
6.935788627257993832e-02
1.366184718553888011e+00
2.485264800748433256e+00
1.250660999168763832e+00
1.557404686432038110e+00
2.455238001952015470e+00
2.599051692798000010e-02
2.604762415983734036e-01
1.531530099737560935e+00
8.449584251736085017e-02
3.005899104611290534e-02
2.227862725450618697e+00
4.343336412341137209e-01
5.376349839015445164e-01
2.534141196463873591e+00
3.342393055774300903e-01
9.063274552563823638e-01
2.515263551099014894e+00
2.394407865868247054e+00
9.414951002303554306e-01
2.174826573372199423e+00
4.358590504120486708e-02
3.675723043502543419e-01
1.480721613674228498e+00
1.059565053425513881e+00
1.807118858270698958e+00
2.394879234131640722e+00
4.450624732501066716e-01
2.367833247381590400e+00
6.374499410086623685e-01
2.302872774544227230e+00
5.900801251434475425e-01
2.154334776468475265e+00
2.171637601178902255e+00
1.348987965976230274e+00
1.012412242526687794e-01
2.442677498042594042e+00
2.135560875123838187e+00
3.177506028953115402e-01
4.128625781025688224e-02
2.331643211801968985e+00
2.406422461304237981e+00
2.354042004395779930e-01
9.237744999755824749e-01
1.329381541142085732e+00
2.102465417919225033e+00
1.554113452240898141e+00
6.643496752113134951e-01
3.425772202507023079e-01
1.278614017654412446e-02
1.164073438387729434e-02
2.448709952548536517e+00
6.987851265850487659e-01
2.489929860985561572e+00
2.301941415801118218e+00
3.786310906440357171e-01
2.038186068233102333e+00
7.811774928911159321e-01
3.897385929992931430e-01
1.362040819233801159e+00
2.544443015096981675e+00
1.127014722917345724e+00
1.359782455130606749e-01
8.112401418990122792e-02
3.397840603295410600e-01
2.412431879364819842e+00
1.173299677248530903e+00
2.213658448688999414e+00
1.532485822877349135e-01
1.559437265977139608e+00
7.164742777923203132e-01
7.575033755611958464e-01
2.197811577670089889e-01
2.408174318964301008e+00
1.356882306293690110e+00
2.404882332019727009e+00
2.178364039000418195e+00
1.984075900615570154e+00
1.096957145266539202e+00
2.410387706931328700e-01
2.490740859537349028e+00
8.258018701645383208e-01
2.468242154899459528e+00
2.434749332115432541e+00
9.192589340598001924e-01
2.312897309971147397e+00
8.747632198228981748e-01
1.628273227326128669e+00
9.445651990338634896e-01
2.008635600782592956e+00
2.374610003214011833e+00
2.331275187910993196e+00
8.857154227102302935e-01
1.452375654692101392e+00
1.252240455377958694e+00
9.381997743848311533e-01
2.551808073910199148e+00
2.081212400054086586e+00
2.476442421491367174e+00
9.691723531233605859e-01
3.498398802013592546e-01
3.425772202507023079e-01
6.121584670291733282e-02
2.432955793215593410e+00
6.548895140340620369e-01
9.963101023831819614e-01
2.394879234131640722e+00
2.201988890126027165e+00
1.873814521480588136e+00
6.889783378726453966e-01
1.276803893413739344e+00
6.259667902725229993e-02
1.806802381845705810e-02
1.144031427631897913e+00
1.456240412131569184e-01
1.411376359658055524e+00
1.272096377389251298e-01
2.349042227263458571e+00
1.427476547948454355e+00
4.169062846650397614e-01
1.440917347701789301e-02
1.141558694802204510e+00
1.129674722030922507e-01
7.620364934374233845e-02
6.548895140340620369e-01
2.545123758124272495e+00
1.020411568090034748e+00
2.360668504954080316e+00
1.507594513298343042e+00
6.128476453850187911e-01
2.545880664324921661e+00
1.814760691766649225e+00
6.987489247654936619e-01
1.122177701156304996e+00
1.553272549857260820e-01
2.250127659394305646e-01
2.304336508429382757e+00
2.343444259489360970e+00
2.417281653642103789e-01
1.029896696564637004e+00
1.667582799351879919e-01
2.269246715069465292e+00
2.984017866432260302e-01
1.800561143854547019e+00
6.957052736400816118e-01
2.267196884527487910e+00
1.367962870967682765e-01
1.296334181916185990e+00
1.790097922157377897e-01
1.517684158385647519e+00
1.720652697272281040e-01
2.337822245036199842e+00
2.512802037014206125e+00
2.768486160431350707e-02
2.375294362709904350e-01
2.154546462498999837e+00
1.915647735312924968e-02
1.228059763842594743e+00
4.682628915427056726e-01
2.548254504498109974e+00
2.457434136578361183e+00
2.533088036117934205e+00
1.340760257730264637e+00
7.974001484593935818e-02
1.780420892817674128e+00
2.524488960634596157e+00
2.377255423012432978e+00
1.586290655827356844e+00
2.454016550275656794e+00
1.507456110458179899e-01
1.284401359865793568e-01
1.691726979052673441e-01
8.405984719531994775e-02
2.120865415530784226e+00
3.693208044216709784e-01
4.202401404281319031e-01
1.293852080568119067e+00
6.920982511990191044e-02
1.149853836024509190e-01
3.252207603343776343e-01
2.527508177311513116e+00
2.511502965050908198e+00
2.562672468121577340e-01
1.084526794388757098e+00
5.261947277919069021e-01
1.389222543181620084e+00
4.283656940239194411e-01
1.401804999171535115e+00
2.309335897308002039e+00
2.539153152320325013e+00
3.892921664020302375e-01
1.971766027236004248e+00
2.274513024713919584e+00
1.958302467677069281e+00
1.152783970531102986e-01
2.307545036101192437e+00
1.704503627194407178e+00
2.506966235894246164e+00
7.961745016052343971e-01
1.453592871967424482e+00
2.507363046689031538e+00
5.131998837678094366e-02
2.549739688556826422e+00
2.346185120335741559e+00
1.635813830252610401e+00
8.939730500792043844e-02
6.943857987346847838e-02
2.231870060229643737e-01
2.092255631054602993e+00
2.494144325574456367e-01
6.537882586162829801e-02
1.206706565873217230e+00
1.275804939023399420e-01
5.832786229371069719e-01
2.307817714237971884e+00
2.273948385092055435e+00
2.482882688053707376e+00
2.098706349913851632e+00
2.519616053266052536e+00
2.656763662305027252e-01
2.268666889572281242e+00
2.375505984394545855e+00
2.362642769011259691e+00
2.063572233095188668e+00
3.459387636401273225e-01
2.288658339672873687e+00
2.540834107125360841e+00
4.691987098324496702e-02
4.779929837705066964e-01
1.907928196479444782e+00
9.333604860343927001e-01
2.417461493159835051e+00
1.233167501739879546e+00
4.188232791707053870e-01
2.042669229433217826e+00
3.077060025313145819e-01
2.323131923257961695e+00
3.326721494854018718e-02
2.437743260632604159e+00
6.374499410086623685e-01
2.546549790952130563e-02
2.059783327120138896e+00
2.123986694455726187e+00
4.763401705302596628e-02
4.546879570637850643e-01
2.820034724996853814e-01
3.022709764111795039e-01
1.887225434041090111e+00
2.216755128100287742e+00
2.292162934729196078e+00
2.241340697179170949e+00
2.316358940695026458e+00
2.073838477816491999e+00
2.209730652740204082e+00
8.494522987124691893e-02
2.386224759497047820e+00
2.448275551907755698e+00
2.371177347401929314e+00
1.238136319298337007e+00
2.124219446293308167e+00
1.183849118896628250e+00
1.797151502950954383e+00
8.592700968340415413e-01
1.394355252996283490e+00
2.547419957584833750e+00
1.527483868536095413e+00
2.196280991610341626e+00
2.191240089164874671e+00
2.526160620177205551e+00
8.778262574310796706e-02
1.411305861509633885e+00
2.476921723567738542e+00
1.702872774679297097e+00
2.507412744001491500e+00
5.570260778906597210e-01
1.042870428986795384e+00
2.512274421816826919e+00
8.171309220951751273e-01
2.336816003059925873e+00
2.294037078108284167e+00
1.087703377771699759e-01
1.883094856957095553e+00
2.412156323703782898e-02
2.027383935820132432e+00
1.559205816173628301e-01
2.453547588436477689e+00
2.232992744363584414e+00
1.746204322042765877e+00
2.446899647373107278e+00
1.499274034750406104e+00
1.522784791891513390e+00
1.157578268830381951e+00
6.259667902725229993e-02
2.154546462498999837e+00
1.020817027257316489e+00
2.397802199659154199e-01
5.249246195066740173e-01
2.651796960798957215e-01
9.810250081170646119e-01
1.768332711656441236e-01
2.363533942109681263e+00
2.296340454639672402e+00
2.359844772081566955e+00
1.860314447655274428e+00
3.414156290778428415e-01
2.312392042913988810e+00
1.012195058001575276e+00
1.584262203718149742e+00
2.378728238534670414e+00
2.391119584074063109e+00
2.503384493041802994e+00
2.430410334288230612e+00
4.519330126454050578e-02
9.724564000186819435e-01
5.948612462617119782e-03
2.180378599648129967e+00
1.233167501739879546e+00
2.476196696165808397e+00
2.228096539860798142e+00
2.209327633146934478e+00
1.326752370463338826e+00
2.205348854135996906e+00
1.855134841661081113e+00
1.465903697129037897e-01
2.093900052251719934e+00
1.402972278941377327e-01
5.646217962256923073e-01
2.475298793270156672e+00
1.879609287518425598e+00
2.165549882794047587e+00
2.201253694179111431e+00
8.073394663362404300e-02
8.330240700213084049e-01
8.083868536013717743e-02
2.384501603799698444e+00
2.190955515100633244e-01
6.807138623821498147e-01
4.515910894997995917e-02
7.606231319400245938e-02
2.029294089920967270e+00
4.648944111416263292e-01
5.782933345944130110e-02
2.470285266989071804e+00
2.052697061745591522e+00
6.858845501192510907e-01
2.086029382604118076e+00
2.336688936730515920e+00
2.450757061221064514e+00
1.605674201596096529e+00
1.880211647995584823e+00
8.625544247165781719e-01
7.628440720103661643e-02
4.678094734125539111e-01
2.081154843248770092e+00
1.566261964735592205e+00
1.773897328850762456e+00
2.206824066947411733e+00
4.480059731915504023e-02
2.531148698206868275e+00
2.079597571784422172e+00
1.498483766814927565e+00
5.127132294766557630e-01
4.363511816816896816e-01
