3.685583483147551576e+00
2.570784693296116252e+00
3.643157521145956146e+00
2.597871866831716670e+00
3.552219282087058172e+00
3.292988111375235949e+00
3.740425022943711486e+00
2.984091461109244836e+00
3.677377091774512774e+00
2.889780874397685828e+00
3.414244006677336074e+00
3.012894844985991583e+00
3.374501285044632315e+00
3.450249192518227481e+00
3.232118112973706658e+00
6.941658615737798799e-02
3.574974533044556146e+00
2.995925676794236825e+00
3.397744474308630469e+00
3.522310859229137670e+00
3.593395471570747457e+00
3.652384745743352479e+00
1.066466973277361077e-02
3.229374655918821002e+00
1.960546787385137435e+00
9.855124756261546271e-01
2.725449350739405752e+00
3.535972113013309492e+00
2.836011725809884254e+00
3.125385954364357399e+00
3.541968679307152090e+00
1.911657215932758766e-02
3.531376548692727102e+00
3.405924096137671331e+00
2.918857384003885613e+00
3.672652805012913468e+00
2.593488719434540624e+00
2.259006430414799205e+00
2.506153724304367447e+00
2.981793714290146724e+00
2.765167595370780163e+00
9.548447051195416146e-02
3.291142628378682655e+00
3.401159893912612642e+00
2.030067630105479637e+00
3.557068662795598524e+00
3.442122769446132047e+00
2.990860641021893862e+00
2.932639183028902252e+00
3.688549368974920473e+00
3.388548079505247834e+00
3.897421247177242920e-01
3.723033409627897861e+00
3.364380109017803377e+00
2.986232426507247961e+00
3.033748774815503868e+00
3.146374514869642702e+00
3.551918787692696533e+00
3.436815230487343609e+00
2.864667783910837873e+00
3.175281465452737262e+00
3.455681442801667558e+00
3.114005919434611247e+00
3.761627552890261406e+00
3.387385442564817328e+00
1.648560808996168081e+00
2.990860641021893862e+00
3.439717346090581884e+00
3.080547714961333838e+00
3.225027522734689622e+00
2.864939644542503050e+00
2.537275568095581857e+00
3.691307614680245042e+00
1.498016915057271081e+00
3.384708990879027546e+00
2.654772095935184595e+00
3.411076212632097260e+00
3.249271361506534728e+00
3.337439157524688227e+00
3.613987458074114034e+00
2.379791829842931250e+00
3.625187286020811861e+00
3.683433679537823302e+00
3.105768011240826798e+00
2.502102802015285121e+00
2.987695739293211528e+00
2.141078532777582755e+00
3.341548386643892865e+00
3.598669656862334865e+00
3.556098069306930842e+00
1.837826947603252714e-01
8.836400536193708688e-02
4.544027728661198529e-02
3.702805995759590463e+00
3.741059961972311054e+00
2.814428647330894595e+00
2.828437898189653410e+00
1.097780249229870358e-01
3.438980397975069270e+00
3.116780904337884017e+00
2.967509886761725557e+00
3.693254299702370513e+00
2.707912295703034822e+00
3.120276811590518840e+00
3.226195347232961197e+00
2.232674806304075332e+00
2.764500203220271235e+00
3.163116840389025963e+00
3.452211996398714788e+00
1.706814017680713391e+00
2.890643054808060164e+00
3.262488469723198836e+00
3.416704837707187359e+00
3.033613747464178001e+00
2.522764187717005946e+00
3.419897908773700035e+00
2.910547750587686444e+00
3.381088760755952549e+00
3.221168325695959123e+00
3.343504831388266485e+00
2.752133643916377714e+00
3.087236368280549481e+00
3.698340930362488788e+00
4.053719315446810412e-02
2.902622248055699128e+00
3.062092355385391151e+00
3.515162607038670117e+00
2.583705743277940226e+00
3.401397820026414998e+00
3.037691518193227136e+00
3.427545155753967787e+00
3.624893203444695455e+00
3.096909148221813624e+00
1.835848720573846737e+00
6.109280376553791747e-01
3.487425276441973310e+00
3.108123632997851438e+00
2.683853623819420608e+00
2.270539597538553167e+00
8.489562039757704570e-02
2.785514021075609303e+00
2.541618861003478891e+00
3.732648381418993910e+00
3.748558245490756224e+00
2.104965367138515120e+00
2.221223879892656239e+00
8.221562047034123299e-01
3.021111375727695059e+00
2.940229551572549394e+00
2.809091783086492544e+00
1.914784415871132683e+00
2.884155684528359576e+00
3.124844270106277300e+00
2.149789140802604415e+00
2.131098821889914063e-01
2.652594068495305546e+00
3.022790222772427704e+00
3.112425421373214984e+00
3.253775344438300188e+00
3.560184451990415333e+00
2.263111010883101404e+00
3.265659832788688544e+00
2.911001326956630830e+00
3.444392414695859550e+00
3.468186911282782781e+00
3.656811539219020357e+00
5.062212885597924261e-01
2.510785771069301009e-01
2.889261878529544969e+00
3.284389223800083357e+00
3.009244733297124164e+00
2.700632416253790691e+00
3.543671851534441863e+00
3.087331888865895824e+00
3.470444862755031057e+00
2.814634516823815602e+00
2.895129313611274569e+00
2.976376535386674682e+00
2.843125358358972843e+00
3.284389223800083357e+00
2.426010762318543179e+00
3.442136378793047236e+00
2.878969835120014586e+00
2.254937560123975615e+00
7.667613530147409096e-01
3.330057196005736575e+00
2.979023673028044605e+00
2.723470174643339181e+00
3.160817396470367857e+00
6.393339582279873312e-01
3.566831234288273311e+00
3.529794723337307261e+00
3.339390515996112363e+00
3.652109193093498796e+00
2.131098821889914063e-01
3.374072322709070093e+00
3.616241040280302244e+00
2.909942803129672129e+00
3.434519695275480622e+00
2.467417617414605857e+00
2.171274433372474277e+00
2.954602180193248717e+00
3.513715168519052856e+00
4.353280731109148705e-01
3.102520148786702237e+00
9.861216103454413240e-01
6.202211032062367180e-02
2.939535589571116159e+00
1.619102070218396416e-01
3.002799984408475176e+00
2.573558443633687354e+00
3.180112108679026939e+00
3.214623516343760645e+00
3.700270294271304827e+00
3.102191583236037609e+00
3.524361291523474105e+00
3.464206503008060434e+00
3.607607618833311047e+00
3.135975520543798911e+00
3.466021245517707072e+00
2.194823511460900711e+00
2.696381601035060971e+00
1.711794268788025819e-01
3.065769757198005596e+00
3.232514464246041719e+00
3.210660035773645227e+00
2.945249048223189892e+00
3.540548079410964721e+00
3.538536873724285603e-01
1.485617934958825825e-01
4.541305117968236771e-01
3.697187420218056353e+00
3.038702084798442726e+00
3.119134607599157061e+00
3.630994056439937445e+00
3.619550586458810226e+00
2.977711128133064378e+00
1.001417687681413149e+00
3.058080268181100347e+00
2.196905381446576655e+00
3.337770261161076668e+00
3.400993932190675029e+00
3.412154337211861233e+00
3.488711589918208844e+00
2.862337820572120606e+00
3.506417882191597890e+00
3.222285960251950465e-01
3.400267105083488062e+00
3.727893650964405392e+00
3.621033094199400004e+00
2.658613014032960908e+00
3.247914729312177506e+00
3.330791025240320558e+00
3.347905997310985704e+00
3.255685333565588202e+00
3.693221114950237638e+00
1.342726381124190460e-01
3.339760728010869428e+00
3.626309454739286231e+00
1.267139921930402702e+00
3.468867029909390887e+00
3.190951448611013763e+00
2.150925854151410022e+00
2.924288700169705102e+00
2.756987747186332882e+00
2.960289060631611679e+00
1.932300617474986826e+00
1.597493343194328785e+00
3.475114505906460760e+00
3.042890699313991920e+00
5.116141771331113031e-01
3.466669461281152831e+00
2.255398469165090347e+00
2.474410939200220927e+00
3.276252147063965836e+00
3.184219657703214246e+00
2.040320691051248581e+00
1.078884877435862366e+00
3.114834126095618938e+00
2.401805632639228527e+00
3.184256064618991466e+00
3.396789739571149713e+00
3.114941077123551949e+00
3.027472504747159565e+00
3.008424252830866674e+00
2.470087876130737214e+00
2.356670176452422716e+00
1.054322423369509487e-02
1.879452006938918673e+00
3.110133087247311412e+00
1.858688448330770182e+00
3.434508656780228542e+00
3.239202780862616482e+00
4.323747548813162145e-01
3.053580457565816975e+00
3.761131238975108371e+00
3.382938135157305126e+00
3.168389736372475007e-01
1.200472402142424566e-01
1.817143601606915349e-01
3.708721798518423540e+00
2.753836109502976193e+00
2.932313497536237490e-01
2.506769460238242875e+00
3.763849743038220730e+00
2.788875929616795979e+00
3.385910539902181160e+00
3.361148460054700138e+00
3.111557441964802884e+00
3.357564983799333103e+00
3.196842977286550092e+00
3.288725337374948765e+00
3.302271127231787062e+00
2.571341146543747236e+00
2.712240186539412790e+00
2.304944479557845760e+00
3.306950116953839114e+00
3.147193731759299951e+00
3.620960292252023205e+00
2.466805245489901155e-01
3.289877427349749528e+00
3.544273225220864632e+00
2.948426897163903160e+00
4.621057471315421217e-01
2.942513345446700068e+00
3.152025311976269784e+00
3.437185465925911121e+00
2.978791543855716650e+00
3.342518386834809618e+00
1.967305289653543121e-01
3.676393259213877940e+00
2.065920421186821621e+00
3.627626109253980324e+00
2.843659362801531643e+00
3.379750444298278200e+00
2.841530912690954480e+00
7.101635308560320103e-01
3.760774433704277886e+00
4.571483607829576745e-02
3.341084739597585784e+00
3.214454780356349684e+00
3.260334922641821453e+00
3.595924648080783381e+00
2.778235841331469391e+00
3.724241265272449475e+00
3.494494786283221188e+00
3.289101752683089241e+00
2.885286172100922197e+00
2.753640579992568060e+00
3.744713548848778384e+00
2.906157150031666525e+00
3.138020894156900553e+00
2.554008395351746952e+00
1.880459774589557931e+00
3.743577237078361541e+00
2.717941055031984021e+00
3.336865532250597788e+00
1.054170703308288770e+00
3.011949507076881805e+00
2.895351018382419817e+00
2.393137174758235730e+00
3.389215380368168162e+00
3.087695435493248208e+00
3.131231902389913113e+00
2.425475080897466107e+00
2.868122806511744116e+00
3.449985232629203757e+00
2.592676446033984394e+00
2.363932485703706676e-01
3.572931829696313510e+00
3.422952349115738535e+00
3.401159893912612642e+00
3.326179455291922160e+00
3.144883564215590344e-01
2.415927443026579802e+00
2.809780789763486109e+00
3.025771010737032807e+00
3.429330734152115756e+00
3.018539369404341866e+00
3.441085532024423355e+00
3.332871103190425011e+00
2.817793160664603835e+00
2.999461795233702155e+00
2.940845538933018144e+00
2.723762090906480804e+00
2.811335318723237719e+00
2.491214186657856544e+00
6.937809430144888101e-02
2.133075820235494025e+00
3.209592354180941687e+00
3.467189000907333174e+00
2.892398399698841605e+00
3.508837416996152037e+00
2.928388813053116824e+00
3.466978731254970025e+00
2.926893320465484116e+00
3.341814416751517136e+00
2.940334619559021423e+00
3.105094943652102035e+00
3.723368547242532856e+00
4.098125874216394515e-01
2.670066146701624454e+00
2.883009616826076815e+00
3.705457147741965329e+00
5.887766465323805987e-01
2.538273237786400571e+00
3.685184781095935946e+00
2.637889867752337206e-02
2.987695739293211528e+00
3.333003334930675354e+00
3.004492502533077758e+00
2.496636492261554263e+00
3.734060985235359009e+00
2.458157723897050673e+00
3.187648583827507931e+00
2.724414014010461127e+00
2.406280777170966889e+00
2.537476834917956392e+00
7.863818720627939740e-01
3.167270189770215794e+00
2.273438916147662248e+00
3.368186709914705368e+00
3.705457147741965329e+00
2.983956247369717207e+00
3.242869097007819335e+00
3.490693913242142621e+00
3.493200894130689349e+00
3.294920536850078907e+00
2.794066562784923158e-01
3.116815549704237132e+00
2.496636492261554263e+00
3.303696470287859288e+00
3.585127283038387791e+00
3.401159893912612642e+00
3.498494932035013605e+00
3.348286946261302521e+00
3.587881409482326367e-01
1.118663825959691493e+00
2.551025491721238048e+00
1.292675545794642389e+00
3.407194621536893120e+00
2.889865265192144150e+00
1.024530833210177017e+00
3.040985330045916424e+00
3.051641901401048962e+00
2.153499002384134720e+00
9.250458697866836832e-02
2.940229551572549394e+00
2.911840350654059772e+00
3.605260563943247121e+00
3.160143957913928325e+00
3.742278183883073428e+00
3.543402609448425888e+00
6.232929742719566235e-01
3.480715455161207394e+00
3.314973995024066422e+00
3.641685501554682958e+00
3.110133087247311412e+00
2.800503088900097026e+00
2.628327204121745808e+00
2.259253662026942333e+00
4.313067113720495671e-01
1.295313870497160291e+00
3.537587897881803833e+00
3.287933284729559258e+00
2.283472320693388458e+00
3.162879159423213515e+00
3.241252185132701857e+00
3.555097971218669772e-01
3.324140564030312106e+00
8.080350499574069645e-03
3.431454222996437320e+00
2.824077667335813668e+00
3.248446842075123797e+00
2.411996781323916039e+00
2.984972082295909601e+00
2.290659906464478368e+00
2.952922809581691066e+00
3.066626139997213674e+00
3.453132737985501244e+00
3.016242057736064019e+00
2.776637885395448091e+00
3.257779324369778795e+00
3.462501008221960497e+00
3.551118818132488641e+00
3.507818776966684204e+00
3.657254048198745444e+00
3.573019002464372207e+00
3.456404041996974374e+00
3.186141451198960084e+00
2.663710087653819780e+00
3.710039576970874720e+00
3.611234018003306012e+00
3.231752788371466067e+00
1.877092194597533847e+00
2.696158025281764070e-01
2.253866292841524732e+00
3.269433549477633427e+00
3.099921268207066039e+00
2.446941243221251172e-01
3.754862686238779723e+00
3.676122461050677082e+00
2.171393936489910137e-01
3.660037579237147121e+00
3.310610916394162384e+00
3.755211066479165360e+00
2.221200815880666202e+00
3.452453074101143660e+00
3.760416510779590382e+00
1.935500225481641134e+00
2.711408922959805068e+00
2.478962319928915026e+00
2.194823511460900711e+00
3.452211996398714788e+00
3.467152581193643446e+00
3.206010990580820064e+00
1.127460864696132381e+00
2.374141637435692953e+00
3.741114322228727751e+00
3.224540493421129472e+00
3.218833908784079600e+00
3.101272171078874873e+00
3.718477994107157514e+00
3.580605194514066447e+00
2.883723622563692413e+00
3.642799459891316260e+00
2.687629786043459923e+00
3.494494786283221188e+00
3.037216214598779107e+00
9.376811063779741939e-01
2.434544271321703146e+00
3.717369519585961068e+00
3.266047058074545983e+00
3.422599447356217350e+00
3.466130245397704535e+00
2.900595790844315847e+00
3.606893482597467671e+00
3.101573352730786937e+00
3.005492395938817118e+00
3.020117908470295376e+00
3.214666010155798670e+00
1.621734407848911985e+00
3.473241745464150210e+00
2.798878619602139128e+00
2.082509631488493884e+00
3.065044935749111410e+00
2.893363359008626290e+00
3.544334820177968748e+00
4.703554414735302558e-01
3.264841877972304296e+00
1.327173764097571151e+00
2.127335724127181749e+00
3.627626109253980324e+00
3.415180543975029348e+00
3.344863954575441944e+00
3.064171594173980662e+00
6.480797388129722059e-02
2.747182989500510431e+00
2.758398078945002663e+00
1.652051261524867032e+00
3.018025695788805418e+00
3.262175848420791446e+00
2.345215827896834693e+00
3.831732336453445020e-01
3.373430297530616517e+00
2.703357526703564773e+00
3.277275391347470812e+00
3.440954948589203699e+00
2.859085310102770006e+00
3.334038329811333856e+00
3.003133628528497301e+00
3.447435191989616676e+00
3.341565478156788283e-01
3.316772010167357010e+00
3.177292254337402144e-01
3.500689807241637919e+00
3.478882642867426878e+00
3.195821388881364022e+00
2.806515316625711076e+00
3.146202550960919719e+00
2.852850199394075581e+00
3.086884206188228230e+00
3.709691989570072845e+00
3.080232031230904166e+00
3.144765069754940967e+00
3.295176120961370358e+00
7.275037972924887075e-01
3.448743932426212577e+00
3.713678737733315138e+00
3.024392122015656659e-01
3.539352645851876922e+00
3.654851345236860727e+00
3.207041686170231110e+00
2.887501729205015355e+00
3.263350488046267373e+00
3.479473815117257285e+00
1.204210268259867656e-01
3.764160996028785622e+00
3.510787571772357119e+00
3.102984803622626853e+00
2.711408922959805068e+00
3.293540172761237450e+00
1.548340953743692072e+00
3.099481001627037546e+00
2.892507248400561615e+00
3.196473176555935769e+00
2.826388131532814985e+00
3.321111791729080220e+00
4.360042921767798285e-01
6.438863834067760639e-01
3.350495325455621565e+00
3.763418353439929032e+00
2.653569737982217625e+00
3.671568645877749226e+00
1.666940434989384184e-02
3.224736068769844088e+00
2.616124792691622236e+00
2.548873301778385336e+00
2.434384754897501502e+00
2.906389036385862212e+00
3.606691009887483812e+00
9.184724699084350075e-01
3.174895557368746069e+00
3.377834936245214692e+00
3.126031237705528820e+00
2.654641814544900225e+00
3.139031891843956590e+00
3.228987301237549179e+00
3.181031493407289190e+00
2.780979480424148331e+00
7.546840899062829955e-01
3.292005743041531929e+00
3.398126979293006222e+00
3.752044581086148245e+00
2.958239057337503919e+00
2.982905379253341316e+00
2.461969141001948636e+00
2.938230577826799195e+00
2.497250073764631928e+00
3.449499881224063369e+00
2.333821566151628613e+00
3.356255246341810050e+00
3.628027778147301596e+00
3.718676838488963909e+00
3.569267691708719603e+00
3.678490258201218222e+00
1.871708366236108478e+00
2.529243560816116343e+00
3.672968823001872440e+00
3.276606689450932475e+00
2.746759187036607042e-02
2.789196051425565148e+00
3.694890380170779309e+00
3.744461875140798313e+00
3.624406136580646809e+00
3.549404982120748286e+00
1.254825272541435277e+00
3.418408640335965032e+00
3.149493984838806604e+00
3.666926297546696301e+00
2.507596320356026975e-01
3.296001496016429222e+00
3.648411077001872282e+00
3.044512719889497898e+00
3.264462731262589124e+00
2.907046464544485342e+00
3.720502881729219613e+00
1.704927824809739922e+00
3.447946986146577686e+00
3.420102862732597782e+00
3.483347000086763234e+00
3.162879159423213515e+00
3.231752788371466067e+00
3.056444804078558786e+00
2.918379891019616146e+00
3.480814182246560140e+00
2.698287503163931511e+00
2.799835309099784730e+00
3.117985592461671729e+00
1.176229623729742491e+00
5.181116706324424837e-02
3.329489521080204906e+00
2.830925503527024212e+00
3.514987581670082850e+00
4.792126292813282395e-01
1.722999077727203732e+00
2.715614054234624319e+00
2.943760493214025331e+00
2.607395595255932896e+00
2.970038442202543205e+00
3.701008007998892957e+00
1.080413988973653705e+00
3.414565830641751010e+00
2.017677227830382503e+00
2.086307600747637547e+00
2.141279954608616087e+00
3.557392192455569369e+00
1.312331372261708595e-01
3.421812736993764315e+00
6.103257714945685697e-01
1.812516700181968921e-01
3.654856461281935420e+00
3.462619732853200905e+00
5.409220017741858122e-01
3.035045620424713597e+00
2.956036696196286506e+00
3.210968006039360390e+00
1.722999077727203732e+00
3.560782194119870958e+00
3.434087361691858131e+00
3.020624479598516654e+00
5.088000299687752553e-02
8.959231749352365437e-01
3.424596711633584256e+00
2.893697964630955077e+00
2.555655056133978587e+00
2.694455402151141321e+00
2.442652702710461643e+00
2.612082779040972857e-01
1.479976266418714104e-01
2.842573639597413937e+00
2.659672937418275040e+00
1.048929378863823425e+00
1.606712406137968119e-02
3.687622017626317028e+00
2.474410939200220927e+00
2.382664557237332392e+00
2.699183012314022356e+00
3.530770403121825662e+00
3.650503752393941426e+00
2.690593774876087529e+00
6.104613783986147235e-02
3.364363555187903199e+00
3.206010990580820064e+00
3.566001652573341119e+00
3.467927946396223593e+00
3.368154337676206200e+00
2.422617538833199691e-01
2.742596244628201951e+00
3.377813407952904967e+00
3.542978290092611005e+00
3.477342560474413258e+00
3.735042912171914864e+00
3.417377338547228582e+00
2.605661735362220455e+00
3.704148374003993993e+00
3.635984002542120841e+00
2.838429026617169448e+00
3.520267333514020436e+00
6.393339582279873312e-01
2.347641586987825768e+00
3.241146412850045344e+00
2.426578338357395115e+00
2.587988925745920099e+00
3.414546997537296846e+00
3.356339098442002289e+00
3.614128275170091165e+00
3.185302822147365820e+00
3.315051546622556966e+00
2.470757645537259517e+00
2.802502242844529867e+00
2.725011460923550288e+00
3.643821358080203687e+00
3.741698046782917952e+00
3.397075561480793926e+00
3.240928475244811757e+00
3.577438918659848532e+00
3.405991152633638830e+00
2.915499297471973339e+00
2.216293667529676270e+00
3.217799874788894066e+00
3.464318139228911519e+00
3.691307614680245042e+00
2.712240186539412790e+00
2.888978488543772372e+00
2.175175368356628613e+00
1.877092194597533847e+00
9.545314486009482957e-01
3.530486631355883809e+00
3.155693677131086172e+00
3.364380109017803377e+00
3.012917031499824372e+00
3.263350488046267373e+00
2.612774139241899274e+00
2.592222182047666301e+00
3.649216058322222622e+00
3.255108690785478487e+00
3.071474308229878769e+00
2.269283722412390070e+00
3.588211698795540361e+00
3.594580046406960605e+00
2.752133643916377714e+00
3.592487973212214580e+00
3.679245233396114312e+00
1.006866712214941728e+00
3.404728426251444340e+00
3.506110913208733137e+00
3.576143502162946408e+00
3.550299198864081962e+00
3.092825093959141292e+00
3.675480289165025116e+00
2.687938453318763354e+00
2.983762606388985272e+00
3.422347934935305869e+00
2.918591067302171993e+00
3.236663253906112203e+00
6.937809430144888101e-02
3.206187274253777808e+00
5.269266782779737784e-02
3.238810602107144110e+00
3.594268304560669591e+00
3.707919535265120636e+00
3.255070799236923662e+00
1.545682046886881045e+00
3.035830217562402122e+00
3.109650403999374202e+00
3.577143527905742637e+00
2.129569052399418183e+00
2.949293052165275597e+00
3.735275894611925551e+00
3.012672865019407009e+00
2.830876337216232663e+00
2.979716422901132589e+00
2.878337097049318061e+00
3.339868835873367026e+00
3.172226969022131637e+00
3.267608511109199476e+00
2.869123390178571764e+00
3.308780562391968161e+00
3.214468861074057937e+00
1.722572507865378563e-02
3.703701419743051115e+00
2.898640843416110169e+00
2.992528001181752551e+00
3.069843606284585746e+00
3.045108571527409325e+00
2.383087783109185676e+00
2.984945723702116194e+00
3.615640923758364877e+00
2.294602068866324895e+00
3.197683485756457777e+00
2.864133560342453588e+00
2.707956353307472419e+00
3.716330095923285004e+00
3.231719290033820968e+00
3.662646094093733318e+00
3.101175390687919808e+00
3.763625991971982110e+00
3.608093875545326679e+00
3.589905325164822081e+00
3.217799874788894066e+00
2.760198438190218706e+00
3.538096502216251160e+00
7.443634772612920392e-01
2.583689537609546338e+00
3.725745001474400020e+00
2.678155680150108076e+00
3.016904562818865987e+00
3.195215126965126551e+00
4.951459119968967121e-02
3.236988287225362360e+00
1.992357069397927338e+00
3.126470279304400357e+00
3.677076513777588040e+00
3.742658154435684281e+00
3.700018729199632261e+00
3.045531825354873323e+00
3.255108690785478487e+00
2.890677247137454664e+00
2.214845915419509481e+00
2.203963591682463807e+00
3.440030015380096451e+00
2.937142053815078313e+00
3.101594422631296588e+00
3.094044011247618187e+00
3.701183292409449432e+00
3.538579253591830565e+00
3.263174895966269418e+00
3.115630574809339137e+00
2.490838957891157168e+00
3.046317020374397888e+00
3.310928306023457779e+00
4.334675852473190982e-01
3.458979002842913264e+00
5.039661686156357012e-01
3.600723111054032533e+00
3.136196326015509239e+00
2.437801120123076704e+00
3.533499389663085299e+00
1.142104917142647391e+00
2.314856686442733069e-01
3.718916769988150683e+00
5.596156173768603859e-01
3.151960287648862824e+00
2.131098821889914063e-01
3.310255621309327267e+00
3.609728524769264091e+00
3.171432357532341317e+00
3.145323642136669040e+00
2.693939150097417912e+00
3.267282060746348638e+00
1.019484973072811163e-01
2.570790022992768264e+00
3.604015225353005558e+00
2.225812468273661082e+00
1.338870176024560543e-01
3.745945180607400893e+00
2.162025551144591162e+00
2.661881238940369432e+00
3.236652854334536755e+00
1.657360544973920380e-01
3.541805784561480763e+00
5.699589225933317932e-02
3.072558287508004415e+00
3.197571903341193789e+00
3.228277930594726008e+00
3.611478055132492315e+00
3.338742779200696731e+00
3.552449992472982654e+00
3.360526315026084454e+00
2.683735274707819141e+00
3.419971600099552589e+00
2.832972848022478729e+00
3.235733882181064391e+00
3.253929569192528515e+00
1.794614610669275301e+00
2.848638338972461881e+00
2.879344280226952435e+00
3.208376551740960370e+00
3.487887175995820765e+00
3.617917668824027544e+00
3.594865765221650467e+00
1.871811397829217016e+00
3.526186606402944790e+00
3.050003515541327648e+00
3.021451973914832667e+00
3.101048097236271062e+00
4.564919030775888009e-02
2.812895927892020254e+00
6.064898466500304730e-01
3.753863672443458199e+00
2.378073163180102867e+00
2.782410841302069837e+00
6.094905861696000432e-02
2.674232958500060597e+00
3.671026180775348813e+00
1.731033174890445947e+00
2.358367222797567386e+00
3.362476100422388647e+00
2.707022272139429919e+00
3.595147509043441936e+00
3.597698421527323998e+00
3.089981688213646827e+00
2.878012404454917128e+00
3.515442935616637232e+00
3.243490925923534718e+00
2.911001326956630830e+00
2.746491769459277421e+00
3.146374514869642702e+00
3.678227870142775302e+00
3.464865014981433511e+00
3.011517648739532316e+00
3.419971600099552589e+00
3.252897219003282991e+00
3.722617034532498259e+00
3.188337995177379369e+00
3.401159893912612642e+00
1.216340893460947647e+00
3.470052468037323479e+00
2.803216853170275247e+00
3.431463773377409598e+00
2.746759972443045594e+00
3.704432927386863472e+00
3.050311441641518684e+00
3.318733955529026947e+00
3.103204302293352868e+00
2.222712480410057090e+00
3.374543249228588060e+00
2.725071676394685394e+00
3.094053609235008828e+00
1.440117421922044061e+00
2.705356937026283770e+00
3.651614427298636389e+00
2.958536284853670040e+00
3.751666465782316884e+00
3.627875145320424544e+00
2.869123390178571764e+00
3.232308833230302270e+00
2.564213192243056216e+00
2.642608508011250912e+00
3.160409792157035991e+00
2.951052639744531803e+00
2.731926670526847012e+00
3.371606844938309866e+00
2.792403980694160293e+00
3.689278017979341850e+00
4.240323502485671137e-01
3.674851105552903618e+00
3.619049973904976625e+00
3.282375360596182290e+00
