5.318161177226641279e+00
3.284111425966918851e+00
3.134480255159476147e+00
5.675728695781737443e+00
5.409713960805006217e+00
5.363086275243479584e+00
5.500050437520641822e+00
5.323501141086516952e+00
4.099392845471449220e+00
5.657814360998448144e+00
5.695108743875850976e+00
5.687286041921337798e+00
5.636937386105202563e+00
5.633277058197389664e+00
5.578320556500086624e+00
5.128867182847188566e+00
5.028518025661589341e+00
5.535060651547848209e+00
5.386909952250905853e+00
5.347389577084479484e+00
5.516859191618484815e+00
5.536355779619346329e+00
5.480705055901612610e+00
4.755073028942421232e+00
5.601642609244122717e+00
4.500352513511323593e+00
5.388758996692742720e+00
3.692782229648721604e+00
5.311218518990511228e+00
5.691207780675393124e+00
5.666703637278453165e+00
5.708902450523534178e+00
5.600201586566148748e+00
5.668250745245123845e+00
4.283644173793621945e+00
5.574780498443624666e+00
5.601688152354538985e+00
5.667235915635467691e+00
3.323107978886336245e+00
5.437437474642285551e+00
4.714558269751765174e+00
5.670059632412406181e+00
5.628319969499789188e+00
5.614961679313572596e+00
5.599997245624838804e+00
5.680196004473924809e+00
4.328165690647687747e+00
2.613854787757783349e+00
4.931213814758617531e+00
5.677002983573484762e+00
5.374724180186447597e+00
4.957655745752842513e+00
5.601332985041589829e+00
4.634014608925224543e+00
5.636565393249402867e+00
4.720411542839779706e+00
5.535918133282706322e+00
5.685859898824807246e+00
5.663608012461570418e+00
5.669032325532533889e+00
5.700052756326978276e+00
5.671241368092616142e+00
4.816317816761991999e+00
5.703220609616817427e+00
5.083354070409079384e+00
5.670233157780506517e+00
4.931575311192608169e+00
3.079424307822910656e+00
5.597654306997029039e+00
5.016876479557296875e+00
5.667142469207704814e+00
5.500433153851562729e+00
4.424137054520540069e+00
4.422299682370155693e+00
5.501681849328392104e+00
5.582509236180928980e+00
5.339047696631598505e+00
4.484626070204827286e+00
5.531997231180664443e+00
5.711540194855582619e+00
5.667146881493106747e+00
5.695592417096126070e+00
5.582509236180928980e+00
5.600303756965616664e+00
5.258115047802377262e+00
5.656122507867833882e+00
3.314182327935487837e+00
5.474460749861804310e+00
5.491218095158590273e+00
4.361818561395924831e+00
5.402262546887027561e+00
1.004466084904256595e+00
5.318161177226641279e+00
5.036816661789329963e+00
5.670268013400478146e+00
5.667547728426380438e+00
5.655502604089909902e+00
5.331709114356022461e+00
4.459617133174888615e+00
5.270913371140154347e+00
5.531416768398760730e+00
4.353150029422537592e+00
5.500205982299487317e+00
5.506399618223850823e+00
5.016876479557296875e+00
5.238974975234130582e+00
5.514120737433004571e+00
5.115996051674385647e+00
4.898249978902085466e+00
5.507791351240930666e+00
5.707765032425327512e+00
5.408873002438277844e+00
5.330122647602793862e+00
5.671162007542514871e+00
3.578189743329804884e+00
5.470951816921141742e+00
5.668404083194248599e+00
5.083656921979720522e+00
2.943900125775594123e+00
5.500432963395680552e+00
5.604390676853108211e+00
3.762847833633950145e+00
5.391320373425181778e+00
5.291213337434155228e+00
5.417737550669769142e+00
5.580320386789378695e+00
5.705382772375574341e+00
5.617671780699957651e+00
5.600333476240018094e+00
4.757989533177085839e+00
4.442297404195686639e+00
3.951580090153094638e+00
3.987808969850902052e+00
5.596211036808838024e+00
4.849525657617755670e+00
1.955482140848883166e+00
3.747897947472075053e+00
4.056676066782422652e+00
5.456776215600736002e+00
4.302898995459348619e+00
5.372860380510233291e+00
5.436248998010881017e+00
3.064542427402510150e+00
3.584564527174902260e+00
5.698437932211695589e+00
5.502284026648827542e+00
4.058415922637946593e+00
5.200748815968857741e+00
5.568409283626905903e+00
3.211734874343064483e+00
5.694538500314894058e+00
5.204781516741448399e+00
5.667138265354149773e+00
4.783067734778065905e+00
5.285482190042474215e+00
5.237877949881595718e+00
5.177141647534429403e+00
5.667903762380642974e+00
5.501268926385960434e+00
5.669760970302903935e+00
5.472556125137751692e+00
5.667090013780456736e+00
4.073852418572487366e+00
5.613447272586197023e+00
5.704722324559360125e+00
5.158456292634311602e+00
5.652404408833803906e+00
5.431217246663885945e+00
5.293023344978225353e+00
5.692815090045435511e+00
5.244975182381729439e+00
4.500352513511323593e+00
5.667174773081412376e+00
5.604803236223678375e+00
5.228457652740373440e+00
5.365914545404477209e+00
5.667696502595533481e+00
5.678075528977276853e+00
4.393922747713609134e+00
4.873687411189445484e+00
5.393617932935598880e+00
4.132443328164727703e+00
5.368215187377434638e+00
4.349897687127454837e+00
5.600707790282262621e+00
4.020353808435746856e+00
5.670233157780506517e+00
5.116479725334920126e+00
4.415778230368236024e+00
5.605009154581674480e+00
5.366099512495170920e+00
5.358508938538709465e+00
4.898793309749966518e+00
5.659700180760934174e+00
5.380865880495907305e+00
3.067451882718603251e+00
5.669442368333713844e+00
3.123305201170224699e+00
5.523789474826543255e+00
5.421010846350680978e+00
4.892235945606458358e+00
5.601781768744197976e+00
5.642487653245848556e+00
5.545719043933147852e+00
5.526237891461958540e+00
9.621178718909094707e-01
5.690615751387146481e+00
5.667005819503264874e+00
5.133983894405854898e+00
5.585418018633880877e+00
5.388072957325296564e+00
5.659506971288221777e+00
4.162774981141329711e+00
5.688510393788713593e+00
5.599948715578382696e+00
4.191003757154263987e+00
5.500607959332740826e+00
5.701297385849095178e+00
5.459430320718768215e+00
5.520898189540078604e+00
5.604390676853108211e+00
3.476220542968500471e+00
5.711685044729739147e+00
5.600747833000505160e+00
5.666982589180562080e+00
5.600232104437102620e+00
5.699255735799129141e+00
5.148979397374020550e+00
5.682313174907091202e+00
5.600173669005984678e+00
5.525386395373219628e+00
5.659506971288221777e+00
5.692135453625372321e+00
3.443672207162287613e+00
5.083260584653345404e+00
5.659105767654089902e+00
4.820337545984626715e+00
5.642936311872334798e+00
5.500873916197438263e+00
5.668851994489849666e+00
5.620554843577376225e+00
5.659429524234719011e+00
5.600707817512762254e+00
4.365346055844113060e+00
5.710181794816505452e+00
4.485340325138731821e+00
5.696694288273597806e+00
5.601325210913267405e+00
4.471745995799713214e+00
4.349220817058647270e+00
5.402262546887027561e+00
5.678911682481987633e+00
5.642278090120448120e+00
5.392093512331945782e+00
5.328611657193121687e+00
5.568168952764703583e+00
5.614302306747868343e+00
5.143296325136734737e+00
6.737009580419062171e-01
4.725375134974843405e+00
5.306168055998859323e+00
5.391294619274600741e+00
5.489534542297040964e+00
3.276124932356248465e+00
5.656270892256466176e+00
5.412864741383812017e+00
5.712812930681228529e+00
4.593292513666986210e+00
5.605770568643299256e+00
5.592004178411164261e+00
1.951250778319689183e-01
5.649548989944078947e+00
5.649049881827449049e+00
5.667161734417454078e+00
4.513545594206588518e+00
4.096787784213749006e+00
4.222552691417558179e+00
4.624722241180226234e+00
5.643363210223281357e+00
5.365630135080659002e+00
5.481025911963519626e+00
5.667519536926783452e+00
5.463928976644517377e+00
2.933887741479064726e+00
5.523333379725185566e+00
4.235915902785901466e+00
4.563005501231513605e+00
5.485549543150153973e+00
5.644209147389402936e+00
5.600437584153552528e+00
5.697231423460519473e+00
4.441084988824142599e+00
5.602261515509638912e+00
5.500180181215048592e+00
4.923526277714813659e+00
5.667793782464162433e+00
5.602314956926743861e+00
5.442054889815322483e+00
5.683509320607967652e+00
3.900694904619215642e+00
4.770242911996947832e+00
5.666649237743287770e+00
5.620554843577376225e+00
5.647812017073033708e+00
5.602595931427440057e+00
5.067953342795124883e+00
5.672493234549343732e+00
5.004467226857597595e+00
5.667076952563679271e+00
4.681409185278624818e+00
4.687583658727175973e+00
5.603107244051416913e+00
5.092826548437307643e+00
5.608215197855803691e-01
5.680965805074226438e+00
4.755073028942421232e+00
4.150566449475130426e+00
3.917260695992459851e+00
5.556991322061500149e+00
5.212397172035328374e+00
5.709826867285257457e+00
4.848734775389615059e+00
3.276124932356248465e+00
5.642023080996028561e+00
4.727648560975148406e+00
5.526148373168259909e+00
2.087311039434196935e+00
5.671667973264335139e+00
1.559185586667147239e-01
5.261409213480130020e+00
3.427690614062110619e+00
5.601501409056906411e+00
5.624262778935582574e+00
4.796634470818442075e+00
5.530136733346696865e+00
5.502371588822480675e+00
4.381119117342172409e+00
5.607533385772000223e+00
5.388746562869778600e+00
5.401453216976749516e+00
5.482826593489273037e+00
4.790887812748276353e+00
5.441785448120755042e+00
4.860790633419676432e+00
4.576823382952759367e+00
5.680992844723839141e+00
3.216564256678972278e+00
4.770092871446490967e+00
4.411252485427505476e+00
2.820725375572354476e+00
5.669707127435758665e+00
5.600383866508887643e+00
3.759505917911952100e+00
5.603091795361200056e+00
5.671415868242008607e+00
4.706114183886248803e+00
5.688491871041596148e+00
4.701988355937965380e+00
5.649175679863519761e+00
4.821799307891025066e+00
5.434956758871766880e+00
5.600184307679993090e+00
5.344178725996520996e+00
5.668822581130406491e+00
4.107618140503113580e+00
5.606484230939319247e+00
5.462255071978176169e+00
3.626696427296116632e+00
4.848150162929849571e+00
3.547426677238850079e+00
5.669375869016457514e+00
5.536355779619346329e+00
5.458107293963387008e+00
5.524933527706513914e+00
5.601382357749054464e+00
5.660549076338839747e+00
5.644551834820473957e+00
5.667389099994216473e+00
5.645098836570865863e+00
5.491218095158590273e+00
3.985667751931207814e+00
5.601693217301646044e+00
3.666314970919072103e+00
2.932920063794873577e+00
1.425438552598264019e+00
5.667410567488857076e+00
5.312152210418126685e+00
5.601656656552137292e+00
5.600953827265541918e+00
4.562156729681397849e+00
5.646244612142603536e+00
5.694700591294266090e+00
5.602650359404704794e+00
5.667843019083299794e+00
5.667440888044616543e+00
5.662169192081864644e+00
5.670332303107977090e+00
4.660576525920403057e+00
5.600506832903709764e+00
5.600913203233766957e+00
5.671858463348462998e+00
5.701542187586985833e+00
5.672686380879688350e+00
4.143604887293295569e+00
5.687286041921337798e+00
3.396730544794916540e+00
5.500306638098860113e+00
5.712646149312665678e+00
2.881832944868544022e+00
5.600056192317378390e+00
5.330768612340047952e+00
5.701586974937104202e+00
5.412970808593226657e+00
5.601028034779115039e+00
5.442374423019255225e+00
3.652941211788233833e+00
5.405328340747661997e+00
5.411452867405411205e+00
4.833881222506958508e+00
5.191840594746819804e+00
4.941204788236688294e+00
5.668418661129616787e+00
4.915773181376507317e+00
5.600203406396299322e+00
5.672084960528464670e+00
5.566978291293865233e+00
5.433051597801750177e+00
5.551358241061873144e+00
5.669897640204463407e+00
5.641321455411251407e+00
5.708700894905119227e+00
1.715796397569857801e+00
5.690450366232616020e+00
5.321524844516556385e+00
5.547648603109538890e+00
5.694264897271767545e+00
5.665613941799248821e+00
5.203942177838691840e+00
5.502876897026883540e+00
5.666793075542152280e+00
5.337415427531947643e+00
5.658202147429784112e+00
5.500369312256340848e+00
3.749414883122547337e+00
4.846752039252524291e+00
5.675976339175805130e+00
5.134902144074229291e+00
2.751900930781885801e+00
5.549173361877193678e+00
4.263339455934315403e+00
3.847078827291562142e+00
4.679493077904631981e+00
5.181577907717386466e+00
4.334951198684157347e+00
4.939760495057867296e+00
4.238661385900416079e+00
5.699454593694720295e+00
2.469591266722682144e-01
4.424497626586081367e+00
4.444969555488358814e+00
5.709592305594631156e+00
5.520878399185922270e+00
4.965155838449550885e+00
5.046385229220502922e+00
5.604545420286838109e+00
5.392161933912359650e+00
4.719243982903280177e+00
5.670233157780506517e+00
4.494366132057489693e+00
5.510391773692233208e+00
5.616640869833620542e+00
5.343538040297302949e+00
5.568098865044795787e+00
3.621989052915105756e+00
3.541036053340005374e+00
5.227759840796298185e+00
5.678411557855500114e+00
5.645284073058114416e+00
5.668567527720782095e+00
4.900224429119637293e+00
5.668418661129616787e+00
5.667706695379790105e+00
5.667625728932184082e+00
4.915773181376507317e+00
5.697387651988779389e+00
3.047090805949151715e+00
4.281125598011671585e+00
4.832838322352701610e+00
5.227046639080377588e+00
4.823800031524903886e+00
5.610953270155406791e+00
3.067394318349115245e+00
5.637506530305851804e+00
4.954034095398218263e+00
5.501735272439535862e+00
4.821799307891025066e+00
5.444196813414881930e+00
5.167603529326187051e+00
3.698805646501560851e+00
4.816352556641122717e+00
5.629702165679599801e+00
4.990992074199962936e+00
4.939760495057867296e+00
5.258264764546725090e+00
3.268684445617886070e+00
5.660981493732808900e+00
5.673209059883728145e+00
3.744052465924641471e+00
5.677899486055072664e+00
3.949268988929105717e+00
5.672926871314715846e+00
5.227223047438309678e+00
5.667168819514214029e+00
3.965942626045289909e+00
5.660783116732448939e+00
4.476391518869351493e+00
4.876306386349968491e+00
5.631632494797805144e+00
5.530223464640333653e+00
4.340758297783663622e+00
5.712356793313691838e+00
5.249232612394925113e+00
5.668499571528615277e+00
2.859266331467563482e+00
5.710342494509325739e+00
5.667101358144548406e+00
4.584149084395131801e+00
5.600133985694288441e+00
5.208009468693100885e+00
5.222184508564962080e+00
4.949608588349619254e+00
3.870784972647853817e+00
2.045201053350258036e+00
5.647657900494486682e+00
4.076011678821919837e+00
5.383010212774326675e+00
4.962064940969811211e+00
5.667687343827783941e+00
5.304520300477470585e+00
2.091263582390468223e-01
5.669032813314322183e+00
5.672390233326879638e+00
5.669951636513241411e+00
5.676879474098414313e+00
5.535317484304281166e+00
5.608678703675746391e+00
3.491425953409194705e+00
4.801761959612757202e+00
5.395795005039625281e+00
4.524778760833525482e+00
5.707680949328258535e+00
5.418348642437751828e+00
5.472342800424747189e+00
5.602142598508796034e+00
3.845496404376206101e+00
5.600252058174639558e+00
5.606853062030118906e+00
5.601090785379261305e+00
4.791824170678028239e+00
5.627007834179357459e+00
5.681129667554027485e+00
3.128799000799686425e+00
5.657630563293954751e+00
1.644687867916604151e+00
5.601924098247754280e+00
3.567111594092316817e+00
5.514555742780344438e+00
5.177437458022120964e+00
3.682068431505515882e+00
5.596283061403734216e+00
5.502473938722129532e+00
5.636119376481979693e+00
5.600357472931387193e+00
4.614524885890475936e+00
4.819280208862712911e+00
5.500286755223987356e+00
5.681676214656041779e+00
5.666665571002248214e+00
5.620422119025834107e+00
5.682211988583952156e+00
5.601732016519860302e+00
5.638095141580857117e+00
4.934910240072546195e+00
3.513800016765223688e+00
5.524084453424655372e+00
5.692480903473509102e+00
5.501728134595106567e+00
5.500286755223987356e+00
5.507544515578084443e+00
5.635915515807435661e+00
3.850926540140518828e+00
5.696662694936405202e+00
5.667920619093303358e+00
5.147240608671375561e+00
5.301146973125828943e+00
5.380644787236752435e+00
3.664380807302880960e+00
2.561440728017499779e+00
5.599991697598151852e+00
4.452390503918124409e+00
5.501931245913131541e+00
5.672272180415553144e+00
4.197940204957005150e+00
5.665598729675052070e+00
3.441648047262500398e+00
5.660863487848215136e+00
3.698118759472404093e+00
5.605413336237249133e+00
4.709999496504768679e+00
5.712646149312665678e+00
5.449509234566711768e+00
5.430233396643741273e+00
5.629673961935152349e+00
2.942154100048832266e+00
3.417525729783179589e+00
2.335022303675652555e+00
5.439945755292223240e+00
3.910658919733128069e+00
5.601828970046576650e+00
3.335503098475570027e+00
5.222582005040997899e+00
5.666930934531196229e+00
4.705363505626644738e+00
5.514738363594925197e+00
5.056527986781786055e+00
5.182868713222654300e+00
5.685287896589689360e+00
5.595914433332511706e+00
5.654633302710129428e+00
5.311039058770015586e+00
5.667959280236219755e+00
5.668934925623742238e+00
5.617047830957501375e+00
5.600678988388242630e+00
3.298577362281892800e+00
4.957123692770202261e+00
5.675147591825315807e+00
5.395452994689731163e+00
5.061641485702980781e+00
5.179295715527594268e+00
5.672276988509074691e+00
5.688860760031430708e+00
4.178821863536735570e+00
4.827381036193784780e+00
5.471742369944490036e+00
4.705814418462025195e+00
5.631474189831965127e+00
5.669442417921531252e+00
4.389221712298473577e+00
3.946373988629002572e+00
5.539547238259377337e+00
5.083834008043472963e+00
5.089348131391970398e+00
5.668786376568630381e+00
5.712849748457554000e+00
5.602639938833143596e+00
5.384831553572985818e+00
5.673892722447970272e+00
5.667152455798719402e+00
5.618132682121341759e+00
5.601642609244122717e+00
4.573441919088768515e+00
4.046586410715422133e+00
5.666796953845304685e+00
5.668786376568630381e+00
4.986313362098452551e+00
5.405858818915352693e+00
5.304520300477470585e+00
5.068863748317919082e+00
5.500980277344829084e+00
5.537211533127973873e+00
5.663106344117505131e+00
5.664438479573570717e+00
8.701394139912568826e-02
5.600707790282262621e+00
5.418425490410650802e+00
5.642947438510972802e+00
4.467145420895556107e+00
3.013297981361201305e+00
5.623695972408039978e+00
5.668576635291122656e+00
5.706143517733073267e+00
5.607350284561391618e+00
3.698699496063284631e+00
5.670396332664696004e+00
5.285445297613264870e+00
3.750953136031331070e+00
2.206127448831066928e+00
5.336168065950302797e+00
5.677923723119356225e+00
5.666909962433816617e+00
5.543661873980994415e+00
5.600892637543744002e+00
5.585364239347038406e+00
2.535334560003189797e+00
5.600795395291868317e+00
2.732890957497573936e+00
5.603104530466337607e+00
4.589070707387146619e+00
5.662493667753403237e+00
5.681129667554027485e+00
5.673487718063300989e+00
5.709041180271030136e+00
5.707053468507779392e+00
5.181577907717386466e+00
4.897966134139824845e+00
5.677564941988157976e+00
3.207972934113066721e+00
5.687109056521160610e+00
5.702856888458819995e+00
1.004466084904256595e+00
4.017645142833936589e+00
2.881888196038048910e+00
5.361762762125622750e+00
5.648869244986240545e+00
5.704565998860048559e+00
5.502272591221399445e+00
2.269611665727765626e+00
4.859857882522569561e+00
4.974261834770411284e+00
5.678692323271476106e+00
5.531157061219808213e+00
3.156751221048157419e+00
5.618375799274664573e+00
5.650713537232570971e+00
5.302844541613722207e+00
1.914639892087992123e+00
5.242125138064633205e+00
3.053925741183273868e+00
4.821799307891025066e+00
4.080422609882240259e+00
5.481286064763543742e+00
5.680977435401979747e+00
3.108314486429485157e+00
5.009450695386878927e+00
5.670618764175098470e+00
5.602736640574807581e+00
3.190958602818501078e+00
5.596532715730902829e+00
5.704902372308698233e+00
5.667815689249597000e+00
5.502203545434803722e+00
5.235165023985902444e+00
5.676143295370376762e+00
5.643239574270941361e+00
5.607245740778291854e+00
5.500166070263786899e+00
5.667283393105668310e+00
2.753201530742002578e+00
5.660234492024436292e+00
3.742137476056613288e+00
2.647543015016420864e-01
5.626810062264144818e+00
3.147633076139820574e+00
5.412864741383812017e+00
5.667927910468645081e+00
5.582694774937746018e+00
4.233876715348019459e+00
5.600303756965616664e+00
5.348192868689975121e+00
5.499608771214387737e+00
5.652328409716699475e+00
5.504101479396867447e+00
5.501300197207117826e+00
5.527892387089083925e+00
3.614827552713201886e+00
5.425565301460421708e+00
5.666667808121696126e+00
3.428241716902571845e+00
4.756228351087100847e+00
5.666709296028753506e+00
5.637506530305851804e+00
3.534130503848500471e+00
4.359902221574214920e+00
5.605446579641663263e+00
4.890068279669933737e+00
4.966266072992402414e+00
5.699658153172375563e+00
5.500760181552871941e+00
5.463524607949501899e+00
5.675041562751064639e+00
5.615630232531399813e+00
5.388490521087611285e+00
5.153664630000670321e+00
3.207972934113066721e+00
5.570401279155707819e+00
5.637972124623681580e+00
5.602056469228952729e+00
5.624727208940007550e+00
4.499720914287948403e+00
3.507931340845487522e+00
5.139361811937974700e+00
5.482469490506458598e+00
5.669022480036231215e+00
4.581418384284383194e+00
5.671159097981099961e+00
4.099631218916581332e+00
5.616373998379147636e+00
5.677091699259824154e+00
4.550856967185926472e+00
5.500076722023927722e+00
5.392546633401136269e+00
3.695553651116186167e+00
5.602848288901218332e+00
5.318161177226641279e+00
5.668079593002171457e+00
5.697567070301214898e+00
4.018799919456663261e+00
4.700261024654798447e+00
5.600234941520670695e+00
5.351285909532854213e+00
3.990151100920608318e+00
3.042352972565152580e+00
5.620681979392439409e+00
5.593319736509955398e+00
5.434437214412784378e+00
4.415778230368236024e+00
5.667157767079762820e+00
5.676275927991417447e+00
5.495427697926276167e+00
5.673407338085730167e+00
5.667159194094750774e+00
5.683901651099620089e+00
4.624346965398214770e+00
5.673784597100303806e+00
5.447603354018403010e+00
5.296589905602158588e+00
4.369848757242912995e+00
4.129165052630082045e+00
2.924542273834608519e+00
5.683667037465829353e+00
5.332058248313638948e+00
5.686353620480466553e+00
5.603078071079917954e+00
4.457874199959093175e+00
4.811945958915585742e+00
4.200640633646502975e-01
5.635601860010148734e+00
5.482757502305230624e+00
5.667539037774648847e+00
5.425623627956277062e+00
5.306168055998859323e+00
5.692254797988999471e+00
5.601332985041589829e+00
5.654883189599682503e+00
5.618375799274664573e+00
5.407691338920801449e+00
2.097778163424647957e+00
5.355015897443583306e+00
5.600199516723236570e+00
5.644223459463288961e+00
5.707570620347277135e+00
2.908681403939472609e+00
3.296388125339033248e+00
4.911573254473425187e+00
5.667149986815855023e+00
5.683362194801969025e+00
5.062284194641287094e+00
5.667048720921269656e+00
2.799803497884314485e+00
5.602704801205371510e+00
5.694760858828483485e+00
3.977958074651338993e+00
5.604900498583709201e+00
5.689870046235199652e+00
5.418425490410650802e+00
2.874247453985046885e+00
5.667136313897109368e+00
5.505941281902922313e+00
5.618651296327117350e+00
5.287512117331641726e+00
5.602017474321555390e+00
3.825479126427359322e+00
5.677564941988157976e+00
3.380064338242868782e+00
5.487649076143011229e+00
5.083725073113781967e+00
5.528705485712422707e+00
5.503220481641884376e+00
5.692765415452801570e+00
5.656053745419058920e+00
5.621057602751242221e+00
5.607350284561391618e+00
4.424137054520540069e+00
5.690372956775732405e+00
5.674394364506880173e+00
5.180065141701839515e+00
5.692480903473509102e+00
4.830715258416153901e+00
5.558551980346041255e+00
4.474772205694056204e+00
5.228651428573879656e+00
5.136300789848545989e+00
5.707755164177243934e+00
4.441525171022091989e+00
4.767226373047244614e+00
5.626698701468948016e+00
5.533512022450058687e+00
5.704663571434209324e+00
5.024505462455902460e+00
5.502037119361809836e+00
4.488320999365646990e+00
5.667506834933996984e+00
5.536737308499035670e+00
5.628216788846603258e+00
3.554878450399409751e+00
5.619512505133496205e+00
5.568747584718567012e+00
5.520239502506634643e+00
5.402913844399356513e+00
5.610283369541025245e+00
5.601875766347578001e+00
5.417737550669769142e+00
4.287127080061486240e+00
3.677588388291823218e+00
5.096343440851861750e+00
5.451989854484859954e+00
4.820943235287069584e+00
5.604216902678118117e+00
4.501434992579671501e+00
3.153819793913323011e+00
5.585656493325189764e+00
5.395537381342813354e+00
5.702083143661691444e+00
3.905508566331072906e+00
5.697524910252957930e+00
5.582509236180928980e+00
5.501157451775022800e+00
4.697677863155131028e+00
3.851188184068489839e+00
5.669121451991730787e+00
5.666452808965385834e+00
3.195565087193575682e+00
5.501756408631258033e+00
5.683523191950773601e+00
5.667388078820041031e+00
4.793958919187042866e+00
4.101630965466402934e+00
5.575826500722388168e+00
4.935327436379552957e+00
5.609316016623379753e+00
5.274800222104587100e+00
5.446792153871128583e+00
5.623576722349340251e+00
5.324180201816835378e+00
5.669665015843553313e+00
4.212753514948746947e+00
5.693098989690539291e+00
5.686402410871909119e+00
4.064154282870311441e+00
5.630695431620509339e+00
5.649629648841517415e+00
5.673038911325817502e+00
5.600891041821915550e+00
5.635627379469129394e+00
5.667200937657306703e+00
5.183323084690369065e+00
5.392093512331945782e+00
5.646717506120755736e+00
3.065216663789156470e+00
5.692254797988999471e+00
5.540821301094442042e+00
5.669086565517264198e+00
5.667107499697302764e+00
4.437911572526949122e+00
5.598711246791298279e+00
5.685458194461103787e+00
5.373577334012247242e+00
5.668275132287950768e+00
5.489418330183386097e+00
5.667168819514214029e+00
5.394455202539253591e+00
5.554313431066782769e+00
5.640505107824641762e+00
2.668205228900671688e+00
5.504497440712046163e+00
5.694080427305563852e+00
3.170966779796784873e+00
5.673657072118460043e+00
4.520121521054879743e+00
5.653905541207966401e+00
5.540821301094442042e+00
5.601438618525522273e+00
5.438160476799176912e+00
4.493839073513213656e+00
4.166167359328293962e+00
5.507967292590523201e+00
5.561098353524945637e+00
4.457712916317838392e+00
4.710696442083573743e+00
5.602514471937972473e+00
4.890404556909596856e+00
5.667891083853321632e+00
5.603495102079083523e+00
5.605446579641663263e+00
5.227649993703106901e+00
5.616887570448835909e+00
5.671603433422188090e+00
5.585541549739522438e+00
5.673124627417053922e+00
