3.231223192638608133e+00
3.883184129656725325e+00
4.472514995951826222e+00
3.590472257141744450e+00
3.304460925763473167e+00
3.078786176991714640e+00
4.063810389316595995e+00
4.718798329953181714e+00
2.008016160828492325e+00
3.223586316582519817e+00
4.620669797734786144e+00
6.622194059204680183e-01
4.515952175262224699e+00
4.539578056670338313e+00
3.136053040388503632e+00
4.138579366859354458e+00
4.290593000659112199e+00
3.517172719651862067e+00
3.453864140297952190e+00
4.063924183974745752e+00
2.737660269512481648e+00
3.433010458513476415e+00
3.459695516820002759e+00
2.675701746189175889e+00
3.662466925569165976e+00
4.093746512479859767e+00
3.438714486765765965e+00
4.463026839241554633e+00
3.159394563892663488e+00
3.434427620091824895e+00
2.806298523221316898e+00
2.917542530280228252e+00
3.780471402916929513e+00
3.372499835982730065e+00
4.128459560663578998e+00
3.009660230598953046e+00
4.490077691525289794e+00
2.893547446288497582e+00
3.205049429167352137e+00
3.130278668100666017e+00
4.170129254749507020e+00
4.239444161240691678e+00
1.901344653674470475e-01
3.977554230265407220e+00
3.700260259732566226e+00
3.949810342196330204e+00
3.619718856839877485e+00
4.521562308658995555e+00
1.071880645538565990e-01
2.122212765212430963e+00
2.662840717389029166e+00
4.407567174711706670e+00
2.809859653883441055e+00
3.943088650665637296e+00
2.873605730899103872e+00
4.603906722265100449e+00
4.102451715809674049e+00
4.532428408093603700e+00
2.395162614930705036e+00
2.922174594927859914e+00
2.333402647457703427e+00
3.590019788327210915e+00
3.012930830518303349e+00
3.289841964059673884e+00
3.453145557565854951e+00
4.256973960810594981e+00
4.495490791838406608e+00
3.754151591405845867e+00
3.106426749401111742e+00
3.081736921587809430e+00
4.146376116875194029e+00
4.029886959472084307e+00
2.646017343251181320e+00
3.534976907429952853e+00
4.517151659736742708e+00
4.170960837471066718e+00
4.454528562183455165e+00
2.863531928263716608e+00
3.838861443366692328e+00
3.949199299044976463e+00
4.093723566061720831e+00
3.633249238419089533e+00
2.490174773304336675e+00
4.445751963280696550e+00
4.277500339725704315e+00
3.131983431345097380e+00
4.393869300259842348e+00
4.237877954822754312e+00
8.356797391534246389e-01
4.260409785865300947e+00
2.915114701271836584e+00
3.935489633549525301e+00
7.395697940065895093e-01
3.522181076923407428e+00
4.629020086078116769e+00
4.144751944490964846e+00
4.250900850262453901e+00
3.616496956473441937e+00
3.428033727567465494e+00
4.733210932506592528e+00
2.551188765578778828e+00
3.460415129678386048e+00
4.517229980028998781e+00
4.149247616047906817e+00
4.079355723960723878e+00
4.682565840881503405e+00
4.079518357794285954e+00
3.583734741402077262e+00
3.688023249040457419e+00
3.601589608691102562e+00
3.415163183282473813e+00
4.747626307357871056e+00
4.546836712397060332e+00
3.720523706752005832e+00
3.587334358845319926e+00
4.244887018496123154e+00
3.569726141905584349e+00
3.762156325782321620e+00
4.489776644585599996e+00
4.576923677506659516e+00
3.580580777049858998e+00
1.277283590103389432e+00
3.801828126549162246e+00
4.466380651349427744e+00
4.042642204167535169e+00
4.574005635070352405e+00
7.674736541059525019e-02
4.495874787953487051e+00
4.519884020092223231e+00
3.321698772586831883e+00
3.558950601347731002e+00
3.492058412092117425e+00
4.471182223883831242e+00
4.286900473874895923e+00
2.774165483159241496e+00
3.680076243294994054e+00
3.976016537185662614e+00
5.051069054130137292e-01
4.379181695395243601e+00
4.121951970975870516e+00
3.973751646051255193e+00
4.472514995951826222e+00
4.598278486796385067e+00
4.087697314193242448e+00
4.632639921355187762e-01
3.498155367637866497e+00
4.046829514750477585e+00
4.196690178290920059e+00
4.290452135988572557e+00
3.204769626407423910e+00
4.466339928330484099e+00
4.385454673798513170e+00
3.499296647240038638e+00
4.175908850664766803e+00
3.197096527390629550e+00
4.489674785285789227e+00
4.571153299115284341e+00
3.016506571346487586e+00
9.218005091741302004e-02
4.287789600864396533e+00
4.177137109272758941e+00
4.631849806559055871e+00
4.671235994399123292e+00
4.319424477139716778e+00
3.916537249839946888e+00
3.075734605340397554e+00
4.625031350962668597e+00
3.038965487462199189e+00
3.426236596847568094e+00
4.350713196995510401e+00
4.664404441674641966e+00
3.869328718331356942e+00
4.288177498323761050e+00
3.883569694914120962e+00
3.540938059547984018e+00
4.742673327703169406e+00
4.486621861885494056e+00
2.701388855096427122e+00
3.482688403717225434e+00
4.642904369456487323e+00
4.203414613117078424e+00
3.950312358872282825e+00
2.674828224803177612e+00
3.779280787966839306e+00
2.319380679143490109e+00
3.581775715425902895e+00
3.764006191356217279e+00
3.850561486171122816e+00
2.466234535781273607e+00
3.713958498259830598e+00
2.845001271913921936e+00
2.570996058791340300e+00
2.699237340662442364e+00
3.640693683975196215e+00
4.502255727831388832e+00
3.373242985300691110e+00
4.166811967915583281e+00
3.643684948044796368e+00
4.484647707296510077e+00
4.658889802133782787e+00
3.522708189138395340e+00
3.329869857702668412e+00
4.622849863922812830e+00
3.996107521563721399e+00
4.377631514087764408e+00
3.415909455596057853e+00
4.514343349551976026e+00
3.713091462787246666e+00
3.034624045446301821e+00
3.603781373545785982e+00
3.580580777049858998e+00
3.415163183282473813e+00
3.916704198425455807e+00
3.855029212822292273e+00
2.175032159374723939e+00
4.115477569764485644e+00
3.995968417872886924e+00
4.422579557582012377e+00
2.672326557404495873e+00
3.662452876408253566e+00
3.047632433462496238e+00
3.767394689398516849e+00
4.642520228688277406e+00
4.495490791838406608e+00
3.421737826245473180e+00
3.115618310668860413e+00
4.149137805526493139e+00
3.167063921431255036e+00
3.968592104633372752e+00
3.393922646405247989e-01
3.828338589554224569e+00
2.892960480767873932e+00
4.537671833019988554e+00
4.084284361792777318e+00
4.501113811423883782e+00
3.090421011975665877e+00
3.457364772117422103e+00
3.562509523001132106e+00
4.251208569036546869e+00
4.026345583907176895e+00
4.734934686977124940e+00
2.993885423855084493e+00
3.270030957837160468e+00
4.399125791127243446e+00
4.321522296837175148e+00
4.609022792377492017e+00
4.609633493884788713e+00
3.075250324408679514e+00
3.683313623652588298e+00
2.863531928263716608e+00
3.748775358256700496e+00
3.614205331413956834e+00
3.796807036114059120e+00
2.958297285623975981e+00
4.605490959119132199e+00
3.733485989001826599e+00
3.745305251237828426e+00
4.232095942778512310e+00
4.490604625402412786e+00
3.127938275010734959e+00
3.885529783817304406e+00
4.152514550921553749e+00
4.083295042500556526e+00
3.991580582433114088e+00
3.754833246842184558e+00
3.153021062582988865e+00
1.845418333447433668e+00
4.566880645101254466e+00
4.628615123175991108e+00
4.307427188839302090e+00
2.007403898574143142e+00
2.598793391568789968e+00
2.622230322506891920e+00
4.661560155056228005e+00
4.271570256889857475e+00
4.099735033360603076e+00
4.412656845165297881e+00
3.481640064050288697e+00
3.695907990778617425e+00
3.102085797639084763e+00
4.492909940212168607e+00
3.151174879409773144e+00
2.817726027961302115e+00
3.492058412092117425e+00
4.291602954413407112e+00
3.236317703702219273e+00
3.255243348698699801e+00
3.669151791315950817e+00
2.748407345872020180e+00
1.852035695387399761e+00
3.151174879409773144e+00
4.629214637785191044e+00
4.720371246933222409e+00
8.242401928969245173e-01
3.655620783004604135e+00
4.479858661283568466e+00
3.730983624819654842e+00
7.400109845981861501e-01
4.603553832742124818e+00
4.440390159632605638e+00
3.687055251261738498e+00
4.720319027533482981e+00
3.258478672243182661e+00
4.216038991468924912e+00
3.503088338728939100e+00
1.449483957348205454e+00
2.414973855463136587e+00
3.603713722552249088e+00
2.502480987431753512e+00
3.843763165748447452e+00
3.549190017969144240e+00
3.406716179534841071e+00
3.614084272310473356e+00
4.706622006689659798e+00
6.346013091071902590e-01
4.313091978282328931e+00
3.674856041761715542e+00
4.514671103162711141e+00
4.400601549913473853e+00
3.991910354953133400e+00
4.230198237404105832e+00
4.286400142090648124e+00
3.580580777049858998e+00
3.724043819633262142e+00
4.631783457382422142e+00
1.843183476992743264e-01
2.736654835335433855e+00
3.602840843458861908e+00
4.325431161189055906e+00
3.423598100170978320e+00
3.031204142372504240e+00
4.631437127963575762e+00
3.409916305368553946e+00
3.275049698263563069e+00
4.568766146477178047e+00
3.826700846720262117e+00
4.435348092659377350e+00
3.294840251464191905e+00
3.731287303867250049e+00
4.436255591984200386e+00
4.665431225128841675e+00
4.084998312661596742e+00
2.966215839930299136e+00
2.476263653097592332e+00
4.123122828687534991e+00
4.132928151535609551e+00
1.492957133855626228e+00
3.928841804956575867e+00
4.133398267480070665e+00
3.101632817844896639e+00
3.123957123250407086e+00
3.242199776081682749e+00
4.049727232043620617e+00
4.172157445702476153e+00
1.693289497199167659e+00
3.066473249045255312e+00
3.416559107933984762e+00
3.809628612115709689e+00
3.367440975502141054e+00
3.090245792303301098e+00
3.633226273829653685e+00
4.235866573323987971e+00
2.247064656312967479e+00
4.155361488248617619e+00
4.654935872691731369e+00
3.981699124674814350e+00
2.949427863473816913e+00
3.962013060920682506e+00
4.047212077863562740e+00
3.878523221571546387e+00
3.524248017777684261e+00
4.620669797734786144e+00
4.194833500001946547e+00
3.663287723987543210e+00
2.862217090709097800e+00
4.393563184924424547e+00
4.430157255303704744e+00
3.444344104590495004e+00
3.173756194214444992e+00
4.699903485569215889e+00
4.342299628870125439e+00
2.703173297542542652e+00
4.303279700154857501e+00
3.732060343809945113e+00
3.508665385281251492e+00
4.348127846330132051e+00
4.751214415156511883e+00
4.054564707028551318e+00
4.152469585425800247e+00
1.450638732234508788e-01
2.881041360521046091e+00
3.322846262409659523e+00
4.715373020288331496e+00
3.590668685768735102e+00
4.155376304874895510e+00
3.760417424684403986e+00
8.583530590149446304e-01
2.912596794571666869e+00
3.380671265984177776e+00
4.143161682488391229e+00
4.688454092056618450e+00
4.744995559723984568e-01
3.730086853585802942e+00
3.161923656761183921e+00
3.338837425204842280e+00
3.281675455373098682e+00
3.142263598462858631e+00
4.049427970006992616e+00
4.331504029748803219e+00
3.086341019615808090e+00
3.166604285032521560e-01
3.535187500865737409e+00
4.555269908981328442e+00
2.954302016332908565e+00
2.140710369593336715e+00
4.750853894515944198e+00
3.693167745701109173e+00
3.941365928436007415e+00
3.148147382643179171e+00
3.812236694068054543e+00
4.632729627370761882e+00
4.014264592690392597e+00
4.506100481723884776e+00
3.356410208491984015e+00
1.818571759754043393e+00
3.993037238399587796e+00
4.640038155101756878e+00
4.223154127720697204e+00
3.918520067734947432e+00
4.549645886065127875e+00
4.421760689273532385e+00
3.809161872403565852e+00
2.557215758873315981e+00
3.997316616218388852e+00
3.380286804562963709e+00
4.624162035540159366e+00
3.731293608569114628e+00
3.670400540605280870e+00
4.697338366281615052e+00
3.345692213099118018e+00
2.856943645593774228e+00
4.109990729305604162e+00
3.756278403321350101e+00
4.523986848747335365e+00
1.008446372641219835e+00
3.045082603797007459e-01
4.307597646987860962e+00
3.315815847565979357e+00
2.937486427705496173e+00
4.098108030648389466e+00
4.121478435997812717e+00
3.244824019974161811e+00
3.332553572077160631e+00
2.403794501530023719e+00
3.684911160674000374e+00
3.732049310408328768e+00
3.751012905741331060e+00
3.623910852856789155e+00
4.536809211407129894e+00
2.917964672630592560e+00
2.964289679878250983e+00
4.503196550112299690e+00
4.446527198764312239e+00
9.194704562795148473e-01
4.487965923386545875e+00
3.470167509652011706e+00
4.680809237501248887e+00
3.940781805434750318e+00
4.327682961572041798e+00
2.416369869708830276e+00
3.269349622477931927e+00
4.703758284847255666e+00
4.296911835617480691e+00
4.329436874671212188e+00
3.938275457799473855e+00
1.327761546835457551e+00
4.404363870984763452e+00
3.263524152950142643e+00
4.462322720158265810e+00
2.801348640314409444e+00
1.685335527863040639e+00
4.691330614157805279e+00
3.837590980571862875e+00
7.823521885748668803e-02
3.955470934427390617e+00
2.982907779240814072e+00
2.703223018295130231e+00
3.668762556656569362e+00
3.942376195848696252e+00
4.295908400135076022e+00
4.268627554970298554e+00
4.659470744987116220e+00
4.406092965900780811e+00
4.172157445702476153e+00
3.390700684160593337e+00
4.306806383382464354e+00
4.162391902880357542e+00
4.212015994184237222e+00
3.876391282320621912e+00
2.540498017920204799e+00
7.081043676412382415e-02
3.795480450173967846e+00
4.227458546191838806e+00
4.534095598644706016e+00
1.250960395175661599e+00
5.858743059375398632e-02
3.298322892693377639e+00
4.413601100965824031e+00
4.595509424524475861e+00
4.355843787288763203e+00
3.392993672213583611e+00
2.942595684671747147e+00
3.536146154639356443e+00
3.837795530521467491e+00
3.840964347549370217e+00
3.203120550386174603e+00
3.345397820267067335e+00
3.977268536046665304e+00
2.863079559849347255e+00
3.383627470068058418e+00
4.590254857102278763e+00
3.765029467389501505e+00
2.328956137385405079e+00
1.536348151049307997e+00
4.457783709602419542e+00
2.532911284074847114e+00
4.679897617873869820e+00
2.984302976127934492e+00
4.096198407649495721e+00
3.665861349401179137e+00
4.535989701096245774e+00
3.918852289309985970e+00
3.776927335128011265e+00
4.593456437251205671e+00
2.928585834049441949e+00
2.860540267822900606e+00
2.623457228761664872e+00
3.189491773199790714e+00
3.755717265348702316e+00
5.858743059375398632e-02
4.610723714673063967e+00
3.884949582363918186e+00
3.214143087924282938e+00
2.718876104257525128e+00
4.054564707028551318e+00
4.249380357217119375e+00
2.713208491266585476e+00
3.101482452215363228e+00
4.595210656840716723e+00
4.670960681742216458e+00
5.985666079564623265e-01
4.102144071872158904e+00
4.189718426598703971e+00
2.880492517765160798e+00
3.584111677600150703e+00
3.481020206990871557e+00
4.034014017108177974e+00
3.783780970896757356e+00
1.206626734852426663e+00
3.634357986186904199e+00
4.615538359259536705e+00
4.338662694790158092e+00
2.674122577373465037e-01
4.515598389545472990e+00
4.556509440027701530e+00
4.512147615948530976e+00
4.624494709639366263e+00
1.255787670899882302e+00
3.457145710205590028e+00
2.523580242134343177e+00
4.701407825698395548e+00
3.048349777366115454e+00
4.156892077357571935e+00
2.904905175809751050e+00
5.175091714261691456e-01
3.179682677899624998e+00
4.197721236112823107e+00
4.597100203557511477e+00
4.682746712333620387e+00
4.368303774204532530e+00
4.218167762835102863e+00
4.502688199918643441e+00
3.733400118913962729e+00
3.442340430511056759e+00
2.866658773892404088e+00
4.348713524329079760e+00
4.393563184924424547e+00
2.514843853382907835e+00
4.034700355751655643e+00
4.231382405940824043e+00
3.905139692765980719e+00
4.068005036192984036e+00
1.217242562408606732e+00
3.436911277821426580e+00
4.556811799913022654e+00
2.229303439075936755e+00
4.552506188702430734e+00
3.983098983024565776e+00
4.439973835560936166e+00
3.105029962158700751e+00
1.361790533309384377e-01
4.072634186793891331e+00
4.529766096299690403e+00
2.621781479358212597e+00
3.459368422354431871e+00
1.875519595522754102e-01
3.040592869461252956e+00
4.368623706102789939e+00
2.606068165697092542e+00
4.379874511908751877e+00
3.474702489967693708e+00
4.622849863922812830e+00
4.126945003225089614e+00
2.862217090709097800e+00
4.524318836061454796e+00
8.092882660387441529e-01
3.495007749809904141e+00
2.824262151388452491e+00
1.717796724946175635e+00
3.443057257181879383e+00
4.154167589407981254e+00
4.208327689982538367e+00
4.263082677598143633e+00
4.538531795286918857e+00
2.644310159908747515e+00
2.727512941528803303e+00
4.275453117579603557e+00
3.891948353804729255e+00
3.844744044041087161e+00
3.446476497307279896e+00
4.109953429580459172e+00
4.710245093522388515e+00
4.699087000205830478e+00
1.287841960366362115e-01
4.522150848348187147e+00
2.515748213600578431e+00
4.595555134373023876e+00
3.315815847565979357e+00
3.786905053929348508e+00
3.265744570240469269e+00
4.485507080778400102e+00
5.941847628246450796e-02
4.682800807615707939e+00
3.377222285158750559e+00
3.222399728843341915e+00
3.808784041696246625e+00
3.466636965797083914e+00
2.741209760569567777e+00
3.825503770101821743e+00
2.784901396236059590e+00
3.765029467389501505e+00
3.459695516820002759e+00
2.285058574299138723e+00
3.954995404662208447e+00
3.189657904898948626e+00
4.622447125925585709e+00
4.752931917678891338e+00
3.494329006174885510e+00
4.508438145217099624e+00
3.988625375800982198e+00
4.062030215623150475e+00
3.773847563107816327e+00
4.117262392312959207e+00
2.704596174317983603e+00
3.473872962027990230e+00
3.597316569452513324e+00
2.085095881647875515e+00
2.556776124658210136e+00
1.116409813455892186e+00
4.696672621925420898e+00
2.755737260288064761e+00
2.482787048702411070e+00
3.420720675961943513e+00
4.503906929609518883e+00
3.526368981418046999e+00
2.798802542691121165e+00
4.188812531028245800e+00
3.372226140377230230e+00
4.549091100388200637e+00
3.799881621851020075e+00
4.042857417180430346e+00
4.085190005441944550e+00
2.183139685313289835e+00
5.620157178258621267e-01
4.362263725563139793e+00
1.866334893697366937e+00
3.842994161744154979e+00
4.565153483962000713e+00
3.990149717343776992e+00
3.118836204452979377e+00
3.856426442560424661e+00
4.238479486389326034e+00
1.719000920896673223e+00
1.536348151049307997e+00
4.587105250661148936e+00
4.279605265874105058e+00
4.430578682847921002e+00
3.017650000631971086e+00
4.574005635070352405e+00
2.946344740482297553e+00
4.514030294433195145e+00
3.415163183282473813e+00
2.923694007290372987e+00
3.998431961188866790e+00
3.560885029961322612e+00
3.229756956982602567e+00
3.931009311210520440e+00
4.196598289652219371e+00
3.896878367921743358e+00
2.048681631114298796e+00
2.184367905527996090e+00
3.457218641431612838e+00
3.539694458440389990e+00
2.887713226809231148e+00
4.466892475649927863e-02
4.045813640824006185e+00
4.597631862555255466e+00
4.568766146477178047e+00
4.569731124272767175e+00
4.365038984673090816e+00
4.683188091150945809e+00
4.366462991144349104e+00
4.425813353654127980e+00
2.909957849884340586e+00
3.540938059547984018e+00
3.737156398430426574e+00
4.228061554143003775e+00
4.744021864178255221e+00
4.447395821356274759e+00
4.674160429596624589e+00
2.742458634230692471e+00
3.906875296798528741e+00
3.974330724138572801e+00
4.028727816202117396e+00
3.455287186427204560e+00
4.306806383382464354e+00
3.737156398430426574e+00
4.143757821420075871e+00
4.837827735425209164e-01
4.525146792050493971e+00
3.794707161192101719e+00
4.629020086078116769e+00
3.934044555730646042e+00
3.987526452643680219e+00
4.723184746514945687e+00
3.447021757456767865e+00
3.535587701611914824e+00
2.652489269486609569e+00
4.329503652063880104e+00
2.121281179944955575e+00
4.129629840365236504e+00
4.441456858437985211e+00
2.828764481918117912e+00
2.752517875813284665e+00
2.836349428448077248e+00
4.622447125925585709e+00
4.697302443150759288e+00
3.796807036114059120e+00
3.445948948892080033e+00
4.731944819923367795e+00
2.455377713839462572e+00
4.693522597355441306e+00
2.909919200887516766e+00
3.711138441263228671e+00
3.164871365093063105e+00
3.532847802634027534e+00
3.336059021838761129e+00
4.649999822778024594e+00
4.404158965541596693e+00
3.695613261808884165e+00
3.893435359268709206e+00
1.781268028033429207e+00
4.678368661938084649e+00
4.303659748409600638e+00
3.948702717421450181e+00
3.854748377008646809e+00
2.644310159908747515e+00
3.630513946756973809e+00
4.518308471845850605e+00
4.672860849579427267e+00
4.122871302187647302e+00
4.374092840687289652e+00
3.975642715798015647e+00
2.811774245636818215e+00
3.755523216294890942e-01
2.971446865605353427e+00
4.009314074599236832e+00
2.460421250110665259e+00
3.980506021401144512e+00
4.205621706366605927e+00
3.388205695024966602e+00
3.952917865044228929e+00
2.932869205190736128e+00
3.151760671215737997e+00
4.363340544176396385e+00
4.344201152045402914e+00
3.345041803960994375e+00
3.579009559505696991e+00
4.014492427553711273e+00
2.499143271802753308e+00
9.106659218765748021e-01
2.371928087474708846e+00
4.084284361792777318e+00
3.381864629606728734e+00
4.427155575909011098e+00
3.747795919306158297e+00
3.884637240875634667e+00
3.488675064866266329e+00
4.520468824343487846e+00
2.379258492386531643e+00
4.461999999556669039e+00
2.790863525820411084e+00
4.685728850098412224e+00
8.059236127178963649e-01
4.728347419185920941e+00
3.711940657019374701e+00
4.329503652063880104e+00
3.005334237804502262e+00
4.228061554143003775e+00
3.919568912097315394e+00
3.747725863100531463e+00
3.840964347549370217e+00
3.224132966698120217e+00
4.494774435342233865e+00
4.751098404341581372e+00
2.430798915692340856e+00
4.018473310715263480e+00
3.860914689350235296e+00
4.109065614153677437e+00
4.515952175262224699e+00
3.973751646051255193e+00
2.926014998888639695e+00
4.289723652378771845e+00
4.493792213975256189e+00
4.447891697017086976e+00
3.310627788513917036e+00
4.586136217692992290e+00
3.480274795385452702e+00
2.172689191426448563e+00
4.190690234991064855e+00
2.888584631979208339e+00
4.112941962670957352e+00
3.181869766312140690e+00
4.342767288593620378e+00
3.900359609851544729e+00
5.858743059375398632e-02
4.522795712323005368e+00
3.532710272417994180e+00
4.167927841402836897e+00
2.353678837470025265e+00
3.654293177942673498e+00
4.407567174711706670e+00
3.255374046220569362e+00
3.730216934661983785e+00
4.021034327385063278e+00
4.115854123113021679e+00
4.546815839581866747e+00
3.318522337281399892e+00
4.689800728160403942e+00
3.620600870468165589e+00
1.646810551741241524e-01
4.631471530092317046e+00
3.706794097329580762e+00
3.970415941062499066e+00
4.635954697416728720e+00
4.194236339373525801e+00
2.868415175276344264e+00
4.581048579528806286e+00
3.673915361392575907e+00
3.820802711242465288e-01
3.716722601098643164e+00
4.718212385550263122e+00
4.376821328716006043e+00
4.691549350988912792e+00
2.735383866105908890e+00
3.202108740662672898e-02
3.924467270451146739e+00
3.812820669493864223e+00
3.934300474305099549e+00
4.429266546682161021e+00
4.206945779103461902e+00
9.906173862040813793e-02
4.178095146975844720e+00
3.728206780161257949e+00
3.602333059636154911e+00
2.823972374848064071e+00
4.409536015460615133e+00
3.032979636441935689e+00
4.271532824710602583e+00
3.848168349571190916e+00
3.018346094620173670e+00
3.241049515521925883e+00
3.871171210897661918e+00
3.855305254052331598e+00
3.562471880268904378e+00
2.859170054390085980e+00
3.093585767169557688e+00
4.106770314824187196e+00
2.985216279792949123e+00
5.502271218797110119e-01
4.338503047546448776e+00
3.400785679086721469e+00
3.262925794771075250e+00
3.579117062287932249e+00
4.459347415604377751e+00
3.517675969090421795e+00
2.850995214558502244e+00
3.572531165764461392e+00
4.381755359399183369e+00
4.164397499949926029e+00
4.600853855832167660e+00
4.622199529986374955e+00
3.524607420973257632e+00
2.729707171844549141e+00
2.996508774178524792e+00
2.315489207300659213e+00
1.958649136143132130e-01
4.088072208797518314e+00
9.036505124616498463e-01
4.441302137470238165e+00
3.905420436880173707e+00
4.407389863561756549e+00
4.731332980872093863e+00
3.294853914047416232e+00
4.194666076042078195e+00
4.149685399560658183e+00
2.395455255360804170e+00
2.705814086859910539e+00
3.745862770788830787e+00
1.578549376048291597e+00
4.499771605185285850e+00
3.143638886516701980e+00
4.046818685393728465e+00
2.463151604164543151e+00
4.155361488248617619e+00
4.752493359092746950e+00
2.981534980182898753e+00
4.566875757013497683e+00
4.728175811168110698e+00
2.962995393599016758e+00
3.717850774700778071e+00
2.568284258122300212e+00
4.393084678947674959e+00
3.012988705840639270e+00
3.695613261808884165e+00
3.393523456531679638e+00
2.675717726703686239e+00
2.524772421686787727e+00
2.541632284958245780e+00
8.190434742526273015e-02
3.773847563107816327e+00
4.297054613760835196e+00
2.665459151706352614e+00
3.836273178998119260e+00
4.587259648388818611e+00
4.391258450579954342e+00
3.188563752493652981e+00
5.175091714261691456e-01
4.266412042184657416e+00
2.946605100075279982e+00
4.177137109272758941e+00
4.306466687968189433e+00
4.643192284062260811e+00
3.763657312408154709e+00
4.517229980028998781e+00
3.091912768321037674e+00
3.181828631981817868e+00
3.066473249045255312e+00
4.073867777365436815e+00
4.030675946835049039e+00
3.057805690508881291e+00
4.520446362314589628e+00
4.455959214945232283e+00
3.545115214587247543e+00
3.722460327344930597e+00
4.703227224025410713e+00
3.371008010046698811e+00
3.871171210897661918e+00
3.593769387955304317e+00
3.755478879124263702e+00
3.391384994118745055e+00
2.845001271913921936e+00
3.187984767163892563e+00
2.786115107453789985e+00
4.598515279905608821e+00
3.824505478748118747e+00
4.691549350988912792e+00
3.897773058888486464e+00
2.395455255360804170e+00
4.072007209230324776e+00
2.883905067127316535e+00
3.991580582433114088e+00
4.250235145475685705e+00
2.042992966797407828e+00
1.321453101647709572e+00
1.124917439102569805e+00
3.046611442690409177e+00
3.936170520071754275e+00
4.281741833904538552e+00
4.524085271214734583e+00
