1.563538248207579606e+01
1.465272250744788352e+01
1.476335894028377105e+01
1.420141559754103433e+01
1.554043743468611005e+01
1.533334228710020852e+01
1.400084461622450149e+01
1.560265017078194560e+01
1.447826501482875194e+01
1.365755651048981534e+01
1.333874463543182642e+01
1.494989011335453100e+01
1.430555650217628738e+01
1.423149745251149767e+01
1.433179852255252129e+01
1.533254529717554426e+01
1.400744150798962195e+01
1.591924543554143412e+01
1.270200460997191527e+01
1.214221495092445480e+01
5.961426271245190200e+00
1.590400264974861955e+01
1.297348330064080812e+01
1.349016968030667663e+01
1.426904077404279647e+01
1.469505876010977552e+01
1.485326710037827169e+01
1.438409769569148899e+01
8.667390374087631244e+00
1.391737143874482108e+01
1.487435540275796875e+01
1.502550223611099867e+01
1.516233581307328038e+01
1.430884998842236655e+01
1.385002380305339997e+01
1.559725265853501064e+01
1.436898909248548506e+01
1.380091409656867896e+01
1.442873536577457472e+01
1.248300329707229039e+01
1.379653397977311435e+01
1.471171240262016511e+01
1.501334710790378679e+01
1.393401769004348623e+01
1.402599140068520356e+01
1.522333566416962647e+01
1.565558680172228989e+01
1.548945499200060283e+01
1.491836026787909653e+01
1.447253688505091418e+01
1.396702698219156247e+01
1.601268801904726757e+01
1.474501124912958971e+01
6.115315855051281169e+00
1.391737143874482108e+01
1.377781053578741322e+01
1.448065553658626570e+01
1.572344932890488067e+01
1.537249042654603315e+01
1.326274231996223563e+01
1.587538828411025094e+01
1.491201564073923080e+01
1.427646993826194688e+01
1.593849078837734368e+01
1.547573823593486253e+01
1.435990054894194401e+01
1.262971726753240276e+01
1.518890171502360786e+01
1.584426081164311384e+01
1.437552020162098998e+01
1.421417276781770589e+01
1.466318141543674969e+01
1.432916827456229214e+01
1.594832548041825504e+01
1.417462381573279551e+01
1.270740271119200848e+01
1.583701215940193663e+01
1.550977175409480857e+01
1.152591676327827486e+01
1.334877533553483175e+01
1.442734195672173669e+01
1.295671903144642556e+01
1.604147664106223203e+01
1.431525831527090453e+01
1.478768690129580321e+01
1.364650025459671312e+01
1.440396093572537239e+01
1.480509401265764424e+01
1.437109000524978342e+01
9.812587236224564080e+00
1.457350404077512351e+01
1.116151632568545615e+01
1.442300414084840199e+01
1.396827563223814650e+01
1.383927180496353060e+01
1.526500908371385634e+01
1.448747607460070341e+01
1.568275154916112157e+01
1.550883900058708775e+01
1.518775609052567788e+01
1.596467339668591379e+01
1.446517973439861926e+01
1.450398234673571984e+01
1.517094308699208227e+01
1.455595407471090752e+01
1.524780106179072448e+01
1.290754425072778311e+01
1.549477847836534750e+01
1.541258961013051199e+01
1.437649083761093394e+01
1.488423876970940363e+01
1.581085429567345813e+01
1.381433607008947995e+01
9.854625941902918740e+00
1.463598884155030788e+01
1.458463826154403620e+01
8.475515241050922910e+00
1.486140954788901780e+01
1.447773164237584531e+01
1.545700043792786360e+01
1.455576216964027125e+01
1.264904999428431864e+01
1.249079058270764264e+01
1.430885420319899737e+01
1.573715946572221114e+01
1.573434616347989490e+01
1.560648473850509532e+01
1.431272616285258970e+01
1.493709564454845840e+01
1.032649274691276986e+01
8.604941892350161936e+00
1.301683337134334728e+01
1.576826255794313703e+01
1.411364021371560717e+01
1.411371822081941119e+01
1.406768578829293048e+01
1.512744691848410561e+01
1.427095981686633941e+01
1.450794099274639848e+01
1.225964369608139748e+01
1.299397328044600641e+01
1.160600632904320584e+01
1.377713952947846288e+01
1.488055645736873700e+01
1.531817414030672353e+01
1.545393594781229751e+01
1.459977337345949877e+01
1.456633758089251174e+01
1.460439826376310890e+01
1.568357016320056907e+01
1.464058943303818161e+01
1.500052491355410567e+01
1.447192696296821168e+01
5.897587764739961713e+00
1.609374414641313678e+01
1.286597326073746572e+01
1.539780284154522860e+01
1.511514586178297037e+01
1.570335039615338957e+01
1.521723099246542255e+01
1.580090184584456203e+01
1.563497871762505476e+01
1.488377937448939470e+01
8.613557202107481103e+00
1.600162185631847933e+01
1.406188631276450174e+01
1.416653078605965277e+01
1.419267301448142149e+01
1.469279405308286712e+01
1.441271716796979518e+01
1.452812287378340805e+01
1.477085668313104705e+01
1.438461407264402681e+01
1.551659704243538940e+01
1.315111471571906065e+01
1.489846817695513437e+01
1.568355269854205858e+01
1.412618781072373864e+01
1.580483543741320851e+01
1.058943937784336242e+01
1.456510309988212626e+01
1.513842719247348612e+01
1.410193676110987759e+01
1.247850347652809866e+01
1.390628668129404133e+01
1.416962461493968917e+01
1.416695636961074278e+01
1.491723540837912054e+01
1.530948382813089914e+01
1.585962515790521365e+01
1.577028138804766400e+01
1.580090184584456203e+01
1.579309148410298036e+01
1.530984298166035629e+01
1.543635464978444283e+01
1.433383067173486225e+01
1.587192181749273168e+01
1.148900488893364980e+01
1.414348452600532724e+01
1.586651047321349317e+01
1.539108865827823180e+01
1.430044929815749200e+01
1.216527164850332632e+01
1.529551735503410370e+01
1.067056050147827051e+01
1.332455924197108388e+01
1.516528167222114121e+01
1.557732883693836712e+01
1.524204042924102964e+01
1.600685038119031134e+01
1.449291432259994039e+01
1.587159486103600159e+01
1.482639577321927860e+01
1.375026632832599205e+01
1.541057039392234707e+01
1.459227863619202381e+01
1.537118534491202482e+01
1.592555241964276647e+01
1.353903225618546990e+01
1.588740637285128798e+01
1.347507547981302523e+01
1.575128871775686612e+01
1.520721265098009134e+01
1.385951193639139944e+01
1.572858332374213042e+01
1.583014663826844526e+01
1.510516076154254606e+01
1.392310927495343975e+01
1.387675368299574785e+01
1.249685120276927996e+01
1.573498825992956185e+01
1.452359756598030494e+01
1.433645600000638254e+01
1.552248037247333556e+01
1.490421439942579340e+01
1.582473082702251332e+01
1.478525179306732440e+01
1.479937255598064993e+01
1.449897008137264010e+01
1.547449928153817922e+01
1.498988547177808783e+01
1.574831775450087790e+01
1.319290324140530402e+01
1.391612451860410715e+01
1.472421367838407491e+01
1.376019651349756501e+01
1.428467409616192185e+01
1.499540758409535179e+01
1.475352978744986032e+01
1.441295281467933620e+01
1.429537527676395392e+01
1.471831385490354371e+01
1.497678066198614211e+01
1.593053018168585666e+01
1.472522498724782558e+01
1.389855504089704041e+01
1.261360509025840848e+01
1.587626831117360737e+01
1.400157101420974293e+01
1.452173943470603845e+01
1.143377148047707514e+01
1.423189341489635851e+01
1.458125920369879580e+01
9.671643630216621546e+00
1.507886984838977895e+01
1.438990409288538430e+01
1.196319518419225858e+01
1.351119348101784645e+01
1.586986520700295777e+01
1.524720630928048948e+01
1.389344315232400362e+01
1.423694713920775712e+01
1.437767054432740998e+01
1.524347032838005589e+01
1.413503568116977505e+01
1.430553379876078068e+01
1.270200460997191527e+01
1.451154719476809873e+01
1.410524633469917966e+01
1.460547884461817958e+01
1.430637479125885037e+01
1.520062997062334276e+01
1.085590659099350397e+01
9.640610586210730304e+00
1.529479620649142646e+01
1.319760071883216668e+01
1.431534952632596536e+01
1.404447349518297727e+01
3.058644363531012988e+00
1.527925306076526724e+01
1.193892648587485006e+01
1.608028724562971234e+01
1.609770637336066557e+01
1.146127567411521930e+01
8.245988238085939059e+00
1.437776768034153996e+01
1.494983125525403267e+01
1.247291743423160959e+01
1.424946598695710520e+01
1.589239508305882786e+01
1.508602483470231803e+01
1.540183600285555343e+01
1.463537055601676329e+01
1.442467006143040109e+01
5.846669483674916457e+00
1.394210005596063340e+01
1.479937255598064993e+01
1.535706892200917828e+01
1.403359492242041284e+01
1.507746220433157447e+01
1.174026413160272142e+01
1.400365548684226980e+01
1.400145751436149055e+01
1.436235668952645206e+01
1.437556857344145023e+01
1.400008844993530133e+01
1.375126057729085893e+01
1.573805841873749145e+01
1.488321298223122113e+01
1.150492632746659183e+01
1.485551134988334887e+01
1.426806876693934889e+01
1.436822186165908377e+01
1.599596038885269245e+01
1.539148408918827116e+01
1.540368380527288750e+01
1.429625317488874181e+01
1.443738569338871969e+01
1.505209658126002381e+01
1.437724746922387808e+01
1.436184010152747348e+01
1.494408010573644674e+01
1.519007854489435871e+01
1.596188255588075933e+01
1.547894875704770712e+01
1.564230679548124847e+01
1.341047188787162980e+01
1.437455964779867301e+01
1.601170041574735947e+01
1.328810649694613666e+01
1.592449755690315172e+01
1.423189341489635851e+01
1.501648826231936340e+01
1.434608394289355182e+01
1.479300445589817414e+01
1.608229184677641044e+01
1.485459665333419821e+01
1.533838347213524145e+01
1.238017658502221607e+01
1.409734632502765095e+01
1.458484705579542506e+01
1.449204901800380263e+01
1.597881633949791258e+01
1.576903325325099914e+01
5.669514886881856341e+00
1.269181384408494395e+01
1.272765782474019147e+01
1.528076935399253600e+01
1.394119117491663395e+01
1.578075912575094542e+01
1.531266379205167638e+01
1.531978825387595222e+01
8.638849623674353495e+00
1.590380642339185968e+01
1.428422438659073812e+01
1.539780284154522860e+01
1.414589557995367386e+01
7.386426211441657230e+00
1.244696002307346028e+01
1.467105962951024622e+01
1.509260015472899141e+01
1.493372652977145876e+01
1.585305074269222914e+01
8.260943379661222608e+00
1.401474689146855823e+01
1.341872015446881505e+01
1.511468828472240133e+01
1.600202674031176997e+01
1.434564300432241879e+01
1.386548183499961340e+01
1.551926011086426627e+01
1.267178981788723924e+01
1.242233297120425206e+01
1.373204838880909584e+01
1.599366812186547193e+01
1.609770637336066557e+01
1.500338939800928451e+01
1.605236589713178219e+01
1.599089186053540246e+01
1.136347850544754934e+01
1.586986520700295777e+01
1.557927017604691500e+01
1.594403811335142507e+01
1.382081115688623285e+01
1.492442969962053390e+01
1.433442415561970762e+01
1.480440197291729376e+01
1.392534470991185458e+01
1.472612549258600723e+01
1.032322613918169552e+01
1.375061948009446411e+01
1.350202068408230360e+01
1.139185578815182964e+01
1.463537055601676329e+01
1.341323249102892845e+01
1.473530198537482505e+01
1.382856441577159679e+01
2.199363501169020463e+00
5.600905029614771102e+00
1.575171130052277491e+01
1.433563805593013818e+01
1.031498177548975548e+01
1.450628917738235124e+01
1.113788357321647737e+01
1.497634907750834898e+01
1.431459836249712936e+01
1.419168075829577447e+01
1.422854303552152189e+01
1.585993781601065145e+01
1.400274753281803086e+01
1.525427033897004492e+01
1.328736235749901695e+01
1.386126176200011528e+01
1.524201192651219827e+01
1.440921322834932994e+01
1.183065075594549853e+01
1.519804268895876298e+01
1.505996069230080714e+01
1.293803225710975546e+01
1.413834366977522095e+01
1.421538172765743013e+01
1.406660800334550387e+01
1.252890493476285982e+01
1.599512907206674939e+01
5.736308059428618655e+00
1.420141559754103433e+01
1.529521518432033034e+01
1.402584452974109652e+01
1.480290728406259859e+01
1.571674654618348654e+01
1.561226269945431433e+01
1.464338916970206128e+01
1.599472626068623526e+01
1.317851133057283519e+01
1.419416442900774733e+01
8.737429413987836568e+00
1.572332310841137648e+01
1.471775216599005631e+01
1.571292361945039318e+01
1.430216935782895682e+01
1.459877525531591225e+01
1.511988551199464048e+01
1.446829829796367761e+01
1.464743907978191650e+01
1.433985891724015005e+01
1.529999723204183582e+01
1.503600044384775636e+01
1.591431532595798970e+01
1.528790491770342186e+01
1.567230419381918338e+01
1.564049055262689691e+01
1.581085429567345813e+01
1.456890563230611413e+01
1.492383540190516200e+01
1.553208318271541089e+01
1.433108802178630370e+01
1.210744401261069214e+01
1.406678551143066969e+01
1.571658912459265522e+01
1.460158839773381345e+01
1.416672775454198074e+01
1.423406791142464556e+01
1.481231791544672305e+01
5.765984955092617881e+00
5.601748275437556046e+00
1.439352372690448689e+01
1.507821576559810950e+01
1.595872117705143367e+01
1.474399488586725582e+01
1.517340969826770092e+01
1.501947719432961037e+01
1.595895666853335726e+01
1.428718518527235481e+01
1.533434797121944371e+01
1.375127144443816363e+01
1.361119799662214191e+01
1.302313719747158416e+01
1.406072122870387098e+01
1.444172851417221537e+01
1.457721294272582924e+01
1.523768809893284981e+01
1.550510901670250519e+01
1.425262795702101570e+01
1.447435112923989919e+01
1.468578540651083841e+01
1.436730855358174708e+01
6.228665486290921649e+00
1.443622333432876736e+01
1.494428768568888088e+01
1.533712465612821596e+01
1.311600447023928240e+01
1.450163942950802110e+01
1.441280290279902410e+01
1.445347946021332675e+01
1.093348216319020771e+01
1.364402216933362055e+01
1.256278545768962829e+01
1.446006394241158333e+01
1.122766366106305824e+01
1.233797900545048165e+01
1.599340913170069811e+01
1.553294731929627126e+01
1.486223539830184492e+01
1.520721265098009134e+01
1.399244887052803676e+01
1.593462393129451371e+01
1.472279994100015266e+01
1.468753893363938801e+01
1.438131366283536750e+01
1.369799570579043468e+01
1.464996208867042782e+01
1.210895085630960111e+01
1.315755803517819800e+01
1.394954487788086972e+01
1.455555459617821157e+01
1.426582346932605283e+01
1.608684222225933880e+01
1.478350344112203452e+01
1.407754017195624385e+01
1.445892779954244745e+01
1.387035204647522946e+01
1.426161616852079739e+01
1.423040022563555773e+01
1.439948143869613695e+01
1.448484490687700088e+01
1.423837855381567508e+01
1.610830522574828549e+01
1.439999803119368771e+01
1.447592238920919705e+01
1.532703682755465024e+01
1.282411009512781952e+01
5.961426271245190200e+00
1.495021141331934800e+01
1.451671412453658405e+01
1.450384530891429868e+01
1.582183114402193169e+01
5.601773216165010005e+00
1.578486226632775669e+01
1.592342766555562505e+01
7.660775116692471798e+00
1.427505196112410957e+01
1.550574690038565429e+01
1.446002328930000758e+01
1.410770140938486250e+01
1.442922755158557813e+01
1.516173266263441732e+01
1.459653911403426818e+01
1.294827830873508034e+01
1.461960599031642616e+01
1.472001159209402488e+01
1.534036915899195108e+01
1.437377733160336923e+01
1.404709058983594083e+01
1.567414076475269624e+01
1.425655895797651773e+01
1.448710561524291407e+01
1.425119147859875568e+01
1.120541431098654783e+01
1.264765750659262444e+01
1.516528167222114121e+01
1.379331300559328355e+01
1.512569769105624928e+01
1.471171240262016511e+01
1.439187665101952263e+01
1.421496067538517138e+01
1.503454608705250806e+01
1.571341106697290613e+01
1.525578495071771812e+01
1.591766163066266770e+01
1.510791734029635691e+01
1.465650224744159402e+01
1.426090399172447576e+01
1.478933444003709141e+01
1.505401664043291987e+01
1.432345633098456439e+01
1.448769870364159651e+01
1.541593536031121481e+01
1.576962172887212077e+01
1.512227730234624801e+01
1.527069260995157762e+01
1.421359175510770712e+01
1.549002652080936926e+01
1.587393536565205920e+01
1.576673981025002114e+01
1.515368625766751087e+01
1.216701264194577981e+01
1.434608394289355182e+01
1.478673663545548500e+01
1.351130424639761252e+01
1.525777326912613674e+01
1.592213129721791809e+01
1.596656758546367350e+01
1.416709279995307824e+01
1.431525831527090453e+01
1.388521975999303137e+01
1.400979016768824792e+01
1.494719642569575768e+01
1.438408108894259030e+01
1.430604528622688321e+01
1.498946154046618595e+01
1.579743865922636914e+01
1.574290296162899061e+01
1.468211506775234909e+01
1.555606223440367941e+01
1.588757697442320094e+01
1.523029885567887831e+01
1.513082013730159403e+01
1.387463515956286031e+01
1.406988305071893031e+01
1.406672811995969852e+01
1.421517754851060289e+01
1.421545716009001659e+01
1.425303729068518166e+01
1.430528942156962913e+01
8.712057887124331046e+00
1.431948216696218878e+01
1.433280586537226498e+01
1.471885181160972067e+01
1.431720261652374404e+01
1.601287150996859410e+01
1.428831057349454881e+01
1.197223728367753992e+01
1.222879316960271723e+01
1.392116662028001528e+01
1.333545430018366851e+01
1.390276899940522526e+01
1.400005390189147292e+01
1.439471611624681913e+01
1.317786350157194875e+01
1.575804939727936826e+01
1.373907010857068123e+01
1.444489206262674585e+01
1.566173624428881972e+01
1.575740234169800935e+01
1.541550635982300932e+01
1.400084461622450149e+01
1.501781361214526633e+01
1.402599140068520356e+01
1.313004630743341394e+01
1.385950118288483957e+01
1.468905584690403643e+01
1.400427778804380097e+01
1.579715678003092805e+01
1.592065960262164559e+01
5.890280408779206667e+00
1.462253134201074189e+01
1.523100171422662719e+01
1.474556761652388559e+01
1.344931001115115521e+01
1.409250553218302748e+01
1.559104029125346180e+01
1.397160513914512237e+01
1.328834986057829326e+01
1.591258624410246725e+01
1.502236523948660185e+01
1.386628135167647713e+01
1.407895407118290265e+01
1.501858387259342820e+01
1.375011055595456533e+01
1.573556893588859396e+01
1.590851790707558422e+01
1.438530981494244543e+01
1.426895066854363847e+01
1.440079319653791501e+01
1.419910524012007613e+01
1.607573170772387527e+01
1.541593536031121481e+01
8.000135328893350106e+00
1.484529028895157410e+01
1.538098691628978898e+01
1.415906598048763954e+01
1.145401928410360881e+01
1.436787359320625868e+01
1.438198350934656666e+01
1.462055421234224184e+01
6.406484505641494742e+00
1.518939592549519801e+01
1.459977337345949877e+01
1.073865069237932346e+01
1.586564224196210482e+01
1.385543474276440179e+01
1.295725946911842108e+01
1.454610715335154225e+01
1.576903325325099914e+01
1.434027924576507118e+01
1.434778572521749851e+01
1.515834427916792038e+01
1.512250508769657564e+01
1.472059690967938828e+01
1.440733126042984225e+01
1.441228944743695806e+01
1.511722818845179006e+01
1.391639749249505442e+01
1.434400335377621616e+01
1.564792895596404065e+01
1.436046890763549655e+01
1.533434285388527840e+01
1.442941343608600135e+01
1.444004869605233665e+01
1.518428757859259548e+01
1.443527408119463296e+01
1.445722540625532915e+01
1.607786922671882124e+01
1.345145734228026413e+01
1.428998848574550173e+01
1.424174232376203975e+01
1.527925942403389925e+01
1.437726927984289205e+01
1.542958550204341783e+01
1.519608303387402692e+01
1.376214610136229766e+01
1.564872437854745257e+01
1.433108802178630370e+01
9.079986354424333328e+00
1.603997214850244646e+01
1.420939577496817385e+01
1.064653930581817320e+01
6.865904582447621252e+00
1.439782715682522607e+01
1.455887151801005608e+01
1.495129927711382578e+01
1.433536533705380123e+01
1.452859847608833377e+01
1.529734166941394946e+01
1.439220281713793348e+01
1.586977519151612270e+01
1.504920439746113203e+01
1.534066613356843689e+01
1.344528360381296750e+01
1.474550844141461070e+01
1.572745692196525980e+01
1.585889959584616804e+01
1.574206651185281558e+01
1.408997437047394996e+01
1.542958550204341783e+01
1.532734664207662334e+01
1.416695086940156401e+01
1.548543715101405738e+01
1.535106083845244562e+01
1.416793631012965804e+01
8.496243734874449061e+00
1.552175695543238021e+01
1.608229684019536876e+01
5.937393234023317312e+00
1.438260158450705717e+01
1.445945079037660719e+01
1.246962805484078984e+01
1.110856295725892195e+01
1.251031406995242712e+01
1.462726124992197363e+01
1.596713751771205736e+01
1.538715319628126466e+01
1.578451911901192872e+01
1.472856558861333554e+01
1.561735325193177815e+01
1.265435504927116206e+01
1.601380426438772275e+01
1.471375642574617082e+01
1.361742875106087247e+01
1.443611650927708112e+01
1.384605527923440960e+01
1.518828794974844598e+01
1.541189810014705941e+01
1.510673349572757296e+01
1.489094826867493815e+01
1.445507969657818848e+01
1.480509149121128942e+01
5.845408930570011208e+00
1.425546048104029850e+01
5.803035645558780153e+00
1.505810125196131111e+01
1.488434505377028216e+01
1.606601553310990482e+01
1.219228193763552959e+01
1.351001029534078768e+01
1.551714869171301991e+01
1.446044106101725291e+01
1.530674914654411367e+01
1.597667281491012403e+01
1.469164969393248299e+01
1.419910524012007613e+01
1.473789705927746141e+01
1.564374714650915266e+01
1.446297764339387726e+01
1.413416031759427582e+01
1.606182272527996346e+01
1.425093001691922012e+01
1.466160486098328164e+01
1.581712555831316358e+01
1.406207582275610690e+01
1.217365041204684140e+01
1.407335445146329533e+01
1.404008920044798714e+01
1.550792542907386817e+01
1.599596038885269245e+01
1.470770913772399169e+01
1.302752414779508428e+01
1.590310420418617454e+01
1.404318467610279342e+01
1.361098941851170174e+01
1.495969598728992267e+01
1.155843707565943745e+01
1.554043743468611005e+01
1.528506948855782355e+01
1.591693541710051818e+01
1.562770750334025749e+01
1.503473793611320630e+01
1.434545471399663441e+01
1.448742591304153571e+01
1.472001159209402488e+01
1.603381608018679216e+01
1.419882050565883880e+01
1.389539953821205032e+01
5.957936282005547923e+00
1.416059646704884045e+01
1.564004921170102769e+01
1.259363094870612088e+01
1.582168785408808631e+01
1.460857248692760457e+01
1.562588808042265676e+01
1.569736048081295365e+01
1.375212150262941790e+01
1.148311772375010165e+01
1.442300662100172914e+01
1.541593536031121481e+01
1.602558464603676214e+01
1.444001323944960546e+01
1.428502922663957264e+01
1.414347531590475349e+01
1.485114078255693393e+01
1.400632320026774380e+01
1.516075254651507009e+01
1.279116424352196013e+01
1.194703369083280009e+01
1.453245953502185728e+01
1.468911048061318070e+01
1.378780349151331563e+01
5.753577178423555871e+00
1.470518232314068285e+01
1.445751535316954239e+01
1.296858454889363443e+01
1.465515401140289597e+01
1.409950953994434286e+01
1.343527912938677993e+01
1.579070945779633739e+01
1.586870392624625303e+01
1.069354097992966857e+01
1.605648340394662199e+01
1.517393992791427415e+01
1.165165884047744349e+01
1.509102272775465181e+01
1.600479332007921585e+01
1.569044945307912720e+01
1.437262221149291896e+01
1.575128871775686612e+01
1.439179622563936789e+01
1.537201255708707848e+01
1.601917619098465195e+01
1.541593536031121481e+01
1.478768690129580321e+01
1.368365454290782068e+01
1.435271332760612140e+01
1.575198249370417258e+01
1.593766442847861953e+01
1.310239593169599637e+01
1.527095439430684820e+01
1.556306461952902609e+01
1.576875098329954383e+01
1.149309620052570402e+01
1.189786477084783023e+01
1.461258394030192065e+01
1.535421744086270834e+01
1.569736048081295365e+01
1.418913614374121224e+01
1.567656681657879680e+01
1.434179634252368629e+01
1.220026905386893645e+01
1.604748352588452320e+01
1.492182055350632197e+01
1.337810411562394464e+01
1.416061875051057051e+01
1.534582289371557984e+01
1.488475517862979558e+01
1.478138040200187753e+01
1.604330066009452338e+01
1.382864793905380196e+01
1.462443356712352482e+01
1.561334695144620177e+01
1.363676806163021382e+01
1.566331090045314767e+01
8.207917305241878125e+00
1.596218662508303865e+01
9.343414697590029405e+00
1.486558040900362698e+01
1.421588728554271697e+01
1.584151955311982718e+01
5.773101406202912678e+00
1.549434990116567690e+01
1.425740209385806345e+01
1.592600179390234771e+01
1.443871048728353479e+01
1.434608394289355182e+01
1.495806576734982940e+01
1.359378098069400487e+01
1.460155151362773651e+01
1.518866471023990528e+01
1.351119348101784645e+01
1.509286126249419624e+01
1.605114575892539719e+01
1.480977750310158925e+01
1.557917964661658772e+01
1.561735325193177815e+01
1.461190428161349786e+01
1.243340079413839305e+01
1.470770913772399169e+01
1.573188492495775925e+01
1.386064567436728368e+01
1.453423891372863963e+01
1.536908049112333430e+01
1.540608007973145277e+01
1.433053190109466968e+01
1.388095711886133543e+01
1.528195751139374892e+01
1.428502527266283550e+01
1.412422011934069310e+01
1.446792179748713636e+01
1.445304595112280666e+01
1.572554675396410317e+01
1.298378008415410889e+01
1.487210565869561663e+01
1.209291552133989001e+01
1.563211682346004139e+01
1.435532082158687395e+01
1.492630918116337568e+01
1.416733922411528290e+01
1.375804483608529694e+01
1.502329518397350050e+01
1.515543217109546603e+01
1.494428768568888088e+01
1.416656377067447359e+01
1.020773203568195342e+01
1.532965407422723558e+01
1.400083368678477314e+01
1.419414421801179493e+01
1.452614596186717044e+01
1.282026134778717541e+01
1.431565396806569268e+01
1.386628135167647713e+01
1.515267434212264064e+01
1.539996438391917266e+01
1.490546771620321564e+01
1.556041013100162473e+01
1.520146235903703058e+01
1.428264525461519696e+01
1.421432851783377416e+01
1.583404031496157671e+01
1.401476696391462085e+01
6.581835365362240786e+00
1.460870347592854301e+01
1.520265019422907926e+01
1.431240580989139133e+01
1.582396475951129844e+01
1.547607760958543999e+01
1.528126532213608613e+01
1.444856031602696156e+01
1.516541518392565280e+01
1.272765782474019147e+01
1.498278645425091327e+01
1.485305976916790627e+01
1.432584982630854498e+01
1.548041089531018599e+01
1.471586815073042942e+01
1.514124757482327510e+01
1.423514889442544984e+01
6.152020541732627024e+00
1.434168313486593149e+01
1.537176838802595924e+01
1.590862505453719677e+01
1.431937430387958621e+01
1.510356426882748337e+01
1.596713751771205736e+01
1.583981711200674880e+01
1.568886886286946591e+01
1.540755701230811425e+01
1.583701215940193663e+01
5.794927145818916436e+00
1.400206136756468922e+01
1.510292643140931190e+01
1.560275863010747344e+01
1.607293785903443961e+01
