1.661799767937297290e+01
2.027293234948655964e+01
2.017950510322976143e+01
2.106890936132289127e+01
1.443860325020985869e+01
2.048403415975536745e+01
1.408880657844974849e+01
1.496672938979886425e+01
1.384289317616154058e+01
1.993612699652464215e+01
1.722565680200105831e+01
1.625152176690555805e+01
2.029044515323827014e+01
2.130364622141501840e+01
1.737351939699832570e+01
1.956486202937538010e+01
1.976579643266548203e+01
1.710639132478984692e+01
1.496682662355978977e+01
1.854470313381961688e+01
2.021973561472836778e+01
1.969590444001859808e+01
1.790514004513398660e+01
1.979351011757734469e+01
1.456267839736240610e+01
2.122985793766478579e+01
1.490253572324055753e+01
1.921847078122956631e+01
1.521896877494151923e+01
2.047862823186604331e+01
1.643095571814891187e+01
2.163957130302372533e+01
1.517740000586008975e+01
1.207915010508536469e+01
1.531806909804298300e+01
2.161381349776485550e+01
1.532468071090672801e+01
1.753880797041024309e+01
1.572829997239047195e+01
1.518291577219189215e+01
1.738812355228836992e+01
2.031520627737842943e+01
2.126982409718078770e+01
1.393105408695559078e+01
1.883770221823899504e+01
2.063749224570978313e+01
2.011123683669976714e+01
1.607610877959730900e+01
1.544661346101816335e+01
1.944266825854071712e+01
2.003476955324475028e+01
2.161060661657551663e+01
2.032155169943732531e+01
1.802148662258716882e+01
1.868058123271427462e+01
1.320916120194208432e+01
1.536564061753753840e+01
1.265303261247201938e+01
1.956244799237645893e+01
1.363974588445302061e+01
1.772953484655166179e+01
2.068895610180114986e+01
2.113966930826175172e+01
1.839124178142668598e+01
1.789779281097914421e+01
1.522802499372212814e+01
2.122623001695663447e+01
1.914876698938222432e+01
1.883539060398943832e+01
1.651666293699767607e+01
1.694506653944301533e+01
1.316776237960517548e+01
1.986426515873142407e+01
2.177937398504706579e+01
2.165161087508523963e+01
2.153203091635742439e+01
2.146921816128950056e+01
2.022915819176274965e+01
1.583886837028424921e+01
2.005812347204666679e+01
2.037168703681189541e+01
1.410183197388505683e+01
1.529187114169180717e+01
1.912464743074425755e+01
1.971702689556097710e+01
1.868760463904650493e+01
1.647620244762001107e+01
2.142447497907938470e+01
1.552662669900024106e+01
1.957286099287759740e+01
1.447068993617054389e+01
1.931459566423437479e+01
1.642026705656585506e+01
1.747244453171636991e+01
1.586224842079611363e+01
1.521967604526231099e+01
2.041301811828499879e+01
2.001030607381376214e+01
1.397342229819570925e+01
1.447793119514230753e+01
2.122231598850488865e+01
1.906229364855994390e+01
1.933166088378374425e+01
2.181199314811039258e+01
1.553510461307958757e+01
1.806003147281872501e+01
1.374736620827886213e+01
1.583385477823126664e+01
1.477911833670168917e+01
1.890026114725687023e+01
2.050056472991936474e+01
2.107899401597803646e+01
1.596759388508207067e+01
1.760632908526126883e+01
2.097328083295281687e+01
1.464755951394151623e+01
2.019966145163886395e+01
1.804400627614631247e+01
1.629119969198266560e+01
2.112546811651025180e+01
1.571491063793548726e+01
1.811748886865116148e+01
1.675980533340833389e+01
2.069366847298017831e+01
1.928029237940977580e+01
2.157043075415354494e+01
1.459400898763088072e+01
1.754900885819954581e+01
2.097853519460512928e+01
1.964544329232092679e+01
1.916965622188297758e+01
2.019335076912018323e+01
1.807028604480667155e+01
1.613274934961637541e+01
1.734347013832450912e+01
1.682754961750276124e+01
2.038114147784255437e+01
1.953125134259453333e+01
2.088938419408426839e+01
1.923752536134266222e+01
1.532670102528096479e+01
2.178861402805206637e+01
1.424382714007316331e+01
1.724201554385011192e+01
2.108796308468674852e+01
1.344941559818165544e+01
1.761097062775848343e+01
2.107669035194682650e+01
1.411446410861278622e+01
1.857267731611121420e+01
1.946178678443371268e+01
1.672471248326005977e+01
2.174487432136329446e+01
1.990599861606868259e+01
1.331544256352924549e+01
1.432402271881312572e+01
1.942786768037795753e+01
1.828558508080002198e+01
2.062792620286894874e+01
1.215374416298299920e+01
1.636139010916082270e+01
1.977898610652960798e+01
2.143806679762672474e+01
1.416691033780792353e+01
1.560540446166331918e+01
1.652277767263143460e+01
1.407121916150366658e+01
1.982931633183229181e+01
2.053702113078385594e+01
5.745239479716646613e+00
2.031597020320504399e+01
2.117134864043012143e+01
2.136407125938927010e+01
2.063875730972162614e+01
1.388391742078091440e+01
1.842022032050997637e+01
1.955241918125176426e+01
1.749507772457414845e+01
2.153252181423767553e+01
1.874444387348008689e+01
1.939865538433646819e+01
1.447068993617054389e+01
2.068856212345025725e+01
1.596759388508207067e+01
1.637802983587341998e+01
2.139233441959288484e+01
1.695811652071309439e+01
1.816128476967831773e+01
1.667597078093491092e+01
1.989393236988473745e+01
1.676308039631003766e+01
1.497505015354297164e+01
2.023468334334836172e+01
1.733106094992009361e+01
1.613553473137054795e+01
2.181289795117665165e+01
2.107427494340756624e+01
1.447538400677535897e+01
1.692710466672643577e+01
1.783304655653368087e+01
1.679629415223345035e+01
1.941987259818210276e+01
1.925896733522645476e+01
2.172978481689647623e+01
1.755691113841992390e+01
1.874055940506620033e+01
1.611004275905461114e+01
1.888697886793903891e+01
1.808854850130309089e+01
1.817736953807957789e+01
2.024727716311170056e+01
1.634292428250589069e+01
1.482075215600833218e+01
1.547840144993869060e+01
1.922280750956854334e+01
2.024075756270502069e+01
1.517486449172710472e+01
2.156759552781189626e+01
1.864568507614981741e+01
2.040705021485408466e+01
1.412563125698278554e+01
1.931665433734901072e+01
1.733356580069203901e+01
2.033671137302594900e+01
1.549852355419046823e+01
2.075182897806242366e+01
1.865775642199639961e+01
1.738983404506730324e+01
2.029816422861765091e+01
1.440183155456589859e+01
1.956302692456318582e+01
1.901663084506494883e+01
1.584214978673447760e+01
1.869636909934699531e+01
1.431499909531500592e+01
2.136740160243040521e+01
1.234773901518371808e+01
1.819629164539128396e+01
1.459847071502387550e+01
1.854435109622557576e+01
2.102549659643164759e+01
1.931665433734901072e+01
1.915362581302309408e+01
1.852862536470125931e+01
2.170227628435260669e+01
2.023137834798182055e+01
1.478215067410688377e+01
1.421476080688819010e+01
2.011588668180435846e+01
1.740693916712397282e+01
1.942836324225354616e+01
2.114617912118859167e+01
2.131044285626965973e+01
1.866992932232003000e+01
1.788324038913403413e+01
1.749005455648688567e+01
1.684608945979691796e+01
1.322611010411538146e+01
1.448031206719597641e+01
1.796354604269631139e+01
1.743854295867512860e+01
1.561200327825372902e+01
1.345410615704156143e+01
2.039339397332558335e+01
2.103683599066670951e+01
1.467992267924365457e+01
2.033063023954801452e+01
1.702570248283442211e+01
2.154042428365920614e+01
1.688658106195110520e+01
1.780056815740783804e+01
1.691338764097778125e+01
1.960248336578236561e+01
1.181234222919118437e+01
1.719007403659969313e+01
1.995969085050152003e+01
1.927387981698944586e+01
1.419563571986599904e+01
1.573345862257629868e+01
2.056459512636553200e+01
1.568281933754234103e+01
1.847633695609944837e+01
1.952189088866037281e+01
1.634434894405352168e+01
1.546951904890021723e+01
1.857151058939932042e+01
2.043688584426657329e+01
2.144550970952888136e+01
1.977530537944142353e+01
1.976073132038964886e+01
1.766802617965660005e+01
1.573844370812837568e+01
1.792264787242284285e+01
2.148914620231142436e+01
1.925702193133037810e+01
2.159199820199192033e+01
2.133392384494535676e+01
2.028639205700153525e+01
2.029719581092344427e+01
1.337175386078134842e+01
2.044063895908293205e+01
1.855106765384376999e+01
2.145908923613267660e+01
2.162061904858033401e+01
1.821736612071708805e+01
1.599874937762462679e+01
2.048901192695818096e+01
2.146333322630327700e+01
1.942230970231341658e+01
2.016620210819657899e+01
1.975906203095437874e+01
1.649862857177871689e+01
2.173541915061310448e+01
1.912475141446447324e+01
1.826772112052760022e+01
2.093471538953517452e+01
1.775493622492242451e+01
2.024293806518237560e+01
1.605283585738149910e+01
1.975173823229717840e+01
1.909781457775068958e+01
1.569824588661498055e+01
2.152514153692526122e+01
1.991332209137933162e+01
2.130887796561624015e+01
1.506754963355857413e+01
1.444250311266923603e+01
1.539931058680063813e+01
2.116190842534222938e+01
1.594684633189990386e+01
1.530170323587836378e+01
1.490847771435264946e+01
2.125969223132283403e+01
1.649188016933731404e+01
1.671627413122437389e+01
1.578959300945669852e+01
1.839030187970494978e+01
2.092729387020214560e+01
1.400877278472120580e+01
2.026604452127528688e+01
1.940065825756517626e+01
1.841696738890417961e+01
1.604218757697851672e+01
1.880637732068252177e+01
1.923638649420121283e+01
1.867323448845384704e+01
1.416773579082367363e+01
1.708386761964348466e+01
1.992471937606341115e+01
1.852006805882588836e+01
1.598756022693546086e+01
2.122636355793754959e+01
2.020492187617955437e+01
1.996256525892755462e+01
1.721890520928788249e+01
2.053381133529252622e+01
1.819109157015803646e+01
1.588303965580784549e+01
2.151777163885592614e+01
1.667593153960216057e+01
1.722565680200105831e+01
2.064622998119045150e+01
1.951885010464711456e+01
1.708687529156204121e+01
1.824968425142074935e+01
1.381636155835451696e+01
1.564747301174091021e+01
1.745743155444997896e+01
1.442043770144988990e+01
1.688788477571518953e+01
1.977432781960967034e+01
1.914393325748580210e+01
1.799058385195333898e+01
2.042657176299581323e+01
1.802396883682085615e+01
1.436774328035784087e+01
1.898700049995168015e+01
1.889701754083409213e+01
2.016042069414366722e+01
1.560555956639060149e+01
1.894597672769778285e+01
1.768207993002717160e+01
2.058625333659662360e+01
1.223227048414377016e+01
1.430540578794572326e+01
1.874189182849455904e+01
1.986469170570369513e+01
2.115690515043188569e+01
1.725676002773472462e+01
2.067610430808931099e+01
1.389162544198516613e+01
1.698531951837871290e+01
2.058625333659662360e+01
1.620336780370433871e+01
1.476850957063287062e+01
2.012749961121877362e+01
1.976990172021886849e+01
1.978013921021868526e+01
2.156620903215396368e+01
1.656090996207993982e+01
1.645108413410297743e+01
2.174419452046385004e+01
2.081738471885864072e+01
1.852923546294442403e+01
1.671627413122437389e+01
1.824834050575966415e+01
2.097552494724498828e+01
1.785324147053733768e+01
1.543746918717556937e+01
1.567966516072210581e+01
2.095468980203393627e+01
1.281210122704305654e+01
1.654350652154766266e+01
1.850779457465333167e+01
1.994319922416788415e+01
1.683816017816431199e+01
1.916082713445120334e+01
1.994946912426943797e+01
1.611831507901655769e+01
1.773216815624913423e+01
2.063128801766155007e+01
1.931240009774177580e+01
1.888454645461407466e+01
1.437047902283228495e+01
1.464755951394151623e+01
2.075546379739814995e+01
1.929551989515193711e+01
1.649722010687326801e+01
1.237436612181599038e+01
1.600890672803814851e+01
2.027503304143279195e+01
1.988721752114567565e+01
1.454111095490300087e+01
1.594152559685878501e+01
1.850779457465333167e+01
1.590828905518882053e+01
1.375041711859315186e+01
1.754016018638175822e+01
2.169456043742970408e+01
2.179590545455345918e+01
2.164698139525635412e+01
1.959970191282030783e+01
1.703218974286471266e+01
1.833349559918705296e+01
2.110097476532570226e+01
1.871122694268604647e+01
1.793184593478652999e+01
2.023703538925375156e+01
1.336298803352440601e+01
1.519279827254569426e+01
1.300519351753209563e+01
2.164698139525635412e+01
1.952374130106660743e+01
2.114617912118859167e+01
1.665730262394606598e+01
1.931665361432062156e+01
1.955167415710345580e+01
1.946020961923422021e+01
2.118272234293710454e+01
1.954915244644806904e+01
2.134040244825006027e+01
1.833913408035748915e+01
1.939273668858840693e+01
1.756779932672291977e+01
2.121205689691736751e+01
1.995983218927203140e+01
1.686046089876354870e+01
1.790648134346452025e+01
1.829811251401551431e+01
1.918403898772885086e+01
1.775120696710256141e+01
1.965052998233876380e+01
1.444287243009087618e+01
1.818541218184088137e+01
1.936594416379335826e+01
2.129861165753678165e+01
2.156626498307409534e+01
1.618190579727133027e+01
1.786238717314358837e+01
2.178583080644968462e+01
1.831933492346268366e+01
1.956542217096080094e+01
2.053298267664491306e+01
1.710144968452226877e+01
1.701646300976467785e+01
1.980934262681970992e+01
1.725922391001836331e+01
1.972447741529894571e+01
1.796536516615771717e+01
1.604900278216959464e+01
2.035764242130906609e+01
1.534121079615902161e+01
2.077008038923650091e+01
1.927793675086733316e+01
1.997432813566785015e+01
1.872110971288064007e+01
1.905499994673262165e+01
1.953709218545147053e+01
2.010087944592789100e+01
1.991512650180022703e+01
2.081582825412106530e+01
2.022352038123007389e+01
1.868172268430913618e+01
1.868407000768468151e+01
1.943338218159329500e+01
2.081546533424995360e+01
1.469785501113746129e+01
1.962977198072225704e+01
1.931604761023692873e+01
1.499681729675196706e+01
2.010366131337327289e+01
1.761612362196290960e+01
1.935263560753710621e+01
1.969621322059607849e+01
1.722640100341716263e+01
1.546387339652335235e+01
1.539835626228721210e+01
1.400291439245975056e+01
1.456623246429606056e+01
6.340246879768654864e+00
1.975410281115954092e+01
1.806270390906120937e+01
1.386013190104960380e+01
1.499681729675196706e+01
1.675933447775697616e+01
1.623278014289973470e+01
2.151358984192010837e+01
1.649582980040678848e+01
6.936853456045769306e+00
1.994301140733864486e+01
1.845041287114665352e+01
2.068323228300027594e+01
1.754723623486655981e+01
1.985961620665763405e+01
1.377714159419145545e+01
1.962995443394974515e+01
1.976025131671086754e+01
2.053929790966753544e+01
2.089128772969436909e+01
1.772940578418797486e+01
1.975906203095437874e+01
1.968234506533411121e+01
1.420623398891752487e+01
1.723667245409999182e+01
1.741440832965541929e+01
2.061304225225406839e+01
1.854482043838201122e+01
1.529622461431210212e+01
2.065888364083318152e+01
1.946263855671760012e+01
1.876843206202824277e+01
2.008547640501653220e+01
1.922013608896662618e+01
2.043911594138389987e+01
2.120457656034832539e+01
1.578358363560184507e+01
1.785637059266541726e+01
2.179061796820854724e+01
2.010657552021670469e+01
2.145448300602082270e+01
1.865588773832574887e+01
1.954235381022863649e+01
1.996567505976776147e+01
1.884655681611956624e+01
2.107791921026849735e+01
1.935551976981405531e+01
2.141173046973807104e+01
1.768492302145150319e+01
1.423992345765734413e+01
1.665057614124030749e+01
2.067775310917335929e+01
1.872057043126220677e+01
2.134575436158563022e+01
1.987882537404152572e+01
1.876843206202824277e+01
1.366943624403491953e+01
2.170189020116612255e+01
1.587605808900651283e+01
1.425146334058905673e+01
1.675288637758973209e+01
1.950341014824349628e+01
1.431919123378055403e+01
1.821518735881613438e+01
2.083947424428099282e+01
1.635079767093141712e+01
2.030588543716493177e+01
1.795377423592953292e+01
1.996355960542387109e+01
1.388571320986164359e+01
2.024700777540187957e+01
1.437166304168166420e+01
2.036546690507719859e+01
1.664672378175600187e+01
1.489778670479740263e+01
2.173162312129671037e+01
1.438951209175811385e+01
2.021716871013068229e+01
1.782604881734079783e+01
1.525202194954053070e+01
1.862678703782200529e+01
1.937000606736210528e+01
2.117880712883415839e+01
1.958933603429198200e+01
1.606141819659329428e+01
1.470942044235132684e+01
1.436425038604787119e+01
1.769627492919140366e+01
2.055128020276729472e+01
2.026867391570723598e+01
1.596795300359815428e+01
1.759992763833862739e+01
2.128559844399342893e+01
1.439904666826441115e+01
1.175429837594656846e+01
1.508275720256999008e+01
2.001746617649112281e+01
1.991191098259711012e+01
2.181289795117665165e+01
1.437273464363389763e+01
1.477393814401830952e+01
1.498098921858707477e+01
1.810703109509128694e+01
1.987255859088404009e+01
2.041256312560328823e+01
1.841112915764566083e+01
2.060857887908765562e+01
2.018200858417568000e+01
1.889523503247669467e+01
2.082930187734751470e+01
1.449307796872452592e+01
1.550517916080151082e+01
1.948818922578770696e+01
1.816402103411326152e+01
1.599286796196341776e+01
1.695254675283752732e+01
1.811094118032144706e+01
1.442143972014275910e+01
1.723924539595375549e+01
1.632732784427495076e+01
2.057684475708151695e+01
1.452883933055756316e+01
1.568614655198883767e+01
1.932524267263343276e+01
1.446867998244247389e+01
2.051005467609584088e+01
1.543436302478798794e+01
1.829269315764376458e+01
1.941217866124651792e+01
2.166149327531206481e+01
1.281646009410864018e+01
2.082082237823466642e+01
1.686088311675673879e+01
5.867398757505121409e+00
1.975742863130824745e+01
1.851558309577343309e+01
2.023920459181574572e+01
2.108449691437510864e+01
2.113102324776715335e+01
2.016111255054507723e+01
2.155267315488627133e+01
2.107899401597803646e+01
2.048098706735220631e+01
1.899613485376412214e+01
1.335408899360680657e+01
1.798018194470433073e+01
1.650297239867363430e+01
2.104891420172736716e+01
1.592216316537762921e+01
1.880078367191336142e+01
7.342471275735589664e+00
2.030116147286219430e+01
1.370631096607072408e+01
1.705723813145431578e+01
1.917573752650763552e+01
1.430617186280188946e+01
2.180247485114202277e+01
1.321749201910017391e+01
1.987176750083376930e+01
2.137860971716783709e+01
2.040228794592305661e+01
2.074391899019580165e+01
1.979955476389660873e+01
1.957834863952103177e+01
1.933763562582791451e+01
1.998423156795991673e+01
1.406153368579956364e+01
1.586417222354221757e+01
1.819524813858483014e+01
2.147328461911805064e+01
1.657638997101678413e+01
1.439527293854990120e+01
1.960987867651219219e+01
1.436864611971814121e+01
1.406672578356964820e+01
1.950162098251644238e+01
2.099607819931479824e+01
2.023356981332624116e+01
2.119908962659862794e+01
1.342492566808230947e+01
1.983654993860734095e+01
5.842002393106180413e+00
1.915362581302309408e+01
1.654247624570984243e+01
1.759215174251058755e+01
1.811413260844937412e+01
1.415059040522123368e+01
2.095180087379863920e+01
4.974409419538996069e+00
1.728086215307108020e+01
2.008318404759462439e+01
1.858135691140860857e+01
1.629956698735424681e+01
2.055617533458395130e+01
2.019218239300631978e+01
1.721379355488362251e+01
1.722482734127450144e+01
1.613822464809759794e+01
1.949886918805861669e+01
1.938059277272637360e+01
1.809388230064944025e+01
1.851517620089537886e+01
1.560795102332913942e+01
1.225262979318621070e+01
1.445187779921768723e+01
1.681643282491768332e+01
1.434270388456821976e+01
2.003652791167888836e+01
2.007916988972771222e+01
1.649781838166946102e+01
1.453362862494300600e+01
1.793506649810927556e+01
1.576539727713313788e+01
1.845201032788276407e+01
1.576341728334432268e+01
1.548515156209374943e+01
1.946278615148642999e+01
1.951348709239159263e+01
1.986885668761536650e+01
2.010545100031522026e+01
1.672125867652547626e+01
1.892917056931857545e+01
1.931459566423437479e+01
1.500562627848457176e+01
1.575354785016166659e+01
2.164298939382986475e+01
1.664710645395234678e+01
2.103252226941910408e+01
1.717470265844065835e+01
1.617452232614740737e+01
1.435901327981951781e+01
1.769291789579180119e+01
1.364838054899207620e+01
1.975096446571928510e+01
2.166258621355021319e+01
1.557175820890781281e+01
1.444250311266923603e+01
2.060807928124548383e+01
1.609992879658398834e+01
1.471463209936287697e+01
1.960589378787547687e+01
2.049430594077691481e+01
1.530170323587836378e+01
1.873332306658796398e+01
1.965052998233876380e+01
1.690005738740507013e+01
2.104891420172736716e+01
1.445246509268030977e+01
2.040495468394763634e+01
1.940125739566464347e+01
1.595795023385708866e+01
1.585477604401062734e+01
1.866472112745286438e+01
1.973923119373741031e+01
1.923179219434934595e+01
2.082305643121058125e+01
1.888825212642512241e+01
1.650390978573269862e+01
1.793478452346586494e+01
1.505430747191430640e+01
1.759154133625738581e+01
2.064490731779106625e+01
2.058625333659662360e+01
1.734878104506239893e+01
1.592232140436902377e+01
1.674984535997938551e+01
1.417661042998660292e+01
1.424851505636359761e+01
1.579116655088747834e+01
1.757014655152165972e+01
1.945043270466376839e+01
2.010366131337327289e+01
2.173162312129671037e+01
1.972399359154371012e+01
1.445560416919772351e+01
2.020881742122426772e+01
1.992295913663128815e+01
1.547240755558093461e+01
1.845956656663739182e+01
1.621629138314531104e+01
2.172554498247662735e+01
1.800087697293055911e+01
5.666900694306193031e+00
1.643095571814891187e+01
2.085843942812116225e+01
2.121558402268334476e+01
1.776929212879741726e+01
1.813509018236296910e+01
2.124136947750157134e+01
1.435604072941541531e+01
1.557801557267101167e+01
2.113804125059395744e+01
2.012291493718031532e+01
1.675980533340833389e+01
2.174384295978103410e+01
1.534479261860872512e+01
1.786910181717519208e+01
1.585144212119881857e+01
2.134581836231150120e+01
2.172573689215686699e+01
1.862274156473032249e+01
2.008470987390760953e+01
1.495177225031008206e+01
1.746007114483358436e+01
1.432385058908215569e+01
2.076114582522766483e+01
2.126895631555836630e+01
1.426400314820467230e+01
1.574254300214988689e+01
2.132306021225886639e+01
2.000115572170559730e+01
1.762965306268032961e+01
1.898829345664663037e+01
1.959779968996856780e+01
1.068759277700170429e+01
1.445514723040906446e+01
1.915345722675456841e+01
2.094665540651795510e+01
2.039900356751671140e+01
1.784518871210560320e+01
1.934389783912657279e+01
1.727001151982329574e+01
2.044063895908293205e+01
1.821738129409216356e+01
1.737125916539443793e+01
2.038834782818305058e+01
2.010645110114110778e+01
1.400035330317497895e+01
1.710703407982406787e+01
2.059192362252088415e+01
1.781902561702748500e+01
1.436874154589549235e+01
1.427586373296205835e+01
1.434469854224082397e+01
2.154743962996487028e+01
1.524437840162097935e+01
2.143799626435907157e+01
2.041565250316249092e+01
1.240163651891794672e+01
2.150908824466500135e+01
2.131932724104344956e+01
1.574979309377415504e+01
1.904564818924624703e+01
2.111564129549491753e+01
1.429518268208017950e+01
2.052055789106136885e+01
1.440318140986838280e+01
2.061619612046473904e+01
1.987314755118478615e+01
2.036658489086478951e+01
2.169251981614993241e+01
1.940193237508848512e+01
1.894597672769778285e+01
2.010342604629435925e+01
1.688800188005667735e+01
2.161672405985606105e+01
2.079297715488298692e+01
1.555910832092220986e+01
2.042542358959120818e+01
1.708900521065811873e+01
1.945043270466376839e+01
2.081222313533728752e+01
2.013558346041578417e+01
2.160047283609314306e+01
1.793924619040243229e+01
1.985993650245249142e+01
1.845201032788276407e+01
1.663921563733189757e+01
1.897286143326049057e+01
1.415092559689990637e+01
1.643741185898050006e+01
2.028816756262116883e+01
1.899470510917972987e+01
2.111278580352773560e+01
1.460262448500447974e+01
2.047285536127494154e+01
1.980053631976335282e+01
1.976824523981524351e+01
1.974876198877630173e+01
1.899090982202408995e+01
1.776006012924258215e+01
1.820395009289876853e+01
1.649289941131637960e+01
2.034531525098787341e+01
1.728165581368182657e+01
1.985890742323936209e+01
2.021123453972549555e+01
2.041537310159608509e+01
2.000081859223952563e+01
1.510632346108774549e+01
1.773171631532960646e+01
1.781815271860256900e+01
1.571491063793548726e+01
2.130364622141501840e+01
1.461269435162317976e+01
2.025735666873156404e+01
1.672902964669023262e+01
1.656685894898508238e+01
2.071890100265200374e+01
2.166102763097687145e+01
1.717403554665584409e+01
1.566310521074878004e+01
2.095656379939475045e+01
1.750449689169820999e+01
2.097286970479187218e+01
1.558473734924660192e+01
1.714212269360892904e+01
1.058293735767436772e+01
1.459754406706961838e+01
2.105874908631676234e+01
1.842138215648568433e+01
1.664672378175600187e+01
1.470196110770680953e+01
2.026850474287636672e+01
2.050523043152399438e+01
1.878470794752575301e+01
1.856903790302437685e+01
1.693655143676700803e+01
1.714089785838572766e+01
1.747244453171636991e+01
1.638495994914882914e+01
1.766802617965660005e+01
2.167736830522539293e+01
2.083963947483563572e+01
1.853119740514565450e+01
1.534923419731324934e+01
1.757757038861111809e+01
2.040212586614979529e+01
2.081677410129327654e+01
1.951416114579601668e+01
1.923804942277182661e+01
1.684243336642620648e+01
1.668125636805404000e+01
2.068856212345025725e+01
1.816291241989258864e+01
1.952309954408356774e+01
1.956302692456318582e+01
1.825507634982548666e+01
1.773315018498093920e+01
2.160054493864269887e+01
2.003333563471797873e+01
1.594386045528955798e+01
2.028925914445556700e+01
2.146668329767913264e+01
1.676849315268581009e+01
1.920257295008362064e+01
1.854381209544562736e+01
1.823890852016620912e+01
2.110710708397069979e+01
2.121332508891630653e+01
1.994824488559879683e+01
2.020774706800872167e+01
1.927752465196261511e+01
1.806895712347845873e+01
1.755650278645943629e+01
1.985543037004002187e+01
2.063624655777227801e+01
2.065537932100933105e+01
1.490955408012679761e+01
2.033271962736509408e+01
2.104391089826575367e+01
2.011456153077459419e+01
2.159601249294281544e+01
2.001157114058528563e+01
2.066518983185515168e+01
2.088073061999370594e+01
1.437418438012906563e+01
2.131022407039422006e+01
2.173447312808334431e+01
1.833238820489891552e+01
2.153252181423767553e+01
2.055568430074364983e+01
1.924426739618532523e+01
2.108039465457382278e+01
1.629535928346874840e+01
1.968326488171985389e+01
1.861310313757572033e+01
2.036975693218197137e+01
1.837433551891114547e+01
1.433537263952133500e+01
2.054147662460909984e+01
