1.247138759248665529e+01
9.933734115582911528e+00
9.250405191597234733e+00
1.314964823883808087e+01
7.712665424561576444e+00
1.219674546982153629e+01
1.228307056667045671e+01
1.203916435601384549e+01
9.679530814915164427e+00
7.860043195317404141e+00
1.283629989601848997e+01
1.050140067631050300e+01
1.209021526017287940e+01
9.040533206373744690e+00
9.572539030469123134e+00
1.206963999693596712e+01
1.175232075426346512e+01
1.221620526867097922e+01
1.288955723878987492e+01
1.191663373866406417e+01
1.195673321683629986e+01
1.255435773531949906e+01
1.274276007640727038e+01
1.238620610418286816e+01
1.290078357010343169e+01
1.187477279462425273e+01
1.008849786583366459e+01
1.265462426526787354e+01
8.635496610254735472e+00
1.287343819201536022e+01
1.151384316796579910e+01
1.238290682640881357e+01
1.256484445348471546e+01
4.773393498653455858e+00
1.309566562291501590e+01
5.667072462781049147e+00
1.054961026921744782e+01
1.229735410350974689e+01
1.249222660073939650e+01
1.258690622331302400e+01
1.301955663968458765e+01
1.177623529082643294e+01
5.805524126581881994e+00
1.312523727234293602e+01
9.110857547428583558e+00
1.301070020922954207e+01
1.224708307488119630e+01
1.242189021661890536e+01
8.885421801049831814e+00
1.225215016090339759e+01
1.122532389808730358e+01
1.234419063689466256e+01
1.105739249343370290e+01
8.818155945195387702e+00
7.703904354007274691e+00
1.309188150282499663e+01
1.220699490573903745e+01
1.149897357737874692e+01
1.237752941665064910e+01
1.311131919766085119e+01
8.678776706945409813e+00
1.242011173017518288e+01
5.796344199073783621e+00
8.578825554101829454e+00
1.016462875772706020e+01
8.651420440848209381e+00
8.411582930814258674e+00
7.719461261261991503e+00
8.729204067975080861e+00
1.016083878291854603e+01
1.216679628861032114e+01
5.710492827135247751e+00
5.991753904197197222e+00
5.655864704736953463e+00
9.843844792583398728e+00
1.168717731838556517e+01
8.873437048261036963e+00
1.176015925616222013e+01
7.166836532086040989e+00
1.240586381780591196e+01
1.217876319542055974e+01
8.520109205376076744e+00
1.026263820326435905e+01
1.232589459351801331e+01
1.151730423525276414e+01
1.297915448613388811e+01
8.517163668398175957e+00
1.188939619176563056e+01
1.277370749680108375e+01
5.920821299002543725e+00
5.837205440940465451e+00
1.242819700318504950e+01
1.227707351197683039e+01
5.371007717375730905e+00
1.298112158554914686e+01
1.166908733799234987e+01
8.389992304924085431e+00
1.169878739666745560e+01
7.318489604533133353e+00
5.848774697885756879e+00
1.292712881927355006e+01
1.238178646645090630e+01
1.293195436628602657e+01
1.052616305807795705e+01
5.672444966101746644e+00
1.300564710816775182e+01
1.226155451985874834e+01
1.159016426389930210e+01
9.645354326737516359e+00
6.883156592048567113e+00
1.165081184740246201e+01
9.960845887911380814e+00
1.245693007138910957e+01
1.086062389577948117e+01
1.279716952209772174e+01
5.600153438407803108e+00
1.313202294934833603e+01
5.717873062763729308e+00
1.255871384231721066e+01
1.050391519975727839e+01
7.450924390657747587e+00
1.045433524837120309e+01
1.236055896689124900e+01
1.307559706349318773e+01
1.085870250379314683e+01
5.879329788147970248e+00
1.021365870631160711e+01
5.809398035350217704e+00
1.263626457751415977e+01
1.105793429911296677e+01
9.536222986890475539e+00
9.337636104892654387e+00
1.205908583317911820e+01
1.212239846448360225e+01
5.667871516419251243e+00
1.198704677746967207e+01
1.014542872284096831e+01
5.777006702210825573e+00
1.209388958344473153e+01
1.218796399182623169e+01
1.163425479134332896e+01
8.535667632226635604e+00
1.267911341842335737e+01
1.295738523567683487e+01
8.879328586037743776e+00
1.262574013398510075e+01
1.219318409117337332e+01
1.145955635065527645e+01
1.120234013055157796e+01
8.625344382929416298e+00
5.796468162822967507e+00
9.951306248534484311e+00
1.110615358980654221e+01
1.243901448484320049e+01
1.272642367944905573e+01
5.832793492915022249e+00
1.267096125253565830e+01
9.886649486864071079e+00
1.202647272905006481e+01
1.050208255992399842e+01
1.046724091621013386e+01
1.163332344423001530e+01
1.308625081332044537e+01
1.205144231108947039e+01
1.207592859279321829e+01
1.282508211577594537e+01
1.215703898860352972e+01
1.193367593132270876e+01
1.190818492211044521e+01
1.230186858831333296e+01
6.024796322364813328e+00
9.104079661573127424e+00
1.247542081130389668e+01
8.644952150285895698e+00
1.266701834845629904e+01
1.223904358369491696e+01
1.012535123594095055e+01
1.305609759349981758e+01
5.697517864170410284e+00
1.132501329663736556e+01
1.113918312991991222e+01
8.622822430267703453e+00
1.131111197354788445e+01
1.025621820091329184e+01
1.301740799210172561e+01
6.013164035150720288e+00
1.175232075426346512e+01
6.853701643817132982e+00
9.592608447874919619e+00
9.948688295937916592e+00
1.115800750591325396e+01
7.318495751897097001e+00
1.031712224054101767e+01
1.290793254158159620e+01
9.615248756122628748e+00
1.285433796543484952e+01
1.268018931282239947e+01
9.001979697715063011e+00
1.229844434317635837e+01
1.287696642395304281e+01
1.294145985431792667e+01
1.229038360570463340e+01
1.051816261229243743e+01
8.715918249246319860e+00
1.273771697466028030e+01
1.151536788377717713e+01
1.279777374398323175e+01
9.308439820977797652e+00
1.178128664424625605e+01
1.220281728990727643e+01
5.801946340756463982e+00
8.458194876436969878e+00
1.230507665420823216e+01
8.495286090693559444e+00
6.436748823201736691e+00
1.080777597320266992e+01
1.308431229609683299e+01
7.061617497957131562e+00
1.306857143813981281e+01
8.699462339241186726e+00
1.202026358587403543e+01
8.575121157037013830e+00
9.957177367985627470e+00
1.149859356649054298e+01
1.100654484303603553e+01
9.579369342672622523e+00
1.285712337943936490e+01
5.876302153110010806e+00
1.189377519353887891e+01
9.664242986106801325e+00
1.249383882669012991e+01
1.251336933998221923e+01
1.286596766716650642e+01
1.261722844448369685e+01
6.141616119555873610e+00
1.065869871875960051e+01
8.818196435999794858e+00
8.723316630945589623e+00
1.264884216633397074e+01
1.118055210696658719e+01
1.025878562100694147e+01
1.294130755298026791e+01
1.248110482604571381e+01
8.700564416190767147e+00
1.286858336078043230e+01
1.026457607740615785e+01
9.246710627071747624e+00
1.140021661336043124e+01
1.156322533574121181e+01
8.648685767887933196e+00
1.219750793677829570e+01
5.844977759143457519e+00
1.284060367536099889e+01
1.278275507123005639e+01
1.053750439808715811e+01
1.004094826485094494e+01
1.199794848519396773e+01
1.244384915720630858e+01
1.266083258151389046e+01
1.075816468344840260e+01
5.828768654261537563e+00
9.541104253998550888e+00
1.153179977960306957e+01
1.078127974181953341e+01
1.220188287371091995e+01
5.854669586377847068e+00
1.311758182877729695e+01
1.168829101436561047e+01
1.045433524837120309e+01
1.129056152142130109e+01
5.716290886736829613e+00
1.106885375737987331e+01
8.481644499634294121e+00
1.275073457679085109e+01
9.175171771157769385e+00
5.815714751993074749e+00
5.944695379153110970e+00
1.041825821780922823e+01
1.268139985450057594e+01
9.819554240098078424e+00
1.255242354090554535e+01
1.312241018046085550e+01
1.281423877225000219e+01
8.673288422248365492e+00
6.697594621304655327e+00
1.082736152000121344e+01
1.218801056271433936e+01
1.242189021661890536e+01
1.225061684724914457e+01
6.192483451773250103e+00
1.273168530940017362e+01
1.190173790518433528e+01
1.176308134723116261e+01
1.014640655885427201e+01
1.067027355412452216e+01
8.930591645593814576e+00
1.192973253502151998e+01
9.881781432468486059e+00
1.203328296925510799e+01
1.094463951408387281e+01
1.238178646645090630e+01
5.749011032364412799e+00
5.667882108884448655e+00
5.773648385042091213e+00
1.171720079422119731e+01
5.787942521261568274e+00
1.142230090972577550e+01
6.011654164810223300e+00
1.281614526633687134e+01
5.815245379453633845e+00
1.272483218437176333e+01
1.304206950610710081e+01
1.171738289357084284e+01
1.210350442093621126e+01
5.847828000734080156e+00
1.107751010979084327e+01
1.308863825324302610e+01
1.289803561951746680e+01
1.287797499283381164e+01
5.819387270712592652e+00
1.264062561736024648e+01
8.588306920776716424e+00
1.302308388742414458e+01
6.224293460225322150e+00
1.140360104409876918e+01
1.280022155086281366e+01
9.753848997940187004e+00
5.706864891980428567e+00
8.706735248789291504e+00
1.261233481367208853e+01
1.269262897054958472e+01
1.313707998750380312e+01
5.570421690598647224e+00
8.715918249246319860e+00
1.008671545525446867e+01
1.307636164860271322e+01
1.203971634585133010e+01
7.696196811254905512e+00
1.283948863170231647e+01
1.283600100698873980e+01
8.880573243804889216e+00
9.000797687629143340e+00
1.044237495284434836e+01
1.057257760826531268e+01
1.157652315448474134e+01
1.197938177050281006e+01
1.206787528650916386e+01
1.081752244987011835e+01
1.287836310292772168e+01
1.191401767401468703e+01
1.226242475983005775e+01
9.782082164469876773e+00
1.248657247712669616e+01
1.079191591078984658e+01
1.278905743899053427e+01
1.124700125962527864e+01
1.289140136818787497e+01
9.162032538719165231e+00
1.225787809853587973e+01
9.697017753537265250e+00
1.097662291404150992e+01
1.272634496810944782e+01
1.038793762658590758e+01
1.225061684724914457e+01
1.207592859279321829e+01
1.261562027731162772e+01
1.301159625120791219e+01
1.072184039702831448e+01
1.109700215572237703e+01
9.035409256596189209e+00
1.132984370638856930e+01
5.730482262848987318e+00
1.232344605084336386e+01
5.737398640595931631e+00
1.252019255717809543e+01
1.311870131707091502e+01
1.132501329663736556e+01
1.221620526867097922e+01
9.191003745464083607e+00
1.232077382356186135e+01
1.036736039473457183e+01
5.828768654261537563e+00
1.257440133649950376e+01
1.210468661149955061e+01
1.225073193247572512e+01
5.719066639613227032e+00
1.127397606398321095e+01
8.725314483259019482e+00
8.436994716560002772e+00
1.122422271263919491e+01
5.737571565262325812e+00
1.232804631054870903e+01
1.261959128194641266e+01
1.271120226467800229e+01
9.670031739568541340e+00
9.535787871181295117e+00
1.267388537715159913e+01
8.600153887349346604e+00
9.868672011831360891e+00
1.296484668277821051e+01
1.169589099255501630e+01
1.218645546178733774e+01
8.078417293343987282e+00
9.881781432468486059e+00
9.551301440734382808e+00
1.314024584632130832e+01
1.160244879699571996e+01
1.130762999657038392e+01
1.243941636399656403e+01
1.229004458976682557e+01
1.167437984088406466e+01
9.123855292761779978e+00
6.835930655745118933e+00
1.277376300835012302e+01
1.311222736600649519e+01
8.164477847067809435e+00
1.287937151963503268e+01
1.186849206023960335e+01
6.017441667260267302e+00
5.927139569941084041e+00
8.449536747966645223e+00
9.983859598491640952e+00
1.302422666642267046e+01
8.684440468703350291e+00
1.190800721324792022e+01
1.261998315926827274e+01
1.038980894246666864e+01
1.284846516539750994e+01
6.003000172128400536e+00
6.199243204799169682e+00
6.774525903556280149e+00
6.028508970687266100e+00
8.513291442981609336e+00
9.679304050391623448e+00
1.251625074976373320e+01
1.159037103644870825e+01
1.208152258411901769e+01
1.281596878124265793e+01
1.239883851241912893e+01
1.300040310315221070e+01
8.968504342535707607e+00
1.225367245261710281e+01
8.665677519584841448e+00
1.123995292337463248e+01
1.293352991628166748e+01
1.135435305567983022e+01
5.754254604693643138e+00
1.179127950414144266e+01
1.203454942648555281e+01
7.920298238016914461e+00
9.037735132789599390e+00
1.283292433036188207e+01
8.725923444946023011e+00
1.157721717469492084e+01
8.404483934493361730e+00
1.255447111768383017e+01
1.138369273857543362e+01
1.270247028639709086e+01
7.735963571247541637e+00
9.037838309328911635e+00
1.284328184363999625e+01
1.168273791160472896e+01
1.113245952331428157e+01
1.231567462092016640e+01
1.310673000315531134e+01
1.102796112279169982e+01
1.213119869455695365e+01
1.025413023020697167e+01
1.288219503074699190e+01
1.244850523323298574e+01
1.299715523550259277e+01
1.243289252806994050e+01
1.175319387990900921e+01
5.761822308661326275e+00
1.270662085695410326e+01
1.297726424769879117e+01
9.739335321528519884e+00
9.167465857448579669e+00
1.178746664696225466e+01
1.148869395287541906e+01
1.248931420352071342e+01
1.244209570074654181e+01
1.268106408663428297e+01
1.196867458854023347e+01
1.276978599352156607e+01
7.318495751897097001e+00
1.219965810318515231e+01
8.643354566533950845e+00
1.311335035927802473e+01
8.791577888788479456e+00
1.259039213396193269e+01
1.314922700864525673e+01
1.302353020758940616e+01
1.212287580624537675e+01
1.298547898015763913e+01
1.312685422791941114e+01
8.623711550315984908e+00
1.299224528006005208e+01
5.807186304242200947e+00
1.269689425803599647e+01
1.223029392638522594e+01
6.103035900561361693e+00
9.679304050391623448e+00
1.304052506313861315e+01
1.241133403877011077e+01
1.019238727782104803e+01
9.183289462746285992e+00
1.180186535473409570e+01
5.922347251993728356e+00
1.179572751056460689e+01
1.140867987114774174e+01
1.299851517105056153e+01
1.180699503898064329e+01
9.955739015002723846e+00
5.758369953785129169e+00
1.156078405790992747e+01
5.776009728386467756e+00
8.641097697186239657e+00
1.272910462627028139e+01
6.000417075132345346e+00
1.305968811878868863e+01
6.949668682403997266e+00
1.285527629609679146e+01
1.151301708912765065e+01
1.055045811787420362e+01
5.502515050157392729e+00
5.166408807529288438e+00
1.208908961808246829e+01
1.288377235123803644e+01
1.238210851233407617e+01
8.585544206032174941e+00
1.149792306146086318e+01
1.308222388247798662e+01
8.078026158990882166e+00
1.187648314173566177e+01
1.221880902102311595e+01
7.070602865912305468e+00
1.229470828439043117e+01
9.510108702210519738e+00
1.243121481919254201e+01
5.693876660082857200e+00
6.059026547970221444e+00
6.054069316100835429e+00
5.922931773658069332e+00
1.208140763280849406e+01
8.662198573676814561e+00
1.277267047060148641e+01
9.163568968805364534e+00
1.297563549430375573e+01
1.217559152106075970e+01
9.196242112393008483e+00
7.657065108265146414e+00
1.252299341937722588e+01
1.182356854235865562e+01
1.308836589171198739e+01
1.167652755256932728e+01
1.171448593825842011e+01
5.991764203163952196e+00
1.058545956617694728e+01
1.124700125962527864e+01
1.260045881320521310e+01
1.246093343899029193e+01
5.078133538018303916e+00
1.308302928719188074e+01
1.168336131493381913e+01
1.191694783268439117e+01
1.278905743899053427e+01
1.231986888610904529e+01
1.299689776119427620e+01
8.468347289817128143e+00
1.247255394723528710e+01
1.308784801302947898e+01
5.868779002950146761e+00
5.802152460534696132e+00
1.075941223647602385e+01
1.293581466911792965e+01
1.103303866637757835e+01
7.538218647905987169e+00
1.314126174237664202e+01
1.214647886655503939e+01
5.799978860641960665e+00
1.175267895327705325e+01
1.264502631542948663e+01
1.196282730663561544e+01
8.752347096197819809e+00
1.218832969360555651e+01
8.679312278381006607e+00
1.297840640504199428e+01
1.268028928562034352e+01
1.216294261732896587e+01
1.184963162164546624e+01
1.059848516225211412e+01
1.283547524908457582e+01
1.216267607422024355e+01
1.263340867759629305e+01
1.285472269513784127e+01
7.989934697530207686e+00
1.288013744916135472e+01
1.285390936623569225e+01
9.940721045867507044e+00
8.847681729460328270e+00
3.878993996021214308e+00
1.206025689150560432e+01
1.264110573252072101e+01
6.235013266088151873e+00
1.266267401129643488e+01
5.940813946850756366e+00
1.020790673860887310e+01
1.268396341986406561e+01
1.285395064927286057e+01
1.247585868162942724e+01
8.756054481821317736e+00
9.384634632340919325e+00
9.887629686800407214e+00
1.203529340438582906e+01
9.572539030469123134e+00
8.679771991537215570e+00
9.100181156022697948e+00
5.485867673013569146e+00
8.536295238074991687e+00
1.271892146447270378e+01
1.106608335069098814e+01
6.089542432608151756e+00
1.039107776898079116e+01
1.160301902866701340e+01
1.195215084314820686e+01
1.109533009241845924e+01
1.097662291404150992e+01
1.299375834296484378e+01
1.139293807222576049e+01
1.206317998316384887e+01
1.223368521277207677e+01
1.284820344001828119e+01
1.021838864067004771e+01
9.625718708777787569e+00
8.549233789169402797e+00
8.240253280995215590e+00
8.667614171131878820e+00
5.668340552774110641e+00
1.292694776180539584e+01
1.263136572588608786e+01
1.310316254583560180e+01
1.218430452889298543e+01
1.082688673120216905e+01
8.823232201888785653e+00
1.094086302137555577e+01
1.140726174499172352e+01
1.106991404404456958e+01
1.153512911522644835e+01
1.222565437756735562e+01
1.234621421674756014e+01
1.159812940751436550e+01
1.054961026921744782e+01
1.199829350663971184e+01
1.088942628389556511e+01
1.074653047962876506e+01
1.231274024840694992e+01
1.247686465824352986e+01
5.679182827757927043e+00
5.722537134502091227e+00
1.084446889538119052e+01
1.049439597225328313e+01
5.996696415741833874e+00
1.212628839292762706e+01
1.131390291466135167e+01
1.169704376110726152e+01
1.003810700434159031e+01
1.053750439808715811e+01
8.065950893007688194e+00
5.948826330627119852e+00
1.285315598578541518e+01
5.600078060600786500e+00
8.624294561511415935e+00
5.787763056437985831e+00
8.516294017925645221e+00
5.375920069183705685e+00
7.930703050676516597e+00
1.265842480425868288e+01
1.265343475185994571e+01
1.220882609626804438e+01
1.181625486468081121e+01
1.201258515663664284e+01
1.232222036764046180e+01
1.300576734817403945e+01
1.206250266939555615e+01
1.240145751085662873e+01
1.243291999630287847e+01
8.572019093718068916e+00
9.347080313488467240e+00
6.152026834975973024e+00
7.486855394012912335e+00
1.073533932972698501e+01
1.281417478027618273e+01
8.572397246771528145e+00
1.227954295898894088e+01
1.048661609942457673e+01
7.766663397042385952e+00
1.313285009893975896e+01
1.308279887819496423e+01
1.022192399475412294e+01
1.215151847357777903e+01
1.008252579489490230e+01
8.069881072979452341e+00
1.094086302137555577e+01
1.292913089376370195e+01
1.304443536571817042e+01
1.265612942834383858e+01
5.752406726201975573e+00
5.715934400530886528e+00
1.315012041730415682e+01
5.375920069183705685e+00
1.024898525607603617e+01
5.190701357002938998e+00
1.232402186540073430e+01
5.234304084848403704e+00
1.280742590613854226e+01
1.278628538652584190e+01
1.037606815099906399e+01
1.249017594460041636e+01
1.306031616412858476e+01
1.219750793677829570e+01
1.256343373345026571e+01
7.232398027951559172e+00
1.297797482278794234e+01
1.235753119660811272e+01
1.213414531935626606e+01
1.294170156438618413e+01
1.286060284793109254e+01
1.239774222922664038e+01
1.292858968234333616e+01
9.474212356587564443e+00
1.141446828822606818e+01
8.658008482657804095e+00
1.258403996613198927e+01
1.306356586485074622e+01
1.185835982648394449e+01
1.266083258151389046e+01
1.266000101581611403e+01
1.204938735098718183e+01
7.805115183535955126e+00
8.283915849859212699e+00
1.046390253984655949e+01
8.224161311806355457e+00
1.200718777885569644e+01
6.013417935324529395e+00
1.264670079051721352e+01
8.497344884937099607e+00
1.292913089376370195e+01
8.535667632226635604e+00
6.002734675048931656e+00
1.286452967502699707e+01
1.261722844448369685e+01
1.005974321384006842e+01
1.252037181129189491e+01
1.298461008552632734e+01
1.284068866263067044e+01
5.791785552343035270e+00
1.284806824483714038e+01
9.422028049134615557e+00
1.173593585447911991e+01
9.639026761424963397e+00
1.289582505724893835e+01
1.274250534254372269e+01
1.277741219460843780e+01
1.192056632726570697e+01
1.270662085695410326e+01
1.133027764364803858e+01
1.179738401698628536e+01
1.310934548790188003e+01
1.273524696626433972e+01
8.585266189136399717e+00
1.300889373298603502e+01
6.819447370496550143e+00
8.601669344180379539e+00
7.816758701282922495e+00
1.257856619617013472e+01
1.239707696116650837e+01
1.024983751026194589e+01
1.301048460859664146e+01
7.627803770096730496e+00
1.155711923768149774e+01
1.207316841788809469e+01
9.645354326737516359e+00
1.298562480344823911e+01
5.959622183092434966e+00
1.208320773799286307e+01
1.026707864203676657e+01
1.218685408310266105e+01
1.153942999823400406e+01
1.133603125986204319e+01
9.925033944576052036e+00
1.160025461223773746e+01
1.154659192627526565e+01
7.626605253125282147e+00
9.581255759241601666e+00
8.722590304093369440e+00
1.291540362111306983e+01
1.062174300097738033e+01
1.037837816025443516e+01
6.603053743058836744e+00
1.022138186774132507e+01
1.057959536137535217e+01
5.667113641096097609e+00
1.180186535473409570e+01
1.229735410350974689e+01
8.598132277679157554e+00
1.222821386240862651e+01
1.276915227002751863e+01
1.249612734708445494e+01
8.302066895724486528e+00
1.282344098654691678e+01
1.025878562100694147e+01
1.057822106334140244e+01
7.280391055588720128e+00
8.689851687430746097e+00
1.212443405406352248e+01
1.297860801810591802e+01
1.125144613529276327e+01
1.095439470707518126e+01
5.832793492915022249e+00
1.127997319064627035e+01
1.303688036580823351e+01
1.226242475983005775e+01
5.537564963819945341e+00
1.254699752451019990e+01
1.211464475949926189e+01
9.786146356146950609e+00
1.246872316533593938e+01
1.227970563358029921e+01
7.261428045197094505e+00
1.260640382788520242e+01
1.024239986150971760e+01
1.220936743728503870e+01
1.313853905807130573e+01
1.300750607280549787e+01
1.290413300620588188e+01
1.306068964390811260e+01
5.808526427325891639e+00
8.900362066731599242e+00
5.921287424905521846e+00
1.255888894829284830e+01
9.957177367985627470e+00
1.260775848664145826e+01
9.252226114617675634e+00
1.224201031013302376e+01
1.097662291404150992e+01
5.934937668374974606e+00
1.260111542085266834e+01
1.042528546985617233e+01
1.174189123987329708e+01
1.070499391044832826e+01
8.924504924748529078e+00
1.206370074901729339e+01
1.267911341842335737e+01
1.311652811077300917e+01
5.858658343137764568e+00
1.243652692411094307e+01
5.500288882473596708e+00
5.789961037157176804e+00
6.354146011135834549e+00
1.062131827382842530e+01
1.307034914505154966e+01
9.572736399457207668e+00
1.128822208723944875e+01
1.279906030396365679e+01
1.204068421042223491e+01
1.116252111380067014e+01
1.173545983090830092e+01
9.817389204503538025e+00
1.256881736237278346e+01
1.035162300868499941e+01
1.222224130949917509e+01
8.283915849859212699e+00
9.933734115582911528e+00
1.243289252806994050e+01
1.259548003021962614e+01
5.415368741790670626e+00
1.197938177050281006e+01
6.718774139123224742e+00
1.266083258151389046e+01
1.235473672391345268e+01
1.284691408322290584e+01
1.293942345187623388e+01
1.056212087208049155e+01
1.311458526576794092e+01
1.177334939705727557e+01
9.803959079833010293e+00
1.254059935563260808e+01
1.098822235759849164e+01
5.935240324606144036e+00
7.423561107037979667e+00
8.686158933657026182e+00
1.112859591244318835e+01
4.051599488929845450e+00
1.196194413332951534e+01
1.065968810235315978e+01
1.279475121617294242e+01
1.298056868491128490e+01
9.556943125061209798e+00
8.499074952826211060e+00
1.216732336366226264e+01
1.266037021310631339e+01
5.328401332820209113e+00
1.149399657229658267e+01
1.265805511375608106e+01
1.021040458955769736e+01
1.299808849466622718e+01
1.308396493265962590e+01
5.749899247031435401e+00
1.264021307424075147e+01
1.173967969947002565e+01
1.267377119616346270e+01
8.687039485341696121e+00
5.795526486012923861e+00
1.261998315926827274e+01
1.256776345383960347e+01
1.278380146151763341e+01
8.611484816984809498e+00
1.150314547586047098e+01
1.314972347452767920e+01
1.235473672391345268e+01
1.267839716255880944e+01
8.481547786952235768e+00
8.566330578192983936e+00
1.229278180763670036e+01
1.085870250379314683e+01
1.157057232124144441e+01
1.062025646898178799e+01
1.160864434770619447e+01
1.125144613529276327e+01
1.253528708900355504e+01
8.634069844439293817e+00
1.255207677931931087e+01
1.260111542085266834e+01
1.076454044484862571e+01
1.200188672041715066e+01
8.662170828798563704e+00
1.300047069602579874e+01
1.121358459565209387e+01
1.121586534020821446e+01
1.194189971320265720e+01
1.105882577921227927e+01
5.802237992924786703e+00
9.881817112198808317e+00
5.848439596407359886e+00
8.859903878793669918e+00
6.041752097726465820e+00
6.009404312542498516e+00
1.205908152690085444e+01
6.120014619038942172e+00
8.563307536265057252e+00
5.996696415741833874e+00
1.186875207748487071e+01
1.195948280544812548e+01
1.089419773306516959e+01
1.213187327796181592e+01
1.298820427112499232e+01
1.261998315926827274e+01
1.294055823739842026e+01
5.743100246610141291e+00
1.128270355788994905e+01
9.969790351950793550e+00
7.194203485559987676e+00
1.269853442749777628e+01
1.313298696816429967e+01
1.285686962703287151e+01
1.283286197269841722e+01
1.176701603553788189e+01
1.226352785384858812e+01
1.045079489520260374e+01
8.349330580683250957e+00
8.994793956208196661e+00
5.717598908340537633e+00
7.708949881089098177e+00
7.626605253125282147e+00
1.304756997453102052e+01
1.208885059078781765e+01
1.294415895865423494e+01
1.249148828523970245e+01
1.068397467396481737e+01
8.599944042728276727e+00
6.070831426829739641e+00
9.834328955901092684e+00
5.827681680235205164e+00
1.290353413745999589e+01
8.687975327287183802e+00
1.091397852113259326e+01
7.429517152262769208e+00
1.187540546748218162e+01
5.854521239429821833e+00
1.300058368095482031e+01
1.192049548709195506e+01
1.197754548543340292e+01
1.276163045383536954e+01
1.281472763480908128e+01
1.309691915541100116e+01
1.308953850888547876e+01
1.196439145606727017e+01
1.254476116131260177e+01
1.038730358081838823e+01
