5.758588338823356523e+00
5.600368057142365963e+00
5.929449481102582631e+00
5.870615195647780560e+00
5.809805087361995746e+00
5.180139856493317652e-01
5.950759144003274770e+00
5.725291520783780008e+00
5.894141045338892049e+00
5.772280552588233249e+00
6.241842726580832057e+00
5.733973782348155801e+00
5.732245385874026766e+00
6.250441722720683657e+00
6.284257245814345971e+00
5.667952606283393813e+00
5.849825442467385450e+00
5.555003322991334258e+00
4.159889563502026100e+00
4.725534177923344181e+00
3.231553909805656932e+00
5.718094206620556896e+00
5.833363350657087665e+00
5.762584255253857535e+00
5.957764601904809609e+00
5.918078868604228937e+00
5.848860678385738865e+00
5.799943677828409250e+00
5.834020474460309913e+00
5.844727822374962578e+00
5.914539166912812007e+00
5.782010343246343886e+00
5.300673754070976962e+00
5.753123369547265220e+00
5.687178189952977192e+00
5.817410473840676666e+00
5.809301317679052445e+00
6.209821667289484814e+00
5.855779852193919055e+00
5.708077759197330181e+00
4.867011704979471887e+00
5.273569689559232998e+00
5.715790213544718945e+00
5.235284640288448976e+00
5.751813510166326360e+00
5.719708117314338480e+00
5.792596726706100263e+00
3.521257506450286900e+00
5.744006007398839486e+00
6.291169748811260121e+00
5.600953749852069841e+00
6.297459495188883594e+00
5.808198636388782532e+00
3.511153925883117033e+00
5.876564045409385706e+00
2.240441209419558710e+00
5.388341183295064063e+00
5.807858916773279034e+00
5.766397690624752492e+00
5.841966679299245513e+00
5.363527928751863350e+00
5.774863323991586306e+00
5.753013485214816924e+00
5.914297787545495844e+00
5.893830423403149332e+00
5.808382140047555708e+00
6.278351320665122692e+00
5.917898391563056748e+00
3.502976159504129328e+00
6.095848849555315141e+00
6.089418961243921125e+00
5.755045658657115482e+00
6.083537760549686979e+00
5.819883791563953856e+00
5.921905835234338333e+00
5.203868271944117829e+00
5.753790244377430696e+00
5.782740615266362738e+00
6.142297919094661829e+00
5.780229171614190697e+00
5.750393083253268145e+00
5.778787036456679793e+00
5.728128876804828629e+00
6.070447399653424725e+00
5.861602532300536517e+00
5.735292331895798235e+00
5.720067468790516862e+00
4.995077156974804033e+00
5.677713458966211491e+00
5.745882476693134677e+00
5.755045658657115482e+00
5.724932820247474297e+00
5.783929030364644674e+00
6.046362310525822181e+00
5.021055482469221509e+00
6.182140817826575763e+00
3.469019257839895065e+00
5.716389913106652010e+00
5.963945895379152873e+00
5.868212296808122730e+00
5.667487360418612674e+00
5.749371072367832625e+00
5.862513541733285649e+00
6.315352287086613003e+00
5.846026271545649244e+00
5.714791541497599603e+00
5.584799620534579567e+00
5.313701682755780809e+00
5.714769076515683111e+00
5.667769450698378897e+00
5.806824965327654020e+00
5.893499455821086030e+00
4.663415268012039760e+00
5.500317655940804684e+00
6.239237067909938261e+00
5.903530649885046167e+00
5.737764692840108260e+00
5.557302609878549404e+00
4.286198354089079565e+00
5.329322374055010414e+00
5.669273710906062469e+00
5.933496215282216824e+00
5.977448479744773557e+00
5.755740186370215561e+00
5.841044831665344716e+00
3.616133483340421506e+00
5.755598433681697657e+00
5.817410473840676666e+00
5.844889530364351771e+00
5.764254518851651632e+00
6.084475745963934479e+00
5.714460971565268110e+00
5.772580104754975849e+00
5.808832902804748066e+00
5.919394902178665596e+00
6.095903133496109128e+00
5.715879104806812272e+00
5.901338747286752451e+00
5.491906835648899587e+00
5.717978061162724224e+00
5.769643327666353017e+00
5.866555210115835806e+00
5.659743521607394356e+00
3.703550542655598132e+00
5.601534166948655802e+00
5.669303721231342408e+00
5.773155780602874820e+00
5.896633353947382084e+00
6.022011611453955027e+00
5.776684379118121271e+00
5.753910771727009710e+00
5.834537523388243052e+00
5.763450526452851719e+00
5.757402674548983690e+00
5.790211975035266079e+00
5.782740615266362738e+00
5.816931690303401403e+00
5.836332151829780379e+00
6.148086836558211310e+00
5.399109706805686137e+00
5.566277248955833201e+00
6.088364060598625116e+00
5.758375702429398224e+00
5.149186882744441363e+00
4.503082778847923295e-01
5.981556170084560087e+00
5.769980301800398337e+00
6.221877716306682515e+00
3.521257506450286900e+00
6.292419502929451625e+00
5.294955875254180100e+00
5.748413534339784192e+00
5.728676730857235277e+00
2.578426376054642422e+00
5.957238140474500732e+00
5.755435056579729647e+00
5.828578154101252018e+00
5.884964775612393950e+00
5.827043420005412422e+00
4.117434728994814996e+00
5.772691927210227725e+00
5.896971739220482789e+00
5.714213161743241010e+00
5.735062799070123951e+00
6.107301474529429619e+00
5.957111391335641493e+00
5.900609610291274620e+00
5.960091063710335035e+00
5.668193021581691582e+00
6.076127050527818874e+00
5.715994873876518945e+00
6.119722560875972661e+00
5.625021086969277384e+00
5.751548469604727210e+00
3.077669970095294527e+00
5.853077011125670914e+00
6.070239860384752717e+00
6.081613336023591110e+00
5.803012240710620162e+00
5.999320324920056180e+00
6.110052551905293505e+00
4.952481328378610215e+00
5.829364241892466936e+00
5.765756440852034537e+00
5.797236777554430454e+00
5.943365568856616932e+00
5.832239092194927643e+00
5.601526222459334292e+00
6.037757859633272162e+00
5.789179492073406763e+00
6.193449951941684795e+00
1.835986337398398949e-01
5.502684335134784277e+00
5.749995844020703295e+00
6.048959692228270235e+00
5.778284445429705762e+00
5.738691591027826000e+00
5.774840923221579381e+00
3.616669287071041961e+00
5.768845392697783403e+00
5.792458557944520692e+00
5.151255296286223917e+00
5.744770806938145569e+00
6.106587697846563856e+00
5.896786710186220581e+00
4.465489231876399678e+00
5.774995396088018040e+00
5.851151513383477720e+00
5.778014365935614016e+00
5.168102602879497631e+00
5.750717105522894279e+00
5.754431931896934138e+00
4.992901896327151867e+00
5.854568958012330349e+00
5.793603115526592795e+00
5.870008750834728950e+00
5.743158740415426067e+00
5.600061222541097727e+00
5.780896610310896300e+00
5.966639450086761443e+00
4.651767514528712510e+00
5.805151286472947980e+00
6.110293947702095885e+00
5.728357677474174459e+00
5.801553903577524096e+00
5.813091128077428671e+00
5.720345194287837387e+00
5.735668954165270783e+00
6.186558158864484902e+00
5.993418981941454504e+00
6.080370625047115674e+00
5.783929030364644674e+00
5.789636542876416492e+00
4.770877475488444652e+00
5.751571028399178331e+00
5.637205598644931648e+00
5.668740775652241659e+00
5.546586021982325754e+00
5.871812722231508630e+00
5.687711511187817592e+00
5.868581118809442998e+00
5.814150019503362188e+00
6.016070770434255977e+00
5.669776028184245753e+00
5.801514526989247855e+00
4.108754043103489906e+00
5.668619743213296758e+00
5.502408375048671196e+00
5.600983244379691861e+00
5.974203011962599064e+00
5.876376338376595676e+00
5.866141787799801222e+00
5.754955768256961868e+00
6.174660446475379594e+00
5.706388915897051994e+00
6.238553506711630448e+00
5.933217110288641294e+00
5.806236260851768805e+00
5.802529617558307429e+00
5.668855764649145534e+00
5.880787559174049051e+00
5.998933316442994546e+00
6.238972775548388583e+00
5.833608981915993752e+00
5.781336800383865437e+00
5.875987359467279347e+00
5.804794254603677928e+00
3.637672293698838821e+00
4.891716201712152490e+00
6.137187922382883798e+00
6.118536905618667809e+00
5.821424749069059601e+00
5.942520951619350456e+00
5.876564045409385706e+00
6.078548637324931114e+00
5.266123655567139572e+00
6.071324843080166289e+00
5.718115725620417145e+00
5.748564876899855847e+00
5.904098895003709657e+00
5.803789079529949824e+00
5.456553563917180938e+00
5.786352132939016180e+00
5.858338410828109133e+00
5.922820765053348424e+00
5.668859933738519707e+00
6.116479483395007577e+00
5.723757825844801417e+00
5.795437228768282267e+00
5.789679351047088751e+00
5.795543720665301990e+00
5.307623854163966648e+00
6.091501335330561595e+00
2.770923900438579945e+00
6.210047086730383192e+00
5.724395396465697949e+00
5.786239540584953822e+00
5.752133769409781827e+00
5.907461209617611786e+00
5.794826406458174262e+00
5.600698546682104428e+00
4.867011704979471887e+00
6.307654212333097199e+00
6.059936794404666038e+00
6.062871648521366730e+00
5.586557385897578776e+00
6.260823033105322288e+00
4.286952557188244306e+00
5.667848246537382728e+00
5.878173484521211023e+00
5.897332076656165434e+00
5.566277248955833201e+00
5.758787997134031222e+00
5.889550434849692095e+00
5.455596727575483307e+00
5.753905345734411370e+00
5.672835672940184537e+00
5.669515527469900285e+00
5.841686153203236032e+00
6.052763165466863882e+00
5.686250167766562669e+00
5.807149245583874908e+00
5.734077683624875910e+00
5.777181477677673982e+00
5.603734916190258097e+00
5.604100530153398374e+00
6.013051497914191579e+00
5.738076368580513176e+00
5.804739001382026586e+00
5.982678672558506605e+00
6.746930699898386896e-01
4.424294031728603471e+00
3.912757192565164743e+00
5.510639619152297719e+00
5.808198636388782532e+00
4.952529762650011769e+00
2.965279173867942930e-01
5.755404071581295966e+00
5.811653669979593317e+00
5.491906835648899587e+00
6.250453051731422072e+00
5.785738304174159019e+00
6.030230323477289822e+00
6.024059578023183370e+00
2.475760252735786260e+00
5.957588846457582576e+00
5.500208840562452295e+00
6.193773646803965249e+00
5.858727903296038875e+00
5.879677089401297074e+00
6.050339551098388391e+00
5.501234791390301027e+00
5.687487160882173320e+00
5.933355263205471353e+00
6.284399737126610930e+00
5.886306005712060418e+00
6.136759511106741449e+00
6.033060395092654460e+00
5.786711687880201183e+00
5.746615294044827849e+00
5.739385499827792003e+00
2.737428917294195685e+00
5.766326084723974787e+00
6.166687902995375836e+00
5.897792681571310425e+00
5.723168278271382192e+00
6.086164631134653114e+00
5.827505496856456801e+00
3.943289389331631423e+00
5.670855040877976982e+00
5.753909672628014782e+00
5.819043277363855182e+00
5.753013485214816924e+00
5.667570288977228365e+00
5.715341078668012109e+00
5.796513386560373959e+00
5.804739001382026586e+00
2.749926197917266890e+00
5.930267827235264022e+00
5.669065629773662351e+00
5.916256458482394009e+00
5.792020892492895534e+00
5.923156998483169566e+00
5.917911175967150328e+00
5.865626678453830678e+00
3.728276305326135631e+00
5.867105467639611049e+00
3.645520793070168519e+00
5.756072677787575920e+00
5.860093315570957806e+00
5.466605685352329935e+00
5.764710927677243468e+00
5.837671931169023054e+00
5.748878828385192818e+00
5.880781531685169483e+00
6.077584641613021255e+00
5.802809383562806289e+00
5.870141083015349537e+00
6.071501233017238874e+00
5.810568086015446276e+00
5.679626128603479707e+00
5.728605934436663993e+00
6.037577076052509817e+00
5.829364241892466936e+00
5.801553903577524096e+00
6.035838958161932055e+00
5.836879116788895594e+00
6.094679007297038709e+00
5.580816716484495288e+00
5.751989407239916474e+00
6.025721211366597885e+00
5.864430515373674879e+00
5.748192338277239521e+00
5.744334699281803402e+00
5.756696516390800156e+00
5.801514526989247855e+00
5.601714168122557957e+00
5.718141358682285791e+00
5.745813174942458801e+00
6.114266330031367325e+00
5.707916255939587735e+00
5.834437850072852427e+00
5.920742946309333732e+00
5.167447493196601904e+00
5.727497589984625215e+00
5.917621222362716260e+00
4.937133048391500800e+00
5.887866602029748542e+00
5.956422822267676942e+00
5.863233365447381829e+00
5.791958716114429251e+00
5.794494813349319706e+00
5.722493642497520128e+00
5.773861449136112434e+00
5.715485056618840431e+00
5.779704431500302775e+00
5.578426380294158271e+00
6.176233206945691556e+00
6.203726796100061058e+00
5.963709268813006226e+00
5.602695180348395532e+00
5.773214284482297565e+00
5.841339518213537474e+00
5.817955005910099509e+00
5.844908171858165247e+00
5.766521034369720411e+00
5.551360110762377786e+00
5.987982721886122128e+00
5.769166429063048440e+00
6.172530943510064816e+00
5.486922831198500106e+00
5.677029606219974767e+00
5.719468224134383050e+00
4.713600481183584989e+00
5.804105659787816229e+00
5.992573517604479427e+00
5.859608215240534435e+00
5.982310912868872066e+00
5.135157634882492772e+00
5.667016500119599343e+00
5.717529367171313659e+00
2.812744479487431892e+00
5.682087882457559580e+00
5.713910688684016748e+00
5.935200273527149406e+00
5.782765363598355357e+00
5.766851115808223405e+00
4.861744549644922309e+00
5.938844479282897382e+00
5.668295817373697254e+00
5.735110481177724040e+00
5.820495349788264328e+00
5.912747696599924829e+00
5.151255296286223917e+00
5.753291337634721891e+00
5.721276882459927826e+00
5.789617397188845160e+00
5.731419038373122277e+00
3.884211477591667627e+00
5.846073675104388023e+00
6.025723729701665476e+00
5.888159518529446856e+00
5.723824299334089538e+00
5.845264561574118112e+00
5.776677589539391811e+00
5.752712224902050586e+00
5.770195776460125714e+00
5.776093454033175867e+00
5.530331406632064351e+00
5.771026647301060741e+00
5.787908519617824155e+00
5.995551279819315127e+00
5.748462903463073204e+00
5.922423502566754649e+00
5.598705401654503255e+00
5.550494344512557632e+00
5.930007645482321621e+00
5.751427331504204155e+00
5.782453631892319201e+00
5.581325213950697695e+00
5.885182014882325063e+00
5.794263129588446581e+00
5.744837096650118546e+00
5.781337519739250475e+00
5.729519998623299415e+00
5.006236421879862952e+00
6.120810206955532351e+00
6.303224227858442497e+00
5.601647659086824937e+00
3.771197272538334477e+00
5.777956611306959367e+00
5.910524022272133138e+00
6.054019113169971433e+00
5.779382052496304212e+00
5.758877235000420924e+00
5.706388915897051994e+00
5.877252086441700385e+00
5.925935453401092623e+00
5.887354797853442179e+00
5.795350987819366750e+00
6.107842672937616513e+00
5.182115612719111475e+00
5.781798047379600014e+00
6.026022639896873478e+00
5.781620171919024997e+00
5.155006804086000649e+00
5.602221153522731534e+00
5.936883216699303745e+00
5.854969197010276183e+00
6.227724022540408022e+00
5.749591336455819324e+00
5.607667592639976384e+00
5.976150435636158775e+00
5.775922079801575570e+00
5.720772228936132464e+00
5.898577607386236821e+00
5.349268556897135873e+00
5.771220033279020001e+00
5.899689646496023343e+00
5.669933660148307908e+00
5.854568958012330349e+00
6.206814805569707438e+00
6.006358235247297728e+00
5.876789033803132334e+00
5.776855228768933870e+00
4.240703551650722325e+00
5.972054891501885621e+00
6.071754312258925701e+00
5.670110318996242960e+00
5.783565885553813679e+00
5.666834445292141531e+00
5.788521767737242030e+00
5.880656541373799229e+00
5.666865438713216463e+00
5.847502425166164919e+00
5.854331102524209740e+00
6.029712966912526007e+00
6.166054821955909482e+00
6.090816154231466939e+00
6.293771051855289400e+00
5.835246868446495760e+00
5.766611989075650868e+00
5.739207524678080041e+00
6.276546408751357831e+00
5.808832902804748066e+00
6.259410703810229570e+00
5.787539759396445049e+00
5.750912966157112116e+00
5.602493189806467377e+00
5.938152358376890483e+00
5.750102050737636361e+00
5.564596817905719028e+00
6.301251599709920548e+00
5.773301747787921379e+00
4.995077156974804033e+00
5.868124824348494251e+00
6.294973975223580709e+00
6.230887588175726854e+00
5.842289337037337660e+00
5.600418975603111527e+00
5.751533845429431580e+00
5.769924729095322391e+00
5.818914377883659839e+00
5.857606687435549908e+00
5.909563138165965235e+00
5.719899206115083068e+00
5.777554766313809154e+00
5.799058194667200183e+00
5.874455099680496950e+00
5.792746294868551971e+00
5.668500227782645950e+00
5.757073730653580412e+00
5.918343984632285171e+00
5.793762042480874896e+00
5.749371072367832625e+00
5.755404071581295966e+00
5.600883429589040396e+00
5.765142624775928759e+00
5.798102229234041616e+00
5.710041157060969041e+00
5.432865812761890290e+00
6.111480033510582111e+00
5.782380158919308677e+00
5.839246452738277249e+00
5.784434029704597080e+00
5.751813510166326360e+00
5.821882548817548297e+00
5.600414779233143570e+00
6.078653579145394836e+00
4.392385028856419460e+00
6.102179277233123145e+00
5.670378573924377719e+00
5.841612003480124216e+00
5.751114034275557785e+00
6.151628729228427517e+00
6.171627918448197470e+00
6.239396237280461222e+00
5.716296211375076375e+00
5.762539781239138570e+00
5.743920532719420713e+00
5.772691927210227725e+00
5.914261924133420223e+00
5.839638186518976148e+00
3.513230556894755274e+00
5.781628137285657942e+00
5.837396892552035865e+00
5.995087177466718487e+00
5.955407946158940646e+00
5.859608215240534435e+00
5.555096245617908934e+00
5.975134783249319348e+00
5.922254600420663984e+00
4.401024676460969509e+00
4.378550640759854673e+00
5.795103159240586166e+00
5.737687081677037781e+00
5.827682699216891749e+00
5.871852116427668911e+00
5.332173610693629939e+00
3.076047605308422472e+00
5.753910771727009710e+00
5.734077683624875910e+00
5.815285662290779811e+00
5.921396966241237791e+00
6.162025227219308121e+00
5.988213562732449979e+00
5.749473241912999022e+00
6.258974441792541477e+00
5.938152358376890483e+00
5.793142785003314366e+00
5.485550798505153480e+00
5.715144481162012013e+00
5.935565171666355333e+00
5.768845392697783403e+00
6.311978477299739154e+00
6.276769029136116451e+00
5.966673322165384263e+00
6.311250511060289448e+00
5.715788276470124885e+00
5.927234511125911709e+00
5.667044717006706200e+00
5.755216547717004083e+00
5.669017369646943472e+00
6.205237820328440179e+00
6.239805321039627373e+00
5.580360875541678034e+00
5.849676889437475324e+00
6.079237460127771442e+00
5.895276604344848792e+00
5.775006586300682976e+00
5.782010343246343886e+00
5.797748230277844250e+00
5.828965174909185976e+00
5.180139856493317652e-01
5.655899250321976268e+00
5.744770806938145569e+00
5.715654644021119779e+00
5.717622991516805087e+00
6.155588978225758900e+00
5.530222696902822754e+00
5.778631272764358506e+00
6.023084963608942743e+00
5.602851600015005040e+00
5.785149387736344018e+00
5.683349923050373675e+00
5.870729096132014213e+00
5.949296815910472880e+00
4.065554795882168726e+00
5.940264237948214010e+00
5.841132810408986131e+00
5.603035363974031569e+00
5.515325666764887558e+00
5.750878424899850572e+00
5.854863166913315098e+00
5.732987674496821562e+00
5.795437228768282267e+00
5.015229411014041183e+00
5.463677969906490794e+00
5.781520767331366883e+00
5.755445289037835366e+00
5.756731975231059728e+00
4.887535639242533314e+00
5.600218860832836931e+00
6.058856117357493964e+00
5.743138281210202756e+00
4.988388860449952666e+00
5.876672533198979309e+00
6.007948015475360393e+00
5.858561379596136653e+00
5.316173505165565416e+00
5.294955875254180100e+00
5.664769168538629884e+00
4.751615795002352094e+00
5.735323429682524399e+00
5.808921137975550764e+00
5.682028025504097357e+00
3.507106406813026656e+00
6.275725123463232968e+00
5.506542531544640795e+00
5.838897086493313182e+00
5.801200322219425054e+00
5.727558273125052501e+00
5.750835895103374007e+00
5.993971365121696593e+00
5.797739383172598515e+00
5.571194693143170618e+00
5.718263339411576496e+00
5.561060508392319690e+00
5.878598495931982804e+00
5.715318934953534935e+00
5.981448319412749015e+00
6.125307770374542216e+00
5.370042470073008722e+00
6.038448007351766122e+00
5.900074122828677936e+00
5.903061384548856871e+00
5.927870907329394257e+00
5.614980593456886382e+00
5.669311546975301042e+00
5.806905184998435665e+00
5.579905145375503750e+00
5.781156398635867610e+00
2.601369231616608158e+00
5.630801680727630654e+00
5.716179243652284470e+00
5.831196655211733137e+00
5.784779073298381924e+00
5.746215453964646613e+00
6.312319895311344631e+00
5.772933980000208187e+00
5.834893961240808835e+00
5.770529685892305416e+00
5.821610964293898682e+00
5.817162265611398375e+00
5.877746226215222691e+00
6.017930998350867533e+00
5.836441592692575675e+00
5.520146921043780353e+00
5.668985577740970783e+00
5.973552375892159816e+00
5.750725541463355128e+00
3.085606369535466076e+00
5.741943482109651775e+00
5.827760944857488745e+00
5.838532175397740609e+00
5.556470368809111271e+00
5.392942961794571666e+00
5.556258014723307603e-01
5.766397690624752492e+00
5.777412349354355214e+00
5.986117858598695385e+00
5.791469366513066319e+00
5.892519080064746895e+00
5.798509390777693895e+00
6.225097576714772707e+00
5.717014560779318799e+00
5.843611245626544992e+00
6.045712181990687384e+00
6.031260707303601976e+00
5.790146185511041210e+00
5.742457688717746755e+00
6.281875308374000433e+00
6.003659235700516739e+00
5.755740186370215561e+00
5.756254499071883579e+00
5.820392883040826248e+00
5.365970742184029696e+00
5.827523366035015862e+00
5.877913743684852754e+00
5.891434765824205222e+00
5.667969687185187233e+00
6.065390324614327255e+00
5.716613125493137382e+00
5.717813106075372076e+00
5.262637632545446920e+00
5.754809357056323904e+00
5.855266500938395069e+00
5.757346367692908196e+00
5.669274207806805244e+00
5.841384067475489772e+00
5.750809421631951857e+00
6.052131461037781435e+00
5.255002014824953882e+00
5.752514496726016446e+00
5.819714868726791224e+00
5.669369415143333590e+00
5.821949260892915312e+00
5.724654305063841875e+00
5.796794508876518037e+00
5.757086998456515836e+00
5.787082545223403152e+00
6.050270121100018272e+00
5.982438782967478552e+00
5.635599365999421906e+00
5.830571809311494214e+00
5.703955688974174265e+00
5.794865949752940892e+00
5.668009683650113928e+00
6.013604131946107323e+00
5.784045654989332874e+00
5.799564011278235398e+00
6.003659235700516739e+00
5.600036854318822144e+00
5.837700321318590291e+00
5.748735033868706878e+00
5.789839741339340762e+00
5.778727488354713060e+00
6.007175866592524116e+00
4.901175983307070716e+00
5.800324538990403234e+00
5.757901319430946074e+00
6.059672942280832864e+00
5.666883420301078722e+00
5.858774305571468943e+00
5.674834979055916051e+00
5.801708574961079279e+00
5.600590752511922510e+00
6.024760153227513904e+00
5.720736681915146171e+00
5.843872894024419118e+00
5.792344551170115707e+00
5.090150864486412630e+00
6.235388495482104609e+00
5.701070851168387854e+00
5.987778565602874359e+00
5.750574689279111418e+00
2.882028441441048194e+00
5.804375964808620836e+00
5.669352041982347323e+00
5.392557254142220202e+00
4.322345340979213191e+00
6.070118089668076422e+00
5.501234791390301027e+00
5.883152171368400296e+00
5.684292019315488886e+00
5.877661269739509642e+00
5.886233827069140112e+00
5.744329805266457534e+00
4.702126154962778415e+00
5.811311777974169424e+00
5.771151144574067970e+00
5.934371175553335043e+00
6.013132677750422594e+00
5.824158755164702050e+00
5.600642877541991638e+00
5.598045649426848236e+00
5.794689259625619648e+00
4.242858638373454561e+00
5.720299393071541338e+00
5.779834255217720873e+00
6.206794477980128732e+00
6.100756262745496095e+00
5.890014758521647131e+00
5.854480457988358033e+00
5.824349099070752267e+00
5.776879652749953742e+00
3.910003504434342414e+00
5.849617916164956632e+00
5.601074151376748134e+00
5.798480167726230761e+00
5.863868453652833601e+00
5.756696516390800156e+00
5.647950295635394191e+00
5.854863166913315098e+00
5.594089234735621474e+00
5.747616239724555598e+00
5.744020170356622934e+00
5.365970742184029696e+00
6.126314052635210672e+00
6.265468657978232159e+00
6.245844328844214921e+00
5.748998538666233671e+00
5.824639961211643957e+00
5.666505889940194329e+00
5.856931207527602545e+00
6.310496793558652229e+00
5.778344481432921675e+00
5.753830037302540390e+00
5.960146034815499760e+00
5.748673399600851219e+00
5.782499329201888472e+00
5.788067916610091679e+00
4.895275341714774520e+00
5.823511635450104862e+00
5.743421738502949125e+00
5.829229556758321884e+00
5.029187956152304295e+00
5.666803626320403353e+00
5.972944094901545320e+00
5.898930253361326592e+00
5.948944452022156604e+00
5.889820575610131392e+00
5.872169811385519189e+00
5.758201693915591335e+00
6.312063205767950436e+00
5.743138281210202756e+00
6.245878873934859854e+00
5.714883426622242801e+00
4.586140204611695026e+00
5.781120976457479799e+00
5.838766545467639624e+00
5.315093007301792127e+00
5.748192338277239521e+00
5.692944771292327566e+00
5.671666586521584286e+00
5.751259412667995008e+00
5.728384187203170441e+00
5.748332227667654948e+00
5.667129224084631822e+00
6.114878998835497015e+00
5.770752722535385182e+00
5.989743625247184511e+00
5.788740375750903056e+00
5.602892287355644818e+00
5.275123393788017090e+00
5.599760566862905797e+00
5.760615042882726300e+00
5.775434401617852487e+00
5.973445908016968176e+00
5.846026271545649244e+00
5.601802988024896734e+00
5.589656041353448401e+00
6.071754312258925701e+00
5.749942372238796118e+00
5.847686024766179713e+00
6.014985711819123892e+00
5.820549343434282541e+00
5.781568474991692241e+00
6.297419864482574070e+00
5.885882714743289057e+00
5.860009282847613576e+00
6.089968846823131443e+00
5.902158357266976907e+00
5.811136383894436541e+00
5.294955875254180100e+00
6.119722560875972661e+00
6.274018041953697278e+00
5.925645206025862421e+00
5.783843950317356430e+00
5.666926055070423907e+00
5.790659742358366557e+00
5.727780810482449247e+00
5.794288833952021101e+00
6.072438809220512823e+00
6.003012415169766136e+00
5.955786056016831864e+00
5.729224973729217574e+00
5.867040833206497830e+00
5.934309247792564967e+00
5.667641737248621858e+00
5.641317561982475581e+00
5.919882217764054211e+00
6.254237151273248863e+00
4.807327734348180392e+00
5.753499001625749898e+00
6.058856117357493964e+00
5.724895822427024328e+00
5.294870128726313574e+00
5.827953184275471266e+00
5.847854381862958917e+00
