6.173781341790929300e-01
1.057114326723330999e-01
3.266574587740446178e-01
2.930514558862802252e-02
9.176443323440773847e-01
2.350066124999991568e-02
3.702283671151608835e-01
2.808830914010414584e-02
4.288805733692920008e-02
1.688198282138135831e-01
8.612116105575546854e-01
2.451833870123788783e-01
7.332058382749023773e-01
2.340336307653771708e-01
5.074003391278222863e-02
4.360271374721192417e-01
1.252788557117472668e-01
4.720104268443784945e-01
9.259715799287057680e-02
5.407407368073939569e-02
8.188258551428871934e-01
5.314042380348863448e-01
3.906716940664419629e-02
4.604962115404090950e-01
5.176143298805276904e-01
6.056068230958908671e-01
5.978495315660724563e-01
8.162736491958748619e-01
9.201062348108468569e-03
9.378726539170824106e-01
6.464744751179819504e-01
5.874974466541279527e-01
9.516830268072528076e-01
3.187785386329999859e-01
2.164710306342266799e-01
6.521062811685866822e-02
6.152795118588758605e-01
2.380600661398354079e-01
2.282254544902619781e-02
3.656451168709268784e-01
6.935408196727740338e-01
5.668060564727956940e-01
5.616078852711855474e-01
6.926469451954341272e-01
7.065954738526218637e-02
6.703133834161313365e-01
1.820952258290147174e-01
2.586954596944797680e-01
5.334459258577741586e-02
1.135404441754021485e-02
6.026740868583636557e-01
1.600515590248615394e-01
6.773323421843689962e-01
1.674160306306015922e-01
8.508855610116993207e-01
6.974860304389396415e-02
5.330672060444488491e-02
1.113757680416770091e-01
1.334172986081300361e-01
9.464165159950597983e-02
2.833265570817026235e-01
1.702137523220439153e-01
3.049054857103201677e-01
2.901895351778372989e-01
2.399079671031970340e-01
7.085455625179166717e-01
6.335432673203765797e-01
9.257819095690067446e-01
2.784096253801928711e-01
6.036658472630813677e-01
1.076270034287452049e-01
1.860742151071354267e-01
4.184276239550190346e-01
3.613814228631146430e-01
2.780326847502352372e-01
4.921253743061074215e-02
3.263503227246381533e-01
1.563875868877829811e-01
9.924065275040433454e-01
6.739530529543280579e-01
3.286867345144391800e-02
1.010589214624013979e-02
7.330375445180183913e-01
5.187595239457305496e-01
1.665657497860500158e-01
5.456231767900329155e-01
1.221683099615377827e-01
4.213616449901752548e-01
7.006021840139937673e-01
2.223823177919607152e-01
1.157243577946341639e-01
8.315456505832539980e-02
1.165719912742954056e-01
1.980827566606098711e-01
3.914948101929150437e-01
3.382952515313394914e-02
1.989045466273998142e-01
2.719878638935617210e-01
1.425076554121558203e-01
8.636342006181471076e-01
6.352412606169048903e-01
2.521944379842394612e-01
1.998904556331787194e-02
7.671093239847045497e-01
5.335140373983954937e-02
6.656338368465002098e-02
6.458777681872298615e-01
2.976117598274526446e-02
2.380563845278280410e-01
7.491191287091407414e-02
1.233432133554281662e-01
9.503337326838103838e-01
5.202220820712748495e-01
3.763919824082334054e-01
8.754685449048834611e-01
2.579046580615228235e-02
2.945099447068405193e-02
3.898360977224603618e-01
3.291126837585485465e-02
3.927568503187479909e-02
9.810726705510394163e-01
2.337817864046903837e-01
4.671496204909204863e-02
6.292458729546064333e-01
6.975907036220169166e-01
5.450081606501820941e-01
1.766710123406501354e-01
7.964711197901077622e-01
7.202547729421460154e-02
6.919950273281789965e-02
1.188896474176381057e-01
7.291382761071069085e-02
2.536382170205771919e-02
2.361286944637044916e-01
4.553661581496910860e-02
1.725404274422022155e-01
1.931841268171039239e-01
5.426962508683180753e-01
3.169261160160521396e-01
7.762095883456909817e-01
3.861095934778772942e-02
4.741795690941764674e-01
7.899157221935355633e-01
3.944089435534907373e-02
3.537287209277523853e-02
3.152523593231544297e-01
2.879565901373162817e-01
3.287636150193481988e-01
9.859157299364070814e-01
8.961952704746847798e-02
3.442002600707564502e-02
7.910266062066491077e-01
2.655640701891263666e-01
3.555815417213978313e-01
8.037042206113942377e-02
6.442314511055992066e-01
5.248951151385779224e-02
2.156601153056888209e-01
3.857145772253663812e-02
3.302992334867149715e-01
2.515379623634181883e-01
5.896692816177910856e-01
3.192905406811640812e-01
4.059107432533952120e-01
2.850350221049053820e-02
6.927166341218279344e-01
5.957778799232249511e-02
5.062808865951674564e-01
2.340768404942627709e-02
1.661285835815230483e-01
6.169812507800585821e-02
2.163621635406709834e-02
4.280020115194017039e-01
3.820256560781800648e-01
5.369136096669622216e-01
4.939773309221257569e-01
5.517722480677473840e-01
1.895433498600624656e-01
2.200866130740412596e-01
2.385038372863390946e-02
3.860624390997213773e-02
4.351660812492062769e-02
8.547372116708369660e-02
4.916205765371298164e-01
2.780721718374024737e-02
5.793645505409457108e-01
1.173427681014380525e-01
1.791196712582957817e-01
6.485770374572175090e-02
1.246980440043327643e-01
3.546020509058585013e-01
4.771800129887145830e-02
7.560963157042371874e-01
1.991448977188767927e-02
9.881271043765835205e-03
9.991888726924390285e-02
5.673217754936291657e-01
8.292165522441620196e-01
1.781225938902451233e-01
1.305508944383466097e-01
1.682529022051539383e-02
1.226157781580312078e-01
1.277960829495645156e-01
3.165594786537328509e-01
7.725856177190234542e-01
9.223699047086830749e-01
9.344927041870815243e-02
9.977750984793701261e-02
1.991754254567676963e-01
2.002305198014020238e-01
7.531080545142121441e-01
9.152948503518242296e-01
2.020590413515784833e-01
8.424989557435891285e-02
8.754252024957362988e-01
2.003534924300934827e-01
7.213947673744307565e-01
2.470982732487409239e-01
1.110995811521810206e-02
4.440501229304656960e-01
8.769249940383160025e-02
2.923395013581888136e-01
2.337817864046903837e-01
1.002288439353798966e-01
1.536114499030698799e-01
2.711061901016268913e-02
8.040945859208290525e-01
6.986737642445688401e-01
8.795476647342982679e-02
8.147010860551363587e-01
4.047895279943932723e-01
6.285750354029581155e-01
8.542011920651600976e-01
5.092079635031833140e-01
2.017904837475803792e-01
7.781574909804547802e-02
5.022062521198552426e-02
9.306524796144945988e-01
3.330912594018243383e-02
1.703100732577415011e-01
7.656531363906594612e-01
6.230883180805029120e-01
2.988608388116269221e-02
3.924228394805503312e-02
3.068427022772567958e-01
7.434544819207040689e-01
3.862608349739531932e-01
3.231482404355036642e-01
8.218671515059455812e-01
1.415061781888597714e-01
1.457177896016279561e-01
3.691131731511348296e-02
1.696108907347230466e-01
7.072028411095967471e-01
5.558015764834155492e-01
4.778403848978595575e-02
2.795722257158522184e-01
3.065741956608403207e-01
2.480555041373461722e-01
5.134554476612486207e-01
5.451992303077624752e-02
1.264128134851032204e-01
1.011848258124135452e-01
9.146021859599545722e-01
5.753979991442953468e-01
4.830634997105376360e-02
1.508027891242080289e-02
4.461597554214297157e-01
1.190786726834075770e-01
2.732838809399988911e-01
1.690132557197031316e-01
3.808983108640328075e-01
8.308160086373231890e-01
5.906294385208571418e-01
4.055418848078524152e-01
8.363172538778845810e-01
5.873617563099001737e-01
1.046575620166384779e-01
7.109677580776569972e-01
5.747130732122792685e-01
1.368047576015022915e-01
2.749712376863805430e-01
4.046287777923587292e-01
1.891194725113993017e-02
8.296809204806601112e-01
7.523378380314553748e-01
2.203854675566170596e-01
7.439312994793052525e-01
7.890548601261494766e-02
1.542947721874864397e-01
2.458374134964251834e-01
3.192905406811640812e-01
6.060755228616685614e-02
8.144880025953257774e-02
1.668439501364823718e-01
1.901957418670124911e-02
1.994296562158493213e-01
3.536139837491963922e-01
2.377052572751711390e-01
1.504430456044041908e-01
5.887056387833330406e-01
4.491944360255039487e-02
4.620791076189688096e-01
1.583314576992018996e-01
1.306995965585002473e-01
7.311557607854374252e-01
1.053159052618825309e-01
1.998925156005121606e-01
3.565258006553104209e-01
1.904754318870129914e-01
4.775920453446677039e-01
3.247385257912456802e-01
8.080544173277682818e-01
9.444254885620899376e-02
5.330672060444488491e-02
1.059286926098181869e-01
2.051971034784383363e-01
7.781574909804547802e-02
4.310327518173218131e-02
1.468389330530712501e-02
5.451992303077624752e-02
1.648059912764469198e-02
2.278904764921742543e-01
4.042569674561667936e-01
4.730223310176717710e-01
6.925573044227826269e-01
2.708893319625259657e-02
1.144853356384125526e-01
7.159320956641784806e-02
6.052509542378211593e-01
6.525853206049848643e-01
2.841081713461250380e-01
8.085267046702493410e-01
2.408604333647273166e-01
2.741215463610360836e-01
9.988612692255698366e-01
7.612130411967380494e-01
5.915301744151905960e-02
7.544219715103162027e-02
2.120917975861687232e-01
3.855322916967969249e-01
2.692503477236828924e-01
2.978985828392925750e-02
1.774437841240990577e-01
3.165594786537328509e-01
1.030666864876693400e-01
3.052700308570674981e-01
6.975907036220169166e-01
1.358334079626975499e-01
1.678364439323766499e-01
1.834218404318727347e-01
5.110300615580096739e-01
3.395978454009753178e-01
6.965816130558836194e-01
9.869659992855407682e-02
3.362049581861814573e-02
7.614019393235236244e-01
1.531190381912145848e-01
3.168931385689976454e-01
9.775151981476723484e-02
4.310394968301911600e-02
9.994135306073679281e-01
2.394956798672609466e-02
6.273302378996540307e-01
2.969696563541283224e-02
7.489445590968263344e-01
3.790245686857050544e-01
2.236371989866497989e-02
1.415044538374606309e-01
1.780203773042866866e-01
7.725968036280234097e-01
4.321770821177701311e-02
6.710262328856919645e-02
3.072663949834035235e-01
7.569000690383270724e-02
7.896421757288665244e-01
7.899157221935355633e-01
6.667408166469529496e-01
4.796535689491819854e-01
9.716080477264411874e-02
9.387931436964653820e-01
1.277960829495645156e-01
3.014384782092832116e-01
6.120513167385491227e-02
2.071959793247869219e-01
4.198497496194489309e-01
6.889463934798731870e-01
9.158974852086972096e-02
3.775664306121962466e-01
7.535619791887322727e-02
6.308517099736559164e-01
3.144985903804053406e-01
1.160972657347025122e-02
5.471989428812333855e-01
1.100717532330124093e-02
2.342109057245080617e-01
8.147191812923264553e-01
1.160591860788633481e-02
3.564536549891085815e-01
7.742615352967778808e-01
5.486458548386426992e-01
1.971298578626644593e-01
5.242463325175668043e-01
4.374175723845885044e-01
7.383335413090464927e-01
2.470982732487409239e-01
5.181533454752140777e-01
6.052464049193280182e-01
4.968276561515924672e-01
3.706009510642687133e-01
9.393545070057971458e-01
1.232849500387320496e-01
5.802142773644292095e-02
7.616897917293210529e-01
9.383794592521103040e-01
4.253256161060376961e-01
1.800822814040731745e-01
4.598989832034969943e-02
6.751545902857503112e-02
2.872226124893106358e-01
4.927680119327019770e-01
6.086592081725433756e-01
4.959973846369186701e-01
2.370374388133531240e-01
9.748464372942912404e-02
5.800216162964059174e-01
3.034145011743688558e-01
7.290085103195388661e-02
1.106214851825224887e-01
1.458950641575206819e-01
3.637697566909504077e-01
4.935207724700426540e-02
7.560963157042371874e-01
1.998817267758064842e-01
3.646637484302605592e-01
5.487784851882476778e-01
6.421770685812240309e-01
2.116206345081214288e-02
5.251943416788804608e-01
4.047000830822918838e-01
2.670800735407411475e-01
5.320735282328477311e-02
1.736465111775722936e-01
3.548384058621760484e-02
5.233172366876842618e-01
3.275661466625357510e-01
1.276218356444084323e-01
7.212413102523153319e-02
4.961108811876731584e-01
8.618264633481435011e-01
8.573404309693073710e-02
2.370938421029132603e-02
3.927000679658757543e-01
5.025559401933122478e-02
7.709275027125784829e-01
6.400768785761740132e-02
1.070409278308405293e-01
8.362902880474512024e-01
1.908881941572546648e-01
6.926492959517288606e-01
1.185035146985273374e-01
9.302016561486800006e-01
2.464896398819971593e-02
3.017272411788876618e-01
5.645592049615613117e-01
7.172134746304489328e-01
1.775971145997774503e-01
2.043492062823825395e-01
5.935742886344078650e-01
3.307143779966841834e-01
5.214199336410312302e-01
5.028337114977317335e-02
2.464026901336052733e-01
1.602462852236501978e-01
4.577101216456215260e-01
6.455535674062682361e-01
1.110995811521810206e-02
1.170837831254074035e-01
9.985050398028507690e-01
2.224759648735017414e-01
3.993479204116031633e-01
2.409576238541520643e-02
1.315985913810916730e-01
5.557394927353299929e-02
6.758217767874276360e-02
8.442255180244932766e-02
4.804263344423138904e-02
2.165671270391478775e-01
9.148685838856428221e-02
4.256648305532855781e-01
9.563948992883027078e-02
5.916185263277350392e-01
5.940055842281122267e-01
2.043816284860144050e-01
4.713648318219677003e-01
8.263277239634287952e-01
5.015787279844439173e-01
6.309378230991200542e-01
5.412771200960143914e-02
9.869123255754738144e-01
6.943522134093327303e-01
3.167533180347084087e-01
2.271417356133709486e-01
9.881271043765835205e-03
8.580795028123485713e-01
2.216944994045703110e-01
1.257399635941718608e-01
9.403513716561955060e-02
3.635604862866864684e-01
2.253050277709901517e-01
5.449446067109302988e-02
7.511758535112406966e-03
5.364365896901810427e-01
9.616331905412990599e-02
4.835186252229792259e-02
2.695650993639506776e-01
4.219335171633888937e-01
8.885321956714591074e-02
6.954714433715013522e-01
1.385032094695385907e-01
7.155678783774467311e-01
1.640268348792059128e-01
3.906716940664419629e-02
2.271015585241069057e-01
1.054064887665735056e-01
7.204307773518211500e-01
2.895917827742325867e-01
9.764182335486298880e-02
4.481141560553946607e-02
1.647836958823029607e-01
1.618662660555875432e-01
1.457177896016279561e-01
8.754685449048834611e-01
8.344075024162299625e-01
5.274460918320958980e-01
7.185851456689978933e-02
1.357929070127858184e-01
9.225386650742890479e-03
1.799369114578740492e-01
1.203113877360481865e-01
8.032628990551531067e-02
3.774836976797582566e-02
3.930247735012120658e-01
6.069115573379737505e-01
8.734962917952513450e-01
4.688124790644893070e-01
3.987116847678253140e-01
4.085254607318404285e-01
2.484719925552443184e-02
5.212096794204477135e-01
1.490253306814155743e-01
1.795517546230631367e-01
5.672099524642632007e-01
1.875930115247818053e-01
6.331709473615740880e-01
3.664806056938464951e-01
6.142077979523052900e-01
2.423937910350281166e-01
4.446563265098549822e-01
9.526700941036931880e-01
6.023458553846654517e-01
5.603772914919840087e-01
4.660247778117529438e-02
9.706737874825706325e-02
5.524064618144405303e-01
1.078170282156454968e-01
4.640479271054791521e-01
5.374227082304474656e-01
1.795120337562986501e-01
7.334325118665685483e-02
1.414768765337955647e-01
7.265795342383278843e-01
2.417660844537141904e-02
3.118745009803958190e-02
1.946240650534437067e-01
6.008347060209580093e-01
2.751600034797933580e-01
5.294263895180305601e-01
8.249149590867517201e-01
4.294617544092768080e-01
3.080296720263379084e-01
3.954364735491778804e-01
3.546020509058585013e-01
7.708241868575696487e-02
8.419402031567344569e-01
5.397603503749071052e-01
8.287475434709787314e-02
1.143795938637071075e-01
7.535526282590282454e-02
1.909147756657893907e-02
2.064298543783013029e-01
4.020924644043862711e-02
5.334459258577741586e-02
9.985102693054710710e-02
1.404650845961272765e-01
5.412771200960143914e-02
8.170867321315943288e-01
4.636055744924384436e-01
1.618039505111523724e-02
5.340538858317690485e-01
2.989792254380840286e-01
8.214655592448254495e-01
1.165719912742954056e-01
1.139637514211686888e-02
1.330077186301462377e-01
3.822995395367814048e-02
8.465054119085317907e-01
1.357929070127858184e-01
6.544151083859267581e-01
3.434327014776838438e-01
9.039913458391930778e-02
7.324186217856529235e-02
2.383573464386713192e-01
6.298569225254290194e-01
3.523829633978009523e-01
2.381860050148096319e-01
3.679269454023136321e-01
4.125469058087266605e-01
8.596945599462707532e-01
1.130196480311498192e-01
1.105748349595556818e-01
1.780514095440395572e-02
2.768017945879363007e-01
2.125730587758395407e-02
2.719802442741945381e-01
2.687064161084811234e-02
1.791196712582957817e-01
4.474633392186591063e-01
2.463372034186461501e-01
3.552405157544018532e-01
1.109279570215469662e-01
3.546020509058585013e-01
2.072641083730403233e-01
5.758476793181562803e-01
1.335555964293433373e-01
4.116091327861478438e-02
1.878333179467910341e-01
1.628664478736218391e-01
6.760502363899016931e-01
1.090273510885562541e-01
7.606856285393950312e-01
2.105784282495902493e-01
5.219200073160634723e-01
2.777311192197792766e-01
6.461195155779185795e-01
2.839036724717718951e-01
1.991448977188767927e-02
5.978495315660724563e-01
5.946789831594947451e-01
2.937452511631797325e-01
6.096779190786231206e-01
3.296952024539518411e-01
3.253761381904558547e-01
1.997761818954353064e-01
2.140282185665882131e-01
3.796239588582525637e-02
2.380563845278280410e-01
5.062808865951674564e-01
3.073653049242915936e-01
4.684770527003875168e-02
1.215901534218774734e-02
4.923653035248332643e-01
6.322100999277122657e-01
9.478885547425269786e-01
2.711824960904180015e-01
8.957422632173740740e-02
1.481809530181535106e-01
1.252385493475654810e-01
2.512453920117744405e-02
4.569246107127604151e-01
7.760166647883259827e-02
2.688882007663616000e-02
1.852442662389308659e-01
6.027732890919195591e-02
6.537851533844657448e-01
5.207991063909260532e-02
9.095042900972514222e-01
1.087901537691189358e-01
8.891550323618362117e-02
2.287370960351737745e-02
9.479982765609893391e-01
8.142470602918837619e-01
6.247513107942838373e-02
3.446942043847193160e-01
3.011804376213345069e-01
2.936424785056496872e-02
4.918938528159157997e-01
2.839368194202606527e-02
1.026820603357967293e-01
1.047948188017942678e-01
1.820933884780752687e-01
4.661095218369605275e-01
3.937499214522792723e-01
9.256622735574900063e-02
7.392194562963950999e-02
5.716699642921525826e-02
9.078507127713826286e-01
7.467093100174295728e-01
2.188121124123847822e-02
3.037001847623652107e-01
7.743583002335592269e-01
2.592524378733565005e-01
2.050277006887537001e-01
5.188791844845705992e-01
3.811848677391978524e-01
2.687794773810526783e-01
3.935104153692679796e-02
2.606912732691098467e-01
1.513938977660314600e-01
3.328852239967374782e-01
8.956013179934340096e-01
5.451992303077624752e-02
5.306191222245751904e-01
2.250796138001860403e-01
1.971298578626644593e-01
4.394738416793590036e-02
6.307254464000278116e-01
2.148391272613159320e-02
6.354918242095008996e-02
2.043387077947783625e-02
6.071893707581229455e-02
1.003504713929675302e-01
5.046837788486484566e-01
4.048916451453010157e-01
5.471989428812333855e-01
2.094190849220395334e-02
9.956712120430045720e-01
2.047931780809437996e-02
3.024950911611092863e-01
6.997951471322915173e-01
1.643202283802989438e-01
6.917023621868533256e-01
3.078261055906887367e-01
5.761479265415803130e-01
5.134337870635204970e-01
6.227920351530757959e-02
2.048854098759381528e-02
3.025252753008871032e-02
5.038689785803948107e-01
2.208838613512041082e-01
2.176627229224306279e-02
5.491241430655022793e-01
3.747027347904429151e-01
5.679255506798841502e-01
6.027732890919195591e-02
1.031853294020878831e-01
3.235162252901894187e-01
7.359053463931176930e-02
7.882725371966802230e-01
1.770247035940573643e-01
2.093072739960563644e-01
7.276766411959354475e-01
1.439275350001267655e-02
6.397311888476270303e-01
5.397954726581439822e-01
1.684449470336555066e-01
8.591808571215460155e-01
3.938393969907534597e-02
9.031440294567483207e-01
7.329743018692486123e-02
6.826730264207367949e-01
2.292584000358045271e-01
3.072743836198952305e-01
6.307254464000278116e-01
1.345018221503650468e-01
2.841716838999706063e-01
5.211740069282865262e-01
3.210230863824851122e-01
2.431891910994599115e-01
1.694000746937155133e-01
7.828115822927358969e-02
1.084982527406057884e-01
1.901578699164945818e-01
5.176674462580431735e-01
2.734766879192771505e-01
6.632827643298034870e-01
2.621356223614039194e-01
4.818886932255573852e-01
2.432138786788081153e-01
4.710888984975719063e-01
6.528297065224133444e-01
1.177149009842355654e-02
6.360934632287316148e-01
5.824329251581410460e-01
1.127057917432296996e-01
7.577748675239112108e-01
2.871723990517572322e-01
3.436495993129786569e-02
7.778025681105483757e-01
4.206093221693876227e-01
7.760166647883259827e-02
2.408950600830569444e-01
2.724446508444532955e-01
7.630782785815077851e-01
3.914948101929150437e-01
5.819572457098718399e-01
6.644246524076730109e-01
1.110393062392147495e-02
3.166759299488919321e-02
6.638925483905123992e-02
2.468211667844785184e-01
2.677038612757538516e-01
4.982863026326799227e-01
3.403409520174611180e-01
4.435926392120645434e-01
7.197652035280704963e-01
3.220283108954655749e-01
3.775911219593129364e-01
6.193539215543059778e-02
3.461311702586365030e-02
2.197803743944003185e-01
5.965661745483042955e-01
3.086028078408993847e-01
2.866008390521343485e-01
5.575961675854194943e-02
6.936662310103330897e-02
8.747914577558642268e-02
3.985476365853946046e-01
5.017109743561383173e-01
2.343924744048453968e-01
8.562205226259538005e-02
3.253986950888005936e-01
7.237849679563796990e-01
7.920377442117101929e-02
5.120098789981744059e-01
1.840209719540052413e-01
4.881864454877782866e-01
7.439461327322818840e-02
1.457682777866144974e-01
7.201261644351703017e-02
3.014423661794337073e-01
2.686005340697410482e-01
8.686240026797729941e-02
2.061412976043632689e-02
3.473065198921556629e-01
9.596037124342249314e-01
1.234788671889158890e-01
9.018833984255681946e-01
2.612666289013585441e-01
7.957319080912682585e-01
2.852583314525996006e-01
1.608210687611988099e-01
5.914167184954347567e-01
1.734988330829402847e-01
8.432035008461959136e-02
3.653166560007515828e-01
5.160705336594783033e-01
7.434544819207040689e-01
3.889079085853132667e-01
4.116091327861478438e-02
8.697225921859449427e-01
3.086107018555631631e-01
9.441644610107027824e-02
2.663206228158992994e-01
3.459171830161785754e-01
6.413121830898629860e-02
6.772728061293548096e-01
8.094347816436959775e-01
3.765078314447049546e-01
2.659281963411642691e-01
3.832905090359783884e-01
1.597097950666042654e-01
2.688882007663616000e-02
2.406405774168531367e-02
2.856003832790799390e-01
1.401962964614706340e-02
8.363172538778845810e-01
3.310982585317903126e-01
4.410332763227586272e-01
6.070561118382173937e-01
5.219200073160634723e-01
6.867828651575946797e-01
2.566345623835444290e-01
1.778268519983797202e-01
2.413926350907011908e-01
9.060139460629609287e-01
6.933888535709270551e-02
6.332089924447478757e-02
8.147010860551363587e-01
3.172719689313546199e-01
4.920331480272294861e-02
1.099217979128414846e-01
1.547730543054257890e-01
1.036943392181668977e-01
1.526291690911447119e-01
7.812915311480940206e-01
1.214205305620348757e-01
3.853479357944540606e-02
6.750490113678101478e-01
1.103336334168696226e-01
4.013264227406929119e-01
3.451052129627795728e-01
6.450865247509494915e-02
1.431996120198315570e-01
7.696242576129215252e-01
3.992143715267589821e-01
6.850479401685969361e-01
1.583104083551733210e-01
5.106529939500395465e-02
2.289087050017427349e-01
6.762702543168490343e-02
6.711644072625139179e-02
8.032628990551531067e-02
4.352285578173250430e-02
2.181264763351404012e-01
1.124852526330274161e-01
3.036337612723891133e-01
3.617761485714915959e-01
1.238648172325330921e-01
7.383335413090464927e-01
1.168861869965533845e-01
1.390382660766432688e-01
4.559510805209601170e-01
3.295113574546348900e-01
1.106421546394728422e-01
8.968965736215015472e-01
5.139607053936791348e-02
4.828953014339149030e-02
6.217614580558502441e-02
3.283770526579051635e-02
1.742999164737634998e-01
2.515264911436705941e-01
1.547097569932913141e-01
4.938024085717085399e-02
3.668348279616373553e-02
5.774484877557416462e-01
3.138004019723599630e-02
6.236352574374418589e-01
3.613103828110496574e-01
2.870952716209448363e-01
4.502861368344869830e-01
2.437376935211758855e-02
5.076760154407529146e-01
8.286076119684875063e-02
4.385999034041225819e-01
1.566550719362719973e-02
6.313956978806968268e-01
3.230742793642694677e-01
7.000752641523212416e-01
1.544545279173957682e-02
1.120582016452588148e-01
1.756226271055900678e-01
3.094326640392754402e-01
3.729379313289719888e-02
5.440232461176857104e-01
2.547272161139532698e-01
7.128371327443837335e-02
2.939177203140753702e-01
2.040035252118023099e-02
5.374103636024192554e-02
9.521612737254855907e-02
9.786085309906925600e-01
3.632088310345082949e-01
6.318938428525966433e-01
6.828656567823826462e-01
1.563571987223939252e-01
4.725332804568018741e-01
1.913663007243996683e-01
4.915047767634205256e-01
4.146760597907434565e-01
2.369275114273087721e-02
2.887057585183899766e-01
4.789992873959603714e-01
1.288728802376819249e-01
1.708127800808123542e-01
7.838357387769255835e-01
7.813998077077510818e-01
6.695021209121010397e-02
5.101476612743874872e-01
5.936279596099512945e-01
1.827999794660323807e-01
8.741008490802097963e-01
1.031853294020878831e-01
6.706346667574621945e-01
5.786269956773874013e-01
2.765282314222867188e-01
1.554449140336390534e-01
9.788378233455365118e-02
1.810178883387828508e-01
3.032544085613286811e-01
2.550792940709652457e-01
1.935729851298139681e-01
1.865076075202544981e-01
2.437376935211758855e-02
9.916253728990830074e-02
1.277804800964721099e-01
3.164863371371026135e-01
5.455617770726007426e-02
2.208778671103290084e-02
7.291382761071069085e-02
3.006593147299850277e-01
1.023347316709401905e-01
4.479092814093178498e-01
2.919878285816889241e-01
3.417630481544897680e-02
2.637762363684191813e-01
9.762085289500432861e-01
1.572251683895797281e-01
1.710100520544575661e-02
5.514403968133668732e-01
