9.507627796986300339e+00
7.915667692241716402e+00
1.121731653775388082e+01
1.007242621317426057e+01
1.118094298205751791e+01
9.201742113684117541e+00
6.593275164580069791e+00
1.023157140862403658e+01
9.430134160746046490e+00
8.637493329074590775e+00
5.672685364693976773e+00
1.092889240521481398e+01
8.669988893263647967e+00
3.989852673272176631e+00
9.738749710710662200e+00
6.545544020699017196e+00
1.147546271401159323e+01
1.070900864905152439e+01
6.483177651335164882e+00
8.587486419312989838e+00
1.077782381094094788e+01
8.245708604932064034e+00
8.614224750821927401e+00
1.140022978108978435e+01
5.715752165315222122e+00
9.378338459269787819e+00
8.600351773827087598e+00
1.043232599788716364e+01
1.039779561893237059e+01
7.129270358729310253e+00
4.662182378848847009e+00
1.131430490678624068e+01
1.135254385298571123e+01
1.078974680264894914e+01
9.986149977353582230e+00
9.662736527479978577e+00
8.659185769077954120e+00
1.002243112525447266e+01
7.389672073537950858e+00
6.614287243396097971e+00
8.020853435220187677e+00
1.030277671497910674e+01
8.258793490587184039e+00
5.857844207479891097e+00
1.003145733037977472e+01
9.915454125024441012e+00
8.182166826575210550e+00
5.408499446177065018e+00
9.414071949758511693e+00
1.040954667112721488e+01
5.740611348903151168e+00
8.813669926728405102e+00
8.606434749800881079e+00
7.670485755475106693e+00
5.835722911729775753e+00
1.062201425893604956e+01
5.792550183899648708e+00
6.457965542076387955e+00
7.948389443071659954e+00
6.593275164580069791e+00
7.536737241097814177e+00
8.289494424773744541e+00
5.738513140042081240e+00
8.753963626198169479e+00
1.136665525326588977e+01
8.750227934091254767e+00
1.113239521328292980e+01
9.194418280532381971e+00
8.298967436914301388e+00
5.872723169580187808e+00
5.616405756244149394e+00
3.616023689752100534e+00
6.910498175819072664e+00
7.395486668328467239e+00
5.763510022397203336e+00
8.121536361293157924e+00
8.687711242725516314e+00
9.970376177506841131e+00
8.511692505769939743e+00
1.126367622090889142e+01
9.402248006889154297e+00
1.075190341872868771e+01
1.075403356727401238e+01
9.295410521294844131e+00
5.601379215532421796e+00
1.100214714380282821e+01
7.571657525270578226e+00
9.231399738827001045e+00
1.054629506730004529e+01
9.441681867568075148e+00
5.916485879874545439e+00
1.097700692554345281e+01
1.113298972420877320e+01
9.730694300903909522e+00
5.871659124125457652e+00
1.107152973975360588e+01
8.787700726823580055e+00
9.463800679495612656e+00
1.055522087419532795e+01
5.755467226619773058e+00
8.651945533614130213e+00
8.845882656188919668e+00
9.146997127077115763e+00
5.771115481123089808e+00
8.673923103624673558e+00
8.300475931893622317e+00
5.715854134425910615e+00
7.947378722461975187e+00
1.145988009144285158e+01
1.011455073811271532e+01
9.846998120629800511e+00
5.959185860571652782e+00
8.612211078134606623e+00
9.866366003379468452e+00
9.067396868808891952e+00
9.639930367766975650e+00
1.112909863698643775e+01
6.711062575796502117e+00
1.111778218323217970e+01
5.877502303531411343e+00
1.043892920326618956e+01
9.963619099268310464e+00
1.077782381094094788e+01
8.883852416304796051e+00
8.535566653577992824e+00
5.738513140042081240e+00
8.669246771116117856e+00
7.289321219547468367e+00
1.135597336154540749e+01
1.110080037580015855e+01
5.872225600276172131e+00
6.114240361874081486e+00
1.059569247772254208e+01
9.749340946975324940e+00
8.484249828964539830e+00
1.103478442786860469e+01
5.790042705638229315e+00
8.783205216977821195e+00
6.523235651048267414e+00
1.142616504597567584e+01
1.068610236190415819e+01
5.954698158103293615e+00
5.545013138061007929e+00
1.088044182398933657e+01
8.826660751780838865e+00
5.783490596927221894e+00
6.879258204649484121e+00
1.111466034093214361e+01
7.102464360299747703e+00
1.085357417038903982e+01
8.641199050315949037e+00
8.179002587859507400e+00
8.083133941155889346e+00
5.769353479593102740e+00
1.012378084933777700e+01
8.764554720723364056e+00
9.977630503012164809e+00
7.061785975583303454e+00
1.096822416952047874e+01
6.517562065603129895e+00
5.983382946678522885e+00
8.250063297276263086e+00
6.003641322407873737e+00
9.022072662890245454e+00
6.400486434443447337e+00
6.218426640608304190e+00
1.024122373041006462e+01
9.003764750355374602e+00
6.034655189063256486e+00
5.707440167917038565e+00
1.101629517559692673e+01
1.021153294731136363e+01
5.757359451196555788e+00
9.039030935253940413e+00
9.213909218410641699e+00
1.094392233359986122e+01
6.055273210858387323e+00
6.492450663776275555e+00
9.815281139600484650e+00
1.144680445722533868e+01
5.688762288615230034e+00
8.006133817125853369e+00
1.129823604911210744e+01
7.424643219852951503e+00
7.810605149497114041e+00
6.625753792203247450e+00
9.178815714683771887e+00
6.186550300520461398e+00
1.053560039775268464e+01
8.634411537891987010e+00
1.060925884546201559e+01
1.118778491865338154e+01
4.301813358808288079e+00
1.092156812967393087e+01
3.950087651425517432e+00
6.850577949837358460e+00
1.111466034093214361e+01
1.135674567639251720e+01
5.467875572133282347e+00
1.116587114821867566e+01
9.192715623873004560e+00
1.143033662370605263e+01
5.545013138061007929e+00
9.760121296683712089e+00
5.722582529116027494e+00
8.434595012553630866e+00
9.112043942943284236e+00
1.128158803723279746e+01
8.538163017899986329e+00
1.093980991692707150e+01
9.969953506242170249e+00
6.076265006892273668e+00
8.172947823779100673e+00
6.584273409863574678e+00
3.011495562297947792e+00
5.853287190978743837e+00
9.174567576154393223e+00
1.026293683574910354e+01
1.021828236274593493e+01
9.554777850608386913e+00
8.675973026952735978e+00
5.855961671302839733e+00
8.662907590697667359e+00
3.604164704842258260e+00
1.071829672211767814e+01
8.993404869193403428e+00
1.135248238969419887e+01
6.060707193272284243e+00
1.119411605020007272e+01
1.113226676131068871e+01
7.438896664495354472e+00
9.524672005518716844e+00
9.507627796986300339e+00
9.442129661592250756e+00
8.656728700822556632e+00
9.564514407627278558e+00
6.765452336070182149e+00
5.780750898958782358e+00
5.898785370929136462e+00
1.054127633774385231e+01
8.790724431990575738e+00
8.735807743265660008e+00
8.238905578465715251e+00
1.091824104568126685e+01
5.896858516175091935e+00
1.146884472007986666e+01
5.750091264853773865e+00
1.000665091787358385e+01
8.434853039622606019e+00
3.659124839586864741e+00
9.969864143685086333e+00
1.081497288281840419e+01
5.601125209502494151e+00
8.001052151391737866e+00
5.833629614264130403e+00
9.709171967407833392e+00
5.860498252229890959e+00
1.014583484436078820e+01
9.504154502683736183e+00
9.616539097654420942e+00
1.148815457759671688e+01
1.135770002236892751e+01
9.930851348992392857e+00
8.634726196515812191e+00
4.705817800269082696e+00
1.057431298854555024e+01
8.371654582980934123e+00
7.704196728615516854e+00
8.585394525777079622e+00
1.139410711878241855e+01
5.727275814716640490e+00
5.714194253249642586e+00
7.773715727334485237e+00
6.552307125138917776e+00
9.176349878388126768e+00
1.132572660363247330e+01
1.023132710752018681e+01
8.255815702334801998e+00
8.776642132641354621e+00
1.077111034120498090e+01
7.801475606607347402e+00
6.406153009890640959e+00
5.604593252562320771e+00
9.643703983974871718e+00
8.030539584804008868e+00
9.015893417821377653e+00
1.094771525010667546e+01
1.000665091787358385e+01
6.117423605264344033e+00
8.902131102066693558e+00
6.540953039617558140e+00
7.690485676195121911e+00
7.684379097374587353e+00
1.144537328732511128e+01
6.168113310132596006e+00
1.094047557627379952e+01
7.159842934162800709e+00
9.888594435929693560e+00
9.193885631177145967e+00
1.128466209348916571e+01
9.979136464583298505e+00
1.151414375922060529e+01
7.187073963857623760e+00
9.211780989447467149e+00
6.712024890586091530e+00
8.636594468009024084e+00
1.001993395711526524e+01
5.741919739612106000e+00
9.958151684741080700e+00
8.718467981432208802e+00
5.716613417757512750e+00
1.094329873919425289e+01
5.812831048121335442e+00
1.057431298854555024e+01
9.585123298138629622e+00
7.731452868069656148e+00
1.091071700645965592e+01
5.365317020252961200e+00
9.556272082951425162e+00
9.896350183978713133e+00
9.325045087934265453e+00
5.286894288243340512e+00
1.040754715829945809e+01
8.610253339190139243e+00
5.866596139653552200e+00
1.135601399910221865e+01
1.145604610468073048e+01
7.066560612309442213e+00
1.067311164423987613e+01
8.542724172098775881e+00
9.190067689222757963e+00
5.500773583291275415e+00
9.083746983446326695e+00
8.815678552915224842e+00
1.078396644245448854e+01
6.009268902635497511e+00
1.051417314903171096e+01
5.871086430554337987e+00
9.737826550234258249e+00
9.775415887246040825e+00
6.040249833627262532e+00
8.475103624682279957e+00
5.786239560909493207e+00
9.443866166993720057e+00
5.942172535855158699e+00
8.463148759641820007e+00
1.110393881841631725e+01
1.081201434515065429e+01
5.668092703073255301e+00
9.285625774502566543e+00
6.260362298920406410e+00
5.715487804722645393e+00
9.040139301220337487e+00
8.660439189268737792e+00
8.589815517651294030e+00
1.147546271401159323e+01
8.602571132469606141e+00
6.034655189063256486e+00
1.004483036378082161e+01
1.063044619915058320e+01
8.241933353673296381e+00
1.060881107805255397e+01
9.450819913364583158e+00
6.212843217042172128e+00
9.442197455604407708e+00
1.013163151852803168e+01
1.070835874413903177e+01
9.670225527659985332e+00
1.074233524282715990e+01
5.882886621186648846e+00
8.978785840732568246e+00
1.060881107805255397e+01
5.778225624675010330e+00
7.801458019335654193e+00
1.122957971329305593e+01
1.046591218428718584e+01
9.762154765058024708e+00
8.957880147117863956e+00
1.103163542737446257e+01
1.129451932723156204e+01
9.589736075257738079e+00
8.423566993388725166e+00
6.576755961110356097e+00
8.047699900043793875e+00
5.778257403607341303e+00
6.400486434443447337e+00
5.790078039795912623e+00
9.006183958973505099e+00
7.528943396139920807e+00
1.081067123315320316e-01
9.476030636720276235e+00
1.018202043555954184e+01
5.731031346033288010e+00
8.406819853509153617e+00
5.219302724227383727e+00
1.068361317248771059e+01
6.117620860293066620e+00
9.385054067943910283e+00
1.010030976311981021e+01
5.497446385983088213e+00
1.140724239265128404e+01
1.108907514954974260e+01
8.725309213258629626e+00
1.140140499778181749e+01
9.642434023819241418e+00
5.852972055752297287e+00
5.896752742987579232e+00
1.118069926637161871e+01
6.120332565669300173e+00
7.876917828231494667e+00
1.117842256687244173e+01
5.832374272257801806e+00
8.673194243414570792e+00
9.018124003653333887e+00
8.828062904255558507e+00
1.090706476487045151e+01
8.717608151107921088e+00
3.990102662418536283e+00
8.370525636754369003e+00
5.133715488836019247e+00
5.818603625312375627e+00
1.130085381630857633e+01
5.752626753601300713e+00
9.735126380848409866e+00
7.698611966069382362e+00
1.153444949519049345e+01
1.026828477463853417e+01
6.629650571013435467e+00
8.415334223628390120e+00
9.873553670066987920e+00
1.140005904076832977e+01
5.773043480658357041e+00
1.046893151302717584e+01
9.593566850486956454e+00
8.764113435552946640e+00
1.045440865223494242e+01
6.233396041003263832e+00
9.459283104413376719e+00
1.140771672919632529e+01
1.141943423367438015e+01
1.096495029303180324e+01
7.289612264992761048e+00
9.459283104413376719e+00
8.455777676132038678e+00
5.840863829884471059e+00
5.592698646603312618e+00
1.043538848777832584e+01
1.138060665902963464e+01
5.736634260905006499e+00
7.920334655266914936e+00
9.842124271947710668e+00
5.720302558194412690e+00
9.711408474546066927e+00
7.820534837133961581e+00
5.800663920602880275e+00
1.032778269362214729e+01
8.908670571847524755e+00
8.684919129112120828e+00
9.164944304840174638e+00
6.637035093551427067e+00
5.906564073245498037e+00
6.201017095511599742e+00
9.986049435073640623e+00
9.519609207005174767e+00
9.302579297089629051e+00
6.950657351765992864e+00
5.492887387969987323e+00
1.137755575762828641e+01
1.061003898766196230e+01
6.867439702855928196e+00
6.917714460669952992e+00
1.041701350054662534e+01
8.936546124107060507e+00
5.793033767127250933e+00
1.037029205634661899e+01
6.125144677947345961e+00
1.076040917525415708e+01
7.774517100835715233e+00
9.247074995727990299e+00
5.261142235181203830e+00
1.139675187597568140e+01
8.208436345879318807e+00
8.696624375628571713e+00
1.007446924814648348e+01
5.802509839950912962e+00
1.061531997185889331e+01
5.722525118894476570e+00
5.821479524703219610e+00
9.619631590207195160e+00
5.839346960568958522e+00
1.128641994113392322e+01
1.107613103841789659e+01
1.149953215511171223e+01
1.149953232476475584e+01
8.701806586924849540e+00
9.844334775837612739e+00
9.491641407225996474e+00
1.125926435082821264e+01
1.131816691698666588e+01
1.148509641453486019e+01
1.080776349565398320e+01
1.036448400432920991e+01
7.511658008916532125e+00
5.372982441262568187e+00
9.911352342103715074e+00
8.642775374154350487e+00
7.238544843917196658e+00
9.255807084869900336e+00
6.606133021276422213e+00
7.788197358100546808e+00
6.359679490543204139e+00
1.150001579915706174e+01
6.751004482521420158e+00
1.061138671027977054e+01
1.065698973580851927e+01
1.096563831699826608e+01
5.753327316186636509e+00
5.890367760322138935e+00
5.748954477893581050e+00
6.562488822342386285e+00
1.060681444757832104e+01
7.258494749856533090e+00
1.015327622981106082e+01
1.065031830776946542e+01
5.669277482897164155e+00
1.008330431133493654e+01
9.931066645165389062e+00
6.034655189063256486e+00
7.512562471605552794e+00
1.117697145858619834e+01
9.424318344565850936e+00
9.520086244080466997e+00
7.303480006695308724e+00
6.183179054714864620e+00
8.245708604932064034e+00
1.076767878356666941e+01
8.630442301167370545e+00
8.844199080041885708e+00
8.639612413179666106e+00
1.097159484761252024e+01
9.665348386252954782e+00
1.074418871599233682e+01
6.761840912152381478e+00
1.061531997185889331e+01
5.669303790584204528e+00
1.129914788970746464e+01
9.263613809654424713e+00
9.783327789594979507e+00
9.686151338948146616e+00
1.082080015485458979e+01
5.922348047150402195e+00
8.793085609700000305e+00
5.772653090884936056e+00
1.082402819280454054e+01
1.094362756212131416e+01
6.242674890464488868e+00
9.526438358609709667e+00
5.669902814067077301e+00
9.491641407225996474e+00
6.148878412270297744e+00
8.586603559100359107e+00
6.851456151641004411e+00
1.030198324967216905e+01
7.718387751052914858e+00
1.085503467849147263e+01
6.039732601869501671e+00
5.668156062168671738e+00
5.096010559732197187e+00
1.086743236822249337e+01
9.991152365330545848e+00
8.791875466009846818e+00
1.060064668324918991e+01
9.181122713889140030e+00
1.033062857158575376e+01
8.422646791179051462e+00
1.047495732259306678e+01
1.134523707533069725e+01
6.755823706472220636e+00
1.060697692740693121e+01
1.071872752525389494e+01
1.096495029303180324e+01
1.074366917141927047e+01
1.018465154585414112e+01
6.607476296560744089e+00
1.084878705304377355e+01
1.137088147043446718e+01
8.456660434306504825e+00
5.926196041649782309e+00
1.094362756212131416e+01
8.692333710700527405e+00
8.621131046624178396e+00
6.101981776710603711e+00
5.723227497135059849e+00
9.836551498024048712e+00
1.114592832948578405e+01
8.378973130176188278e+00
5.776551229954350219e+00
5.838536547332989102e+00
6.794579802944861413e+00
1.007242708125163944e+01
1.018214696320557877e+01
9.975279909068094142e+00
1.006620001297241807e+01
5.354730767357120946e+00
1.074236513156922967e+01
8.584847525089100984e+00
1.132103165487713881e+01
1.056805816772406281e+01
6.249790312762968369e+00
5.777521149331771078e+00
6.076509688663483288e+00
8.680796502969373662e+00
9.628896934154740350e+00
5.719686388091107077e+00
6.283893457033795649e+00
8.066993843291596633e+00
5.588145096035311177e+00
1.115567454014681914e+01
5.761262906531618988e+00
7.091360117505791649e+00
9.517535298777552555e+00
8.695008194886515440e+00
7.284846915564223480e+00
1.035526075484597186e+01
8.880318680360154815e+00
6.957725429807557482e+00
1.009634848545786490e+01
1.058824668455138607e+01
1.151322456313752340e+01
8.593815156743008998e+00
8.492878889744179816e+00
5.658439086478960434e+00
8.256310021692678802e+00
7.732566988569957722e+00
1.082362550430440074e+01
8.086630368052301066e+00
5.944083725521210226e+00
5.601107131675234108e+00
9.322702960704845054e+00
1.005287528948746001e+01
1.102342716593333449e+01
5.803105184782947568e+00
1.150031886335363751e+01
1.042515179357771871e+01
3.659124839586864741e+00
3.554971751466862617e+00
7.292001715922584282e+00
6.411968991247265492e+00
7.506458928420392418e+00
1.128645282387083704e+01
9.331153944610496964e+00
8.648739182291880212e+00
9.274878082140492808e+00
1.149475144194689058e+01
1.081618220967706101e+01
1.101107482326543519e+01
5.330835468310749725e+00
8.300756159885203544e+00
6.711062575796502117e+00
7.055880921568911113e+00
9.164046781996264102e+00
6.700273503408717524e+00
8.790724431990575738e+00
6.038868768269117560e+00
5.715525754011632209e+00
5.748093496740278141e+00
1.140331072524293710e+01
6.621939496693408422e+00
6.760907356265893675e+00
8.648219089763113487e+00
5.727275814716640490e+00
5.723875649395602672e+00
3.283398995226020300e+00
5.435557735795816470e+00
1.125374156665830050e+01
1.046014304368079983e+01
5.597931738484557940e+00
9.504154502683736183e+00
8.636250213516536434e+00
6.527677918643588484e+00
8.497424205253121698e+00
8.668725141038780890e+00
5.681446991421574388e+00
6.594566434349753870e+00
5.733922826894984226e+00
6.289396632394041120e+00
9.900419333716492076e+00
5.752388985821119682e+00
8.534751472059141975e+00
5.888929240424157108e+00
9.383689714837627704e+00
9.119826512389032303e+00
6.182339966235034012e+00
9.827591555552464442e+00
6.837915325768500807e+00
8.593529304071914510e+00
1.061219507112876315e+01
1.070767267669926781e+01
1.134252001523347353e+01
6.102737866426463320e+00
6.932901568279278059e+00
1.123512693987887801e+01
1.128170471046945877e+01
1.133295107834180016e+01
9.857863136732873954e+00
1.151360736271850804e+01
1.007735568938589665e+01
9.897693763125944955e+00
1.118082453595370218e+01
1.046251617483525997e+01
2.033150629839141632e-01
8.373001359857704884e+00
8.180167924606621455e+00
1.126999485041520543e+01
9.508737295215201613e+00
3.989334787594506881e+00
5.812629187402051478e+00
8.590450602265470081e+00
1.100842201507713014e+01
1.079596545604274915e+01
1.078575698827979856e+01
8.607818732382531479e+00
1.094676120883097248e+01
5.757490866300527976e+00
5.806142796515632476e+00
1.095698919854024034e+01
9.643618160228939473e+00
8.987594033462254828e+00
1.145111790272626529e+01
8.244034865621227226e+00
1.079905208704306396e+01
7.968194158422976514e+00
5.963004418071450097e+00
9.823629209742660962e+00
5.601696515147088107e+00
5.862394005024269994e+00
6.521546479682827524e+00
5.723013042715444421e+00
1.005168302381377288e+01
8.781053226809525825e+00
8.037615295778969937e+00
1.089250409130211672e+01
5.890963264277311318e+00
5.820303446506975398e+00
9.632334670704494783e+00
5.750780524170563623e+00
1.108836815973278966e+01
8.780186252655106216e+00
8.719693578014073410e+00
8.260565662814384424e+00
5.794736112222519608e+00
1.038921135749424174e+01
1.129370557725886570e+01
8.096859687410178807e+00
9.572710497268523966e+00
1.083760685715704142e+01
5.860498252229890959e+00
5.774839920249441150e+00
9.033212608468753402e+00
1.065411048275672456e+01
1.022187074829959919e+01
9.146911324321223447e+00
6.846612312129322753e+00
1.074880105506801264e+01
1.067477599074120675e+01
9.223774293727990070e+00
8.430424047314877711e+00
8.648008290921113783e+00
8.526000052620423375e+00
1.152514319003913457e+01
1.063871080501245814e+01
5.604593252562320771e+00
1.132572660363247330e+01
9.940785895468206235e+00
9.762588629792308126e+00
1.113949679257738801e+01
5.466599651252030512e+00
9.458204213081975453e+00
7.691966162492737347e+00
7.733220208101915460e+00
9.057039831945496999e+00
1.149055049193885658e+01
8.776186986699762826e+00
5.886065115992974661e+00
8.657512258832861463e+00
3.325851360504826104e+00
8.712613845638021104e+00
1.048986744669132953e+01
5.622369819935070900e+00
8.789894117738718649e+00
1.007144113583878564e+01
1.073587374777853753e+01
1.106904648253808787e+01
5.775118311901600521e+00
9.039030935253940413e+00
1.037401153358749184e+01
1.136129711649282470e+01
9.080007869595343450e+00
1.029642907111593431e+01
8.771311253633921723e+00
1.139247364010459940e+01
1.062201425893604956e+01
5.747784954470115615e+00
9.974798449184245186e+00
6.999709320643623833e+00
9.003247352304940776e+00
9.364913899734679248e+00
5.857279042720492157e+00
1.014136829918063221e+01
5.834895720991260859e+00
6.875591213382689304e+00
9.590094281278700450e+00
1.076968973355468862e+01
1.060064668324918991e+01
1.114241478287403631e+01
4.053508568408817681e+00
8.529785667868521770e+00
1.126269576905394132e+01
1.083522469608583449e+01
8.648219089763113487e+00
6.926600165639411166e+00
5.753001570081068827e+00
1.142570177260669695e+01
1.149393565330111500e+01
8.949941036838488628e+00
1.150588386035422417e+01
1.129824436037692692e+01
5.715037798879073705e+00
6.078754355674025334e+00
8.704191072427647669e+00
5.614195473745957621e+00
8.941613367438064230e+00
1.017701470526316498e+01
5.770602692340400353e+00
9.885715806062147948e+00
1.028460992736150459e+01
9.984768550391075692e+00
8.683327538381510280e+00
1.078083956805807198e+01
5.958261330939079947e+00
5.950598579392347709e+00
1.045851342766751735e+01
9.359451922072626218e+00
1.075072396656211637e+01
1.108395763204886642e+01
1.048262224641499607e+01
1.052976588215220666e+01
5.758072409271232317e+00
8.762322093614780982e+00
6.656829113728189640e+00
1.139675187597568140e+01
1.079642537917455591e+01
8.797198589986695794e+00
1.074216922493971005e+01
5.716478094620527806e+00
1.045138097722570514e+01
8.666076856855095656e+00
7.629547124142104231e+00
9.487421246808938946e+00
1.112826177187733556e+01
1.152825588895815301e+01
5.944390443484628861e+00
1.060881107805255397e+01
8.916573396134111817e+00
5.888008000475560166e+00
5.852054331417658517e+00
5.982197594762693527e+00
9.399799031377719771e+00
7.076024575850661691e+00
1.110305053602682790e+01
1.013224571337280722e+01
8.276987816921373309e+00
6.094743681118148793e+00
1.013241270166236419e+01
6.131912847555375023e+00
1.022087116249560168e+01
1.001827519099702712e+01
5.828600481183551452e+00
5.800308375954424278e+00
1.097971756575221391e+01
1.027474749833000445e+01
1.133699769678997171e+01
5.733743681788545210e+00
1.065008460338671448e+01
7.150907962195170775e+00
5.611179886340083911e+00
5.295679765072795142e+00
8.504288456360516335e+00
1.086384029711143384e+01
8.218348716297114720e+00
8.390209604115003827e+00
5.796248505750921431e+00
1.135046035495526162e+01
5.740570299004564170e+00
8.765990008715434101e+00
9.640774337974374220e+00
7.887174868537639050e+00
8.615579998065978629e+00
7.853506445376527978e+00
1.061017836597035391e+01
7.752260582927770649e+00
1.021649970044697575e+01
5.799378844167731195e+00
7.968194158422976514e+00
6.641607504258898231e+00
5.815468278370312660e+00
5.804052161293536294e+00
1.053769247010581367e+01
8.227368046034344573e+00
6.372862669149350623e+00
6.213919962260199270e+00
1.124025468961663243e+01
6.039490592795061730e+00
1.129364469231768453e+01
9.951318060792592846e+00
1.074216922493971005e+01
1.091824104568126685e+01
6.867439702855928196e+00
1.052844600914700735e+01
5.645227576304265860e+00
5.959913119419234739e+00
5.880600603134553239e+00
1.014641193973936595e+01
9.635845047436568223e+00
4.083166454681149915e+00
8.591607299833661671e+00
1.074329609078469971e+01
1.102410453543921598e+01
9.848384962395012820e+00
8.675317365704042771e+00
5.601068660256505183e+00
5.714194253249642586e+00
5.878541743759737592e+00
1.144520517865401921e+01
4.927630665696264955e+00
1.111784304233561826e+01
8.098118029192036715e+00
8.770283137178404687e+00
6.539106316795174401e+00
1.015939241434879570e+01
6.072095038760751962e+00
5.856363963679057427e+00
9.259182666554327312e+00
1.143077632704087776e+01
1.152270291805037949e+01
8.420846273950619576e+00
6.035973581398097920e+00
1.021943469199402266e+01
9.308569978364989339e+00
7.815337875869385442e+00
6.795429445285689596e+00
7.364872284967151295e+00
5.880358139666167716e+00
6.750684379385488931e+00
7.928468158326828608e+00
5.411040763144293386e+00
1.132902944830855319e+01
1.122455193071190749e+01
1.038765065649177544e+01
5.667342725928786962e+00
1.098801477322512810e+01
6.083573357989594754e+00
4.505633842402823497e+00
1.109471403635853370e+01
7.107322831478075642e+00
1.132103165487713881e+01
5.773544324497458469e+00
1.024563101406120325e+01
9.240984125174684038e+00
8.877777006380286551e+00
1.039406436482599005e+01
9.019184900903580271e+00
6.461394355395662537e+00
6.060944445984224771e+00
1.061952997149917977e+01
1.093025245790931343e+01
8.782424067981001059e+00
4.807357808123921217e+00
5.798955328603301318e+00
1.095959667768356383e+01
6.851456151641004411e+00
8.240960902673650779e+00
9.607159053413766969e+00
8.163291069779759823e+00
5.778900898952776366e+00
5.812649471749749885e+00
5.923266863245260971e+00
7.207577468493592932e+00
8.125197706000415465e+00
1.017607157384882655e+01
1.105547031623416743e+01
6.257594125311118916e+00
1.097124163741410285e+01
1.083841005096381238e+01
8.415493019439610478e+00
9.621859742786817549e+00
5.872185020528037036e+00
1.091656024265715352e+01
1.043381999597578691e+01
1.149680506387702117e+01
