4.875756954535645483e-04
3.806684697123177826e-04
4.920366718854392698e-04
7.518316732551596354e-04
7.233499832029866667e-04
8.406119760070579483e-04
1.109773547283711501e-03
9.890907686750359269e-04
6.778366181805910466e-04
7.761575282574047002e-04
4.920466950431131225e-04
3.510146190206935067e-04
3.549469169448929797e-04
1.140820732362985432e-03
7.386981882244972753e-04
8.664014663250488215e-04
3.205924077757170681e-03
4.345355996099243743e-04
4.041485282775023708e-04
1.995701057627421397e-04
7.495843236039268290e-04
4.667002307767388245e-04
4.048629654035110562e-03
3.475079420806498863e-03
5.707427168883744606e-04
1.085352668079625623e-03
8.654634845890789513e-04
9.802217934250761610e-04
2.253865271906807261e-03
6.438810817469781209e-04
7.674231159804246333e-04
3.951939488655597556e-04
6.651500545337916395e-04
6.161678955561833947e-04
9.765692454564045989e-04
1.720418395775177205e-03
7.128135131810370197e-04
3.655853485324970023e-04
3.805376606294236350e-04
2.829304790012609518e-03
2.906168668848580026e-04
3.079150421004659311e-04
1.072651175515275260e-03
7.068051444153318182e-04
8.597196183147381683e-04
5.539332727276268832e-04
5.731721526028661553e-04
6.328909493012024184e-04
7.543431974577591119e-04
5.824777344952292591e-04
2.183444988839825548e-04
2.612967461664520308e-04
7.311856062241174278e-04
1.666631076206123024e-03
4.121523261911210910e-04
2.213424440527114647e-03
7.688144186230783019e-04
5.166360424844163805e-04
5.087637628473927519e-04
6.182984127962446504e-04
2.070837328343808591e-03
1.001760783372557077e-02
3.296841741420499113e-04
8.722434371704631097e-04
1.004707598699033791e-03
8.932097004214450790e-04
8.859302045104374985e-04
2.882479173910028922e-04
8.051404385246019183e-04
7.846614250507097724e-04
4.501924753147336193e-04
5.561557279561674767e-04
7.837176933102845810e-04
1.292526893881396641e-03
3.009047597609961020e-03
2.811677387952819774e-04
7.883028583677442356e-04
7.733073787548748902e-04
4.108765484527317040e-04
3.753484094134462885e-03
3.972752591940297310e-04
6.071901548249777816e-04
2.811677387952819774e-04
5.069200787005528073e-04
1.256316943657294393e-03
6.028677104841458946e-04
9.283769651911921239e-04
1.479438466617099147e-03
1.910855844392046884e-03
1.867251174878064614e-03
3.824655596288150414e-04
2.635259577704112885e-03
4.875756954535645483e-04
3.016706261664903362e-03
3.593715552974227753e-04
2.073928975799714091e-03
9.435865021409259009e-04
5.062515008312436530e-04
5.718027891838381232e-04
4.542437829480133423e-04
8.535901731341409126e-04
7.947510586365941774e-04
1.522807678162722096e-03
1.374515700431439176e-03
7.846614250507097724e-04
6.244200290739945021e-04
7.204162359550191769e-04
6.840089482872168183e-04
3.418954966759483538e-04
2.274866486473143515e-04
9.761033268797387466e-04
4.194676931032304901e-04
1.667252124213414437e-03
5.412364277058943083e-04
4.983701143211772405e-04
7.412203319664702715e-04
3.083862416041181797e-04
3.790026578699337415e-04
5.282493536518673974e-04
1.224434058110824251e-03
1.067091396038771269e-03
5.695300965312298990e-04
7.632821101990145199e-04
4.824494317904362800e-04
1.475425122156121633e-03
1.330624277418112874e-03
5.517235133673729745e-04
2.891044077725571371e-03
4.638450644147996136e-04
1.459075954249804607e-03
2.044830752837053199e-03
9.107307898224654627e-04
2.436526648756916029e-04
3.321390368558620166e-04
9.520088102551383302e-04
3.315736630838457977e-03
5.145047890495525224e-04
5.223876473319132496e-04
6.552162016346351186e-04
3.219984720586280703e-04
5.424665351599353754e-04
1.236065970986970249e-03
2.290724767151032699e-04
7.137226638638036321e-04
6.161467767263589367e-04
6.073214207358017432e-04
1.813629150563576993e-03
4.715779426843779202e-04
1.120022125431291470e-03
1.074720665892803066e-03
8.839796254385631508e-04
3.431765324547527557e-04
6.143324172176502793e-04
8.413270818142579545e-04
1.410633741931276077e-03
8.110326365326734092e-04
1.709293478739413530e-03
6.794856562170113572e-04
5.622161367917126538e-04
6.541165525889219368e-04
9.393355848477003434e-04
1.540582085155326993e-03
1.050022721843491729e-03
9.414378123144176002e-04
3.561066697322927584e-03
9.883979887751739510e-04
7.472147400101555349e-04
3.605718737947901189e-04
1.075694382149724494e-03
7.273822152460949781e-04
6.332315478851037634e-04
1.085352668079625623e-03
6.639671763980626142e-04
1.382434102780895433e-03
7.125336542351431686e-04
1.559678115955024768e-03
8.235845659896601223e-04
6.917321641235453988e-04
1.323812571887535540e-03
6.989728687593722367e-04
1.740087075375315985e-03
6.652791750067040726e-04
5.514039574118321119e-04
3.593996495114247253e-04
1.307114738052856740e-03
6.808099297779681520e-04
8.932097004214450790e-04
4.366908132676945026e-04
1.747965832266595030e-03
6.389398052270031745e-04
7.949546978452013898e-04
6.043066720301350832e-04
4.520374709771638128e-04
2.784756912383193079e-03
1.244979662674532226e-03
3.865117362800136558e-04
1.282701686716544330e-03
5.807719568547113501e-04
1.432935062586949276e-03
2.003122593751998064e-03
5.136811404862659481e-04
7.774714877778651475e-04
3.702096576660329937e-04
3.275521806719967292e-04
4.176028802854906503e-04
1.091208150361825399e-03
4.302484385899419165e-04
6.332073241516049692e-04
6.045125093435936440e-04
2.536834521685856804e-03
3.844119887744247804e-04
7.960835529929465200e-04
1.929233524298430875e-03
6.067529531122128591e-04
1.707184087682489353e-03
5.478838905334806018e-04
7.611609337536546756e-04
8.905341286606177588e-04
5.554117486873754546e-04
3.999686664933356766e-04
1.067091396038771269e-03
3.997911463894241639e-04
7.087500724731490799e-04
5.142197885401915891e-04
3.341358090856988276e-04
1.255483486723691896e-03
9.339195921584592715e-04
5.730110123956462563e-04
4.432952581347294834e-04
6.664008153528207853e-04
1.642751559354136814e-03
7.960835529929465200e-04
8.294233511458624182e-04
6.796012316611661080e-04
8.642410781268291924e-04
8.261112110496011138e-04
1.311466501193433174e-03
6.869435331283653195e-04
5.632170593690218226e-04
6.822395106944778749e-04
1.415127127408003383e-03
4.433154257953282563e-04
6.397715197620076552e-04
6.148480050680456797e-04
2.541362924032415605e-04
6.352158970331303481e-04
5.062804551042745897e-04
1.299004633577102328e-03
6.659166872314166430e-04
3.327989879754512676e-04
3.824655596288150414e-04
4.928452140583412583e-04
9.900035458822284591e-04
6.582451959425295734e-04
1.146631776237427370e-03
3.493789089177861025e-04
4.197259373768200152e-04
4.096313316321039755e-04
9.365047678782149020e-04
3.155107234520775072e-04
3.714456148147808243e-04
7.786273962228779100e-04
7.019096760827478552e-04
2.406456295355023113e-04
2.859679029060217402e-04
3.423334551913436601e-04
4.207242711743167584e-04
7.244810599666801857e-04
1.281462024823684480e-03
4.418551244791799515e-04
1.248690567247577685e-03
1.495884672386192573e-03
8.883770699536962462e-04
3.855217932580699597e-04
6.683175168616880841e-04
6.928668612355975845e-04
3.756825249907365513e-04
1.407844607046865142e-03
2.926500790808415778e-04
3.485092744253194303e-04
6.167230747163692786e-04
8.817861344666842781e-04
3.605555159409399614e-04
5.276007927383512307e-04
4.323235581735251692e-04
1.295304624402084017e-03
3.338984574932465487e-03
6.470358552284474285e-04
1.178340775122077144e-03
1.044596322372711925e-03
5.973058810682041952e-04
2.459962661020024741e-03
4.221366706488118058e-04
6.892081195300058666e-04
1.390660196966841435e-03
6.501690429124549770e-04
1.181541947858905659e-03
4.686695462277142726e-04
1.423518446736528114e-03
1.160593658920790455e-03
7.749895082861440933e-04
4.260699407373551512e-04
1.415127127408003383e-03
2.352239178220242547e-04
1.515860001379919133e-03
3.477741846808612286e-04
4.809643021775624437e-04
4.815568407894689810e-04
3.424435724468080557e-04
5.725132022666565203e-04
3.784260388084732113e-04
5.488824427426659824e-04
7.314037228247443310e-04
9.358772496553548724e-04
1.524573361202639183e-03
3.475079420806498863e-03
1.167988211153758987e-03
9.404760715836872056e-04
4.396221339669330601e-04
1.314852825365593180e-03
6.416484872487031700e-04
1.060674739447132597e-03
2.406456295355023113e-04
4.322506426137042910e-04
3.886026969615977459e-04
4.341505146236757789e-03
5.651502478834537213e-04
8.837071780329542247e-04
2.473226385800511031e-04
3.805585965171510206e-04
3.361717345388945161e-04
1.328464789489894153e-03
1.433700475926316794e-03
1.945971520916286567e-03
8.439898683724333809e-04
8.061532626056046790e-04
3.759695154634007819e-03
1.091003572035265622e-03
4.117213415941337680e-04
3.743265623226117809e-04
5.590898421133171483e-04
5.980361137416751816e-04
3.772125787330125012e-03
8.240987257608939787e-04
3.072882262438184011e-04
8.296297350515566445e-04
1.342511841223296108e-03
9.594948513910206986e-04
6.027623557328642403e-04
8.727125431925967939e-04
1.528372976494409919e-03
1.301946573741065297e-03
1.320813355156200564e-03
8.371243261276209652e-04
1.145010308223831782e-03
7.062275229948558912e-04
6.646097464378241271e-04
4.480566446348929993e-04
2.219271210268482404e-03
9.026787572330833859e-04
1.032776671396340006e-03
7.719371946800342383e-04
5.161082974327046990e-04
1.423311431149824413e-03
3.391718673633157231e-03
7.087716413203805571e-04
3.460776026060582338e-04
4.118543424965428090e-04
3.603223333792847328e-04
2.000947163984309086e-03
3.517380496576025055e-04
4.667002307767388245e-04
6.056914086516168843e-04
4.097834415728282055e-04
4.447688708292936660e-04
3.769601509879023254e-04
6.235228843755213262e-04
9.119365299293940045e-04
6.528989907518536681e-04
1.910855844392046884e-03
9.192358963980445680e-04
6.986557545528450765e-04
9.304949061759979802e-04
3.424105557156618788e-04
6.270392564308928211e-04
4.110950929278595740e-04
3.605130326718130858e-04
1.317957506395460747e-03
4.209082421440520452e-04
1.583792727346020534e-03
2.089977221051841569e-03
6.344366992466794882e-04
1.353179516132426872e-03
5.383722296573920226e-04
7.102912450872748496e-04
1.947716455707777447e-03
6.244883987394395531e-04
4.955042472368935197e-04
2.539520322643226669e-04
5.234873662117037543e-04
1.249847826499372308e-03
1.766509134162621425e-03
6.529534893176515637e-04
7.087818807262561555e-04
3.510146190206935067e-04
1.235738594742280278e-03
2.014407771034499878e-03
1.608046935883759724e-03
5.438560798289818633e-04
4.713122457069194812e-04
7.060489053167264516e-04
6.515924420503857624e-04
6.312947594411776053e-04
3.141652996031712498e-04
1.425141642222818757e-03
8.376915316436361241e-04
7.173964621948294203e-04
5.763554783688403828e-04
1.636171266156849881e-03
3.356400206388559723e-04
5.947990728430678628e-04
3.903522621585705198e-04
1.013000854593439646e-03
1.284696610037003002e-03
4.533413563790239346e-03
4.897415241052511950e-04
7.256211490150289104e-04
2.530655923111166210e-03
7.274129288448081231e-04
5.293206598679378594e-04
5.501994526769059648e-04
7.939182124638962052e-04
6.076259511125581617e-04
5.588595566857059794e-04
8.657064295135351393e-04
1.733757974399561738e-03
2.622979529791959544e-03
8.265364466414387885e-04
4.731385495136673260e-04
9.818884179412089731e-04
3.772082814380157121e-04
1.043453010125216162e-03
2.742141803513664915e-03
7.178750300657884892e-04
5.195924246547151820e-04
8.815935661620024396e-04
1.380144007340738293e-03
8.632152341395328164e-04
7.091592295216345588e-04
8.148136391644715190e-04
4.489800833664617653e-04
1.168855147574640119e-03
6.127502278726875296e-04
9.050788687963910815e-04
9.141079431109462670e-04
7.723917416223167109e-04
7.987501310595209640e-04
1.108252781221989985e-03
7.848076779116647337e-04
2.209123314291604363e-03
5.967766882924060686e-04
1.148718864563449873e-03
5.528921031590789672e-04
9.494347737364810039e-04
7.157055071897344039e-04
4.608620278896101430e-04
6.263598844123199070e-04
8.932097004214450790e-04
5.790020551401275006e-04
1.066467105557855621e-03
1.228942536583446090e-03
3.260766184513281402e-03
1.036596609736125827e-03
5.669832560221847511e-04
2.038769518071493429e-03
3.003977131714567219e-04
7.055453368747631330e-04
9.499292131787750526e-04
1.302589302323965866e-02
6.073511039397192510e-04
3.903522621585705198e-04
1.603047478804279450e-03
5.353071530127833820e-04
1.013000854593439646e-03
4.571504465305048720e-04
4.123337690012701304e-04
1.633870467635082507e-03
1.481968037581405176e-03
1.087775247009569509e-03
2.094335274352270189e-03
4.143866898551196512e-03
3.282278562028171417e-03
6.789601427250309493e-04
6.677582804127031070e-04
8.123431826990321026e-04
9.026787572330833859e-04
6.243048855015269263e-04
7.728906840363582989e-04
9.078558484124469056e-04
1.188044831017461521e-03
4.460171888715566170e-03
5.400949644057988957e-04
9.141079431109462670e-04
7.165584822514907545e-04
8.484441650795786520e-04
1.150937773747043530e-03
4.251632194933593011e-04
3.316267541273764437e-04
6.332135854343956061e-04
4.477808069644486039e-04
5.325709276037952130e-04
1.425243622756542598e-03
3.014196349821539702e-04
8.712286103927725008e-04
5.883544662853163734e-04
1.371941335965625331e-03
5.403916899918677699e-04
1.067155458678717807e-03
5.272995241032780913e-04
4.349261842000268978e-04
1.357696442949322653e-03
1.404910437426109106e-03
5.181047542695419242e-04
4.264046545576215025e-04
6.797764435076208110e-04
8.365193052890607193e-04
3.590632895567451863e-04
9.272431163945742214e-04
3.559581176335682739e-04
9.453955232255334537e-04
1.184775762770809296e-03
3.486972857944124131e-04
8.719962480998247464e-04
1.448099486307801321e-03
2.309613853175491484e-03
9.445834610195803999e-04
9.813055519485283564e-04
5.120572035660601743e-04
1.951756105916832400e-04
9.180192465695527059e-04
1.038659872534887160e-03
1.991747091925157032e-03
1.364856332139337746e-03
5.777183725665318388e-04
1.810174641779214956e-03
2.159982823903129439e-04
6.129244016544701428e-04
2.156846067653830478e-03
2.983842543128117030e-04
1.254435418273888107e-03
3.621554677373266446e-04
3.805024711312862836e-04
1.510675617452035416e-03
6.794227938730330136e-04
3.202882779431404613e-04
4.618418227263960691e-04
2.128822748913317478e-03
6.785959364948500284e-04
6.029328173111348204e-04
3.103175036906165090e-04
8.900127712763425186e-04
6.558298082917206904e-04
3.962583412476063170e-04
1.182420416441339528e-03
1.298112516788630690e-03
2.381318158167920924e-03
2.234344394465187164e-03
3.882505619262816335e-04
3.526637797882279345e-04
1.376793067670327095e-03
1.527085045630801512e-03
3.456581168023436981e-03
4.979397664557566952e-04
4.306624530879710634e-04
2.329278384012347367e-04
2.167251365258606160e-03
8.009188511154758045e-04
7.766403685560130648e-04
1.032524645412853962e-03
5.834906798492061047e-04
9.280637276788782216e-04
1.141877223248877627e-03
4.968912373847418108e-04
3.616676224618491867e-04
9.701250622135984894e-04
5.302854143310210128e-04
8.662721397033383780e-04
2.167251365258606160e-03
1.468904601090386059e-03
7.042940406216821820e-04
2.873108239066054798e-03
8.282408711788893886e-04
5.541399748543609062e-04
4.182679464158716690e-04
2.245186232790275915e-03
6.362078264157356106e-04
1.417315463907535588e-03
1.939646116922393373e-03
1.336203540347297289e-03
7.339880138849337642e-04
8.078793534099447090e-04
1.166664701123784663e-03
3.656790338277771612e-04
3.502372008272190457e-04
5.342303113330035529e-04
2.621538280291422530e-03
3.315072103719389268e-04
9.567318930988424376e-04
4.249843274059040329e-04
1.608046935883759724e-03
4.992590385446079877e-04
1.515846681506229218e-03
5.672057981605157497e-04
9.848792334940627627e-04
1.094363308209620475e-03
3.466984670972879791e-04
5.175498089666289965e-04
5.134804097153892978e-04
4.338970951990662669e-03
9.885028817976759374e-04
5.170198748896550440e-04
5.203318088977122290e-04
8.856955933112030475e-04
7.729585955297177922e-04
3.959373990997349367e-04
5.109176922467349247e-04
1.107659635578624874e-03
6.262369761879420715e-04
1.233680849057729092e-03
5.796820724392347159e-04
7.011691061575272893e-04
1.058172756930232270e-03
2.567531992173348212e-04
6.052858767731390116e-04
3.567195503642582935e-03
5.637484343611673518e-04
3.521755913821683691e-04
6.711412466270048329e-04
3.696093919486229899e-04
2.340771806996331042e-03
2.886164229640747372e-04
4.272342201887502854e-04
5.059526222504246318e-04
1.677495633743162099e-03
1.011330981172772758e-03
2.855393459045156394e-03
3.872661422518208795e-04
1.147240133644869802e-03
4.239273029075667546e-04
7.124371511638258238e-04
4.304935568374164000e-04
2.925028624004826199e-03
6.969103874543608251e-04
7.499823325389231047e-04
6.888473022316471796e-04
7.339152795569550821e-04
6.674007812229693038e-04
1.345595588970205717e-03
5.550240258215637362e-04
2.023109222700671637e-03
5.707427168883744606e-04
1.973520083083637501e-03
1.127820037336078104e-03
5.362248500659611656e-04
7.499823325389231047e-04
4.080907835129022406e-04
4.295518624526816452e-03
1.951756105916832400e-04
8.997576484837377896e-04
4.168107997244760617e-03
5.589090785329752734e-04
3.301688746955679164e-04
5.280856809968873227e-04
3.675632748070137919e-04
1.307114738052856740e-03
7.522896550453103725e-04
5.789217165722338777e-04
4.702614214384573496e-04
7.520524444769925536e-04
5.017961186791502657e-04
4.800215788009586223e-04
5.767505765628132318e-04
8.906615032850625537e-04
8.680753986236788237e-04
5.184306384329114177e-04
1.602042593458872675e-03
1.906277572447572259e-03
1.081113879956019375e-03
1.034019322830083149e-03
6.411635791439872570e-03
4.369336851324648937e-04
1.103961994126157788e-03
5.774634230407531005e-04
3.129436949630915658e-04
3.213222016555960007e-04
1.038402679366949967e-03
1.332028597402579737e-03
6.323120825851151787e-04
1.770390334272633603e-03
7.440191674791726264e-04
8.900127712763425186e-04
6.891264761462270218e-04
1.032095616834542012e-03
1.592103244012770587e-03
6.127502278726875296e-04
1.542181446463367902e-03
1.186848535770161639e-03
6.478075879715409482e-04
7.555006938874054201e-04
1.002597534084530111e-03
2.635259577704112885e-03
8.916186983006420827e-04
2.127327474034032117e-03
8.906126742997899854e-04
1.304613263662031050e-03
5.509512165355049578e-04
9.696887091806298195e-04
1.994585854843657774e-03
4.546088255039761115e-04
4.375827706045681657e-04
5.513717507455820647e-04
4.134989583054439954e-04
1.198266287648145885e-03
4.889322928397741045e-04
6.007332596058282586e-04
1.434126985754991934e-03
6.069055127659294660e-04
2.838962714868325989e-03
3.839028645921205925e-04
9.026787572330833859e-04
2.117419307716314827e-03
6.462929679054431028e-04
6.683273167502551751e-04
7.982721227410325511e-04
7.098565415808935500e-04
1.101249391678253307e-03
1.483631965371254736e-03
3.096319290763769119e-03
3.872372863741067395e-04
5.037682062710055171e-04
4.444065565948193339e-04
1.161355893431027277e-03
7.350770724492157850e-04
1.814618449282868334e-03
5.853725584478840921e-04
3.847113459804491343e-04
7.916766797584716799e-04
5.334670525346701161e-04
1.707118330683325648e-03
1.510161204820409863e-03
6.574245048912265776e-04
2.587658105772459426e-03
6.404461055209077942e-04
5.128036035064690180e-04
3.423334551913436601e-04
1.128310256379645585e-03
5.394979726730063764e-04
1.265511449036953650e-03
5.069200787005528073e-04
9.807251294130939559e-04
8.799535574298881059e-04
7.364292079930746197e-04
1.126668816062909246e-03
8.755103807490298776e-04
5.203994600355956119e-04
5.893291632770624247e-04
3.271169697694973830e-03
6.884603647966357209e-04
6.483336672925838883e-04
3.626711286892898671e-04
5.578067255247034584e-04
6.789601427250309493e-04
1.137556150312999314e-03
9.226385340815020444e-04
6.100683810006856051e-04
1.020011293860781550e-03
7.947126326685905210e-04
1.888943152996157054e-04
4.909036498186172305e-03
6.248612522349087338e-04
1.466661832762698172e-03
3.931635224341560792e-04
8.381379411693413300e-04
5.822211672314209392e-04
6.478075879715409482e-04
4.110590874080738031e-04
9.640566028651100742e-04
3.475029625913068692e-04
4.607299800170459219e-04
6.940062909921021006e-04
4.757691150089607066e-04
1.364610192159073417e-03
4.547928202306756218e-04
2.260473673976717574e-03
3.858367230903699398e-04
8.634980342728048415e-04
1.086461212807413338e-03
4.829884159322216661e-04
9.616680495888389442e-04
1.065298807226936232e-03
6.406947848709878060e-03
6.495055711718810418e-04
4.664906530783264043e-04
3.989061314698881880e-03
4.875756954535645483e-04
3.039527783724884995e-04
1.724574825020654427e-03
3.105838304819487448e-03
3.759946569505322688e-04
7.014334356053798965e-04
5.018636923454041681e-04
4.697051482921576365e-04
4.968050799067372713e-04
1.040787116472709131e-03
2.220441670131583986e-03
1.125703780883866283e-03
1.747965832266595030e-03
3.723255198889579578e-04
5.122101824987817425e-04
7.594280404256181826e-04
3.027079611672010145e-03
9.509203130077190915e-04
1.159280998095662055e-03
6.503210496256718815e-04
1.003670677502798781e-03
8.545162003845217357e-04
1.325399512951990670e-03
6.395358934543683184e-04
4.723760433198184272e-04
8.687965708672830455e-04
1.070289042005385374e-03
3.703852205714763791e-04
1.055986991915540884e-03
1.475973774118208987e-03
6.353646733445534244e-04
1.100592334083592668e-03
1.083185161394131096e-03
2.785894661490768975e-04
7.379626993264601234e-04
8.792625407691037707e-04
4.365160096332991154e-04
3.714456148147808243e-04
7.976523228433355468e-04
7.311856062241174278e-04
4.636332189932499369e-04
4.889322928397741045e-04
3.798501616851588606e-03
5.671007519190325325e-04
1.695588410469624262e-03
1.009747300354101691e-03
5.031595732168909303e-04
2.135121032589438334e-03
3.376607687640311231e-03
2.734977785011651584e-04
3.315842730743568572e-04
3.589921997170032785e-04
3.170904758268939388e-03
2.625171528058518823e-04
3.609842089900295041e-04
8.864984066767001231e-04
2.205508074056432982e-03
1.342592781131805380e-03
5.595394377214196139e-04
6.274971878020056898e-04
1.226328880526376258e-03
7.522896550453103725e-04
7.823455627670097964e-04
1.395856490409585343e-03
4.383479788087987794e-04
2.446087893654859532e-04
5.961622636116336226e-04
6.653787765353517524e-04
2.618278103145391133e-04
1.186848535770161639e-03
1.176621696169731328e-03
1.544320059286430217e-03
3.503448136997142624e-04
6.561575945582442037e-04
4.855311690882886015e-04
6.130015173202816182e-04
5.362796681083252482e-04
5.069418638118382585e-04
8.906615032850625537e-04
7.837176933102845810e-04
1.724879276854690557e-03
1.142330275755786039e-03
1.366771808290998501e-03
5.302854143310210128e-04
7.597196744789605927e-04
4.056954049496628570e-04
4.250352089965152833e-04
1.426552904414467998e-03
8.438320544518125056e-04
2.837808231999611836e-04
5.066218634893138650e-04
7.260901418988602654e-04
6.003172913590242065e-04
9.109159682474999610e-04
4.872596313808334983e-04
5.713109849844482833e-04
2.202482051155538537e-03
3.293985294010334341e-04
5.564367243613802276e-04
2.145620563269398130e-03
2.782460132645244669e-04
4.906265263347960558e-03
2.441042087360553291e-04
3.285450543951142031e-03
4.684974048279925908e-04
4.979034673024172004e-04
5.347135704631396456e-04
8.345218048201655508e-04
1.475425122156121633e-03
7.791879594644455891e-04
7.415446811154114814e-04
8.026190322252134586e-04
4.666202461322374768e-04
1.823751520322140600e-03
8.900855137271316761e-03
5.817738491651897178e-04
1.220682969810644612e-03
3.233154987076875225e-04
3.256289324944721623e-04
1.035635013176602849e-03
1.519281656281402200e-03
5.378098254843868874e-04
2.811677387952819774e-04
1.582364169560465661e-03
4.469694595837310665e-04
1.151703735268728513e-03
1.236441723787360791e-03
4.465333845422403782e-04
6.250631126502563398e-04
7.136346742540271683e-04
4.911466146994239879e-04
7.849350578362101647e-04
5.368862013027551547e-04
9.730881272237603807e-04
4.694732279901322894e-04
3.404489192869012987e-04
5.452298204802401120e-04
5.212068926415894124e-04
8.274294177127252715e-04
7.165899749023834373e-04
6.193859181691471240e-04
1.108325856097173469e-03
5.007952034123418260e-04
1.179471157386620308e-03
1.089975547868529378e-03
1.895703280234072377e-03
7.986285444428664528e-04
8.109746902401801212e-04
4.450804629427639720e-04
4.473111913522292960e-04
5.203451520690451472e-04
1.282869691675620491e-03
3.188731944830385141e-04
6.582451959425295734e-04
2.045687901748390394e-03
2.102899192441858977e-03
7.976523228433355468e-04
8.540408110303697366e-04
1.421420413188638097e-03
3.945973513359467212e-04
5.706940135877040495e-04
1.042455190366093623e-03
6.360685871715878771e-04
6.085061841131036466e-04
2.061500672029457654e-03
3.125951821382274990e-04
3.014196349821539702e-04
1.282950327888371118e-03
5.888341594762203091e-04
2.210045634813587818e-04
1.307975787072030013e-03
5.434881912353587774e-04
2.289605700880213354e-03
8.308064208403274442e-04
7.445403929242888326e-04
7.919108629820189064e-04
6.265579484836325888e-04
8.540408110303697366e-04
5.154069523261027878e-04
2.810169807332283005e-03
8.540306834817377665e-04
6.154423755193003413e-04
5.742739343668098713e-04
9.957936198617364006e-04
3.818497403454796605e-03
1.207945959944050447e-03
4.292096416133958257e-04
9.166812738071767209e-04
7.312485076625977127e-04
6.443409960525484656e-04
6.100683810006856051e-04
3.415308663602988678e-04
1.342448926314206321e-03
5.831407993471341691e-04
8.405735922977815170e-04
1.310526957969996523e-03
