6.515825404359447447e-04
1.399841098536042366e-03
2.637773994107752654e-03
1.015634746616593271e-03
6.482207172361678345e-04
7.821359972296907433e-04
6.495569401719984400e-04
6.253544246507799836e-04
1.880157930798113637e-03
5.568723934117450524e-04
1.038198313651535892e-03
4.698175958088538374e-04
9.091653903434150077e-04
4.983294094053575349e-04
6.515244059673579342e-04
1.805394552037049849e-03
8.302407934791569384e-04
6.395427452836215977e-04
1.110418867327532663e-03
9.314932422573554867e-04
9.327616343573269173e-04
6.168634596366675323e-04
9.777986904085436953e-04
6.691353873430084045e-03
9.606663749925182594e-04
9.193078035091118523e-04
1.153168201362028602e-03
1.358469528883219507e-03
1.081573288974177656e-03
1.822139180509040187e-03
9.652253949700980796e-04
1.329645314808683637e-03
3.787748497935325420e-04
7.157118982240385022e-04
4.606599017651312445e-04
6.897760198024946226e-04
4.199385204118113177e-04
2.292602327679168443e-03
1.906168491881783753e-03
7.937207377022366828e-04
1.831463662940010367e-03
9.395558078443177119e-04
6.636557066446256009e-04
1.204870507150409371e-03
1.279037511067653270e-03
6.539179954786534556e-04
9.588243763067958846e-04
1.236725020665627346e-03
1.179975971634960414e-03
4.604661587964923729e-04
7.254718163025445418e-04
1.326921493448447254e-03
3.463835087883277873e-04
1.016932511339042194e-03
8.273171869260029362e-04
5.215392723153934422e-04
7.889439224368263162e-04
9.474034796663594570e-04
1.289068657202877390e-03
5.560680294556412167e-04
6.110743781478456893e-04
1.060977383638567152e-03
8.507477183832223800e-04
5.382666753578971286e-04
6.897470921284639235e-04
6.828645141591718759e-04
4.439481312539980120e-04
6.613117345252976119e-04
4.387487511820987096e-04
1.371611650967563501e-03
6.355750266206687624e-04
1.947447458959456748e-03
6.995320147232238304e-04
1.284635842861912977e-03
4.182444671096977908e-03
4.702129639191068226e-04
6.700750249219253199e-04
1.111094733726724097e-03
9.744039046543641032e-04
1.887192933547807627e-03
2.229091188619422050e-03
1.331117607562789075e-03
2.785774160126433356e-03
1.333796201510577479e-03
1.245064285322789637e-03
1.286493768233489725e-03
8.685685785615243279e-04
2.062312760840128486e-03
8.361366688511041867e-04
5.842873358279687982e-04
4.559891262683963067e-04
7.394352022798484541e-04
4.910339843759397964e-04
5.557212876771618374e-04
5.220743894769204170e-04
1.084248277020881607e-03
5.156510821789021381e-04
4.229238853239228584e-04
9.307746820695309443e-04
2.483298865817068751e-03
1.350482918964694560e-03
7.518515780766383107e-04
1.328163234476432671e-03
1.374196874201693511e-03
8.726011078428229720e-04
7.609615916447337418e-04
9.978611749021455615e-04
9.030684295795422204e-04
6.421350642341314184e-04
8.849812969982732676e-04
8.200221487078180899e-04
5.394376664880553163e-04
5.302420900699147390e-04
8.698722374311817530e-04
7.724166126958437661e-04
1.714416857668991673e-03
6.950404057948806214e-04
4.278406427239166468e-04
5.934980316487465865e-04
5.781594522868706808e-04
6.920642996254404997e-04
1.595449843662661953e-03
1.080472156436503147e-03
7.375591010784324523e-04
4.327014443390089088e-04
8.920270907025021389e-04
1.911434856220678609e-03
1.023774782670664688e-03
9.364014063891384953e-04
1.296693336766958308e-03
7.346381037763987385e-04
1.010347254300541326e-03
4.297851244815459131e-04
1.266741604462926591e-03
3.032337951482853519e-04
6.393932494355562303e-04
5.106057523031053581e-04
5.791635536223337924e-04
5.250132178564057223e-04
9.881153588163732286e-04
1.178027831313285465e-03
8.867725742932923644e-04
9.148538435998406762e-04
8.284098370643891603e-04
7.916999312122703636e-04
1.391740542521802257e-03
9.452164544819344249e-04
3.390463232172594762e-03
7.584045937180399670e-04
7.868760519991583897e-04
1.513692476534457586e-03
5.453452586915405508e-04
2.461525147883547419e-03
1.062391267195709772e-03
7.483268631163997537e-04
2.081264194915530968e-03
5.331570591883823089e-04
1.918867604359062460e-03
6.088382269524978112e-04
3.547841285443966135e-03
1.729985324379749480e-03
5.021880569060835613e-04
9.184023564039233214e-04
1.892785313913425329e-03
4.059792230185311026e-04
1.127639066644507346e-03
2.797162525852672776e-03
5.289334597529907634e-04
4.367765221751643214e-04
1.004220934820842593e-03
5.304737888795540762e-04
1.340946926909962825e-03
6.657743638585736411e-04
5.410492377966942719e-04
5.048999711346479095e-04
6.619011376930711418e-04
4.893931927057611469e-04
2.713953158147745185e-03
4.696078549903339350e-04
5.823929914100582595e-04
1.066512755900290640e-03
4.559891262683963067e-04
4.668318103491516757e-04
5.302420900699147390e-04
3.054000951643769720e-03
5.474037753865082729e-04
4.721918819732619536e-04
5.491745460259355501e-04
1.172270177952331469e-03
2.004204517176570981e-03
1.536634925453246852e-03
8.634874516445697470e-04
8.169337596307146062e-04
6.984628833594929299e-04
6.636807497310467105e-04
6.556671032824206704e-04
7.902626848775226587e-04
1.502448874102216368e-03
8.460618473615555456e-04
5.939645109740357551e-04
1.249023342828417711e-03
1.457950252920261732e-03
1.179303721057820475e-03
1.539919846068617129e-03
8.327387594059465145e-04
1.612835712311431590e-03
7.281447161584601304e-04
5.413264121527582799e-04
4.492405776662844376e-04
1.283474459477506333e-03
5.872572085792237629e-04
1.105976781466154642e-03
9.405408070330257110e-04
9.241012678348571379e-04
5.189169503538001212e-04
5.769673482402572218e-04
1.059661234108215605e-03
1.294013331594404169e-03
2.273261336812203506e-03
1.396956326084311875e-03
7.116689649336391124e-04
4.964665365863142133e-04
6.539121909114144812e-04
6.302775757577817797e-04
8.737180537767628812e-04
1.314883157605281237e-03
9.738254628041262883e-04
1.571845541232081821e-03
9.758393956356371454e-04
6.040960273337563904e-04
7.984137705027851513e-04
9.525871931170319879e-04
7.383967909221580582e-04
7.304250156412939654e-04
2.482513448347138489e-03
6.397360066999547342e-04
1.276471157526865192e-03
4.309365473163437039e-04
1.697318329834331249e-03
1.144502326995750505e-03
9.599143674223747230e-04
4.964665365863142133e-04
8.497301364966282746e-04
7.021668679864774510e-04
1.161670944051754369e-03
5.596147301946262798e-04
8.549671267871995425e-04
6.057111257053636412e-04
8.877753431467099842e-04
1.134640592773367629e-03
6.736925375368893899e-04
1.492894345646176213e-03
5.422854501392189658e-04
6.552481101639196382e-04
6.395594443203658124e-04
6.096579517051446987e-04
7.046628006855835871e-04
1.525496631735356401e-03
5.487383010057069084e-04
8.920134215064535327e-04
1.228338330047332606e-03
1.538772976915253870e-03
6.723670576838996441e-04
1.217166138369839019e-03
1.352528314885838518e-03
7.406507199505320575e-04
7.907256273979066741e-04
4.359823915292047967e-04
4.992525767606268306e-04
4.970210615320271377e-04
6.045248143793029811e-04
1.050861573041506980e-03
8.763809165180467403e-04
2.500568155491598651e-03
5.540418052332030498e-04
9.132057857975448131e-04
7.906099092209559632e-04
8.068882857277798323e-04
8.484988166395448800e-04
6.565894292023080918e-04
1.267785210986906337e-03
6.230830089707761320e-04
6.866430487438483863e-04
5.896470210297777466e-04
9.004120252932469462e-04
1.201565020963571732e-03
7.328047005374146300e-04
1.317983797564773775e-03
7.434240038272460450e-04
8.414573529788017770e-04
5.959290641746954305e-04
1.717284989048342920e-03
9.142024760045863599e-04
4.646854307095324389e-04
1.005014482176722198e-03
1.691846889586381877e-03
6.442033999099706833e-04
1.159598986908801175e-03
7.032968741794028665e-04
1.317833401093360590e-03
6.828913075207620337e-04
6.808668046906849857e-04
1.006928184754120889e-03
9.867530956570906911e-04
1.033046923515389300e-03
4.671559484553780063e-04
5.021610454892380193e-04
7.348021355217495328e-04
1.736428909545446051e-03
1.518621815561806187e-03
4.818634384276269033e-04
7.396564896737235469e-04
3.459038878800223780e-04
3.884388784285393911e-04
8.952951120627305678e-04
6.449996052039743332e-04
5.107198493383728263e-04
2.075675906473734966e-03
7.477693875393288774e-04
7.405364775151245275e-04
1.189583080301723304e-03
1.915169333382325638e-03
5.020226868162826379e-04
9.104414650634338416e-04
5.992714547129922645e-04
5.979614325350607633e-04
8.712637032012612685e-04
1.447147347446912577e-03
6.053830408542118600e-04
9.738110110293116779e-04
2.310422487303182525e-03
7.665166735787231440e-04
6.647412235837926991e-04
7.424270303226447165e-04
7.220825668859406172e-04
8.738562548482574095e-04
7.937314034042659318e-04
1.154379336412224982e-03
6.770050360316237029e-04
9.718568760599282687e-04
6.839838300793661240e-04
5.775536845084720036e-04
8.274315188886636986e-04
7.959584384655776865e-04
1.272842590741257935e-03
5.496360262263425434e-04
1.281162632966464801e-03
1.683039546112302188e-03
5.557304302061139446e-04
9.900031621444583835e-04
8.143907890416315258e-04
6.905567500649715520e-04
8.578813031679450750e-04
1.033363570720164087e-03
7.609949864293588488e-04
8.641526297563015529e-04
4.918910947660970392e-04
5.011685677078930347e-04
7.048725140875280234e-04
7.568928078314246955e-04
1.038198313651535892e-03
1.181943848780013908e-03
1.156431610393867477e-03
1.313582259976529007e-03
2.394450569547593773e-03
6.362389085567353962e-04
4.835940707563503283e-04
1.096488021418532159e-03
9.685544528159811600e-04
1.057249091712639776e-03
6.672087296776977932e-04
6.361933957537229366e-04
6.970800725965730542e-04
9.623261754401580626e-04
5.980615256799619002e-04
1.008634575343372126e-03
9.697477515496876876e-04
7.690271550644378878e-04
7.005148806539172575e-04
7.651000013027957651e-04
9.082828756175671163e-04
1.263153458357638235e-03
1.359319089015889820e-03
4.968751897228686296e-04
7.682380494377059627e-04
5.505636036965904463e-04
1.297479599669760933e-03
5.656302323385509765e-04
1.418976433121123346e-03
6.714025666164180443e-04
1.119208158669660752e-03
1.074286172483168407e-03
1.359319089015889820e-03
1.781085538040155791e-03
9.062132030989071638e-04
2.806901426716346820e-03
1.611907118310289830e-03
6.194641051338152992e-04
4.734520799590512274e-04
6.138892541872009679e-04
4.106676745118354680e-04
2.496768765652681351e-03
6.138195945115265282e-04
6.614006082898898431e-04
7.220825668859406172e-04
8.812048931081552629e-04
1.759900075398617043e-03
1.675884187232799458e-03
1.296965859362736104e-03
3.149792245807956238e-03
1.840862665629472081e-03
1.577539226642674227e-03
1.215163480841024339e-03
6.978656762755259093e-04
8.204495000687697095e-04
2.606778843024570858e-03
5.794337479153239320e-04
1.659541901684583824e-03
7.035903378183802886e-04
6.773177618876681690e-04
6.479897030019635736e-04
2.517365413108335441e-03
7.102328568533548565e-04
1.385051404726846862e-03
1.714416857668991673e-03
6.845180783069188457e-04
5.108169938598221141e-04
1.143437824408064570e-03
1.331344465008204832e-03
1.318166605463999856e-03
1.300084248323444451e-03
1.563425290399098879e-03
1.554753892962551206e-03
1.026890036149864923e-03
6.978656762755259093e-04
9.006900603702628228e-04
6.673912136053745253e-04
1.090532433294831832e-03
2.579859941176749268e-03
1.527752230808769943e-03
5.447163007702645905e-04
5.253132141980213160e-04
7.989768768014192998e-04
7.688423896189413263e-04
6.560621850001113753e-04
4.614518805426172658e-04
1.199773156758017056e-03
8.662421026543888191e-04
1.989349174615262852e-03
1.209934658919341148e-03
2.835557014124145698e-03
5.447163007702645905e-04
8.976900177531329812e-04
1.492894345646176213e-03
9.258498045925437053e-04
2.486442106056504999e-04
1.115989986698265584e-03
1.373694643525895506e-03
8.839629557018320897e-04
1.158751110835440834e-03
6.318074504799878026e-04
7.815342624939614243e-04
6.948405578344444980e-04
8.552830120982772176e-04
1.212009587299283644e-03
4.710701304547075031e-04
5.661320803354547666e-04
2.432333413206495126e-03
1.449719063032532456e-03
1.052529162627471567e-03
4.057892166503619170e-04
1.040793898943971488e-03
9.222515870755759954e-04
1.209101853239206038e-03
1.269799649507899562e-03
1.550016914667390203e-03
1.185129647749344007e-03
1.444750564736913771e-03
7.493015329499792473e-04
9.648573729493601508e-04
8.777531127612242913e-04
8.462297183285416059e-04
1.110004730385042099e-03
1.875383216051317026e-03
2.940968308551102821e-04
3.233913674099809978e-03
7.322653874674139038e-04
7.183665063603783367e-04
4.997738791175775769e-04
1.047932671248984248e-03
9.118600489716043467e-04
2.168205442202686666e-03
9.531649730184248897e-04
6.452415083783530434e-04
4.934750795850024888e-04
7.958554596086232303e-04
9.289396487056072885e-04
1.266576478401626850e-03
4.285488600013183185e-04
5.954851804783663910e-04
1.019070537906303659e-03
8.209390941516245613e-04
5.202834450674220096e-04
9.315266750836443798e-04
1.589933213572304127e-03
5.911550665110241196e-04
7.651832722834528465e-04
7.419598015196914812e-04
6.229142500338157203e-04
7.859808398987550709e-04
6.631847925089664770e-04
1.207131219190673600e-03
3.234110331186099705e-04
5.248043181104691986e-04
1.076182261465743768e-03
4.937142290060462461e-04
8.187969751471768729e-04
8.682090239278834323e-04
6.680997173068751538e-04
1.396521573326076461e-03
1.081743547660650147e-03
8.652821475536319517e-04
1.382858731838464009e-03
7.859808398987550709e-04
5.909690442501315533e-04
1.037986756699972937e-03
3.526490905666281083e-04
6.822614307715469924e-04
7.607218419021164997e-04
1.367979389985412089e-03
4.605152178966491201e-04
6.157499626852535246e-04
1.352671414222806397e-03
7.851943311627619443e-04
8.414394618471770712e-04
9.133479294567869349e-04
5.837909404734087241e-04
4.886292850665340448e-04
6.726996607124912471e-04
4.106106749297260949e-04
4.818634384276269033e-04
6.415426276223118061e-04
1.722918038802953187e-03
4.810504606618251568e-04
1.112290086854947867e-03
6.006818926397763762e-04
4.990337929230931422e-04
1.327940550595499859e-03
1.326754658708347500e-03
7.982437035739237520e-04
7.959115706731333725e-04
4.979228976123934109e-04
5.987615620974330068e-04
1.180009902503124193e-03
6.837185648678237825e-04
7.227768269469759090e-04
4.567895903945522369e-04
7.529912787561745570e-04
6.600871791080110398e-04
1.370992955176754445e-03
6.309622624482839112e-04
4.341511002795573606e-04
4.619422443792525279e-04
1.468113138380573333e-03
6.031516742539465249e-04
5.024711537413980786e-04
9.029047418133909339e-04
7.189012540582109725e-04
6.336490914894017928e-04
3.950378497409885573e-04
3.912924952246306246e-04
1.326542146035573173e-03
6.880983969660288933e-04
1.446423067847135745e-03
7.959115706731333725e-04
9.269222876023369652e-04
2.272821022062172791e-03
8.887417140066207217e-04
9.621722911184136260e-04
7.217853523255864188e-04
2.145148394674827909e-03
7.932227909059305941e-04
5.746552119894562417e-04
6.416568144932111549e-04
9.867296057271639480e-04
1.341440230245108953e-03
1.650395850308821648e-03
2.100191252066806180e-03
2.484967421705959467e-03
9.878545076313469293e-04
3.434118213610918885e-04
6.586148332549722571e-04
9.983586886237990135e-04
2.333652488525952192e-03
1.047453757410289274e-03
5.961506961246908123e-04
5.667958420858780618e-04
5.717174810359915453e-04
7.497269022015084182e-04
7.914456246288092836e-04
8.479525474296438405e-04
1.174926023667003869e-03
8.059510145709635311e-04
6.644128890418615806e-04
4.361341880463917944e-04
7.907429836681725095e-04
5.364580721381028566e-04
6.330619254801010589e-04
7.189165286905626825e-04
5.675985560489566579e-04
9.544267050657469697e-04
6.470224900173669877e-04
6.075344772367682932e-04
2.150347414311339512e-03
7.768684335009899905e-04
6.529443451265158280e-04
6.053507839476658398e-04
6.556671032824206704e-04
1.562935988309478198e-03
6.880204982804558663e-04
1.955193353371111921e-03
7.438264752866000648e-04
6.603069679753249387e-04
2.566955470121299199e-03
7.305759025815440275e-04
1.432567393530465851e-03
1.014095250850227540e-03
1.177940099852332282e-03
6.041088183054885933e-04
2.139842766656891923e-03
2.527973472531008011e-03
4.797670372651496548e-04
6.656788244711852849e-04
4.340689652137897725e-04
1.971579159468132489e-03
5.321137543308297529e-04
6.468536794217239275e-04
1.874759081125490154e-03
7.532611262005557261e-04
6.820945571896885450e-04
8.379198132763083975e-04
1.189253737828517609e-03
7.553507353845246609e-04
7.562644823410747232e-04
3.914089820501390725e-03
6.910278209350828073e-04
1.504524984251165085e-03
8.200687470958364445e-04
1.483787536720530299e-03
8.181311940400705146e-04
1.128748622728909618e-03
1.751883030148225582e-03
7.779734922007248933e-04
1.067578244615117241e-03
8.244957494279734136e-04
8.490872956541951335e-04
8.200646141064252314e-04
1.883002641558721236e-03
5.765898911489025737e-04
1.813165974177593023e-03
5.394376664880553163e-04
6.686333023841288786e-04
8.749679287705109526e-04
7.042334477466786731e-04
1.063872728540796913e-03
7.882847772661600617e-04
6.200091655875409995e-04
1.621359279396741805e-03
1.265551764420051956e-03
5.692775815402986413e-04
1.235105817616632615e-03
6.797923270137594138e-04
7.438193190704787527e-04
6.135463861311456907e-04
1.870954126100010835e-03
4.130250525015476213e-04
5.625768010140963764e-04
1.951641955552390305e-03
6.743700065678171277e-04
5.286718227245554552e-04
3.566653471470376661e-04
5.328288637025852025e-04
1.086304395521128828e-03
4.100797043118405540e-04
1.069404955931636076e-03
1.713957867484077521e-03
8.458071121566158781e-04
7.431025472556569570e-04
7.088920777406250559e-04
7.857325266296965888e-04
7.993448723361537339e-04
9.545756610048724070e-04
4.754320287013535581e-03
7.073731880065721889e-04
4.305822703115318303e-04
6.792229876518467505e-04
2.350979569836817492e-03
1.479968550664419570e-03
7.561596246544107251e-04
1.233159388853227343e-03
1.200908512653644459e-03
8.497301364966282746e-04
1.603225133569090473e-03
6.142990142311767921e-04
3.636401211949582928e-04
8.703240443550523025e-04
1.385557694547306104e-03
1.129676672733685846e-03
7.199554741849225432e-04
2.053764483388605209e-03
1.259121035953680119e-03
1.293561585435572129e-03
2.224106971843598218e-03
9.066547630046855938e-04
1.253696799855101964e-03
1.337992567009830018e-03
1.482241101427988648e-03
3.497304456800748394e-03
4.307976649743909970e-04
7.584998169738421366e-04
5.443751450773004789e-04
7.295810218954400846e-04
1.306800206550625017e-03
1.692896112914566310e-03
7.473379990108227873e-04
1.722936858808625992e-03
1.154834053095199443e-03
5.663219159025728068e-04
5.633472579503411666e-04
9.244958867452618585e-04
1.475417529301209334e-03
8.961385712457475275e-04
5.055354129377546187e-04
1.020404864595243202e-03
5.991797200680260699e-04
1.313245511460397249e-03
1.581797025763106079e-03
7.680005233889537243e-04
8.382375982072011456e-04
3.771641116323760142e-03
7.430276155570164371e-04
7.394352022798484541e-04
2.142222436608283431e-03
1.373154384054445492e-03
5.382816934981172682e-04
4.457833204571503964e-04
1.020987301154332918e-03
1.168393599076654379e-03
1.344169896772506824e-03
4.846785690779488779e-04
3.978103686329666688e-04
1.410768214621258010e-03
6.248414841983179454e-04
3.878804995796029530e-04
4.774947163148806945e-04
8.712637032012612685e-04
9.009921276143714177e-04
1.547214696437664364e-03
1.439748799362732716e-03
7.083463004635608216e-04
1.377960312800484638e-03
2.310422487303182525e-03
8.441114055055343526e-04
1.040793898943971488e-03
7.897865428453468024e-04
6.200091655875409995e-04
2.166041920698139750e-03
1.344849599965242375e-03
5.926086044914889847e-04
1.325241472746697046e-03
1.468088297543029917e-03
6.391352173818262835e-04
5.596108241539190370e-04
1.693426628240234620e-03
7.957781823008773254e-04
4.420032070879584924e-04
2.198279158960344485e-03
3.853106994890899504e-04
7.308721503886028616e-04
2.261493321864488891e-03
6.733380486944947219e-04
1.359319089015889820e-03
5.382503504630468125e-04
7.833189145658208319e-04
1.200947068005273890e-03
1.022033544204539821e-03
9.854003565265944797e-04
3.641205994951675416e-04
4.101807288348666516e-04
6.400551898270107152e-04
6.631847925089664770e-04
1.047453757410289274e-03
4.523584989573222717e-04
1.924127100852618443e-03
1.135687549358560837e-03
9.232688772195392878e-04
1.094438960310101716e-03
8.207273179644631808e-04
5.039531205941420906e-03
4.065782095013715418e-04
1.230575468102598378e-03
1.315957720545592570e-03
9.652253949700980796e-04
1.097307365278358832e-03
9.504533901283487634e-04
5.741260382083083688e-04
4.750274544708484232e-04
6.651624287812665272e-04
5.188245756780483949e-04
2.017132321045619382e-03
7.421081922338696683e-04
1.850981101090058223e-03
1.080472156436503147e-03
4.502621674809752618e-04
7.754834126259338434e-04
5.208547862896264645e-04
1.169062683885803249e-03
1.471365549224537030e-03
8.442598537136234305e-04
5.975366888881673963e-04
1.362370503200294484e-03
1.236865791094342781e-03
1.072143892178892624e-03
2.482384421178106086e-03
1.842771368591159323e-03
1.036648615196087472e-03
1.280798452828041433e-03
8.499666740108352764e-04
1.071797784634375252e-03
1.403478087595467225e-03
8.860415216419444389e-04
1.720087672565413220e-03
4.965961197930298526e-04
5.826593850649121591e-04
6.260822108203059014e-04
1.433941187008910302e-03
9.294777856109912506e-04
7.202941405445805433e-04
5.351836780581953681e-04
5.236944229187443000e-04
2.514992230605554366e-03
6.828913075207620337e-04
4.633289858257231848e-04
7.926794872913577820e-04
6.656621109319140698e-04
8.943504163433398232e-04
1.143871177337708401e-03
8.513861759801535012e-04
1.359587717628363409e-03
9.184840154319826337e-04
6.814545684040640081e-04
9.434046750505044364e-04
6.105352376938958650e-04
6.484700162975217666e-04
2.788246651085582017e-03
5.373076516456147447e-04
6.340139049870365928e-04
7.605263236484858082e-04
1.407460639298817361e-03
1.518247325481223700e-03
9.055575507072704524e-04
5.460029062317108429e-04
7.230732607325773137e-04
7.356549645322377987e-04
5.443328010571280929e-04
1.471507762451361098e-03
6.869834274376102144e-04
6.457885288254152116e-04
6.875148173747330739e-04
1.357177200174306377e-03
1.402408599407721978e-03
9.082828756175671163e-04
6.379089760217303067e-04
8.736615050273124732e-04
4.796914667181434336e-04
5.575524849690571046e-04
8.313681843838750026e-04
6.033663803090975105e-04
8.795316146649376741e-04
6.400551898270107152e-04
1.047494655560347919e-03
6.847071424985599376e-04
1.225023958208506028e-03
9.712858673738927707e-04
5.288326222714442469e-04
5.055354129377546187e-04
8.475084715958253970e-04
6.484357591003554310e-04
9.256047238343846932e-04
1.360877248787817741e-03
1.023981142307599278e-03
7.837625248409172763e-04
7.032949410232748524e-04
8.637251592972592772e-04
5.818288564960288857e-04
6.560250701342614302e-04
6.035669033411547417e-04
6.979823158588680182e-04
7.667496553462624462e-04
9.697915518127980502e-04
8.835320627262586730e-04
1.628349152929419851e-03
6.972919067132745058e-04
3.650985335339151342e-04
8.712517231202192725e-04
9.274559353870532848e-04
1.115870281962052157e-03
5.314154210778319247e-04
6.730386758506492519e-04
8.630834458063064247e-04
3.723996956796474440e-04
6.920642996254404997e-04
4.983294094053575349e-04
3.175874053086851943e-04
9.202033048000972425e-04
6.097830253571855617e-04
8.707205731423518953e-04
7.810414589352709762e-04
9.525305288711653296e-04
1.265852085181776599e-03
7.251514099322380535e-04
2.861613264726131580e-04
9.645202685701514305e-04
7.796987521824849188e-04
1.402012879864721236e-03
1.412242311779695562e-03
7.729114358511675895e-04
5.850204097933294845e-04
5.955915964199612941e-04
9.720562898758930426e-04
9.983586886237990135e-04
1.608733744249583614e-03
6.657797916953929690e-04
6.337413060473052855e-04
5.682239618875990555e-04
9.667324439887745513e-04
1.907969624076041523e-03
1.575231944627383546e-03
5.557212876771618374e-04
9.654275197215102244e-04
5.959290641746954305e-04
4.184107709988215090e-04
1.811487450207110604e-03
6.982673438920090816e-04
7.533962575705996497e-04
7.229449491100081379e-04
7.922200790427586133e-04
8.260687608694825511e-04
3.506250153672148501e-04
1.191388454798242291e-03
1.769290573555860760e-03
1.390883127898649230e-03
4.668318103491516757e-04
8.519285290325472135e-04
5.517505840529627259e-04
7.984137705027851513e-04
1.039132963364072879e-03
7.417513210415633629e-04
4.693690077493628630e-04
1.261450137447439179e-03
4.637655419161140226e-04
8.791797892667344407e-04
8.470446371348253978e-04
1.054359529771508285e-03
5.361602545051482281e-04
1.170862432065761368e-03
1.003725306092184601e-03
8.864161927413775508e-04
1.114259525988019021e-03
1.171737659783509680e-03
6.090070121604890382e-04
6.177780673669347640e-04
6.732307569336491455e-04
1.672896227868363606e-03
1.475884854629808986e-03
4.777038119642998361e-04
7.896030124678373591e-04
1.730833869098767110e-03
6.168778019593181223e-04
6.595162359725501673e-04
8.258766470066047785e-04
1.517343886098535682e-03
5.473657643776545572e-04
4.586350453172653371e-04
6.573175338713036463e-04
6.287156187197449940e-04
4.876286053089066096e-04
5.576965633099207308e-04
1.147975784387472373e-03
4.696078549903339350e-04
1.079375651923484419e-03
7.428000830162909476e-04
5.609112137712536118e-04
1.610236278973146799e-03
6.560594769521992673e-04
8.500625935774651278e-04
1.418646999424229109e-03
8.749389651841465998e-04
7.634625408079665681e-04
1.668523843395959723e-03
