1.218130582061556066e-03
1.056926339208668231e-03
7.870860241138824325e-04
9.052449569722907262e-04
9.907618933197180535e-04
1.115971498767965187e-03
1.374974253300062076e-03
1.218508626235777518e-03
8.868391625185952044e-04
1.402543046324244156e-03
8.867927059263430592e-04
1.131263486535382052e-03
1.685664718860679012e-03
3.796740335363704417e-04
2.848485680576555608e-03
1.400424181397943481e-03
8.595985812236342635e-04
2.996518887945765625e-03
6.091598693586939336e-04
6.260395759290613869e-04
1.477846782989825861e-03
8.536774797558697482e-04
5.215732869592928098e-04
1.784334580849362365e-03
7.826382538937688531e-04
3.763412117682297768e-04
7.271725718801110797e-04
9.508812800150426119e-04
5.113090018034587968e-04
3.169658900774735295e-04
7.426612905396177923e-04
5.975555427713838755e-04
6.108976315486391254e-04
2.627074168094171037e-03
6.739027447901763503e-04
2.268767579375090097e-03
2.860955027824113334e-03
8.801347477047394589e-04
8.372759049416186655e-04
9.391093900023469694e-04
9.890213440271226290e-04
7.061279415284903421e-04
1.066539365633369747e-03
1.814389715470043256e-03
8.795353364775960851e-04
1.085543692005854540e-03
1.020277118548246729e-03
6.793292965584243025e-04
3.833563715659279352e-04
4.591340031075032265e-04
1.336298346239137057e-03
8.195825832877403879e-04
7.378688914822006993e-04
5.048196179047108973e-04
3.169658900774735295e-04
6.138922215979298897e-04
1.043940458324270392e-03
2.908963018422551982e-04
7.345771606138383480e-04
9.337867450432917439e-04
7.023000736939034047e-04
1.268622369326749804e-03
1.135631941625400492e-03
1.038969662417569629e-03
1.678015721743041132e-03
6.790429193490184982e-04
6.517731481668154279e-04
1.170977343876354821e-03
7.232070814310366264e-04
5.022657148802036481e-04
3.155754590307155243e-04
8.506225828131904919e-04
1.296554642374894489e-03
9.426574457411228966e-04
8.950941303076008970e-04
4.466725912438025150e-04
6.325602251096496724e-04
9.046249447895870913e-04
1.025046978757935753e-03
7.747704103426540992e-04
6.618803372812443820e-04
5.874068175097723948e-04
1.221293846210530715e-03
9.804559559835593265e-04
5.490055427526085692e-04
8.725149369302313308e-04
1.115271510668878856e-03
1.247620670373152021e-03
1.800740672821930007e-03
6.389943048231051673e-04
5.773925154939993191e-03
9.317089524556927162e-04
3.496191842718049153e-04
9.687138460360413070e-04
1.069845550790340461e-03
1.535978530662339718e-03
7.269028284572305251e-04
1.118437696045585872e-03
1.057120508471129936e-03
1.851632476113715267e-03
8.890956766334147821e-04
7.961959227185990947e-04
1.225970143737268887e-03
6.750451497755106641e-04
1.522896572039405790e-03
8.318868054756180588e-04
9.449958862608284120e-04
4.604179008284375266e-04
2.973232614858674632e-04
4.083339726746100539e-04
6.083109555693495948e-04
1.432618460173697410e-03
6.610595042759778283e-04
1.270012681326777816e-03
8.917944374017603261e-04
1.636745386583518449e-03
9.704600028083822452e-04
4.312486079238741252e-04
8.528781362667437133e-04
4.733528741469377409e-04
5.747225678677679063e-03
7.098303223165154359e-04
2.509299850145404152e-03
2.203218993279291993e-03
1.096470781065706900e-03
6.580080440319274835e-04
1.197857797744088975e-03
1.330995426863374473e-03
6.270935274809770910e-04
1.004605886107585522e-03
1.282752060273276455e-03
1.144025282849457951e-03
1.276327865955510267e-03
6.528451061984634225e-04
5.572090993532731375e-04
1.004411904180167346e-03
6.890444440801370141e-04
6.644180663839821402e-04
6.294924951836220221e-04
4.978443357879990764e-04
4.657615656855409189e-04
1.839788178223381336e-03
9.501929197899551234e-04
7.113283917724345928e-04
5.348497775768161966e-04
5.794538525915915754e-04
5.682343521188027921e-04
5.099556251313677648e-04
4.673565004373182556e-04
1.067091607111840881e-03
3.816012201145475412e-04
9.514183649669039110e-04
5.832116368931279009e-04
7.827363130947822189e-04
9.752947336934227789e-04
6.324368164917358766e-04
2.220026183962645408e-03
6.225294635781694792e-04
3.771053272784852120e-04
1.209011874455376018e-03
7.929658922507968688e-04
6.427692616865890224e-04
3.217257894913450478e-03
2.474645452318343080e-03
7.133945147660095566e-04
1.325511566616733704e-03
4.483901272804551724e-04
1.036638329791436013e-03
1.257850751960539219e-03
4.606554176721740007e-04
7.509866273049752537e-04
5.356850645641723051e-04
9.733341137021098632e-04
3.207719634855748744e-04
1.550997582451015509e-03
8.972861719042554392e-04
7.560987568682183508e-04
3.036415002523005233e-04
7.300400667549718269e-04
1.852513103101386229e-03
8.827464486277463969e-04
1.520237739485919785e-03
5.899158070339625450e-04
9.599887799388808927e-04
1.135324546123873176e-03
4.890710696950670939e-04
6.542107681751794038e-04
5.720166968542475441e-04
8.296808103498118413e-04
3.719497053534038850e-04
4.846388751050217220e-04
7.929658922507968688e-04
7.680766706495945843e-04
2.545010527035249971e-04
2.269888753057548898e-03
9.344872905788727171e-04
9.544936339970311410e-04
1.991406612303124688e-03
9.171766730955591227e-04
1.558726056123639018e-03
8.339373222186947411e-04
1.402268898394939739e-03
5.160630563406405765e-04
1.100215769035698711e-03
1.779559844711483272e-03
5.820579148267328957e-04
5.753385879531610920e-04
7.087778464327836253e-04
7.640712176028086663e-04
1.619284361204812502e-03
1.611660593413512341e-03
6.655719126890832739e-04
4.187985279366701944e-04
1.832771874921337385e-03
1.613025345988224751e-03
4.868030191285582287e-04
1.394801213763869870e-03
1.634559342700418446e-03
5.043817716330344135e-04
7.732712601060252227e-04
3.748203888641444366e-04
6.180180795905820812e-04
7.494286562028837058e-04
9.016345567499670999e-04
5.338012553755339595e-04
2.183158167762403942e-03
1.061548940515267712e-03
7.262862758153725267e-04
2.763472615734204833e-03
9.392559995574926079e-04
1.105778245263282526e-03
8.794860945938033463e-04
2.986750071866735474e-03
3.515751184843031191e-04
5.673679568750486426e-04
5.255288429231709741e-04
1.176411693380750856e-03
5.159286647143974816e-04
6.302456035422558667e-04
4.089808369903974862e-04
4.731882901800915273e-04
2.570277152305608815e-03
1.327784650884079095e-03
1.047798882439917104e-03
5.763474804921162042e-04
7.971825589663602976e-04
1.859196561193041499e-03
1.775785618994654572e-03
9.708864156961798586e-04
5.959204478748858329e-04
8.276517545252609501e-04
1.773958123603838061e-03
8.673150531750188717e-04
4.747704521314718117e-04
6.769212965442105530e-04
1.194001648636378640e-03
1.799145663959231169e-03
6.790959866356959971e-04
6.722454130439232001e-04
1.796943669662834581e-03
1.584742998617702080e-03
7.030159400192186915e-04
5.612955305218197922e-04
6.814975429762524855e-04
4.237994552408556317e-04
5.532680190027379572e-04
1.233463568041146203e-03
1.088791991503695097e-03
9.503685047105433700e-04
9.100037595989195118e-04
1.194711789720893924e-03
4.692236975056975718e-04
8.129960813936651029e-04
9.611944745499651464e-04
1.307554337945338431e-03
1.213732281047821869e-03
6.091598693586939336e-04
7.584512704522239227e-04
1.088037898405394598e-03
3.766155735131801550e-04
3.870152164562888674e-04
7.394110993234044669e-04
9.262385884249349889e-04
1.823713154570592680e-03
4.152911142762209513e-04
1.144376092866668032e-03
7.391591056294612074e-04
7.756692973245131982e-04
1.493018380314990040e-03
5.869345446421094089e-04
3.875636972927010669e-04
6.391620304291941888e-04
4.738126859411345097e-04
1.379166806363605691e-03
7.813285454293138806e-04
2.171257263518235232e-03
2.701981639655278399e-03
1.795021125998071294e-03
3.214004219446102797e-04
1.059257434441273401e-03
1.422405112063780197e-03
1.219011129441163179e-03
7.530290925072883994e-04
2.471531234789790593e-04
5.153819932082607299e-04
8.433520425312340807e-04
5.159286647143974816e-04
1.283041291372002219e-03
5.836174061167715386e-04
5.966367633143577912e-04
8.843783883448760137e-04
8.486392657542524707e-04
5.970494690048745376e-04
9.372405521302185983e-04
8.360165356739735756e-04
4.743069972061217366e-04
4.246071901969222535e-04
2.662552887509355066e-04
1.118637724897415765e-03
5.904014348146458240e-04
9.147970086247189572e-04
9.336625455344027330e-04
5.110552975196793087e-04
8.086486352285993497e-04
5.519927685623076102e-04
6.335246763080600117e-04
1.154248699349725779e-03
6.083221802139047877e-04
3.702169718552403613e-04
3.782839789314086285e-04
9.351939016734834523e-04
7.027104497025071653e-04
7.955988901047913141e-04
8.350771452035880187e-04
8.619679468115111877e-04
5.174503326265175035e-04
6.851037777881079571e-04
2.607069479181005475e-04
8.640777818446255957e-04
7.018326155007758877e-04
8.057970634054917097e-04
7.030159400192186915e-04
7.185171008674323592e-04
2.418983725055252800e-03
9.496316590425444302e-04
9.063018178497172931e-04
1.944040046565609402e-03
1.400200816071493033e-03
1.171799678647987477e-03
7.544112759471014026e-04
4.133136000877854575e-04
7.247935461680421595e-04
1.077981038609863561e-03
1.138390867739416754e-03
2.492889311317939612e-03
7.678110047470953744e-04
1.056952206279200644e-03
7.515515108430767576e-04
1.078847157216568072e-03
1.055605459473867415e-03
1.125798058738810593e-03
8.459946743554693383e-04
9.194951457881846840e-04
7.833488331867696948e-04
7.716683191733220886e-04
2.220026183962645408e-03
5.978692066117374890e-04
4.652502207905340821e-04
1.435282061687223653e-03
9.204491302515611061e-04
7.892258997957815646e-04
1.155812085742211493e-03
1.057169472858802842e-03
1.098745704608434029e-03
4.543779587103916225e-04
6.091745802849452907e-04
1.187932711488269609e-03
8.812218609791372262e-04
1.020982904629119583e-03
4.177103667707323395e-04
6.313312737491818009e-04
1.663902518207174960e-03
5.928936018935207454e-04
3.916577340560779743e-04
5.730521146028961848e-04
4.738126859411345097e-04
6.736492401333768476e-04
8.684250107374633619e-04
9.365611536957361852e-04
3.503375541980815674e-04
9.503685047105433700e-04
4.682561716653375005e-04
3.555100736328632781e-04
1.344306764037391270e-03
2.291722485071068759e-03
8.620021052054584448e-04
5.564821860845157054e-04
5.652498453818223609e-04
1.565300943244319612e-03
6.701736214598846744e-04
7.034526461863018680e-04
1.403310221065066053e-03
6.334706294007526719e-04
7.530290925072883994e-04
1.385472350238844443e-03
7.557731968908415780e-04
1.025358943231350533e-03
1.977734548208361608e-03
9.072824724830699534e-04
1.337448121693702620e-03
9.899480231068463407e-04
2.631902918459056839e-03
1.413647800269910099e-03
8.790756472625264493e-04
2.456847642573819091e-03
4.196340089080517061e-04
6.247354636535156066e-04
7.569131670862534788e-04
8.939321504266809371e-04
6.669206146204930546e-04
4.487655540993367299e-04
7.281415095931060687e-04
8.771990311179953892e-04
1.396443090667390729e-03
8.781794909106869747e-04
1.196968278933590929e-03
3.279506413329328078e-04
2.734640572473029038e-03
5.819196097230496878e-04
4.890003704512024428e-04
1.702122236271754905e-03
5.556891662057678429e-04
8.302642436238325246e-04
1.015169135538416438e-03
5.571192602540662531e-04
9.052449569722907262e-04
1.701848207173707606e-03
1.997393557218274645e-03
3.932286506520884920e-04
6.638124486780241570e-04
9.399265543786598396e-04
5.530108210592933008e-04
1.712738227595476861e-03
4.517167768244796980e-04
1.051834995287555035e-03
4.320326755785725220e-04
1.096068110591816042e-03
5.025338522950462735e-04
1.086545357773073279e-03
2.143166667122862329e-03
7.431320745208609170e-04
4.533495945582319926e-04
1.650186003990005475e-03
4.069390791117775009e-04
3.481632515188802339e-04
4.657131633017664554e-04
9.966946900562981358e-04
2.343783389754277788e-03
6.787449990695634122e-04
1.244410992963006571e-03
6.684147901981358619e-04
1.432618460173697410e-03
9.054253740541350634e-04
5.284090585486836715e-04
8.178084868658592067e-04
5.706477852057026227e-04
7.408831383778741696e-04
9.014160910123523215e-04
3.748078181303024958e-04
1.721201731003928290e-03
4.959302019197424317e-04
7.235049524919153407e-04
3.896928763419341005e-04
7.187577642789889356e-04
7.669874456233793502e-04
1.199342106104301286e-03
6.597498715452893361e-04
7.439799314568183329e-04
2.292620201497696988e-03
4.834202762167554446e-04
1.635421932001564866e-03
1.402833940587518710e-03
3.841617787684411698e-04
5.662493096050060263e-04
6.765609163710945527e-04
9.305923392232956634e-04
1.213420797943712834e-03
8.613285835658598781e-04
2.723929139581361051e-04
6.691233298633681575e-04
4.868194318917193168e-04
6.637806958603302858e-04
1.262740428054272626e-03
4.598538448493455152e-04
6.774767586359835584e-04
1.179181132604386738e-03
5.969155416034383670e-04
1.111493235719944071e-03
3.834437657834050255e-04
6.945096628732929864e-04
9.031275033028929485e-04
2.256088320109609236e-03
9.143265443667667521e-04
2.995136170793654198e-04
5.330571157446115701e-04
6.793289525978899856e-04
1.724224390157072127e-03
8.446310612008145827e-04
1.127858216284937905e-03
1.077414224521872294e-03
9.039669869727134889e-04
6.239598581084313108e-04
1.610262474499522464e-03
7.494286562028837058e-04
7.362791485955160484e-04
3.105425827920851216e-04
1.545929156544107461e-03
1.600908191043630847e-03
8.815148702910197143e-04
2.056845777775744705e-03
8.046086160668596953e-04
4.463742099758031623e-04
2.130070333460631904e-03
7.470886829154830882e-04
5.359036335664436749e-04
7.879745706522881064e-04
7.871260214500373558e-04
6.986990157873921182e-04
7.154385570409224930e-04
8.899300506875642116e-04
1.129474323219920983e-03
1.134531173889109746e-03
9.254052393730479885e-04
6.337517791400237637e-04
9.080872250877572655e-04
8.218756488992934707e-04
6.329755779796987459e-04
1.124600674879672234e-03
1.118066638702039850e-03
9.463619139056939078e-04
5.267026577567816446e-04
1.477846782989825861e-03
3.945704970321769296e-04
1.587866627481372044e-03
3.436060700202174241e-04
2.096704135668813005e-03
3.782811232462857955e-04
6.010554938557386090e-04
6.810689663486042779e-04
9.942175532191204011e-04
1.075597633362722263e-03
4.502814077810984601e-04
3.537773805875207519e-04
6.640193834859243983e-04
5.381908630954394335e-04
5.975802163892731528e-04
1.228019159693709544e-03
2.036299160280430950e-03
4.307195274259298964e-04
3.738253372041593905e-04
1.824501299525739789e-03
1.424721713204018950e-03
6.804421159882837172e-04
4.097825870843211813e-04
1.313653723055689454e-03
3.388410472848117985e-04
5.401243464260526740e-03
7.395752547962260214e-04
7.161136094223377819e-04
5.753385879531610920e-04
1.117918509333738894e-03
5.940290006459665031e-04
7.061279415284903421e-04
7.808979514583693545e-04
4.442122804774110262e-04
1.578149154133660307e-03
1.523159395593298195e-03
1.903046456391856633e-03
1.535716917180171125e-03
7.844461703898942010e-04
8.300127912432691277e-04
8.671203700403853562e-04
6.370333761678498644e-04
1.091551779097378041e-03
5.117067462253318622e-04
6.947237631994465212e-04
7.302601209628160894e-04
1.042262545169068489e-03
9.475125536397503278e-04
1.157644155921310793e-03
4.870395804961872351e-04
2.736409337462357839e-04
4.334868234311227832e-04
5.695212993969534345e-04
2.091335381544673615e-03
1.172283232029042123e-03
2.418983725055252800e-03
7.652546478827692861e-04
2.249534256544203064e-03
5.611476435947099824e-04
1.261459154047124163e-03
5.634361046049690593e-04
1.082965195434978066e-03
9.804559559835593265e-04
1.093032584014026450e-03
4.174754844059087736e-04
3.141553741762493279e-04
1.378061897839932912e-03
1.370452021394900476e-03
1.201602596197518620e-03
1.180700889528027864e-03
5.990591403528717791e-04
1.058638177665411012e-03
5.581360321272400881e-04
5.335897605928044537e-04
5.786546741065915715e-04
7.356691534119609707e-04
1.936623322544013363e-03
9.437033011288376320e-04
4.544618056595054975e-04
8.495778165836030509e-04
4.806646771749458966e-04
4.137666663366637793e-04
2.298783018353651054e-03
1.173595834623314188e-03
1.636624973825392872e-03
1.277882127718180365e-03
7.720982748096281035e-04
1.187496787591221098e-03
3.769086999543022187e-04
7.351454777843247817e-04
8.333107482161008139e-04
5.018049139974941480e-03
1.269334802499015157e-03
6.706528802629107286e-04
1.083698039863905489e-03
1.245280475618962919e-03
9.770932122455974582e-04
2.571355242920096359e-03
5.299931284843228778e-04
9.102384084216002050e-04
7.994115557709858535e-04
1.357422975043558752e-03
4.740940304641534349e-04
4.803188778044952477e-04
1.374974253300062076e-03
7.474075361707188886e-04
8.795353364775960851e-04
6.831329518820978067e-04
8.251110913530440615e-04
5.389555441453091397e-04
5.871903746300194101e-04
8.979634069229719840e-04
6.447873968013801294e-04
7.279464426263645288e-04
4.355766730829177188e-03
1.259861002494425813e-03
5.504986176651389387e-04
4.438464380929539143e-04
3.644910889810833968e-04
1.755906593559980900e-03
1.093475771722774012e-03
2.494753894986496967e-03
2.542407813834873624e-03
6.750926719503919961e-04
1.073374169240079185e-03
1.101669354920526995e-03
1.065024089640630991e-03
1.589221840271726367e-03
1.408711064468275327e-03
7.210562253523728057e-04
1.194508991451936116e-03
5.622963805888189217e-04
1.273739241974806372e-03
6.270913847511289368e-04
1.654996015356879771e-03
7.302601209628160894e-04
8.232596649176017857e-04
1.241089164029360098e-03
1.428959759835130190e-03
1.196142396628932904e-03
5.523724246560415352e-04
4.634625495846589121e-04
3.136864984512459137e-04
2.226719698132613619e-03
1.112363651627623715e-03
2.481198359255924919e-03
5.682343521188027921e-04
2.359987982363707763e-03
1.227823592577055849e-03
4.938335710621141001e-04
9.926979765104487416e-04
1.892636629403713884e-03
1.138390867739416754e-03
7.562065794225997879e-04
1.038641901846442013e-03
1.373143082092008384e-03
3.859982824539194926e-04
8.107937785450786399e-04
5.918849813409468585e-04
9.642779535189275903e-04
3.767909475349466662e-04
2.089058839731330885e-03
1.796053087324948200e-03
8.535195512066037554e-04
9.304180646931221920e-04
4.066231337525990025e-04
8.400347740765953851e-04
1.188075178792516841e-03
4.684450447194646273e-04
1.122101360644855040e-03
8.724503817128954333e-04
7.857956788550421066e-04
8.891555003412963693e-04
4.970475645404323324e-04
6.422021852119936657e-04
1.797427376712732068e-03
2.139655691908803111e-03
6.740476172323300180e-04
5.728170473835922632e-04
1.819634931435970548e-03
6.895567296002319243e-04
5.706477852057026227e-04
7.136697775351529081e-04
8.985271887340933340e-04
5.327381950885905128e-04
6.290803470529495985e-04
6.033538073431640508e-04
9.994507801709111988e-04
7.472216509474195094e-04
7.565960488046947737e-04
7.513662734945941073e-04
6.783876816759167993e-04
1.026507171734373537e-03
4.008637873283778415e-04
1.470048257258480418e-03
6.770822999731554393e-04
2.422979698081811992e-03
1.372064542877485032e-03
9.446071267153801363e-04
5.922681794112140364e-04
6.116715597110645433e-04
1.023417973036787635e-03
1.294789673273050558e-03
6.740476172323300180e-04
6.282050540585533763e-04
2.655925805685208606e-03
9.280828266156387809e-04
4.963165667814589069e-04
2.709565114137717765e-04
1.061207313243426199e-03
9.905785814032534373e-04
3.174901814276288588e-04
1.673222435097783357e-03
9.369756445452234479e-04
7.264637896831067747e-04
5.498187241221281314e-04
4.096272688282374757e-04
8.662017450734679118e-04
5.560713419206734110e-04
1.752420552786848607e-03
7.103054404039027417e-04
9.986273673354415566e-04
5.823226884591249132e-04
2.331196334397481282e-03
1.287168216899256144e-03
9.157183674982372892e-04
9.165700530301654518e-04
1.882940182184286151e-03
6.045464319888753033e-04
5.001440198626216395e-04
2.734520346851470121e-03
1.667844326883583493e-03
7.959787537401263316e-04
1.071909729517015603e-03
5.113457594723701564e-04
7.552652411653509000e-04
6.658195444874410313e-04
1.267965686145752649e-03
7.275648764422989329e-04
3.366749576485115114e-04
7.960489870512613012e-04
1.549363603347638776e-03
4.304439104879048770e-04
7.024177708274863610e-04
2.846666630632349159e-03
5.076196623704418674e-04
1.055406870815747689e-03
1.080620214377728261e-03
5.842301983975381257e-04
6.270913847511289368e-04
7.283845067319591254e-04
2.266595580726319184e-03
1.861552269388786493e-03
1.190420130096184453e-03
5.943088411536709024e-04
3.940172441162861916e-04
5.675165125258426271e-04
6.874184250398636268e-04
1.269650958560852860e-03
4.142579372680933931e-04
7.658381741825122943e-04
8.272822862153676347e-04
6.023298362205814667e-04
8.086486352285993497e-04
6.959100325490762779e-04
3.271431034114095655e-03
1.036623258121688491e-03
1.530248251235307409e-03
1.131621661055217483e-03
6.026725877785580904e-04
8.008660390800049784e-04
9.907618933197180535e-04
4.849316115824302297e-04
7.129853530126549878e-04
8.841735991064365863e-04
2.067301340997948749e-03
3.623445491787035560e-04
7.004266115442099984e-04
3.738253372041593905e-04
2.465703811944654385e-03
1.055694800705126151e-03
7.249154615527323613e-04
5.563552393729745893e-04
1.261537399263639803e-03
7.596662895546698333e-04
2.273445884958268364e-03
1.514078699166683398e-03
1.535820106627544925e-03
1.152295675414573674e-03
6.609214305052921916e-04
5.654408882494862867e-04
1.390370130089162029e-03
4.639441970179390066e-04
7.302601209628160894e-04
8.465932639201429865e-04
3.396162916580643945e-04
9.034345750591395727e-04
3.603969007169337442e-03
1.253758458364042901e-03
1.184609652369050152e-03
4.386968977429477404e-03
8.843670808625501067e-04
5.529947004208753906e-04
5.179313795998575273e-04
9.608251980283657361e-04
7.054730699083650936e-04
4.280907839428230405e-04
1.313439715060286169e-03
4.472210014573852442e-04
1.330101866335278021e-03
9.659205758087640540e-04
7.880644161740718709e-04
1.767813009629138872e-03
6.613148812883660457e-04
1.142859837842965555e-03
6.511597242588360685e-04
5.520993425448454759e-04
1.783668546697112249e-03
1.507509174841767125e-03
4.214393914198408904e-04
8.531906027170312132e-04
4.031326813116683258e-04
4.251158323984257389e-04
6.180180795905820812e-04
1.078564670145540144e-03
6.206952475413658700e-04
9.426506381810467001e-04
7.302601209628160894e-04
5.490055427526085692e-04
1.693727472944608079e-03
9.968737799599016857e-04
5.651468861215758416e-04
7.939376906183362665e-04
8.383973834387171411e-04
1.231369947297417545e-03
9.719317733242035986e-04
2.053347968113730746e-03
3.494363361127510279e-04
1.207903686773017116e-03
1.218705952180309474e-03
3.219658604429235745e-04
6.609214305052921916e-04
5.065229549291129160e-04
1.444749654167591570e-03
4.738819902589189712e-04
2.344271572840403786e-03
4.400687574326704057e-04
1.129327978205100103e-03
1.069177614846291433e-03
1.025911538061291279e-03
1.165190191026580164e-03
2.564961214099719007e-03
1.394651956124706325e-03
4.740003937378336530e-04
6.197371882688257469e-04
4.316760818970107440e-04
4.027051796313494553e-04
5.259680959005546717e-04
7.985374276862690921e-04
4.927680547230573393e-04
5.342408004974505062e-04
7.747239139919845840e-04
8.466940799515571426e-04
1.238493601081870924e-03
4.271324261755147351e-04
1.231430993120838108e-03
3.251311767550104639e-04
1.939706079484954451e-03
3.053643090703479540e-04
6.961488587684734912e-04
2.418983725055252800e-03
4.579689770603283185e-04
1.041357158354660898e-03
3.752889183024642780e-04
7.961555212434962784e-04
1.088791991503695097e-03
1.688095737753777907e-03
1.290268600683298472e-03
4.750447597717655625e-04
5.280157965930210983e-04
2.331196334397481282e-03
4.096281331447313941e-04
6.411525472962860666e-04
6.959100325490762779e-04
5.686292926391560377e-04
4.989920569921272404e-04
1.201585426488202416e-03
2.521710721433192623e-03
1.257263002611707292e-03
5.262454781161494824e-04
6.574899526784286916e-04
8.344072247773124404e-04
1.246824986559533178e-03
2.571811728788144435e-04
6.204093556579443275e-04
5.994130303591920774e-04
1.633256464027994228e-03
5.117249922929427691e-04
7.109987463297988636e-04
1.480323570127812334e-03
5.574160585764664083e-04
1.258278195505143585e-03
4.486605213071565446e-04
4.498683322222018122e-04
1.330370556929816707e-03
1.551554905342270247e-03
4.124677185731532030e-04
3.834437657834050255e-04
9.455638053751956379e-04
1.280987105634089074e-03
6.780351321497900350e-04
5.282434266666962948e-04
1.048958402664060307e-03
2.412773182199383620e-03
6.977700055522786981e-04
7.674252822060655555e-04
1.073374169240079185e-03
1.265860387755459848e-03
5.825098496046382046e-04
7.450688446290416097e-04
1.649668574700919850e-03
4.381990964827487756e-04
2.816937703711371987e-03
5.554810921484575146e-04
9.187063815292086533e-04
8.818005169639953414e-04
7.098563319462534993e-04
1.055398351239659246e-03
5.802481470489218723e-04
4.887789195561270325e-04
7.884493230477366589e-04
1.436494886948465593e-03
6.293528451766318204e-04
1.296159296970598356e-03
2.733093070928585295e-03
1.056952206279200644e-03
1.358107479802619184e-03
1.151539003240217374e-03
5.235357085740620494e-04
5.557250243414025605e-04
6.197456488563620608e-03
1.214810584992345776e-03
5.989878267697728046e-04
6.803856341951183351e-04
1.275674291277572236e-03
9.146450669040235085e-04
2.405785080790534981e-03
7.733128825256293561e-04
6.086321871182435441e-04
1.752420552786848607e-03
3.925596086288321270e-04
1.157901229930744175e-03
8.384253593518340526e-04
6.325602251096496724e-04
5.617919279349842384e-04
6.880346651887435166e-04
9.434794727350383952e-04
1.467345369268096026e-03
5.930007577010674644e-04
