5.818556859042987904e-04
1.613434754088574749e-03
1.979629125401532585e-03
5.171266487461020000e-04
1.105103586389615759e-03
8.914371400927628263e-04
4.709673245853121114e-04
3.905170531647142234e-04
4.817934652816544048e-04
3.214645958144630718e-04
1.402986067068816376e-03
5.267921062268884989e-04
3.957451163297562389e-04
5.729712270007891782e-04
1.475101695258758481e-03
6.419937853069613773e-04
8.902018481167897667e-04
2.328142683265351908e-03
5.680599634235014486e-04
8.577510764347950380e-04
8.362852460793794010e-04
1.052300419495311038e-03
5.519923183784911699e-04
6.053736388742420082e-04
9.719594237019380054e-04
7.396748447803762469e-04
4.669064228949966954e-04
1.070162268384893456e-03
1.044922392793705976e-03
1.099868676325703931e-03
1.032696550202859883e-03
9.009246385017536350e-04
1.250171189583538546e-03
9.223153311411108916e-04
9.632256166034424121e-04
8.244797871547798664e-04
3.237321919542870702e-04
1.100119448650077689e-03
7.295793238181078012e-04
7.633173585796662955e-04
3.767985195035141745e-04
9.239384787811900576e-04
4.898643658814625084e-04
8.378237907600787461e-04
8.188290883763156818e-04
1.350488289248728867e-03
1.916888670672232649e-03
6.285748098470470783e-04
1.917257748453000000e-03
4.876973894785408795e-04
1.106081891530520927e-03
7.313733049481163520e-04
9.737353420717842966e-04
6.815916424066880124e-04
6.739273328102565134e-04
1.551288793109627728e-03
2.010192942297158326e-03
1.706487438287513292e-03
8.869695354106042371e-04
1.542125269216261573e-03
9.249227118990257374e-04
7.302116582546104660e-04
6.568652909956806431e-04
6.508387526978550450e-04
7.725883651392637108e-04
5.934926255645970195e-04
1.164450657355514673e-03
9.611301542085639226e-04
6.181461643262974428e-04
1.732294278321194975e-03
4.379373797446392763e-04
5.990666694802950810e-04
1.358966720391540121e-03
5.259388169033466084e-04
7.460577496344645860e-04
1.508201494868755812e-03
6.583766524186542707e-04
2.226594689448888314e-03
1.326252832864637920e-03
5.121313310440754867e-04
1.081849145099971930e-03
6.115064399185445683e-04
9.467328990148498030e-04
1.969239346251027215e-03
2.248013359327962445e-03
7.210951461440918845e-04
3.298130699120532328e-04
6.571927295899851256e-04
1.237256160425727987e-03
4.718826626310198983e-04
1.108394453336173898e-03
4.838140485709153016e-04
1.092286924097520115e-03
1.106542966669987185e-03
2.331997566979512101e-03
9.726487775366085596e-04
1.149381241958107513e-03
9.374146267821229688e-04
6.111963967385692373e-04
7.967044894370206099e-04
1.191020853594466694e-03
4.549199726225411811e-04
4.172068019150817456e-04
5.301507431158088623e-04
2.119982874048806278e-03
1.085803860127117952e-03
8.881161987886014575e-04
3.288533085933430895e-04
1.495734984326730667e-03
1.186758756342996043e-03
1.923763101856693428e-03
2.390480172980090053e-04
3.532345999769047600e-04
9.299248320277487233e-04
1.197171815063560610e-03
7.274550285654406015e-04
8.726416620868214123e-04
1.226890181928042521e-03
5.333781845940028859e-04
2.880343958545469180e-03
4.236188321584876348e-04
1.148277426635417164e-03
7.829097010968636512e-04
6.755185116824512443e-04
1.507757888669237784e-03
9.984598133640247217e-04
7.311608339634625368e-04
5.415700643669314968e-04
1.021189512112685846e-03
1.226751979283980613e-03
7.605731989376150358e-04
1.184185165655207575e-03
4.806915081042153820e-04
2.178542759331069268e-03
4.601786449949465019e-04
1.072240733249541942e-03
9.884957759684353824e-04
9.849094774241197274e-04
7.699763164602567780e-04
3.858444388054939897e-04
9.057247028145681573e-04
3.464523410860704893e-04
2.339350830887320775e-03
1.172389158601209016e-03
2.079305120570299880e-03
3.078669073197594277e-03
6.265300493538812588e-04
5.399150024429704917e-04
6.837511148744033042e-04
4.915081963410990705e-04
5.624167501257952909e-04
4.620320971374605344e-04
8.433771540219249605e-04
6.273905250775856004e-04
7.216690380639243863e-04
1.013988684944111800e-03
8.697460445751120650e-04
5.183176641812503810e-04
5.560196431924536607e-04
8.776621939403025929e-04
1.144336338341471948e-03
8.613999596450536318e-04
1.282996630703952179e-03
8.773774134737306624e-04
5.334373932636347600e-04
1.037687538330630968e-03
1.958348886134736282e-03
5.170912554117622828e-04
1.527300919051032425e-03
3.817400895042958892e-03
9.879655796055722417e-04
6.255556370343470091e-04
1.381521237233757950e-03
1.060211788088115956e-03
1.101417387337842724e-03
6.126964834218668037e-04
1.980582898097883217e-03
5.079480419352620487e-04
8.530102695418224218e-04
4.858336684846964394e-04
4.602704060369672149e-04
6.294339189478039085e-04
5.485505296098213551e-04
1.303463309181981163e-03
6.596955162246242099e-04
5.110013611170801089e-04
8.902018481167897667e-04
3.378099683057304153e-04
7.117666654974375007e-04
1.241236206202298888e-03
7.093853063681357070e-04
5.386186743883914158e-04
8.402747104190077046e-04
9.345501176350884398e-04
7.849420779298486167e-04
1.300235613052652759e-03
2.297957015889464001e-03
1.320731362763788962e-03
7.618691354332820815e-04
4.152084408495634242e-04
7.673687483402074445e-04
7.827973245657399593e-04
1.500437680441160529e-03
5.162705580393901848e-04
6.897407883026414723e-04
1.158354765492428020e-03
6.813362582090445830e-04
9.633108546329641067e-04
3.327339397776458811e-04
4.957120458709691731e-04
7.356605934936667150e-04
2.076359603031885988e-03
8.468217002515571407e-04
1.458048401365937214e-03
6.935540941778679585e-04
4.593016713943668728e-04
4.865991294081538376e-04
2.666086982481259346e-03
9.738474504319868637e-04
6.432078970222321248e-04
1.837919488121565227e-03
8.202926430575108044e-04
1.862734123532137865e-03
5.400714560307722130e-04
4.327128581688130353e-03
4.107872437253840274e-04
8.264066940556907565e-04
9.529766437620286208e-04
4.080834444706975001e-04
2.165482685848992873e-03
5.400375563848949095e-04
1.181636604796224618e-03
4.829933490928186462e-04
6.063722141123521845e-04
1.052224138728447391e-03
5.257009606466851769e-04
1.034993173049479588e-03
1.021710606003620658e-03
9.874811836177606588e-04
8.264540928481223236e-04
3.961749225859071441e-04
2.114519581918627468e-03
1.997417202204583835e-03
8.729349223401280077e-04
6.511503116103734348e-04
6.795541443125858267e-04
6.366232237621063982e-04
1.412007137371046458e-03
5.659576942608489022e-03
8.410737797891788825e-04
5.093769772577144998e-04
4.921572315795312786e-04
2.215851385812630994e-03
7.619104727256087407e-04
7.231800179328440369e-04
3.109357740137307872e-03
3.572118095693715533e-03
6.425262287620708444e-04
4.244976348394680207e-04
1.373017355923276776e-03
7.215571227666666820e-04
5.115514412431065687e-04
1.148572924471594160e-03
3.254444669105239531e-03
1.142872726838798422e-03
1.107127717800433526e-03
1.174127886789821116e-03
1.490437182955237604e-03
1.148277426635417164e-03
7.464227239366500507e-04
7.221778278060328763e-04
5.855803392904086356e-04
1.199136864883863915e-03
1.023468787251018098e-03
9.646540464828447107e-04
1.360380060234670343e-03
5.468482854726389696e-04
5.246629443519897941e-04
1.101044617708211212e-03
7.344964464830400566e-04
8.987563856514974026e-04
5.898848330541584710e-04
6.798764702992102140e-04
4.814133371425393434e-04
5.019245323874602354e-04
6.866678037894835031e-04
4.346620066570659508e-04
6.285748098470470783e-04
1.007032218077548143e-03
9.430376581497798777e-04
8.254473619167490518e-04
7.924793421100871258e-04
5.408770200146528501e-04
2.947192870744054071e-03
1.298303115889143551e-03
7.493919227946178136e-04
3.790439920384574808e-04
1.154545513232340835e-03
2.853574468972871060e-04
1.769395350137754289e-03
4.549199726225411811e-04
6.336272724586816977e-04
5.266715780857290658e-04
1.656149339485675238e-03
1.193835473840104385e-03
6.224864966865660109e-04
2.140812075337987334e-03
5.501486844990664555e-04
8.551334305532007308e-04
1.171782179924411643e-03
5.546052717620841973e-04
1.174016220604170513e-03
5.027511888058890663e-04
9.396979265033121934e-04
1.344962615267287749e-03
1.088127609686721613e-03
7.451593107903313083e-04
2.147124061784683527e-03
1.491685045017181145e-03
4.825721616228240249e-04
6.613700317569880900e-04
7.527377812745252852e-04
5.802663959631311702e-04
4.298535688448251453e-04
1.007742474098900819e-03
1.135453491730256800e-03
5.939166445773717265e-04
4.007129111307342908e-04
6.574677323336750511e-04
4.905790669937153646e-04
5.227683763722920087e-04
6.310992929860907751e-04
1.429444506759655056e-03
5.162705580393901848e-04
5.671492075852708863e-04
4.554566595630610390e-04
7.483802797205983421e-04
7.220365334144956352e-04
4.998228545500781874e-04
5.320409621825182393e-04
7.187009076190739327e-04
6.108835282093532087e-04
1.360910888036570825e-03
5.318465438170397836e-04
7.358398218612476364e-04
8.636280412787776702e-04
2.375763975804510465e-03
1.265009632458873132e-03
1.763889157888170675e-03
8.168940870345956515e-04
7.504638628581753595e-04
6.652048965979689065e-04
7.166056726354891240e-04
7.972157889242427638e-04
6.316733571458285580e-04
1.687505830599320611e-03
6.802449901051133355e-04
8.133529945650925424e-04
1.086524852565975887e-03
1.038090636648439456e-03
5.925321409628159621e-04
7.396465571726660226e-04
4.959189915906153136e-04
1.007032218077548143e-03
5.334373932636347600e-04
5.402294500566714357e-04
1.228408020012488689e-03
1.498987074924607987e-03
6.196814399507440943e-04
1.578472175483053037e-03
7.633252229894689316e-04
1.101334656332243148e-03
2.519895180697064811e-04
5.413152172415824741e-04
1.013964714750115225e-03
8.010173545437124275e-04
4.858336684846964394e-04
2.328142683265351908e-03
6.576408656957467760e-04
7.353107939314456297e-04
1.015589810547958731e-03
7.215571227666666820e-04
4.883140921526081361e-04
6.428697486381340295e-04
7.354133774451668921e-04
7.198866800700020338e-04
5.627704460276122854e-04
8.344378852706824373e-04
9.106225991105834465e-04
6.709886393277788349e-04
8.374477118841149774e-04
8.736163393406530357e-04
3.490062929350940544e-04
2.949051661386456729e-03
5.278855106484867847e-04
4.072296785592090392e-04
8.289521713750722153e-04
3.463978518825744889e-04
8.069919418790690545e-04
2.694657214961796235e-03
1.382573683582534983e-03
1.329269456053879667e-03
9.278529146584202445e-04
1.154545513232340835e-03
4.529052941940069120e-04
2.071181200294473779e-03
2.300658622509459909e-03
1.222910437014598133e-03
1.635500003937953714e-03
5.344649078377772949e-04
3.748158933240618813e-04
1.293497490155137404e-03
6.011940877795783015e-04
4.972327505366098705e-04
1.217785568024622005e-03
4.905220859975448775e-04
2.878193506471485004e-04
6.748376486967453715e-04
6.008427140199730076e-04
6.674060266188901972e-04
7.907221114860067289e-04
1.123507517458109933e-03
1.418349598140701421e-03
5.372963438586421218e-04
5.458305176145834348e-04
6.822974879733573628e-04
1.801877088270589311e-03
4.218895020001109668e-04
4.298164048390969443e-04
7.843017431444974886e-04
8.935683412786700041e-04
4.622283412893817586e-04
8.017069034333217624e-04
9.460325489082500958e-04
2.322855258061738183e-03
4.540575860193588054e-04
8.712538026448822005e-04
7.993951059505050418e-04
3.565107009624740868e-04
9.962579617730734673e-04
1.361051879411662256e-03
1.367230009728642032e-03
7.678562885019835083e-04
9.730688161190076619e-04
2.611947829764428922e-03
5.268251649872894267e-04
7.187513857010811033e-04
4.404553181426485884e-04
6.352457488889071526e-04
4.952884720161499941e-04
1.460098310032702804e-03
1.096106174228643785e-03
9.412091387156150922e-04
5.627219926128123337e-04
5.336595279256462539e-04
1.542908509074000355e-03
3.949783909389510640e-04
5.823649487338003255e-04
1.032292443759070047e-03
1.101438039037468944e-03
1.030270279228934259e-03
8.714829250561182154e-04
4.833702164278062883e-04
6.834735265216953636e-04
6.121457047113965794e-04
6.743473246820846576e-04
9.503594582841403586e-04
3.956047231448142415e-04
4.842613055267880502e-04
9.907558245837498698e-04
8.198339520097194929e-04
9.325755849098294956e-04
1.800167228226171338e-03
8.220463086490001261e-04
9.085536371775995148e-04
8.225000090469141399e-04
8.930425642633265260e-04
1.332038184923259013e-03
1.316889353034831961e-03
6.844673730079057225e-04
3.184413305059286513e-04
5.037085612593466795e-04
1.146685221074169106e-03
7.525020502016816241e-04
2.317520995669294839e-03
5.386186743883914158e-04
2.539507329788538801e-03
4.046158556518183211e-04
4.875989252740963310e-04
6.318781310107901041e-04
5.660564734435226050e-03
8.034383496720024680e-04
2.084343668142494676e-03
2.275795611951275839e-03
7.584994515479977131e-04
1.136895582267863879e-03
6.721296432997470646e-04
4.856641825946237377e-04
8.455624883601263247e-04
1.931501823781825488e-03
7.581594542921695325e-04
7.114498028822688726e-04
9.460325489082500958e-04
1.255454780263047781e-03
4.765780717573217268e-04
4.621248091808864223e-04
9.423883744577435167e-04
5.237394785476196706e-04
5.346926223122023354e-04
5.385941930745878799e-04
7.961841309546172866e-04
6.765532689326996625e-04
1.033975272064658040e-03
5.374107911829875857e-03
8.043558841250772733e-04
1.417145556243926217e-03
8.892993201826775423e-04
4.593707330688834973e-04
7.479963198701023146e-04
7.605437837563685339e-04
1.602527973207312556e-03
5.848851943120290811e-04
1.186871163281133339e-03
9.568138261136072522e-04
1.034713492887746064e-03
3.418139930113387077e-03
4.769669251427763519e-04
8.917830889120549609e-04
2.734415706662933054e-03
7.255727446628918538e-04
5.173738737288642239e-04
3.480458011271244431e-03
1.271940770748625779e-03
6.477976999225526196e-04
9.353074934713747875e-04
5.162535873511899746e-04
1.629491800092068175e-03
6.059981221774395597e-04
8.637686102862405981e-04
8.804043736878791387e-04
5.270880214622543835e-04
1.592863073030718977e-03
5.854860758994248453e-04
4.739723722939073128e-04
4.964757775548970077e-04
6.937277391904185042e-04
8.408868586615700141e-04
2.233116440471064838e-03
6.327842396104598963e-04
1.074537250891559022e-03
1.222101763251514251e-03
5.244124825033556628e-04
6.110997249178746820e-04
5.166983016622271043e-04
6.549071479779785404e-04
7.195708439215306364e-04
9.251731326874150377e-04
8.457681236814005134e-04
4.995021900290371863e-04
1.687505830599320611e-03
2.504242913742623939e-03
5.866230093933583623e-04
1.801746158947849794e-03
1.038472427191604059e-03
5.987153291515728490e-04
1.690125002275643220e-03
6.316733571458285580e-04
9.348118366685257124e-04
1.040493523938549420e-03
4.479196395506356140e-04
9.475652968534473532e-04
5.481850275686609743e-04
5.190491162825781272e-04
7.751116553307169782e-04
3.638612102324907498e-04
2.484907830303802450e-03
2.421970995592464659e-03
6.552803704330477895e-04
9.396662694069604161e-04
5.209560755242726446e-04
1.224439765447738956e-03
6.935708275383568660e-04
4.869798729915596983e-04
6.087791439623269161e-04
9.026996205191332263e-04
8.901256485096015626e-04
7.759082906246769513e-04
7.817064889150393808e-04
8.377519406803737335e-04
1.155262029426640160e-03
5.288928799409098411e-04
6.826674313094210954e-04
4.845570736427695516e-04
2.041487956463054840e-03
5.633265899177507773e-04
8.209172193468563259e-04
6.930243214623406714e-04
6.815415234123702211e-04
4.979221540760596712e-04
8.212094824730489708e-04
4.769050354274341139e-04
1.476874334079770557e-03
8.740466974601622833e-04
4.640107986098058871e-04
1.144661355029257237e-03
8.166454164096574727e-04
6.597697096876642582e-04
3.928749806722042293e-04
4.430256001476864242e-04
8.997038409746719147e-04
4.949042296268069390e-04
1.128317410890745248e-03
1.215970486929693426e-03
2.068685006950475146e-03
1.083088531391443498e-03
1.475101695258758481e-03
3.973145508572358681e-04
1.016439175357241589e-03
7.658846804797078342e-04
3.293423874319987470e-04
6.934550227726695402e-04
6.870803992222047343e-04
6.433427114617877932e-04
3.885790277922525566e-04
5.715268359612771330e-04
6.896732220573677415e-04
1.073107260022752255e-03
5.925321409628159621e-04
8.054437369415960507e-04
7.834854268198813022e-04
7.267626296028315046e-04
9.856805920688768447e-04
5.750426387446681614e-04
1.347066411027771126e-03
5.802568473054580235e-04
7.031561812597830361e-04
5.623649058525772865e-04
5.522035903252891110e-04
5.029991329767058861e-04
1.262307245406882371e-03
3.511761162155299025e-04
1.106629649693658497e-03
2.273846982936922768e-03
5.973051782691689727e-04
7.778971690229438034e-04
2.134884276677512151e-03
2.947509461550805020e-03
2.962946542010495236e-03
1.036338661203514396e-03
4.942473817073229350e-04
9.977521490877171856e-04
5.031594949177367691e-04
3.237321919542870702e-04
4.363140868044283749e-04
2.885496975999821308e-03
8.572118572171118309e-04
1.058150328341507301e-03
8.607569850644118323e-04
1.530011672458414214e-03
1.176743369784174261e-03
8.607802258923986536e-04
9.385538670189768609e-04
8.378392571951635490e-04
6.719130887359347267e-04
5.703519265286103625e-03
6.524000285169605229e-04
2.157143001989898518e-03
7.231800179328440369e-04
4.584071717904787376e-04
1.819627796503829999e-03
2.981115718167819052e-04
5.458949180828944316e-04
1.020795600433891098e-03
3.459990569892342329e-04
5.505637948847730279e-04
6.015619176025217667e-04
9.856956765272857721e-04
8.225759352595775516e-04
7.026085163997889977e-04
1.711331126340023042e-03
1.449886064174852338e-03
2.763031770091758043e-04
4.704883160226649313e-04
1.024483466365600729e-03
6.605763171766983839e-04
7.793117746586249867e-04
6.648540763593768169e-04
3.608072700929051708e-04
1.046972058366655006e-03
4.536337139906382039e-04
1.734356148626611067e-03
5.636221036409158960e-04
9.349695033242970757e-04
1.008189837445082294e-03
3.576012504597068280e-04
1.032888553271631236e-03
5.935511215918981131e-04
1.789885133730794624e-03
1.090664198521502926e-03
4.930856056880616491e-04
7.384799981288974607e-04
1.401796778844767617e-03
4.067703247902254050e-04
2.134884276677512151e-03
9.056694667829353349e-04
9.153044433719156013e-04
5.051516041478893923e-04
6.067611404734781595e-04
6.088362870005378878e-04
2.342980853045152894e-03
6.015619176025217667e-04
8.904441806112655278e-04
8.337516337693335429e-04
1.292070811030753170e-03
7.804961905790076425e-04
7.146951822079353721e-04
9.207880602453551123e-04
2.628902101542819093e-03
9.729825429213924707e-04
1.630988434907624553e-03
5.093769772577144998e-04
1.425636585518044296e-03
1.020247996939388415e-03
5.655633375109366716e-04
2.043989619915094046e-03
6.837959658756915561e-04
6.624288356863178425e-04
8.031668729698122292e-04
7.304617742015868031e-04
4.059900487104400944e-04
4.626439038259096180e-04
9.659826580630315792e-04
4.516102854925199456e-04
1.112782755442378235e-03
6.127041075674098886e-04
2.846198303807365095e-04
4.244976348394680207e-04
6.581437574113621755e-04
9.149643848873578690e-04
8.404993549827835964e-04
1.204484214444585160e-03
9.978665520118164961e-04
1.229007583108167063e-03
8.768907069281660317e-04
5.037641017602730292e-04
1.347235936754783998e-03
8.812651688994071553e-04
9.056694667829353349e-04
3.464523410860704893e-04
5.721384234001221760e-04
6.485485860075718796e-04
6.063722141123521845e-04
2.668756498182040752e-03
1.081723801649179259e-03
1.022078271189272259e-03
9.996262725462091124e-04
5.961332996875962379e-04
1.314987837040038727e-03
6.925936096988718213e-04
9.140257487857889659e-04
9.389123908753397706e-04
9.164074031520499887e-04
4.852903821442503094e-04
1.450578634627633758e-03
2.566014594651909561e-04
9.085536371775995148e-04
8.203499544898025736e-04
4.333580270762264135e-04
1.022244805551213035e-03
6.609812173320081226e-04
4.981996618462995047e-04
1.541702051420434363e-03
2.536618420095732105e-03
7.909177639550669893e-04
6.007790405541429046e-04
1.213131568458784707e-03
3.841610140687966345e-04
4.016021652902037058e-04
1.503099621184179760e-03
4.264971475926296850e-03
4.998739205211982914e-04
7.161164921816033473e-04
1.495734984326730667e-03
1.145080099672558544e-03
4.437146643056574672e-04
1.233785585777729971e-03
8.157794417869632239e-04
7.944301211365258812e-04
8.639421462797069106e-04
1.210716584756332684e-03
4.492144855607928255e-04
8.416084921691970901e-04
9.818307138788017179e-04
6.801238348346867659e-04
8.032553000836576904e-04
1.395546642498757652e-03
1.394483191565416488e-03
7.169549451405387566e-04
6.018164601474321196e-04
7.058716732029333453e-04
6.541747067515829182e-04
3.909797420514253097e-04
4.429541831334547590e-04
5.237394785476196706e-04
1.100119448650077689e-03
4.106518809668503549e-04
9.826827142358537503e-04
1.565627676181507479e-03
9.986878366167401336e-04
6.604091415261802460e-04
1.217639379863877727e-03
3.961749225859071441e-04
1.440377053487003085e-03
1.042983520819575332e-03
5.119160922123528346e-04
5.656291836708355952e-04
6.694707259528682661e-04
1.026670051381837079e-03
6.479238071918849576e-04
1.013988684944111800e-03
1.579981937414173029e-03
5.491260176115937567e-04
7.504638628581753595e-04
1.133412843982384288e-03
1.240421120205928559e-03
3.649521081023395647e-04
5.370032179113842308e-04
5.114454738642554722e-04
1.438060652701402594e-03
6.106011539332954763e-04
3.892180079553779221e-03
5.304438114586097416e-04
1.344058884518076593e-03
7.727711723353612640e-04
1.507243247797478841e-03
1.142342320309332844e-03
1.032824438364931922e-03
1.158019732720238365e-03
1.231067965881509942e-03
3.100354211518520624e-04
1.568287892854090164e-03
1.862734123532137865e-03
1.568099403809807306e-03
1.719712872486165974e-03
8.776014715420096379e-04
5.925321409628159621e-04
8.518432720633379186e-04
7.734923042378691370e-04
2.168058613343321062e-03
8.590950688204966514e-04
6.528084813486003573e-04
5.816080213583814862e-04
4.866035295290462655e-04
2.339350830887320775e-03
1.016417801131367770e-03
7.257514664408040153e-04
1.162700759985403837e-03
7.796238113654935763e-04
2.750286879042885147e-03
6.480404481993716145e-04
9.463660088770991683e-04
4.685621684217277944e-04
1.061229312349161197e-03
4.047821642097099181e-04
1.290133668283132556e-03
4.921733756741897194e-04
1.288464062797217528e-03
1.232040992479475341e-03
8.544813870412551991e-04
1.380346906356951040e-03
5.340947577445707972e-04
3.638577583899768315e-04
1.204484214444585160e-03
1.613434754088574749e-03
9.325755849098294956e-04
7.135171150068345602e-04
3.364232347655528375e-04
8.636280412787776702e-04
8.615554839526256550e-04
4.244976348394680207e-04
1.554336125581892020e-03
1.051740682993441327e-03
6.474682590897762194e-04
1.011069544599305396e-03
7.405940094411346325e-04
1.035568073006536962e-03
1.992698617128399810e-03
5.120615300438395101e-04
8.687846870481703582e-04
7.943135759557290150e-04
3.516103810038642848e-04
4.790833738690366346e-04
7.214611376704446613e-04
9.985944809084458789e-04
5.206976768954567651e-04
7.050814996797890623e-04
1.031053689338835237e-03
7.031114785716502695e-04
6.820488832370695141e-04
6.612035234397076666e-04
1.013929988696342247e-03
1.151302771023637178e-03
2.017943302218750800e-03
5.958002939012026992e-04
5.436169046927463028e-04
6.184355537792340278e-04
3.955059576043590784e-04
3.845142356609477586e-04
5.287943955345972280e-04
6.953878126422717272e-04
4.837056196715163207e-04
1.181728931143384564e-03
1.362306559922423941e-03
6.124629910667379320e-04
6.822974879733573628e-04
6.105010797392004330e-04
4.812780465447221464e-04
7.917849129423188770e-04
3.221257432608629415e-03
6.780373305132431170e-04
1.554336125581892020e-03
5.007825691894426121e-04
1.016167212493187004e-03
7.124937988014436348e-04
2.868834478780016295e-03
1.507757888669237784e-03
1.208887176542297994e-03
1.293716066212991997e-03
9.095170518551540543e-04
1.026670051381837079e-03
9.894354364281534794e-04
9.167861346925569675e-04
2.463155103622327157e-03
7.734923042378691370e-04
2.237853019846508702e-03
4.244960835045862848e-04
5.215111216990566496e-04
8.826052200560072268e-04
6.007585660984758862e-04
3.273550289654906902e-04
5.441793193244182482e-04
7.081918970114478096e-04
9.035628321408966691e-04
8.493242312121484280e-04
2.210872265382961440e-04
9.116617955279915971e-04
7.281535326711115847e-04
5.424877271374457669e-04
1.648463084336074767e-03
4.029519272353044592e-04
1.548381940539892646e-03
8.378392571951635490e-04
2.112964225395047406e-03
1.680579173405758473e-03
4.156922192280999243e-04
6.598206640904788782e-04
7.835621899618413046e-04
6.822974879733573628e-04
1.762048498318301553e-03
3.484636200621542106e-04
9.757759824851676726e-04
5.216897524923276575e-03
6.174378017302421763e-04
9.614613284265482616e-04
9.747367487235479230e-04
1.709385090388582801e-03
1.188301048514566827e-03
7.558386130422022845e-04
4.922721438583193762e-03
1.349623739002038482e-03
1.073375465203945354e-03
8.418338355562378621e-04
3.882801330201654175e-03
8.455915362023678009e-04
6.801238348346867659e-04
8.202159058209128589e-04
7.526751140990764997e-04
9.308110334346025557e-04
3.036360222402249495e-03
3.827830075527232419e-04
7.760553076512835676e-04
1.005512284983991556e-03
5.876585230903411334e-04
1.028943939349461758e-03
4.076849979344556200e-04
3.423359145058642457e-04
3.475664880851861340e-03
2.247580762564435532e-03
1.000229467007627930e-03
5.081813795529355410e-04
8.759111521442958020e-04
9.164598961204035782e-04
1.932414014663681864e-03
1.172208077515428425e-03
4.647460989380218337e-03
6.001121060795991825e-04
1.071695937562840411e-03
6.471874394931186785e-04
1.685155467865730129e-03
1.403210271371382401e-03
