5.059203466226028885e-04
6.766645153282379796e-04
1.048234142735138263e-03
1.162419722562045175e-03
4.748816184565032633e-04
1.174675307253559859e-03
8.598105585117120538e-04
6.997766370588331388e-04
7.670754513752199534e-04
1.581405236421679029e-03
2.441252685654258234e-04
1.973138054236246719e-03
6.085197040169902866e-04
4.514399628760116558e-04
4.000931958422339861e-03
6.110459988620106295e-04
8.348397155144174440e-04
6.802052446008616162e-04
7.200667291008834006e-04
3.310255537914597208e-04
8.473093274086939894e-04
6.876168251070713692e-04
6.592710958510881450e-04
3.655821605013786103e-04
1.455665270032925358e-03
6.491632013407923644e-04
5.795444033970123879e-04
6.100208698926395468e-04
9.501056841307064290e-04
4.969120900492198867e-04
6.043709485452757610e-04
2.109095009706734615e-03
5.634565602444581434e-03
1.432014668079434122e-03
7.291908853051652260e-04
9.536543655767859258e-04
6.363207429957953203e-04
1.049423104314934577e-03
3.506417623596324055e-04
9.245957103530646256e-04
6.481539412037432522e-04
1.188806263661445692e-03
3.697420686053630879e-04
6.082175126462763216e-04
2.002952367049739679e-03
1.281524342065314690e-03
6.363207429957953203e-04
7.122061764314771256e-04
7.668290844755608912e-04
4.645185640544763849e-04
4.222011349269438906e-04
2.879881257364449564e-03
8.709010205828648281e-04
1.004690634485440022e-03
4.198782308986296480e-03
2.297483554250789265e-03
1.488701487775129792e-03
2.075710961770525775e-03
7.171940237699366396e-04
4.621784720321234392e-03
3.995023344255995562e-04
1.264702560646817960e-03
4.674149831056030363e-04
1.068709483001281917e-03
5.015268228239299448e-04
7.103689758741246318e-04
1.077791467289550406e-03
7.309389288957588013e-04
6.831301125499423480e-04
1.097287840710627809e-03
2.296451880115763823e-03
5.000823901875642253e-04
1.027056742279235839e-03
6.109872760569815377e-04
6.845500181202585728e-04
3.656449482869538825e-04
1.188404434606228936e-03
1.026944056811457786e-03
1.295356383369023487e-03
3.914660817451917066e-04
6.914803768529112493e-04
1.174975352239171836e-03
7.143355816133969537e-04
6.377928752661684436e-04
6.196107763388587980e-04
6.129291124042261308e-04
6.827592922767872045e-04
2.462760691571459857e-03
6.733381248076391549e-04
1.075381013688323948e-03
2.046880667357712982e-03
6.414910293347053476e-04
7.337582506471399153e-04
1.183984035060701209e-03
1.134985322785625516e-03
6.628497812280303688e-04
6.172592431006323913e-04
9.339978864836356257e-04
9.223490689563869751e-04
7.734190994496102384e-04
3.694987664791688224e-04
1.525232762901628653e-03
2.922603009853639786e-03
3.196920392653229822e-04
1.063581508105036636e-03
5.831521502879838566e-04
4.837646632297564050e-04
4.185347276813719368e-03
6.383314539611374639e-04
1.225378512452273815e-03
3.845199810018901229e-04
8.247179157143592508e-04
7.490808273916632707e-04
4.600264075650507627e-04
6.263602979281582316e-04
5.832648914242592828e-04
6.377472635167652981e-04
3.990324381167033654e-03
4.052934829189079710e-04
7.340187074375922492e-04
1.282922052916507689e-03
9.006037801812271683e-04
3.078788298829420247e-04
5.175225082301221271e-04
1.228480082187791188e-03
3.138615393752947221e-04
1.011013866361850375e-03
5.284825664979373588e-04
1.133180887365637908e-03
1.026459720082215175e-03
5.322849711252918914e-04
4.979545942361893315e-04
4.613191875328910368e-04
1.245668647881808654e-03
1.001587288102703116e-03
8.636304231278507876e-04
5.750648210912185851e-04
5.011576349009704608e-04
1.085004593354414737e-03
7.995274109431790800e-04
3.797080777378320990e-04
4.386476150841424359e-04
6.363207429957953203e-04
1.042899769921788993e-03
7.440651393149596594e-04
7.981284047602953211e-04
5.435633646171389444e-04
1.514290653217944746e-03
6.875546723824440447e-04
2.502729861635913855e-04
6.493856233762163596e-04
7.129200704093054727e-04
6.117364252596455172e-04
6.627436458192938022e-04
3.673155290248848281e-04
6.447155726065217918e-04
2.485469792027613766e-03
2.967353410698992224e-04
3.210284186478036018e-04
6.028089964611596041e-04
4.500900230406491907e-04
6.807670631829781461e-04
3.849499377070538138e-04
1.048922449309301012e-03
1.218792032420278060e-03
8.616061317751381142e-04
3.862314218927810280e-04
5.304014146650421098e-04
7.520929570266307899e-04
6.529585741793623999e-04
9.444124501088807739e-04
9.569093414073268165e-04
8.341495646099832909e-04
9.097097547906607190e-04
1.560952284703959192e-03
5.385293385019153476e-04
1.497814205185028997e-03
4.943640135678587086e-04
7.628104334079781768e-04
2.469879845486565220e-04
1.809354390896090450e-03
8.135260479550607835e-04
5.744007393646134545e-04
9.569093414073268165e-04
1.100901133986507919e-03
4.159192433366176202e-04
8.300996032103972631e-04
8.482866072158424565e-04
9.352691664499459146e-04
3.459163084380027179e-04
7.987684164805212332e-04
1.021849037675972606e-03
1.688147795508954151e-03
3.109570056664079330e-04
4.776344367402934540e-04
6.285878816618822862e-04
4.048480549447195341e-04
7.777906287553543055e-04
7.180322537079144446e-04
5.487996321183354195e-04
1.279803969205928552e-03
1.350226300745934393e-03
7.945490960518081886e-04
1.271895813743843025e-03
7.487106041033681110e-04
7.348758698307770272e-04
8.518868458468245976e-04
6.408890229279489911e-04
6.597808327808670544e-04
6.949069627599367867e-04
1.282658181757228297e-03
3.963683370921790099e-04
6.038902654103834970e-04
8.564586476786107674e-04
3.111411470479882825e-04
2.863483064468863842e-03
4.000115568171840248e-04
1.835306592763865209e-03
1.936904854038384643e-03
6.849071157270396120e-04
6.045927414590492564e-04
6.045922257530677571e-04
1.341061768233945805e-03
6.008395486380904010e-04
8.962423255772278318e-04
4.631425387629447849e-04
7.666022651096884508e-04
2.603628647747398012e-03
6.289458709058692344e-04
2.635409592452638288e-04
5.714224948349439946e-04
9.248629348803479771e-04
1.849457344968389672e-03
6.987974123245153761e-04
4.343156769039799758e-04
5.325559406255850033e-04
4.275211321822336256e-04
4.264662625859931707e-04
8.801343654261453708e-04
1.764704265341844385e-03
4.698995405379562140e-04
1.491204674165085616e-03
5.560413415295467881e-04
1.255827823556648817e-03
1.173958052937893771e-03
3.858562079036253730e-04
4.950443068782241522e-04
3.403080019810840744e-04
7.984218972507046205e-04
7.897563700244729411e-04
5.156972546278927377e-04
2.798988556825969098e-03
4.697692823389425167e-04
9.633178911502582884e-04
3.464455117492179471e-04
1.321116931668032436e-03
5.746189780697328903e-04
4.546409567794039387e-04
1.189809069085290012e-03
7.123046556268410956e-04
2.050439342984751098e-03
6.054437810202486885e-04
5.079041271861123308e-03
6.837447424225819807e-04
6.788895897272786322e-04
5.765381130416541910e-04
6.939300099077896954e-04
4.904983447149772850e-04
7.716962070304778229e-04
5.856895198170057604e-04
7.727243123211624456e-04
3.418284481215369693e-04
9.116884295899192097e-04
5.251894999431344331e-04
3.351878516448569866e-04
8.513296727569394113e-04
2.005633324138531275e-03
2.421313812004243383e-03
4.373900529624713345e-04
2.503757448427884787e-03
4.255609391120449871e-03
2.612782290345539837e-03
8.381999980387548057e-04
4.325059027458196328e-04
4.174793953552969001e-04
1.960683857887612902e-03
9.038943267197882981e-04
6.000340602622986725e-04
6.072773830250146254e-04
2.003067879332783106e-03
3.994333832454202986e-04
6.446007090526930262e-04
5.156972546278927377e-04
4.745344916569827929e-04
3.402723508389619324e-03
1.227998033851703018e-03
5.854371919686322465e-04
7.628104334079781768e-04
1.116153420267856260e-03
7.633664159785029683e-04
3.250938830969267337e-04
1.018561590500219761e-03
7.400105655911357050e-04
7.494522730305565577e-04
5.438844844398645377e-04
8.801283765336039792e-04
7.632584320869066760e-04
3.546213465848653047e-04
4.072918520618333624e-04
2.563638809276324801e-03
4.000056488405449753e-04
2.212321655148213623e-03
2.421313812004243383e-03
9.589643578302624663e-04
3.151267473244698768e-04
1.028268960040731959e-03
3.943048659718105878e-04
2.007661217160525667e-03
3.805324804129350032e-03
3.936022595107153835e-04
3.966774685140089579e-04
2.661092250627855160e-04
1.272003928955755050e-03
5.651910764808268156e-04
9.966440309629172149e-04
7.181642196740664575e-04
1.873688503731068883e-03
4.995226770338856252e-04
8.063425785617321997e-04
7.520742483140649848e-04
7.937956341322544365e-04
8.253701885226621829e-04
1.551149571521669114e-03
8.478155783710018345e-04
1.697326273366990155e-03
1.321357414892466086e-03
7.810894244188193187e-04
1.068354564241491512e-03
3.493260019246654060e-04
1.422673831198599699e-03
5.117800543949105416e-04
1.032354999598455308e-03
1.051210042575631077e-03
1.711992764086123870e-03
1.899571736878509021e-03
1.362210024759051129e-03
1.490975728273975049e-03
8.234167138892279974e-04
1.070062550169542616e-03
9.451399690353454609e-04
8.580002228112954942e-04
1.165147501304746903e-03
3.871647551580008101e-04
7.744718829717413960e-04
3.549334208498698033e-04
1.307379715456226821e-03
6.302706820538384784e-04
3.870914314920698824e-04
6.268169012095555328e-04
6.824814794849564867e-04
4.065051977633175342e-04
1.339306267133897211e-03
9.185770879638787594e-04
5.753612591398460114e-04
7.614332416073308751e-04
1.775407468230106494e-03
8.538955993893928512e-04
4.672653955999656744e-04
1.011013866361850375e-03
1.099249150055244765e-03
2.476165816673306028e-03
3.375938655313307077e-04
5.937827872576850958e-04
3.557561991436594597e-03
5.496812945023915467e-04
1.309125016527461867e-03
1.187637739177472337e-03
3.981947375320864994e-04
3.373056473838976447e-03
1.088861823227598499e-03
7.813662339558189373e-04
1.108572617480039482e-03
1.291382214340472661e-03
2.075710961770525775e-03
1.238204177494847940e-03
2.125776966177030103e-03
6.802052446008616162e-04
6.341132255447185949e-04
5.933008675937972076e-04
5.266977533114534883e-04
1.712526019789580587e-03
4.747748197141328529e-04
3.440496099310871077e-04
8.980815567792546552e-04
4.182888408190834706e-04
7.104240617020595588e-04
1.485702480671720728e-03
1.343415432566768359e-03
1.079547066313931488e-03
7.059202974944577425e-04
1.343632439260954853e-03
6.916295389723901843e-04
5.740645168632119502e-03
6.377928752661684436e-04
4.554259190565377127e-04
5.407801712562471759e-04
7.238444050868014139e-04
5.464479546324302155e-04
5.788127584931507209e-04
1.656596504122723147e-03
1.230584812005729861e-03
9.248629348803479771e-04
4.575160357214670052e-04
5.966412305143557271e-04
5.601648752984191796e-04
1.332372377334795858e-03
1.050940918123037006e-02
3.792399440436970215e-04
5.196816491942345302e-03
9.965259427375814175e-04
7.289529347314142827e-04
8.251441248111275649e-04
9.311373907386515710e-04
7.204832346211836533e-03
7.547762592709897399e-04
4.198293978069663856e-04
6.624960707777078532e-04
1.078936216931578995e-03
6.195397033788967991e-04
4.487141213968509623e-03
7.352422101605985512e-04
8.629272913818356386e-04
5.686715147942177561e-04
5.270175316391117071e-04
7.888538009829282631e-04
2.308928505598242982e-03
2.255263828281433430e-03
1.293507292869932246e-03
4.238299052435103844e-04
4.325027958459128530e-04
4.119885640566556717e-04
8.203363430117277056e-04
3.662922533542929985e-04
4.256769924689090797e-04
3.884853109583918940e-04
5.686715147942177561e-04
1.714729791039079415e-03
9.972333906648606344e-04
6.967865262604371578e-04
8.983757113930990277e-04
6.175638544335252441e-04
5.475377950936631761e-04
2.140688658333942014e-03
7.143355816133969537e-04
5.281646344690078430e-04
3.876137851318548627e-03
4.846380572125025482e-04
5.129788351098001943e-04
5.532088778781140814e-04
1.475976439542940610e-03
4.649501724174922288e-04
8.073796116033453299e-04
3.399151427842297935e-04
5.953087965927169331e-04
2.322065712541314039e-03
8.661349948730079351e-04
9.971565582561515029e-04
5.015842376533348511e-04
2.752734033079236569e-04
2.777232464118375055e-04
7.963951413333908262e-04
6.027340197843901156e-04
4.541346240906968994e-04
6.393520606333771578e-04
1.052763275350229125e-03
5.590865910796810568e-04
1.567686638763925860e-03
5.568201171616554571e-04
1.392156164424181598e-03
4.969120900492198867e-04
1.869591016799325043e-03
4.360657366873290524e-04
5.773520014274677878e-04
4.182888408190834706e-04
1.838980755397554012e-03
5.597690943231074844e-04
4.042297779147557054e-04
9.580677031846721124e-04
5.663036301741581789e-04
6.956487326678097681e-04
1.036611997498039679e-03
9.928222828185810298e-04
9.420070480912540916e-04
9.326810820360061181e-04
4.916710324168252488e-04
7.851717500533403815e-04
6.159646622189874233e-04
3.754909270208797896e-04
4.796629150863249147e-04
7.097450528997403764e-04
1.552482463874543589e-03
8.510560767341810665e-04
1.107207699725755879e-03
1.012350894218851712e-03
6.682233599901946791e-04
5.246061016423093134e-04
9.630160794492312890e-04
7.853627155884335131e-04
1.722346089284071489e-03
3.712181920539562707e-03
5.392549150725486299e-04
3.193024009477917185e-04
2.095886612030197719e-03
7.347125286561761223e-04
4.237820734988971159e-04
9.624859913982263286e-04
2.392594772623607945e-03
7.282462203348945284e-04
3.576196362732121160e-04
6.830931899525676324e-04
8.704703907014829179e-04
1.036417430191811191e-03
5.985388967001169583e-04
1.554012417038164433e-03
3.129035201427366169e-04
1.263704062091123518e-03
7.767064397629953876e-04
9.451257987021705921e-04
4.915545739874115864e-04
1.396104062533955453e-03
1.268006107298194759e-03
1.529754668469216101e-02
1.120046887326367523e-03
5.642740881655214586e-04
5.799043486034686926e-04
4.433688710467411655e-04
3.329278986217639748e-04
3.306498006851631621e-04
3.195903148749495732e-03
4.830680086433025624e-04
7.397157317729653042e-04
2.309336203190426936e-04
3.751628321430779470e-03
6.583251297665642168e-04
3.822747775974953926e-04
6.351132475425241061e-04
6.011218617246320058e-04
4.098014831885196337e-04
1.178165650535806545e-03
7.789791556751399443e-04
6.175638544335252441e-04
9.075193488651410630e-04
1.383544427637135562e-03
9.092277246422200091e-04
2.838581397303643829e-04
1.479759361722954737e-03
3.289552468592424361e-04
1.328225220476036018e-03
1.325735103658034391e-03
6.446022221612584440e-04
6.979703437103210693e-04
3.137597077529947088e-04
7.767946310126710736e-04
1.265692922978456586e-03
5.754952049142429953e-04
6.085197040169902866e-04
9.568644884894805065e-04
7.871147369381750877e-04
6.180094722893402165e-04
7.535580627296408016e-04
4.649501724174922288e-04
5.620855591221313348e-04
3.508829229894426180e-03
7.326284575815347625e-04
3.406214728283347981e-04
8.303853346243194634e-04
5.407571018427632806e-04
5.728654993230091396e-04
1.107051182079315989e-03
9.631259726428675113e-04
6.825189319200622917e-04
9.410663413206192887e-04
6.591905319046216212e-04
1.106573101573069635e-03
1.370080576736822011e-03
1.008094454701115045e-03
2.017638387978948431e-03
8.808898203952805067e-03
5.340775365677077891e-04
1.172139969824135056e-03
5.931164754207949403e-04
8.032321397707620995e-04
6.836335882945772293e-04
3.118329678725361483e-03
1.956745300980592631e-03
2.072354482554116667e-03
3.525434253359909583e-04
4.948953880906371795e-04
1.075714018723856417e-03
1.218668739536594514e-03
2.750437613794763821e-04
6.092790383076404854e-04
8.107926202660304445e-04
9.709290757076440796e-04
4.478942257246684537e-04
5.266944180824893870e-04
1.202928991909338113e-03
7.945490960518081886e-04
1.521271059283514551e-03
1.082760180383780498e-03
3.022543531141095446e-03
1.018893131623685791e-03
5.729269084176408840e-04
1.131107923570002279e-03
4.939109663670198996e-04
1.568267013641154754e-03
9.778204414373392779e-04
1.028268960040731959e-03
6.597134961994381231e-04
3.181178497686225240e-04
1.021182031454279104e-03
1.085080243103607326e-03
1.836164900691532363e-03
4.336937007066417674e-04
4.832824482442258339e-03
9.451257987021705921e-04
5.744069876636550328e-04
4.313721500514439426e-04
1.444865211341602677e-03
4.302483765141675996e-04
6.105779973714802779e-04
8.580778618481951911e-04
3.408173096811061573e-04
6.926337399023670301e-04
2.943697951191247188e-03
5.101329115081164366e-04
9.167142257924335838e-04
1.597252193653958714e-03
8.983299780774104152e-04
6.365382443239108986e-04
1.030198554510272950e-03
5.714224948349439946e-04
1.775407468230106494e-03
3.689263396204604415e-04
4.441118389301861339e-04
9.129302408578981358e-04
9.210083793328267213e-04
1.194536641371828642e-03
5.796076179852882636e-04
3.211954132096191995e-03
8.332182674070507571e-04
7.923270322060024101e-04
3.746025529334087462e-03
1.981195336368103774e-03
1.070042034504703346e-03
1.510193950002388990e-03
2.317014000317554195e-03
1.634677099914836782e-03
7.753774805931681804e-04
1.154739100598061461e-03
4.975619585137428663e-04
7.300334100173701485e-04
5.940994984457602032e-04
8.830024156356101580e-04
6.563701955511321235e-04
6.807345757192037605e-04
3.440496099310871077e-04
7.702429435494113213e-04
4.382964868773414689e-04
2.957315549574010831e-04
2.644182538929820930e-04
6.654780764395930998e-04
7.115095738613253559e-04
1.129060536292667049e-03
2.613755161802978292e-03
4.209604412435178603e-04
3.129730114455272247e-04
3.909149450746855748e-04
9.498693238998418388e-04
2.324705594389831777e-04
8.546814406822182946e-04
8.883953612094805602e-04
9.319604726940554622e-04
4.711969619706915329e-04
4.664317656640881282e-04
5.953087965927169331e-04
1.419233555651276939e-03
1.045361441402494927e-03
4.350154107900194270e-04
1.008368576568497094e-03
4.856615475064848895e-04
2.544074402495371569e-03
5.535675004285361012e-04
1.127684260699999240e-03
6.018580676773826153e-04
3.689263396204604415e-04
9.825516268806026767e-04
4.006764273066974963e-04
4.969120900492198867e-04
5.696464557825602808e-04
4.684615119534844743e-04
1.003187775828763865e-03
5.056772734751227051e-04
7.517176362945147440e-04
5.378258302194693658e-04
2.764351133146538027e-03
8.330065707258864317e-04
3.828455003132892631e-04
7.017358780304702595e-04
4.569063181144058356e-04
7.322217193467230522e-04
4.821054233119629359e-04
3.617523758171429377e-04
8.282973382176319352e-04
5.499580841729773129e-04
1.193718987055521815e-03
7.751078795406960570e-04
3.446560186042591802e-04
5.967081319071728404e-04
7.657770237196717721e-04
4.846166840412625401e-04
9.280739844040618086e-04
4.253593537883810149e-04
5.577363723353279080e-04
1.133646661009804057e-03
3.612580294822307736e-04
5.176750175686815284e-04
4.242086790571801438e-04
1.046560094412854686e-03
4.223359673242934806e-03
1.252019206715418919e-03
4.940863374685697165e-04
4.181007969378203941e-04
5.102691365573142198e-04
6.875081432096023576e-04
2.601934994813950267e-04
2.423429554812095085e-03
2.919079816958237484e-04
3.981717730152287658e-03
3.887591422973979004e-04
6.423714893412067490e-04
8.216135994543091172e-04
1.156758077115976717e-03
3.696126759954357463e-04
3.525434253359909583e-04
5.436207364178761992e-04
1.015839450563440225e-03
2.041028577802929053e-03
9.544955651683783258e-04
9.075640153333075673e-04
1.165446993305804032e-03
1.709596708810865329e-03
1.325797835207346296e-03
1.320184850303506062e-03
5.386058856653092638e-04
9.650846965374993954e-04
4.928993250924758188e-04
5.499580841729773129e-04
8.348397155144174440e-04
7.224570069054666753e-04
4.138673642460214742e-04
4.852952170272962617e-04
5.452575299102812917e-04
6.888444052383915425e-04
7.246136708032275631e-04
6.262427332913149836e-04
1.541251482261441277e-03
1.929432745395268968e-03
1.982636870785336927e-03
5.925817678522610600e-04
1.115576281326006178e-03
1.300936323545253239e-03
4.016521324967367362e-04
5.423578046274328632e-04
8.465565379465697128e-04
4.472085727086804927e-04
1.393631007846512278e-03
6.432012269262703469e-04
3.357343004037687765e-04
4.602659754999811523e-04
1.178746937924098027e-03
8.052213318364895549e-04
5.733357416159713367e-04
1.676967946326669715e-03
4.211445962619370467e-04
2.632477276916596245e-04
6.051707148634689112e-04
5.056772734751227051e-04
1.931542648435246971e-03
1.162744055547529961e-03
1.188806263661445692e-03
5.102691365573142198e-04
3.417494593927666901e-04
1.994542844974156372e-03
7.835770634778982131e-04
8.017459826646487374e-04
6.680631388411179547e-04
4.495548543797273089e-03
4.638936151852507211e-04
4.544760331594191569e-04
7.994164735653801115e-04
1.096046791899867121e-03
5.953087965927169331e-04
1.560952284703959192e-03
8.587748123868190310e-04
3.212045530775492095e-04
3.420966337651158663e-04
5.121909799652927652e-04
4.921709726807866085e-04
1.968928775277519264e-03
4.555486063610739373e-04
1.148181159967048793e-03
5.282045784298075239e-04
6.838407168968534166e-04
1.146475208455001405e-03
6.897689465069205836e-04
1.076234356279137184e-03
6.290470784131746993e-04
9.543869955585312231e-04
7.920122013876064937e-04
5.015144768401689091e-04
3.614871003394626130e-04
3.181549169320903856e-04
1.134187144334152528e-03
1.409978667237202438e-03
7.280457092761175204e-04
6.183267173827143104e-04
7.501098225381172590e-04
7.885628199089834024e-04
3.267812165000853405e-03
1.149497231858034700e-03
1.018926872505558330e-03
1.661282794911390871e-03
4.904105663010498248e-04
8.999120506800252798e-04
5.149548545113350395e-04
7.113246423040483222e-04
6.358824767687237247e-04
5.244640945322089770e-04
4.841406404234740546e-04
2.476165816673306028e-03
7.084323787507286387e-04
5.744491806670354653e-04
5.532611529968977987e-04
6.537084259599156922e-04
4.130423978435745114e-04
5.709607453115130493e-04
7.340187074375922492e-04
2.120234022679880464e-03
2.418803548062641896e-03
6.960800887683125417e-04
7.419504620345049577e-04
2.770186996995534202e-04
1.186516961243103867e-03
7.923931456061938374e-04
8.153600001505544818e-04
9.827184058610230043e-04
6.303524582625714837e-04
1.177542138079435211e-03
2.572294079917307724e-04
5.154964746915160741e-04
2.559930245334827298e-03
5.102937440338517700e-04
3.275523922909944017e-03
5.951880662963429484e-04
5.581204444505992110e-04
1.008127282373902410e-03
6.251263888756722689e-04
1.113606598754112971e-03
5.358922783446515249e-04
7.494522730305565577e-04
1.653282305454598306e-03
7.780869347607658523e-04
7.474262145557064628e-04
4.492179826292687166e-04
7.945779748214891339e-04
1.366168963615699674e-03
8.725710991585162958e-04
5.116437425154358488e-04
3.872184106250227994e-04
9.311373907386515710e-04
7.859634556186092299e-04
4.128805899126394797e-04
6.673591704429327354e-04
3.509179886051568996e-04
6.561380553605652109e-04
7.767795934894673260e-04
1.379618998280159482e-03
5.577363723353279080e-04
6.662410317047306714e-04
5.326027025032992060e-04
1.688147795508954151e-03
1.771275686747500336e-03
7.439545327623593067e-04
3.557561991436594597e-03
5.419045025751233983e-04
3.976973640860997808e-04
3.968894058442583067e-04
2.629967136052105002e-04
3.813911092066649459e-04
1.149773639014684684e-03
8.107926202660304445e-04
5.226317387997237275e-04
9.819565786139546840e-04
1.706527000765761370e-03
5.799043486034686926e-04
4.500900230406491907e-04
9.878461298267139559e-04
1.036284613761686169e-03
7.419430734782208030e-04
9.311373907386515710e-04
2.660200091264994736e-04
2.738674705836975642e-03
1.158419228466696458e-03
5.831364695808070138e-04
7.632584320869066760e-04
2.760140693108831408e-04
9.972333906648606344e-04
6.424071908713808792e-04
3.398624931409224316e-03
7.426127664786367696e-04
3.968660131649968210e-04
2.296451880115763823e-03
8.247819450159715260e-04
9.620398511998335279e-04
4.954189873409197082e-04
4.799972447220873404e-04
1.385133410299398821e-03
2.065782616200551470e-03
7.223687034760119599e-04
1.016574597127522031e-03
1.036611997498039679e-03
5.400373469645668254e-04
3.506549590405793671e-04
2.880536580071495992e-03
7.612211336636061929e-04
4.595024667949475640e-04
7.108810551479169534e-04
9.155861258284753775e-04
4.267749381493459587e-04
1.199144780970850784e-03
4.428920345049357069e-04
3.867029802896143468e-04
5.930752408614598827e-04
6.906526735936860785e-04
3.082373516278683664e-04
1.330703923801505048e-03
9.261287756962045554e-04
3.986991483930914606e-04
1.179954201964563765e-03
1.401717784867592600e-03
1.147940141831600138e-03
4.267858085677463413e-04
6.326203994899714557e-04
4.035532097655393740e-04
1.048234142735138263e-03
4.947053296784579418e-04
3.553151728081342664e-04
4.990853356260522558e-04
5.026263817514919040e-04
5.360986961063829740e-04
1.176853027578010462e-03
1.130470457417077912e-03
5.393107365945416396e-04
1.551560219446489848e-03
4.005525960320857571e-04
6.949069627599367867e-04
6.256897296862761566e-04
4.730413820669216655e-04
9.279077580108695180e-04
1.267908545884350625e-03
9.893480772299320051e-04
5.021837598812650206e-04
1.747892771502403218e-03
4.564387524815000530e-04
4.264237852310962299e-04
5.488996037304690913e-04
3.519388606510165905e-04
1.250540838083360811e-03
8.578707490054632810e-04
6.473847010536362386e-04
1.075754286487528525e-03
7.832822268851407201e-04
2.966494204891334877e-04
1.046204594086224673e-03
2.547646784679960096e-03
3.269720725871142430e-04
6.973802086580685195e-04
5.792073950215500698e-04
3.093765370197927166e-04
4.943525262590390450e-04
7.114584957094323685e-04
1.641938118204214333e-03
6.807640298834615258e-04
2.174032657276158743e-04
6.459411557207164062e-04
3.754909270208797896e-04
6.140901790901009006e-04
8.171500034509892717e-04
6.341132255447185949e-04
