8.020107491389708281e-04
2.884995958089822871e-04
4.865803020217946383e-04
6.319576695423644161e-04
5.973461708964357929e-04
3.529583439683429621e-04
8.471726332775799924e-04
4.460562338778117702e-04
6.321936633945399002e-04
5.313229736600365814e-04
5.541213449207544771e-04
5.853138674853684354e-04
2.991376185208722074e-04
4.944084320782524090e-04
7.174695217878299417e-04
2.762275962168100635e-03
2.888145797808673349e-04
5.547544048889552302e-04
9.031501919585832767e-04
3.903382666885704265e-04
1.379378666080640411e-03
4.865803020217946383e-04
6.911635933085213002e-04
1.754156042365419971e-03
1.942750029741729945e-03
1.251558101528472966e-03
4.368982314686623426e-04
1.082629955385886822e-03
2.985401468118386984e-04
7.911413522037156077e-04
4.283907626121165324e-04
3.348278973987403313e-04
9.615882112607831555e-04
7.935838015261726308e-04
1.026222858446710446e-03
5.056940632098791714e-04
7.278831600312265756e-04
4.041151701084394086e-04
3.906013816878986500e-04
4.381716116550820554e-04
5.247441555377611129e-04
7.456433022281715693e-04
2.409875093112637517e-04
4.137461747338449527e-04
4.660310761189286922e-03
2.082248712738858035e-03
1.403333767771469329e-03
4.322376081970577414e-04
2.727237096272390753e-04
5.012247499715537019e-04
6.989537158520805083e-04
1.454924111713468300e-04
2.973673295101922961e-03
9.432403002114371189e-04
2.590365324773632322e-03
9.120184705660773234e-04
4.021662197449681238e-04
1.492218645310851646e-03
4.742635171117543457e-04
1.013013285485844924e-03
1.019657742494567768e-03
5.790585407026529238e-04
6.317911149556788017e-04
1.293126102062288436e-03
3.983690760808554629e-04
7.810868995267981636e-04
1.205659141421416879e-03
3.930072214055751155e-03
9.292635673241701148e-04
6.400548149396939959e-04
5.456848155214263788e-04
4.843663379104539758e-04
4.508021524090910287e-04
3.565895558839727339e-04
5.633385576812446416e-04
3.938285866141403311e-04
1.216580300760191150e-03
6.742327675557095073e-04
5.937927756216723535e-04
4.141110893797134759e-04
2.762206162216153285e-04
4.190560524626721806e-04
4.865803020217946383e-04
9.974623461404463418e-04
2.510837484195649642e-04
7.712868907922825357e-04
4.879832949706689772e-04
9.529963136130195677e-04
9.039368997497271296e-04
4.080796652554178477e-03
5.214480147962218502e-04
3.674082545054355555e-04
1.167982856117481079e-03
5.011402796302133695e-04
5.762967188938048499e-04
4.762060894395239437e-04
3.374161882251896084e-04
1.791527140641742833e-03
9.529963136130195677e-04
8.837793057640731418e-04
1.137501946401754454e-03
4.865803020217946383e-04
2.356229032726947341e-04
1.359972765479457472e-03
7.912345771053648329e-04
3.625806730641490533e-04
2.606424304656434392e-04
1.068476790721807537e-03
1.965331215973020892e-04
4.796445389975805538e-04
7.323782171463945074e-04
1.022562474839204018e-02
1.504740752199801865e-03
1.103975133180316480e-03
3.425104329599397901e-04
3.650590156045971932e-04
3.638258801722272237e-04
3.748762297225633530e-04
5.419837035919660524e-04
3.519647070567068236e-04
4.506939891098653045e-04
2.487610802044361389e-03
1.937440726501449186e-03
7.806472265592957413e-03
1.257057705628729502e-03
9.950535351217388875e-04
8.349688869097233491e-04
1.041823096500878783e-03
5.368990268910430732e-04
3.393757682198798495e-04
3.105443763360002320e-04
3.667318530453081882e-04
6.895906157411811491e-04
8.048684050435665370e-04
1.139794811877540637e-03
3.770260073462038640e-04
3.785667948165564230e-04
4.784271561289554862e-04
1.136836854632800519e-03
9.115281029960144860e-04
3.763746758195668789e-04
1.333779754717617175e-03
6.988759959121946782e-04
3.875777422421790752e-04
1.251486948840704796e-03
7.698678667447452374e-04
4.768302328179276702e-04
4.604140273676575923e-04
2.895058453562296061e-03
2.052561344727967148e-03
1.821473375712339814e-03
2.924138129938070891e-04
6.698774321062682304e-04
3.300423686692718558e-03
1.140223495321700427e-03
9.216329534411109217e-04
4.583191288282105784e-04
1.065814819796782106e-03
4.366834737392914952e-04
5.010554249326633087e-04
4.968228342761335905e-04
4.166168406947250678e-04
1.286522250670537292e-03
1.088334471907722797e-03
1.354166413276567445e-03
4.728867116988194510e-04
3.231444287502108800e-04
1.219472206848374674e-03
4.493687693266764857e-04
3.433529285849367448e-03
4.982507960785707889e-04
3.801759324108541587e-04
1.306640584768781763e-03
5.746056992456656607e-04
1.934847805253681399e-03
3.374161882251896084e-04
3.607659525863442566e-04
3.689803206449840151e-04
1.479354632214181179e-03
6.505268787116768930e-04
1.447009779188008138e-03
5.040571764736024706e-04
4.886952719789167468e-04
6.515234748991827933e-04
6.968282416555986658e-04
1.126793091049480087e-03
3.885000432428854116e-04
4.185309631645324165e-04
3.476721950040449088e-04
1.257317039554754204e-03
8.332552884782535229e-04
4.359529448368927823e-04
1.047045565238490916e-03
7.002033616836726400e-04
1.324960698449271319e-03
1.120942649945066072e-03
2.214865167082924208e-03
4.468678905000608866e-04
1.058022183940379030e-03
6.950755438889757087e-04
5.950119902873533123e-04
1.062572717070757282e-03
6.349286928695413532e-04
1.186301233373839850e-03
4.908956598422154621e-04
5.557953402471133486e-04
9.082318966928318695e-04
3.923411997218905455e-04
6.989537158520805083e-04
8.351514182147716384e-04
1.353578680344498216e-03
3.923973510791839035e-04
4.606503067312129685e-04
5.815392465885155064e-04
2.942319316851937797e-04
7.563480166876598290e-04
3.140090307124228613e-04
7.794564029476404093e-04
2.049962903760734877e-03
9.612037722751139678e-04
2.903726031948420609e-04
3.976418196398777893e-04
3.323990325690258374e-03
2.238991862706966700e-03
3.333031508820884703e-04
8.309996341687283985e-04
8.299461651235110274e-04
7.457105036554374658e-04
4.427010541802322294e-04
3.551981380894254567e-04
4.843663379104539758e-04
4.809094007853083287e-04
6.179395142433110949e-04
7.806450902290522614e-04
1.026005591341838099e-03
3.885243713175634572e-04
7.835205073519385709e-04
1.316761943584886284e-03
6.610431175279832695e-04
5.332323971611136956e-04
8.821507997222895322e-04
1.270301422639437709e-03
4.169871461712338734e-04
5.247957349657208712e-04
7.173286523920908032e-04
6.771056350449895789e-04
7.417628084443458414e-04
1.477611787602963736e-03
5.243297059400104689e-04
1.400514706905932284e-03
5.981417883802877611e-04
3.307698958104692238e-04
9.626884954861492441e-04
7.401029863058651830e-04
3.588025214580147057e-04
1.423600260312677356e-03
7.235245767191605124e-04
6.332116214084322582e-04
4.135735116393471876e-04
3.768462072572918036e-04
5.194172539668782257e-04
1.204987330834504352e-03
3.205361255810786503e-03
4.087570805280126333e-04
4.412928272719380488e-04
9.088063777112145858e-04
6.797586711373325907e-04
1.216580300760191150e-03
3.556005591328824118e-03
9.953810023965725673e-04
1.295826934498402194e-03
1.501129746400282862e-03
3.100253730559784297e-04
6.599220281021305010e-04
9.529963136130195677e-04
1.018246505674065333e-03
6.218478924356464575e-04
7.630786974973819423e-04
2.972322726968567707e-04
1.279590297670613356e-03
3.874793796634374969e-04
2.563563557269128452e-03
7.430259735140998679e-04
2.034398320560709683e-03
6.120789929878392563e-04
1.367464082279541996e-03
7.042933884552643074e-04
7.559727436853456647e-04
6.705326685287233161e-04
4.228455901945581369e-04
3.596962864655817854e-04
4.101026809287922721e-04
1.357206248002078199e-03
3.566209472472431385e-04
1.047610904151036627e-03
1.673083133376822513e-03
6.781261836708090632e-04
7.677320096729292609e-04
1.241411722202187366e-03
2.810596789044654217e-04
6.113621244336108276e-04
4.433771166542373838e-04
5.247511286681176687e-04
4.341085791521402519e-04
5.548051517471213907e-04
2.228133826054711376e-03
4.014711390430996361e-03
3.833524546594785755e-04
6.668917376178209577e-04
1.938406927093321323e-03
4.698254882452376920e-04
1.180390700949929955e-03
9.156884940154788122e-04
1.043790656446459209e-03
2.320453398127655237e-04
9.418718317277707981e-04
6.657696892425873491e-04
1.613724685091211817e-03
5.190066788939475938e-04
4.379957812916765339e-04
8.615310523245205999e-04
6.780485601801709101e-04
5.054262788511296959e-04
3.413550317769528143e-03
5.781718323374879318e-04
4.415454634217338774e-04
7.317035002047988027e-04
1.094122513273121378e-03
2.156021003093447960e-03
5.319044316749923368e-04
1.208922572599313528e-03
1.225826307628047340e-03
2.228133826054711376e-03
4.873153448168647235e-04
1.181882450685482625e-03
3.697379917966789917e-04
7.731644146190924357e-04
3.484279176701308598e-04
3.718885927502588304e-04
7.806450902290522614e-04
2.114817095860752668e-03
1.406276846466754903e-03
4.521817966869811018e-04
3.828299799701316303e-04
7.670807929930943203e-04
3.183789141866393436e-03
1.467210653138371554e-03
3.902665711988670752e-04
2.376354013976567417e-04
5.741508930355438941e-04
1.046435126578317996e-03
1.021213308215736335e-03
6.281036295097616740e-04
7.508854848503827882e-04
9.057876129785437033e-04
4.578218525687599680e-04
8.647707213299487368e-04
3.908631061266563738e-04
3.930072214055751155e-03
7.278055633175290048e-04
4.574783504472384891e-04
1.286522250670537292e-03
8.083991676328440307e-04
4.134921213981694078e-03
2.421358685193592268e-04
1.305303704624763330e-03
9.685320175006176951e-03
7.020986679168041795e-04
4.245580602911336408e-04
9.610929861825165963e-04
5.337021052580190371e-04
1.107799827907436857e-03
4.865349401662121356e-04
7.152886039713452805e-04
5.121500491682682600e-04
3.923206652076698564e-04
5.644069278375369886e-04
2.823229298496845530e-04
7.717159525061868461e-04
4.308610701914051991e-04
5.083841972549962623e-04
5.363438065970721176e-04
1.022562474839204018e-02
2.883756151266330639e-04
3.954620234119934430e-04
9.500253819683877584e-04
2.961638545489314578e-04
7.085211204264710294e-04
7.800962781358524367e-04
7.179128452434885028e-04
6.600744809561282997e-04
1.177868841336917119e-02
7.262053696782240714e-04
1.996594040181295330e-03
4.386626686004374749e-04
4.310895611840447690e-04
1.682599918419464295e-03
5.338032615104847198e-04
8.001226337798693052e-04
4.973990133042685341e-04
5.848324477496799709e-04
1.181370137189252092e-03
5.361171442473732862e-04
4.558867610393021260e-04
4.705206636400826540e-04
7.882978639789907588e-04
3.103669354259140992e-04
9.668345721421338747e-04
5.302163303633705780e-04
5.515442370649054158e-04
1.394508824134158302e-03
1.137867641651242210e-03
5.028520936291091615e-04
1.386150368744038831e-03
6.522294433751303850e-04
5.778838757008468614e-04
5.547544048889552302e-04
3.709523106033878127e-04
8.838550574183374597e-04
3.298513473911161495e-03
1.053812826455314882e-03
4.956849032818702334e-04
7.911729475386358040e-04
1.913824865668253611e-03
3.387091911757945137e-04
5.784485795170620122e-03
6.732428245779421708e-04
5.989174216436902575e-04
3.511892908987029817e-04
4.203232341212528823e-04
8.737161226834293552e-04
8.404316949727027490e-04
4.568588221419051009e-04
1.793786260924761520e-03
6.740715690589942424e-03
1.241897901352324645e-03
4.983664860741062906e-04
6.086498873966823472e-04
4.664095645233250448e-04
5.057020140873919696e-04
2.884995958089822871e-04
7.724432911544781757e-04
1.137501946401754454e-03
9.734004170490445206e-04
7.785930476267387658e-04
3.615031377492503722e-04
2.019716292593487646e-04
5.310769711804728564e-04
4.189833901694286090e-04
5.146931243419971885e-04
8.569830263694155122e-04
6.012369393192292790e-04
1.354166413276567445e-03
2.243848202199941362e-03
4.470849517144527335e-04
9.057385619205096964e-04
4.341804483376475996e-04
3.374161882251896084e-04
4.977909610344606866e-04
9.426878054615466310e-04
7.884090182506106647e-04
5.048785961763106300e-04
5.324763685336850573e-04
2.861520095842077973e-04
2.228133826054711376e-03
2.563563557269128452e-03
2.803851832279165832e-04
4.040330161908460126e-04
4.520405051801140652e-04
4.433531290914693480e-04
4.735942725470739727e-04
9.510904793733457362e-04
8.751065604470577471e-04
5.541527917476533633e-04
4.677884868750665365e-04
8.200890596449029232e-04
5.643649049019560261e-04
1.321763198092833907e-03
8.561740154343999796e-04
7.664391515768782717e-04
1.560770535480841261e-03
3.470358356502265744e-04
1.067147039921781219e-03
7.962293252989907297e-04
7.881125476732889820e-04
4.175712731200673512e-04
4.632079218905157882e-04
3.628608718386940719e-04
4.086596916504144235e-04
1.513160767308862438e-03
5.667214582870325201e-04
5.617849103341778991e-04
1.181370137189252092e-03
4.654762133978478274e-04
7.373358892729727377e-04
6.874836171677518176e-04
1.476083662052316394e-03
6.012759257199274364e-04
3.331434416884599954e-04
4.768685626072727561e-04
7.618612894875308053e-04
7.888086351025607118e-04
6.015507567976135757e-04
3.153663250488905026e-04
4.468729932686553268e-04
3.347816181547912215e-04
1.287565080705202350e-03
2.181433540060365769e-03
7.440110094511905242e-04
5.228137442213435246e-04
2.736478526659837356e-04
2.983471880366377147e-04
8.589315930288064609e-04
4.997530822715179647e-04
1.093982247242269914e-03
9.593136876915895955e-04
3.507518302396039575e-04
3.888933535121836833e-04
8.054163833949956434e-04
1.275658949372617890e-03
4.358533036557030562e-04
3.350615750950250698e-03
2.234581790419372285e-04
8.247832651586036725e-04
2.532401386461828130e-04
3.970317584639700701e-04
4.209146738272630727e-04
1.043790656446459209e-03
3.641731152747670246e-04
3.251368144208728757e-04
5.676827916323481243e-04
3.704736725852363272e-04
7.555980961815351874e-04
9.321175195103062949e-04
5.206390357438828512e-03
3.053284823682935844e-04
6.801329952491177782e-04
5.023000053036756965e-04
2.898302527969746217e-03
3.941593059265043899e-04
4.459762087123448249e-04
1.422253365648999636e-03
4.365207585670079563e-04
4.537912862602509561e-04
3.803152198289339665e-04
6.874836171677518176e-04
6.632908339431307790e-04
2.945007565301633874e-04
3.646969313485810675e-04
2.228170027190458456e-03
5.247511286681176687e-04
1.828313582613609514e-03
1.937213342491609855e-03
1.172167901927799807e-03
2.204626653621880907e-03
1.406463269406875221e-03
1.200322373530780936e-03
1.459353366961356523e-03
4.347443897719995985e-04
6.673401910644656716e-04
1.705232414261172993e-03
2.534721246231361452e-03
1.742845878203360321e-03
7.556202048988181061e-04
3.914179409491002357e-04
1.646703431531016445e-03
4.930292941965357025e-04
5.156589705886153400e-04
7.152886039713452805e-04
8.218483645063625080e-04
1.127802841732518553e-03
5.342708084870303542e-04
3.604170848204482202e-04
5.868260170779454306e-04
1.294685774632779382e-02
6.682946405777270881e-04
5.668028715064240327e-04
1.300329605801208484e-03
4.534041131193068609e-04
6.947870874049533792e-04
6.563281117135749904e-04
7.312706340551611414e-04
7.677337421944939498e-04
8.691805602494533795e-04
4.601085405456578018e-04
3.804184757320245094e-04
4.982854092016476139e-04
5.057138986194903169e-04
9.694697620776472277e-04
6.511469934864875381e-04
4.359355035997748706e-04
1.394508824134158302e-03
7.992380872528389267e-04
2.388251380657070786e-04
7.128920644709708975e-04
6.092936455600932383e-04
5.423995734338120942e-04
3.808456275928921416e-04
3.156575624168098506e-04
4.307697903545127478e-04
1.190167480445886855e-03
1.207135628285438021e-03
5.475273920515283041e-04
7.664364673947202632e-04
7.807990788120383737e-04
1.494110168089405775e-03
1.053223861484552147e-03
1.264231750868787278e-03
9.127657179057302580e-04
3.948753716310873839e-04
4.568817268522921862e-04
3.976418196398777893e-04
7.543849981856243052e-04
5.354627372719827265e-04
8.684530929266717162e-04
4.237610996674249586e-04
3.212236907268946101e-04
7.519510393464801188e-04
2.871878309068387220e-04
2.007736792210553217e-03
2.235198501113201154e-03
4.956849032818702334e-04
2.364710502757222908e-03
3.385777624041509952e-04
1.240630366043264654e-03
2.984172346136369346e-04
5.557270999921830454e-04
8.556330871994817511e-04
1.772658820140126474e-03
4.728442065528198662e-04
9.399300518236760552e-04
4.412928272719380488e-04
4.877793629519366599e-04
7.914015303855774248e-04
4.520579667099289701e-04
1.083305955348845290e-03
4.839397049087673869e-04
3.442056631120947907e-04
3.481820897622822371e-04
2.549345624624766143e-04
1.619544480721793640e-03
1.153472432130357543e-03
6.811405189814834400e-04
6.873177322393272297e-04
7.131141164827201062e-04
6.947320915557529848e-04
4.350538514044223568e-04
4.642420413774146965e-04
3.028989570013726376e-04
5.448240845357550915e-04
1.307595661835643172e-02
4.100157121956532653e-04
9.556540616384343826e-04
5.912868370084410760e-04
1.476083662052316394e-03
6.231097604834047107e-04
1.247662110794748236e-03
4.857944437886939490e-04
1.354895083059893222e-03
6.727904632118602950e-04
5.694235863599039901e-04
1.359455109006818844e-03
2.126680986199046622e-03
2.541951588023712923e-04
1.286888815453000401e-03
3.426130956156647669e-04
1.644003871924374065e-03
4.108538868415611027e-04
4.996442147454724239e-04
3.176022294473060436e-04
5.057668520058200036e-04
1.129653641363769162e-03
6.107898455996268149e-04
1.646615017183710112e-03
3.025169945496482726e-04
1.699899121882623510e-03
2.985232677020539663e-04
1.241755490224729285e-03
1.088237498802425507e-03
6.704896254851117543e-04
5.880672277537400813e-04
6.543841498979874024e-04
2.141183748569622691e-04
1.644713412340110094e-03
6.121482169384555565e-04
1.034511266444570294e-03
3.648971075521861645e-04
4.821961283846814151e-04
3.430156467814327276e-04
6.747391306935750406e-04
6.651945305527641851e-04
2.510667196850978940e-03
6.390847503476785717e-04
5.395081596306836296e-04
4.112535488039926893e-04
4.200596924810352122e-04
7.004966981951274690e-04
3.922493119888066475e-04
1.143963800928056527e-03
7.164582788059762480e-04
1.333233115456656246e-03
6.591784222650714977e-04
7.539676841132516433e-04
1.294685774632779382e-02
8.380986017664492907e-04
1.754156042365419971e-03
1.322475285940082849e-03
2.113239203827923553e-04
5.028498992095719114e-04
1.754115815487683559e-03
9.598635397354217565e-04
4.931620256840936380e-04
2.495834000863821002e-04
1.550546291481588951e-03
1.201296948999750012e-03
1.017667110777870261e-03
7.217092640619778617e-04
8.779649509394237342e-04
4.199388901290187961e-04
2.893610962610787540e-03
7.741424491203751290e-04
3.610478972415647652e-04
2.479821454703468671e-04
4.400915361094741816e-03
5.381887197706545275e-04
8.617830077604580466e-04
7.124634514290686992e-04
6.449908560643316351e-04
8.895607180089325433e-04
8.800978984912146297e-04
2.775641806907230727e-04
5.557765262475845847e-04
9.755451257432541049e-04
7.810868995267981636e-04
4.269549083710509640e-04
5.312052843865351344e-04
1.555473504479437967e-03
1.086771951849634966e-03
1.034511266444570294e-03
4.430078645124711952e-04
5.386113625169842425e-04
4.865803020217946383e-04
1.261963318460634226e-03
2.541951588023712923e-04
2.251751196354019927e-04
9.964653485992141461e-04
2.429934983969516456e-03
6.666510544929590658e-04
3.112355435595130304e-04
3.906263693337921569e-04
9.698538144485174296e-04
3.298502628920803054e-04
4.811589277813602865e-04
3.809923486546761212e-04
4.612708227527955872e-04
1.013303236979044364e-03
1.320895517477656527e-03
6.104580154114224930e-04
3.126003047746919727e-03
1.587082223235783667e-03
1.032393550132073515e-03
4.865803020217946383e-04
3.655319726875122890e-04
7.490469706564941571e-04
3.917838121920259138e-04
2.310737571396988960e-03
1.052812412529795022e-03
2.878041514437313189e-04
7.978010874240152933e-04
1.009665933250859272e-03
8.559414891864049624e-04
7.566646986953818156e-04
1.139794811877540637e-03
2.894552132643476278e-04
5.787918667653323005e-04
4.117943573624085942e-04
9.694023245279269514e-04
2.266438103355079012e-04
4.981337090141865504e-04
4.240840211783398171e-04
3.070655721025291164e-04
3.061688616125566383e-04
8.076697435429259142e-04
6.253983208828180294e-04
3.181663805734750126e-04
4.998291719770958956e-04
3.298513473911161495e-03
4.621090637171818569e-04
8.593078278932056143e-04
2.315363570985946049e-04
8.990555931853137523e-04
3.347139587729509435e-04
1.022562474839204018e-02
7.818553757989281372e-04
5.168557090424145007e-04
5.228824463108251155e-04
4.806838489197113608e-04
2.830390411754766687e-04
1.050715832096084336e-03
8.592400666240278479e-04
1.030834607647676321e-03
1.251109581018886030e-03
3.866898603254552555e-04
2.772081670948043893e-04
2.253411899313370170e-03
5.435319410054292692e-04
1.515005585447897667e-03
7.187078495158646246e-04
6.426092696026815829e-04
7.334593833701940962e-04
9.877599130132036151e-04
1.545234536016765192e-03
7.545174267368436830e-04
8.890832257350722752e-04
5.181786732903880671e-04
4.982877970182127483e-04
1.434463053357253482e-03
2.539806907454524314e-04
3.252449528522419111e-04
5.841327655236069720e-04
4.724792679813230242e-03
3.044259009945083500e-03
7.430259735140998679e-04
7.522287871984292395e-04
6.148058429398234716e-04
9.235704960728610344e-04
5.673080635951708878e-04
2.994816106544109227e-04
7.964904767383217381e-04
8.729105467602368742e-04
2.123397155894237148e-03
4.880858558025393760e-04
3.832519311241705312e-04
7.269029350083068639e-04
2.362884578200612814e-03
4.709709183656931425e-04
8.949628134282552145e-04
2.180391860676126020e-04
2.989374496576631423e-04
1.389692614634809292e-03
7.853595616741090380e-04
5.572159600731618236e-04
2.050220905789694285e-03
7.842110515981461560e-04
3.139301744478307718e-04
7.967333453212519434e-04
8.229237353993117945e-04
2.014810051060272455e-03
5.251071684056178189e-04
6.834433748903305256e-04
2.296557893938755771e-03
4.244263019714323887e-04
4.727794798361012940e-04
2.082248712738858035e-03
4.930070212617809148e-04
5.368206856040190055e-04
3.175659295605779385e-04
4.258210005140467057e-04
6.059883532655793454e-04
6.650089800352220566e-04
8.241277690051887570e-04
4.309015860438057959e-04
2.416111312681242310e-03
1.033754691368658296e-03
3.100793610588679678e-04
3.417492728161754365e-04
2.762283862002702650e-02
5.024893965149848608e-04
5.193365311768693244e-04
1.956768965581055439e-03
7.221905578098921849e-04
4.506731940088625366e-04
1.135133973237226245e-03
7.153000512772917513e-04
4.108299753305742590e-04
3.358845484568452047e-04
1.644003871924374065e-03
6.696654637381870175e-04
3.020458830630388426e-04
3.179171858953139251e-04
7.445278076358575331e-04
1.615606618954130687e-03
9.598951038383723598e-04
6.989537158520805083e-04
8.817693063148437363e-04
3.212977637242938863e-04
4.675638426798947177e-04
5.625448519103169211e-04
4.751010227666512117e-04
1.778366751546172709e-03
2.433927936772570168e-04
7.431189021471103478e-04
7.159080087226393817e-04
1.922087658048797151e-03
5.539721481378954114e-04
9.439040915652116516e-04
6.769111828753241345e-04
7.726729434515444998e-04
6.832905281405099755e-04
8.009308099603286695e-04
1.257634941755050775e-03
7.581670117153857351e-04
8.537802242017518374e-04
4.640655989734836012e-04
1.616782043957600999e-03
7.446313620588918122e-04
8.281928428198259218e-04
2.976614682692742004e-03
2.738144082765230514e-03
2.074145590560325797e-03
4.169871461712338734e-04
6.990604845083240237e-04
1.294502639185004947e-03
6.557306148405919440e-04
3.570803485188180429e-04
7.845244701612416301e-04
4.390362620302792722e-04
3.673305253606920376e-04
5.464421086406808263e-04
5.915247331048277763e-04
1.986428405355264697e-03
8.930571496667382564e-04
3.431721809594027658e-03
4.837954570076635633e-04
6.069476505503701262e-04
2.568055127516547529e-04
5.715418150815661062e-04
8.632940691363409852e-04
3.158983635720634311e-03
3.112355435595130304e-04
1.022562474839204018e-02
9.991653926042381745e-04
3.694064914225589705e-04
1.897974979982216225e-03
4.654806530223659406e-04
3.311785054107742191e-04
2.228133826054711376e-03
5.185010127301542667e-04
7.739516399983204431e-04
4.876618390581981570e-04
5.750598345487384355e-04
3.373251596915691317e-04
5.888796493271447304e-04
6.147560543790760515e-04
2.253861908103686230e-03
7.047117443743951401e-04
9.853847458157760641e-04
5.637117952298791772e-04
2.460372250073165467e-04
3.675755068513649458e-04
6.848391059465190481e-04
4.038262787190677154e-04
1.102382889172141139e-03
1.956768965581055439e-03
3.207594291652472382e-03
2.056312757202092341e-04
3.298505850506497665e-04
7.024791376921025055e-04
7.498181793385558019e-04
4.568588221419051009e-04
6.454437277230040291e-04
4.943065357506987081e-04
2.234581790419372285e-04
5.515000910915341791e-04
4.447904790707854581e-04
3.236212583860786571e-04
3.522817192148548510e-04
1.080575742074622739e-03
9.722452321762048563e-04
8.860485897072339564e-04
5.500387339065267861e-04
7.868990434870621253e-04
1.128262054766077408e-03
1.338486457524704380e-03
1.011372691493868858e-03
1.921489891264113693e-03
3.593410935265295664e-04
5.885821851021510922e-04
6.242221434372952592e-04
4.947403822310694104e-04
8.821507997222895322e-04
5.534968821256474854e-04
3.056445829596021301e-04
2.868829728202667477e-04
2.048503491452756170e-04
1.156976310660207509e-03
4.385714975981777901e-04
7.191297423497206411e-04
4.067966662863013727e-04
2.327209731763479027e-03
1.175755726736409231e-03
5.093521034287814067e-04
4.414467160505692223e-04
5.371760081169799561e-04
4.382412975930129705e-04
2.702661997255776196e-04
6.541663782801787445e-04
5.321334380162047505e-04
4.504003778143833461e-04
4.393608547870503540e-04
