1.248545430721841216e-03
7.906948524774288058e-04
3.705878570947103304e-04
1.226792340995483356e-03
6.342660862395288392e-04
6.477379584563962896e-04
1.224543540098262800e-03
1.135982595486596672e-03
8.594541316301164760e-04
1.786645821540849572e-03
5.839209856612423291e-04
5.463303127728286147e-04
1.661285823093407643e-03
5.019835439507667075e-04
3.239517180604695938e-04
1.238086236620361980e-03
4.232557336473253304e-04
1.257644055623958167e-03
2.178132896157182474e-03
5.931829817611681708e-04
3.545950127437021734e-04
1.807252206386049387e-03
5.661132668496512413e-04
2.523599578514444750e-03
7.721496989167853098e-04
9.130078644032418780e-04
1.140246692293620575e-03
1.460552908663174162e-03
1.162724313258741175e-03
8.590701001386926664e-04
1.018945713775833194e-03
7.652473141696418402e-04
1.125246436807730713e-03
1.281549434958394055e-03
4.126465848746202177e-04
1.197678883611112861e-03
1.567056682653758005e-03
2.108951385081814494e-03
6.408055091298892232e-04
3.612534882328314071e-04
5.552699087114824168e-04
1.315068137899630483e-03
6.854764900217427681e-04
3.140040775403799846e-04
5.476242503507781131e-04
4.974377346208150134e-04
5.085779432835520371e-04
8.351310464931834595e-04
3.616074460270189087e-03
6.845864345563866917e-04
6.122703654767323650e-04
1.409010146261427052e-03
8.717849259196428380e-04
8.985858095404411147e-04
3.651182037316413084e-04
1.194626120935867288e-03
5.950822606691546970e-04
4.225700653783002548e-04
8.916340153270686970e-04
1.244454873140796950e-03
6.719314046755926924e-04
9.110607717766917033e-04
9.872170320286547708e-04
7.634331102160082970e-04
1.362896578901057892e-03
9.353534207510543191e-04
7.686166859545457298e-04
9.953922459371264582e-04
6.350434948986006817e-04
1.351270610066005427e-03
3.695599968943621885e-04
5.994727254886878789e-04
2.120693120146920074e-03
6.774224750509161459e-04
1.534406994983842591e-03
3.872448144124460861e-04
9.317334864852930406e-04
8.454729053963193309e-04
3.463040665550091730e-03
1.320875473553250867e-03
6.693400977080903556e-04
5.406988835194085057e-04
1.000334615562095512e-03
2.329190733547700527e-03
1.262301938384259581e-03
5.570699358356727242e-04
4.232565975768333086e-03
5.288436363385717659e-04
9.070792045152994238e-04
3.287651050909567302e-04
4.556930498330409758e-04
9.258885577156967953e-04
1.184025417438186022e-03
9.730315796191423569e-04
5.337992956972238169e-04
3.850117144320791334e-04
8.568540014750760216e-04
3.481973765077183542e-04
1.317553301132508205e-03
6.480984276008674213e-04
1.143492337502108151e-03
8.361772139966507089e-04
9.092100692693433307e-04
1.543586283109397907e-03
4.524449817838675086e-04
4.695676646748927065e-04
8.854217400667576104e-04
7.796773308704634019e-04
1.384347660343487971e-03
9.088546197177286949e-04
1.108351876642760161e-03
5.501253821799344506e-04
5.217305750086490739e-04
7.944017270328706734e-04
5.423090410813257746e-04
2.739692648859310201e-03
5.500372809493853576e-04
3.852902482119101107e-04
6.371502723852069021e-04
7.798624972405223928e-04
8.527653676037033484e-04
1.865239685602517123e-03
1.730424094334129638e-03
7.504144844367352215e-04
9.825804579417355723e-04
8.401228414666322714e-04
9.615448800781563419e-04
4.724713810873173796e-04
7.142815369862406168e-04
4.756601673597841626e-04
1.442389461612386204e-03
1.223550533270189840e-03
1.190215890872252597e-03
6.837889759652388075e-04
1.615570594943627333e-03
1.483249439703468366e-03
9.721554897538849539e-04
7.484588873908721782e-04
3.573873282931119594e-04
1.389843645585571528e-03
1.436758058591271160e-03
1.665512424766041420e-03
1.340785384415132259e-03
4.744244349756901609e-04
3.157864368021984984e-04
1.285346495676916324e-03
6.315874147423048129e-04
3.293919492363837822e-04
4.840455875957382385e-04
9.475409431884724990e-04
1.552514402039114737e-03
6.443003761802440672e-04
6.538245765407511281e-04
4.245529683990570402e-04
1.621875757197533460e-03
1.062706043962188124e-03
1.137874193967179214e-03
4.992223263610066995e-04
1.020990923739217328e-03
1.850158885845040735e-03
1.876428581771789027e-03
7.896589490734072601e-04
7.616971369071529139e-04
3.773779286323237364e-04
2.414532435712253219e-03
4.420155973713714740e-04
5.321623319507246984e-04
4.701564908138012797e-04
1.288572055727982973e-03
7.365248803241494172e-04
1.173822895183749757e-03
9.811991352622628521e-04
1.026878941698786390e-03
6.678281907593752861e-04
7.808682027990530416e-04
4.101323203288038022e-04
7.217345278990464422e-04
4.964821833297282643e-04
6.791412139196366382e-04
7.719443368955164692e-04
5.549718905080624955e-04
4.636279589795534663e-04
8.274200141373926889e-04
7.107183203006446712e-04
5.525820161782257810e-04
6.265586862923410317e-04
4.396049873554979401e-04
6.502376056807824536e-04
5.761392518488652565e-04
8.056035393317077711e-04
8.144954197242842324e-04
7.696371840108523358e-04
1.933346053762320617e-03
5.847835087264365884e-04
1.426686910756060338e-03
5.997000266903367840e-04
1.108391458128683664e-03
6.791412139196366382e-04
2.566402939301437700e-04
9.448058817969634147e-04
1.310596455093428030e-03
4.592032861907420450e-04
3.963536916261320756e-04
2.361262367231253476e-03
6.385511378451517485e-04
5.191900331846014370e-04
8.499186026374250594e-04
1.881645450617382316e-03
7.120030583656188766e-03
7.017187149052036589e-04
1.139273983268741059e-03
7.044411618158071594e-04
4.590581114609347557e-04
1.459277440039139818e-03
8.173599796321112491e-04
2.231150076761701916e-03
8.251066408141881012e-04
6.236262447591767481e-04
6.068589535634150199e-04
5.790225009318429898e-04
4.012264647264481574e-04
9.515230780418429705e-04
5.670408574457823370e-04
7.547207222952965555e-04
8.708567452281294622e-04
1.399896858517501747e-03
3.741625666698440646e-04
3.348737106761591606e-04
2.105305554768828122e-03
5.429014563295385398e-04
6.039454885916873371e-04
9.926417784750633279e-04
6.313151060779609997e-04
6.966429334223370662e-04
1.422657846919077101e-03
6.347440655074650323e-04
1.163866273503328871e-03
6.047129273680195956e-04
7.064210913270469903e-04
8.737096133469194432e-04
1.822574806652082135e-03
5.448048245437418476e-04
9.967197111105489948e-04
4.748488832185433772e-04
4.782163419759692473e-04
7.413274772513539545e-04
5.593978559145508208e-04
6.611637389071340319e-04
9.005363377884739078e-04
3.997568789256212749e-04
6.037803274923309385e-04
3.850117144320791334e-04
8.445063998007585476e-04
9.553073173410666936e-04
5.990434171908538613e-04
1.022198480284335076e-03
5.885762379640527026e-04
1.807502038977970701e-03
8.397502913260870621e-04
4.826934316764525806e-04
6.409948034375364265e-04
1.471363787293863187e-03
6.879213023290907739e-04
1.524011891061188839e-03
1.747603808695409600e-03
2.309130358024618149e-03
6.966529579957279634e-04
1.003848415404431449e-03
6.198599852725873152e-04
4.287961740191198663e-04
1.089730033805191411e-03
1.166125938125745550e-03
1.283914843819596594e-03
5.810754676667385758e-04
6.835539080679202753e-04
7.922619110594669592e-04
7.333211702640836426e-04
4.490959784413161367e-04
4.735990005400092517e-03
8.519693010408759849e-04
7.412333176304715084e-04
5.549718905080624955e-04
7.790656136154105538e-04
9.519821539577741354e-04
9.266336525306409066e-04
1.838751565327105889e-03
8.090224394501379073e-04
8.563741118304215747e-04
1.246430860265887583e-03
1.254078151918367693e-03
4.490372187961122539e-04
5.955460822581490430e-04
3.553154884856019936e-04
1.698544723099429041e-03
3.825654289465679021e-04
1.928624049912137017e-03
2.259836440598240494e-03
6.124535985903313811e-04
3.233076878273086294e-03
3.365091739439881463e-04
1.075621621101729855e-03
1.310596455093428030e-03
6.197268880763903351e-04
7.360427290452597202e-04
4.740775629032740091e-04
2.347357002719839493e-04
8.093194626594542264e-04
1.551183523080042637e-03
1.125542523007691618e-03
1.812765922739606548e-03
4.490372187961122539e-04
4.136720083093072551e-04
5.584590872471941435e-04
1.669727394754187862e-03
1.807032557639058059e-03
5.801517242356086547e-04
1.071430736501821938e-03
1.070500589200620205e-03
5.804278231447459460e-04
2.120600222030600765e-03
8.589630376250126115e-04
1.182167186912017791e-03
5.050343399867501413e-04
5.676562870300678326e-04
2.541384661619409155e-04
1.145972484247900118e-03
6.511447310816928903e-04
4.235706531972435393e-04
1.120794372910960401e-03
1.092437375048402630e-03
1.328981803870369488e-03
1.444902999149358163e-03
1.112941792362502754e-03
6.976918249468592624e-04
1.009303135311894091e-03
4.107633863083715465e-04
6.664701242895850874e-04
8.741384905011221392e-04
4.961882487469665469e-04
7.589419107649911581e-04
6.293774065675650708e-04
6.123980133550021090e-04
3.110381864296976606e-04
6.953522392156582339e-04
2.095776883307497174e-03
2.583700484482084631e-03
8.219499744046457161e-04
1.238474903594956713e-03
1.828902625191105788e-03
9.596497818465622373e-04
1.904760954361316020e-03
4.763313135426958523e-04
3.887971406330453816e-04
1.750158161323612160e-03
7.961447115424908749e-04
1.042927848465373614e-03
1.729017021972089740e-03
9.852516179802127145e-04
1.406083776846468042e-03
5.288436363385717659e-04
7.254459123663514319e-04
4.539251012387306573e-04
5.543585441409245055e-04
1.209727120032232052e-03
4.937752591812956827e-04
5.300833058104774051e-04
5.316892655077269268e-04
3.670134598342489297e-04
1.540164151205908804e-03
1.115748332918739191e-03
7.498448665538785113e-04
1.146526489709087443e-03
4.382668232389072007e-04
2.364511137227583160e-03
3.554307317854347157e-04
2.617190725890438177e-04
1.071700968121602716e-03
7.853216741024693316e-04
6.966529579957279634e-04
4.094654277247426928e-04
7.254459123663514319e-04
8.763293393307157800e-04
4.789720396151643739e-04
4.382668232389072007e-04
6.658507304784159857e-04
2.175480510966868244e-03
1.348333117422987736e-03
6.377793490269146768e-04
6.995801411124749972e-04
8.280167703359333836e-04
9.537496407522464466e-04
3.723546202664493473e-04
1.025450286217181048e-03
1.143321880236709788e-03
1.105706260833693973e-03
4.130200562336933199e-04
6.869726500770438398e-04
7.362817863542582726e-04
7.775318618449836511e-04
3.447803909075384133e-03
4.037397510123225531e-04
9.162274572274161201e-04
3.885276252262379721e-04
4.904092007596206520e-04
4.498732302393047204e-04
5.948157870679485247e-04
1.318270216458153343e-03
1.105654781070185711e-03
5.488105792399857819e-04
8.863358769942836484e-04
1.405145516941292945e-03
1.050617838945068581e-03
4.901405142103288509e-04
9.495760168069894381e-04
2.418842071059779195e-04
5.908591268272661394e-04
4.101323203288038022e-04
9.270873698297725420e-04
1.153468750588641746e-03
5.179037551300506165e-04
1.423067691796998891e-03
8.617594601110895557e-04
3.398437635171254381e-04
1.886404962835574886e-03
1.418537462708000050e-03
5.269610448040810708e-04
4.256210155871312999e-04
9.252960265549324461e-04
8.749483798250699005e-04
4.933843422262949689e-04
4.369329872016445519e-04
1.155648102438634620e-03
1.140322613186409238e-03
1.122351521340631637e-03
1.560640446631753574e-03
1.065484778016168206e-03
1.105935337720895684e-03
4.137220948186420811e-04
7.793658948711529441e-04
2.290787148472367071e-03
9.205471029113658108e-04
4.347087254374244238e-03
1.004261575835979376e-03
6.551572399525934553e-04
1.820836262669351920e-03
2.016341136733951472e-03
8.045574902475052586e-04
8.130868907630960703e-04
1.063558584407847240e-03
9.348753019678621157e-04
9.615574607844722468e-04
6.006477355588909746e-04
5.213226686253790831e-04
4.110876381820223946e-04
1.091473727914587686e-03
1.695347306768423858e-03
1.196328224750552345e-03
7.523106577515991300e-04
1.655714498055869304e-03
9.646444225685754702e-04
1.127237527859841241e-03
7.906948524774288058e-04
4.050235361497668508e-04
6.684957386579218992e-04
1.216988002110365929e-03
1.776773207661100709e-03
1.215692870953627132e-03
7.963022209572102449e-04
4.904092007596206520e-04
6.275297161937115837e-04
2.375686429452455051e-03
1.657793098393929793e-03
1.950946333790792376e-03
6.880986420435472855e-04
1.370893407818079852e-03
1.941587479548837749e-03
4.625391855830302099e-04
6.507743294261007783e-04
6.543681897361522523e-04
5.002153249733178215e-04
7.401430755790287851e-04
6.446945753544466124e-04
9.083884549680955236e-04
1.081135910839835408e-03
1.368738554038216983e-03
3.527283869321816228e-04
6.688365487234198018e-04
2.655088989023184857e-03
4.925396982514645234e-04
1.268025312051706188e-03
4.490372187961122539e-04
1.380949755390087959e-03
3.183155052811143166e-04
1.474834269754970702e-03
5.770027376175687660e-04
9.405170132339766122e-04
7.201919509978374620e-04
2.077442931398740342e-03
1.459616298520643920e-03
1.582867386436787038e-03
7.640819770514920180e-04
7.354495253109885004e-04
5.559616441028028848e-04
1.342525840862666183e-03
8.989317318958906303e-04
5.757694201359331602e-04
4.600358691764221564e-04
7.733051766032661466e-04
6.943799290706002521e-04
1.782921252778110104e-03
4.734663739929289347e-04
8.876381042630323995e-04
9.320853106893512308e-04
2.081186753973348659e-03
8.133700443126961992e-04
1.459277440039139818e-03
6.749068715039155484e-04
1.259657833212202973e-03
9.845637947749660401e-04
6.338733267179329483e-04
5.305820516388851538e-04
5.638619910240253493e-04
4.643099682624114819e-04
7.264544948741583292e-04
8.632525655025899674e-04
9.307156917729282565e-04
2.293590151335143663e-04
1.318694571351589117e-03
5.872033158284476048e-04
6.479695600461477792e-04
1.014029140060066251e-03
5.653527279421543400e-04
1.130484054262209485e-03
1.140246692293620575e-03
3.162620288888357781e-03
5.925597822871683015e-04
7.741516740293116891e-04
1.217282387727529423e-03
7.566314560922096947e-04
1.638589626445908359e-03
8.928804419114428530e-04
1.344299819846955920e-03
4.275847232929886037e-04
1.941562794808660919e-03
4.336418604627184561e-04
4.656709648665882163e-04
1.405821578884235926e-03
7.161313513602393568e-04
6.057663352857201814e-04
7.775364600066772850e-04
4.964792908947218046e-04
1.253302406575564206e-03
9.321650487712958028e-04
6.775664573647395029e-04
1.367370465224397331e-03
3.481973765077183542e-04
4.980874218073165363e-04
8.278924778700566707e-04
8.215847004012392712e-04
4.825760434561734698e-04
1.398006449332207975e-03
6.437462551032495589e-04
1.043482401121771739e-03
3.827653971409169121e-04
4.548597991231612559e-04
3.638288549647212123e-04
6.223370301374114887e-04
1.064388423445410126e-03
8.387262862968891154e-04
1.997154084638909713e-03
6.588915324544691778e-04
8.990872424080644529e-04
9.501799479927047331e-04
5.278405048858637524e-03
5.869450480835181365e-04
8.602439056178421209e-04
1.155423132551604715e-03
8.059007584243438544e-04
1.851537027633364885e-03
6.783693457546566318e-04
3.203613615576574210e-04
1.331931951137939416e-03
4.918254361194677841e-04
7.103546995248147646e-04
6.001198464716683443e-04
1.054117086299245125e-03
6.178906627504300109e-04
8.231121496979957285e-04
8.653894140327528977e-04
3.953361524692486362e-04
1.099772765990922980e-03
9.919119192616375653e-04
2.174432621319951665e-03
1.255100987079550137e-03
7.112516459154952274e-04
2.283579319594437277e-03
1.013802079139435519e-03
4.781702349130330203e-04
3.026049551265355686e-03
5.232415536732712121e-04
9.651878126231780040e-04
3.545921635491699575e-04
1.673176140576446494e-03
4.099918536556912863e-04
6.518585078854599851e-04
1.376518089152717729e-03
1.268890493339359981e-03
1.948740553762919655e-03
3.338714253655369717e-04
5.273641809738417079e-04
7.906948524774288058e-04
3.858611220509472407e-04
3.825654289465679021e-04
7.716465242396011292e-04
1.196328224750552345e-03
8.207577596632297575e-04
1.301614078210174648e-03
1.167535672029320791e-03
5.377807919177268877e-04
5.896984524515835142e-04
9.051980037147384396e-04
4.905122663285503819e-04
1.173694719257405671e-03
1.086045398520150366e-03
5.731732713698046208e-04
1.153715621498255673e-03
1.369906296709857583e-03
5.628814165751866655e-04
2.275322259477437561e-03
2.080305774047713687e-03
5.391337468371055217e-04
5.216680438357704968e-04
4.723302737152787673e-04
7.578771137430775733e-04
5.863000353019508096e-04
4.638384646893285745e-04
4.748488832185433772e-04
6.448837100975329242e-04
2.753344693587481194e-04
8.553264257274496071e-04
1.408743546487272813e-03
9.556232863334209035e-04
1.085419842748487976e-03
6.249983460457022742e-04
9.492983204112234903e-04
4.615932408532113411e-04
7.016147937386848403e-04
8.217076398708881256e-04
9.573444973578614393e-04
1.207260178566457775e-03
1.188431347758896976e-03
3.798360921831231548e-04
7.028621704549697534e-04
5.051566834346432827e-04
9.872170320286547708e-04
7.596899804428130067e-04
1.058303156486138522e-03
8.629238434272037614e-04
5.434925401810615769e-04
8.764498588451973904e-04
4.521063891386484126e-04
1.261576283337120189e-03
2.819437074472686206e-04
5.034264464163427629e-04
7.162960131849161046e-04
9.235797851513054095e-04
9.762082472996226222e-04
3.010795329952308994e-04
1.755140102936933585e-03
1.438320485592102863e-03
5.182981471894746285e-04
2.175334987868070020e-03
1.696596933905230795e-03
6.513020774227259784e-04
7.908472071167878172e-04
8.513357694624155980e-04
1.234904901523243203e-03
6.702071099859520159e-04
9.606905431299612996e-04
1.919905365127177153e-03
1.253302406575564206e-03
4.328893140346947279e-04
1.023587254462346658e-03
2.256843465621076981e-03
6.125117654183578637e-04
4.794084010004770881e-04
3.412511853922034770e-04
1.119201009637459457e-03
7.271355408224512316e-04
6.344613579662899744e-04
8.625965931153310251e-04
2.571267637848346859e-04
5.245381407771544310e-04
1.084467685227332324e-03
1.362187538148220810e-03
8.280167703359333836e-04
7.185261883904834820e-04
9.246535893034119481e-04
4.366218114249717486e-04
1.091029501110203767e-03
4.080433841469006191e-04
5.953909937605379472e-04
1.507777750072588100e-03
1.100952128347139651e-03
5.213226686253790831e-04
7.114683574370501582e-04
2.361262367231253476e-03
1.069176796879028933e-03
1.542027625874501382e-03
1.209388418669232355e-03
9.202603122677137501e-04
4.833912041780113653e-04
6.437186875404486653e-04
2.354205589304631842e-03
7.350865416817160044e-04
4.219571720692237636e-04
7.450312682140985574e-04
5.498869298840933098e-04
2.584816892119680626e-04
4.724537720675280853e-04
1.818196306637044971e-03
2.002440320869178312e-03
1.525973050973286702e-03
1.054392329826219421e-03
6.303175144137080580e-04
5.634662459127775429e-04
4.067967858523263681e-04
9.222876530580538567e-04
8.970969812568203774e-04
1.260999061155742640e-03
1.362081344264550039e-03
8.568540014750760216e-04
1.508582271784896086e-03
8.321273148480520321e-04
1.933319497347171659e-03
5.181887907717226726e-04
6.311537920141327375e-04
1.152110088536255827e-03
4.903912127978461884e-03
2.614366893755437193e-03
3.183155052811143166e-04
1.337677928114364015e-03
7.367748513388622982e-04
2.667816588613171813e-04
5.596908683484202443e-04
1.218197762615422057e-03
9.223070235507677041e-04
5.918791979234738505e-04
4.394213651219726477e-04
4.463080213047822893e-04
1.613706178846656576e-03
6.657587155319491393e-04
4.205089701224482956e-04
1.448124403732955773e-03
1.313066492016158604e-03
9.435770278219760823e-04
3.021518435164136335e-04
4.843533175900347583e-04
5.891005329259586332e-04
1.968127386074360486e-03
1.089730033805191411e-03
5.730635339535399778e-04
7.048972974656369855e-04
9.183769412485832430e-04
6.086100994564422025e-04
1.119201009637459457e-03
3.077255917747402799e-04
8.220064934000745034e-04
3.024217373124327927e-03
5.494023370932733753e-04
4.943858440644549037e-04
1.039534989430406257e-03
1.053715080395722188e-03
6.987819852016373835e-04
4.178377526937149776e-04
6.521160143314640775e-04
3.644279746907468543e-04
1.102080344928125198e-03
8.560075563127256953e-04
7.340466781405197844e-04
3.261283349368780237e-03
7.290677533608148301e-04
1.131416215034539543e-03
1.159306515094308491e-03
1.071718774561110062e-03
1.001174029064940199e-03
9.001974251919436527e-04
3.278961769075213937e-04
6.437923968919615891e-04
4.222014144758554706e-04
7.659407942172247576e-04
5.214513725714123391e-04
4.368237688935390907e-04
6.274795323882419043e-04
1.137874193967179214e-03
5.049205378604737808e-04
6.497555529398349938e-04
5.049413379695762236e-04
1.378659951686285294e-03
1.118166167439321604e-03
3.926444340549648665e-03
2.081186753973348659e-03
2.044932439179007137e-03
6.304359932648263354e-04
1.322920102446135341e-03
4.737851474144998826e-04
4.143532584300302596e-04
1.941587479548837749e-03
6.971708784730908147e-04
8.694110258463012830e-04
9.792255307308366831e-04
4.450372452045596341e-04
1.008258153922279594e-03
1.253387112795936341e-03
1.581339438440985306e-03
5.427458147342153908e-04
6.080456298708567355e-04
1.291221569102055577e-03
3.215120120913411467e-04
8.537327347859314857e-04
1.185484798214621891e-03
6.955465608632696844e-04
7.377764237736375921e-04
2.007460575248637760e-03
1.340559182331642471e-03
5.738119950710419753e-04
6.682792579831990697e-04
1.071820944494604726e-03
1.164699517083268507e-03
1.707607446307827593e-03
4.734663739929289347e-04
8.860003746287357625e-04
8.691419234132893336e-04
5.253999743990486054e-04
2.175480510966868244e-03
5.661302382459466008e-04
1.237844877657374608e-03
1.054562111628579418e-03
6.226362478599309098e-04
1.223024613949781495e-03
6.354679846631672117e-04
4.420210121590294953e-04
8.630559994740939246e-04
8.854217400667576104e-04
8.011895678707754709e-04
7.217345278990464422e-04
1.535465040466435721e-03
1.013358132520510635e-03
1.226713639073812034e-03
1.461710352446495779e-03
5.918550093098983019e-04
1.166855975361523381e-03
5.782482424240636357e-04
9.486129090725244420e-04
6.681398205409638368e-04
7.359651454724642529e-04
5.901637314961746079e-04
1.501829309189583973e-03
2.362480386288760229e-03
7.573185759772241288e-04
1.399665707160745783e-03
1.641695425581442356e-03
1.396987479111601663e-03
5.276519985581744820e-04
1.187954114953703420e-03
3.234875713752835276e-04
1.025801653773434057e-03
4.066887265054346893e-04
6.692569402765325423e-04
1.153145408149699970e-03
9.927265188424479365e-04
4.768588907441523002e-04
3.869268078793038209e-04
1.349336030418463780e-03
5.311836039160437598e-04
1.371786162829619852e-03
3.836966434404201877e-04
1.447908692124623376e-03
4.092453816193933423e-04
1.930658253831795670e-03
2.290247142267460775e-02
1.050617838945068581e-03
6.379621490996969461e-04
4.256290093207392355e-04
1.178224051136330481e-03
7.968799805412703696e-04
5.982654924059627437e-04
1.097832686427178961e-03
4.170286470395303592e-04
4.724713810873173796e-04
7.541195048555912866e-04
9.021151307198716591e-04
5.709864596741264517e-04
1.062706043962188124e-03
1.367370465224397331e-03
1.112651866075659848e-03
9.827566152840485313e-04
1.524011891061188839e-03
6.509970114343830100e-04
4.826045271015342165e-04
7.632932759001412326e-04
1.706278679129430735e-03
8.974313525348634642e-04
1.584174141165194810e-03
1.060148995752593134e-03
1.194626120935867288e-03
7.316543647460074708e-04
6.622819280486325413e-04
9.562912979992283305e-04
4.189707576396721456e-04
3.253323318766028135e-04
5.941180973640263797e-04
1.187272480295636663e-03
2.208800789517616561e-03
5.584726325603112758e-04
1.199606244749848406e-03
1.035270853775887906e-03
6.623463647179647770e-04
1.326962740764215483e-03
4.443695515497596542e-04
9.722510010640093804e-04
4.470924360294906250e-04
6.527420670829620075e-04
1.599073436956683627e-03
4.451125655115275833e-04
7.632923534063417847e-04
5.804551197756525156e-04
1.132051458338526441e-03
7.099938730790295548e-04
2.717724779201061668e-03
2.213222162350300237e-03
1.326143261404389567e-03
1.517042486875984321e-03
7.659670108778255434e-04
6.117779698579667042e-04
8.850667163342404052e-04
6.293774065675650708e-04
1.966357390508656836e-03
1.512644181337729392e-03
7.360121644542485858e-04
2.028202586877824332e-03
4.099918536556912863e-04
7.311849715760716144e-04
9.101644306833550635e-04
3.128745769236870866e-03
6.281193595324390932e-04
1.020745310261850702e-03
9.153569808640591192e-04
5.562215872767066211e-04
1.151698023477933618e-03
8.237349479772551912e-04
6.105619792997080825e-04
3.834952920464478705e-04
2.174432621319951665e-03
1.079433155152830339e-03
3.298177605613921218e-04
1.756108514956107418e-03
6.800671615357086570e-04
4.520645452139266459e-04
1.593962332431830744e-03
2.180757671282777376e-03
9.977797815811668275e-04
9.984985839366345133e-04
1.120905994426373660e-03
1.084593958726282406e-03
3.180088438810823584e-04
9.358277626315015391e-04
1.226376273189708861e-03
5.182550682485205680e-04
5.333901982216791024e-04
8.012159754039036757e-04
9.519834630157057416e-04
6.953522392156582339e-04
5.627065193675632277e-04
2.739692648859310201e-03
1.224226962645822998e-03
6.168230237465831094e-04
5.637275595969965403e-04
1.034904954376775644e-03
4.903951004658957174e-04
8.936453270972667933e-04
3.881873191071185661e-04
1.423567706210038079e-03
2.463367615207217361e-03
5.922451717818333653e-04
7.780338910190680128e-04
7.502974668311403975e-04
9.104833505024731996e-04
8.996318230600239101e-04
8.331601358443357789e-04
8.539580534715699844e-04
9.514073964815542191e-04
1.217087463026499247e-03
8.803902629003379932e-04
4.879315713434794594e-04
8.359508606935019473e-04
6.255721040856352050e-04
9.854182144778034138e-04
8.733945181846865594e-04
1.954434019611536906e-03
