1.079171519315626823e-03
7.366426773005969268e-04
1.647205309481350162e-03
6.475003772009676898e-04
1.536663267557243466e-03
5.840923348009048046e-04
6.871011269309995314e-04
4.135888343543787709e-04
3.933664654169494743e-04
6.473702159116905214e-04
4.736718295300340609e-03
6.676135718442773948e-04
8.730626899182052179e-04
1.530331875000938468e-03
4.370394425387077336e-04
1.282050971111901470e-03
2.939569321043351250e-04
1.969945501139673018e-03
7.845247417616516526e-04
4.928774417428777007e-04
6.659657084793429256e-04
9.743122692036912044e-04
7.449623607738505189e-04
1.662488310363697576e-03
1.216673749176042096e-03
5.536826244374778560e-04
5.881688075263520176e-04
5.072005268283960892e-04
3.340850641076424502e-04
2.333775985147085175e-03
6.568788380079901030e-04
5.823514534727634038e-04
1.429379003655396234e-03
1.346655514469957291e-03
4.940071750312621367e-04
4.967161008577248606e-04
1.073860316919802950e-03
4.259481579150081591e-04
6.618931370018277293e-04
1.057564806257622718e-03
8.533509613075130913e-04
1.422672416726667105e-03
3.418159865081009906e-03
1.051649426725886167e-03
1.304119780507957162e-03
9.368916155928561215e-04
4.915885356168042154e-04
7.327635111205744577e-04
9.695428806261445921e-04
5.505215609332689058e-04
5.368188069616773800e-04
7.295431026621321908e-04
2.188136110504858116e-03
3.911389315919009194e-04
1.023670610127353983e-03
6.371827813285628559e-04
1.129004231793012594e-03
1.915937654468875817e-02
1.086719120023642380e-03
6.497453083626357397e-04
7.298794772661720137e-03
4.410588203989186445e-04
1.032967649558502342e-03
4.391190766767569253e-03
4.707029896059906665e-04
6.033460192401044571e-04
4.984562005350046034e-04
1.436752775478407308e-03
5.903298828443833248e-04
6.287501596975648196e-04
7.007306322269445109e-04
2.997147857388197901e-04
1.175581139372599811e-03
6.408683009068553722e-04
1.851148453346835926e-03
1.543719941959626222e-03
9.455441971825905532e-04
6.784730662220334659e-04
7.690975634758761463e-04
1.129372742617547765e-03
4.999033520921816916e-04
4.642391403527167245e-04
8.940824799646694991e-04
8.312200733165178148e-04
1.111879094783893487e-03
4.487614141897641870e-04
1.175306949986068420e-03
1.397823983148118983e-03
1.287951442104196421e-03
9.873257646873427953e-04
8.936343916306978448e-04
6.259729499411341392e-04
1.059976483637665090e-03
5.955583612508440639e-04
1.674594269750632808e-03
4.831090031456877158e-04
2.876633307100103561e-03
7.436892737086176885e-04
7.368117774805148408e-04
8.827331034313907511e-04
5.859595984322259112e-04
1.092112814740651581e-03
6.845802667719035669e-04
7.111444114712616111e-04
8.993576224950643270e-04
5.134969065823142588e-03
7.532062945142003248e-04
1.109585801476007045e-03
1.096073177130193251e-03
6.267474324798178896e-04
5.273885151709752691e-04
6.335960845526271033e-04
6.929546938543837452e-04
4.300886802707621585e-04
4.703065362327336517e-04
4.567913646828935951e-04
4.684001803390467570e-04
9.292409978871485777e-04
5.672986990352318687e-04
8.886781219405008331e-04
1.033713152888579090e-03
1.013709649228495407e-03
1.202610522635674762e-03
5.454636850178116178e-04
1.972838486656971861e-03
1.633377567489714384e-03
3.966894498035135374e-04
4.744485380368295888e-04
9.352510683166128996e-04
8.914114247639105077e-04
7.245746664140514026e-04
9.249849697336786714e-04
4.538570259790630323e-04
7.772274490646639443e-04
4.482854310550676521e-04
7.749995207420206419e-04
4.109728888763312720e-04
8.171190272048511590e-04
5.247300581974296760e-04
1.320519711770747843e-03
6.814487002602187060e-04
9.134759837541345413e-04
1.995699695456944287e-03
8.036002594606982781e-04
2.356779583945834756e-04
8.137435884802788483e-04
8.098133606957884974e-04
7.719291574593227902e-04
8.480178223908629376e-04
5.429391119272457787e-04
3.262018380673084518e-04
3.901167680114516660e-04
4.704386265269803048e-04
3.443216414691521385e-03
3.777610548681513674e-04
1.755597294929668595e-03
9.190014060863939144e-04
1.791533159893054410e-03
4.337513283932680516e-04
4.942940106913325249e-04
4.003756041947578248e-04
7.962986988592313069e-04
5.007010987665014767e-04
6.398175507566315886e-04
8.910472017702485755e-04
4.514948493906453136e-04
8.188907503997846973e-04
7.320064934845980182e-04
1.148166144123710522e-03
6.181169615396366925e-04
2.983901326456864212e-04
3.408258296816616480e-04
5.594984179915472606e-04
1.281657735270104416e-03
1.059328560204351012e-03
2.703678582096273250e-03
1.312024215828578927e-03
3.505765192098922152e-04
1.134204835046582214e-03
1.551418520506664400e-03
6.342831578279491947e-04
4.896587960834850690e-04
6.097908746269652819e-04
1.346105790331882839e-03
8.911071532858480223e-04
1.081756842224189386e-03
8.960605627382673983e-04
8.805434358366100904e-04
6.379822789980628709e-04
2.773405393832104569e-04
8.804815529560919545e-04
4.787675517392136213e-04
9.644034143379424983e-04
1.201275260680755540e-03
4.892686144312051932e-04
6.106727256095634661e-04
7.215799750115957367e-04
7.481340889962618743e-04
4.506552477628120580e-04
3.638097458069434239e-04
1.084054234198643862e-03
4.890465960205059867e-04
4.210596820707729576e-04
7.616299572130034090e-04
9.015569435191280335e-04
6.055771058743541439e-04
1.081226724666063937e-03
8.735110164358905098e-04
8.239682132205047383e-04
5.839640550128168605e-04
1.218121054436185338e-03
5.367005771966211654e-03
7.055674955038806996e-04
5.522155952766434053e-04
8.125269444229579622e-04
1.292080142071929663e-03
1.501843636095585377e-03
5.805318446058700677e-04
3.968408032307244753e-04
1.105697455340565920e-03
6.980286395955368579e-04
5.304263896396002815e-04
1.013709649228495407e-03
3.695455078251442811e-04
5.460571707983500386e-04
6.664835479419241966e-04
2.275971418942195502e-03
1.055825406399850440e-03
1.049425789166739216e-03
3.754205195839751142e-03
4.337606744197010692e-04
1.001160302731577073e-03
1.115455811787281499e-03
4.639273218169510092e-04
5.053723516331454788e-04
1.166892325456428837e-03
1.447379615918044805e-03
1.029595950835834189e-02
2.085460724265924062e-03
1.038447129308621821e-03
7.152868179606225018e-04
7.782664153792915153e-04
1.045967245426001214e-03
3.551289884524741871e-04
4.855672966597923885e-04
8.229859714329330455e-04
5.994590470043353143e-04
7.164473395251358097e-04
5.801897597476854971e-04
5.997070377799950574e-04
8.035476593786398470e-04
9.704224056302133104e-04
5.601682719940908727e-04
5.841949407914412895e-04
9.727495063759353982e-04
6.944124741030088506e-04
6.107175577577341917e-04
1.044329642115152590e-03
4.867766290288335403e-04
1.815700113231847245e-03
1.680607742504323628e-03
3.847109652213944234e-04
8.066015088739647738e-04
2.660798574629554252e-03
6.174241762011812391e-04
8.827023213581294174e-04
8.208997610218618903e-04
1.218579775436703146e-03
3.329889437188109872e-04
7.812994553725272854e-04
4.877603565961482861e-04
1.654096012620184927e-03
9.444733723208909503e-04
1.845436286899832879e-03
1.726472355437122389e-03
8.721691195306777861e-04
4.553417314396770586e-04
3.214239780795894222e-04
5.913147213949731737e-04
5.697026831765300515e-04
1.340448189963890264e-03
5.652644581433933406e-04
8.606099353882166710e-04
5.679552385593061858e-04
9.030179970722637195e-04
8.319060715040671938e-04
6.865346459531564529e-04
1.500200710367911991e-03
5.808485267226491319e-04
4.741770376588268459e-04
6.748843346080014068e-04
5.007010987665014767e-04
2.858412431347057310e-04
9.073965268802540365e-04
1.042807132424469155e-03
5.815701284101027586e-04
1.668247625144997923e-03
9.176366177819037526e-04
1.588968095382314307e-03
7.614453917046854229e-04
5.416032252855046457e-04
3.715358622197945169e-04
7.019903639353137353e-04
1.675968922342243065e-03
6.134330216987733458e-04
1.750042408048977684e-03
4.236394455019810231e-04
9.280585463782049923e-04
3.469910000880789568e-04
4.861871164154994858e-04
1.534121082411187519e-03
1.317714793745272195e-03
1.298713267306064820e-03
4.556929706489630072e-04
1.129004231793012594e-03
1.067019468560278682e-03
5.222847418016122447e-04
1.166892325456428837e-03
5.689666233826543755e-04
4.106621862129090309e-04
1.680607742504323628e-03
4.882257219338960279e-04
3.066664296029430439e-04
5.092863344512569071e-04
4.563714059006199848e-04
7.119150620171921934e-04
1.159079427779991043e-03
6.312258143363892434e-04
6.432820638311940314e-04
6.692822151472671826e-04
1.495774849359906905e-03
4.616775834711577464e-04
3.855457663071411648e-04
7.929209875854984239e-04
3.577626444088509005e-04
6.756960737498437326e-04
8.097134730188373063e-04
5.820157416514307701e-04
5.618375357102014947e-04
1.753403834524422172e-03
1.000144721933238137e-03
5.327719124351597887e-04
4.441341003821228615e-04
6.623675545995329336e-04
7.616299572130034090e-04
7.310076987001092605e-04
1.907711164084178188e-03
1.972838486656971861e-03
9.772036961191090266e-04
1.107774586873746170e-03
8.647709402278579757e-04
6.703982451990977889e-04
9.090253752906778117e-04
5.427607867462717417e-04
5.842458311084250833e-04
4.123124980111494281e-04
7.927942920299837310e-04
1.125402736119489756e-03
1.357653601533710761e-03
6.270017368514316193e-04
4.074805059708651897e-04
5.698055673870427822e-04
4.865606930468635268e-04
5.378757410544371571e-04
4.551316138859647976e-04
1.068426193349883337e-03
8.460716113929231570e-04
4.161078824449993213e-04
4.734636261764262250e-04
9.283761659509550887e-04
1.116821171701990779e-03
3.557825045845036996e-04
1.208731796557988404e-03
1.076632597213296070e-03
1.225249030246503739e-03
1.418071577249870648e-03
1.995699695456944287e-03
1.407019925868479345e-03
5.754972884466604465e-04
4.478097092143988730e-04
6.232058614327087420e-04
4.210596820707729576e-04
8.394114205995932164e-04
6.674849216086047336e-04
5.934641055128502289e-04
8.226343832289530590e-04
1.257303571875723188e-03
3.385522319116613635e-04
5.081359702973626928e-04
1.605565231954973662e-03
3.092789077776423191e-03
7.016448472438749579e-04
4.267121160960428167e-04
3.268501544074870705e-04
6.897106970324438707e-04
1.086061189108775875e-03
1.173622423361781429e-03
6.038684339308116652e-04
6.056634846694487718e-04
1.028761729923759454e-03
1.264217592110128494e-03
5.901966593150753801e-04
9.010558079128146635e-04
5.068330069154214053e-04
8.772151353395212566e-04
5.805318446058700677e-04
7.482156032436069679e-04
1.754880146760755787e-03
7.932608173356899646e-04
5.825807074944793114e-04
1.505878200910095843e-03
1.024465607855839025e-03
6.915995261759882952e-04
6.112760472596192934e-04
8.789612104049401506e-04
1.263653384120010754e-03
7.249387853794316862e-04
7.248131639050181801e-04
4.677900180249986405e-04
1.646312608920768878e-03
1.473950414989022442e-03
1.590145990005659539e-03
6.546117744011944670e-04
9.387194636973698577e-04
7.076623369482634143e-04
8.820715923932499107e-04
1.621528416285290212e-03
5.578985795279548443e-04
6.760449883132271494e-04
1.285645207460267255e-03
3.758942188185725717e-04
6.980587634746552314e-04
9.644034143379424983e-04
5.598918618688791858e-04
4.047078814215336064e-04
1.505337051352960117e-03
7.494602336246645059e-04
6.666652216773806495e-04
5.733563592174515701e-03
2.728939309303075444e-03
4.072794893489540733e-04
4.645882685857636468e-04
3.038421089552892037e-04
4.099398503481377224e-04
5.564191876816933745e-04
1.100182201374345914e-03
1.101526912978195239e-03
6.035031938481198732e-04
2.346893869674517800e-03
5.442342641287871950e-04
2.672373502267431987e-04
4.671341188859409852e-04
1.694709186516758391e-03
9.357558966015986582e-04
1.369181420188299216e-03
5.321267524069327182e-04
4.747765301729402676e-04
6.129712576484817833e-04
2.147004541303937104e-03
6.102199394382076250e-04
3.762871026115676234e-04
1.133424814758024783e-03
6.414593188207279957e-04
5.756480528547884730e-04
5.574793652488728608e-04
4.508259007702187984e-04
1.103319610855310086e-03
1.070736672995059287e-03
1.811176097012489683e-03
1.193534565371898171e-03
1.257825183439177652e-03
6.368779613761444856e-04
7.119274485410853528e-04
4.825714457835673390e-04
4.300203869258613929e-04
1.164633664170188019e-03
3.968408032307244753e-04
8.333135256139580877e-04
1.434410937035353719e-03
3.188887295835912683e-03
9.106970651795787738e-04
9.389971319063683238e-04
6.632341952324991800e-04
7.022702777517513505e-04
3.907534791461106556e-03
4.083635987339408104e-04
6.973418472040689197e-04
8.606479033557066192e-04
3.575456817322938464e-04
7.347949963050234932e-04
3.772406459417363919e-04
1.412228073388659263e-03
1.300111452805620101e-03
2.605247510425363205e-03
2.060564753824413019e-03
8.735513197738687058e-04
5.409168014031247524e-04
1.939115462897840871e-03
3.049537927137615004e-04
1.568625440877533623e-03
5.232260682000967281e-04
7.050518766465143283e-04
5.209984305742688948e-04
4.892686144312051932e-04
5.770674141546208724e-04
9.707611671515732881e-04
6.776739989460117946e-04
5.629874043142001029e-04
4.799263494610336096e-04
5.276711485347215878e-04
1.672966312322661563e-03
6.506531294348402933e-04
5.851120988644654877e-04
1.296454229885310710e-03
7.305071538926815071e-04
6.959276654085223834e-04
1.604673202936587493e-03
9.310032636318608251e-04
1.015321512364091277e-03
6.825160686784226315e-04
5.564993896819027527e-04
6.166596309127180984e-04
7.449623607738505189e-04
7.344632848774521180e-04
2.469311362219863554e-03
5.456947778662641279e-04
4.425982861391740343e-04
1.359136393785347367e-03
7.158642933086608630e-04
1.191932497789437422e-03
5.100542541830144997e-04
8.035476593786398470e-04
4.703065362327336517e-04
1.188459516745455019e-03
1.013953565540852593e-03
5.995856156081976916e-04
5.702445736384376650e-04
1.721114178423275437e-03
8.146248997445487347e-04
3.489177995409598271e-04
1.107375940246338973e-03
4.457577420429967860e-04
7.923745117656706260e-04
4.719618667745664720e-04
1.229630390541494329e-03
1.494313533074919211e-03
2.156457628853407794e-03
7.798709421522663585e-04
6.998278730274599827e-04
1.288785507824323148e-03
5.004924647470216335e-04
8.246576566616853300e-04
9.325956897553623485e-04
5.519450160704468143e-04
1.259919501999286510e-03
1.401882961288717158e-03
1.252952395126059361e-03
8.686737691693390429e-04
6.110614929021365152e-04
2.326403172512999436e-03
6.131851352065762189e-04
8.149218365837060905e-04
4.789352871391175446e-04
5.422991524827555816e-04
8.673662967695333756e-04
5.606529459742700793e-04
1.051246922154348363e-03
1.090099580360646232e-03
6.669583579539288066e-04
3.925614501794712132e-04
1.311874472319664916e-03
5.603394494641825369e-04
6.305843987926523352e-04
5.000629159160476607e-04
1.397544222539504099e-03
1.464702405747184783e-03
4.888450409227236646e-04
1.488236469768934676e-03
8.378088132817477184e-04
5.635189637006014643e-04
9.441374004750869610e-04
7.799769950195040071e-04
8.804815529560919545e-04
4.932494434195407434e-04
9.553595049094392626e-04
6.240203277628928683e-04
3.975203000351672754e-03
5.572110727626226976e-04
5.836001146731643928e-04
2.829479618032260113e-04
5.511481678840602803e-04
6.436545369658525475e-04
9.695428806261445921e-04
3.159411061975121314e-04
5.366290551423165498e-04
3.049537927137615004e-04
4.084988812115845284e-04
8.508733902896405956e-04
5.917275283060931083e-04
5.599235670739503151e-03
6.021052418193200166e-04
1.007147783616352699e-03
1.059976483637665090e-03
5.667696515478533835e-04
5.536400335807634869e-04
4.847725389280345908e-04
1.873208044232731965e-03
5.702445736384376650e-04
1.905735585204747923e-03
5.838620445275845153e-04
1.338617298364006307e-03
3.428907649735291204e-04
3.591864694029293947e-04
5.640751001268608754e-03
5.499741756910376221e-04
4.956108199559436985e-04
3.329346376938358953e-04
8.824987675535327829e-04
1.614641360689284639e-03
4.574668973475586324e-04
4.124114518246308836e-04
1.720153983735783895e-03
6.140849269333521071e-04
6.385247122082359774e-04
8.912171816786960965e-04
6.974838480160276688e-04
8.805434358366100904e-04
1.021246086835012664e-03
6.690736168041248747e-04
4.083586091681969468e-04
1.292280319253425597e-03
8.804815529560919545e-04
1.113057708780362505e-03
9.819078214436155645e-04
3.750739468483554363e-03
7.647098985114894132e-04
9.032124722633025999e-04
9.480663153102242323e-04
3.090155721389142244e-03
9.056609735018868223e-04
8.651281311532442453e-04
5.264715281727949236e-04
2.610902889496394090e-03
9.424832478462390108e-04
1.196599065218981921e-03
4.887308917804103047e-04
1.201275260680755540e-03
5.881688075263520176e-04
3.585950921006806160e-04
2.234092829619562740e-03
8.638476855905315556e-04
9.281694087074419779e-04
3.993027265642268395e-04
1.276111088811022684e-03
4.714860571926192574e-03
5.175701656232099910e-04
1.096073177130193251e-03
7.320064934845980182e-04
5.480130564378929599e-04
3.872457337153860108e-04
4.988121890158635696e-04
1.041071899538626496e-03
1.409543280396269218e-03
2.149084613745158752e-03
1.693633582720174575e-03
5.606667082753727339e-04
1.409925941710614026e-03
1.089060510589639780e-03
4.585951387330417200e-04
5.101223525666318198e-04
7.338030352781076864e-04
5.275962718256786872e-04
4.277024519109247163e-04
4.144455083448357830e-04
8.695378188964464003e-04
3.851757636290015826e-04
3.089081165786099832e-04
5.890545899567923909e-04
5.827556593454409975e-04
4.770957799217773600e-04
1.004175544761376146e-03
1.158881412816783639e-03
8.568453400608364370e-04
1.402715424718641241e-03
8.207263648185497478e-04
5.173492092048102235e-04
1.240587031343752273e-03
6.780312638278990353e-04
3.058073877224785344e-04
8.425496101690278794e-04
3.718763379441539316e-04
6.734331178802693222e-04
9.013217199255463274e-04
3.586481428897872817e-04
4.873920532332598802e-04
9.902167850534425355e-04
7.227289300230508228e-04
8.203749891110037303e-04
4.819483926284450024e-04
8.782535295192722431e-04
1.860504134949560445e-03
1.248252092257750743e-03
1.086066906912318579e-03
6.464710881450722122e-04
2.063594084864308481e-03
6.373576027466279622e-04
9.821328695924604665e-04
4.359107383831771032e-04
4.170961516516830114e-04
6.196866662143220338e-04
5.452807276807644784e-04
1.680607742504323628e-03
5.479556456301754421e-04
3.456690397936792026e-04
5.901966593150753801e-04
7.063109305390362662e-04
9.760602121851035288e-04
5.087592074629747633e-04
4.394664142475269162e-04
1.170907187029512214e-03
6.922109510479692879e-04
3.691531238300847003e-03
1.456013757444657268e-03
3.445921823003677371e-04
3.268501544074870705e-04
1.181224080959937571e-03
1.343044600279996552e-03
4.239013158648195626e-04
5.269652284273123374e-04
8.957132187350953789e-04
1.221885897204105093e-03
1.713255448684876045e-03
7.569372515951582883e-04
1.822492452629516976e-03
2.097715240310148079e-03
7.528113621788143231e-04
2.902329804693451129e-04
8.353971833247355845e-04
1.424400937653184408e-03
8.970779287825783295e-04
4.437833053660357376e-04
5.042178695381472698e-04
6.207151150529363441e-04
4.149945981090792635e-04
4.144455083448357830e-04
5.719272518406090912e-04
5.587075609778551812e-04
2.835315759916516251e-04
1.113420213214035568e-03
7.790718399113198515e-04
3.747473279185845746e-03
1.126556869849150303e-03
7.995623926166147560e-04
5.595533530213612355e-04
3.760396626951035409e-03
8.414990234027160728e-04
1.372720029110203847e-03
3.361388943780939235e-04
2.612213679995161256e-03
4.800438196182232106e-04
1.135573326068743151e-03
8.524028263830129518e-04
2.710012218862385930e-04
9.760602121851035288e-04
4.144990727000748862e-04
3.781129075170715291e-04
5.640774275827808819e-04
4.955029689426635039e-04
1.015220090994752369e-03
3.990924940553621392e-04
5.491548515464298808e-04
6.953297790951688687e-04
3.739889672104869519e-04
4.837977294971151161e-04
1.889459150907207537e-03
1.054604941963310956e-03
2.404000829808713817e-03
5.243052154528628824e-04
7.262728346524279302e-04
6.638082350493259209e-04
1.965676808422872016e-03
3.115633567033365171e-04
4.859017572833705147e-04
6.114796354277370711e-04
7.467463973968764285e-04
1.156995948652942080e-03
5.675593180612122741e-04
5.598818453871605861e-04
1.319094050565075603e-03
6.454366003228926250e-04
7.338030352781076864e-04
4.664419768077907968e-04
4.987078690828487988e-04
4.762968585616093073e-04
1.674594269750632808e-03
1.085457646784547536e-03
1.286993730055686425e-03
3.813132982459649660e-04
5.316757746496341601e-04
6.710086634836438498e-04
2.346684953154576456e-03
4.160949448350821796e-04
6.921097029530872292e-04
4.191528808925939500e-04
5.900264618954523385e-04
4.267868121164604682e-04
1.006907217587299985e-03
9.568098794762540642e-04
5.773864010763570670e-04
1.344145525394294842e-03
4.216289936982115069e-04
2.520015877666877124e-03
3.396932303201601489e-03
6.369572753682541935e-04
4.604297453655176718e-04
6.856431689131439917e-04
6.451334943637636755e-04
1.350539763447345916e-03
8.489757760181077060e-04
5.732722914981347624e-04
6.379940510384293599e-04
3.250167533889336156e-04
8.499722387482512576e-03
1.080246056165210487e-03
1.103037601785534670e-03
8.904071259513784108e-04
5.834010509696452729e-04
7.129925004070106079e-04
1.228388943667319379e-03
4.837418165017171381e-04
1.746452601792878668e-03
1.550822734598994142e-03
7.164672405301762172e-04
2.382097517166210747e-04
1.345193680435726596e-03
1.043375453959859969e-03
3.262829843190079250e-04
8.959730632403189012e-04
8.640474844064474115e-04
8.486590257322556077e-04
6.339288753539731912e-04
1.123019144844914765e-03
5.382561183835312540e-04
4.630298516390896004e-04
8.427105493017795048e-04
6.585881495905698477e-04
3.025353232047980922e-04
8.229859714329330455e-04
2.701908710146713830e-03
7.647098985114894132e-04
9.118280001171637098e-04
8.130425320828553546e-04
3.753399485207125816e-04
1.213570035504037831e-03
1.170719283962764297e-03
2.913875172268851760e-04
8.651973221785973353e-04
6.413396847636602645e-04
6.866758664616057868e-04
7.947331139544968216e-04
8.616829213149768997e-04
3.626398244404968781e-04
5.275962718256786872e-04
3.151981469173616179e-04
7.095039017634053756e-04
3.778347810791214808e-04
8.721691195306777861e-04
8.078927365332208566e-04
5.185346189095294944e-04
4.339741488417540286e-04
2.610902889496394090e-03
2.438188583798919784e-03
4.463015118173288835e-04
7.174388110898491855e-04
3.427970525019630546e-04
1.115717013468053073e-03
4.307755244006428587e-04
6.228055263074490496e-04
3.754205195839751142e-03
5.249591347916566500e-04
6.485795614451560307e-04
4.087672801591814829e-04
6.427703764877611874e-04
5.337460708066597793e-04
1.233485622209666696e-03
1.142608119329744472e-03
6.003704413771775638e-04
3.470698123082597533e-04
2.478142817924496814e-03
1.768452399313584370e-03
4.088560324827977864e-04
3.217674250325154063e-04
4.827513686324899980e-04
4.510628948122828762e-04
1.908481439898613479e-03
4.672178569479363761e-03
4.141530548388781797e-04
4.767657843531707173e-04
1.746793458732824687e-03
1.739939530227423191e-03
9.809922187764726076e-04
8.381806678922833643e-04
1.107375940246338973e-03
9.587470176873981237e-04
6.574419103990478521e-04
2.616751926401911406e-03
6.478525609313974445e-04
7.591414481659945106e-04
7.747677629983027673e-04
8.772151353395212566e-04
1.430028278006662684e-03
6.710646457378453269e-04
8.627745526004190540e-04
6.565771643717178280e-04
5.398864991405538140e-04
6.874647545229994189e-03
6.350000012621593616e-04
8.118046583684480379e-04
3.954485969976994980e-04
6.306827107358281862e-04
9.451471306076050490e-04
4.574057986390268481e-04
1.001786112534971745e-03
9.133235310334558796e-04
4.133669261971254232e-04
9.082651816922478411e-04
3.618826542147045473e-04
8.170533264668701241e-04
2.153751092749328373e-03
4.490449047149863639e-04
7.094216017924560467e-04
4.908239271862277920e-04
3.265328212891004046e-04
1.160313529518007189e-03
4.937633746450377937e-04
4.653952175521455814e-04
5.403750575190672568e-04
2.659139528895160774e-03
1.413595982573021990e-03
9.099331866773435360e-04
1.133854976130984531e-03
9.637819786977793205e-04
1.341411432183775999e-03
1.357659880123086816e-03
1.006628884400600360e-03
7.940822970930786449e-04
5.057213561218691818e-04
5.526340013197649165e-04
4.817703981238706935e-04
4.182881488794189966e-04
7.955388931285512985e-04
1.417196638792508597e-03
6.383967109277931479e-04
6.572312771524251246e-04
8.860647029647194129e-04
4.856520063260227047e-04
3.874305174910259650e-04
1.141601989179567367e-03
2.761467668168432130e-03
7.403416038411289460e-04
4.804495070778965794e-04
6.076341523986553660e-03
7.001569681634487808e-04
3.742821126020798197e-04
8.980486903300680980e-04
2.093338474028255160e-03
1.036156549999407228e-03
5.356126296821761730e-04
8.326249176104031507e-04
1.331722665899388175e-03
8.386782331075166158e-04
7.795701849633398291e-04
5.719272518406090912e-04
2.177417822667249495e-03
6.095032849225513272e-04
9.316300184706921214e-04
9.456857856179725144e-04
6.868206404242866141e-04
3.773367477467543061e-04
1.608998754769077255e-03
5.201315678816330595e-04
6.210751620516704891e-04
4.847455047340281948e-04
4.908239271862277920e-04
2.213740676507797763e-03
3.478965631056232647e-04
7.379177937133159270e-04
1.952760347990617875e-03
5.195151486230952485e-03
9.249849697336786714e-04
8.184168659604302946e-04
4.116647634287397208e-04
6.875477750564424695e-04
1.741303950576790277e-03
8.342954307248874862e-04
8.376248400859855059e-04
3.449160775600565269e-03
1.726860312094756055e-03
4.133519223138104560e-04
1.101877556796285748e-03
