3.043538161625454919e-03
1.286903160688348527e-03
4.347603522910072570e-04
1.626786121704859589e-03
2.026221521721463699e-03
3.261851559094192674e-04
1.779695690542374342e-03
1.526381338607908688e-03
7.863216927327078753e-04
5.547910614234131304e-04
2.511257853098716047e-03
5.078996125005378346e-04
6.150640721588512870e-04
3.802444016308097544e-03
9.896969179693153405e-04
7.972139734948709361e-04
1.370342313669231735e-03
1.424627646277553100e-03
1.025152393706730289e-03
7.065462471918489747e-04
1.212072688069103883e-03
3.842292191827547743e-04
5.300411026490135053e-04
9.499287449659273280e-04
2.129506177316661548e-03
7.427703266214417174e-04
1.453311372806329526e-03
6.797847181165280568e-04
8.945291571495752811e-04
5.477170016650393910e-04
2.569346021243500144e-03
7.935407641330517780e-04
1.051411931480223392e-03
1.089302477709078350e-03
5.184280295804041296e-04
9.466864853270458811e-04
7.562335125866619535e-04
3.932582571177311941e-04
8.222751191689622657e-04
6.400858477238852108e-04
9.197896122495797687e-04
1.002776291785848883e-03
5.954442596379187899e-04
2.357815108028237482e-03
2.051369476333301297e-03
9.071440737446331490e-04
8.344209293973214696e-04
6.807675976117116183e-04
1.219678443662989675e-03
1.316321993694284046e-03
4.153216469938191056e-04
2.990393780788169840e-03
1.105562977752613937e-03
4.496989692935737391e-04
1.477859727892757991e-03
1.090218866349931901e-03
9.887331901355948718e-04
1.090585948065681335e-03
9.083750691786668125e-04
1.779695690542374342e-03
2.247580194771592842e-03
1.944136173911372020e-03
1.046286925168164088e-03
9.574395089643766453e-04
1.103045320723196028e-03
2.314438109318241459e-04
1.373316732458842570e-03
7.799463768506666693e-04
7.765774428223969983e-04
7.278611678511840181e-04
1.039988283727009922e-03
6.397572584105031945e-04
9.747563074474868651e-04
4.382442302705901534e-04
6.215184895074253113e-04
3.565135200416090500e-03
7.441302841412693976e-04
4.531729543022383101e-04
6.999205175100729152e-04
3.227484121696794217e-03
1.570853692551685580e-03
1.259589375087629987e-03
1.802858495244108591e-03
1.072734212904149272e-03
5.300335517494023096e-04
3.738645735959400160e-04
9.110651260550596932e-04
1.133410879948397844e-03
1.856651318099835496e-03
9.356052615008561774e-04
5.045696170668023455e-04
8.316503125316076573e-04
6.916514605027207496e-04
6.173302197112554013e-04
4.467447741433093564e-04
3.796475703196092177e-03
1.087596788663566230e-03
1.684245163013786293e-03
2.340547771961962783e-03
7.287726800689430353e-04
5.774563773887789273e-04
1.065637676521702945e-03
5.222779845194710753e-04
4.340458398455369557e-04
7.288361448725454508e-04
3.945248097824905669e-04
1.116668799617809814e-03
8.420023879757266390e-04
8.273324342277426973e-04
4.408228798394713552e-04
3.019979367561786239e-04
5.543475361485221279e-04
1.357150693438595283e-03
8.725432544954571899e-04
4.327483303545382647e-04
8.828617823907044995e-04
1.118575741872002973e-03
4.206521438568082850e-04
7.690726509040065684e-04
6.497110480394610544e-04
2.314113420866692646e-03
3.297363750528428021e-04
1.212072688069103883e-03
4.788078404500602258e-04
1.719385882428809201e-03
1.046286925168164088e-03
4.534524145439359295e-04
6.952420990135825931e-04
9.287183982048052107e-04
6.146388289624139366e-04
1.346134113608298682e-03
3.558967806886892274e-04
4.235804570458707747e-04
3.682198356681766829e-03
1.132357979192570195e-03
3.174751856153584296e-04
5.264521647508116874e-04
1.589511242170567936e-03
4.230878889972264703e-04
5.738678489491343387e-04
4.779313653452713041e-04
8.526875763504762184e-04
7.548872727835268708e-04
8.395058132738286456e-04
5.342057881813112863e-04
3.269850480941028249e-04
3.795289532886744147e-04
7.693639063606045290e-04
4.261140499611984337e-04
1.491182607617531778e-03
9.327082113391754097e-04
7.075662672615696137e-04
4.805272600335501010e-04
7.444156186502345635e-04
1.187236167528098966e-03
4.625480233695887793e-04
1.087538437165762447e-03
8.205727098717976184e-04
2.716272067415576204e-03
2.310263963892266251e-03
6.902994266944421616e-04
1.719738133334469069e-03
1.030027200793186097e-03
8.674965630265529413e-04
2.774360172308339492e-03
5.679514241334333684e-04
7.459466319248350945e-04
6.717048316843412603e-04
1.427132167583819227e-03
8.630674998688373173e-04
4.481662226800785373e-04
2.053159593702433283e-03
3.561555950576880550e-04
5.901490007864707054e-04
5.410170507913891888e-04
9.819647724940334683e-04
7.585525811905795062e-04
1.062027748470705663e-03
5.200789985358618417e-04
1.695790264873296227e-03
8.708462914187649773e-04
1.230134180313400194e-03
1.799109062532591643e-03
4.961758175322596208e-04
1.226734229622586944e-03
3.722050805433053337e-04
6.875296472628451925e-04
3.194548599284167717e-04
9.168052970611402551e-04
8.194389193844072794e-04
1.941273621648996906e-03
9.120439421617778167e-04
1.218290458021113569e-03
5.354047863038527161e-04
8.038824194017026156e-04
5.364382332737023052e-04
7.693639063606045290e-04
5.608907497408510863e-04
5.875954199362164870e-03
6.223389817045985300e-04
1.392547195035743037e-03
8.389760915359522134e-03
7.548872727835268708e-04
1.000520098859168216e-03
5.965215339385660257e-04
8.863910605584192186e-04
3.602890028900521493e-04
1.101216289584505811e-03
5.488118204602925477e-04
6.619407907573885731e-04
2.965793782091447691e-04
1.233861324016781230e-03
2.844472172204307904e-03
7.264814419946401735e-04
8.682794705088254898e-04
5.735220429315072282e-04
4.016317594368185571e-04
4.118304662691053765e-04
6.315433579911807881e-04
4.145397070508644814e-04
8.384582294350152992e-04
4.935538982771142408e-04
1.270008243410675284e-03
6.727392760175663310e-04
9.514572252560717786e-04
5.034246967201484084e-04
4.812738497113855612e-04
6.710380209765958890e-04
1.737786359792727574e-03
1.081369836602477392e-03
9.595182702561165554e-04
3.913272077082740989e-04
3.043538161625454919e-03
1.351812191960488066e-03
6.620692762092563605e-04
7.874665539176073240e-04
1.036648164038612811e-03
1.711888262359692516e-03
4.893682943408194123e-04
1.390768407409863567e-03
7.812691204331112006e-04
1.034687554157641930e-03
8.136151053044922941e-04
4.683731243323794170e-04
4.568800966428245513e-04
4.794128121396499880e-04
5.269104663892623967e-04
7.037593787300891555e-04
1.424679306266590740e-03
1.312873796868903754e-03
1.482617744120707419e-03
8.068163514174224189e-04
7.606734406827805363e-04
7.263816099249121271e-04
4.459218440659173141e-04
7.534458891784585584e-04
6.514249330504738545e-04
7.946042421829487955e-04
3.689199033051942579e-04
1.182733758922962716e-03
5.221029753686448832e-04
5.427519085940571506e-04
1.084349269839675637e-03
5.206396334804251668e-04
1.053370616059148661e-03
5.028688916373920230e-04
6.490117943549195264e-04
8.131194391761755206e-04
4.343422598428049296e-04
5.786690292330616894e-04
7.460388035734421370e-04
5.063544193030220832e-04
7.555639916027511935e-04
3.483208620179429195e-04
3.200977815580679738e-04
7.823895536291973702e-04
1.631571069963513344e-03
7.104282677636975353e-04
1.834639798362937063e-03
6.867142593227141796e-04
2.699480312502432113e-03
1.043054395867688746e-03
6.943481480383156693e-04
8.615768392636724126e-04
6.528744952724786386e-04
1.378549331023171728e-03
7.722071771266131313e-03
7.037593787300891555e-04
6.939344474861146783e-04
7.622139033564548274e-04
2.598629198791582891e-03
1.006595226826010551e-03
1.462067697456721988e-03
5.082488322818199495e-04
3.869640669613550843e-04
9.524620483292903879e-04
6.569785087000070420e-04
3.441489505006751961e-03
9.775916359624160692e-04
5.848015243297514107e-04
1.600322766956307000e-03
1.072175003550659197e-03
3.187922726864495719e-04
5.756070472416158993e-04
8.604908183101085814e-04
1.217765593374201547e-03
1.080102383189243025e-03
2.850153146574991203e-04
4.589122035206279898e-04
9.648812682448726103e-04
1.698436234115434070e-03
4.027485678651278322e-03
4.346975918468602056e-04
5.028688916373920230e-04
7.228194665532736412e-04
5.933274094029016010e-04
2.834641940333973605e-03
7.401154435942965603e-04
6.127721757769295048e-04
4.026096834303704631e-04
3.843453598266090678e-04
3.584558833528073878e-04
7.254519990972211913e-04
1.049006116970713611e-03
6.463247872070628690e-04
1.072862615650540044e-03
1.658107951678028293e-03
2.478348173051148507e-03
7.501503362284658513e-04
1.236774670133985359e-03
2.516299522888060594e-03
1.049791991446230675e-03
6.979718820742767142e-04
9.639173134735873729e-04
5.595578477751788574e-04
1.634625203683426906e-03
7.100347136181390942e-04
6.460193998621517001e-04
5.709747156326318469e-04
5.790073264274315070e-04
1.961373307283774739e-04
5.622415212187196597e-04
4.390116991401096314e-04
1.075819465759604056e-03
1.135498057326984282e-03
9.159939837862829436e-04
6.212494078252867123e-04
1.793821940191744901e-03
5.250326202451906406e-04
1.189600774440147286e-03
4.339328616137090827e-04
6.110501053848827043e-04
7.518566362254034893e-04
1.111173042522857436e-03
1.352918972223816040e-03
1.370342313669231735e-03
3.851080529645700668e-04
1.427132167583819227e-03
7.558177846925236230e-04
6.344949948615209506e-04
1.372183769573582504e-03
1.160765349439894572e-03
8.495109256602987810e-04
7.909283301774267276e-04
1.097087024445752993e-03
1.856432352570282955e-03
1.082501454777689935e-03
6.840251949160897765e-04
1.065545117916654946e-03
1.085972432721812311e-03
6.205061859019203206e-04
1.160765349439894572e-03
7.955621824412788647e-04
3.826074301448605715e-03
1.890656088731696143e-03
4.824093708377890201e-04
3.418742205491057660e-04
7.248379631710745669e-04
5.061418331421254843e-04
1.357129245037014655e-03
7.569060802509959595e-04
7.114757874017127752e-04
8.057127837247895878e-04
8.226945161405067528e-04
4.589526576961852665e-04
2.774360172308339492e-03
9.451269488093905560e-04
1.380508278382731489e-03
5.575634895484746353e-04
6.048100701820383540e-04
5.922536532655531391e-04
6.128076172658514318e-04
7.119900543414282943e-04
1.389043452707947697e-03
6.811855064307458137e-04
1.192852537264926880e-03
2.310889000153690156e-04
2.963159771452641717e-03
4.238839278696806732e-04
6.528335818129294473e-04
5.040190321862424681e-04
7.402728150974077987e-04
4.115228473166305904e-04
5.692988491816802516e-04
3.377261362714311169e-03
6.069436460397219148e-04
5.426851103234989248e-04
5.249993455590215618e-04
7.992947626523952106e-04
6.512837044850639315e-04
6.682112158364503186e-04
6.305749009120331910e-04
4.530381605746792127e-04
1.694274812716255792e-03
4.863913545656613625e-04
1.181359982979303088e-03
8.067295173614806494e-04
1.680735552057174755e-03
4.721324529903350741e-04
8.995163067051775837e-04
3.784019039277359371e-04
6.755842885463277971e-04
5.327679920321494239e-04
3.369109734080487709e-03
5.710410961999207472e-04
1.849803322375779841e-03
3.958323745789005992e-04
6.001964275951484143e-04
3.786773723626648516e-04
9.439663776546683557e-04
7.287571017855462617e-04
1.046983530193746790e-03
1.045213670043820472e-03
4.828112623184853294e-04
5.532458986954717252e-04
1.198370369825825597e-03
6.581733728180708641e-04
4.004638568034564082e-04
3.437561238814773623e-04
8.832707565944751321e-04
2.798243960132066905e-03
5.706172843722139704e-04
4.004638568034564082e-04
6.440739174758306580e-04
4.099360232530201826e-04
4.270476003961760870e-04
1.178424497816493938e-03
6.528143043748424294e-04
1.625745134024505741e-03
7.013235200501071517e-04
1.388733513246080903e-03
2.299159485632307643e-03
6.863773244247803936e-04
5.018279881649724203e-04
4.986658163156097506e-04
1.372405322132055992e-03
4.860497836382527120e-04
4.396248033589871939e-04
5.979665489747494622e-04
8.393780340944546892e-04
7.876049965181280152e-04
8.277163506582589821e-04
5.277149628234683969e-04
7.897214789261016409e-04
8.549046021531849253e-04
1.139404308664168338e-03
1.210046915842878743e-03
1.311143208787478483e-03
6.798988341212171532e-04
6.148444768431264237e-04
4.212277086221047719e-04
9.498797459540493345e-04
8.794785368935060512e-04
4.335817761268741352e-04
1.312209368379996591e-03
6.670585429761607737e-04
5.924166968606777925e-04
6.591353834955281229e-04
5.426897480601344066e-04
1.826440530238000130e-03
7.271305447499201800e-04
7.713395347356702490e-04
1.573295215701999827e-03
3.509315890258358291e-04
1.663309658203703098e-03
1.052482830144073258e-03
1.518662804889369831e-03
1.972066617955402744e-03
1.532329188665742777e-03
3.548822032993712017e-04
5.661726151772131926e-04
1.337871377783805349e-03
2.449184088710280524e-03
1.031822338777808488e-03
6.319098892240301813e-04
1.124957340536359525e-03
4.397948200362868923e-04
1.704176404357203708e-03
7.678975077311912074e-04
1.054582718620015363e-03
1.456809671087351587e-03
1.742460599025166422e-03
6.679445007576421262e-04
8.570746138613836952e-04
5.103879093978675070e-04
1.009715957842741109e-03
9.301541407105226459e-04
4.295765510463911700e-04
6.724655004483419667e-04
8.316835722600153611e-04
8.947260889972594167e-04
2.040560936869702333e-03
1.616222296759650331e-03
5.114203794707812036e-03
6.748759238116671571e-04
9.107651668228332288e-04
7.508459405952774314e-04
1.972584944939527983e-03
5.439196796880857833e-04
5.150551188625990652e-04
3.766572472903671883e-04
7.724980420156994480e-04
5.271016044127252529e-04
5.165487643022150790e-04
5.203591550994900779e-04
8.779203145320208955e-04
5.743445892527321815e-04
1.427132167583819227e-03
5.999566795530930641e-04
7.004080647924799952e-04
3.989641483026662872e-04
5.217516114121256666e-04
3.713955069901635382e-03
4.333104134853092075e-04
3.842292191827547743e-04
8.316126417562620839e-04
5.458172816340351938e-04
7.415064997864847249e-04
2.307692047089292774e-04
4.922497371225109750e-04
9.124329086881173946e-04
1.252158770307308135e-03
3.367053661647249744e-04
1.052482830144073258e-03
6.060988153986609280e-04
6.997164436629956311e-04
2.055551338016106070e-03
7.092007782821494475e-04
8.181340630840082699e-04
2.336463874545170218e-03
4.561840027273903028e-04
3.597547957094921096e-04
1.902717220629650133e-03
9.148248540767892805e-04
5.233213676954521967e-04
6.838628201512239862e-04
8.161419449347717507e-04
3.369863861740084632e-04
4.397948200362868923e-04
1.672035109037262827e-03
4.095351353574516349e-04
1.439015096257227535e-03
3.751700666860640666e-03
7.877642541877955288e-04
1.763000901766290573e-03
6.994805307234949277e-04
4.815661053401040477e-04
6.227616451341376220e-04
5.105854088295827412e-04
5.140970763873126343e-04
8.245785545026210845e-04
1.113185417310498700e-03
6.251761696431430313e-04
5.689396209898197557e-04
6.550872748575013943e-04
9.820898130815907800e-04
2.902855261364091152e-04
6.191577578644734967e-04
1.051685917540224908e-03
9.064170449744533798e-04
2.798243960132066905e-03
1.242729654082027832e-03
2.938248551500220133e-04
1.196389626433066837e-03
8.901015061545485257e-04
2.792718556066046531e-04
5.074950489917477844e-04
4.658326997092621644e-04
5.233213676954521967e-04
8.363289617966108936e-04
1.541486125187204684e-03
4.155851992883172392e-04
1.415980295253443716e-03
1.313165956307280795e-03
6.147349983901225553e-04
3.580867203356453803e-04
4.802708342630302211e-04
7.756106083997094461e-04
6.197819141275851722e-04
4.317839509814862492e-04
4.424510485356614479e-04
1.170280923151056354e-03
5.958581629180408198e-04
6.851200540014981515e-04
2.578006132251623155e-03
8.448012827552046173e-04
1.156496240617517577e-03
6.532401014672966147e-04
8.748801582451109973e-04
8.363520358853175629e-04
6.690420322275631836e-04
3.393175609758236860e-04
1.386664618397700144e-03
1.024810763276330292e-03
5.391002802923604330e-04
5.056354412472310747e-04
8.565869657183955519e-04
2.373569143945862461e-03
6.504748449588611866e-04
3.733513152607645640e-03
4.498228281939611688e-04
3.184195489437714657e-03
3.941717420507164643e-04
1.023232924108421083e-03
6.680461596604966770e-04
4.891627548274136983e-04
3.551162746922959749e-04
1.082502954723479471e-03
8.239437646009421801e-04
1.265717201810297827e-03
7.561050150534988920e-04
4.876011663605030601e-04
7.996614292163475900e-04
3.174893244644291616e-03
8.287757832244952621e-04
5.872841302271758143e-04
6.672429491499172645e-04
5.093380010275784346e-04
6.341853104909470811e-04
5.039180422317437189e-04
1.643257071669051734e-03
5.216294830622011502e-04
9.617117721955048808e-04
5.466477991460809470e-04
1.312873796868903754e-03
1.293821957629373706e-03
8.373416266206500265e-04
6.976956106847946376e-04
4.097672726660459464e-04
7.151380421194246297e-04
1.121529821828165215e-03
5.201346865614354205e-04
1.524796553307145031e-03
1.096666897520023193e-03
1.413251875168497051e-03
9.310382329787039550e-04
7.913968334058992882e-04
1.825295290127992810e-03
4.206521438568082850e-04
5.494874697756569389e-04
1.180657677274867803e-03
1.827276256738115650e-03
7.812691204331112006e-04
4.019021104440800851e-04
5.663395700085960011e-04
6.973670933594793876e-04
1.097235041436189773e-03
6.640817652167372654e-04
1.580834432256904678e-03
7.834538473975908267e-04
7.460388035734421370e-04
9.025893122309281520e-04
2.350944554156599291e-03
6.282329060781214388e-04
1.486869408797171499e-03
7.863360166434034534e-04
3.232159673706403672e-04
3.689199033051942579e-04
5.685450983056237854e-04
3.764461496596635754e-04
4.394135233011521287e-04
4.309408515965933097e-04
2.011840450379328432e-03
1.055997851817943797e-03
3.606382583072815823e-04
9.196000966296559009e-04
1.235954398294611097e-03
3.515441934266047238e-04
6.212625812281177481e-04
5.726528693926922695e-04
4.820097983794587753e-04
6.854517899810624523e-04
6.180652405365631057e-04
1.060437733167964068e-03
4.384847858322544101e-04
5.407229627138791794e-03
1.882086762195138430e-03
1.860057441630014923e-03
8.418456008996567756e-04
8.140879630527160385e-04
7.721395792456266444e-04
4.519270595799774787e-04
3.482193201460141718e-04
8.877807795448741960e-04
8.898180675604118114e-04
1.660207035292144556e-03
8.247328399264764647e-04
1.110705908609854698e-03
7.064005396248024564e-04
1.405844516213855143e-03
1.141246531654279686e-03
8.914297743621325820e-04
3.644702307566436502e-04
2.777128282714776738e-03
3.773748763237624957e-03
3.525252749927301017e-04
1.717189887353481317e-03
3.222006275262738082e-04
6.004887753587464334e-04
1.445078326261098898e-03
8.429308251965057265e-04
2.587316171506190421e-03
1.848714288320897972e-03
1.617451814543919945e-03
1.877695299991629600e-03
7.723368653827463511e-04
9.246814634009814385e-04
5.236545997833975605e-04
1.504779864841005810e-03
7.661340413961338289e-04
1.509728045695747862e-03
7.771591670024770911e-04
1.022356685788586381e-03
1.500434673868043757e-03
6.134656752538827527e-04
6.444497247939226427e-04
7.093193435716367741e-04
1.615053153146532323e-03
4.738937663836559431e-04
6.111073302015039999e-04
8.829192727098698987e-04
6.546249711990919859e-04
4.267236436500962209e-04
1.200308394253391626e-03
4.406341637774926221e-04
5.628180008922108700e-04
1.010205737107786397e-03
8.246131816331446962e-04
5.604635695582820248e-04
4.186073687428652746e-04
2.233096673135695682e-04
8.194771744737441421e-04
5.506146954525661377e-04
6.239763010887553179e-04
4.950806652011960568e-04
9.877977160649843279e-04
6.514249330504738545e-04
9.999398110145246710e-04
7.943849925872194240e-04
7.393880183267025714e-04
8.182371460937564291e-04
1.515346628225978064e-03
1.454091995811705035e-03
8.310991590359078892e-04
1.857363189480540746e-03
4.756737486964385296e-04
3.983724131574195994e-04
7.406280915259669381e-04
7.686529984809540444e-04
3.622456864340296520e-04
7.714424215734825077e-03
6.943481480383156693e-04
7.823895536291973702e-04
7.954848931860178255e-04
8.492174924522876995e-04
5.322485540122061506e-04
6.912261172558720841e-04
3.435393531431961823e-04
1.073723223238390615e-03
5.139427947885437690e-04
7.521299813974508626e-04
1.497651914434594903e-03
7.570694750836622685e-04
2.058278088430248558e-03
9.757934289986968908e-04
7.419111745858669683e-04
3.151118241925957085e-04
5.054969000521747444e-04
1.067535852523150480e-03
4.473064400779733197e-04
7.745201661488689731e-04
1.149198413195662511e-03
8.087756574963182081e-04
5.327155510250106791e-04
5.901490007864707054e-04
2.072821631477554574e-03
1.122280757705405819e-03
4.483295402997352600e-04
1.146606922856282596e-03
7.283391914878488459e-04
1.111448694853883106e-03
1.090218866349931901e-03
7.498950196539997705e-04
1.490479481735856784e-03
1.010221859224506163e-03
3.125425472964013041e-04
2.304379988269404742e-03
5.326083501418985011e-04
5.491546213935135159e-04
5.723820283067128454e-04
7.077934450626878395e-04
1.290740733081207790e-03
1.518643509018922574e-03
1.113185417310498700e-03
3.882576862141525918e-04
1.291400790171213673e-03
3.629225824218061018e-04
5.800444883582678247e-04
6.220715929031275012e-04
7.834538473975908267e-04
7.130572995018361060e-04
4.321149601985799248e-04
1.215968223099747657e-03
1.947311241377674973e-03
5.364751590474566446e-04
6.397158229291347855e-04
6.989310553027096437e-04
1.230714603229652367e-03
7.865981856601264935e-04
1.249377324937091206e-03
5.454483649463031303e-04
9.440333811723817907e-04
4.608944964800330791e-04
5.692206564410013303e-04
8.656433377064272003e-04
1.202427077337639167e-03
1.572840785888129141e-03
5.524304305381273067e-04
7.765189140180333736e-04
8.156545671410927361e-04
2.857714266613206253e-03
7.680474817061933804e-04
5.046100948348017498e-04
3.565773834776895016e-04
8.462403609328898605e-04
1.527126726966049602e-03
2.849911075075612504e-03
6.544499515725935978e-04
2.356175771421231864e-03
4.272503118942225838e-04
7.271305447499201800e-04
9.322143149541691929e-04
1.030609911501903508e-03
1.212922575365668479e-03
3.985038433007714745e-04
1.108522031538852282e-03
3.541286780498225555e-04
8.102360488554139492e-04
5.326154133860983107e-04
6.125344154991797406e-04
4.275977638200937009e-04
5.948785448711830766e-04
1.160765349439894572e-03
6.300883185126645962e-04
7.561226635126220381e-04
1.269988312246063747e-03
1.408176148724565131e-03
4.442354930749965953e-04
1.007262338347314663e-03
1.026687401343020318e-03
1.916527225401035844e-03
8.171417982607119415e-04
1.031575152758487136e-03
4.128073933636038496e-04
6.288582162940970421e-04
1.339346954000015209e-03
1.489171291543921671e-03
9.517052527606839748e-04
5.395101397905425209e-04
5.761436153999285967e-04
1.400312369480918211e-03
1.083711246053386005e-03
3.458813796362005238e-03
6.473394074675354378e-04
9.300153870748892500e-04
1.240527682229355423e-03
7.974606230792193485e-04
4.811826818563777583e-04
1.059774153740333704e-03
1.129487264008674063e-03
9.525839164571207060e-04
6.541955580766740594e-04
1.279363285204437265e-03
2.169668735212271736e-03
5.404508681352224999e-04
6.965830604504367248e-04
9.567515348137874825e-04
7.468493309474392170e-04
1.243725753889104351e-03
2.117576819859707821e-03
5.799393896376915962e-04
7.611092804390915930e-04
6.261607442431065505e-04
7.771591670024770911e-04
1.187403663300607651e-03
8.529682115706144988e-04
1.399832650251251658e-03
1.308849798165792958e-03
5.495960592651259703e-04
9.350583385975263237e-04
3.646415195610969661e-04
1.525644005563019708e-03
4.695852370328507694e-04
1.418098444650794064e-03
1.068664595118098233e-03
1.212922575365668479e-03
4.683731243323794170e-04
6.148444768431264237e-04
1.079101142752452499e-03
6.917595407843654372e-04
4.753844786316673140e-04
3.974036272918921530e-04
5.499356160395496530e-04
4.779424455073542867e-04
6.636877591273980309e-04
1.097465324679460993e-03
1.078434398874941833e-03
5.861410178989772063e-04
4.980340481132542211e-04
5.819369354990125854e-04
9.997617146795005280e-04
5.063544193030220832e-04
3.630654327995829910e-04
8.088550931859446718e-04
7.491839522573533194e-04
4.218784599349279679e-04
7.573706827736039794e-04
2.035448513211091711e-03
1.051359782863293046e-03
6.444721600766097286e-04
5.735338708356138918e-04
3.208520881346585310e-04
2.357692046554338717e-03
9.074567489418272365e-04
1.082858331847647362e-03
1.112012551541173740e-03
1.205755939679464860e-03
1.420897114797328503e-03
1.490351122470963494e-03
6.147452276671272128e-04
1.882098734625527528e-03
4.388796292466855026e-04
1.745477426682083381e-03
7.681824795529934103e-04
4.877842919151049940e-04
1.220654613747264219e-03
5.306243984327310833e-04
1.464097821604238127e-03
5.477805148738829934e-04
5.792402748631377473e-04
4.807658335102373069e-04
6.504325467904520505e-04
1.903521768448003613e-03
3.609377883964977156e-03
3.489631826200210877e-04
1.156496240617517577e-03
1.028897430690933193e-03
9.758757258556615636e-04
7.339911955410334792e-04
1.416014351840209906e-03
1.410115828355286254e-03
3.006067791448789606e-04
5.583560054604639819e-04
4.459576797178378140e-04
1.619734538173593207e-03
4.947467487274578640e-04
4.609136114884619401e-04
3.545198410315188132e-04
1.129629370900546437e-03
9.062398347121301259e-04
1.439015096257227535e-03
1.919855482793672487e-03
6.998367046762481386e-04
5.230318419481694682e-04
9.838059400347212106e-04
7.497234937777128277e-04
7.108647139995664639e-04
5.256370699417660516e-04
3.181001820012430495e-03
1.044666395615860468e-03
5.170897552138931401e-04
9.881440957674909875e-04
5.276597956794863665e-04
5.940875593993496292e-04
6.211005709313293125e-04
5.924226735496368555e-04
1.557851332681359962e-03
2.045561625134903905e-03
5.547012584286494657e-04
5.356591380215023918e-04
