7.785411145238805035e-04
1.838291016346100398e-03
8.017453847070333487e-04
6.758268740754467098e-04
2.896861016839963917e-04
1.117382518576276853e-03
7.637996054145134535e-04
2.702035243416489423e-03
9.831632739268141800e-04
6.411926555861731944e-04
1.071452338402113487e-03
1.437432719725399927e-03
9.001145414542748979e-04
8.513395961344456288e-04
1.092431541556944949e-03
1.513126506995059054e-03
1.158314269944089132e-03
9.117696701488880876e-04
4.255330613897126153e-04
7.348639120429745512e-04
5.986823083882215468e-04
9.733004835134565630e-04
4.496591129667541005e-04
9.721335921403162971e-04
6.769836972226351288e-04
1.059722075529669029e-03
1.316044497825505149e-03
1.234372808967855017e-03
2.967549195074693368e-04
2.580607822939072309e-04
1.001612248752676041e-03
6.941916952146065132e-04
4.248798448340263814e-04
1.573452781713153550e-03
5.939671127577304940e-04
4.817293844717996884e-04
5.164302960921034321e-04
5.546258546929165893e-04
4.990052310052988304e-04
9.744245963977303483e-04
3.833269429933663583e-04
8.544978454534612154e-04
1.376929828809712528e-03
4.465554612397766338e-04
6.180812088466948549e-04
3.921909179135988602e-04
1.120993501808871615e-03
6.898601819884020350e-04
7.455335634770080466e-04
8.854895360273786712e-04
3.581804420494954133e-04
5.537849993030896948e-04
1.596789175729708497e-03
6.002983757242831521e-04
7.240561064009472378e-04
6.158939047351665117e-04
5.479175001056705045e-04
4.919633629687477153e-04
7.160555617996175156e-04
4.315085351625181850e-04
3.410028746085601889e-04
6.132737709307017719e-04
4.025365789872928932e-04
7.653221976409631949e-04
1.684561758633065006e-03
1.885327917370274373e-03
6.069931240224881418e-04
1.912383003342886436e-03
4.761416689690751969e-04
3.581423393196450687e-04
4.319028812775788659e-04
1.132723461815327926e-03
1.154759119454215176e-03
1.352611282671323505e-03
6.727518007049674686e-04
3.491344357212757595e-04
1.236984373391370124e-03
8.003183018579947128e-04
3.970177942346395875e-04
9.490173773982673927e-04
4.824859527587323140e-04
7.495131436570059329e-04
6.946852811787748239e-04
1.251502355663675851e-03
1.606218273181389588e-03
9.435610501239321190e-04
3.932782181819153493e-04
8.927263120369601174e-04
5.407426511411973650e-04
7.086129742809485184e-04
9.966914311041344485e-04
9.932456042375443529e-04
5.775892796744452667e-04
8.904312723620398358e-04
4.439366636968840991e-04
1.723465289830486413e-03
3.594701769317420700e-04
1.163570165449010234e-03
7.407525011124910328e-04
5.923863520903670373e-04
1.754178785523966087e-03
4.207574117130481587e-04
1.320755256096410417e-03
7.559137562986215867e-04
1.893427795333040790e-03
7.326434712605628527e-04
8.466303974224689746e-04
1.267126409855164927e-03
7.226376533496626066e-04
5.465387472172660932e-04
6.842352546397635366e-04
8.534344934486706247e-04
8.121939359400938809e-04
9.802418445390319920e-04
4.132705094408602436e-04
1.095169534204111939e-03
9.846578473721877191e-04
2.100633134473387040e-03
1.540936410336689235e-03
4.345023966216858742e-04
5.559738579849562729e-04
5.352211039865148240e-04
4.178098550419619269e-04
1.133717037827103443e-03
7.504181077279817921e-04
4.655352787621694290e-04
6.493792512193924610e-04
6.961447524515896376e-04
3.809547311186430290e-04
4.514209165186391405e-03
3.084301450013375318e-03
8.495020608085768416e-04
1.077644730420565175e-03
3.151037891386227830e-04
1.530969165378133143e-03
2.137601014890321005e-03
4.401307696972264218e-04
7.780520561425356045e-04
8.581626634833053931e-04
7.929606657707099354e-04
3.765778270526188372e-04
5.167470199579475305e-04
4.184906857777225182e-04
6.731334047557283040e-04
1.323082842908391253e-03
4.321210278045044587e-04
7.592774387998410144e-04
7.280200925829445786e-04
7.648919410490696890e-04
4.392063834614338123e-04
3.211817216738303686e-04
3.728026615743954691e-03
1.455884514896460709e-03
8.827662186232687917e-04
3.405538505823070658e-04
3.735004352771883421e-04
1.063071122376537791e-03
1.313103501624268959e-03
3.055338093797424579e-03
6.816311704787827086e-04
1.684486336771603239e-03
3.753903959757769844e-04
5.514259518757085986e-04
1.036494102330146961e-03
8.259689969896157058e-04
7.504521823060340694e-04
4.907200653480670634e-04
3.731752701072058552e-03
8.694486706650810751e-04
8.143402514791020681e-04
4.760734366583048720e-04
4.451791768736146869e-04
7.776900714034787679e-04
8.286736632908722451e-04
4.901389425026001509e-04
6.244261720727650820e-04
1.500087984103819043e-03
7.061897558206921364e-04
5.590643175822806359e-04
5.276742611253494282e-04
6.839876834351825202e-04
7.287941888616161811e-04
3.327870368011711841e-04
7.144291007740430138e-04
5.666156678915173963e-04
3.775790673117496101e-04
3.644065301940402520e-03
8.671168154974331693e-04
1.977584404158666716e-03
2.703106593424298241e-03
3.551528685266321962e-04
8.071378864762275823e-04
5.347831966421502659e-03
2.265653088524538245e-03
4.236782005769276034e-04
6.626561111347496974e-04
4.508336399915729054e-04
2.876112520541769632e-04
5.025383452546653166e-04
7.443235506089382943e-04
1.045775736273789639e-03
6.735173388250174096e-04
4.199763368244466082e-04
1.113367449078938838e-03
3.994966994123127862e-04
4.027394709886506353e-04
1.124436912451773568e-03
1.381575776963423798e-02
1.040772444115264234e-03
4.246600109482827866e-03
4.941554953056599047e-04
5.961443456200490225e-04
5.718750619371435742e-04
1.193637324045650119e-03
8.565255730346555503e-04
1.461081468273617723e-03
1.257736113235687504e-03
1.037814818709506840e-03
4.373231939500827063e-04
6.847875255558248404e-04
1.615814614152805574e-03
5.203086179208222910e-04
8.565255730346555503e-04
8.982078400209564818e-04
1.078182376638813032e-03
6.675385363464209076e-04
4.401307696972264218e-04
9.357808354637897185e-04
7.015716200325271745e-04
5.281353890121467118e-04
8.096230399328264516e-04
9.001145414542748979e-04
5.547075113569578490e-04
5.810579565680762176e-04
4.810688569627062238e-04
8.381904403665227030e-04
5.791721331039277046e-04
8.946216210542995255e-04
1.430441294209179549e-03
5.460925356272632210e-04
5.150865225008660273e-04
4.768154952218344139e-04
1.187107276479475344e-03
5.551048734746852169e-04
1.147059481460992137e-03
1.653559557668041278e-03
4.051151025074162379e-04
1.758682501394250898e-03
2.971479310828535180e-03
4.174887597821443563e-04
8.097957714189657962e-04
8.834512185353347348e-04
5.061785878419081033e-04
8.593862475893233530e-04
9.729826225853871642e-04
5.805208148421066089e-04
1.468052117383428353e-03
9.636505406073976382e-04
7.863323237132283615e-04
3.117037700563454923e-03
3.390599496288449139e-04
4.422422515933131034e-04
2.383976832676105474e-03
4.264963976544499540e-04
5.038618270384660107e-04
4.156235486272839581e-04
4.596594801129374281e-04
8.808405258444463584e-04
3.717019035484091043e-04
1.486205086395082919e-03
1.194868186986150277e-03
6.324256176274132332e-04
5.610427511986275937e-04
5.805298833675993225e-04
1.229105303480357465e-03
4.701888649449283619e-04
8.203761730644275286e-04
1.454191208483119517e-03
1.364819520999425431e-03
8.071995334282878500e-04
4.764632485999931795e-04
8.642649159275369447e-04
4.324875353380326463e-04
6.477535890564853826e-04
7.070451007119976650e-04
5.885499528012747873e-04
4.335724046231460935e-04
4.723733504046538807e-03
4.752953203162460570e-04
2.744892883455843824e-04
4.200774101122281773e-04
8.178888283241474589e-04
6.060892411832230009e-04
2.552694796771174421e-04
9.465651018123596647e-04
6.993293621486883693e-04
7.541231760201978643e-04
9.016910080944121140e-04
9.794487037085518842e-04
6.204795601568040319e-04
9.182641810465230585e-04
6.563719921227471237e-04
6.918071643488143008e-04
5.976052732102865020e-04
8.247904605947451199e-04
5.138500996413109846e-04
2.259464637655678404e-04
1.377278117011227323e-03
4.944581107626651274e-04
1.142239643239757437e-03
7.822993539483970391e-04
4.521174561489937752e-04
7.097272149527194185e-04
1.096665156779337395e-02
5.927944663687754155e-04
1.597188676902747432e-03
8.277344106674338698e-04
5.060380358468510907e-04
5.649810203444145112e-04
9.585931053200494366e-04
9.013652628351506713e-04
8.569060239990209217e-04
8.112681212225794723e-04
2.080085157179625073e-04
5.939131868228695156e-04
5.424748320553336332e-04
1.341394711774140805e-03
1.815017514248114076e-03
7.513041889979395335e-04
5.866308478283075454e-04
5.553666828635259872e-04
7.289458073545770130e-04
7.890089748865512656e-04
4.881777091523916605e-04
2.389346337376545629e-03
1.289880262135925356e-03
6.831356750525249171e-04
5.831310819997591668e-04
8.368879337729349770e-04
2.785794531340029124e-04
1.207370746559577757e-03
5.561151573685792519e-04
6.016973419841280778e-04
5.371758727224012694e-04
7.071966548509639244e-04
7.314200886866216184e-04
4.277208790215250881e-04
3.620376807277967800e-04
6.269986210173322068e-04
3.830139851816982926e-04
5.247860312068967263e-04
8.955731321601828479e-04
6.151408186547995720e-04
1.063365896018883582e-03
2.311426757174505926e-03
4.402419406444989399e-04
8.135708918030745349e-04
3.095875384698339909e-04
1.078213505043448643e-03
5.316709000652480649e-04
5.280375222613173901e-04
7.020742436563126966e-04
8.495020608085768416e-04
1.067753169814399800e-03
1.163570165449010234e-03
2.972033370677105123e-03
1.051645434548304165e-03
6.124838135076275105e-04
7.015716200325271745e-04
4.664621761427744187e-04
2.373892541282801192e-04
1.103310333709678305e-03
8.890114823336312498e-04
5.131139556281451297e-04
6.900653560078245799e-04
4.950319238451226329e-04
9.338872101949053164e-04
5.972205852685365203e-04
3.962612597975392415e-04
5.837462111788623790e-04
9.841573047675346037e-04
6.614480403550839936e-04
8.492158883297789380e-04
5.200943628172520700e-04
1.369062596373176854e-03
6.067072696333735207e-04
6.544210463808016257e-04
1.029836265467260707e-03
6.348864205217488038e-04
5.129390047476774196e-04
7.261797508417110886e-03
1.788362559469825874e-03
1.392162710942108743e-03
6.465102704033152872e-04
4.586234115577829873e-04
1.384364170587083645e-03
3.669316614203001225e-04
2.585766470930853968e-03
1.079450444005386738e-03
4.583127805585368586e-04
7.388552885468706007e-04
4.664614977595771456e-04
1.707805783556692793e-03
5.741577772951857346e-04
5.274681806410006510e-04
6.893496524057714583e-04
1.081078569138318145e-03
4.188110193691685400e-04
6.442618846387526904e-04
4.172010072213953760e-04
5.091421150581140493e-04
4.212534413101090211e-04
6.060892411832230009e-04
7.388552885468706007e-04
2.817730951466034060e-04
9.508835999470173278e-04
8.927917711492851455e-04
1.761646015241742072e-03
2.475666959095373064e-04
6.385351404848846552e-04
5.681556728764457350e-04
5.503375342727880384e-04
3.292336660317186654e-04
1.469727209823179547e-03
1.500710110984756259e-03
4.008526358098572274e-04
7.728997832232744995e-04
5.204310992972007973e-04
4.582904655767150708e-04
6.821809986261983400e-04
6.287131483288510830e-04
1.202219791139708680e-03
4.186616597748526666e-04
1.407516129908590761e-03
8.107199640074887453e-04
9.181293483313927601e-04
4.581251529005849702e-04
7.801389742775479514e-04
6.670685125351722257e-04
5.396347745268551856e-04
1.275579597625132533e-03
8.017453847070333487e-04
1.070401774295823326e-03
6.839876834351825202e-04
5.512865613626281554e-04
3.104498549621014631e-04
2.725982638221623178e-03
4.349305687199179322e-04
4.304957334610632377e-04
6.177719499629798390e-04
5.959115848550303662e-04
1.504700359929386083e-03
3.453589906103774008e-03
7.763072680585744213e-04
3.025773863452849198e-04
6.790106170841950142e-04
4.644075739302033984e-04
3.361491640668328698e-04
5.428919977962942548e-04
7.499606167865052611e-04
6.742689451480085800e-04
6.803647881914480153e-04
4.324875353380326463e-04
1.368840857479823332e-03
5.001690099514561781e-04
3.172130143213788812e-04
2.822683368730167478e-04
6.732726971076471480e-04
3.845427060108694717e-03
5.153293725322408668e-04
3.880794805371689713e-04
9.063414646875534797e-04
1.911621380739500758e-03
4.378022547541663236e-04
1.227019276330533308e-03
1.329419434889889161e-03
6.608781341519315853e-04
4.868078212624239688e-04
5.233287484496348301e-04
4.976464728998720652e-04
8.686409088934217383e-04
3.728026615743954691e-03
1.462465073345769811e-03
6.619999984534733579e-04
5.483567154013674382e-04
1.063365896018883582e-03
7.119254170627226531e-04
5.122124574151726414e-04
3.780303615783860583e-03
2.894053317970228111e-04
3.707402114236830765e-03
5.079745152961555842e-04
1.484778481022056137e-03
5.805298833675993225e-04
1.011656197122938299e-03
4.652417052175328348e-04
9.206128365237385312e-04
2.725982638221623178e-03
3.349721357505799435e-04
2.333033597992513562e-03
6.151823288771319414e-04
8.378317512409393921e-04
1.147913823916333351e-03
1.063071122376537791e-03
4.708777353008897540e-04
1.229909740139900924e-03
6.240253901990795932e-04
4.354475472610935859e-04
1.197046062118094526e-03
4.424294990280681515e-04
3.408993760659542217e-03
8.328299657576564543e-04
4.601844933023563583e-04
9.537484038917718376e-04
7.607984173832471348e-04
2.557326850593884997e-04
4.810237790756464083e-04
1.513126506995059054e-03
6.918071643488143008e-04
6.734797009328378613e-04
6.275664010463062733e-04
5.086341646151335862e-04
1.232975101789179385e-03
8.658041216177888308e-04
6.202783707933714162e-04
7.560133231547459505e-04
4.188495032973405452e-04
1.000012870407152163e-03
9.812666693989192772e-04
9.941390537494989958e-04
7.168073187263734967e-04
6.151408186547995720e-04
7.707438536701300856e-04
6.394111007329749069e-04
6.399696440535455194e-04
3.141912409310708984e-04
3.132513372841836145e-04
7.460789972169126240e-04
4.761338095759038228e-04
6.681759380009529709e-04
3.588283577475789572e-04
2.537390233227618686e-03
2.989248492184807464e-04
7.087676942341337343e-04
5.332552384468790523e-04
1.221520855432160465e-03
4.725414899314783496e-04
2.515207227601737577e-03
8.344485821166369071e-04
4.740363477707758809e-04
8.811682164894912546e-04
5.087991284153452979e-04
9.574360169258996217e-03
8.325389997779446402e-04
4.198646318752421156e-04
1.204476795902127955e-03
1.470826198881546379e-03
8.392297525942451000e-04
9.746201882077351391e-04
9.608080324196874387e-04
4.942143423083708662e-04
2.835704426790166665e-03
1.658842729458131484e-03
7.386058293088068822e-04
1.424590738586593028e-03
4.090532969397915370e-04
6.972906362684525711e-04
6.185025689803878108e-04
5.653121122423121220e-04
2.217251438570038303e-03
1.094571959940547970e-03
6.850033030974307267e-04
3.298641413118738488e-04
4.985436443811413825e-04
1.596086150880273802e-03
6.279964024363150895e-04
1.339765247238541195e-03
1.865965177139607481e-03
7.710582282836569816e-04
1.286283857239967857e-03
5.439844425250544300e-04
9.647814118850900041e-04
5.471986425922423713e-04
2.422976658706819855e-03
7.595553228822615917e-04
1.857235427050316816e-03
4.821159669196360860e-03
4.286683877367769807e-04
5.397063669894517799e-04
8.674932955803097909e-04
8.363703323880569826e-04
1.132723461815327926e-03
1.596789175729708497e-03
5.127388731539524571e-04
5.486697459466427810e-04
8.928550691397400645e-04
4.054261609619498954e-04
2.106206231341075426e-03
4.505902039710376586e-04
6.034014872026676867e-04
6.059742042327416218e-04
4.428286223322336888e-04
6.601401943918284044e-04
1.083458705530133915e-03
6.893528281090314982e-04
1.437550077555957428e-03
3.963129373757419784e-04
1.394818821860463942e-03
6.387859893098708991e-04
3.912402891367737696e-04
3.783957594772698226e-04
4.960588922831555246e-04
5.571234455250232039e-04
4.235038182885795155e-04
5.352608898153876811e-04
1.707805783556692793e-03
5.234772826100324381e-04
4.729795655441513852e-04
9.396804509623300078e-04
1.375474332126756230e-03
3.914374967904112848e-04
5.653483474096695225e-04
3.654832040203640766e-04
6.893528281090314982e-04
1.491308900614133834e-03
1.561481624286324872e-03
2.520632583683912915e-03
7.022624489891799750e-04
5.207693957560609798e-04
1.467968722720791250e-02
3.616660085597092188e-04
8.706875406742825606e-04
5.986957782070751258e-03
7.719146238649605149e-04
1.037814818709506840e-03
3.593975762518579866e-04
1.111373403044771304e-03
7.015716200325271745e-04
3.090577207709012484e-04
2.291676803745289377e-03
8.071671627447651659e-04
5.742688903107729791e-04
7.198508167776497069e-04
9.670112917139591291e-04
5.706538394144181417e-04
1.462433512674888398e-03
1.161464094133582946e-03
1.096153479964380624e-03
3.761189648025007964e-04
1.272957004447105352e-03
4.843180275127845517e-04
1.317145693243624216e-03
1.073802650113540695e-03
7.938310754010842983e-04
8.969645282866024923e-04
7.566229349294336564e-04
9.881484160254234202e-04
6.179973284168208776e-04
1.845703941103065022e-03
7.671297956209960269e-04
7.513041889979395335e-04
7.741920538139443388e-04
6.891603013265592669e-04
2.035908099973773519e-03
1.718079460036690776e-03
7.147371530605621743e-04
7.670289124316497691e-04
2.428132824198761270e-03
5.185970202261270699e-04
5.288660185289755693e-04
2.161990956094063322e-04
5.320027392490359617e-04
1.036190867708356974e-03
3.682071366233193813e-04
5.455942359150937155e-04
2.669700819981612994e-04
7.582331822468644936e-04
9.810341918412600944e-04
3.248913285406303166e-03
3.707740982129870979e-04
1.238267332380314821e-03
4.082947590706824674e-04
6.162208906551173721e-04
3.853620866923348847e-04
5.547075113569578490e-04
1.696649673605716288e-03
6.339041698553982140e-04
1.325734304428803200e-03
2.334863713677148150e-03
8.065697879469550064e-04
6.435748258894976453e-03
4.481846579260298090e-04
2.750332047191798618e-04
3.416919541099571974e-04
7.364549545511416819e-04
4.933720802674197237e-04
8.655792817825057502e-04
4.953200604221059521e-04
2.406945948459548925e-03
5.215197191267019992e-04
9.574360169258996217e-03
3.811605181145686261e-04
7.285891827165492203e-04
2.329014497850289984e-03
1.041973183247583198e-03
4.589984021294516033e-04
8.958206397293441226e-04
7.418976078808901982e-04
7.287370122288662749e-04
1.065096967885060695e-03
2.534985869299996152e-04
8.805180705809890259e-04
3.135804802528895292e-04
8.579864720362527855e-04
4.477587199993621919e-04
1.932233239306743039e-03
1.628634737722697281e-03
4.140405388998504303e-04
7.071618651096197791e-04
1.200534246617813256e-03
4.082409146397107495e-03
5.091421150581140493e-04
5.839380914935631516e-04
6.742689451480085800e-04
5.796248982275324386e-04
6.340439362466388515e-04
6.421978411450414816e-04
1.937011916833032655e-03
1.020688869703216409e-03
1.138094261248456980e-03
6.220080628167554441e-04
1.156035258856133929e-03
4.203963450478980413e-04
6.318649992776399034e-04
6.196426559366228354e-04
1.198755141037138915e-03
9.507926792526033826e-04
4.739674375630916056e-04
7.174887245727342355e-04
4.211533594871277940e-04
6.312588140986064456e-04
6.839876834351825202e-04
9.690826218570124063e-04
8.570015155409253012e-04
1.029968832989228405e-03
2.937896465630634806e-04
1.783407231154096389e-03
4.000905729788843093e-04
8.763447581806163090e-04
3.024238760424081724e-04
6.842352546397635366e-04
8.972015634101302133e-04
6.796914253413876075e-04
5.202755507264953880e-04
3.732218603191161011e-04
4.727091991920929722e-04
2.458835359885442012e-04
1.010908189882388274e-03
1.011663860679154134e-03
8.625958583303912092e-04
4.248798448340263814e-04
1.772881434178466206e-03
4.563786710968305727e-04
6.183217179596680810e-04
1.041866836986797811e-03
1.206679988805648470e-03
9.118613899541357440e-04
4.723733504046538807e-03
3.990480867655126808e-04
1.967190204105222695e-04
8.137401047977827276e-04
5.491735942157414127e-04
9.737694761918777933e-04
6.931118140710935743e-04
1.147913823916333351e-03
2.884060697908232430e-04
7.787856434196565973e-03
7.219727244577469174e-04
7.638056774639536382e-04
1.290429787741947248e-03
1.672006528944970909e-03
7.723127287590117289e-04
5.808303783414519791e-04
5.424130898196078592e-04
6.434961302173628460e-04
5.888213995129596128e-04
1.156480790342643639e-03
5.102469807127720663e-04
1.232975101789179385e-03
1.292691079965133799e-03
6.372877030902997925e-04
8.459193558774747226e-04
9.302786041815524305e-04
4.795459915817931870e-04
6.432550487986343161e-04
2.141437164608895900e-03
8.734750584492098494e-04
1.630307257692531486e-03
1.446389547328709663e-03
5.787922683465270305e-04
4.356127178614051286e-04
1.697928823346574537e-03
5.853965372951669801e-04
5.439935211739192929e-03
1.785502848699378363e-03
6.565414814359274345e-04
5.595184783340109149e-04
4.498021012261916142e-04
6.311110002079844093e-04
5.019610612234762540e-04
1.468429821165715982e-03
3.137899719069700251e-04
2.431725812259380448e-03
8.866506009141580632e-04
8.958290102914038015e-04
1.359727340962803375e-03
3.042349427792586476e-04
4.537301482260930829e-04
5.866308478283075454e-04
7.428353116485103417e-04
1.558683026531655072e-03
4.906640000755582969e-04
7.768769635729004183e-04
1.771599177414483065e-03
4.286683877367769807e-04
1.752228918324887042e-03
4.476664375590968582e-04
2.406945948459548925e-03
4.233008352334634359e-04
5.244257708221714128e-04
8.772532350259475272e-04
6.771699925781090408e-04
8.718571501639391964e-04
1.380981307988686946e-03
8.708335189754606983e-04
1.104649504141749696e-03
1.086777044632135803e-03
3.645001632194206417e-04
6.357970401006900326e-04
8.219667542191362933e-04
5.227814940153187187e-04
1.154804699934549065e-03
8.848040073023896984e-04
5.886875352572337825e-04
3.915583746852871038e-04
4.790496377012035839e-04
6.175057886013665719e-04
1.446237054095063672e-03
5.338127628126573777e-04
4.892179358362132259e-04
7.781630496066578757e-04
2.040890721887829960e-03
4.354440937027618586e-04
6.847803839373120234e-04
2.676365306984255501e-04
5.887442525801426596e-04
1.013164660470799788e-03
8.580920215346912088e-04
5.070451203888269674e-04
1.444019111589288536e-03
5.883601296067551356e-04
8.443730327124069355e-04
7.917896800173313899e-04
3.528726461664103906e-03
1.078303519471729595e-03
5.434502408480397636e-04
8.314200857678130229e-04
1.176717397879124480e-03
4.998327248405536483e-04
3.971751697314624915e-04
6.510267973872229524e-04
2.775945189257430731e-04
5.300183654113612645e-04
4.129345418004228864e-03
5.101860731839606656e-04
5.078955368120988568e-04
1.015726064043399922e-03
5.811500703038222299e-04
1.547734493571792207e-03
1.591936269744937717e-03
6.936672162174064172e-04
1.477155506881159402e-03
4.059429372630037644e-04
5.627740442601770554e-04
1.018742457219050813e-03
9.043017068229538321e-04
8.063346463468049844e-04
5.597378609331901201e-04
1.430556854978141815e-03
1.073418373552943381e-03
8.325230755911210883e-04
2.039952539711520525e-04
8.772532350259475272e-04
3.759479231502800794e-04
7.153382939094425066e-04
3.960443232378021029e-04
7.300908788089462663e-04
5.923411996653819107e-04
8.039047128527991755e-04
6.019583783717914575e-04
5.434680569521652821e-04
7.582072404900842269e-04
7.212614223573908740e-04
6.232900835678196333e-04
2.042226266853975399e-03
7.989393781813392470e-04
6.321788346911084988e-04
3.248913285406303166e-03
4.271589797224926055e-04
6.851802976148150311e-04
7.211422725115720390e-04
9.574360169258996217e-03
5.609716434970949718e-04
7.555960632928386154e-04
1.656490735280310642e-03
5.750506133266720206e-04
4.422033963007447241e-04
1.079217469643147008e-03
4.219282755882908654e-04
4.397371647453554274e-04
3.379257746148394900e-04
7.758523828288579676e-04
4.082947590706824674e-04
7.779951441940111904e-04
1.055728894454377887e-03
6.830449336806226728e-04
2.376546531564438514e-03
1.147913823916333351e-03
4.700883117289718621e-04
4.444579762725152936e-04
5.975932268078354209e-04
7.756781500560119098e-04
6.058747701340801584e-04
3.327870368011711841e-04
9.182389606689976254e-04
3.845427060108694717e-03
1.719600875573924293e-03
1.420248906605659075e-03
3.601559511218462907e-04
1.570311285925611979e-03
1.077697588955215616e-03
2.431725812259380448e-03
1.682882931804704921e-03
7.290941338482702589e-04
1.044769224756319538e-03
6.500933211273145435e-04
1.276014425502390711e-03
8.671168154974331693e-04
4.074998226060555615e-04
3.350600928258541883e-04
7.324765241340009834e-04
7.860776816151059804e-04
1.508943380023101098e-03
4.335209203401747943e-04
3.326959944892546035e-04
1.539028080706781329e-03
1.068202962176253903e-03
5.401636563341389186e-04
1.118704594972169284e-03
5.897127329779952966e-04
3.605580438300334876e-04
4.033183378123531807e-04
9.023344603054934531e-04
5.613670351419322319e-04
7.176419978477283643e-04
5.744299780447981434e-04
1.590135883960499315e-03
1.141549565242094399e-03
3.028010088518506794e-04
1.504358399435273830e-03
5.280375222613173901e-04
1.342826235994368017e-03
3.358228383859881809e-04
9.792957398788043090e-04
9.225888733292794555e-04
1.147913823916333351e-03
4.836524244172258073e-04
4.691970341513036118e-04
5.063207265273285233e-04
7.053226958695354770e-04
6.534190869491963505e-04
1.391957516385187738e-03
8.094270252648992636e-04
5.939671127577304940e-04
1.339056535208267172e-03
6.717197872492669530e-04
7.414342208072060864e-04
6.770904321160850850e-04
4.422669492787471043e-04
4.353502173159961826e-04
5.752633081644903564e-04
9.148892376411065560e-04
1.142729690590166530e-03
1.133599601718884246e-03
6.558319075532306492e-04
1.175368865959585708e-03
4.224125355223718836e-04
7.831748176147484541e-04
4.844963517189181004e-04
7.167196342586601258e-04
