1.525645469544840028e-03
5.214644961263947614e-04
5.580254631569961246e-04
1.119488572899724269e-03
1.274548494740352332e-03
1.007122516100368657e-03
4.381641391905452673e-04
4.415719609283297775e-04
1.313598734003097041e-03
1.081138442034729067e-03
6.075547466131772656e-04
4.045404568598682409e-04
5.295836132511968141e-04
6.192600584816640137e-04
9.011985158543963899e-04
1.721591184312772256e-03
1.032847331617263095e-03
5.039872435804337207e-04
7.713338776269459659e-04
5.512649557454662617e-04
1.206223284648165039e-03
1.275027084928086456e-03
8.081155539013899075e-04
4.989855608556066071e-04
1.097688628417539886e-03
1.232086322705990911e-03
9.486776160269039509e-04
5.465643904574703183e-04
1.733676821627188561e-03
4.878404725249995072e-04
7.684667441907917654e-04
6.681749521337491254e-04
2.627733573299883413e-03
6.310809377836837245e-04
7.708155080125077101e-04
8.465318758733494106e-04
1.192018836933365694e-03
1.833495448416607105e-03
9.851680033951652499e-04
4.220865338264284932e-04
5.875515023705126611e-04
1.172043579160592531e-03
5.121130334919983670e-04
1.188775252595000893e-03
1.101167521642157322e-03
8.490632729130875812e-04
1.282409115010310283e-03
8.320948526026720766e-04
6.055198128176570403e-04
3.833120074711339736e-04
6.327179138904359635e-04
1.201090738612319020e-03
4.968898135806174053e-04
5.606701813493950113e-04
7.094751495047291190e-04
4.168187655896764591e-04
3.380657489957568785e-04
9.582328807782330591e-04
5.070944107712034360e-04
6.742604196730676586e-04
4.412965122431168857e-04
2.312380725427626120e-03
4.695474886281170352e-04
4.816408055157979200e-04
9.962459298960644333e-04
8.520558614810088164e-04
1.061556780327827703e-03
1.078370910870533233e-03
1.809211249518610223e-03
6.146872559408851763e-04
9.608044849261532672e-04
5.248533806004920246e-04
6.322257792870292605e-04
3.172268266110689155e-04
1.549406276881745313e-03
9.927845602934251817e-04
6.084490606123796460e-04
1.826752508781169819e-03
6.797153413905644790e-04
8.904711307992244172e-04
2.681609126284792248e-03
7.974895324226582288e-04
4.474581817797202614e-04
9.751282671038268143e-04
1.274548494740352332e-03
1.170025066891296640e-03
5.628267057104725845e-04
9.307597901034748034e-04
4.917402431801710461e-04
3.892135435269154938e-04
8.917296201831879671e-04
5.068182785712000956e-04
1.590548546417437344e-03
4.806721726540258096e-04
7.072919720200538307e-04
6.609794825535172339e-04
1.748598228984775014e-03
7.667928711951789043e-04
1.651921824605108143e-03
1.229892130248537224e-03
1.467993123972252288e-03
3.197882457585672460e-04
4.343081949708422628e-04
7.054306533055599866e-04
3.597111943117292762e-04
3.469988823948620509e-03
6.707032874640726523e-04
1.914912959942312006e-03
1.152706953394145835e-03
5.908510653974626036e-04
3.135966438036075633e-04
4.846630758244619211e-04
2.064512104953699061e-03
1.758007953797687331e-03
5.964002919796257754e-04
5.477318567610544404e-04
5.599726088521906134e-04
2.139132151561723427e-03
9.967333452881859280e-04
8.165842243860753401e-04
5.114782503666601273e-04
6.261700302850625472e-04
1.501734704949556857e-03
6.497044893969074111e-04
8.815816388953465546e-04
4.729664438524158786e-04
4.799456534050485054e-04
1.551328509824199823e-03
2.699384513439717485e-04
1.716956561836079347e-03
1.790021729416206185e-03
1.756352758747373611e-03
6.659456041835032846e-04
8.560337012207865906e-04
1.306625351785199339e-03
9.772863428815679269e-04
1.862007841313685109e-03
1.261554895292431354e-03
1.566740798095163150e-03
7.621143664199104065e-04
7.021888335034781169e-04
6.316162043871774217e-04
3.883715685836255341e-04
4.533553066379327769e-04
1.544176523828013703e-03
6.755073778730016562e-04
1.433663817724367120e-03
1.759078597676567816e-03
4.888979955143046363e-04
7.716849068860346045e-04
5.193379398102509212e-04
1.050516667919102875e-03
4.076091048464229594e-04
6.359659771167557258e-04
9.031769020312638112e-04
3.473141223702285222e-04
3.018881753935432483e-03
7.971160267935576641e-04
6.109746398144167475e-04
6.373617837733271899e-04
9.069721567066530007e-04
1.101723544311566504e-03
8.154049455238556506e-04
4.325192398919694859e-04
1.097458848277004786e-03
9.843773098324373055e-04
4.693749576435950069e-04
7.347004523794256094e-04
6.797153413905644790e-04
2.177007319976537788e-03
6.325695302287271705e-04
5.945634020076141476e-04
5.857011995874254664e-04
4.819837656349223337e-04
6.937649813122204277e-04
5.232113225464780134e-04
1.351991805177806894e-03
2.150750806848213993e-03
5.723506250073753972e-04
6.055198128176570403e-04
9.219531598732753040e-04
5.678496462291830575e-04
4.021984566593370461e-03
1.224419556611831090e-03
9.764754629892825237e-04
2.811524266025248846e-03
3.695663481054523871e-04
6.792168854640348412e-04
3.377222875717357281e-04
6.650074199959927481e-04
4.802211865311566998e-04
4.424439982192101368e-04
6.331659429363475878e-04
5.208922587987404804e-04
1.458069985445025482e-03
4.031739314705021812e-04
7.786628690356373495e-04
8.820766305118006231e-04
6.276307824849408894e-04
5.234859431157091927e-04
6.943923213510476075e-04
6.135189508582818314e-04
8.049245227145004206e-04
9.556089461688662811e-04
1.505454604075457010e-03
2.523642574221428205e-03
1.582608746607828401e-03
1.888931465982723054e-03
4.502833468968642596e-04
1.607153582344321256e-03
1.581022779812677609e-03
6.525347509387823723e-04
5.288188671224459134e-04
8.854482958527915351e-04
1.799667150148229157e-03
6.395837753407499285e-04
7.848658623119402107e-04
6.302670773872374619e-04
3.653706421489991293e-04
2.315742488020740113e-04
2.397372206392409122e-04
9.963054517510565485e-04
8.940396733651953184e-04
1.367573286158813191e-03
3.405824087384684454e-04
3.343003964007360690e-04
4.643103624908082082e-04
1.037786710595287650e-03
5.151452747084896274e-04
6.209775074979200860e-04
1.064237939015967192e-03
8.697646630712822097e-04
5.589396610462689895e-04
6.049787634471225171e-04
5.070133946170623943e-04
6.337723977123494931e-04
2.573336795224724464e-03
1.044770654383889510e-03
6.392341066710694646e-04
8.843085543432161778e-04
2.120698881665991804e-03
5.200049673851627700e-04
5.553189742175707218e-04
9.156485179194339286e-04
9.943329022967485002e-04
2.811524266025248846e-03
7.900011663444844387e-04
7.231321723200716516e-04
8.335362721248275103e-04
2.140308811194495311e-03
9.069721567066530007e-04
7.119840281145013196e-04
5.831696674686369201e-04
1.027502556599266259e-03
1.760412675770232785e-03
4.197876383768087962e-04
8.663168382676888829e-04
7.003624088046378742e-04
8.303962887328586494e-04
8.023560908315685580e-04
7.630411072362619724e-04
4.906145155609054932e-04
1.045122081583371373e-02
8.224021162754774914e-04
5.494836686303352594e-04
3.459818201897881364e-04
5.469432019933975243e-04
5.302341885911968913e-04
1.796870008517640260e-03
4.550513256626692398e-04
5.201509622896354932e-04
8.997876764039143072e-04
3.726454565683162017e-04
1.477792047018603762e-03
5.543615685190073300e-04
3.217709874811205267e-03
5.345898198302629495e-04
4.744359508892193543e-04
4.458693192669311938e-04
7.394313026774502985e-04
2.667861056777868969e-03
3.671502518191701778e-04
9.625171996872523839e-04
3.895353825119195895e-04
1.484180711878135524e-03
1.755946975545911830e-03
5.742812052825233471e-04
8.623823305614161010e-04
9.313579950653768378e-04
2.248885659121171651e-03
1.392696771306221925e-03
1.015182029097610279e-03
4.042832922878238457e-04
6.004345379826711657e-04
1.017244884972494422e-03
3.321116395021962123e-04
2.097475760989714506e-03
7.799488921333739373e-04
8.091036120482745109e-04
4.710316839043482027e-04
4.682547302223740836e-04
2.447430325522398972e-03
2.308895035833872806e-03
9.327851231825018451e-04
5.654043583043767652e-04
5.285524067297869529e-04
5.788919463385548258e-04
1.520983979367718057e-03
8.564454077590958605e-04
5.751822088168955611e-04
4.603490937813005217e-04
7.472031433351122203e-04
4.510076290110640604e-04
6.623504630881502098e-04
1.207856079448642967e-03
1.056103824866495497e-03
5.446305351499565158e-04
1.369588152533970189e-03
6.568993605784990931e-04
9.310575466238828765e-04
9.069721567066530007e-04
4.102827474177336473e-04
8.691981762386834318e-04
2.316782367541226815e-04
3.256654479572193800e-04
1.440859002039477808e-03
1.342596264543239248e-03
2.575326897082821399e-03
5.295175822407270595e-04
3.893594799791252220e-04
6.310809377836837245e-04
5.221674968055920298e-04
5.624411502036959481e-04
1.648071703020281831e-03
7.016670598635689655e-04
5.448767536362249513e-04
2.450005349635305408e-03
8.292881979955659798e-04
4.704080647218036675e-04
4.210600149918781922e-04
5.257361414920641140e-04
5.939397928128131547e-04
1.367573286158813191e-03
8.212070185537447085e-04
5.467178003651235185e-04
5.853808076268187570e-04
1.512961660599872063e-03
8.283592334199092440e-04
1.936412678346184114e-03
1.255739623219470028e-03
5.279091366368338090e-04
4.870056726917267476e-04
1.029213017750834616e-03
4.003059172745180032e-04
7.486860249849717000e-04
3.563201677628365961e-03
2.838016847060843405e-03
6.733739602964571589e-04
6.468802384741459887e-04
3.835557542498883453e-04
7.490450242405205560e-04
8.513652771858251601e-04
6.020446647769785121e-04
7.878753246636558240e-04
7.981648052697842008e-04
1.291264790394019849e-03
5.446969428779485731e-04
6.459248264809243660e-04
6.543324025524151037e-04
4.191137547495223581e-04
8.124628781247078373e-04
6.713203740842400282e-04
8.903656809397844348e-04
6.128901212350638126e-04
1.406845115237557661e-03
6.035297497560848006e-04
2.605400267702430005e-04
9.528061847078214642e-04
4.777604880901600327e-03
4.126095260529433727e-04
6.601104586569136578e-04
1.440859002039477808e-03
3.514969428488413429e-04
2.206085528508375943e-03
5.593065529541209422e-04
1.709948261513047308e-03
8.114657394574328235e-04
4.746995096529381549e-04
1.498774564702168082e-03
4.440802478341318691e-04
4.800656227457767724e-04
7.764653863365125318e-04
2.033251921450530703e-03
9.643632960177062063e-04
9.528555349778567839e-04
8.572045733141208691e-04
6.878526628736813739e-04
3.447223381901922540e-03
5.442442707417416772e-04
4.983837269291435364e-04
4.115414430266421957e-04
9.664520425324060054e-04
9.004844319478892472e-04
1.052783062425554370e-03
7.708155080125077101e-04
1.044245608503419380e-03
8.107804422329141199e-04
9.441866909518702253e-04
5.404971805992388233e-04
1.233579044416606083e-03
7.560431508873922870e-04
6.610269382240473862e-04
1.524708915665449116e-03
8.285595202222441683e-04
9.562318361564174207e-04
6.636201083028176340e-04
7.532204241721173268e-04
1.651428290260025791e-03
3.297361218090633182e-03
4.191298794805153535e-03
5.387612159887364589e-04
4.345302299258205453e-04
5.488958675420053382e-04
7.595753863791635451e-04
5.120551435807165191e-04
8.053719336699032569e-04
1.091904820005004531e-03
6.133145689623960804e-04
9.366301937663071807e-04
8.385267279423044449e-04
6.384399272285593181e-04
1.296755015310480010e-03
6.693571682110377452e-04
4.188790086272511882e-04
8.077909101713696581e-04
5.862875188057456574e-04
6.520945121705381663e-04
1.544251597156083870e-03
1.477498803525949603e-03
1.783451491962648270e-03
9.664520425324060054e-04
3.774487810940307725e-04
3.895353825119195895e-04
1.695601873938459500e-03
3.914083090069733198e-04
1.148609464753777218e-03
4.532864284585147170e-04
8.505260668614934415e-04
4.317539713936827746e-04
6.913760854520049036e-04
1.082706379585242048e-03
6.558078903339089249e-04
1.345861165204015894e-03
1.293605229031554761e-03
6.020446647769785121e-04
6.851179168949283159e-04
3.463018786102472503e-04
2.692286793464579095e-03
6.633576918009312633e-04
2.165240606687827713e-03
1.798138147513982706e-03
6.294163831122267768e-04
4.631842608652429836e-04
4.026118408824675907e-04
7.899966608211095873e-04
1.478099722432727435e-03
7.400389033323450608e-04
4.935432412427248399e-04
3.055022317229832258e-04
5.171585904316163430e-04
1.205918811891041643e-03
9.836029629506366345e-04
8.700888288528964547e-04
5.380345063349631666e-04
1.547832235133144579e-03
1.342596264543239248e-03
6.595427242407600780e-04
1.862553613993178430e-03
6.175531056008200410e-04
4.062940299909418608e-03
8.788260156165347359e-04
5.346133436598255037e-04
1.198805173433956702e-03
1.193577302401197318e-03
4.531672868236817013e-04
1.564140948075608576e-03
1.207282624729786842e-03
8.935491101949910369e-04
6.327244002359310761e-04
4.682742142238789478e-04
7.399801772124768974e-04
2.012823626547180847e-03
2.668397098488610041e-04
4.643604601154159616e-04
1.088886754407887352e-03
5.272609099956584609e-04
2.552858239937970831e-04
8.904051486530485671e-04
5.769661161640915210e-04
7.177915256007604645e-04
2.552858239937970831e-04
3.122296837754351666e-04
8.166008253077705918e-04
1.747198615685378268e-03
8.662760635338734999e-04
7.903613845118894008e-04
7.123657045529316898e-04
5.168321461608083381e-04
4.738593232267851040e-04
6.060253000065566513e-04
1.179819417157355887e-03
4.240499959930993205e-04
1.012147654107740328e-03
4.058948864217174000e-04
6.881569513474036217e-04
6.503892221307699647e-04
3.395243306257998066e-04
1.775738507693963054e-03
1.072845688838525505e-03
1.874905564664374564e-03
1.423233166942698040e-03
8.854482958527915351e-04
4.451585297900380886e-04
4.526590825366947138e-04
8.768819461913249800e-04
1.112475997284117623e-03
2.304552782157054044e-03
1.514938980543860478e-03
1.103672479720285617e-03
4.267887062740350181e-04
6.853405919631681484e-04
5.218471327930550687e-04
1.286236620247975223e-03
2.119959083911220239e-03
9.017007292988955423e-04
4.833755194513027448e-04
1.965348615940411096e-03
5.861613998410246298e-04
7.328438421046614510e-04
9.397112136810640290e-04
4.461226855636546418e-03
1.460348958209454475e-03
1.299616616150874428e-03
5.395253955498643559e-04
2.595743682659682437e-03
1.045122081583371373e-02
3.661594125939985223e-03
1.243986168531742908e-03
7.806164809271108878e-04
1.312585979689696782e-03
5.560301759531951571e-04
1.177532732216174209e-03
9.301456756448112095e-04
4.880320270922485892e-04
8.820766305118006231e-04
5.457212243524054568e-04
3.602991642662732867e-04
9.666861151066589259e-04
6.420364962709920915e-04
7.096520526856152714e-04
6.192087251621080941e-04
1.088194326979849890e-03
5.691486599473623894e-04
8.201847077145767812e-04
2.126712357554145366e-03
8.750713014112734877e-04
7.334643780933436039e-04
1.631427736997162047e-03
4.470742561241547041e-04
1.107527317172468488e-03
7.772842391563775837e-04
7.027267246332697097e-04
1.781454852416459490e-03
5.941801219834341296e-04
9.546310507340060279e-04
7.287199024912094369e-04
4.869365169493282755e-04
1.487498415733647886e-03
4.070644063910349776e-04
7.018013900424548753e-04
2.749234518175855120e-04
6.741894990673033853e-04
1.636912863018386921e-03
6.698396859881943985e-04
1.245847093034170225e-03
4.988120812980450722e-04
5.023560225444357458e-04
2.048089600295253943e-03
4.612451481366539778e-04
1.119600446780792159e-03
2.417705881621839796e-03
3.846035065281999893e-04
5.528472182547716513e-04
5.164701962965522484e-04
3.875345093955603263e-04
6.738076804819994247e-04
8.126926939645304302e-04
4.548706822332083087e-04
8.201847077145767812e-04
3.467241018441853976e-04
1.310199232800197478e-03
5.295877772994233776e-04
5.182800759568172025e-04
3.022185896257531014e-03
8.513464794946425628e-04
1.192052645249936033e-03
3.800124179563088241e-04
2.249082904122356910e-04
6.632482947797060328e-04
2.492895950408423583e-03
1.023887739321203017e-03
2.676508522364978173e-04
7.078220422734098028e-04
5.289837999474610421e-04
2.591034815750490466e-03
1.554091890439656754e-03
4.158910835073005140e-04
8.089954050462083409e-04
1.749996445868715186e-03
8.784248966625577250e-04
7.722259748341896895e-04
5.645884029896189793e-04
1.203785715655617634e-03
9.794502346679319869e-04
1.165579466394533591e-03
5.417617679601723210e-04
1.163258706469818757e-03
5.167459879660483675e-04
1.207282624729786842e-03
4.285093704205897498e-04
9.001657030381966405e-04
4.140295848483548612e-04
1.456625024893819014e-03
4.518810550665581442e-04
5.357980970721866422e-04
6.200701675702824291e-04
8.975038494349820047e-04
8.254477669646284035e-04
8.345782710992386434e-04
1.568816670735434212e-03
7.374407811422821653e-04
3.581077236188407158e-04
8.518156069234178972e-04
8.601587455278871192e-04
5.593065529541209422e-04
4.856998674956999754e-04
1.745774868964719041e-03
1.313294375085037255e-03
2.864856174194169765e-04
7.120460124536636759e-04
7.490450242405205560e-04
9.082522733553004355e-04
9.093256374571028356e-04
6.278510494291718183e-04
8.337560923439494946e-04
8.704688626636514518e-04
1.364651795902670087e-03
6.364166525988114703e-04
3.687535366320464554e-04
6.075757711063980906e-04
7.207773459894588992e-04
1.520950417343060581e-03
1.033548720675149133e-03
1.846983872553920351e-03
3.294677417343578078e-04
6.444698330616406654e-04
7.099355330797297442e-04
8.498375511307003100e-04
7.360600677640539947e-04
1.422043285474884839e-03
1.051296436392035530e-03
1.781454852416459490e-03
5.673244611579686012e-04
1.249012007979629192e-03
1.422043285474884839e-03
6.935303921915133511e-04
6.016945531982734879e-04
1.589772521228852761e-03
6.002616191217923988e-04
7.734605492919598016e-04
1.756352758747373611e-03
4.166836113632565639e-04
6.910613720780600698e-04
6.702030736201457532e-04
1.251717512963642330e-03
3.282795266257262142e-04
4.324671596030126822e-04
4.864131505569455928e-04
5.638135121311751725e-04
4.978723666177856154e-04
1.246630657055426217e-03
1.000129640269275958e-03
1.638310277203078010e-03
1.001619779483824526e-03
1.561208038337206800e-03
3.522187926012018016e-04
9.450420054150617324e-04
5.708130944822124029e-04
5.352951888956253550e-04
8.596074585593235133e-04
4.214133355672879176e-04
8.062815010328438494e-04
4.561015496566433775e-04
1.982855019559250000e-03
1.391845465199665309e-03
5.330631415955620596e-04
9.423884915846999794e-04
1.245107545394498949e-03
4.365992911314027568e-04
8.983769612473377960e-04
4.733841298747969856e-04
2.293098547608177912e-03
5.052697532382417756e-04
4.080811544612719232e-04
5.413224101358111691e-04
1.180637681833577668e-03
2.173868408414658671e-03
3.637894392001988835e-04
1.755766958565539411e-03
4.394898245317276639e-04
6.194067162929186134e-04
1.120281523830819964e-03
2.401973422156989659e-04
7.527649726824247895e-04
4.139959328059103234e-04
1.957841740994606047e-03
6.212724329408647692e-04
2.426304882137839125e-03
8.819009600847603058e-04
1.866455074031193222e-03
6.965341803257084222e-04
1.105647391505745975e-03
8.513611862294498530e-04
6.189875710246911696e-04
4.285529780755276998e-04
1.008098519941306396e-03
1.055125125467877914e-03
1.543083241044467153e-03
1.352824041085054713e-03
4.263919015980303581e-03
7.311750875053778676e-04
1.862007841313685109e-03
5.077915155164114099e-04
3.395243306257998066e-04
1.200630046555406288e-03
9.268400243796910383e-04
3.410719721324878724e-04
4.104519046159857886e-04
6.955857290849420255e-04
6.166995191222258499e-04
7.392054142074938735e-04
1.301621569596852742e-03
3.609100952891349662e-04
1.193810695147386062e-03
7.008435358837766284e-04
2.975379235482071018e-04
9.528061847078214642e-04
3.472149781597950644e-04
1.471984695649521460e-03
2.207376834749182580e-03
7.119259150792572400e-04
6.088082723346857975e-04
1.152108516585861756e-03
1.801086915544608796e-03
1.368478845911478246e-03
6.030304648457464811e-04
4.289864175325106433e-04
7.228875815028227474e-04
1.873270319333667985e-02
1.185138123405635614e-03
5.689933619781124743e-04
1.999485622521510533e-03
1.164077840217798239e-03
5.672618589784826377e-04
8.925598407360075225e-04
6.980173168783692424e-04
5.053764403595294207e-04
4.283053405812576133e-04
2.057124510589983073e-03
6.914242402260181676e-04
5.529866204674664621e-04
8.049245227145004206e-04
9.586508645638148725e-04
7.037615608171623625e-04
6.676313894681040534e-04
7.635831048842112037e-04
1.347641784586813603e-03
8.123097664182483014e-04
5.003471217178107966e-04
1.900105452029523644e-03
6.126294516595235350e-04
8.590173099186522703e-04
1.755946975545911830e-03
8.098548744618961660e-04
8.704688626636514518e-04
1.549406276881745313e-03
8.135588904862570310e-04
5.659991540029748417e-04
6.565143924269448584e-04
8.478702234958199668e-04
1.206223284648165039e-03
2.222036054791293614e-03
4.758207946350310699e-04
8.237451645142764099e-04
7.572035951381001721e-04
2.422390591403807125e-04
8.690145101811792968e-04
8.906805826757109882e-04
7.524740848409888815e-04
1.495303967361721453e-03
5.003320880494305191e-04
8.465685065165962607e-04
1.118137293982839542e-03
1.721591184312772256e-03
4.301243760415062465e-04
3.453524258578903974e-04
1.317234391956184332e-03
2.279642800544341014e-03
6.386386142626243470e-04
1.340248019634084336e-03
1.052486158199805299e-03
6.571367517330443074e-04
1.356387256004011523e-03
1.179819417157355887e-03
1.064815790749737813e-03
7.746392915780422363e-04
8.601587455278871192e-04
1.685821914778874719e-03
8.074843579622785483e-04
8.150329584728837826e-04
9.528555349778567839e-04
6.587241528737661266e-04
6.529045232252976647e-04
2.238396551852425004e-03
7.683602629741123711e-04
7.464157934813955538e-04
1.204880550479341984e-03
1.325661620383959162e-03
8.136963256626048848e-04
1.537187425528979213e-03
4.273057415085804514e-04
7.000535474866247890e-04
1.544176523828013703e-03
1.391845465199665309e-03
8.108372905242759851e-04
1.207856079448642967e-03
9.752228014856352198e-04
6.802577753874137568e-04
1.183534964111843286e-03
4.334294193905027814e-04
6.740695236370415101e-04
1.808792038683340641e-03
8.062815010328438494e-04
3.834378357871102917e-04
1.899735821275783977e-03
5.004494066102280507e-04
4.341231977732012081e-04
6.094095346577494896e-04
3.577543353724659675e-04
7.127449180244450552e-04
9.509836252671838124e-04
1.382534050668988903e-03
7.023594557959446632e-04
1.012147654107740328e-03
3.535653436284017306e-03
7.795759531241665220e-04
9.208778720321534770e-04
1.065376390407076932e-03
8.236133846820431134e-04
8.322436879784497971e-04
7.673980376982492265e-04
9.998660312824205268e-04
6.283134029198340258e-04
6.298313898665668402e-04
1.407976069209048667e-03
6.486060984401433287e-04
8.934840945949754608e-04
8.965406870350247151e-04
5.841544191143183693e-04
3.619520196104400824e-04
7.493681350707947575e-04
3.257424527621663132e-04
4.520842828895546670e-04
4.611449113215870159e-04
4.865620839945476533e-04
2.257049857193094838e-03
4.026118408824675907e-04
1.807706673946080436e-03
4.947192025983064220e-04
6.332722011635418154e-04
1.938654039351053607e-03
1.094222364609667925e-03
1.044922792235130357e-03
7.089355024555461923e-04
5.584312280331903871e-04
1.007122516100368657e-03
8.552609363978266226e-04
7.254779192949465695e-04
7.798206772217132488e-04
7.015559704420712937e-04
1.319002054774926673e-03
4.852703443579381546e-04
7.050534994331578891e-04
6.077778084115137208e-04
5.517721569474877364e-04
7.290408796943427874e-04
7.322473539447707340e-04
1.165579466394533591e-03
1.494835111018571637e-03
4.594514720931788289e-04
7.159779988926532907e-04
6.087355898795131877e-04
5.712204632768844072e-04
8.834666941437124138e-04
9.605149090480284615e-04
7.746701214123233184e-04
8.150250302254614942e-04
6.145240468750555679e-04
4.985620832791916660e-03
1.228048004893619611e-03
7.457366396648727096e-04
1.281743557383431629e-03
1.007204417817504595e-03
6.649994533131983873e-04
8.322329158775719406e-04
1.680494530634224753e-03
3.916392480033187773e-04
5.485805357698171928e-04
6.286934517639024842e-04
5.580490505025878121e-04
8.246197108650580752e-04
1.493160833105632978e-03
9.239619645337747347e-04
3.306948318344319856e-04
4.038857743507624255e-04
6.136686522961871644e-04
5.856758950083868669e-04
7.888616411467240042e-04
8.484215451267189661e-04
1.835887872672112764e-03
9.659668797091454416e-04
1.485820489854167972e-03
5.488958675420053382e-04
7.814928695807946916e-04
6.739837733579550011e-04
7.710212170257224693e-04
1.156980085988471929e-03
8.667718133660797962e-04
5.583281693372675950e-04
2.883485180087289133e-04
1.811463816593618164e-03
8.801994418158214702e-04
7.401903898734582240e-04
2.447430325522398972e-03
7.595753863791635451e-04
7.247316450488016423e-04
9.420948807481552712e-04
4.264164066869752115e-04
5.173962130443973814e-04
4.090746313097723560e-04
5.899371875081618971e-04
1.552246277066754486e-03
6.655119817351756078e-04
8.949980601547917773e-04
6.520945121705381663e-04
2.114449760297079216e-03
1.561061934081640684e-03
9.938551869375284765e-04
9.062844383724495993e-04
4.523861988407790083e-04
8.290520215306817955e-04
6.723564856776385532e-04
8.650258449222873606e-04
1.049038533176055140e-03
6.873803522318772596e-04
3.661594125939985223e-03
1.180380512498185137e-03
4.978723666177856154e-04
8.544488784422421806e-04
5.996942838495518359e-04
7.970709238877506835e-04
1.332598089284899512e-03
1.335370178124516008e-03
1.024066158968396948e-03
8.700888288528964547e-04
7.314289870347658821e-04
4.898343333713752910e-04
9.737384966197147867e-04
6.978217234547896180e-04
4.338697053636184011e-04
1.515765748247129051e-03
1.927710774836687664e-03
1.868437614191586832e-03
9.620885186875323186e-04
4.956375471903102592e-04
8.234073385211081305e-04
4.673184894035231195e-04
4.985470838773194656e-03
6.417154491822735750e-04
4.316897170757389227e-04
