1.209449046281113301e-03
9.502487859421891508e-04
5.395297457832921818e-04
9.810788362807736085e-04
1.536533615892741187e-03
1.139028787178928857e-03
3.135898574373920198e-03
2.555742973952591923e-03
8.140127798294035516e-04
6.515515931925365371e-04
9.521975505890031052e-04
1.312267950930799806e-03
8.710556716612798990e-04
1.089307838842554308e-03
7.261090398265047886e-04
7.709296743531427213e-04
9.818220011356929185e-04
1.039555223002186978e-03
5.811866769740797961e-04
9.566544120771214819e-04
3.869577508846832638e-04
4.030849613651524212e-04
2.710579123734336432e-03
4.630642109162193417e-04
5.040584186654692000e-04
1.399170634112648385e-03
5.573678643782559476e-04
6.311299917308305085e-04
4.835924933537126742e-04
8.283890585460668794e-04
7.087150112442075576e-04
9.197001556495933323e-04
2.191338075314006473e-03
3.360469825069338848e-03
5.303392150393817063e-04
1.318170303511435621e-03
7.613281152482608309e-04
1.174349786384733252e-03
1.131767533568748315e-03
3.761158533951771701e-04
3.831845724235386462e-04
1.227853763966186423e-03
8.704883556204018238e-04
5.425887413633807225e-04
5.120358960114396174e-04
7.819071275903952600e-04
7.246664999135179206e-04
1.369960445899078005e-03
7.895974293785990375e-04
6.151989863120356939e-04
9.854671273227468171e-04
8.486784788534120633e-04
4.072710367845881903e-04
7.431954891692528356e-04
5.407403255117978038e-04
1.274576041677237537e-03
6.864917636862987805e-04
1.136185374449810411e-03
9.694814260877827970e-04
9.681990124521461846e-04
2.346649775352442537e-03
1.712003425994365570e-03
2.131748471157866344e-03
1.388925275083279778e-03
8.479547663861115208e-04
1.081883140275070486e-03
1.572785144780043144e-03
5.811420204086638949e-04
5.639473446867376751e-04
9.728794264641371778e-04
2.187645296227092549e-03
5.535167104957701726e-04
1.441499964071927490e-03
1.679598121284065501e-03
7.382611508780206194e-04
3.461591665153576180e-04
1.107795747871700076e-03
2.415622916958069452e-03
2.314605081176599691e-03
4.291489369416878275e-04
8.513661408528391513e-04
4.422688116664823992e-04
4.983328663449777297e-04
8.358190898094932991e-04
7.892074350078379054e-04
3.100571151118371388e-04
3.931805861732118302e-04
1.357360093184174950e-03
6.344333733431908916e-04
8.088783669863013363e-04
5.339003044891453987e-04
6.491193654900191939e-04
9.675002812867830810e-04
8.294487554452608085e-04
4.980009238961730696e-04
5.786703455023304004e-04
5.682528460814716955e-04
8.285322857372833232e-04
7.237434824123278572e-04
1.730795835521307339e-03
1.747827433838440407e-03
4.785372175121942531e-04
4.982064164385899448e-04
5.446720576038093691e-04
9.559080663662176394e-04
8.242840325949687139e-04
8.435097220407440253e-04
5.534918012632403586e-04
1.052212269099973710e-03
4.976950467596985821e-04
8.909306355206104847e-04
3.022187029220564734e-03
4.428817825896285755e-04
6.227232817414541082e-04
2.913280010784793060e-03
5.719376099370774170e-04
8.742558295905264801e-03
8.762113247559735274e-04
5.050965081313851844e-04
1.246629239924625055e-03
6.379427043818897960e-04
8.639180017166699695e-04
3.933822738008449613e-04
7.854086623361783339e-04
7.290080208564730805e-04
1.196065280365329539e-03
4.469193936586376373e-04
5.206360913034901528e-04
6.568684338178964414e-04
7.065620506189884817e-04
6.141859558267289115e-04
9.620689455296920368e-04
9.682678089859003820e-04
9.414985852076155791e-04
1.200340663682861100e-03
6.336064571312001806e-04
7.559671993001661813e-04
1.008510848985281171e-03
5.527261533048127666e-04
6.415993629960386850e-04
1.366181353870546096e-03
9.588532586333671807e-04
1.183132007088785222e-03
5.121306133327487020e-04
2.774987391532033817e-03
9.987039713644902360e-04
6.754682561674206411e-04
1.403736817875311359e-03
7.615398416760541444e-04
7.421617910423428197e-04
1.007028851141580699e-03
1.272545078616744768e-03
1.259675781882573691e-03
5.525331719216558567e-04
4.294997342662241731e-04
4.000385230142243986e-04
9.176459418271255396e-04
6.311299917308305085e-04
8.169857610934507398e-04
4.088415832875300494e-04
5.671391374646364949e-04
8.544249942598833043e-04
4.271582702394090486e-04
8.265500325571660620e-04
1.923172864265611671e-03
6.810344468930632032e-04
9.973718743138740555e-04
3.697476527733349746e-04
1.018671724604499956e-03
5.970281367783590283e-04
1.478868755107330766e-03
6.500739364584120442e-04
1.815043962414906792e-03
4.875577545470055596e-04
1.064513974150767869e-03
8.564249613920127749e-03
9.495965558348330553e-04
4.837258532658240528e-04
1.030112348667513609e-03
1.297670587500715728e-03
8.490994126444480943e-04
5.923076137062103412e-04
4.928013814529597818e-04
9.624674221335021438e-04
6.718846802028867254e-04
5.021064766839851597e-03
7.046439502397345775e-04
4.684766285493364990e-04
1.267229001579296731e-03
9.882159066406750493e-04
3.121728594044297523e-03
8.837992012189515483e-04
4.372538474532805335e-04
6.487999530452301161e-04
5.557022897091057042e-04
5.407157983882036282e-04
7.341717996425062244e-04
7.185613722366866176e-04
7.661356518462971365e-04
5.018503689808944236e-04
8.838918163549885302e-04
9.286974439285367554e-04
1.264302254309263886e-03
8.458501443745991772e-04
1.879226072986399810e-03
8.445567963826462396e-04
6.911977529271065698e-04
1.431589298154648145e-03
1.245829923879092751e-03
3.565298356806830340e-04
1.122828813006454237e-03
4.874480933364414665e-04
5.328841931499122588e-04
6.479896550380812503e-04
1.191230201869723782e-03
1.893365382686409189e-03
5.085220971368201474e-04
1.079555071872833260e-03
8.198736741209447640e-04
5.579615258862855205e-04
1.388999813832481360e-03
3.379451378000250571e-04
7.391042964514206795e-04
2.494945456801815490e-04
1.365029109053285958e-03
1.510026473556777592e-03
6.885243361684303693e-04
1.253639014615086887e-03
7.654596290133981349e-04
8.080861856864174830e-04
7.652254229828255429e-04
9.506490485572666313e-04
1.107352807516152936e-03
3.111070445961791001e-04
1.840679084091277791e-03
9.314859447794727717e-04
6.132605902254926328e-04
5.582883011213467077e-04
6.669210961562674171e-04
1.942064843456879717e-03
4.847670290829822135e-04
4.111758596741583636e-04
4.671080420144958193e-04
5.744588445469711157e-04
1.026691530044627262e-03
5.523885697334869616e-04
4.026952521853419511e-04
5.264573915991748853e-04
1.186187159510485338e-03
1.414534916704178556e-03
4.383850745113706095e-04
6.730414869265762988e-04
1.109702238150151029e-03
1.152999102258159877e-03
1.546360834743595522e-03
4.234682383684020349e-03
2.638493325964220027e-03
1.110801657060568517e-03
5.177552044764483115e-04
3.089794503749857023e-04
5.790832987912584301e-04
4.505179354377239682e-04
4.025603907448178443e-04
1.073064756921831946e-03
2.624963867085913175e-03
4.789196020715037229e-04
5.662365496576530696e-04
5.275641144751512610e-04
1.197334794396311738e-03
5.300507968748311045e-04
7.850276944899428665e-04
6.016482017772877867e-04
6.343982957880720886e-04
5.528953349891961837e-04
7.382439615307906161e-04
5.646677163778616873e-04
8.276404149202385048e-04
1.082426031964832565e-02
1.038825778294280317e-03
5.420154561441626641e-04
5.980441491280506696e-04
6.818086691953372750e-04
6.567061760233228272e-04
9.374372693898706029e-04
2.707468976142011607e-03
4.595040525363479496e-04
9.089201742760353534e-04
5.620032293094412738e-04
2.964813798315659083e-04
9.972610681548413000e-04
6.086324645728912342e-04
4.048868583644237278e-04
5.625542682645781351e-04
8.780073598073132686e-04
5.645912707689512353e-04
8.349312057138925545e-04
3.989670354627710292e-04
7.892074350078379054e-04
5.854363776010869510e-04
6.739112144494777265e-04
1.272427415206780219e-03
3.936932975657701089e-03
5.170982842420163324e-04
8.934708630644399522e-04
8.688172568147728165e-04
1.292265757304564234e-03
1.706544868662411042e-03
7.781770168036731584e-04
7.873193837779241281e-04
2.058330606572492897e-03
7.585942361184462145e-04
1.094397780110307724e-03
1.314130122442559723e-03
1.878792452887169178e-03
1.518471048535471402e-03
5.276007707202316982e-04
8.325279287293334621e-04
1.493984241189968238e-03
2.822383006712421124e-04
5.412579878511417737e-04
6.894857489971047788e-04
3.240418834131115859e-03
1.310304573202222649e-03
1.316813436330834539e-03
9.561590124076859267e-04
5.420093617424391521e-04
1.073471667033960722e-03
3.360469825069338848e-03
8.931797922698012180e-04
1.286132894717219094e-03
9.293415142205502331e-04
6.730414869265762988e-04
5.252208195604000842e-04
8.842970839940588130e-04
9.829359441182157833e-04
5.526664967800385981e-04
1.054611598201122755e-03
1.116783430278236533e-03
9.640218849545066117e-04
1.464794184428855599e-03
9.398046631070302529e-04
4.423366649048993018e-04
1.049307717608938175e-03
3.962909346743260976e-04
1.677200174034152542e-03
6.862846377480529394e-04
8.653688802120038017e-04
8.388251491423950141e-04
6.224892466685206203e-04
4.145633777397614620e-04
4.481498297947291397e-04
4.289716502262547258e-04
1.117630806363655417e-03
8.269351005196688654e-04
1.157907061711467003e-03
8.124470480289392197e-04
2.131748471157866344e-03
8.604216005621792996e-04
5.685756380638248494e-04
1.816313274611461998e-03
3.780462369775458684e-04
2.349462145942950945e-03
1.512906407373068715e-03
2.769766080802643551e-03
6.311818689876713987e-04
1.103756577374758472e-03
2.442310152970876471e-03
9.920739764992694658e-04
1.052496917547266668e-03
4.057977969444250075e-04
9.688666010074001821e-04
8.943569233876134559e-04
9.033128072477160202e-04
1.192369732258226475e-03
4.076967278730559709e-04
2.184559321125822528e-03
6.616458230728148801e-03
8.426450937112712125e-04
1.261067501563094924e-03
8.367909812293524525e-04
5.481947388080238770e-04
6.941958801092678981e-04
4.753033424757879626e-04
5.867915334480930173e-04
2.917653115209759896e-04
1.088732016498578353e-03
6.684220777548567031e-04
1.477732123851093491e-03
3.305491875702982595e-03
1.142332517018407930e-03
3.091377376604105293e-03
1.337331077155494647e-03
1.534594313460045699e-03
5.458910634562282906e-04
1.144005420694417692e-03
7.047067556495208596e-04
5.746369964384829459e-04
7.594731655229258619e-04
3.044744520365398176e-04
4.504277331073223414e-04
4.008558331896363539e-04
3.901693782038403676e-04
8.196070874765741358e-04
4.432146957635417126e-04
7.382374900811307199e-04
8.578359651204610229e-04
2.494520049308062478e-04
8.679098034086261265e-04
4.392588572376047279e-04
2.183486013333662407e-03
3.174970933696125782e-04
6.526105849752296883e-04
6.158529621657640122e-04
8.068327083638433339e-04
4.803600502219751130e-04
6.333400347697521046e-04
4.621719940517011863e-04
6.875473370017432927e-04
5.107504373402535578e-04
1.391584996566367586e-03
7.446595642635970560e-04
6.385381420029547688e-04
7.386720812563714279e-04
3.579638583433345476e-03
2.558132156902856013e-03
2.758173760033315845e-03
5.565757102030996885e-04
8.855891587934921301e-04
9.465505932652039942e-04
4.132409378907196174e-04
9.179277413977266539e-04
6.533660111147054613e-04
9.430471971288397533e-04
3.675102690148286254e-04
8.299593850398022474e-04
4.415300495037992627e-04
1.262749498246313858e-03
8.169405985009547911e-04
1.436278550316451514e-03
6.103400510617960819e-04
1.174589641548475340e-03
5.867915334480930173e-04
4.913984261264444471e-04
1.053547328230335653e-03
1.144005420694417692e-03
5.225913960612705699e-04
7.798334581785363023e-04
5.265286675665276214e-04
6.586372994521259676e-04
1.033825515607712060e-03
3.055822939429369070e-03
1.019443544556968831e-03
1.124760730525901746e-03
9.431045078029718200e-04
7.729485273364175612e-04
6.078009723690429517e-04
7.355575703069946276e-04
4.745926915007015606e-04
1.763558663362340025e-03
5.844336389483865838e-04
5.029229500430173940e-04
9.369619831414713806e-04
1.842717959600145014e-03
3.518844333334837410e-04
1.250744734958246203e-03
8.491234059994507690e-04
4.688786335541769951e-04
9.440605510385013249e-04
7.746575159040859377e-04
3.593078068974622113e-04
8.279071813298601035e-04
1.042927215311850730e-03
2.173257309978476100e-03
7.669043099058123853e-04
5.259471211055418522e-04
7.958135892121277971e-04
8.144835166029659864e-04
7.138609526822721268e-04
9.992445287315466530e-04
4.778112256310350922e-04
1.444838847315892084e-03
1.519902805667871452e-03
4.757323623884242053e-04
4.035418243933649248e-04
5.530295990832877727e-04
4.763135280547177008e-04
3.977774701990626654e-04
8.622667529214191008e-04
1.059233103389731808e-03
4.918713279857730427e-04
6.941958801092678981e-04
4.799852849271748914e-04
2.428533107805489876e-03
1.197450447534450547e-03
9.183608173117058454e-04
7.019267605793642071e-04
2.143558118512726377e-03
1.116371449772981779e-03
8.508902499987719891e-04
7.060222918807777370e-04
2.247043487354078426e-04
9.189844527365521008e-04
5.518276868373868382e-04
4.075712879612910068e-04
4.215196043793364815e-04
5.038318418898731854e-04
4.440006770739023741e-04
2.244365487492618223e-03
9.495965558348330553e-04
6.765190624475746640e-04
1.209449046281113301e-03
1.400854747451159548e-03
2.418544600087656118e-03
8.957549251868908739e-04
1.143402257604555052e-03
4.126796617955304832e-04
3.912307037314606984e-04
7.008678931743327631e-04
5.002888141497702701e-04
1.332484706488513406e-03
7.983185821287106963e-04
2.532070718667405514e-03
2.882153297709190345e-03
3.675043377766386873e-04
7.549612075801579890e-04
1.110139637449706522e-03
5.695235273384726413e-04
3.880696471902594469e-04
6.810344468930632032e-04
1.116283462380366015e-03
4.085208667684623414e-04
5.746369964384829459e-04
4.272951410758852480e-04
8.560743383656452526e-04
8.081450276242585886e-04
6.688648055499291957e-04
1.267173763403642728e-03
7.345838416888892915e-04
7.026400327604433735e-04
9.160028116259449080e-04
1.685976574414811994e-03
1.189976311180821703e-03
2.608783557167343014e-03
3.828519922225798395e-04
1.013244049876371429e-03
6.718096253736946608e-04
3.761374035386842599e-04
6.570438618219341881e-04
3.249312009005892788e-04
3.749809433847732586e-04
2.093365592239095194e-04
4.120640273316425006e-04
1.327414749315118051e-03
9.537254557981852130e-04
4.768074342960410689e-04
5.160974660904152616e-04
5.083113339793262969e-04
1.139659116685520735e-03
7.792986469423620862e-04
6.837676096173580598e-04
5.042446029833416894e-04
2.242309088229498849e-03
1.511658334074488051e-03
3.240372417306498212e-04
1.031799680626107251e-03
8.013978263945255353e-04
3.914908957142266416e-03
7.092599266275010283e-04
6.041217969644849641e-04
3.523760001134087962e-04
6.453282775788681197e-04
9.500629421443788957e-04
6.754682561674206411e-04
4.758362770548578316e-04
1.253539264480300853e-03
6.672114758932257790e-04
7.866550136695376521e-04
6.783491824063340352e-04
9.325566428502253839e-04
6.041181194049080041e-04
6.885942158067338663e-04
7.382497328424158329e-04
1.593784723597896878e-03
5.118945267855252914e-04
3.234073730379260180e-04
1.599331314641172334e-03
5.252239668832960930e-04
5.568140234563220478e-04
8.709985524261741391e-04
7.995090352241318848e-04
1.876250084845892127e-03
6.920015724708080936e-04
1.475505449514680038e-03
6.208750016922711138e-04
7.671588873462972325e-04
5.041035007210830808e-04
1.081883140275070486e-03
2.133868950541324607e-03
1.512824186216179916e-03
7.276933681190574403e-04
5.535167104957701726e-04
5.340187712613172176e-04
4.890656823371373205e-04
8.673407879521568371e-04
8.242292361564190718e-04
5.579873805749053801e-04
6.587341689684397296e-04
6.626505405639434134e-04
4.932799248980768592e-04
2.244737184470316314e-03
4.204157498043270178e-04
9.551136366575277512e-04
1.309116561532641708e-03
4.163903571726436641e-04
3.717045906877990114e-04
9.315087659594733106e-04
9.311757336583791804e-04
1.178420043119774146e-03
4.599401112026368791e-04
1.648080836871259041e-03
5.430106426311350669e-04
2.987068655714391588e-04
4.035418243933649248e-04
2.472224823790095788e-04
2.131748471157866344e-03
1.003491823902981448e-03
1.960893004310070107e-03
7.997745169605772683e-04
1.101212555138669259e-03
5.096197266848644103e-04
6.788481807588867163e-04
7.739404369058764744e-04
3.506047848363437209e-04
1.159513378107073682e-03
3.952414476033640472e-04
7.855096809520492954e-04
5.867286283896983598e-04
9.604132919635098142e-04
1.442702744726673475e-03
9.054020934428483238e-04
5.128734076875944656e-04
7.804689521755332803e-04
6.055961977434964026e-04
2.860486041809183586e-04
2.768702606006881884e-03
1.605591374173236628e-03
7.356651741266811029e-04
3.960942856915922834e-04
8.187076389169883331e-04
4.075712879612910068e-04
3.430652414657194720e-04
1.024971769652361329e-03
6.454768303704569356e-04
6.608137371511537067e-04
2.445095834659694544e-04
1.024021997565866243e-03
6.054507139523357265e-04
1.081949927983926482e-03
1.033940044329542110e-03
1.745015504009159429e-03
7.123980283125229450e-04
3.200748366034176715e-04
1.195226555021434382e-03
2.676145881577565288e-03
3.502700334538230102e-03
4.282102205327974220e-04
1.389055330571256717e-03
6.597544003996851135e-04
1.994014486235622195e-03
6.938823049617657418e-04
1.818250002225097915e-03
5.472317001341001292e-04
6.171873828571742930e-04
1.050162805236715515e-03
9.279098363345687469e-04
1.979069290505656390e-03
1.359916688130325367e-03
8.499817547303109956e-04
8.239696098112451452e-04
9.667526855007145450e-04
1.344344152242678237e-03
2.061355402379578833e-03
1.427041897235676151e-03
8.799828880788814487e-04
1.658785572533244415e-03
7.702016468987412604e-04
9.452181834877011095e-04
6.951308994124448786e-04
7.642787099875144891e-04
6.425644535306418437e-04
9.107774244901318313e-04
4.495155353706387666e-04
8.359817604354075320e-04
8.505193265708509750e-04
3.034773974459260728e-04
6.549755073410344413e-04
3.831424315904014368e-04
6.832080881366099168e-04
9.403771166531840189e-04
1.248921401910118309e-03
7.555173526654503742e-04
9.521845179961296217e-04
7.806278408831884841e-04
1.815644914078818435e-03
4.516350930942399805e-04
1.319330106204934456e-03
1.814201917239033519e-03
9.760407354720988717e-04
1.474158380563895003e-03
8.769122638319917177e-04
5.588161849150180419e-04
6.822704253274564264e-04
1.094397780110307724e-03
4.192969901961246309e-04
6.578790412101148503e-04
6.249425388250845611e-04
3.942749435739260921e-04
9.621895152417509704e-04
3.767567182548068770e-04
1.548961986463941740e-03
7.117348474082710492e-04
1.241166778834245287e-03
6.518008600696131990e-04
4.192969901961246309e-04
6.105417072714463059e-04
9.758281413045917074e-04
6.255753419538791259e-04
2.330061768464637868e-03
3.025771489234860105e-03
1.114222743614102585e-03
5.669472182616296270e-04
9.219498716283320433e-04
8.722984011349446806e-04
3.465902059881741364e-04
5.497570193472608828e-04
1.506512518862307068e-03
7.320699843957449455e-04
9.399528713295754153e-04
6.424380140644923593e-04
1.089307838842554308e-03
3.022187029220564734e-03
9.369619831414713806e-04
1.811250385490781149e-03
5.010108884656883652e-04
6.785477029436960293e-04
7.884659001220860461e-04
7.338898069951661600e-04
3.484080739380836580e-04
4.027257768135386693e-04
4.572370636143167086e-04
1.662529859480158748e-03
8.154368346901329874e-04
4.048868583644237278e-04
1.506512518862307068e-03
1.766357471221931567e-03
4.255907068854495635e-03
3.007783498555979145e-04
3.867887440595775658e-04
4.770513949749881919e-04
9.980122445684878017e-04
1.711650711285996355e-03
1.166764286846923857e-03
6.086324645728912342e-04
1.053056208622872147e-03
1.496647145346658141e-03
4.851589633929033409e-04
1.263093469844352949e-03
1.143017969285912896e-03
1.305754272296706783e-03
1.322602894125463318e-03
4.526763916015243746e-04
8.384430898020208767e-04
3.962209936910633234e-04
6.445362808231007998e-04
4.217060925419074502e-04
1.346841991601336946e-03
5.663702252403086772e-04
7.228967576469276166e-04
7.649102768810612032e-04
1.338284630138760747e-03
6.554011803587522474e-04
1.036157108785310411e-03
5.206869275466885667e-04
8.665209969383539908e-04
7.025348735334751476e-04
6.792924192234215622e-04
1.087898362540671432e-03
1.321375388612663383e-03
2.186691702961851645e-03
1.308177772770162742e-03
1.513265812117287230e-03
4.359282522087165081e-04
4.737061536440726243e-04
6.956078754529921053e-04
1.389492978532214009e-03
1.116283462380366015e-03
8.922115286325386354e-04
7.253252916860334796e-04
6.886777557019289377e-04
5.734624930091936426e-04
5.682784666368601977e-04
1.662529859480158748e-03
1.771746941122596779e-03
1.101448725623594511e-03
3.651695296187273867e-04
6.737936840729709083e-04
7.845812260410397424e-04
1.298744192233372129e-03
5.962370899213984563e-04
2.256248655843259236e-03
5.923076137062103412e-04
1.306063513292112909e-03
5.539530760962721196e-04
1.359806099448573804e-03
1.132013847231658817e-03
3.925003645983291749e-04
4.837258532658240528e-04
5.513449472799276203e-04
8.768129479075707213e-04
1.136347596910180580e-03
6.355762669957459345e-04
1.141115086982731402e-03
3.984111427755110770e-04
3.983237574504815289e-04
1.004845374064280939e-03
4.873040040585681332e-04
7.097513305185582707e-04
1.646203469266996301e-03
7.469105185465530709e-04
5.615323352158088904e-04
2.668152635600577294e-04
5.664847695505975276e-04
6.083401225091377828e-04
4.953206403879176559e-04
3.794969066896968467e-04
9.482740434685117030e-04
2.301987931620852208e-03
2.801698305622461836e-04
6.873407375887240819e-04
8.724123920108025438e-04
9.876443541015399522e-04
1.316813436330834539e-03
7.779194440282906613e-04
6.410977395322406533e-04
6.411870221265761642e-04
7.039342261630526136e-04
1.688843750819767672e-03
5.060945182728776408e-04
9.322004323083542612e-04
1.286589487809785062e-03
7.057752490852537905e-04
4.356264844294085265e-04
6.074851922270081304e-04
7.372721806556247620e-04
4.306548076857827714e-04
9.590583769419597877e-04
3.691908629637887331e-04
1.072640179647807402e-03
1.005016597575982690e-03
3.306086601972822898e-04
1.261011604704881254e-03
1.478868755107330766e-03
5.858421247636092129e-04
5.164728062204313689e-04
9.624674221335021438e-04
1.315018596835546526e-03
5.265499083944381918e-04
2.664407579898762837e-03
4.040022565750108971e-04
6.436954268511967591e-04
1.501307647118516227e-03
6.725208707898140811e-04
5.502235668617223505e-04
1.586622641593377807e-03
5.930931980694627900e-04
3.196073081331503611e-04
4.041830398545108211e-04
5.187442967577137994e-04
9.237035131428757411e-04
9.794228136201037736e-04
5.430016439618978990e-04
2.039916976913820797e-03
4.922804264070103917e-04
5.514579895974526915e-04
7.524040243902103660e-04
1.897295672729111147e-03
1.117808510203947966e-03
1.399584041833708313e-03
1.226616241459006686e-03
1.630447063945574026e-03
1.454520244159659449e-03
7.006319918776566765e-04
1.070745301218496443e-03
9.273078642711721437e-04
9.641697111319783541e-04
4.053079816182929849e-04
1.625809589934859405e-03
1.766368764661905340e-03
5.662365496576530696e-04
5.726956496164048492e-04
4.725178981459381990e-04
6.037123074170104228e-04
3.627164797465494135e-04
7.812013499428414453e-04
4.846924715127867147e-04
8.406855563725606313e-04
5.554900976204608237e-04
5.158351024822279036e-03
1.035077588833242931e-03
8.714452899954399766e-04
8.124470480289392197e-04
1.024785176112371493e-03
1.363979116638035791e-03
1.465247164742913789e-03
4.120380607725145040e-04
3.262209452915469307e-03
1.189082646079556117e-03
1.224664519537175091e-03
8.504165274638374704e-04
6.373500412541338589e-04
1.136223747787800656e-03
1.526048807625537745e-03
6.090082446271734111e-04
1.160557361355963159e-03
4.648422281016731080e-04
9.178330150518985899e-04
8.335816073264108554e-04
5.779042293074116701e-04
7.048646858688462340e-04
1.782125452586694756e-03
1.164573507454159983e-03
9.975082099999937717e-04
5.986090215598804552e-04
1.249299996808782807e-03
1.149709444945878813e-03
5.047076717894189790e-04
3.400839642100191495e-04
1.343937494487755556e-03
1.111292913196213145e-03
1.700148427096226074e-03
5.641591479873282874e-04
5.590518123575581458e-04
1.028554516768106272e-03
1.746910197543734148e-03
9.111628911593587380e-04
7.396947417779971496e-04
8.213411275704919938e-04
8.382637016226754390e-04
6.920235582627349202e-04
7.916784371324494651e-04
1.606674911083454983e-03
1.241166778834245287e-03
1.544152121294593318e-03
5.138949182799723353e-04
9.721172066142987934e-04
4.415300495037992627e-04
1.367677475612747188e-03
8.065741824818698988e-04
1.582261404717423808e-03
6.311299917308305085e-04
1.899466756108525445e-03
1.324740500158791802e-03
1.032494819136052511e-03
1.797957623343929409e-03
2.660353465253813190e-03
8.049641273422784588e-04
7.387658144855745309e-04
7.380445306001616641e-04
4.057977969444250075e-04
4.033302628156322967e-04
3.348144857593752036e-03
2.259554956732403794e-03
1.544230448968229516e-03
4.098113870700897357e-04
8.265500325571660620e-04
6.753032629310501238e-04
7.650631304273346938e-04
2.204573035318461733e-03
6.698264597520170492e-04
3.484080739380836580e-04
1.337331077155494647e-03
6.291363693969728374e-04
7.755577821332773755e-04
4.034520282090945102e-04
8.045706247365190305e-04
9.374582938123362857e-04
8.715949701840245388e-04
1.191431103675296603e-03
1.531423456816135122e-03
6.613570737895567171e-04
1.246035324619874539e-03
7.143430215319284630e-04
1.306738228723511698e-03
4.564091444439971959e-04
1.843278093884052936e-03
1.259961170448491022e-03
5.472107780238402459e-04
3.906985992008330270e-04
7.438161007683100458e-04
1.674193650381794896e-03
