1.018942437159049523e-03
1.356289995130769126e-03
3.592413198256903979e-03
1.963260948480104011e-03
7.211219446991258076e-04
2.208481664260547594e-03
5.548998006529928806e-04
4.708369886182443191e-04
2.928735048718383947e-03
1.123075887301698116e-03
1.899895040069328033e-03
5.804768817873390187e-04
6.111798932944211785e-04
6.362638476956005394e-04
5.449917122905988858e-04
4.579176874448200496e-04
3.494103550573017330e-04
5.925805753843074687e-04
4.520010281139427580e-04
1.519641741271684620e-03
1.484855813507018679e-03
2.387164515758745766e-04
4.082586638950123090e-04
6.281863131478109376e-04
5.626230037462035937e-04
1.601958259984852338e-03
4.712825484608294379e-04
8.772946614184905408e-04
4.130692931448986670e-04
3.263175280525721137e-04
9.184367791365889190e-04
5.575404406086923587e-04
8.264771375711213192e-04
8.043817233321411001e-04
4.138492852728513902e-04
1.913520900411601767e-03
9.080425407446607094e-04
1.228303476548602696e-03
5.130416375794549398e-04
3.013043073261114160e-03
1.277858873105329777e-03
7.913812913897683978e-04
6.020864814407909287e-04
6.993905961690332317e-04
6.240481697709708130e-04
1.050169369389061975e-03
6.754371114103016431e-04
4.400154514690940238e-04
3.892646066786106742e-04
9.387598345429179003e-04
7.896126933501355265e-04
2.117532958205936566e-03
6.704689282395168452e-04
1.131359501816103829e-03
8.410271821518332724e-04
1.172201133220966479e-03
6.496475479336054392e-04
9.127417417368932683e-04
9.247774110683089485e-04
1.120565654738675402e-03
8.016574419381962153e-04
1.004357847370677525e-03
7.717351315800350178e-04
8.384462168086483612e-04
5.248885698648216112e-04
6.239671515022222371e-04
1.065729034471371572e-03
4.341490998103016185e-04
9.004396435347602600e-04
4.693105859910488343e-04
1.218144997120912528e-03
7.320520739386595201e-04
7.267587894609724890e-04
5.400659542720824156e-04
1.309587660043798991e-03
8.846701888169088840e-04
7.879304375305438589e-04
4.589919858443405258e-04
1.048208649445203904e-03
6.131434122654562781e-04
7.506470647784931277e-04
4.319559634000897730e-04
6.744671345075054945e-04
1.597654833207721352e-03
3.887193579573160673e-04
7.857121956951165125e-04
9.444563173526276684e-04
5.825347563245573479e-04
1.004227489360983057e-03
1.669487141894482156e-03
7.320520739386595201e-04
1.457630170560908619e-03
4.430792656984939995e-04
7.480156058566141044e-04
4.087869791357534458e-04
7.990185372346157071e-04
8.608704552080671119e-04
7.980240343208668289e-04
7.776966805232780585e-04
8.794438805986201082e-04
1.209130461023127760e-03
9.316746948921586372e-04
7.949418243185535924e-04
1.197288260179736824e-03
4.747248779658762058e-04
5.759295619296085113e-04
7.435399223537086932e-04
1.344546583500829534e-03
8.179231863570534007e-04
1.144519438861161045e-03
5.847704001947681392e-04
9.344084281160873560e-04
7.661847437487002629e-04
2.548191311133376005e-03
5.364110439718518600e-04
3.698651937859035940e-04
9.376980956184139500e-04
3.145724884834849946e-04
1.157557103093750581e-03
4.056799963359672780e-04
8.373987210873745386e-04
4.797781929196230253e-04
4.748303651213290916e-04
7.184346394580988851e-04
5.425647295709015673e-04
6.484963593561213907e-04
6.355663988327305740e-04
1.913520900411601767e-03
1.604586121970718324e-03
1.244111785125409349e-03
9.706172757707662562e-04
4.839507201733300149e-04
9.046432379595885625e-04
1.401410391208137134e-03
5.361210647559617407e-04
1.072086378688892182e-03
6.888309730549420449e-04
1.095582344413455981e-03
2.034457931159089437e-03
7.991113705649308726e-04
3.597423024612464502e-04
4.814626045385587451e-04
2.193884621637678511e-03
1.868082186136395218e-03
6.693788198157643067e-04
8.442926254914306363e-04
8.198463957874781464e-04
2.890522614067505582e-03
4.666748641327224910e-03
3.504480449399807220e-04
3.614931636029311730e-04
1.340720288495205912e-03
9.377916875952575261e-04
1.450720695218574510e-02
6.250732793392562315e-04
4.589919858443405258e-04
3.633858034417986375e-04
1.063319729394419282e-03
9.642002245071954044e-04
8.312580432595506478e-04
3.322181133061481110e-04
4.409054067617677224e-04
4.633066870280757861e-04
5.176285335639453167e-04
1.004826818677900975e-03
4.206598657402668955e-04
7.926646377900505892e-04
7.398383241574086385e-04
4.400154514690940238e-04
3.714141987833296187e-04
5.668114869622066336e-04
9.820996212953792426e-04
1.126416641810058317e-03
7.249545905480967367e-04
4.595414307735250291e-04
7.918882760485346489e-04
2.089530789734067671e-03
5.065821576557379613e-04
7.231019118018099188e-04
7.429541904435919830e-04
6.009938066405755936e-04
6.468349958719375346e-04
6.954302118047055300e-04
1.704540881077017166e-03
4.808373257519841615e-04
8.164258437475423917e-04
1.028128708748518106e-03
8.402893632770468222e-04
6.221669139541475581e-04
6.568013337636457788e-04
1.113443913206612094e-03
1.058769434128508302e-03
5.450754588433336274e-03
4.390234744120116565e-04
2.271565625009498712e-03
3.057560809136646756e-04
1.409878491857001351e-03
4.309757254929903899e-04
1.077614867033786523e-03
5.410999602673606003e-04
1.960035850400730466e-03
6.870426393559525254e-04
5.831114480359274582e-04
2.101345982181252250e-03
6.240586394823253091e-04
1.006380342034952306e-03
1.023147557717345472e-03
6.822483220989986139e-04
3.117953537683140330e-04
5.179680706455500093e-04
1.384693854499396146e-03
1.791785490611085127e-03
4.775563636728157317e-04
1.359387466875661707e-03
9.998515226230064550e-04
1.007339635269184587e-03
1.832069843325540232e-03
1.065952629830426096e-03
3.308486280311066265e-03
6.306205360743056361e-04
9.556762807660300297e-04
5.326796013268729393e-04
1.193822445636718048e-03
7.154734433532928791e-04
7.293693056412227285e-04
6.112313196203022873e-04
5.257001204312421660e-04
4.408343488615706278e-04
6.718614892949756811e-04
3.128266658877038530e-04
1.132739920145965510e-03
8.046958189470072333e-04
9.952510285021320263e-04
3.871848656449518766e-04
5.884503923141151324e-04
1.104058713549141207e-03
5.973723271024398464e-04
5.515570931183897806e-04
3.752487778527885919e-04
2.858323324392722173e-03
6.395766753690488703e-04
7.755516341263488447e-04
8.244915890644609509e-04
2.832887046372385611e-04
1.683605633783322392e-03
4.844977549928010992e-04
7.060129532312477358e-04
7.010997339441471608e-04
9.465726342308797454e-04
1.255302468266444741e-03
1.720241114910022861e-03
4.430792656984939995e-04
4.799514544202546800e-04
8.457147940292263901e-04
5.825811485634666345e-04
6.379804425922808728e-04
8.772705797399348590e-04
1.911739035223244650e-03
1.012044606386553521e-03
6.801214920371950615e-04
6.318239244921944938e-04
5.155216731372102646e-04
5.644594671296107201e-04
6.182945557683175702e-04
1.081811488628725603e-03
1.382186771027465923e-03
1.064778706248425575e-03
2.680861632410364188e-03
7.309386647190432504e-04
6.619428541310863872e-04
5.623691477276909290e-04
7.876332312222119898e-04
9.679494962889611653e-04
7.312288833549100524e-04
6.152584360749603588e-04
1.459598883913934119e-03
9.934717452440933270e-04
9.638624121925799901e-04
6.981597333350005345e-04
6.100912476767516093e-04
7.006455557197797208e-04
5.995981678777391769e-04
6.250410605795398734e-04
6.911229037908866004e-04
3.710927560086302681e-04
1.068064973802861778e-03
9.017628034460214818e-04
9.131726537135154663e-04
9.203127234689265383e-04
3.490286306867635899e-04
4.406062569877543895e-04
3.722124849954429153e-04
4.268826684816900432e-04
8.410271821518332724e-04
4.478230076155518234e-04
5.624245982060822793e-04
6.257493690719162461e-04
5.189650392063728784e-04
5.303019961413768003e-04
9.414594442485748433e-04
7.135963035977099496e-04
1.454643324674367291e-03
5.233363704273854937e-04
1.771431429430191454e-03
1.258418305190752958e-03
6.923776526480882303e-04
7.953318447405202316e-03
6.665411600310757259e-04
7.280751107564232497e-04
7.502166282693128237e-04
3.126102971607196135e-03
1.495386629558255812e-03
7.095483004350509187e-04
1.142358170869077786e-03
3.285380423888942789e-04
8.577747167970651209e-04
1.287518134127428431e-03
6.340379072534988369e-04
7.907933274162413928e-04
4.064334151397194653e-04
1.491566211333198713e-03
1.277858873105329777e-03
6.483129870655821112e-04
1.456720098474491906e-03
1.995877781996733928e-03
6.489248244916504590e-04
4.259325237120636389e-04
6.682842434361885254e-04
5.054211354661149267e-04
1.041301619159776736e-03
1.129821128507742896e-03
3.322181133061481110e-04
1.405941652187466537e-03
3.938423235163159702e-03
1.051541279966998390e-03
1.155948328541821961e-03
6.913904259369603499e-04
5.008833687647192088e-04
7.340260100144876476e-04
8.787519705189698665e-04
4.821842481131454567e-04
8.354136307707633316e-04
5.809397500092554822e-04
8.387026478203420555e-04
5.121766416861298337e-04
1.491966816134828724e-03
4.463678870549584897e-04
1.678941782786743829e-03
6.051951743995222710e-04
9.181565514565879094e-04
8.966714209559445078e-04
7.074795558896118013e-04
2.395918286708276397e-03
5.224449569155155230e-04
6.704689282395168452e-04
6.028064919838520969e-04
1.793122791612897053e-03
5.081605564557936747e-04
3.974156417112566990e-04
2.034457931159089437e-03
4.898614929213031309e-04
6.503253768030115272e-04
1.132797399457552597e-03
1.131579154740184603e-03
1.241325241827305730e-03
3.354539196440106175e-04
1.038679483821772394e-03
4.305862906485916205e-04
6.927456070675527301e-04
8.564809700916806634e-04
4.409356993399412552e-04
2.315313985404572877e-03
1.051219324602375299e-03
5.030718064332097153e-04
5.725123759985861717e-04
1.008852432625963235e-03
9.156833460467387166e-04
2.775917707177010668e-03
9.511599659142804496e-04
4.724728364550676843e-04
6.991050451716701109e-04
8.021716762590477444e-04
3.936558948696370209e-04
6.568316451487169957e-03
5.637146162018810691e-04
2.067080390368495994e-03
4.879556139131760320e-04
3.894272427876622859e-04
5.308649723953960068e-04
5.737447955182792356e-04
3.305928268784716676e-04
7.419268541096283578e-04
7.717351315800350178e-04
7.919311014889160710e-04
2.771519260186786787e-04
1.279310873757655721e-03
6.051951743995222710e-04
5.872101135220529448e-03
1.292141150433825676e-03
2.677439635655406991e-03
5.706026285245538237e-04
9.742350470226025533e-04
3.508555297545641778e-04
1.033342405099690149e-03
1.445327582942691020e-03
1.101612272760737468e-03
6.281740280709855384e-04
2.004675576839102125e-03
4.579159597127589526e-04
1.134466037857767258e-03
8.062042758485023870e-04
5.183026426148207300e-04
1.620490440778596169e-03
1.190559724632962030e-03
7.733886204794259388e-04
6.457872867880882746e-04
4.126500554181678046e-04
7.337864554992216178e-04
8.958476584608081935e-04
1.196324389390619920e-03
8.363567082082967079e-04
8.206569766982398746e-04
3.883044699280924390e-04
5.831114480359274582e-04
1.683605633783322392e-03
1.374122077493274358e-03
1.100604101827729660e-03
4.637791470286662526e-04
2.186985491463859857e-03
3.940196924250649949e-04
1.037683862648267888e-03
6.048909816192631593e-04
1.291739489276920276e-03
1.604211471542005231e-03
4.121934329612927288e-04
1.081811488628725603e-03
8.673557422427347150e-04
7.086530243696752837e-04
5.583121547786719114e-04
6.790474474750270899e-04
1.167289477033883055e-03
2.166484138013187021e-03
1.166737030441364646e-03
7.072775593652037580e-04
1.890821692177421061e-03
1.185797653375114582e-03
1.066656049630176949e-03
1.650294797653104875e-03
1.593075297929958051e-03
3.156387364234609569e-03
6.910661398813643585e-04
5.404575292341807233e-04
4.761861352549702801e-04
1.215117472941085967e-03
6.391400470010448302e-04
1.685686275010203237e-03
3.755163520311643652e-04
7.181632252005389506e-04
1.294202418006921767e-03
6.995152990460240007e-04
1.820227866373693272e-03
9.640480553195549364e-04
9.544046146658149423e-04
1.443715039124596720e-03
1.055558191174058849e-03
4.986477754220518298e-04
2.300229720299556534e-03
5.273396252870832203e-04
4.839076274077349781e-04
8.768159602412868483e-04
4.584416982098673881e-04
7.941235548157419459e-04
7.595121365257380365e-04
4.476011377425355301e-04
4.561360914951250053e-04
5.322165005552956327e-04
4.634522077511378469e-04
6.259028352978341682e-04
3.706093016484981605e-04
7.290696494849587027e-04
1.127944472782163761e-03
1.338816343143895511e-03
1.887602947890735031e-03
9.420168030573373725e-04
1.930081740068174652e-03
8.290860883206990989e-04
1.056083036702375926e-03
7.148148133100967099e-04
4.686055701785552799e-04
8.375032654433625700e-04
9.846954927444583582e-04
5.913585778659157617e-04
6.143764799306220730e-04
5.326796013268729393e-04
1.615220736533528288e-03
6.041202116805547946e-04
5.147094387687522555e-04
7.363965568059139318e-04
6.421219986531938317e-04
5.891449935372870513e-04
1.048522442128093767e-03
1.017211171896839498e-03
1.590940982771272888e-03
9.060998857699139588e-04
8.154308424231710610e-04
3.518160883567276629e-04
1.437135510665763557e-03
9.951047522321573337e-04
1.155241237069800199e-03
9.122709358891724395e-04
3.647451644097300032e-04
1.159690415000001274e-03
8.954351617363460851e-04
1.717776934637201902e-03
8.812798496749298105e-04
6.361033148799831493e-04
1.068314737785802182e-03
7.830758785213688721e-04
7.647197003651465957e-04
4.857991192472280607e-04
6.106855708465597395e-03
3.092018827659724590e-04
1.297954403502355478e-03
5.776965829321458520e-04
1.109939151200003363e-03
5.194454735067951861e-04
7.403275546376267757e-04
6.250411691818094119e-04
1.708127908153586226e-03
7.786607624257234957e-04
7.203407360346784959e-04
7.024074220367161744e-04
5.199315215648129922e-04
5.997144430305988583e-04
9.012658041494625658e-04
6.152584360749603588e-04
1.044923563943146857e-03
6.935033911740463245e-04
3.339354462665437319e-04
6.541847606691549803e-04
1.307086481706678290e-03
3.157129715430450831e-03
8.889134373057903937e-04
1.299264234638410108e-03
8.494151766302678779e-04
7.816346951280531185e-04
1.382479582547055125e-03
1.439764948585967649e-03
7.134846153185465641e-04
8.502299315525293230e-04
9.017982782388657458e-04
5.839273778706667584e-04
8.452895615880324153e-04
1.452771844190949620e-03
1.594103032330394798e-03
7.765629107163431145e-04
6.692830305498805596e-04
4.816453030806033125e-03
4.245579160122506376e-04
7.028099303145538945e-04
3.871848656449518766e-04
5.763075844654737094e-04
7.692856690661405757e-04
1.504584725819627274e-03
1.149102860857440390e-03
6.127006627713479881e-04
7.615563953386930273e-04
5.264951881951617993e-04
1.109715306254907552e-03
9.955490614829568333e-04
8.097904400154225463e-04
1.070361438307289694e-03
5.421694579020422443e-04
4.974484822718115143e-04
1.000558665646148360e-03
4.245167743019177754e-04
6.755199106516127875e-04
1.081140776094659207e-03
7.472696601696404749e-04
4.407666595975915941e-04
3.287898429237751173e-04
1.267288447446515698e-03
2.930544538995443968e-03
6.322815578723843012e-04
1.401410391208137134e-03
5.615411632931096480e-04
1.179992665617946111e-03
9.215530335017625392e-04
1.791282475221791766e-03
1.004017911911177924e-03
4.877891633624453446e-04
7.947165774351139375e-04
1.126195362637356532e-03
4.535517459176046013e-04
5.825347563245573479e-04
3.107077590459116469e-04
7.262561945400975664e-04
1.320120181086680087e-03
1.337482499389950914e-03
1.235678476250374460e-03
8.701914587637404061e-04
3.075315747903948314e-03
7.337111410062762719e-04
5.797165790881606473e-04
6.079603746071395249e-04
7.680279891288243222e-04
6.030274328253212770e-04
5.434793094855383576e-04
7.153546572593319974e-04
4.958711479590590093e-04
1.286349217988366506e-03
6.336042326573007198e-04
5.270187868965344521e-04
5.396340066784388254e-04
9.316746948921586372e-04
5.081605564557936747e-04
1.494615897959497260e-03
5.269850764120975663e-04
2.138945303778977240e-04
1.035493860089706664e-03
1.061083764695178698e-03
4.006301398756123046e-04
9.986736639482239261e-04
9.021749589853076670e-04
1.082103375483169788e-03
6.240481697709708130e-04
1.964702053224606608e-03
7.715802326627597268e-04
4.265676783376076394e-04
9.714260171502302980e-04
1.208641104424310444e-03
1.164943615207172630e-03
1.390860916149512429e-03
4.161921350705743701e-04
2.220460071547061733e-03
1.391546687505190163e-03
9.472051861932474608e-04
6.330434949592687920e-04
4.686382095992907854e-04
9.378730584297774930e-04
6.009938066405755936e-04
1.203452773026596982e-03
1.305270814627917724e-03
4.433928998730585279e-04
4.757316616455490752e-04
7.865457255914278011e-04
8.420324194133700733e-04
9.357450275687752587e-04
4.634522077511378469e-04
1.150584230803534556e-03
1.873732489710204811e-03
7.372775161369178685e-04
5.492078046033601908e-04
8.920490451249883917e-04
5.617036450863329691e-04
5.421447923640289280e-04
6.268089162255518825e-04
3.339395504111306728e-03
1.622571874954676372e-03
1.803455462374242658e-03
3.614931636029311730e-04
5.809397500092554822e-04
6.122100311922090482e-04
8.930881183678819005e-04
1.304739948868983675e-03
1.075690247272645958e-03
1.069596413307185483e-03
7.364985560677268393e-04
1.004017911911177924e-03
8.442445548501379109e-04
4.784691968666605357e-04
1.205245821857754132e-03
1.114892846594686855e-03
6.306205360743056361e-04
8.365032341740982411e-04
1.522923229520830972e-03
1.775035288880711781e-03
4.951385505905875556e-04
7.390044882585033179e-04
3.511961020981248390e-04
4.632894563969849585e-04
5.960926354747461730e-04
6.223392169774228646e-04
1.139858516335850915e-03
1.761800728894582059e-03
1.671192568940296297e-03
9.052107308424138651e-04
1.493765574935268644e-03
1.294920800709519490e-03
4.666908277696325347e-04
5.575404406086923587e-04
6.896722865695293974e-04
5.681841502802419249e-04
2.208481664260547594e-03
4.672564978518436128e-04
1.193822445636718048e-03
1.749675493882244578e-03
1.178566901351441867e-03
6.404126234141518242e-04
6.850027187970031319e-04
4.213652503121085397e-04
4.444903245099407507e-04
4.343868451175985322e-03
7.424437161814524330e-04
7.428237691210140417e-04
1.382020166474468622e-03
6.905870480771031644e-04
1.343523588115565041e-03
1.238075328281361886e-03
1.029518512904390067e-03
1.471275313717011757e-03
1.171796536862845968e-03
7.957578681800268026e-04
6.717959245826589029e-04
1.661569607054251161e-03
7.280751107564232497e-04
9.286182049404690872e-04
7.223040598707445399e-04
3.927044765285363052e-03
1.070365904440238620e-03
1.207668266229640179e-03
5.505656846462048939e-04
1.591239159963269562e-03
4.881125153525897229e-04
8.952865805060711843e-04
1.335501305067668832e-03
5.458964016969336704e-04
1.643871307375143875e-03
1.117085127006886211e-03
6.537228183929469708e-04
5.668114869622066336e-04
1.203962847697823005e-03
2.631265320948030124e-03
6.437050522301560225e-04
1.217484088356270448e-03
7.553352056452159076e-04
1.069861191223320674e-03
1.343953089807654530e-03
8.098017508475818848e-04
1.546056490175567967e-03
5.273340304977796114e-04
8.887814707136668839e-04
1.496275535556341931e-03
5.177069548206056577e-04
7.502059251933582227e-04
3.545720931063098724e-04
7.580818883353164072e-04
7.911320870038433123e-04
1.675811734909333833e-03
1.422567112277873863e-03
1.744491810453387484e-03
4.055689113262503885e-04
6.530302915835116493e-04
1.292605944526038168e-03
3.592442919353960960e-04
5.814599865530241602e-04
9.139673750406249794e-04
2.908414225094826683e-03
9.658893883048345159e-04
2.087362298069225276e-03
9.668948485985542083e-04
7.067494983114862642e-04
1.708988446778782633e-03
4.478532668046948293e-04
1.293345267400301118e-03
6.794224434726093848e-04
1.213019335595156992e-03
9.672758770290652277e-04
8.253421700489925331e-04
7.628340417492424043e-04
9.353385000921768389e-04
1.112208167820028003e-03
1.652295300218908133e-03
1.738648504647361415e-03
4.238666857223620413e-04
1.093376167494204991e-03
8.377326826927549699e-04
4.417693037305249482e-04
5.108891613239322340e-04
1.409286796007992205e-03
3.474116473100062347e-03
8.779779629170174435e-04
7.247645817247254938e-04
4.595820550366294340e-04
8.255974447868149810e-04
6.036246220633936137e-04
9.774397863969129518e-04
8.870895223195408939e-04
9.247774110683089485e-04
1.391046515718328451e-03
1.085960270898929988e-03
5.447628492479212941e-04
9.332906259061643853e-04
7.730561875675641750e-04
4.102502226047019486e-04
1.375905531856790130e-03
6.760509935583781287e-04
3.542784548457275683e-04
6.968389728974753354e-04
5.277654656626724027e-04
5.421108349105472181e-04
6.950487142362459696e-04
1.346734184949549855e-03
7.184346394580988851e-04
7.021199300558735338e-04
5.981503980440724044e-04
7.093704341831377595e-04
3.157130537776118846e-04
8.857809551109571949e-04
1.070538629939297125e-03
4.332581219540784594e-04
5.884926730129111643e-04
1.188694297657743844e-03
8.456322373985702273e-04
7.412347593157955815e-04
3.747313280558953294e-04
4.449601756130824480e-04
4.634812547447892447e-04
5.776033073488374536e-04
7.061635728717820162e-04
5.611891000040356752e-04
5.409676978929488884e-04
3.781188945857180445e-04
5.607511312191742646e-04
3.942995510254778779e-04
3.338408910270334977e-03
8.888487810858428399e-04
7.473763476237810059e-04
9.860590216782903067e-04
5.859832613242892379e-04
1.193331729170340159e-03
1.561927861789478818e-03
3.233839681666944967e-04
1.334186850560440882e-03
4.412745608436766933e-04
4.646802988842603076e-04
1.183223924200302399e-03
5.383558326107281029e-04
9.433453403679073089e-04
6.022019931735759493e-04
1.700654720254570190e-03
1.346734184949549855e-03
8.561252948868339251e-04
1.076323163572043837e-03
8.468894194404979342e-04
1.811684769985029766e-03
1.023433784751918204e-03
7.066721802965892762e-04
1.325238818112267885e-03
5.032390057319005745e-04
1.399561444671147247e-03
6.515118083428579447e-04
1.035177621567207832e-03
8.711579304019460325e-04
1.371032690788769179e-03
7.093177740822211724e-04
8.966199729375024571e-04
3.573043690187562623e-03
1.401922138100376945e-03
6.406753447716572424e-04
9.916383458721900277e-04
2.734476136394618263e-03
2.352034893843741887e-03
2.983749998311134230e-04
5.971382831051789356e-04
8.459149827726287043e-04
8.991506465020684957e-04
3.340137933928884174e-04
5.916801090409771211e-04
7.607160163892353862e-04
1.451183485080893192e-03
7.492580580479130895e-04
2.315313985404572877e-03
4.351835311516822182e-04
1.814917166798062000e-03
3.633728684504946671e-04
1.013970650080463741e-03
1.990269199469820241e-03
1.517072523428104631e-03
1.221395005260520221e-03
5.934898390880819982e-04
5.785408198442074969e-04
4.251209504224022604e-04
9.627941585720385274e-04
1.145971876996295432e-03
7.173589803723233981e-03
9.899492781852384671e-04
6.176727401027963136e-04
5.252219798254665088e-04
3.921853373782438587e-04
1.043964491432461221e-03
6.697445063715991688e-04
1.389091855777906288e-03
1.085832981357234307e-03
2.293337007593243635e-03
6.606927088434873209e-04
7.398624272386505841e-04
2.609083625094779212e-03
6.259916916833695470e-04
1.694400193104894257e-03
1.000914455839792879e-03
4.121934329612927288e-04
3.016939214946912215e-04
6.717959245826589029e-04
5.907495358913556014e-04
3.584682844776898233e-03
1.159616566016431890e-03
7.093704341831377595e-04
1.255009212243316527e-03
1.041238211614390393e-03
9.847597031248922755e-04
9.433872634143806524e-04
6.516920780772774389e-04
5.796717152636357822e-04
7.422366080458188409e-04
8.872499013391813537e-04
5.483553330110766582e-04
6.606135783009560577e-04
5.355033857812149150e-04
8.312343931736311618e-04
1.019863826182632266e-03
1.133858641421805818e-03
8.958119248257219100e-04
5.883161519588360000e-04
6.576905753575990748e-04
6.889208339218228557e-04
5.578020405553579374e-04
1.210142154650860032e-03
8.144528262892282433e-04
8.079175137684222385e-04
1.545745566103965416e-03
4.636456741760402946e-04
4.686981997568725870e-04
6.864909349486280612e-04
1.083758225823750528e-03
8.952865805060711843e-04
4.494069524044601608e-04
6.160647818986076437e-04
1.963012495408938789e-03
5.148775093903999343e-04
8.118965519103490134e-04
3.479296502043335393e-04
1.291739489276920276e-03
1.748113715933684439e-03
8.860698299575102323e-04
8.717624330488762648e-04
9.205124395961388536e-04
7.514543815915567795e-04
1.109565773941705935e-03
4.555525840536642289e-04
1.151147654360032239e-03
1.610444154431774381e-03
1.424583829270361464e-03
1.076080890134691308e-03
1.245994104125882664e-03
1.001260399816285241e-03
6.409010542065332865e-04
5.912292023973667434e-04
1.286778306966233822e-03
4.747248779658762058e-04
6.684627820100473052e-04
1.275884935332487809e-03
5.264951881951617993e-04
4.610929192046790844e-04
1.336173077201742573e-03
7.964713519834531108e-04
9.686128267334995733e-04
4.117702200034083367e-04
8.689518600584968284e-04
2.033539844240299203e-03
4.487264734160798158e-04
4.584545086802107043e-04
1.247269387239732753e-03
7.299705369477661222e-04
5.668114869622066336e-04
1.058769434128508302e-03
8.643397810771323271e-04
9.175895944852033737e-04
7.055786921731336961e-04
3.852318933166163565e-04
4.591865754809547101e-04
2.219166618015019216e-03
4.517097142099926418e-04
2.275784201730055283e-03
1.372691040531950077e-03
1.016254847578811678e-03
5.532980331902669687e-04
6.921533907160922231e-04
1.240612343928582757e-03
1.069616639004045437e-03
8.892459596027683282e-04
1.547710972853563651e-03
5.078224685718392114e-04
1.545107149551130151e-03
4.441433893609992591e-04
4.881125153525897229e-04
4.740671602820337930e-04
8.346773583689877287e-04
7.178141200801038419e-04
4.118370964842460154e-04
