4.007804576229934764e-04
2.945874987105147422e-04
5.973231413340171622e-04
9.554172865272540349e-04
3.633676492537475720e-04
6.209646056941999816e-04
3.344342369716617929e-04
4.773150616559062578e-04
5.061707331032370928e-04
5.033433545241315990e-03
4.122434659988941119e-04
7.740630539928701438e-04
8.211574195105937829e-04
2.107201652028860544e-03
2.393499816097615480e-04
7.334004223777611763e-04
1.283137839462989522e-03
1.155744811938323648e-03
1.175072766142410243e-03
2.830704797373364027e-04
1.306559010728302467e-03
5.257428400263149419e-04
2.783225808339144600e-03
8.833464299641363661e-04
1.992735723742681490e-03
6.335889334943759074e-04
9.263168172579323888e-04
3.940684230324737651e-04
5.451511352781238931e-04
4.142715867187871256e-04
1.539469216515098509e-03
5.985567366128624828e-04
1.843648205850296259e-03
6.950094108488191714e-04
6.637285861527585313e-04
6.194286728713119380e-04
5.462328675132111259e-04
5.736913361770040742e-04
9.994947116161148528e-04
4.726744117844145854e-04
9.707495217572873576e-04
6.811315375586835148e-04
3.456302948301800005e-04
1.334120144045042007e-03
1.196949845873209904e-03
6.227664362091837576e-04
8.402245669707649172e-04
4.321076970786954380e-03
1.333517195791140020e-03
5.448693978672006829e-04
6.648014417361237200e-04
7.324708236209913261e-04
1.102485834252274303e-03
3.442330020043636845e-04
6.699332457062073852e-04
3.854973171163395343e-04
7.584535917642370832e-04
5.722120258053495050e-04
5.038743634517310263e-04
5.148462331611945719e-04
6.172449422619425991e-04
5.782089248535980880e-04
3.661171211278413775e-04
1.411718420885937821e-03
8.641204676178023498e-04
7.687186375522550704e-04
4.321076970786954380e-03
3.950178393900110056e-04
9.720457186342701958e-04
6.015295665602073821e-03
7.832444043222001754e-04
7.982709986782005876e-04
1.175834932640555663e-03
8.962233902970807072e-04
6.302429428346152185e-04
6.416005068814556282e-04
3.695511747657617848e-04
5.216196340397821242e-04
1.049488332266851299e-03
7.095814191298121642e-04
7.850739696763692124e-04
5.730561720673024197e-04
7.057794440802580465e-04
5.011117011936722923e-04
3.313527436870121272e-04
1.275474662406534971e-03
4.350514324972994140e-04
7.162090856474413823e-04
4.775249855898087720e-04
2.062343219523102289e-03
7.354938461441634569e-04
8.069409770151207391e-04
5.833155506538789887e-04
2.817799940757952180e-03
8.239914237398004559e-04
5.017531838817471416e-04
2.662609232909403812e-04
5.124938593974973262e-04
1.203245764835306555e-03
4.215869962319205785e-04
7.888360437727840162e-04
3.406665582589158141e-04
2.078510767309053094e-03
2.687065738485570096e-04
7.544965365537378626e-04
3.878668771465284821e-04
4.753589603161961904e-04
1.112094460441265947e-03
6.589256992322352477e-04
2.594528222817844062e-03
1.307250768995534169e-03
4.973371929996141597e-04
4.667437730324757459e-04
7.285321113344943008e-04
2.156233064625680262e-03
1.833373412520142298e-03
4.190985613587498671e-04
1.842015831155320582e-03
3.228666641403601608e-04
2.246085043328467645e-03
6.348980818137941887e-04
7.298887896507373109e-04
6.572083186135773076e-04
6.285155331019623773e-04
4.095872023386802553e-04
6.264893261037697862e-04
6.102772332714474042e-04
1.357915690685186248e-03
5.925475487432010696e-04
5.540296150704624887e-04
7.121544627350963330e-04
1.246557812288684366e-03
1.157195067033484417e-03
1.888297282681101769e-03
8.187038349633870031e-04
3.438356080370727486e-04
1.558062026328389804e-03
4.088571978226392838e-04
4.867317722952656201e-04
2.611382206709543345e-03
5.206938919131055702e-04
7.302247054663108233e-04
8.616060574885384560e-04
3.868669627362866011e-03
3.612966656964140539e-04
5.258468646949916682e-04
1.129608493292311557e-03
5.105895763143472512e-04
2.840363188097106296e-03
1.178618302523781834e-03
1.451041623334077633e-03
5.287520821352772668e-04
2.077673575381139368e-03
1.172066241357545315e-03
7.620338727846307685e-04
3.873485886836567586e-04
1.057298967414437539e-03
7.328435494438378158e-04
1.242767756557706981e-03
5.501264748183345640e-04
4.108553351083750319e-04
2.005753403746112103e-04
7.546619721150919866e-04
3.671841120771680757e-04
8.421084105542530783e-04
4.667426071762455588e-04
1.023836283294688463e-03
7.546554420530557448e-04
1.871767381611599184e-03
4.966569268840847259e-04
1.528416256229827826e-03
4.058256662545298567e-04
1.288890471482027249e-03
3.269290689538807454e-04
7.970436188785666584e-04
7.721034609427066420e-04
3.853468914430282339e-04
1.288826550153382346e-03
4.665710195056368406e-04
4.966569268840847259e-04
2.925230472195171436e-03
1.078991872792252164e-03
8.740051276469230522e-04
5.352847080537697158e-04
7.454749078078720453e-04
7.986185365705655024e-04
1.107188993924211867e-03
6.294597104648595428e-04
9.911510707567110483e-04
1.688464800030885704e-03
3.986346629852793389e-04
8.253923733216394316e-04
8.407655162138746429e-04
2.496902154789765161e-04
7.620338727846307685e-04
7.702183617876077158e-04
8.927204567092880683e-04
5.554346224664431309e-04
6.047562299896308774e-04
1.391156335447821376e-03
3.838245302718678686e-04
2.394414127081082619e-04
5.249707318457161190e-04
8.877827709425493204e-04
9.206510286214006919e-04
1.427631872264434679e-03
4.591027335700518944e-04
1.869392608895505082e-03
7.332404238396597867e-04
7.098335660960910024e-04
3.106240023681485505e-04
3.387567042582532843e-04
5.527475352803502351e-04
8.061657568333833622e-04
7.513708577502770667e-04
4.047133747899412824e-04
2.724971561845325007e-04
9.688995611526106605e-04
6.156988783828481462e-04
4.957734502729982742e-04
6.667975528328436369e-04
4.119665803365938229e-04
1.777081846395219770e-03
1.280617803422156665e-03
8.996016715100190126e-04
4.734257990401153520e-04
3.993935822113625655e-04
9.853203262083587519e-04
1.628900267992541753e-03
5.396165103960141136e-04
1.612421439356347260e-03
3.661099390818191301e-04
1.452561344444556861e-03
1.987292048096616411e-03
3.673782255730698447e-04
8.000637070534663943e-04
2.357981059232562310e-04
5.001592242283575815e-04
3.731163923258250898e-04
1.113209499515681626e-03
3.238414808104825250e-04
9.436467256662907539e-04
4.245220065284082030e-03
1.070268487535987580e-03
8.982017450989635953e-04
5.951316302582616413e-04
1.013490964081767030e-03
7.935935934395771992e-04
1.338378189841446910e-03
4.551961700528192622e-04
5.686686955487797431e-04
8.005336258985387005e-04
2.674516502675211289e-04
3.427727852563943367e-04
4.107442044705782690e-04
1.793275513233332993e-03
7.325966950592017806e-04
3.212315920607904779e-04
6.064058666396159383e-04
8.984699407657494204e-04
3.461613567004894528e-03
6.531180961743492499e-04
6.705755465189912725e-04
3.846988713977036100e-04
5.689036039493747211e-04
2.042911245980641791e-04
1.725872726579195287e-03
2.450085331988280032e-03
9.908628188540291939e-04
3.789416547149063565e-04
3.902592512826609170e-03
1.531681080554685116e-03
8.496880537036131985e-04
2.647692554040432232e-04
6.754672160217594160e-04
3.090717997749097196e-04
8.341356112920316618e-03
5.578346212737421948e-03
3.329507500047353347e-04
5.765375703549920896e-04
3.296073029470813001e-03
5.968503417947559160e-04
9.117590431277325554e-04
2.520066116959265357e-04
9.485660945246600969e-04
2.535851734272405239e-04
1.123158335989968889e-03
1.898824150397168372e-03
1.082562991088726950e-03
5.251189819451320675e-04
5.362710660736270951e-04
4.680951855784974171e-04
8.240562850488928953e-04
2.205910355963922563e-03
4.816956947461209591e-04
3.965718969148345255e-04
2.413887472803767902e-03
6.720080972607597562e-04
9.895432902826939957e-04
7.079422663101494215e-04
9.694558280023534563e-04
1.974493953247918225e-04
1.191073130365086739e-03
7.097897248154924057e-04
9.988834600049936209e-04
7.135405912548051276e-04
5.753093582488384488e-04
9.855659314173912267e-04
4.351162252476092332e-04
2.241380367908220664e-03
4.116739180617489508e-04
7.230780975093208671e-04
5.740912945089601772e-04
7.600093805284275283e-04
5.956966593626568645e-04
6.529785290101605688e-04
5.956592444776761782e-04
2.590896766632985802e-04
1.435383859022111184e-03
3.708484039368038841e-04
3.486570561639836668e-04
6.832027401584007649e-04
1.195403876747950546e-03
8.429326940433558941e-04
2.128083320337320649e-04
1.027439898833612140e-03
5.380537186080948300e-04
3.720846318090558218e-04
5.690823889888848826e-04
6.593944254751017611e-04
1.154248712514384378e-03
5.870159394929698330e-04
8.906439754858856347e-04
1.787686321207087431e-04
3.297350824263984973e-04
4.151374733344523555e-04
1.072630347434429298e-03
3.472412475133785856e-03
1.020284813423635514e-03
4.118533722636765924e-04
5.487872257488806511e-04
8.459654155921276153e-04
2.825295568730176472e-04
5.408584839220722997e-04
9.614103838654973304e-04
1.749729918120808327e-03
2.124861561301565147e-03
4.592304454381819783e-04
3.047341620922552809e-04
4.198535555651169483e-04
7.275635407294302800e-04
4.234497141370984191e-04
4.117070885890796285e-04
8.675857195149490678e-04
4.195679654658559469e-04
1.475109053091105569e-03
2.052359541419173945e-03
1.046742829527636497e-03
3.017501410646524071e-04
1.181901438298273285e-03
6.387201541273505954e-04
8.139771864975481070e-04
5.296644307427717489e-04
2.593308852729019130e-04
9.290069133630440672e-04
4.628171333236896236e-04
4.110473676555809978e-04
8.230636684989662156e-04
5.980993622629852827e-04
7.888546037076075252e-04
3.349810261287229207e-04
1.334120144045042007e-03
3.190929645942849131e-04
1.481331617642432869e-03
4.817181624558625761e-04
1.686619650442457152e-03
1.262785370823379157e-03
1.039068449618868809e-03
1.361135041745373730e-03
2.859940739687200106e-04
7.195952583887335434e-04
5.023773939283518843e-04
1.405679268656616007e-03
8.644359673708436808e-04
3.792632082856914680e-03
1.075379282920997182e-03
9.139182384321831772e-04
8.049703133873502628e-04
6.671941794967332006e-04
9.226937899227560412e-04
8.604447611630218571e-04
1.004237594940107434e-03
6.350597756642457166e-04
5.041469059294957211e-04
2.432792796684244644e-03
5.298188476000723112e-04
4.134169373119318466e-04
6.137138305951932073e-04
9.179584532252658795e-04
3.912086315331670013e-04
6.057160619622290344e-04
4.222110430034213806e-04
4.392231375462397848e-04
2.687589774905396463e-04
4.020247420338017661e-04
3.257353517192175096e-04
6.598855926363678516e-04
7.631033371750194604e-04
1.275474662406534971e-03
1.855898635231607689e-03
1.106211930141535148e-03
3.187610060478207521e-03
4.546934993431260303e-04
3.574545428123035115e-04
7.171278183687139615e-04
9.747037037570486714e-04
5.419436807800012993e-04
2.320665037581095375e-04
4.022431327185916413e-04
1.039150981058930027e-03
6.320110645154735068e-04
2.562945213700695227e-04
2.687589774905396463e-04
5.114641818355212437e-04
1.080722799798352653e-03
4.302226788116864553e-04
2.913327164745730790e-04
5.749832686349279354e-04
8.583553122498639764e-04
1.288617413416904374e-03
3.187610060478207521e-03
3.321457940020621229e-04
2.149445233314581458e-03
1.334120144045042007e-03
4.035938790707785146e-04
4.887487003673453940e-04
4.123685035115662962e-04
1.112752821573276913e-03
4.946782263170372909e-04
2.126265577125508420e-03
2.511600202033712577e-04
1.550507460435448463e-03
8.000609424560608997e-04
2.863900935753140834e-04
3.744704691344806231e-04
1.072099998719608501e-03
3.147221652816473364e-04
2.840363188097106296e-03
9.099474773951655342e-04
4.855149679476132162e-04
5.141470951944654378e-04
4.613205948973141709e-04
7.604766573007416689e-04
8.736293236284799245e-04
9.289071389822752076e-04
3.805266688100570412e-04
1.842262734839084874e-03
5.251189819451320675e-04
7.403772500330303751e-04
4.219874566298054434e-04
3.535133135987432451e-03
5.605895732165081663e-03
1.694000207854201275e-03
8.495370049211496775e-04
5.357713265949892159e-04
4.470469744283102733e-04
8.341389847780842758e-04
2.971461841708047773e-04
1.076236383017473370e-03
1.516480895248572495e-03
6.690582065746454544e-04
1.927470443539545724e-03
5.937138614610729939e-04
8.465880384476790746e-04
5.684540093627756668e-04
7.993661769344485683e-04
1.471996227382298909e-03
8.411588925277480510e-04
1.130009184015927891e-03
3.796678512627773725e-04
6.714487085876015169e-04
5.332856768008364988e-04
5.189177577066173171e-04
3.999554734363491675e-04
3.383987726214368781e-03
1.159529468209218430e-03
4.728484699665504274e-04
1.114024172221818321e-03
7.962357493396829237e-04
6.416951820011455605e-04
9.377979390856785568e-04
4.665281628172516138e-04
6.284813969826103745e-04
8.318454472827554319e-04
2.317019697080127585e-03
7.334717507118509441e-04
4.092146252424199880e-04
1.978264433640894437e-03
5.339116736463586166e-04
1.808107336997210289e-03
6.246105934597628298e-04
3.634667677920362270e-04
1.226587661224083203e-03
1.124458880042289964e-03
6.219250418814012936e-04
1.012549621079518502e-03
4.071998515131640319e-04
5.381573091687107515e-04
1.866002933765066206e-03
5.253111349570460664e-04
5.003480205593496474e-04
2.117996307804145644e-04
6.667975528328436369e-04
6.589256992322352477e-04
2.145421885394214545e-04
3.984229456217442127e-04
5.216412356535464695e-04
7.663219640891576114e-04
2.769061430962014951e-04
7.038054204095272335e-04
4.798005104906840745e-04
2.803690213402515452e-04
6.126763085953749891e-04
4.543900509789383473e-03
7.509441222481696206e-04
7.322916672230302300e-04
5.677681593623534620e-04
1.749729918120808327e-03
3.223423557790661858e-04
1.686357726671716597e-03
6.704789276224548287e-04
9.631515607914034214e-04
5.778158145857109195e-04
8.967556975765642773e-04
4.316131300187573544e-03
4.928849385142574854e-04
4.554094878560480293e-04
8.768262195784719791e-04
6.945622798350994508e-04
1.710482513884730490e-03
6.173447286471325703e-04
3.104652769199127416e-03
1.310492969907979576e-03
6.412548575175896614e-04
1.177994974916897562e-03
6.221748025924986152e-04
3.075092957363704236e-04
2.876226249755890405e-04
1.019637827628429869e-03
7.916669602137974774e-04
1.773332819878322211e-03
1.293209266654162751e-03
8.906439754858856347e-04
9.094091271610940663e-04
1.425085432457268110e-03
9.204150829044656845e-04
1.155758841992549904e-03
4.211090770453829006e-04
5.987808455133187928e-04
7.433775965173709073e-04
3.256579470286254173e-04
3.648884184206598351e-04
4.105471794535622485e-03
5.163537660428815746e-04
8.860393375951765640e-04
5.054258491852634417e-04
6.104601888398162408e-04
4.648978507586142505e-04
3.780887150472801782e-04
2.680389588242020667e-03
8.954995962013846070e-04
2.457509848297630248e-04
4.322580829866701745e-03
3.120274780048304191e-04
5.207579548070188783e-04
3.121610666188478437e-04
5.458418177293932394e-04
3.638074699018230274e-04
3.884245343290726395e-04
1.085580066260937110e-03
8.706309009159267712e-04
6.802746807771177561e-04
8.124160171118501809e-04
1.435898175510981955e-03
6.207466594037512565e-04
1.205772094563609684e-03
1.022124896646421947e-03
1.814377900235292608e-03
6.604240795361294774e-04
7.334849144081357578e-04
4.480304247918571038e-04
6.721828986004871071e-04
2.727083327642704355e-04
4.069601730113071511e-04
1.254182149150758971e-03
2.188621148359952331e-03
2.925531143673302300e-03
5.321171820553323179e-04
1.363448337330039296e-03
8.600683743826976601e-04
5.003480205593496474e-04
1.197588970759750878e-03
4.850463584535932415e-04
5.906390046113125332e-04
5.467599600205379608e-04
1.096664607398086487e-03
3.165994885013188593e-04
4.696389833604129875e-04
8.816354278785604615e-04
6.547577695316852877e-04
9.881885282223452915e-04
9.505225868715786548e-04
3.041978394860631041e-04
5.768909441228794186e-04
1.134714254743765137e-03
5.329413549293736440e-04
3.115070245704467354e-04
6.583768404459640518e-03
4.745633942011234069e-04
1.068131066236564786e-03
5.392923367376556898e-04
5.304761695870865556e-04
7.666285067921775522e-04
1.135310221694555994e-03
4.650222840823167465e-04
5.159681293981402102e-04
5.967773043900663705e-04
4.327313428502474880e-04
3.431573731644987804e-04
6.386813962164514594e-04
6.503989706453189518e-04
2.263063058605049253e-03
5.690459882365318973e-04
2.835646448227743159e-04
9.506445918150402798e-04
4.719242351230884015e-04
5.249601368831523706e-04
3.998171917975053519e-04
5.857835757518905931e-04
2.070891528735373244e-04
4.862856444232916764e-04
3.166901950809635955e-04
5.669032525462049804e-04
6.413782963863625666e-04
1.910165826334202363e-03
1.104854627374335157e-03
3.444301518323576207e-04
3.485417719726823481e-04
6.950860421563894147e-04
6.790962623704872251e-04
5.353372238356168041e-04
2.862935843098446571e-03
2.843224079620621284e-04
4.981547633851754952e-04
4.565591727708067662e-04
8.132031819291982416e-04
1.554898280646282559e-03
2.786364881718426511e-04
7.404600976371645974e-04
2.372746855926429789e-03
5.584858474778964244e-03
4.557519079527812180e-04
6.537892325606097649e-04
9.442253874226133386e-04
1.214858581810746583e-03
4.535093816942624033e-04
9.483199898123764694e-04
3.639870294607333557e-04
9.644550240111175515e-04
5.450056095142342136e-04
8.943550867260722853e-04
8.341389847780842758e-04
8.318454472827554319e-04
2.520924210897105243e-03
3.574851849062675403e-04
1.327947465925746881e-03
3.775146128749658019e-04
6.312638374671923451e-04
9.995197411189838191e-04
9.622782352250716306e-04
8.907540819586671783e-04
4.713251964304041464e-04
3.512011348489784877e-04
4.838426411003421456e-04
7.975323771543311969e-04
9.782881225023664414e-04
1.025310870175558976e-03
3.650562686798125523e-04
4.178164594895871658e-04
4.218714907545369837e-04
7.789465057119310774e-04
1.824514488208442810e-03
4.377513399949593278e-04
3.211392959171139086e-04
7.981324973988751341e-04
1.682404717766243334e-03
4.329515836905662753e-03
6.919529677681975207e-04
7.393538131038033569e-04
1.284197577513681134e-03
1.523245196820232966e-03
1.079733436740560855e-03
2.504936189777561646e-04
6.315040939959869551e-04
6.490504445511115217e-03
1.142270175600412817e-03
4.829570186054420069e-04
9.782881225023664414e-04
4.377866393326274334e-04
4.446556265845630069e-04
2.825418167836609199e-04
1.076420688802439156e-03
8.405313999533369895e-04
1.017020485779438366e-03
9.456540932735519505e-04
5.668115648464941078e-03
5.374518063768251100e-04
4.469663377833914025e-04
5.641396192304164690e-04
3.993896031157289565e-04
4.503002428870471669e-04
2.649890432755179688e-04
1.220837639725274064e-03
1.065309168005122145e-03
1.284181568027139989e-03
2.647692554040432232e-04
1.713624363924096767e-03
4.569329274877472575e-04
2.439496541273914181e-04
1.169487272453927562e-03
4.186173827098630751e-04
1.216931843327731088e-03
6.470234209844271571e-04
3.984229456217442127e-04
5.414119047655439497e-04
3.646179925833910448e-04
4.123682515533780421e-04
1.468185119089800194e-03
8.359587413199819983e-04
5.983990339594453915e-04
3.994918415952594388e-04
2.330740559549287962e-03
9.696684942449668122e-04
2.836407558691937756e-04
6.220983139727198586e-04
2.850806872026474359e-04
6.239500249644671943e-04
7.997630474255354970e-04
4.050773902100571894e-04
1.688464800030885704e-03
9.462870974336909727e-04
8.835141846870715829e-04
2.271133880142829544e-03
1.149674345647716230e-03
6.526431680533533028e-04
2.845605638574730820e-04
6.374941047202249559e-04
6.551473712015315563e-04
4.752637567887180842e-04
5.183086369965291852e-04
1.557102504297078367e-03
6.148357431588101973e-04
1.534055718298696011e-03
6.826100693043308815e-04
2.430697597004826977e-03
3.510190234352992687e-04
4.110920057471448394e-04
9.422362188439089735e-04
1.503807383278665333e-03
8.985720550579820876e-04
1.427287000140195971e-03
3.260640143965192286e-04
1.175834932640555663e-03
5.956966593626568645e-04
5.645526132207179769e-04
8.286652815290380600e-03
2.317019697080127585e-03
2.061439482537679065e-03
8.763004989055005666e-04
7.652134379120114965e-04
3.442330020043636845e-04
4.356659327718462641e-04
1.254182149150758971e-03
8.593952866713679530e-04
8.591329504508971038e-04
2.514119687590769814e-02
7.281502388290044675e-03
3.559342433459050290e-04
2.141325853803781060e-03
5.258685218385825188e-04
6.616411963803741237e-04
6.348980818137941887e-04
2.543215973671320040e-04
5.232624636047984636e-04
9.333748293418835237e-04
6.293025250348052236e-04
1.622701724494546218e-03
1.020102779274737132e-03
2.907958119108372238e-04
1.126443671921956852e-03
3.307160976531905430e-04
2.321431080339337986e-04
2.568648931884672925e-03
3.105439216818605915e-04
3.620196125987711262e-04
5.124390853468703631e-04
8.049703133873502628e-04
9.437797281789510068e-04
3.755623613678513856e-03
1.121257915109901120e-03
1.257416788951876314e-02
1.735518895116931011e-03
6.698944796601958738e-04
8.154310878988226940e-04
2.726559788508568804e-04
4.421057663642492786e-04
7.661458635128465993e-04
4.148696290556823829e-04
1.544955803402147743e-03
5.929537178434680575e-04
4.851812581280064932e-04
4.675203588775136672e-04
8.692385370802247369e-04
4.347737589684398597e-04
3.482400958177341043e-04
1.058270459778686522e-03
7.367174814428418790e-04
1.663747099412204089e-03
4.728284076571687708e-04
1.412714122792465892e-03
2.509337113804081549e-03
7.038008861829299660e-04
8.021696456499632184e-04
4.741815404954636583e-04
1.281382790854952020e-03
3.433943714957616179e-03
5.901285719361296263e-04
1.369359369425618032e-03
5.849782661673996395e-04
1.059286421258813201e-03
1.770129532539904812e-03
5.174550729481859016e-04
7.151047493196824095e-04
6.620085374311311275e-04
4.687256632008982471e-04
1.261461218387368915e-03
4.000459960886043631e-04
1.162576521678022412e-03
1.091392989354296678e-03
1.600754682832312417e-03
1.427287000140195971e-03
3.197574696006083399e-04
1.003266451507466668e-03
1.622732137750891200e-03
6.617218662308685991e-04
1.122893880431867627e-03
1.104284313987887855e-03
6.238792653216173592e-04
1.402304626481699684e-03
7.491617132367870465e-04
4.712489441285097592e-04
1.694188741029113623e-03
4.078865365795948748e-04
4.287038569883787581e-04
8.871724556717020677e-04
6.606959828870921257e-04
5.969285263349609003e-04
7.281502388290044675e-03
1.259389669764587622e-03
1.301591690644751621e-03
4.859107757592223101e-04
5.760740007565189665e-04
4.205174919683986627e-04
4.904659263287015035e-04
3.066478752774681325e-04
1.187124922172636985e-03
9.169719630420526115e-04
5.545209936981845790e-04
3.958824093135975713e-04
1.028264584308596604e-03
4.956389018595594312e-04
3.332398668518797590e-04
1.408735094910537047e-03
5.409769467113285588e-04
3.420551889121605633e-04
1.402622655955289722e-03
4.672145683208487449e-04
5.752865913504831693e-04
5.075831684552644220e-04
6.491427480006683624e-04
8.822119730224916136e-04
5.714534959405170389e-04
1.161553951066328621e-03
1.786035028086615985e-03
7.620338727846307685e-04
7.047719549784170695e-04
3.068098185067792368e-04
5.919910678730295073e-04
4.758725886838980831e-04
3.943983642045561220e-04
7.775110742262629840e-04
5.684330385681927176e-04
2.901118379631625237e-04
4.298215572362092053e-04
3.311601965564640784e-03
6.053393857714734535e-04
7.286682741611149499e-04
1.135276009307278205e-03
4.536929415911514630e-04
5.916561179946740103e-04
4.230875027245488353e-04
3.914361709974251472e-04
3.491891289558905829e-04
4.173771237211504294e-04
4.103882764274348338e-03
7.290739410005027833e-04
1.171971193812540403e-03
2.655267274492014405e-04
2.768685939015192105e-04
7.217569429867166453e-04
3.122292610650891651e-04
7.363074498361636081e-04
1.125343264120212249e-03
3.708237016994667037e-04
3.814260616211274479e-04
6.868833115112892062e-04
6.846961794938535286e-04
5.628102389910149802e-04
3.438475382812294207e-04
4.333417797776945740e-04
1.745903942316460360e-03
4.665302629257988025e-04
1.581156448366353605e-03
7.143477633390802554e-04
3.889875702268126892e-04
3.402011858178494879e-04
1.411715021118868174e-03
1.022536418214671115e-03
4.801810453579131066e-04
4.667679645145306200e-04
2.942843322514510323e-04
1.734276115635473075e-03
6.758055722594826648e-04
1.264178895871193552e-03
5.351960042894721419e-04
5.956710176898433878e-04
3.833731000661342561e-04
7.071127161058795392e-04
6.717674969365368225e-04
2.622718109610288088e-04
9.007669814089046658e-04
6.492745131374236429e-04
4.053064805760371071e-04
6.536526443709571007e-04
9.911172753101073034e-04
8.277470054480204949e-04
7.546619721150919866e-04
4.214352871904017829e-04
7.584535917642370832e-04
3.640406646943648069e-04
2.745201847627483892e-04
6.822672183804829324e-04
7.363074498361636081e-04
9.922201332713876699e-04
2.937848537224648513e-04
5.708893287593491597e-04
1.334120144045042007e-03
2.589514278559833411e-03
1.089740316983670932e-03
6.547233608943128736e-04
5.436319528369806895e-04
5.279208256662866168e-04
4.899715914365622297e-04
4.842589165935789748e-04
1.939993610740321480e-03
4.190446466559496347e-04
5.733711591545117637e-04
7.235153936012452686e-03
4.750233145840171835e-04
7.340935286929816533e-04
7.450307303254310315e-04
4.419300163612960124e-03
6.850968713394393504e-04
1.219300192948956493e-03
1.342572910001465667e-03
2.570580748869805187e-04
1.663747099412204089e-03
3.482298422176789178e-03
1.910190157089820947e-03
9.463056864481258134e-04
7.841575307736079609e-04
3.090858260615146689e-04
8.074423666265207128e-04
3.789520907209748945e-04
7.940408041252735097e-04
5.041013869671891580e-04
3.538450166794011604e-03
5.083852693254630600e-04
6.790803337181308035e-04
9.294023306898321424e-04
