7.261020265079829372e-04
5.859221820895969867e-04
1.041591036866878171e-03
8.655944336456844858e-04
6.041110552386010774e-04
1.960910084703886436e-03
1.215454704682608633e-03
9.964977804052090396e-04
4.338122495221231239e-04
5.641182714439859497e-04
3.310754565297500604e-03
1.033586283739210045e-03
4.314100493416348002e-04
8.558115304077597556e-04
2.122000771667699112e-03
6.429093163440116349e-04
4.059770946456525004e-04
9.838838156012795055e-04
8.763836770963396097e-04
6.352917912455974302e-04
3.541479194109534265e-04
6.012466784596962434e-04
1.123369235386219561e-03
8.021404391497032700e-04
4.109248411204118848e-04
8.075849716912452325e-04
4.705052558508614614e-04
5.279353823313149294e-04
6.746135791873391621e-04
1.252050497093600001e-03
4.370786151351554105e-04
1.118918407622127237e-03
6.652827112792237835e-04
3.484357689621549853e-04
5.930638533888126429e-04
4.705052558508614614e-04
5.047035708780266096e-04
4.881847303474477350e-04
1.033011031636777528e-03
4.844352947001466839e-04
4.908546835236377416e-04
7.766882877161975342e-04
4.887270917692660126e-04
4.666780826542749104e-04
3.437654788227494074e-04
1.171978394535454606e-03
1.610947290646971711e-03
1.622227625813662784e-03
1.142296070297719578e-03
1.067388459406826010e-03
3.248257667340170374e-04
4.887187983363192175e-04
5.714473916034058364e-04
1.813993092749016710e-04
5.324067552366475511e-04
4.322422001256272781e-04
4.409663517914143510e-04
5.296274147894283529e-04
2.984510860418625243e-04
7.956207270564097898e-04
4.567928221333962188e-04
4.264044089694497418e-04
3.538447880155099097e-04
9.686535813596598319e-04
6.824107078068115820e-04
2.921841890267227885e-04
5.417532662192983033e-04
2.243335256879098322e-02
3.718155191718257053e-04
6.859684689879678348e-04
4.597012278046681095e-04
3.392392550316870891e-04
8.509703776530325907e-04
3.056663612820782121e-04
4.714537958486134518e-04
5.099427571889416158e-03
1.807676179845595045e-03
1.380826918382049157e-03
5.103020914751913752e-04
6.123493439869454697e-04
6.232477715667943466e-04
4.598997468087528007e-04
6.949763280990946951e-04
1.695816738749269604e-03
1.770850106188378865e-03
3.777524630108078873e-04
4.338792983746281653e-03
3.132460041956479629e-03
5.190146110586896927e-04
1.068974871302773083e-03
4.710163975146390894e-04
3.942799298421799620e-04
1.380826918382049157e-03
6.008384648943197867e-04
8.312192296709390712e-04
8.187206740756853467e-04
9.788330072494420657e-04
4.918341485029121369e-04
1.095032447571154741e-03
1.769621356806274715e-03
1.469213880528452264e-03
5.925699922959331775e-04
6.941049384502000034e-04
3.330061660096568705e-04
8.778447473160187666e-04
4.679704648884276739e-04
1.068974871302773083e-03
2.661768037179250684e-03
1.326405326748326648e-03
5.603165305606129607e-04
3.246474169715874228e-04
1.066936661768325785e-03
5.163273449915107465e-04
1.267504361073213889e-03
6.860327867572344959e-04
1.077109425833569284e-03
2.822614206487566828e-03
6.568449378856701295e-04
5.931094727636332300e-04
1.335562124894675972e-03
2.800764572482182177e-04
5.912963350195851514e-04
2.229163892077167333e-04
3.314548568478451330e-04
5.531665519700498627e-04
3.441224594370064340e-04
1.046608193762029728e-03
4.945854839751548425e-04
8.862516919617305453e-04
8.047768591064301952e-04
6.732822024686862215e-04
3.300188876197849208e-04
5.737940466917289088e-04
3.004210945342632730e-04
6.602852983238075360e-04
7.728658523296681824e-04
7.453004608039880217e-04
7.544599898755860890e-04
8.623049492577976273e-04
6.350112998428650507e-04
6.778136286528630393e-04
6.164578532626934079e-04
7.694906763345830177e-04
3.263642837771683165e-04
3.714309279969608101e-04
6.313106860196911934e-04
1.198183014324705935e-03
1.091137102117541906e-03
6.846619239386784236e-04
4.354577439136882882e-04
3.681661835485885580e-04
6.411849786440263236e-04
3.556506123670149502e-04
2.139579815563691194e-03
1.192800008794400041e-03
1.079962746643912128e-03
4.370496341728017384e-04
4.046362875075119859e-04
5.826976748723984925e-04
5.509323373866818144e-04
5.548942394583653579e-04
4.453968616580985260e-04
6.824107078068115820e-04
4.906319073918871589e-04
9.301651434778866311e-04
1.187367088817102047e-03
7.160363866479799904e-04
1.100358004527083201e-03
4.227889189457234489e-04
8.623006599754820143e-04
1.004934999329116499e-03
5.925170793549245198e-04
5.541237531589288936e-04
6.752937189525550291e-04
2.384335755537365866e-04
8.579983441306129020e-04
7.765791045616144729e-04
1.452688627896163605e-03
4.251875271846811567e-04
8.109619765658828642e-04
3.256586960273646415e-04
5.593095724333635357e-04
2.591496876851641525e-04
1.841725083159091812e-03
3.603404949810647714e-04
2.583275464864768210e-04
1.547549996751822199e-03
1.117086200893346870e-02
7.776364510675898073e-04
3.173726741137086033e-04
4.777201197063942113e-04
1.151713329624034186e-03
5.830537400217201613e-04
4.409663517914143510e-04
1.334032282877845553e-02
5.038106458113290453e-04
6.233732684667523923e-04
4.763247554705143548e-04
6.662162566486854506e-04
6.318712307353981225e-04
1.784227230362867012e-03
6.934866907762690788e-04
5.126678866188625998e-04
3.019914946241096716e-04
4.593024817928453938e-04
4.687838699550360292e-04
5.468653935333713662e-04
6.859684689879678348e-04
6.699170429801691367e-04
6.143150334401074972e-04
2.992627935693994382e-03
9.994868635308958287e-04
3.114855669464329600e-04
9.456185891993798900e-04
3.942909626409154340e-04
4.369319425720469383e-04
4.845869772362709207e-04
8.363781907086587520e-04
4.598487178397286587e-03
1.767902404950630986e-03
7.326642757971393079e-04
2.502507720449037402e-04
3.613528304296344056e-04
2.889640409468092097e-04
1.812755438332032875e-03
1.027312209794152380e-03
5.432740494542247353e-04
8.424761590173216515e-04
1.994328184602612349e-03
1.124391808297224397e-02
7.565634503918448319e-04
2.577352617982229502e-04
4.668848621932532457e-04
4.560826916568206453e-04
8.045925703058731887e-04
1.165240445642280352e-03
8.449535200864763396e-04
3.347273245573567885e-04
6.486283519046642278e-03
4.108166532553421185e-04
4.078562177548381473e-04
5.099427571889416158e-03
1.352125410715951078e-03
6.629548080536359347e-04
5.523917349895393408e-04
3.629010646468258162e-04
3.096907472825211256e-04
1.506711513842391801e-03
3.798206784740265868e-04
6.264107353432929719e-04
1.254280480398493099e-03
2.980797556451568724e-03
5.089236131421066324e-04
7.619697438524693483e-04
5.231128410283105270e-04
2.038501226694953462e-03
2.976485912598095251e-04
1.323930386845665382e-03
4.506535763565918708e-04
5.791695979550583358e-04
4.155556701637578903e-04
2.365650705601499496e-03
4.593024817928453938e-04
2.724720757343384540e-04
8.150713682358154324e-04
4.952745957111831564e-04
4.845724938803413345e-02
5.938840497735371066e-04
2.204618835742722354e-04
3.433137901451249318e-04
7.422987563859466745e-04
7.980513769094382641e-04
2.101253546979286492e-03
3.387165518219429857e-04
3.392392550316870891e-04
5.197478278514030799e-04
1.185542679576575501e-03
9.118601125760303263e-04
3.029484891957429831e-04
3.488208305823383240e-04
7.519371364217798453e-04
7.577632372724307092e-04
2.528521461920773487e-04
5.150386584856044741e-04
2.759755216067546145e-04
7.009932056368890427e-04
3.680893272669672617e-04
3.456351487124434082e-04
3.659790646376619768e-04
4.360794907962458992e-04
4.516869237098603083e-04
2.123772587511381458e-03
3.543432914331550799e-04
1.694356606107170473e-03
2.259940586015384760e-04
5.851854911148367342e-04
5.189138687253106244e-04
3.197484792918811559e-04
3.093018925943300987e-04
3.738423482446538606e-04
2.839118192253656313e-04
1.577682398983927016e-03
8.348405506149292983e-04
4.238696638609900551e-04
1.636996667471208883e-03
7.185742257580429379e-04
1.485947038822595361e-03
1.559607380870101697e-03
1.828279189499588259e-03
1.099995678110280263e-03
3.653340349403109348e-04
6.426368971900837598e-04
1.249509380580134674e-03
5.080997626159135900e-04
4.369032543184823308e-04
2.811110820710427047e-03
1.404086793107800057e-03
1.068974871302773083e-03
5.894513010999026656e-04
7.087501782709491795e-04
1.242816244661325807e-03
1.733287369176457655e-03
1.128508933904681958e-03
4.533262305211623695e-04
8.601834813397717929e-04
3.700427749443499070e-04
4.244093951507976032e-04
4.130681630325924681e-04
4.410722710846145351e-04
2.771813352459802154e-04
5.898488649836435439e-04
5.010887796062917518e-04
4.582961419659357699e-04
5.142965903050541023e-04
1.383841614942310635e-03
3.306717451477551232e-04
1.266560647933313681e-03
1.385157323423350743e-03
1.385317390485026751e-03
9.442190234325686504e-04
6.656324731015257146e-04
3.086521749661286880e-04
4.728354793069493908e-04
1.072650977760829846e-03
5.274654108861031015e-04
6.272436295389683574e-04
3.868792144168171996e-03
4.834199705593708964e-04
6.574821427050972283e-04
5.876278672821306235e-04
3.024137655516435821e-04
6.158345093422254056e-04
1.514997117609699455e-03
8.056192407076035204e-04
7.054964453174345212e-04
1.447770501567515952e-03
2.915978614207678809e-04
1.166125134156815275e-03
3.079807802193009663e-04
4.079312303771372291e-04
5.303128074933293780e-04
6.320308951633273661e-04
2.826818712544213776e-04
4.406057319511325716e-04
3.653354512972009421e-04
5.033173912318437753e-04
1.847095796726709333e-03
1.380676548902859532e-03
2.286430089418449094e-03
1.738971523230167055e-03
1.074627791329610437e-03
2.608325411917020338e-04
4.223115842533039154e-04
1.464661662330176512e-03
6.037718891152442282e-04
5.896427114153775934e-04
5.872452572498142436e-04
3.007040626148776920e-04
4.801149577464565422e-04
5.640645638724123842e-04
3.168567613353358834e-04
3.713636972250410366e-04
2.582562146909636309e-04
4.707208562497544688e-04
6.121601426124370984e-04
3.297029070820860067e-04
9.532238936048769481e-04
7.010960086238650878e-04
3.343477479007291703e-04
5.673263899613064602e-04
5.649594101642526831e-04
6.098906480334042582e-04
3.908991551593721660e-04
7.151062287325536974e-04
1.460325763420240383e-03
3.799822109317310204e-04
6.111549783425212915e-04
6.244964188072568787e-04
5.161035178000401109e-04
7.081602764619922925e-04
4.047687946466212161e-03
3.497826101452112440e-04
6.948196955821648408e-04
1.818990664288266197e-04
7.847085647266525488e-04
2.779308070180996080e-04
2.300721511547377087e-04
7.631636984206744551e-04
3.320861594643469378e-04
5.363057100833711673e-04
3.353767169064635783e-04
4.127394181460603321e-04
5.742396667119964177e-04
1.526524187538197668e-03
4.303172777622422908e-04
2.428499748330915334e-04
7.203854955950901758e-04
1.044634956425753280e-03
4.341367912413569450e-04
3.274549846126767363e-04
6.025928838281036874e-04
2.429135886574350194e-03
1.144667283656996366e-03
7.356107842951536014e-04
8.446500516903897738e-04
1.055712108584482434e-03
2.228317775532567477e-03
7.220526300549214753e-04
9.480362738976544227e-04
3.276773679237144038e-04
3.940279558700307246e-04
3.385715199704171139e-04
3.546270338674068086e-04
4.945854839751548425e-04
2.628448042572040537e-04
1.330089086215906170e-03
1.138227294605517184e-03
5.059858310200340652e-04
1.918978663254629282e-04
6.997776693582013043e-04
4.446640456970458620e-04
1.178673130259095918e-03
4.897720232494585371e-04
3.596959219914898191e-04
5.517248206527086219e-04
6.379368220612513995e-04
1.439851149066328096e-03
8.109619765658828642e-04
5.415828860627864899e-04
4.013989062868440413e-04
7.547574027124860771e-04
5.234226322173691180e-04
4.498119452046743429e-04
4.110232151600953050e-04
5.385748386826370079e-04
7.618222569352662470e-04
9.788560502653820879e-04
5.002884608177090697e-04
3.192102243867156442e-04
4.166391292293094976e-04
7.299023607471782698e-04
3.795411857622251264e-03
1.461172758082555012e-03
8.076361553498369750e-04
9.978564662391402676e-04
7.091810228637425006e-04
8.566030137082652606e-04
6.271890374031918736e-04
5.845676981173219015e-04
8.157042443926599672e-04
6.733808605429951596e-04
1.399584992094719902e-03
5.423394526604481593e-04
6.004242856108616853e-04
8.097594112049036341e-04
6.665920795515240362e-04
1.019680469079933989e-03
2.560194015676480741e-04
1.522419911491596075e-03
4.937642404589014317e-04
7.890930525457482856e-04
2.769242634267327454e-04
5.683463753334678202e-04
7.428417141367854581e-04
9.798901769081046730e-04
2.592157661506394898e-04
1.554443288566214731e-03
6.432982074605738320e-04
2.338504465142125701e-03
4.660465061061399780e-04
3.026760042239748350e-04
6.008687320124436694e-04
3.584204313597711181e-04
2.064059817637566084e-04
8.448749328436702720e-04
4.740075106601472285e-04
3.981943269776817905e-04
4.889818399165839690e-04
5.637399908174090153e-03
5.601227467685660670e-04
5.187629927286436030e-03
3.770851129092890543e-04
3.138010467728848812e-04
3.753358684318173675e-04
3.955992173169153902e-04
4.921697546364660380e-04
2.232016980379110762e-04
5.148339518735264202e-04
1.724693428332659938e-03
4.983703940948481593e-04
3.362550642058840297e-04
8.924255285517596189e-04
5.720572086162349114e-04
3.490617704463312558e-04
2.825173539634739071e-03
9.794388749223325100e-04
2.566707200040616011e-04
1.263144389286797141e-03
3.982818260341554144e-04
4.684518089782134021e-04
3.281371236653404387e-04
3.346621250681849772e-04
6.844956951028527978e-04
3.745225728959524283e-03
1.462611166451466922e-03
9.490550091302655264e-04
3.140869374982297509e-04
2.165718980022335923e-03
1.133477830382129082e-03
5.063691951150858968e-03
3.280516599542883144e-04
8.964553077115139249e-04
7.107448018982929095e-04
7.054964453174345212e-04
3.798920454999402422e-04
1.672962187108349274e-03
9.699622196734897879e-04
5.989322624990530298e-04
4.881384980801479752e-04
4.843573494857499051e-03
6.344006574877842503e-03
1.321264613603531646e-03
2.734160433388837207e-03
4.635674668952371145e-04
5.519716848045148026e-04
4.168511259975237046e-04
2.884300927533866243e-04
3.852280962290389435e-04
2.722759992094126412e-03
3.126012517193194041e-04
3.168567613353358834e-04
6.320118816338294492e-04
5.536123202135558507e-04
1.044991427518980609e-03
4.136843970479393319e-04
6.307079830200279990e-04
6.179956185581324301e-04
5.803879827114711426e-04
7.914215199849255035e-04
6.035299503954831253e-04
3.142348133124948126e-04
2.087801504815504743e-03
1.435590983104847573e-03
5.848009368600739057e-04
6.948196955821648408e-04
4.236752532317142285e-04
2.869705505198377662e-03
5.661427440950948407e-04
8.109257925540055978e-04
2.994345419556233975e-04
2.176375586366093191e-03
1.182442953414827467e-03
2.297452900841574904e-04
6.260978777373434664e-04
4.681378106779815387e-04
5.044891309366401119e-04
4.310297930449252845e-04
3.073577982575385935e-04
4.740686074380107682e-04
4.974883518442063625e-04
1.734280793287884970e-03
4.492922002658737701e-04
2.340627642485993299e-03
4.136940938816289657e-04
1.169048497508988439e-03
4.802211542998256408e-03
9.153386763891996651e-04
1.033011031636777528e-03
9.153479474373600686e-04
9.245621112055416035e-04
1.346432972983703210e-03
1.318413763479583641e-03
1.414620843435337744e-03
2.645299890679575819e-04
1.950317628737207720e-03
2.764777958908384392e-04
3.826459847136554310e-04
1.180368665338633362e-03
4.609063391186920796e-04
6.799178430683171324e-04
5.877907619924988654e-04
6.011568937225076096e-04
3.473053433564391563e-04
5.479135894943315196e-04
2.858343310097752332e-03
4.859245090596305515e-03
7.006523301773438664e-04
5.523330151382110096e-04
1.910066668929825571e-03
6.146507775302647875e-04
7.811744095601740089e-04
6.054846824569707015e-04
7.568240362663875877e-04
1.017620149509578442e-03
2.984216476793405469e-04
6.004474150755990470e-04
5.204785831765228058e-04
2.515572565108610179e-04
5.794147981995480083e-04
1.093751869390964613e-03
2.858879486530436207e-04
5.003370456917609257e-04
1.136817949730078471e-03
6.523036672309655932e-04
6.841020085819887612e-04
4.686263430562856718e-04
1.036787255836826719e-03
3.151866821503365571e-04
8.482619218012809248e-04
6.098228163596325531e-04
6.745584876632659040e-04
2.577119086864525666e-04
6.978624619542990806e-04
5.239755247052062422e-04
6.966117048854059872e-04
4.541862774801582944e-04
3.718155191718257053e-04
7.349607619863742771e-04
8.751457835906668783e-04
7.745961665625896841e-04
5.845647649095884503e-04
5.754467725827127223e-04
4.922485084131585044e-04
1.640945910749219737e-03
6.556361248717796058e-04
3.083503582230938834e-03
3.953245629028632763e-04
2.358783765390143176e-04
2.311383816585022011e-04
2.127215874356935821e-03
1.221468713475900181e-03
8.749114375117105890e-04
6.146507775302647875e-04
7.778348529688358963e-04
8.732152750530342705e-04
6.611684388866003034e-04
8.270672965440802136e-04
1.025550352234767468e-03
5.675684288884936873e-04
1.093076449717129105e-03
4.196185329468005891e-04
6.962074118582998626e-04
4.129730984727916256e-04
5.937481774648435554e-04
9.341995466016293336e-04
8.293892260195959805e-04
5.861994381253771537e-04
6.087217834302029824e-04
5.850868927246364714e-04
4.098157622256935382e-04
4.083471292872757489e-04
3.420228754232673371e-04
9.309144535475060009e-04
8.386974248860054040e-04
1.030947037700236536e-03
3.880568077575561139e-04
8.832962142393694033e-04
4.195732713428026485e-03
1.376702590414811923e-03
1.103838208669851578e-03
3.568692035659469346e-03
5.875096416090587990e-04
6.040152119829973005e-04
3.510755519909844512e-04
8.256296106199211959e-04
2.670787690893873566e-04
2.423140164894183762e-04
8.136020074252839872e-04
5.237198553078745112e-04
5.845676981173219015e-04
1.482603512591844711e-03
6.355755126582240174e-04
7.416753154221869754e-04
4.757294876813348075e-04
2.952010247728200070e-04
3.180814769824828140e-04
4.644092258057987469e-04
3.464180701711031701e-04
3.546692078164991459e-04
8.566462621103694032e-04
1.589712636826058753e-03
1.053362848586572283e-03
4.364606669510998223e-04
1.517261140855749590e-03
2.386759710937799478e-04
2.665853254297248336e-03
3.089295749477034402e-03
1.198794866586641193e-03
8.719605941437222514e-04
9.240117899630391832e-04
7.569334959228020627e-04
3.543432914331550799e-04
1.098670862955045688e-03
5.668742820737884608e-04
5.311785151632758507e-04
6.188141175550589774e-04
3.026606103170891905e-04
1.043926221259758487e-03
4.032099018940379356e-04
9.629443013398436774e-04
3.880277691280957291e-04
5.021126787464264473e-04
1.286042342842831209e-03
2.612217084283702316e-04
1.422541129303668290e-03
7.108499371483172243e-04
8.985920252114375706e-04
1.557639912492250799e-03
4.206185970455768135e-03
2.260148537823852746e-03
8.193171936377009962e-04
4.034384626712614330e-04
5.782759283731998779e-04
1.078247327037333038e-03
2.120402091612157928e-03
1.079125360560459100e-03
3.851838824632311119e-04
1.191735794966979588e-03
6.729477758399400556e-04
9.437918117222283097e-04
3.642674478346054866e-04
9.512908181185858241e-04
2.839118192253656313e-04
9.054078455463643706e-04
4.812088242878970038e-04
5.776713800067042508e-04
3.475460991488017542e-04
2.573012638985328364e-04
1.679824562039492104e-03
6.743474965144075507e-04
6.350510046174914769e-04
1.056882949547238455e-03
6.945093756973634656e-04
3.351068241097337965e-04
2.772209979378233657e-04
6.094405635546874464e-04
1.841725083159091812e-03
7.802269662618942486e-04
2.405711023539747943e-04
7.592489061553997585e-04
1.482603512591844711e-03
3.641012912172061412e-04
7.026086531545432199e-04
3.348453183741708413e-04
5.411129316769490829e-04
3.832100221108997173e-03
3.376327323013952539e-03
4.236190000714260169e-04
4.315564000455001303e-04
9.781237743671268581e-04
3.553967834000076897e-04
2.781027431007652897e-03
4.242648142517127020e-04
8.417658625417424184e-04
2.042947813018818537e-04
3.087412169681896888e-04
9.158605659853980918e-04
9.600422602529344726e-04
9.472670155332795329e-04
4.335257140430648901e-04
4.303848543614950889e-04
3.594758196174231897e-04
3.706769907728591136e-04
4.840092168609379328e-04
2.670787690893873566e-04
6.751317441845235048e-04
1.173492158472267148e-03
6.576997921125723448e-04
4.051780279688232261e-03
6.121601426124370984e-04
2.916135905180941741e-03
3.353767169064635783e-04
2.984556489487351773e-04
5.604547146674501625e-04
1.243985965295633543e-03
2.222529110408224932e-04
6.128346067287219860e-04
1.142897313813189984e-03
7.388922577368515002e-04
3.533404638282738592e-04
2.063891899193321354e-03
5.851838207837986453e-04
3.776984289313981458e-04
3.252404919737754896e-04
5.407489567588580869e-04
4.861799189229952869e-03
9.396513742649345883e-04
7.712525644900134836e-04
8.606948113637075126e-04
1.407032695021484927e-03
1.341756257688897719e-03
2.259812274545140460e-03
1.120529604139573320e-03
2.824059502131041682e-04
5.604547146674501625e-04
9.333707307238937097e-04
4.087665328262508630e-04
1.159963847436011521e-03
7.070662113432265661e-04
6.002308243010959048e-04
5.661427440950948407e-04
8.109619765658828642e-04
2.052306999654174811e-03
4.517512038311726624e-04
1.842344632594089190e-03
2.814530336773443642e-04
5.797781539643881996e-04
8.498714555026736471e-04
8.950613432138673211e-04
2.992058934389634699e-04
4.307735024646296000e-04
1.264095285474120490e-03
1.929557422014780690e-03
5.341019127400811490e-04
4.259662239266325608e-04
8.857253023895981375e-04
7.184959822407146384e-04
4.048889265747011379e-04
4.526704054807394401e-04
1.804160330113407712e-03
5.218228485823430849e-04
7.309973261535431324e-04
5.550770912321330254e-04
8.440078859869884443e-04
7.874670434201994302e-04
2.184055343506657052e-04
1.272768568671551765e-03
1.127116573315468939e-03
2.539816515946057441e-03
1.681389847639978320e-03
5.742201602112181674e-04
1.182431430884171722e-03
2.948942347032167946e-04
7.077878415524764457e-04
1.039082772400037142e-03
4.495155248905946337e-04
3.645406761517943337e-04
3.230768140196803783e-04
1.393737136041758732e-03
2.837048573924162535e-04
8.592509393370937731e-04
5.444459992269437641e-04
4.863552588496014226e-04
8.797194451663366797e-04
2.295252817837102523e-03
5.596598333328480423e-04
2.032019964186139276e-03
2.098370582393318477e-03
3.404671205402969871e-04
1.934894461870133872e-03
4.192701557897560573e-04
7.450131875106924019e-04
6.515374377028712279e-04
2.129899943708912812e-04
6.379368220612513995e-04
6.634915279446964177e-04
1.575248221575291764e-03
2.712247170593172821e-04
4.195732713428026485e-03
1.367390855575677374e-03
6.733808605429951596e-04
1.098670862955045688e-03
3.782895309373749803e-04
9.048984673442410061e-04
1.447770501567515952e-03
3.351549978903562810e-04
1.003133260314851291e-03
2.157912077098482441e-04
9.570230740676166116e-04
2.998289867660093198e-04
8.227470187441173442e-04
2.082361564358228140e-03
1.155346832814752728e-03
6.656608760061163803e-04
6.762608359614685934e-04
1.356948811078325344e-03
8.283474940126122872e-04
4.989948474327439865e-04
6.263846538737675345e-04
3.165478492375785650e-04
6.895142457561279168e-04
6.900214369761289730e-04
2.899338707613886975e-04
2.553101816586411665e-03
1.318256181335728840e-03
1.484599384784580142e-03
1.661286726288304337e-04
7.852303301340906802e-04
1.433976242022187882e-03
8.395983570607781820e-04
4.937522814172948206e-04
5.751234290190609206e-04
3.606089937588937517e-04
6.411454452081922269e-04
3.910614156311317271e-04
6.968612954182943275e-04
4.726736542647428665e-04
1.092036583694470150e-03
2.630126311943229052e-03
1.274753000051234838e-03
4.025423236112209190e-04
1.138395552804233974e-03
4.582961419659357699e-04
8.557227118917659723e-04
1.533577790128546952e-03
1.218178897623179878e-03
5.150164429658454042e-04
3.780241932106640727e-04
3.801151896192997426e-04
7.509246421629941484e-04
1.360928832611804336e-03
5.381065203831830518e-04
3.142285594099018115e-04
6.197009144561804218e-04
2.543624121110955871e-03
3.826459847136554310e-04
2.868354850620638530e-04
8.746928436891610080e-04
3.603243776128849888e-03
1.501251814906519755e-03
4.594851863497612446e-03
3.127380465292028673e-04
3.572559372696332237e-04
4.795675109739801667e-04
6.887444827959291350e-04
9.540040258502778059e-04
4.312164136622958772e-04
7.008571451542598566e-04
1.408747076532847458e-03
8.041945582168047489e-04
5.898427644085925577e-04
9.390132481171609754e-04
7.145890421734994594e-04
7.760864184943481667e-04
2.679461823332160864e-03
2.809453233559123055e-04
3.443895629279424453e-04
1.569009694050667097e-03
1.869090690421772172e-03
2.548481071452243438e-04
5.232310915387848854e-04
5.604742386463971732e-04
1.285151599817880262e-03
5.523379765382135410e-04
1.466283222422779496e-03
2.026158024950350505e-03
7.435697150469837771e-04
1.447770501567515952e-03
5.385399404404597615e-04
1.282266943253076346e-03
3.597809907968417889e-04
3.011481485671257214e-04
6.888833460331846882e-04
5.563900228029013085e-04
4.369986830573779858e-04
1.695816738749269604e-03
1.432522901610256815e-03
2.804585707181861745e-04
5.681979987036045107e-04
1.735416447533239242e-03
8.945548927763756009e-04
8.331153137550562733e-04
8.779167099292504387e-04
6.902559066528868520e-04
1.763894698446802573e-03
6.102751973253110057e-04
8.567221778522690189e-04
3.714825623950105717e-04
4.553559820203367456e-03
6.184305766771208777e-04
1.326748848961146164e-03
1.186493287068881306e-03
4.266152197893526054e-04
1.124276213875127686e-03
2.038672151015824031e-03
4.020698030940253248e-04
8.412143106492480380e-04
7.572793623165979728e-04
7.363467552286374678e-04
3.580400700828295754e-04
