3.744840159433669214e-04
8.520692830080664210e-04
3.884627869815152827e-04
4.470089664005321762e-04
8.242000565776927022e-04
8.651801716877102798e-04
4.883541731149189727e-04
1.427485533692221748e-03
1.718502364521078477e-03
6.401477575368377110e-04
1.974142963641117333e-03
1.558820382143436076e-03
5.163461739529881826e-04
6.924438011767914108e-04
1.107771693257845894e-03
6.057055701009921326e-04
1.022864809082170250e-03
9.443636713836943376e-04
1.484121190373089393e-03
8.980363854404311511e-04
8.187113674706285402e-04
1.122464006975943795e-03
7.478094224989398006e-04
9.242685196442358524e-04
1.336823260715779482e-03
6.005765581559689443e-04
4.318053242947667166e-04
1.469047253866812138e-03
4.069716161709568177e-04
5.453142718926650432e-04
1.513074992477749826e-03
9.199694326394154773e-04
7.197043953992577616e-04
2.302236305158443692e-03
5.977385358236211518e-04
8.964526752221450715e-04
8.710259030474591744e-04
1.118033663525351464e-03
6.829874110573500761e-04
6.581683880783633809e-04
1.307550039019633650e-03
3.821137374441418359e-04
1.602878495284784828e-03
5.634863754546478188e-04
5.070199470311620871e-04
3.347525084760153715e-04
8.895726834523305778e-04
1.015083904995208071e-03
6.295005600272166177e-04
9.686465861274102607e-04
5.849571952203649287e-04
3.043546089536644864e-03
8.936374817041753231e-04
3.918705370567571937e-04
3.135670355127712192e-04
1.929299507819796401e-03
9.094798911534246379e-04
1.148545871268064154e-03
2.050807322240682899e-03
1.068234480382309606e-03
1.556915567996615315e-03
1.974142963641117333e-03
7.407382830616268806e-04
3.008193516867907133e-04
7.717727647306737472e-04
7.666323732112883182e-04
7.211499589703748193e-04
6.073796783196449330e-04
4.753618099675800852e-04
4.883433163623839045e-04
1.428260742698981732e-03
8.307642034214157830e-04
9.464983024283323129e-04
1.277230465162319979e-03
2.473447311819887331e-03
4.836496718953971793e-04
8.827163659811432554e-04
9.455769780447661078e-04
7.163013494121579783e-04
1.296775444201712967e-03
5.079660212955427979e-04
2.582895341959736226e-04
5.528470288881925931e-04
7.722051011024747913e-04
3.244032074043380794e-04
1.900475987930766919e-03
9.163933079208569366e-04
7.913631633754153070e-04
4.549942902061171815e-04
9.553011125253979422e-04
6.441729703953690250e-04
8.144210797858163686e-04
4.711479648201161554e-04
4.319493320663019128e-04
1.087686272211253790e-03
1.438126181853655256e-03
8.295364783395078358e-04
7.215588884323256109e-04
3.176362241665218501e-03
9.786085949443430916e-04
4.431412672535452808e-04
8.788269710958790349e-04
6.998707036703100690e-04
6.963844696394624976e-04
7.518096082702362473e-04
7.637505711260457594e-04
8.852064462483402903e-04
4.538451804141960906e-04
1.130636868511436131e-03
7.458139629698888433e-04
5.603314755109389594e-04
6.250883872191334827e-04
5.292939617435114515e-04
6.574169183916080648e-04
5.540956961413790252e-04
4.678699384182554181e-04
6.533218699461922335e-04
2.672148563552391443e-03
4.072228121686015216e-04
1.004290958272631732e-03
6.529798256450966001e-04
9.190457900393566963e-04
3.137347393180952172e-04
8.501038513214309415e-04
7.079238432870358548e-04
1.238818778614171438e-03
1.239474736899698554e-03
1.638681940379892567e-03
4.883541731149189727e-04
8.809506542358133381e-04
7.408553397456579381e-04
2.255740887227341944e-03
5.450488963954728400e-04
7.642188494492517092e-04
8.372427784124670570e-04
8.312394560195857009e-04
3.203514878635145839e-04
8.437076834959326673e-04
3.280245405863839816e-04
7.298770367729273461e-04
7.908807020430532386e-04
4.300139553031436966e-04
1.116635825566247896e-03
1.957651243476265981e-03
4.348804518789456766e-04
8.393639490888394001e-04
2.025420946813313514e-03
1.083303268485104245e-03
1.046859342857229180e-03
6.616608634763055437e-04
1.022889901913383954e-03
5.102841341640213186e-04
7.704675666917919566e-04
2.265313317971814813e-03
1.283710967330524031e-03
7.991004410331416100e-04
6.357895126743849266e-04
8.302445150488423900e-04
4.828938650106457666e-04
2.426528828228944798e-04
1.013140305937009497e-03
1.060396733010452808e-03
1.216966309632329856e-03
1.522866895090434387e-03
5.856805052731615165e-04
7.298783683574944572e-04
2.832749307694452674e-04
8.418073267005150287e-04
4.106101362745623274e-04
1.711445619295715211e-03
8.600186076099219489e-04
1.021232166186332013e-03
1.678187542636983129e-03
6.543079951320138156e-04
8.431408491901767627e-04
8.246842408757154314e-04
4.260918014688244910e-04
4.302725773160123680e-04
2.462110383654250181e-04
4.062922762096971420e-04
7.658459063561938972e-04
9.733106484122265980e-04
1.343118341968550832e-03
1.379622646593298921e-03
1.320768680877936439e-03
1.296099707924854147e-03
7.488068360321972197e-04
5.480414272710493586e-04
3.527876804180023456e-04
8.451675734952384614e-04
3.749272209927448254e-04
5.319664113031034825e-04
8.084239504628526907e-04
2.921149243613072044e-03
5.512636535494844659e-04
5.907096075478186119e-04
1.008790683063368531e-03
4.929147413876844297e-04
3.921811441123093981e-04
4.964907557350123693e-04
5.260702161654611918e-04
5.290462858814273936e-04
7.373082407135621427e-04
4.867238383600274994e-04
7.224102892238973717e-04
3.522215688656914244e-04
7.192031914982824738e-04
5.848833360053690535e-04
7.649931035097658075e-04
1.363881652933542467e-03
2.951886199906708728e-03
1.360381511259418181e-03
1.897173886560399357e-03
9.181892531091293864e-04
1.163707708123105011e-03
9.684415072737347432e-04
9.281817697542313122e-04
8.774855576912898554e-04
8.045551110243293622e-04
4.916373873010161915e-04
6.864947849394169082e-04
9.297065644092103193e-04
8.749163776774127781e-04
1.710580025507378935e-03
2.823262918897729928e-04
1.321598848430121298e-03
6.506797423707655912e-04
3.300722787907998685e-03
7.751176254873863580e-04
9.251996946531939377e-04
9.356699226524388012e-04
7.365362227716175424e-04
1.883950815426409025e-03
6.732172171768687624e-04
5.241751407858667852e-04
6.166786621752298574e-04
8.190098545012656356e-04
1.397349226751744972e-03
7.160890523801346748e-04
7.984043484778060272e-04
9.689908361912256138e-04
5.241751407858667852e-04
4.420477048785120496e-04
4.754770331848834721e-04
5.894848444697439521e-04
1.001108129171018185e-03
1.791670413548729747e-03
1.125522612783810350e-03
2.628502000518395231e-03
7.509947189727468435e-04
1.254776509936482562e-03
1.002145518935844458e-03
5.861114970552898850e-04
1.518545206991487586e-03
1.062929392577532548e-03
2.698868819550491373e-03
6.927710832897466392e-04
8.645458738983261915e-04
5.949139118043085712e-04
6.211537231791337040e-04
7.120009663432303295e-04
5.264784969978356099e-04
8.020419994766706711e-04
5.460470896415825937e-04
7.960486303723051825e-04
9.938792690633148439e-04
6.472059196195153932e-04
8.231183248366587268e-04
1.029978257295276634e-03
9.571907441246743295e-04
9.172388601401402271e-04
2.666260790981236722e-04
1.020797765918269933e-03
3.848752697765727348e-04
7.160315892778195768e-04
1.413702887667922861e-03
1.083181269085856362e-03
5.396345476021492714e-04
6.772307472203127707e-04
8.609577623347249454e-04
6.686753034431526348e-04
1.837951658754062145e-03
4.933665144343689834e-04
8.857530244265481066e-04
5.263544582347857645e-04
7.416439310908734019e-04
1.079848316119855342e-03
1.074244602486720693e-03
5.974145008469383547e-04
6.860660832480387121e-04
5.384171338879733182e-04
1.128450429402711548e-03
6.132257895465510885e-04
6.177243902396740462e-03
1.126681989763451139e-03
9.357424272662105171e-04
8.284852859352969312e-04
1.276862937521887949e-03
6.419229925709293762e-04
2.318093868026884549e-03
6.948539243193100528e-04
5.545204231578284085e-04
9.905048472996689189e-04
1.985366659375317061e-03
8.644815003788593926e-04
8.588406937133651097e-04
3.846631242815846084e-03
2.853291086076287686e-04
8.196657942305426818e-04
1.495771183032687870e-03
1.591971463070928792e-03
1.169364882280181850e-03
5.806782500283641686e-04
6.093214329562771829e-04
8.535041226143686832e-04
4.811349166223550904e-04
4.474891407508371712e-04
6.480572941798114304e-04
1.074292653899586950e-03
9.630949267628702813e-04
3.846587552899175390e-04
7.320253975086613756e-04
1.022396533605683363e-03
7.850621341381339765e-04
4.344173834002103274e-04
1.353435290003633142e-03
1.000862103304045155e-03
1.835356141689676495e-03
7.590902849545725500e-04
1.666611408845738431e-03
1.084343123421499131e-03
4.985055634591849076e-04
7.768575688375637962e-04
1.958991726951130139e-03
5.316112099155132246e-04
5.386000668236268999e-04
7.889357620224970178e-04
1.239900291434030714e-03
5.669954250059227501e-04
6.384623618059213912e-04
8.789972471844589505e-04
1.753996194437511301e-03
6.870162076748178095e-04
9.382060267331670264e-04
7.185556228006085644e-04
2.493066645515858593e-03
7.922122349757518929e-04
5.763957231434387388e-04
7.227912139517578662e-04
6.790591034611386141e-04
1.164762476080165483e-03
3.236974506544833090e-04
5.380112069322524979e-04
8.099982081021590190e-04
1.106340879073672723e-03
6.988045706415297155e-04
4.461428426495740989e-04
7.324733367985405324e-04
7.979253712724203610e-04
8.350155284165183735e-04
8.361678531523541753e-04
2.692947347643935996e-03
5.621120484805765694e-04
8.970830062053072266e-04
6.874514462276889700e-04
7.852289297065965503e-04
3.768852637221427912e-04
3.306155684685954167e-04
6.848939868920376041e-04
4.367728169661614810e-04
1.307686467469894786e-03
1.749909921543216533e-03
1.379622646593298921e-03
4.974300337710294700e-04
7.458139629698888433e-04
5.981607063587665411e-04
2.086938701935712234e-03
9.616813874554297568e-04
8.793646700377096611e-04
3.982145683076808418e-04
9.603687123933778678e-04
1.559887396978427813e-03
7.683125492150579255e-04
1.914868971360574349e-03
1.636378702650983152e-03
6.271825442174157068e-04
9.257961053071262977e-04
6.145522133303011041e-04
8.710393370327870885e-04
1.179286766422587597e-03
6.718673548022853536e-04
3.155213530301472901e-03
1.428260742698981732e-03
2.863261304654868256e-04
1.524791448228069628e-03
5.306573644526792156e-04
8.647240230385711424e-04
6.385226551170262565e-04
2.724493834918107556e-04
2.385905244243163251e-03
9.970294934491621443e-04
2.117040910378537467e-03
7.162456768661031080e-04
7.192020490900815580e-04
1.125277617105663926e-03
1.360388455882963026e-03
7.257319327531176582e-04
8.749074613449531971e-04
9.944668034453207472e-04
5.539922169746898471e-04
4.226000043948964740e-04
1.140409859073675692e-03
9.622782179398603909e-04
8.358796151665320645e-04
2.886091165494750633e-03
6.983655897978354073e-04
5.993237761442224594e-03
3.300722787907998685e-03
5.379549512614143587e-04
1.558939840524229932e-03
5.448859444492058519e-04
8.346757131222046254e-04
1.083359312183267619e-03
1.670477964255231724e-03
1.029594338235391079e-03
4.696765133801564002e-04
8.488989570067151423e-04
7.164184975597263005e-04
1.955867979503559013e-03
8.754030868714331908e-04
9.024007495469207668e-04
5.514535222360118479e-04
8.631938758456945276e-04
2.385905244243163251e-03
9.424090184387518910e-04
8.819033893599720689e-04
7.270654340489209836e-04
3.719374666078096550e-04
9.756969092881716309e-04
8.470956105537564987e-04
7.760400263577923357e-04
4.423638222666957925e-04
2.977189578105627265e-04
3.406248879315110700e-04
1.155589632236761911e-03
4.982998663005551703e-04
2.013337756370486235e-03
5.100507357338807850e-04
7.160315892778195768e-04
1.667517936237426432e-03
7.798153629263013167e-04
7.771993326728459869e-04
5.908699514275955050e-04
4.044493716545639254e-04
7.450317949420089776e-04
4.876477911974212882e-04
5.035035711701978155e-04
1.412343634410445766e-03
6.564028133263328721e-04
1.648314474238228447e-03
5.372580434493030594e-04
1.452653118916343716e-03
9.293821815779714900e-04
1.353017714137614907e-03
1.294050939518344998e-03
1.293630066752443891e-03
1.084949657511915340e-03
4.936317550842467738e-04
1.066374826567628503e-03
5.915133592226502150e-04
1.089286815002234177e-03
4.110792903525189502e-04
3.864670089571875695e-04
1.128450429402711548e-03
8.955324855771946545e-04
1.530579994319986601e-03
1.226411507612947503e-03
5.980616532390769721e-04
7.815194315353258614e-04
1.133827654123871834e-03
1.409888584137485978e-03
4.606111889518560453e-04
8.372436743200285195e-04
9.625791892488295802e-04
1.156221336270081904e-03
1.331282143837037588e-03
1.333256639291007612e-03
1.135318065480554100e-03
5.662744745027476065e-04
9.764719286942168206e-04
7.453049220395241772e-04
5.313857501891425727e-04
7.543301409339981918e-04
7.625433546184438426e-04
4.721463494765312124e-04
5.246963775289129224e-04
4.688994102404216331e-03
5.308164989009994325e-04
1.469047253866812138e-03
1.809492691150828194e-03
7.320253975086613756e-04
9.548173562384651078e-04
7.023832080779876747e-04
6.290724326496294986e-04
1.313973752155447481e-03
3.552680483444305322e-03
1.410122804345200886e-03
9.767193194306436361e-04
4.527952044246340985e-04
1.368200397030259986e-03
6.402023954038204515e-04
8.471186466109139040e-04
1.092484032265522622e-03
1.433868221923662858e-03
6.226535077608148696e-04
4.872988291114914265e-04
1.064208417912636219e-03
7.796094521694284284e-04
4.957953043315099090e-04
1.458967903661530403e-03
5.982995338301771646e-04
5.473177171753185535e-04
4.779686199614975595e-04
1.796717944747536471e-03
5.324277459459986856e-04
5.468120871960379693e-04
4.175813834574056789e-04
9.491517491198984578e-04
5.779894859636485523e-04
1.336626119567521295e-03
9.713758287603019379e-04
5.846702399635983873e-04
8.180262423587192659e-04
5.660325410130856265e-04
1.005767645381387297e-03
7.454207696172343101e-04
1.553495919907904197e-03
5.412833309756080735e-04
1.605183624207901297e-02
5.145452926644467550e-04
5.051882240976274469e-04
1.121939383299318032e-03
4.979529897957308019e-04
5.763321781566466996e-04
7.251480763152275784e-04
9.447669006421243430e-04
1.265119484334300409e-03
8.791824295201448739e-04
7.366533012561493491e-04
1.691531860173280067e-03
6.417962294358952290e-04
6.109473204581785787e-04
7.543301409339981918e-04
9.787318981120613284e-04
7.654937964068312273e-04
9.391777496665863192e-04
1.389310680268977805e-03
5.475001934771822187e-04
4.474027495378785513e-04
7.009893826472995406e-04
1.319542847341337007e-03
5.872157621829735084e-04
8.754725264533272985e-04
1.193727114001905251e-03
1.225544908671192179e-03
9.972080667186220253e-04
1.480324586363408008e-03
8.830322760298892244e-04
1.869507460501280407e-03
1.482730866671844346e-03
7.850621341381339765e-04
1.056374669446889314e-03
2.314986847634672735e-03
3.541760177307008185e-03
9.201356480980903705e-04
8.224593393502383333e-04
9.758003599460693444e-04
3.460874489777155424e-04
5.397807253277931740e-04
6.889641206537419063e-04
1.004271843602505283e-03
1.121939383299318032e-03
5.512636535494844659e-04
8.744698784144171655e-04
3.404790981876366549e-04
1.434701810470768004e-03
5.044054343864662294e-04
5.355305395691329620e-04
1.125145866374161786e-03
1.543556482292359876e-03
4.066683314301026584e-04
7.379392407970689809e-04
1.114294850515468432e-03
7.148591373299621613e-04
9.876162913768774584e-04
2.217612423100175437e-03
3.907044308510523910e-04
1.022527922788137641e-03
4.940002132344071010e-04
2.860742767017938415e-04
7.341037039363415648e-04
8.408341763475595410e-04
3.726207801129012456e-04
1.307064303369569408e-03
5.386000668236268999e-04
9.632322891116327016e-04
1.025883411339935207e-03
3.494868041521305858e-03
1.103439365286244724e-03
1.967981631717909911e-03
1.091507702358683390e-03
5.367987641768873566e-04
9.823969597054968937e-04
1.108808252897174529e-03
9.447607956537596753e-04
5.036812998614290538e-04
4.475506381955007417e-04
7.300822511488099268e-04
9.006876412573939237e-04
4.996987954311502261e-04
5.834161974369925490e-04
8.385723250304894958e-04
1.316998158597479981e-03
2.498043096465911352e-03
9.084443785211008615e-04
5.379320379854664151e-04
7.370998034951869006e-04
4.057748242110934401e-04
8.892404974972155330e-04
3.187904135839275243e-04
6.688919054547724828e-04
3.148058588674341064e-03
2.500178468654604743e-03
2.886091165494750633e-03
4.274974420635514446e-04
1.634010950794723745e-03
7.023926357648679767e-04
9.894070223103689204e-04
6.192356669165863985e-04
3.355958725888469915e-04
8.853150816390658586e-04
1.410214185179957218e-03
3.655421000824022769e-04
1.621321794238049898e-03
6.138963214370155193e-04
9.831640090692023333e-04
8.022879625890759914e-04
4.159637742987549298e-04
5.946859098886821560e-04
5.391845344604923084e-04
7.027195931376779489e-04
1.469324411561608945e-03
1.914868971360574349e-03
1.076844374589206203e-03
1.302323469643131655e-03
5.706432898750952998e-04
6.936224168460217512e-04
8.476574763114871382e-04
1.340534103822647091e-03
8.526964656169964659e-04
3.234116579807539316e-04
1.120140043625943074e-03
1.757021746935330314e-03
5.881213250068452643e-04
9.048762664050112115e-04
5.059966802951745618e-04
1.356677382362738403e-03
1.116468284166208811e-03
5.349754827865377781e-04
4.683991379320003880e-04
1.275789114709370954e-03
7.184694147380784159e-04
1.276533017120007069e-03
5.662406713687334744e-04
7.715129950586831513e-04
4.706889072546073007e-04
4.367668175686868488e-04
1.158327403227541645e-03
1.840087186448369780e-03
9.610765759022870660e-04
3.477909540760967745e-04
3.680511259151709124e-04
6.885812791004879054e-04
1.002145518935844458e-03
1.200842056123554514e-03
1.213225163463141961e-03
1.234884903205845296e-03
5.993643536134786844e-04
5.981199494837820003e-04
1.410122804345200886e-03
7.163178742128880130e-04
3.014421430145767622e-04
1.546448803141647985e-03
3.591681552997683124e-04
1.190297410913893289e-03
5.691344613494583133e-04
7.728740999364676302e-04
7.778097833872444711e-04
5.507835510966924792e-04
1.944346064541909802e-03
5.849571952203649287e-04
7.341037039363415648e-04
5.637735458078515496e-04
7.655614093754014140e-04
9.649913585293230962e-04
7.131613759604715471e-04
6.667687531388422897e-04
5.902114890893232855e-04
6.100616465213780587e-04
5.695766711894840063e-04
1.594590319647079101e-03
2.892942526751854284e-03
9.454268897100866079e-04
1.985914757587965533e-03
1.064028089172807008e-03
3.831561390011273423e-04
5.990886660096730702e-03
7.224759245457455011e-04
1.518326882866891320e-03
5.563627219322799314e-04
6.376304269139512716e-04
1.200865978787158924e-03
9.189332266734612838e-04
4.541854798137664258e-04
8.344235521530787283e-04
8.307680277237989089e-04
7.055755458377451807e-04
9.237995992825671432e-04
4.773195624746064169e-04
6.582749341367475889e-04
1.162598818722619144e-03
5.993643536134786844e-04
9.388828092833688757e-04
7.636159064013317435e-04
6.406337979191093022e-04
1.493907086306862963e-03
1.005414376586971506e-03
6.440935059015663947e-04
1.095067896712981562e-03
3.553536778753945812e-04
4.506994289541638448e-04
8.563381808733982895e-04
7.852559880869916780e-04
7.417576708215784138e-04
4.385418116075249758e-04
1.838425771976564139e-03
6.088087005351043883e-04
4.658353009010855164e-04
9.334566079653922651e-04
5.550638992958215751e-04
6.601789056698585331e-04
8.109236658628852980e-04
6.731980637648398314e-04
9.534220563212630764e-04
7.313730065835892568e-04
4.730717435427372387e-04
1.141501818016639079e-03
9.968513822582627908e-04
2.602827764389486977e-04
8.435997943953191637e-04
5.732040464010912037e-03
1.003617046945398574e-03
3.592945219006279858e-04
3.716627932316583435e-04
1.829879637044870815e-03
2.279749991935150957e-03
7.949763354795246666e-04
1.341703213695260568e-03
6.350868143229654881e-04
4.309292834396004379e-04
8.779491852419911728e-04
1.106613334146741741e-03
1.098667179316621017e-03
9.147545578730386078e-04
3.599439001927630432e-04
1.118106632354690317e-03
6.019730498069011211e-04
7.721827787336474997e-04
7.376507872591040035e-04
5.838980024535467099e-04
5.659050785863764576e-04
4.625121736277513183e-03
5.868544826994471879e-04
1.029213866774152412e-03
9.257961053071262977e-04
8.298179879258173793e-04
8.651734528811348343e-04
2.105003580317272791e-03
7.642654417096651298e-04
1.275537090007045852e-03
6.390150882189011986e-04
5.548489052444708931e-04
7.572499436141606451e-04
5.485087786745963334e-04
1.114365810234517256e-03
7.456900928216220496e-04
8.203667388335603031e-04
6.828262172580062744e-04
8.229188495016249256e-04
4.981758952640412928e-04
5.872723014564917247e-04
4.113305644310040043e-04
1.522390975699401466e-03
6.658999786956458630e-04
1.791670413548729747e-03
6.832296463714039245e-04
2.311817350418323130e-03
1.258288554320118220e-03
2.291478470746252747e-03
1.081145462390796811e-03
1.898001962267730847e-03
8.052772337667061554e-04
2.114587089549167364e-03
6.394240484608483804e-04
1.320123776456375844e-03
2.930180171188858772e-04
4.510341685319519084e-04
2.405541810979681169e-03
1.455022397770946432e-03
9.562791032334047722e-04
8.846698987667172285e-04
7.473046288572534473e-04
8.348734632700630185e-04
8.431408491901767627e-04
1.701399484614947487e-03
7.478123112418977488e-04
4.715302907989885202e-04
7.642654417096651298e-04
5.259484277016881256e-04
9.251996946531939377e-04
7.546653165281258253e-04
4.428337192173486614e-04
1.896813729146845781e-03
1.413635408085287893e-03
8.096526686105966902e-04
1.908303975346789744e-03
1.078140433896805422e-03
8.766023876566163145e-04
1.375882458423557725e-03
4.483893380137280024e-04
1.237176752460989338e-03
1.024310442583270227e-03
2.594667141318551199e-03
8.372436743200285195e-04
7.520749001081247906e-04
8.936577619681303685e-04
1.081309159614450913e-03
3.539115141193004566e-03
6.191834345895689054e-04
5.695766711894840063e-04
4.863840009988916403e-04
7.887596083220147110e-04
1.432408760060290128e-03
1.261898493077890163e-03
1.914868971360574349e-03
1.148732880785417656e-03
1.066999872570857915e-03
1.171311710357276223e-03
6.473503458773628705e-04
3.414170776418819653e-04
4.982537532493083472e-04
8.149474819235171539e-04
9.181670653515416761e-04
1.307248010901563293e-03
1.970718248766354080e-03
3.875066770235372480e-04
2.172435182319355697e-03
1.242795128515461391e-03
4.153087528580138611e-04
6.419229925709293762e-04
4.333159922609777911e-04
1.641287798645180976e-03
1.333302022269130084e-03
7.305567111755047064e-04
6.295000224134605872e-04
1.084242646205086855e-03
7.164184975597263005e-04
1.679978063666181425e-03
7.511484588792748411e-04
1.674283268758316968e-03
1.177801738128723096e-03
1.106598300303760028e-03
1.048372505051360865e-03
7.407382830616268806e-04
2.367720371162992943e-03
5.882965540354681989e-04
1.566387540981641676e-03
1.058864480846874326e-03
1.112450612831539492e-03
1.526343148717919374e-03
7.320253975086613756e-04
6.390150882189011986e-04
1.422665426496209700e-03
3.116870879138106706e-04
8.831913046719949570e-04
5.620720182084684192e-04
1.407939467794990440e-03
5.645119798174229060e-04
7.475514862334197916e-04
7.155612237092195266e-04
4.172765596955926143e-04
5.099885698505571057e-04
7.244785882289809034e-04
5.895177922157667427e-04
1.133136839705168979e-03
2.887979060422589395e-04
1.591988075209671517e-03
6.806423942198001073e-04
5.796824391202298537e-04
6.214386771561189200e-04
1.067733771102141521e-03
5.488690582646884360e-04
9.095360990563619227e-04
5.457022284808169628e-04
4.785147216648702570e-04
1.205044978246886441e-03
4.050953855171632333e-04
7.825369864560443624e-04
2.498043096465911352e-03
2.060836970135323121e-03
1.249533159075593564e-03
1.344997822550231606e-03
7.201132874926601934e-04
5.997296489753139353e-04
3.067592551426273303e-04
5.933943961682380981e-04
5.205736699187260477e-04
6.846630037678061225e-04
8.982578775127948115e-04
7.503525276077552568e-04
5.643492158198256748e-04
7.915868465483438419e-04
6.817057873935897889e-04
9.242685196442358524e-04
1.713232103817126416e-03
3.695086536541066446e-04
7.294233639995273367e-04
1.094118564455116372e-03
8.240675773197290738e-04
4.697022523427616596e-04
8.506450821052988220e-04
5.079660212955427979e-04
1.136190807916964262e-03
8.072901239889345749e-04
3.582739652204505938e-04
1.186180474024108164e-03
6.867032878213359150e-03
1.238662203612601355e-03
1.341117317183043245e-03
1.157851537517851082e-03
4.025401391885319834e-03
2.031328858180502244e-04
5.872157621829735084e-04
5.959081820309991345e-04
6.431928585075665818e-04
1.568165107012818148e-03
1.033990211006083522e-03
1.124676183605188796e-03
9.027725281430019162e-04
6.860828595318718606e-04
6.441729703953690250e-04
2.230568693256710603e-04
9.882274305378303727e-04
1.383798185052533079e-03
1.085862622003968669e-03
3.238933650904824335e-04
1.141400538096535092e-03
4.078967429756738083e-04
5.840340836671087084e-04
1.608680496889849064e-03
5.759871147716675655e-04
5.745381362658089465e-04
6.023129770121027609e-04
3.578687659056701675e-04
2.881807262320294511e-04
1.008312219052398756e-03
7.485863163947140088e-04
1.087222360692226405e-03
1.161246268171726905e-03
1.547931943929632811e-03
9.629896614890028203e-04
5.638001307295605752e-04
7.974633807226108725e-04
5.563627219322799314e-04
1.258436709499892578e-03
1.066374826567628503e-03
8.773374363064584706e-04
6.066674988562133610e-04
5.111773957786302754e-04
8.324093552560608887e-04
1.472341549080656434e-03
7.903194139545156784e-04
3.146924642945020303e-04
6.559214707850811229e-04
1.599359522362039758e-03
7.251480763152275784e-04
1.451787425006644417e-03
1.064091532425925262e-03
1.589104743117081796e-03
1.119557727349127516e-03
