1.405933338223464262e-03
6.991876499628229148e-04
8.069104365872745632e-04
6.309272250311560208e-04
3.411329096087819721e-04
3.914050901582466968e-04
4.994027966147195291e-04
1.002546068200072318e-03
1.196605415614941876e-03
1.229243474944425674e-03
7.959258581286062124e-04
1.300123251150212857e-03
9.480201108658672070e-04
4.574873223436804132e-04
3.644861665862045731e-03
8.754270793658006262e-04
4.480836743472115880e-04
5.071851210003047771e-04
5.417314129866662893e-04
3.761901329729714348e-04
3.565122052966265050e-04
3.435902272319867078e-04
1.699534249851526128e-03
1.422689117313270628e-03
2.607050154844405172e-04
5.806771689943397187e-04
4.069485502387968213e-04
5.378736650502670457e-04
4.829182501238732058e-04
6.322498079229924885e-04
6.988285935754845251e-04
5.211352568494809646e-04
4.871477675770042931e-04
7.217947045997542962e-04
8.368393487487381420e-04
6.660144017595384354e-04
2.032513743563851231e-03
3.346467427695464110e-04
5.314668312066576179e-04
1.079473475182642214e-03
7.279827230982443241e-04
5.536026151646517924e-04
8.188420893903236662e-04
7.512826211290252014e-04
8.665089450336944119e-04
9.054352300110984995e-04
5.173497779421675630e-04
7.043619322314611077e-04
1.182889055673652656e-03
1.268804928316348817e-03
8.357717229101585110e-04
8.950386354261790321e-04
1.215504227093680946e-03
3.772081984479188754e-03
4.577655890778539391e-04
4.256754692452656159e-04
5.095627932987262677e-04
2.823760409780594685e-04
8.672779815852882683e-04
6.327337378062120824e-04
5.032536295319966829e-04
7.170914060181957312e-04
7.088438250642918603e-04
9.997422273578125598e-04
2.935195201115777279e-04
1.761315618837391980e-03
5.207797760451588756e-04
7.198902793052756790e-04
4.188003903630670003e-04
8.581601123658048761e-04
7.306627277150514995e-04
5.661073025369940930e-04
6.119285987847052771e-04
5.591252290572852352e-04
1.019277451052598990e-03
6.949013924519211599e-04
8.963215247035337136e-04
5.963780242850298804e-04
1.157196769942567044e-03
7.997520698804446750e-04
9.541854754093717812e-04
9.089511729591935900e-04
1.141031483630385555e-03
4.005634109746540410e-04
1.286958590467578633e-03
1.221199582358641848e-03
1.143103862893585058e-03
1.140923873490208183e-03
5.682926025369770123e-03
1.008061884633370013e-03
4.418132000773649878e-04
8.540665336527768128e-04
4.067495568115434869e-03
6.409546645770733886e-04
1.083400505365667054e-03
1.235135229414295989e-03
4.658235681175420259e-04
4.568144966759500364e-04
4.948296347807897965e-04
5.541336088028594184e-04
3.870346154294356791e-04
1.379815665274706582e-03
1.926816784825255381e-03
7.568255611282753877e-04
6.090255392728523027e-04
3.276930752182817389e-04
8.597525341247156793e-04
2.166769609288850577e-04
4.287147988282790398e-04
6.568170689500583059e-04
7.085530164573827696e-04
3.035317365083315408e-04
3.765532606674336672e-04
4.620724056457401461e-04
1.569250240382661591e-03
4.695607834650502655e-04
2.595869793623304875e-03
9.488512618175502919e-04
7.826180825900639184e-04
1.036418516412765086e-03
5.853902369894573542e-03
1.136998327791675705e-03
4.955191944182262389e-04
1.892406784777553395e-03
8.597903128994430428e-04
5.909951632813732064e-04
8.544959752158991749e-04
9.111133991923616371e-04
6.225549744676081576e-04
4.175383420964170166e-04
4.620473183323797598e-04
8.798172270260407307e-04
7.419641466812552629e-04
6.559835400866857258e-04
6.859881262952863008e-04
1.166847423925313409e-03
3.354235288504623953e-04
1.222349094577597451e-03
1.552916695349407933e-03
6.602678692500483235e-04
6.984667925687712640e-04
8.069104365872745632e-04
9.231980125670808052e-04
9.658048210255196090e-04
1.397139057181595546e-03
6.362723518798410298e-04
6.640890289518324449e-04
4.800072664770704584e-04
5.603928307794371578e-04
5.088427131652935483e-04
6.590809251230154509e-04
6.584873263480566776e-04
4.877100564958011244e-04
6.871603918210704084e-04
1.857569073705366350e-03
1.275996849663696116e-03
6.510339306560215117e-04
7.444320340726476477e-04
3.587179978342583506e-04
5.896842343887100883e-04
3.939865306817526432e-04
5.559851364665297510e-04
6.884591991427299650e-04
6.135313319094523469e-04
6.991876797932170375e-04
6.560026435140719299e-04
1.078027455769133437e-03
8.384481927823031347e-04
4.762533499406957195e-04
9.756190626330890885e-04
9.333892662514335159e-04
5.895978519337627659e-04
4.904465773381806943e-04
6.192689544619526913e-03
2.195172118030159006e-03
1.006268131926417323e-03
5.246192647354313166e-04
4.803283383943448529e-04
9.256085002132938191e-04
1.727086624257601196e-03
1.225769931204211431e-03
1.198126046977709795e-03
6.032781246721478832e-04
3.969105895830847661e-04
1.601697318875523876e-03
9.057571257049840553e-04
9.811634594388996423e-04
4.728856097427308982e-04
7.765353164536107841e-04
4.648027138988352833e-04
3.132278168621026489e-03
4.382452185243962536e-04
7.838710938221374542e-04
3.238654087214480745e-04
4.669268421229048243e-04
1.804210787629168585e-03
6.587808822074832588e-04
1.784168454701036844e-03
1.861625335989551284e-03
7.173605025543245469e-04
6.819178275372151689e-04
5.707106368574079444e-04
8.453338340972957679e-04
7.196210121806397844e-04
5.851439964575983919e-04
1.955430961224366513e-04
2.905034255248925643e-04
1.110743873144953231e-03
4.517141051244401100e-04
1.169889848617884642e-03
5.853902369894573542e-03
7.085530164573827696e-04
7.924322358855749940e-04
9.918724055428946012e-04
8.343535470638473736e-04
2.689214703111855948e-04
1.093710455732752659e-03
2.860556953609584411e-04
1.450890936952675637e-03
1.733543573081207639e-03
3.590042964422800729e-04
4.359130836775323634e-04
1.107515507728111179e-03
5.207797760451588756e-04
9.836589178680639912e-04
6.962082490680072391e-04
7.928744034183569326e-04
6.503244483142576549e-04
1.158751282608414934e-03
1.444265897162311371e-03
4.132962125693981272e-04
5.245411759574290789e-04
6.315763326700496146e-04
4.827808541808740182e-04
1.057113656453179291e-03
7.151329651928547276e-04
5.880217983103177941e-04
6.745790246784779233e-04
4.381245098095056141e-03
2.041219011209137284e-03
8.972630761846859789e-04
6.822148520911420003e-04
3.145231663266764279e-04
3.340345439086343121e-04
1.210810652962224752e-03
4.612109222440717842e-04
7.549303316467805784e-04
3.244135943578159063e-04
3.776414506775756740e-04
5.963780242850298804e-04
5.894109043315912295e-04
5.707878962419992439e-04
6.877199930998280060e-04
6.050789286630357464e-03
1.904350411736478428e-03
3.713106186154609611e-04
2.977079261363739450e-04
5.399116475119665861e-04
1.019347457003847834e-03
2.143861186706016043e-03
9.000513920956273615e-04
1.890219057827167808e-03
2.123301203920824852e-03
5.544941994491076141e-04
6.362455858686560158e-04
9.523185253255679432e-04
5.850109029524378206e-04
4.812707757477705504e-04
7.115224286029402708e-04
5.443905110400445481e-04
1.173664394962042066e-03
1.201198894485181563e-03
7.933548126746031975e-04
6.621830556789125430e-04
8.005214259190188055e-04
2.109284820960853884e-03
5.032810929776173128e-04
4.511104632542246493e-04
6.854318586640523138e-04
2.455852608272806811e-03
5.396180515361994169e-04
3.344324471045442642e-04
5.624588451111561327e-04
8.798172270260407307e-04
3.611851276097033814e-04
4.441474377972104187e-04
7.596523375947744931e-04
4.604989277144813480e-04
8.957451107722994108e-04
1.056190483045090075e-03
3.344324471045442642e-04
3.815990753181752434e-04
6.271153278650282333e-04
1.602851151257065005e-03
5.068762959675965308e-04
5.869056830434895861e-04
6.595095049503615437e-04
6.194651596160082692e-04
7.203778852087513703e-04
1.074809769430453560e-02
4.828656422773219500e-04
1.210223008388792553e-03
3.891222809046230679e-04
1.925626674189811344e-03
6.947271585542655467e-04
1.360871011518433602e-03
9.514264230263550556e-04
7.249452396052812053e-04
1.379934477296259135e-03
3.356739455042975599e-04
7.685760701451119226e-04
3.832826623212188134e-03
3.125476772275536459e-04
2.135191288011924898e-03
7.712492716757854937e-04
4.796751710422498529e-04
8.462722349382756663e-04
1.817602171226848648e-03
4.263036777276401766e-04
5.453211018771115430e-04
1.034201453967783504e-03
6.324779009642655372e-04
5.853902369894573542e-03
4.189607211744943225e-04
1.276795729848112342e-03
6.025157741440783504e-04
1.713075952699010277e-03
3.605173197531015236e-04
6.436383310741434485e-04
3.179610148722951412e-04
3.484901195980889387e-04
9.139000526996194501e-04
8.592460169308658137e-04
2.535558756186475672e-03
4.184705221437823308e-03
6.248665620747703708e-04
4.362769991859078767e-04
4.244234187654446176e-03
1.499750849961004355e-03
9.097614169177469954e-04
9.445799899711917981e-04
8.941398723130927024e-04
3.240278374103910909e-04
8.173716858291985585e-04
4.756724287611106632e-04
6.779410016664615037e-04
4.488282703022974376e-04
3.245434847128321541e-04
1.057949733192227720e-03
1.714916668767740762e-03
3.163009237428343850e-04
9.520375040590584688e-04
7.864609941550253398e-04
7.697261642068598973e-04
7.084669791717042656e-04
6.946346723170559404e-04
2.170282688156098018e-03
1.469488831029000736e-03
6.187012625120680027e-04
7.003019036292581871e-04
6.740439770700950087e-04
6.903506904094865821e-04
6.506606919179461776e-04
7.554708340855497079e-04
3.973716814502544479e-04
1.188500955159410002e-03
1.135070344759892902e-03
5.995211377118646930e-04
7.982348881972569418e-04
2.261390867832431463e-04
6.969607874124682852e-04
7.959258581286062124e-04
1.226165112308070159e-03
3.187928627673798708e-04
3.214078333215000284e-04
2.881229214476078624e-04
3.650405691030894845e-04
3.841987813170029409e-04
1.144061768564926581e-03
5.813770999939019395e-04
3.953344416590497796e-04
5.147043866451339296e-04
5.232518616519623135e-04
4.434880138096175322e-04
5.176422524860397950e-04
5.457096747632815071e-04
9.329465148251437061e-04
1.133645763304636693e-03
8.767620763969613540e-04
1.200275050101247366e-03
9.287140444556424811e-04
2.862454777525470610e-03
6.867667380827299209e-04
3.150007974367218118e-04
5.936367472047859254e-04
8.513870833837038033e-04
1.820810818902706242e-03
2.320691577205550443e-03
9.250481859496461267e-04
1.140887711523973138e-03
4.311068792028960144e-03
6.208383782356600988e-04
7.263292869763167924e-04
8.502040118926849910e-04
2.765453160221681807e-04
5.872945344723504157e-04
6.423893889459390653e-03
1.037380524459484595e-03
1.874028856851640661e-03
2.290784226567027428e-03
6.653623991137505404e-03
1.749301767827466519e-03
5.222903977455389942e-04
8.763353760083068518e-04
7.604818569211813919e-04
6.019079416875962232e-04
1.185470054990815170e-03
1.204185385317591830e-03
1.436638084693510732e-03
3.901547864853376632e-04
1.114524736216406398e-03
7.910162290844572047e-04
5.352306645569819641e-04
4.915049804977295869e-04
1.263617416772812524e-03
4.895389043872706673e-04
3.483030511653308178e-04
1.164528636656490942e-03
7.267902340627794113e-04
8.968570228550115393e-04
9.671644741529053730e-04
5.549677352897584024e-04
1.696937632952844359e-03
1.204295938464894746e-03
4.598506867200100501e-04
2.318139532316011893e-03
6.477547699344462281e-04
3.128858211785109293e-04
6.661816395266528367e-04
7.092042179626361752e-04
1.289714151451155835e-03
8.624800913085863387e-04
3.685081583264876925e-04
4.469493742533971864e-04
9.168163029761068616e-04
4.477459580062258249e-04
4.693567449542454095e-04
1.219449367776776968e-03
2.734320031312806017e-04
1.084600768423202907e-03
1.017790396971129550e-03
1.545379346945804054e-03
5.522557393116181955e-04
1.062214658599225413e-03
3.657592736653535680e-04
6.213957712560717666e-04
6.645177002582194599e-04
6.912640113568766214e-04
4.538674223806184009e-03
7.609113506296615558e-04
3.343063108778880285e-04
9.715400336063766996e-04
1.418100597542770302e-03
1.273006700127581048e-03
6.097155368040456987e-04
1.927801771626246876e-03
7.962813849653948770e-04
1.614554193882024834e-03
4.006139933467704208e-04
5.476657012180716948e-04
5.597191847200368728e-04
3.527902310401017250e-04
6.998836951394203035e-04
1.208887670638550405e-03
7.713151588994666746e-04
7.290150299952891100e-03
6.515647250198795121e-04
4.104530711559724668e-04
4.508923350191202392e-04
6.656169408193478342e-04
2.653387401746022407e-03
4.919684868873626382e-04
1.135230057692504296e-03
8.231339192268132465e-04
3.458696094726259099e-04
2.465265243376334615e-03
4.492738958611826880e-04
5.282341237836461756e-03
4.186818467939214532e-04
3.731641747947638346e-04
1.230782008191283299e-03
3.090444617339383197e-04
1.016604786378438657e-03
7.697261642068598973e-04
7.333842540116293409e-04
7.048361724710803036e-04
9.480845888328638411e-04
4.019504255006787845e-04
6.709344322206236416e-04
2.253210368719277181e-03
1.023297414292350261e-03
3.190118894964104595e-04
5.223016510316918527e-04
1.085193144755300767e-03
2.072823090216406074e-03
7.543986988901387782e-04
7.889656495100504313e-04
1.992089152980959336e-03
1.060206994577586256e-03
5.214102833183345423e-04
1.208884400119953359e-03
7.337766089262698702e-04
1.109968042436966507e-03
4.596618508638115256e-04
2.906165379930903412e-04
5.476967791803793659e-04
1.085717409404803177e-03
9.543582363537702002e-04
1.574643159385163841e-03
4.094995621117871474e-04
4.485511046600108506e-04
1.372946953581505097e-03
6.981546624397448608e-04
1.953937386549881288e-03
5.928177535203695133e-04
6.629680008682465545e-04
5.988864942128414338e-03
6.660766294017937423e-04
5.398102626507776973e-04
9.688564364009877566e-04
6.867442227949059879e-04
6.616168618777908865e-04
5.967287588835928306e-04
5.588118397576431404e-03
4.342436955135925295e-04
5.715010014719337696e-04
9.081704193866707098e-04
6.025796586517277818e-04
8.863179965641743542e-04
7.543986988901387782e-04
4.110004610809796189e-04
5.728710964152901102e-04
5.533043851613405522e-04
9.081434002443082186e-04
1.133645763304636693e-03
4.002806585287136927e-04
3.003477721423251923e-04
8.177209800300969762e-04
4.193554238811921897e-04
4.572666496386362973e-04
5.689057179910073352e-04
4.011291417460552833e-04
1.330065159171657692e-03
1.678881918771619889e-03
1.517616261350176370e-03
6.101523667691917136e-04
3.354470148826583674e-04
5.243856656387854524e-04
1.213425223087964298e-03
4.596751884025698505e-04
2.586061599953333283e-03
6.351997737564921750e-04
1.015010949885874168e-03
9.409933472035918265e-04
1.095925209716521690e-03
5.174204270001193885e-04
4.045003487555738652e-04
9.305746949844677460e-04
4.344814280154570235e-04
1.714380366606447614e-03
5.389286795334258815e-04
9.877576688635928987e-04
5.089343703254142716e-04
7.263570789066965639e-04
4.264734228005372780e-04
8.338500369810570179e-04
4.681205015901672797e-04
3.327225296674058861e-04
9.270611686076080929e-04
7.899318006441438753e-04
1.803460316091627484e-03
6.650281296027662527e-04
4.380222332217418744e-04
4.781751117803499586e-04
1.122339242159004413e-03
6.341399373198169584e-03
2.881229214476078624e-04
1.092407138576491094e-03
7.113339418981235980e-04
7.055099980876309868e-04
6.803694581134132023e-04
8.005445971365831659e-04
8.241386692628524697e-04
7.097418607011626379e-04
3.102004126184884809e-04
5.304757216444184629e-04
2.439911010716324866e-03
1.065968765920064388e-03
7.113293971662575836e-04
5.030924401658888861e-04
5.240656002300943511e-04
6.395995731138487232e-04
9.320334612119669185e-04
8.898108304636067299e-04
5.172332613091604799e-04
1.051176700465678536e-03
1.377380163828119137e-03
5.083767837234716988e-04
9.816909454451699761e-04
2.302559664030761830e-03
7.768523566925833153e-04
8.453338340972957679e-04
1.327585975919274913e-03
3.214078333215000284e-04
6.202099587092457095e-04
2.405959814146789531e-03
1.143120753400042513e-03
8.693658995607895547e-04
9.969306405349456519e-04
8.084459597200853876e-04
8.676903800200393710e-04
9.357176524606905911e-04
1.074605434920437082e-03
6.971624022500717702e-04
4.882134302215548373e-03
1.175635794119842979e-03
5.041358520765356959e-04
5.741195955602131215e-04
5.687004211178376496e-04
3.659269506725796456e-04
7.620609148696317172e-04
1.043931393496121650e-03
5.513763769052846663e-04
6.746834307530615070e-04
4.991484475774536547e-04
1.107771419684921597e-03
4.989157130188567966e-04
1.219449367776776968e-03
7.085012480669245849e-04
6.179330857743282673e-04
2.984497583800641961e-03
6.495562213583671012e-04
6.158213591336923060e-04
6.455517578951233551e-04
2.727809383214016710e-04
1.040135901558988246e-03
6.726226712335103960e-04
5.216765101563635484e-04
1.056847482182995653e-03
8.910082045512778166e-04
1.372946953581505097e-03
1.699534249851526128e-03
4.572447903599433875e-04
3.761671434418118192e-04
3.635474081470600207e-04
8.428098625991012251e-04
1.189464392737076904e-03
4.625714611236048492e-04
7.130333575598533230e-04
3.234004808678186006e-04
2.510194776944130006e-04
5.811861394791079799e-04
4.412071085716370790e-04
2.530193764635503377e-03
1.304379517069253992e-03
1.551931864499612188e-03
5.920877667627898883e-03
6.704840376607334182e-04
4.168462756986219858e-04
9.569651542615387066e-04
3.553670406947373353e-04
4.326689008765338381e-04
2.532943260944729214e-04
7.051074342944214533e-04
5.299439333898136326e-04
2.991319573679749634e-03
1.158367430085722018e-03
3.268770819299621580e-04
4.074462871837367540e-04
1.263734206642240076e-03
1.200173627593585299e-03
6.644236348896542278e-04
9.879152800218767971e-04
1.138044093691624285e-03
3.835214054210306801e-03
4.445517266432770227e-04
1.102241504158751753e-03
1.749214171674218915e-03
6.794864078129695707e-04
7.124170171074088254e-04
8.974454387516314592e-04
6.631660095025917198e-04
1.570283608111833250e-03
1.953937386549881288e-03
4.464559319760532503e-04
8.812010824036081019e-04
4.133734214969700589e-04
1.497392743466118047e-03
5.909951632813732064e-04
3.074422510160972760e-03
4.894275590748599358e-04
7.085530164573827696e-04
2.958982134111355568e-04
6.399777269007231144e-04
9.548892857413510430e-04
1.154029164079742190e-03
8.362228258839780317e-04
4.135816754068985914e-04
3.449389815158819539e-04
5.353010223727596405e-04
1.296725642881123644e-03
1.168011707644947897e-03
8.120450072378487295e-04
4.534105524196680175e-04
5.803835106255746633e-04
3.546042320432490447e-04
1.812489409764817807e-03
4.184705221437823308e-03
9.098785474292643864e-04
4.311240894892034970e-04
9.015253760275009380e-04
1.700152747143643091e-03
4.115519618411414733e-04
3.290403218810442326e-04
2.195172118030159006e-03
5.407967925001963983e-04
1.546519009440994316e-03
5.398186869532640899e-04
1.505040402715757033e-03
8.025739950287422153e-03
8.232895160372867387e-04
3.716732433857405883e-04
1.337090641889118010e-03
7.483634985828622153e-04
4.198376049859933756e-04
7.048361724710803036e-04
5.407967925001963983e-04
6.510084067487000546e-04
7.473413857923238675e-04
4.792256509583476165e-04
4.301332997559708282e-04
1.083400505365667054e-03
7.886908679258548696e-04
9.387147275148017634e-04
1.429985768056755936e-03
4.494546143960820349e-04
8.863754262686582936e-04
3.230247394597433722e-04
5.405613311135475541e-04
1.590267679865349807e-03
7.935048846764920002e-04
3.254144940987816902e-04
3.554145842003211169e-04
7.752496020336782168e-04
5.654552656662930818e-04
8.428098625991012251e-04
5.013860060116278683e-04
6.877199930998280060e-04
6.810520862702743690e-04
1.470962855216565888e-03
3.934190860752484649e-03
4.237767031049217807e-04
3.713973567731270278e-04
1.596752873308879750e-03
4.620715550982296854e-04
7.167572636230201645e-04
1.578955463837354318e-03
5.562514417727169435e-04
9.304014939517031872e-04
8.939966389820591967e-04
4.604245546560904474e-04
8.035237211160481657e-04
5.799301422403559808e-04
1.821528086579155947e-03
4.919240804124135188e-04
8.113113210033500930e-04
4.882134302215548373e-03
5.684698142945977285e-04
7.415184823206990433e-04
9.666659435481586744e-04
7.651845036780445010e-04
2.117388856024720288e-03
6.243838543767397681e-04
3.823492834036119740e-04
7.000083504020050565e-04
3.603100207414424968e-04
6.647273583979533985e-04
3.961969385305274096e-04
6.326851001175723454e-04
4.227082583261514235e-04
4.287676904478469365e-04
5.742562906656071935e-03
1.003013502086568583e-03
7.870579483241637404e-04
7.217959364292689901e-04
1.999353265248637879e-03
6.405312147856301016e-04
6.316816948318932333e-04
1.570031829357746919e-03
8.627056526500024702e-04
7.866678311545390826e-04
1.964503096633467543e-03
4.827808541808740182e-04
9.093327724358665721e-04
2.287862063580755993e-03
2.613335358598676411e-04
7.692715930728002624e-04
4.655535826944068919e-04
2.338993953862350365e-03
6.564260725451340640e-04
7.898619058287043547e-04
3.855593811926329596e-04
2.700544755648870334e-03
6.080590756391068353e-04
1.554168807958763998e-03
5.048588066230275508e-04
5.405613311135475541e-04
5.313687878107842179e-04
1.546519009440994316e-03
4.230230414606423925e-04
1.008731967939258383e-03
2.906165379930903412e-04
4.463467832908218783e-04
6.530190902461724227e-04
8.155789309083302015e-04
8.493778483010382564e-04
1.758661413639656503e-03
8.235129149604693537e-04
2.624736681356954165e-04
9.480201108658672070e-04
6.984667925687712640e-04
5.897483246586468280e-04
7.708695322629211108e-04
4.445504397295586916e-04
1.973962422720181020e-03
9.698572896350315291e-04
5.182824840992448579e-04
3.394570119935272508e-04
7.306207827666319704e-04
6.195016258291785767e-04
6.893648940034102909e-04
3.725569385092993165e-04
6.943423878045346066e-04
3.040597479015572785e-04
5.002856811634467720e-04
7.543986988901387782e-04
1.765000256831544823e-03
1.616791451123452197e-03
5.601312420062931055e-04
4.587937921625359085e-04
3.688006056434220436e-04
8.950386354261790321e-04
6.087861786372021937e-04
4.277134302014316369e-04
2.594515409446963784e-04
3.884377557793989438e-03
5.686195872013067015e-04
4.345265208752246999e-04
6.381323784529566038e-04
3.833582788843296766e-04
7.049659875440578106e-04
5.682360309619230877e-04
4.035413463812020864e-04
3.419263054400261282e-04
1.013963449594778394e-03
1.707936478463559530e-03
5.059962494564999294e-04
4.856114697452897544e-04
7.502681790689567183e-04
5.590181306280686850e-04
1.024351136367385433e-03
1.826255711394680079e-03
5.112188734721478250e-04
8.414230376998097427e-04
5.974381032475543050e-03
9.988318117086652809e-04
2.948291355537126560e-04
7.072655153202644322e-04
1.223495777136399945e-03
6.508236847300050360e-04
7.714638922028701877e-04
1.316072329797661781e-03
2.012030082385565105e-03
4.813889802589410962e-04
8.024097828683015654e-04
5.400378114929236867e-04
6.426776087908930499e-04
2.487310596192027776e-04
7.579691749685459924e-04
8.240245611077177132e-04
1.102206251644825960e-03
5.644311577159697368e-04
9.461635241667835190e-04
6.040132096043830364e-04
3.684727769411366705e-03
9.813724100173084035e-04
2.269842539363945214e-03
1.385780386059835443e-03
3.663427125090174138e-04
1.672132689383712661e-03
2.946832804153997330e-04
3.176013703986676128e-04
1.174575658072044742e-03
1.939227609969084972e-03
9.386545944299580849e-04
6.738297844607431383e-04
3.846315505238716856e-04
7.160957776546750643e-04
8.378245416072883488e-04
1.537798394452511179e-03
2.066473307147521921e-03
5.187936362898441962e-04
3.199784242617877074e-04
3.183953574224701643e-04
5.066624876039049069e-04
1.344297969882427782e-03
1.254475579136708546e-03
9.729477804340463205e-04
1.090404473562783718e-03
3.448437618359595025e-04
6.875252802272283862e-04
3.725465532194295430e-04
6.463526637719656633e-04
4.742698075706954647e-04
4.591965985600349642e-04
6.878967153157860030e-04
5.806122463342409728e-04
5.159580910023836434e-04
8.288510453267341430e-04
1.675709261178597682e-03
3.079972182802985254e-03
6.042789680693238987e-04
5.020213765206030633e-04
3.470456097216988926e-04
7.554708340855497079e-04
5.832522707364782991e-04
9.005200841215446140e-04
5.706626529923014991e-04
1.320840937976819470e-03
3.959008872771539581e-04
5.376498730569905958e-04
3.730227119343441943e-04
4.572415975745712556e-04
5.302734891320677992e-04
8.939966389820591967e-04
5.083640204703149777e-04
6.049108948471171483e-04
9.458582915251889135e-04
4.938200577127545635e-04
2.241429062326516421e-03
5.811861394791079799e-04
4.147678033800328767e-04
8.997833791030216809e-04
4.670891813108096952e-04
4.052841318317499482e-04
8.866878647283460467e-04
2.521178536439977295e-03
4.264734228005372780e-04
6.998998372468018649e-04
8.977753614908166261e-04
3.939865306817526432e-04
1.566486853175069619e-03
4.265137641296148896e-04
4.775558956793680260e-04
1.926816784825255381e-03
3.121646578454737616e-04
3.793374753528638323e-03
6.946346723170559404e-04
7.533709405959764915e-04
1.158935140904643682e-03
6.524418240772219581e-04
7.666432107222696151e-04
1.254672568145753613e-03
3.602069373905112445e-03
5.358837386409294728e-04
4.612476631769398200e-04
3.698893058106149856e-04
9.461635241667835190e-04
5.741637408796922701e-04
4.023172679084618172e-04
5.049488792458789758e-04
3.132278168621026489e-03
2.046137868724578340e-03
5.701569485462225188e-04
4.244355837836381548e-04
1.088096574411937271e-03
8.414230376998097427e-04
1.101877658238172106e-03
5.806122463342409728e-04
1.040371622833801465e-03
1.612600996106246590e-03
5.544941994491076141e-04
4.546272972449319385e-04
6.660416555293497982e-04
5.598784589597411787e-04
1.506595938412504934e-03
4.975661190633800992e-04
1.045806314154660655e-03
8.332072286463477117e-04
4.390718432363680717e-04
