7.231619192157426367e-04
2.747745518047400122e-04
6.709479230196818168e-04
4.719381064408329071e-04
5.119283669849727198e-04
7.488817157064740814e-04
9.758187180712602632e-04
8.861653533912727983e-04
3.910285242203836520e-04
3.692037185136083123e-03
6.113166971183238820e-04
2.336082808206627612e-04
1.194630088047682771e-03
5.603355727009839884e-04
4.482962213608809518e-04
2.973566273233791465e-04
3.088684785765197336e-04
9.726635809849179873e-03
1.996564957305813764e-03
1.525570240360238621e-03
4.883019557202053539e-04
1.089042473784731201e-03
4.834699536770083921e-04
1.560745490668088292e-03
9.587498904495497668e-04
3.452499117206029862e-04
7.613464163065396815e-04
7.157968215908112148e-04
6.783404598671123132e-04
6.321548432719641987e-04
6.744355927075802032e-04
2.523149287329175673e-04
1.818027645871436032e-03
3.919733122829711252e-04
1.200671361231595577e-03
8.160386764622229840e-04
3.277951215033619251e-04
6.951836040921012538e-04
4.903869627008128297e-04
6.390307674696124509e-04
4.288544721210188178e-04
6.600784785692878544e-04
1.834761477916970395e-03
8.303226156716347504e-04
5.829280885990775372e-04
3.518731039745613687e-03
1.048452179082417579e-03
5.077410949539715819e-04
7.423385592549963099e-04
6.001607891817267769e-04
9.935508920482633271e-04
1.798040189550093385e-03
1.044759684215474565e-03
3.191972975374884761e-04
6.016467032811679541e-04
8.170566861481653358e-04
5.189348942954355318e-04
1.109321287906730059e-03
8.524502420901986215e-04
1.313517074417739489e-03
8.553066317065350765e-04
2.383400317067180328e-04
8.661641757865210780e-04
3.037430176907327146e-03
1.381532477472262018e-03
3.251636692262284195e-04
5.028481934190571047e-04
1.867096702280895276e-03
5.840646670364501875e-04
3.951368447350328788e-04
8.386671685280496684e-04
9.707746255243361990e-04
8.145407938615208902e-04
1.030405971846500490e-03
4.680991515200030114e-04
7.959566792113861432e-04
1.040190640465953791e-03
2.116473155583276956e-03
3.937759331704178542e-04
9.334656098388395508e-04
1.261795340604609204e-03
3.578135162261042793e-03
4.181118693613996911e-04
8.162972611600410834e-04
1.587529288011412095e-03
3.689408368587165487e-04
6.153810240726886351e-04
4.800422014744683166e-04
5.774515719191037483e-04
8.181493578281463482e-04
1.119437448447808221e-03
5.100255603292880649e-04
1.002179045014178326e-03
4.225889989568912741e-04
1.561029140887671340e-03
1.703925072051678006e-03
3.126382955870879660e-04
6.552085403768612105e-04
6.168118758231661480e-04
3.351701005814593497e-03
5.409422132942553986e-04
6.263143209693564474e-04
1.403603259655791888e-03
1.560745490668088292e-03
5.975044535678306502e-04
9.573243079679712858e-04
8.889297500162348818e-04
1.554780434647169566e-03
8.474678191858201664e-04
5.981628011154733939e-04
2.008291546305014837e-03
1.063231680111592897e-03
8.774685637664858149e-04
8.063063839600829270e-04
1.117679093647393771e-03
9.255486594837005008e-04
5.898817791298263018e-04
7.183513687424646164e-04
2.055259689964377551e-03
9.334656098388395508e-04
1.060457119300223456e-03
9.851568900239727599e-04
1.410282655774664070e-03
7.171478438986803299e-04
7.689054079347620993e-04
1.495856665724780259e-03
4.530942200440030068e-04
1.670010434961045464e-03
1.777731663196801355e-03
1.534495885855801127e-03
1.441615652640192364e-03
4.371955461132055244e-04
5.956762262870692222e-04
8.998247819986999758e-04
7.555554254372491086e-04
1.666572477311414847e-03
7.448698434738956547e-04
2.942945890313990805e-04
1.889612930336053136e-03
2.602198124563770767e-03
4.934410123570334272e-04
3.434795811573660416e-04
4.101580369636497370e-04
3.322232756437876688e-04
5.532247683340104022e-04
8.014618875671727016e-04
6.616340115709040941e-04
4.495946083280588168e-04
1.421211226602274403e-03
7.642025481771701732e-04
3.125073184402750253e-04
6.847033004633636556e-04
1.698178354736377483e-03
4.181118693613996911e-04
8.704899611454766910e-04
4.130365886350419484e-04
1.244400258845931341e-03
5.934970140698774379e-04
1.013217452077911848e-03
6.158555103552244489e-04
4.283634174672421632e-04
5.352071780480536231e-04
1.094423534053442061e-03
8.865874517966205017e-04
5.153313330744230258e-04
1.224339003395976929e-03
8.874571261914343881e-04
7.839902085564454766e-04
4.308827511109431137e-03
4.145684746375981919e-04
6.735911934575817368e-04
4.890018065487629741e-04
7.481546049423437291e-04
4.504455491523603160e-03
4.900885164504331605e-04
1.246193336765478174e-03
9.350927729914455897e-04
5.024070912795303157e-03
1.045341463815071398e-03
9.748946259914304793e-04
8.542489824211990223e-04
1.449702607919404682e-03
6.995585222518153337e-04
9.453693340003514051e-04
1.306413132081037489e-03
7.167628023702737579e-04
1.165058204058115089e-03
6.856498294796064012e-04
4.608976463270946433e-04
5.756466410200707616e-04
7.212991528568881783e-04
4.137124382628312442e-04
7.488638287176852979e-04
3.348463462766441577e-04
1.587053470605616920e-03
5.537429922275927032e-04
4.611194388924221487e-04
1.554780434647169566e-03
3.608150948874655679e-04
1.587738499922883685e-03
8.934634507055113717e-04
8.379949554551428467e-04
8.863345793547835636e-04
7.397718304949295158e-04
5.502622944231537559e-04
8.146670994644825874e-04
3.884563247637936798e-04
6.539789170248762199e-04
6.116018740100196598e-04
9.553054794795402078e-04
2.008291546305014837e-03
5.991903505244604647e-04
6.862234803195082534e-04
1.334326630181726942e-03
2.100681166249471730e-03
1.124054867506533604e-03
3.551312532085222498e-04
6.225904438937518480e-04
1.993338784234209137e-03
8.867112346456716959e-04
5.088448311658735901e-04
9.707746255243361990e-04
7.271102768901893752e-04
2.848088415365458096e-03
4.589541270767798415e-04
1.555660820591466681e-03
4.509534671613019152e-04
6.010363308255798178e-04
2.715998955621438601e-03
7.313521136647652089e-04
3.386286912692628576e-04
9.068217542449926718e-04
1.383566445309620477e-03
9.274886554200775530e-04
3.518731039745613687e-03
7.861884528287069879e-04
1.168475572344044536e-03
2.528717127061863839e-03
2.136751429397194119e-03
8.297430769307651173e-04
5.674460080600571667e-04
7.819240556513923791e-04
7.111295923688509260e-04
5.004158283979019640e-04
1.376753969639238351e-03
1.301575858410163175e-03
1.784932741796428678e-03
3.623817560132656609e-04
6.923569216111974747e-03
1.095449048450684729e-03
2.028476340225827956e-03
2.679260651553601476e-04
1.862051146416604953e-03
2.631025815215271534e-03
8.692740649042316869e-04
5.351016414844091693e-04
5.567811995866508165e-04
4.662598796250816044e-04
2.554395397982628293e-03
1.623980059711758019e-03
4.908288960108385607e-04
1.312692061968311627e-03
1.522393183072809440e-03
7.899621638727603694e-04
5.674460080600571667e-04
1.244232854077596470e-03
7.936844845192629399e-04
5.071487359116324308e-04
6.297736372648757731e-04
1.537323028066066343e-03
7.578109610200144727e-04
6.033170526039665629e-04
5.973150385794772418e-04
3.943865256934944198e-04
1.101468183106434507e-03
6.980168186436673744e-04
5.859126075685986866e-04
1.138975389283033079e-03
9.857201848181063909e-04
1.023835188105110330e-03
1.483285672738607862e-03
4.979962622375759540e-04
8.285792955360391865e-04
4.922461770419278874e-04
4.830961170852583427e-04
7.448698434738956547e-04
1.096549084258355115e-03
5.214059511577967976e-04
1.346978700985951120e-03
7.063347555176292293e-04
2.507836682752834570e-03
2.554395397982628293e-03
1.051454018261146128e-03
5.228144840404042471e-04
1.117679093647393771e-03
3.189101606997165488e-04
1.788964181100248171e-03
7.889405701663454711e-04
4.322961714749231103e-04
2.434954018043124745e-03
4.978625591970216530e-04
4.563783397378203010e-04
6.216731887027885251e-04
4.800422014744683166e-04
2.845690600001638871e-04
8.933956954686984257e-04
7.801035850619777957e-04
6.892395052685644204e-04
5.709856457667743463e-04
7.628586607871819638e-04
1.512290981808375821e-03
1.126993545806878605e-03
6.185208308131846409e-04
8.303226156716347504e-04
4.857051455154837356e-04
4.115129328471497320e-04
8.613018305172801372e-04
7.482817379871431300e-04
4.319851070357063260e-04
5.268579127532793584e-04
1.929084726209394232e-03
1.228537372761297772e-03
4.235061972558977397e-04
1.446052792300557598e-03
5.186932322812146372e-04
1.784311060332699353e-03
5.930843568472468630e-04
1.073519059556215420e-03
9.302378770416107681e-04
8.809514294505484079e-04
3.772562274490103853e-04
4.105847514950897062e-04
1.144744854840316862e-03
3.858806375666514496e-04
1.035003335759769431e-03
1.872749202295962041e-03
3.381683088811355859e-04
2.066669539875022870e-03
2.069244761069565040e-03
3.739336001418561996e-04
2.343737828770868590e-03
5.617700795226171799e-04
9.524873967437205756e-04
4.432002259288904357e-04
9.441855370000135214e-04
3.798574533652148279e-04
7.783698147381286347e-04
7.709087176929894014e-04
6.662687146059473580e-04
3.776639334754088744e-04
3.164861333015526221e-04
6.950676131372386310e-04
1.959337707186405587e-03
2.546176790715284736e-03
9.149674511446571510e-04
7.436240863119732147e-04
3.879994051489191707e-04
1.399038577813006877e-03
9.442151161135445454e-04
5.468304409335244740e-03
2.530362096382797986e-03
5.240704950141945265e-04
3.210341017378323409e-04
2.555403531019833177e-04
9.174463109707358538e-04
1.578957521408503152e-03
6.160376003916165745e-04
3.995037114235379730e-04
4.920202814676401248e-04
2.585982589148409761e-04
5.978953789662913793e-04
4.167718969469030605e-04
3.068945824609574423e-04
7.715577605399153056e-04
6.769228120115586278e-04
1.386663954205373138e-03
6.601972642062831076e-04
8.671574457377360197e-04
5.633754557108835992e-04
5.611299581241569997e-04
6.373539019899415129e-04
1.385731264840716053e-03
7.216248979609116024e-04
1.704926045911879604e-03
6.159269774695803586e-04
1.587053470605616920e-03
1.097121931495419157e-03
8.934902408422141585e-04
8.762749447669504563e-04
4.999792119857693297e-04
1.522393183072809440e-03
1.041089582549739384e-03
6.133555160776263783e-04
1.057182908609806578e-03
2.549233987948435550e-04
1.483453397724229881e-03
5.377868366934577399e-04
8.396615031000584763e-04
1.514875722946270068e-03
2.069244761069565040e-03
3.920591468965074853e-04
4.957891913801825952e-04
7.540880334757101401e-04
2.026541154296708849e-03
9.538228631974878836e-04
1.487123716974843995e-03
1.144744854840316862e-03
4.389098142962070373e-04
4.005310281485472725e-04
3.934394494985707282e-04
4.763973359312976305e-04
2.125315776827035440e-03
1.201413538250458747e-02
1.140508417998461078e-03
4.571786660054786102e-04
5.422036416559972150e-04
6.821237577340678480e-04
1.112253253075080319e-03
6.272200568089346742e-04
1.196475587345306735e-03
9.632016748472374545e-04
8.829977094955591488e-04
3.497298510319511939e-04
3.107790426052849716e-03
1.121642624343471839e-03
4.082731801300493982e-04
2.953407484492641551e-04
8.135267276511480659e-04
9.460116070454896876e-04
6.022404045502569893e-04
1.062927181992897067e-03
3.745083738758120504e-04
4.132882564568430032e-04
2.701082759940999392e-04
7.170954453638363636e-04
7.904591873977536483e-04
2.025716819784681866e-04
6.896707052580369497e-04
5.399803560725826776e-04
6.098140170302719133e-04
1.622424405834282978e-03
9.108479965493189792e-04
2.318526966587770551e-04
1.533792190490029100e-03
1.587053470605616920e-03
4.310619828799694690e-04
6.991054647038882127e-04
3.508744408198487437e-03
7.023805670432529090e-04
8.297430769307651173e-04
3.551138487183928740e-04
4.450528839978277725e-04
8.538659806629335467e-04
3.136954736219979144e-04
1.410935947517148606e-03
4.464148270009521066e-04
2.997294735245610770e-04
7.494895074377147786e-04
1.293542426224425501e-03
8.398109892613521681e-04
7.856273185588423958e-04
1.512949898381806208e-03
8.115813048994162827e-04
5.674460080600571667e-04
1.357896862766575343e-03
1.166327700399999922e-03
8.498541097799775738e-04
3.360367178783692232e-04
1.773487684153333618e-03
9.195639435333346655e-04
2.869260079679197481e-03
4.602109771460808599e-04
6.636357178344661151e-04
6.295189255815076233e-04
6.442987049270706718e-04
1.397040868267696674e-03
7.547124605949768117e-04
1.446804943755947192e-03
8.630998008923877664e-04
2.798227079686712551e-04
4.542078425982931504e-04
4.855674804100044832e-04
4.183096198538157457e-04
5.266011697811012011e-04
1.045279904765876238e-03
1.102937453216996933e-03
4.298506014672061316e-04
5.469045838538339529e-04
3.221427301296781592e-04
4.879841556282242922e-04
1.786281363885065766e-03
5.189618634826899390e-04
3.923464213302352006e-04
7.302544442647938491e-04
1.040806094321940472e-03
1.131885609529228965e-03
6.991054647038882127e-04
6.950499567045598584e-04
6.008295344062963318e-04
9.711547664424405530e-04
4.076700464661302649e-04
5.184355084477715488e-04
1.224166903841659125e-03
3.399504448486813791e-04
3.943093930212667256e-03
2.732539991817645349e-03
1.047405143737440520e-03
7.822470571280261799e-04
3.527524685569995285e-04
1.580951321539861504e-03
8.357283747595310166e-04
4.798261256286192526e-04
7.028035069636413140e-04
7.763241325550077716e-04
5.380708861048525554e-03
6.472581466523561139e-04
5.225929986870799741e-04
7.633906479053875109e-04
4.046588515006085355e-04
4.837925268615986523e-04
4.237503114191573076e-04
8.933858565709809326e-04
9.243491164053707848e-04
1.734927413029327143e-03
7.360650720427760899e-04
2.273034109816453243e-04
5.144391257779786343e-04
4.458632839350978286e-04
9.586838296350123781e-04
6.166611424922516238e-04
9.948596155868693041e-04
1.483285672738607862e-03
5.086494173800532774e-04
4.181118693613996911e-04
8.102398902050634514e-04
3.662734646869018808e-04
4.835843930153236377e-04
7.948802151445563376e-04
1.113280864653751721e-03
3.695066389782283162e-04
1.113980144051388314e-03
8.862353489166222400e-04
3.660499409016281999e-03
1.206725471287341256e-03
1.223914563290876391e-03
2.861686955702254318e-03
6.564275500420556396e-04
5.888464323493114829e-04
3.919171579452707761e-04
3.246455905679603991e-04
5.740102706538891810e-04
5.058721866095893102e-04
5.377027831614200832e-04
3.171799271144041350e-04
3.505459896800888699e-04
1.060134196798962446e-03
4.575283468396548845e-04
6.357407875551550781e-04
5.933927331651628985e-04
1.945720945177670247e-03
3.515669494609376480e-04
2.215238904126052471e-04
1.579681219614517424e-03
1.566651560523241822e-03
5.522478594980303242e-04
4.139473323143894523e-04
1.426029845913076880e-03
7.167577350158637608e-04
4.023361672803223979e-04
2.239512874043233983e-03
2.989862338315609934e-04
1.314844027377339237e-03
7.216248979609116024e-04
5.514630245461429794e-04
6.185432686164145290e-04
5.052068540203954322e-04
3.145259120227932720e-03
3.596071280028527439e-04
3.088684785765197336e-04
2.239512874043233983e-03
5.703444854965866988e-04
5.140195148576414373e-04
5.359716445778475811e-04
5.108963893190357182e-04
4.428650032523844958e-04
2.466890547165743932e-03
2.032628629936801372e-03
2.434954018043124745e-03
1.414950425038846021e-03
3.150641652176782337e-04
6.431169101709740708e-04
4.497468483855254057e-04
1.089278367567470982e-03
8.142793935648625584e-04
4.090485979641283174e-04
2.208064357426331784e-04
1.560745490668088292e-03
4.163093711403258439e-04
5.098830346181508315e-04
4.261988712041365839e-04
6.342152549151727770e-04
3.814778325232623716e-04
9.903446779411671699e-04
4.945266250527926340e-04
6.039418413698188510e-04
5.080309355334627908e-04
7.294469124826264816e-04
4.041388197201290270e-04
4.802471286373920234e-04
5.487389788610105889e-04
4.384996212896962483e-04
5.907306598442449213e-04
3.248979577152437317e-03
5.848776597596903794e-04
7.030928137218094400e-04
7.621618520639189022e-04
3.350755694842500127e-04
1.117679093647393771e-03
1.727600762541119800e-03
8.671574457377360197e-04
6.759635049046861140e-04
6.156658562203833800e-04
4.563783397378203010e-04
2.026541154296708849e-03
1.011413547243455915e-03
1.131993855631415521e-03
2.951726441219700210e-04
1.777731663196801355e-03
1.112970176207897901e-03
4.169330713309099567e-04
9.108479965493189792e-04
3.109195727915188556e-04
5.674460080600571667e-04
6.295189255815076233e-04
4.464148270009521066e-04
7.487474697896868807e-04
4.942236583945208836e-04
4.853784612518817552e-04
6.466174361891446377e-04
7.375686193771100081e-04
5.537500997597440740e-04
8.460381037178164735e-04
1.504191002865992591e-03
9.491059707593054069e-04
3.697047361636033257e-04
4.266407195303302232e-04
1.124054867506533604e-03
2.244589583169173501e-03
1.314559414394690304e-03
7.089530754536325051e-04
4.966893602205767894e-03
7.264234085749194693e-04
6.500740202316650273e-04
5.928769122885461321e-04
4.999792119857693297e-04
4.056746202965784984e-04
5.115544729677590349e-04
1.341468526213888610e-03
6.713718410567914114e-04
6.287733722375404930e-04
9.632016748472374545e-04
1.512290981808375821e-03
2.915394175347209922e-04
3.573576143629132859e-04
1.465602506417231377e-03
1.587053470605616920e-03
1.144744854840316862e-03
4.241950947265499413e-04
6.401665975712813672e-04
4.074528634790034018e-04
4.753721671939103023e-04
6.896707052580369497e-04
9.841195232852162529e-04
5.699356421969512540e-04
1.622507477678804527e-03
5.167766484931288120e-04
2.546176790715284736e-03
4.130452095223666360e-03
6.665365448949982794e-04
6.206666795537884272e-04
5.317289261194002191e-04
4.879136636669874978e-04
1.493505204944548751e-03
7.207833921485260137e-04
5.226985047874669688e-04
1.114072270203644204e-03
6.519302890696968911e-04
8.226015443837452834e-04
6.604589431386709460e-04
9.110597113743852671e-04
2.943801822736007590e-03
1.136395273562965363e-03
5.403384425684379681e-04
6.622397322527526957e-04
1.039064911755865602e-03
1.026929179190969998e-03
4.365903919090728951e-04
1.345643468260608556e-03
3.389767576327730350e-04
3.267165887781598062e-04
5.674460080600571667e-04
1.113562110887883309e-03
7.559399352663764577e-04
8.704899611454766910e-04
2.347865290003105058e-03
1.117679093647393771e-03
1.300299442709674461e-03
1.118718515571370418e-03
1.083245181111007526e-03
4.495772250014790864e-04
3.167607082322580194e-04
7.771422807444360340e-04
2.186464500831854663e-03
6.922724843257525330e-04
5.111812076040623968e-04
4.800122215687695009e-04
1.253335679073988183e-03
8.480017013305641812e-04
1.314559414394690304e-03
3.479628993548229817e-04
6.373539019899415129e-04
3.467748670480246833e-04
7.212033282114917437e-04
1.129322701910748369e-03
9.691425629429348742e-04
1.247920335814729775e-03
6.279985165622659982e-04
4.737622879350365671e-04
1.081828122546848493e-03
9.954853900056713674e-04
6.904477963979972028e-04
1.483285672738607862e-03
5.292563978067060630e-04
5.368246531297311613e-04
4.443698813223624883e-04
4.132882564568430032e-04
6.165018489170054697e-04
6.965572940170963604e-04
3.578933115676742453e-04
3.256575142098413491e-04
7.056989152596109850e-03
1.629716721570421056e-03
6.246733339409924401e-04
6.676227336944623751e-04
4.464148270009521066e-04
6.485549359121963462e-04
3.360609336520236452e-04
4.969089532956368809e-04
1.884445525563740965e-03
1.139508904981271359e-03
6.446886480614764763e-04
8.021952249074257042e-04
6.076203114764281051e-04
7.213204542395100591e-04
1.076996577364652818e-03
5.403397263925258055e-04
2.947328193413022396e-04
6.792342339860676318e-04
9.660057528133125879e-04
8.281101452811518663e-04
1.463803023783411287e-03
4.181118693613996911e-04
5.242830972468866041e-04
1.242519495403868624e-03
7.168616659481524779e-04
8.828264659697829080e-04
1.410935947517148606e-03
1.095962831875893712e-03
8.452865981096026413e-04
5.808609909185438258e-04
3.803956519430832378e-04
5.136912963441923885e-04
6.795494799933072486e-04
4.225889989568912741e-04
5.277549109673480669e-04
8.102398902050634514e-04
1.101468183106434507e-03
6.060011646871497687e-04
7.485600058934985821e-04
1.223182352183972265e-03
5.517007857643050966e-04
8.263711291660364886e-04
5.454170553689061552e-04
7.273992724540531262e-04
1.483488468030284705e-03
2.716808282286574784e-04
8.384102982860610438e-04
3.632418272752040676e-03
1.087189422659983092e-03
3.492842037072695842e-04
3.316970302206279130e-04
3.895484779802694912e-04
3.623290101728124011e-04
8.664650351981618417e-04
4.829812524409148001e-04
5.011176208128188293e-04
3.720827120470763909e-04
4.118596707469634501e-03
4.712230814755802408e-04
2.959255591279169768e-04
2.618472394889713537e-04
5.674460080600571667e-04
6.181767167237279051e-04
9.599664961206932782e-04
1.115756767028267806e-03
9.151554338560013253e-04
6.088594469260468498e-04
4.940615021720095538e-04
4.481379097305717048e-03
7.167628023702737579e-04
5.856035560717603311e-04
7.178413351608879623e-04
8.843353084018863676e-04
5.536002977260210409e-04
1.770622765093644814e-03
7.783698147381286347e-04
1.141122371116517565e-03
1.301540806935501827e-03
1.257206925494880898e-03
1.750722117452223206e-03
4.335731708659536872e-04
1.312692061968311627e-03
5.354572091470260120e-04
2.708100244312406854e-04
4.175225570169555415e-04
2.199558714418563699e-04
4.447269346672566201e-04
5.139124550502845038e-04
1.504191002865992591e-03
4.285684940399995505e-04
6.623780125660133676e-04
5.801942879737663830e-04
4.124765211657172980e-04
3.529169654750502916e-03
2.591144915484054536e-03
2.417543731506498032e-03
6.306025845080724408e-04
6.012692734151216852e-04
5.702818629059425116e-04
4.506504132962424751e-04
1.501368761815330541e-03
3.993765889908126171e-04
4.816725760587718024e-04
7.489007129910776796e-04
7.314618172159004011e-04
1.030405971846500490e-03
4.181118693613996911e-04
8.661461126499191620e-04
6.080938175568366627e-04
3.689408368587165487e-04
5.725402187300640804e-04
5.382967023680275192e-04
3.333386319295161197e-04
3.893229363173658143e-04
6.675934848276830627e-04
6.616666177970719973e-03
6.793872042371009107e-04
1.507751589023229380e-03
4.054220004673435122e-04
8.101023527250418186e-04
5.481381696365590205e-04
9.112536997024383483e-04
2.400433372244999846e-04
5.655579761912482312e-04
4.181118693613996911e-04
3.384960949132194614e-04
6.271895890565246968e-04
1.410935947517148606e-03
2.211141163879546019e-03
2.185957061867219772e-03
1.603314430953527853e-03
1.415807446352548935e-03
1.616812126325590203e-03
9.929497927974140041e-04
6.159162984033221154e-04
1.379122098454377450e-03
3.860062569956399826e-04
3.883482637941849036e-04
8.067825893874553192e-04
1.297178218125554904e-03
3.509401336403704906e-03
8.043748231879581812e-04
7.185396979884821431e-04
1.279810765536876227e-03
6.882135214644223347e-04
6.237363378343730586e-04
3.283658238873496784e-04
5.969369536154080528e-04
3.418571559098106593e-04
3.045872560215638018e-04
8.922499142423512188e-04
4.235061972558977397e-04
1.587053470605616920e-03
2.682497362060071535e-04
7.206927874501499985e-04
4.696547569671913076e-04
7.948802151445563376e-04
3.551312532085222498e-04
3.967321877786831284e-04
6.603782994913465296e-04
2.262838021973098289e-04
8.481275338686025331e-03
1.441660323297020438e-03
7.530062357871768587e-04
4.523750206334683274e-04
7.152913985821931359e-03
1.949605729255634049e-03
6.493478744327665269e-04
1.817985703917453667e-03
1.674173404541919215e-03
3.528699848945392008e-04
4.569040697395421050e-04
1.594729237986178532e-03
8.285227946090905965e-04
5.892091339002681954e-04
1.378460821413942695e-03
8.257389646323692227e-04
1.332148537117673918e-03
1.301350357862071302e-03
3.529320968495627949e-04
9.075499804093326104e-04
4.733137172598030594e-03
6.389442004624973099e-04
5.701553531416703440e-04
8.633273242618123844e-04
5.999421989654809282e-04
6.368790357045457911e-04
3.255944060274441020e-04
1.566651560523241822e-03
5.208735848760756050e-03
1.115623571947309657e-03
1.441615652640192364e-03
6.159141657604511131e-04
2.388855001564704154e-03
5.531090244252887022e-04
4.787172172524440934e-04
6.286555765496750717e-04
5.241952657964531843e-04
6.949085484415151249e-04
6.082491555778144626e-04
5.338977124919713204e-04
4.678098744880349567e-04
3.605117163664506340e-04
5.796407759308866599e-03
6.804443341868499518e-04
7.521940617506166389e-04
4.938496931590396957e-04
7.664076558570128870e-04
6.132240706073859276e-04
4.876907959482172628e-04
5.965425290993191893e-04
3.693662169856585294e-03
7.033805491260178549e-04
1.798040189550093385e-03
1.669924745531966605e-03
4.152375809608197031e-04
1.392759909791954371e-03
2.794977535007936854e-04
3.296054389601346928e-04
5.958866075625995212e-04
2.691289618425550816e-04
9.202075303756275656e-04
2.821189314294237000e-04
5.250300463955622030e-04
4.577349841230575738e-04
5.142983741295085705e-04
6.447317934298409841e-04
6.783404598671123132e-04
9.069865011520277876e-04
7.520318749495313480e-04
1.980933072652635470e-03
7.490465329235288308e-04
1.375517411235538823e-03
1.376571492152797727e-03
1.975603802147072111e-03
1.022290735304641528e-03
1.553779448294916087e-03
7.021631474143761762e-04
5.106147727436823568e-04
7.690156638718356058e-04
6.974941447488123289e-04
7.387196333633218445e-04
1.103865734932125671e-03
5.223673447126014890e-04
6.299202920448817265e-04
6.333127935022622940e-04
7.066570654373867041e-04
2.274797492753357004e-04
4.759740246348281877e-04
3.879994051489191707e-04
1.056160279066847970e-03
8.303226156716347504e-04
5.433744038314582961e-04
5.026822382123673216e-04
3.773925474908432914e-04
1.420826306723887858e-03
1.649615288699014023e-03
3.115731708235686299e-03
4.566308443962346529e-04
1.670010434961045464e-03
