5.300000000000000000e+01
6.100000000000000000e+01
6.200000000000000000e+01
7.600000000000000000e+01
8.700000000000000000e+01
8.900000000000000000e+01
9.100000000000000000e+01
9.200000000000000000e+01
1.130000000000000000e+02
1.190000000000000000e+02
1.320000000000000000e+02
1.730000000000000000e+02
1.770000000000000000e+02
1.800000000000000000e+02
1.820000000000000000e+02
1.840000000000000000e+02
1.900000000000000000e+02
1.920000000000000000e+02
1.950000000000000000e+02
2.360000000000000000e+02
3.100000000000000000e+02
3.670000000000000000e+02
3.720000000000000000e+02
3.730000000000000000e+02
3.910000000000000000e+02
4.030000000000000000e+02
4.350000000000000000e+02
4.410000000000000000e+02
4.450000000000000000e+02
4.460000000000000000e+02
4.550000000000000000e+02
4.570000000000000000e+02
4.760000000000000000e+02
4.900000000000000000e+02
5.180000000000000000e+02
5.260000000000000000e+02
5.420000000000000000e+02
5.740000000000000000e+02
5.980000000000000000e+02
6.030000000000000000e+02
6.080000000000000000e+02
6.330000000000000000e+02
6.340000000000000000e+02
6.390000000000000000e+02
6.680000000000000000e+02
6.980000000000000000e+02
7.490000000000000000e+02
7.540000000000000000e+02
7.720000000000000000e+02
7.730000000000000000e+02
7.800000000000000000e+02
8.020000000000000000e+02
8.440000000000000000e+02
8.510000000000000000e+02
8.940000000000000000e+02
8.970000000000000000e+02
9.070000000000000000e+02
9.230000000000000000e+02
9.330000000000000000e+02
9.340000000000000000e+02
9.360000000000000000e+02
9.420000000000000000e+02
9.470000000000000000e+02
9.560000000000000000e+02
9.980000000000000000e+02
