4.000000000000000000e+01
5.200000000000000000e+01
7.300000000000000000e+01
8.100000000000000000e+01
1.170000000000000000e+02
1.240000000000000000e+02
1.250000000000000000e+02
1.590000000000000000e+02
2.030000000000000000e+02
2.090000000000000000e+02
2.100000000000000000e+02
2.170000000000000000e+02
2.220000000000000000e+02
2.270000000000000000e+02
2.280000000000000000e+02
2.450000000000000000e+02
2.470000000000000000e+02
2.540000000000000000e+02
2.780000000000000000e+02
2.870000000000000000e+02
2.900000000000000000e+02
3.030000000000000000e+02
3.340000000000000000e+02
3.440000000000000000e+02
3.490000000000000000e+02
3.500000000000000000e+02
3.520000000000000000e+02
3.530000000000000000e+02
3.540000000000000000e+02
3.560000000000000000e+02
3.610000000000000000e+02
3.680000000000000000e+02
3.750000000000000000e+02
3.830000000000000000e+02
3.840000000000000000e+02
3.850000000000000000e+02
3.930000000000000000e+02
4.100000000000000000e+02
4.110000000000000000e+02
4.150000000000000000e+02
4.280000000000000000e+02
4.390000000000000000e+02
4.430000000000000000e+02
4.480000000000000000e+02
4.520000000000000000e+02
4.580000000000000000e+02
4.650000000000000000e+02
4.700000000000000000e+02
4.790000000000000000e+02
4.820000000000000000e+02
4.890000000000000000e+02
4.950000000000000000e+02
4.970000000000000000e+02
5.000000000000000000e+02
5.070000000000000000e+02
5.080000000000000000e+02
5.090000000000000000e+02
5.240000000000000000e+02
5.250000000000000000e+02
5.320000000000000000e+02
5.330000000000000000e+02
5.410000000000000000e+02
5.430000000000000000e+02
5.440000000000000000e+02
5.480000000000000000e+02
5.490000000000000000e+02
5.530000000000000000e+02
5.610000000000000000e+02
5.650000000000000000e+02
5.660000000000000000e+02
5.670000000000000000e+02
5.790000000000000000e+02
5.810000000000000000e+02
6.290000000000000000e+02
6.460000000000000000e+02
6.490000000000000000e+02
6.500000000000000000e+02
6.510000000000000000e+02
6.560000000000000000e+02
6.570000000000000000e+02
6.590000000000000000e+02
6.610000000000000000e+02
6.620000000000000000e+02
6.720000000000000000e+02
6.750000000000000000e+02
6.810000000000000000e+02
6.900000000000000000e+02
6.960000000000000000e+02
7.020000000000000000e+02
7.040000000000000000e+02
7.050000000000000000e+02
7.060000000000000000e+02
7.070000000000000000e+02
7.160000000000000000e+02
7.340000000000000000e+02
7.430000000000000000e+02
7.470000000000000000e+02
7.480000000000000000e+02
7.560000000000000000e+02
7.570000000000000000e+02
7.620000000000000000e+02
7.670000000000000000e+02
7.700000000000000000e+02
7.770000000000000000e+02
7.790000000000000000e+02
7.810000000000000000e+02
7.830000000000000000e+02
7.860000000000000000e+02
8.080000000000000000e+02
8.090000000000000000e+02
8.110000000000000000e+02
8.250000000000000000e+02
8.270000000000000000e+02
8.290000000000000000e+02
8.300000000000000000e+02
8.330000000000000000e+02
8.380000000000000000e+02
8.390000000000000000e+02
8.400000000000000000e+02
8.430000000000000000e+02
8.490000000000000000e+02
8.500000000000000000e+02
8.550000000000000000e+02
8.680000000000000000e+02
8.800000000000000000e+02
8.820000000000000000e+02
8.930000000000000000e+02
8.950000000000000000e+02
9.010000000000000000e+02
9.020000000000000000e+02
9.030000000000000000e+02
9.050000000000000000e+02
9.090000000000000000e+02
9.100000000000000000e+02
9.110000000000000000e+02
9.140000000000000000e+02
9.180000000000000000e+02
9.250000000000000000e+02
9.310000000000000000e+02
9.320000000000000000e+02
9.350000000000000000e+02
9.430000000000000000e+02
9.500000000000000000e+02
9.530000000000000000e+02
9.630000000000000000e+02
9.640000000000000000e+02
9.670000000000000000e+02
9.680000000000000000e+02
9.710000000000000000e+02
9.810000000000000000e+02
9.920000000000000000e+02
