3.800000000000000000e+01
3.900000000000000000e+01
6.500000000000000000e+01
7.500000000000000000e+01
9.500000000000000000e+01
1.070000000000000000e+02
1.160000000000000000e+02
1.280000000000000000e+02
1.400000000000000000e+02
1.410000000000000000e+02
1.430000000000000000e+02
1.440000000000000000e+02
1.450000000000000000e+02
1.520000000000000000e+02
1.550000000000000000e+02
1.620000000000000000e+02
1.780000000000000000e+02
1.790000000000000000e+02
1.870000000000000000e+02
1.880000000000000000e+02
1.930000000000000000e+02
1.960000000000000000e+02
1.980000000000000000e+02
1.990000000000000000e+02
2.020000000000000000e+02
2.110000000000000000e+02
2.130000000000000000e+02
2.180000000000000000e+02
2.240000000000000000e+02
2.400000000000000000e+02
2.500000000000000000e+02
2.510000000000000000e+02
2.560000000000000000e+02
2.590000000000000000e+02
2.680000000000000000e+02
2.690000000000000000e+02
2.700000000000000000e+02
2.730000000000000000e+02
2.810000000000000000e+02
2.820000000000000000e+02
2.830000000000000000e+02
2.850000000000000000e+02
2.860000000000000000e+02
2.890000000000000000e+02
2.920000000000000000e+02
2.930000000000000000e+02
3.020000000000000000e+02
3.060000000000000000e+02
3.110000000000000000e+02
3.190000000000000000e+02
3.210000000000000000e+02
3.220000000000000000e+02
3.260000000000000000e+02
3.270000000000000000e+02
3.280000000000000000e+02
3.290000000000000000e+02
3.310000000000000000e+02
3.320000000000000000e+02
3.330000000000000000e+02
3.370000000000000000e+02
3.380000000000000000e+02
3.390000000000000000e+02
3.400000000000000000e+02
3.420000000000000000e+02
3.460000000000000000e+02
3.470000000000000000e+02
3.510000000000000000e+02
3.590000000000000000e+02
3.690000000000000000e+02
3.700000000000000000e+02
3.740000000000000000e+02
3.790000000000000000e+02
3.800000000000000000e+02
3.810000000000000000e+02
3.820000000000000000e+02
3.940000000000000000e+02
3.970000000000000000e+02
3.990000000000000000e+02
4.010000000000000000e+02
4.050000000000000000e+02
4.060000000000000000e+02
4.070000000000000000e+02
4.080000000000000000e+02
4.120000000000000000e+02
4.210000000000000000e+02
4.220000000000000000e+02
4.250000000000000000e+02
4.290000000000000000e+02
4.310000000000000000e+02
4.330000000000000000e+02
4.360000000000000000e+02
4.370000000000000000e+02
4.380000000000000000e+02
4.420000000000000000e+02
4.440000000000000000e+02
4.470000000000000000e+02
4.490000000000000000e+02
4.590000000000000000e+02
4.600000000000000000e+02
4.610000000000000000e+02
4.620000000000000000e+02
4.640000000000000000e+02
4.670000000000000000e+02
4.680000000000000000e+02
4.690000000000000000e+02
4.730000000000000000e+02
4.770000000000000000e+02
4.810000000000000000e+02
4.870000000000000000e+02
4.910000000000000000e+02
4.920000000000000000e+02
4.930000000000000000e+02
4.940000000000000000e+02
4.960000000000000000e+02
4.980000000000000000e+02
5.020000000000000000e+02
5.030000000000000000e+02
5.140000000000000000e+02
5.160000000000000000e+02
5.210000000000000000e+02
5.220000000000000000e+02
5.310000000000000000e+02
5.340000000000000000e+02
5.360000000000000000e+02
5.390000000000000000e+02
5.460000000000000000e+02
5.470000000000000000e+02
5.500000000000000000e+02
5.580000000000000000e+02
5.590000000000000000e+02
5.620000000000000000e+02
5.630000000000000000e+02
5.700000000000000000e+02
5.760000000000000000e+02
5.800000000000000000e+02
5.820000000000000000e+02
5.860000000000000000e+02
5.950000000000000000e+02
6.000000000000000000e+02
6.020000000000000000e+02
6.110000000000000000e+02
6.120000000000000000e+02
6.140000000000000000e+02
6.150000000000000000e+02
6.230000000000000000e+02
6.300000000000000000e+02
6.360000000000000000e+02
6.370000000000000000e+02
6.410000000000000000e+02
6.530000000000000000e+02
6.630000000000000000e+02
6.700000000000000000e+02
6.740000000000000000e+02
6.910000000000000000e+02
6.970000000000000000e+02
7.010000000000000000e+02
7.080000000000000000e+02
7.090000000000000000e+02
7.120000000000000000e+02
7.150000000000000000e+02
7.170000000000000000e+02
7.180000000000000000e+02
7.190000000000000000e+02
7.200000000000000000e+02
7.250000000000000000e+02
7.280000000000000000e+02
7.330000000000000000e+02
7.520000000000000000e+02
7.530000000000000000e+02
7.650000000000000000e+02
7.680000000000000000e+02
7.780000000000000000e+02
7.840000000000000000e+02
7.990000000000000000e+02
8.050000000000000000e+02
8.130000000000000000e+02
8.240000000000000000e+02
8.410000000000000000e+02
8.420000000000000000e+02
8.670000000000000000e+02
8.710000000000000000e+02
8.830000000000000000e+02
8.870000000000000000e+02
9.060000000000000000e+02
9.120000000000000000e+02
9.150000000000000000e+02
9.240000000000000000e+02
9.300000000000000000e+02
9.620000000000000000e+02
9.650000000000000000e+02
9.750000000000000000e+02
9.760000000000000000e+02
9.770000000000000000e+02
9.790000000000000000e+02
9.800000000000000000e+02
9.820000000000000000e+02
9.840000000000000000e+02
9.860000000000000000e+02
9.960000000000000000e+02
9.970000000000000000e+02
