4.800000000000000000e+02
5.350000000000000000e+02
5.540000000000000000e+02
5.720000000000000000e+02
5.730000000000000000e+02
5.870000000000000000e+02
6.520000000000000000e+02
6.940000000000000000e+02
7.130000000000000000e+02
7.410000000000000000e+02
7.590000000000000000e+02
8.230000000000000000e+02
8.260000000000000000e+02
8.600000000000000000e+02
8.720000000000000000e+02
8.730000000000000000e+02
8.740000000000000000e+02
8.780000000000000000e+02
8.900000000000000000e+02
9.170000000000000000e+02
9.190000000000000000e+02
9.200000000000000000e+02
9.280000000000000000e+02
9.400000000000000000e+02
9.410000000000000000e+02
9.450000000000000000e+02
9.520000000000000000e+02
9.610000000000000000e+02
9.690000000000000000e+02
9.720000000000000000e+02
9.730000000000000000e+02
9.880000000000000000e+02
