0.000000000000000000e+00
2.000000000000000000e+00
3.000000000000000000e+00
4.000000000000000000e+00
5.000000000000000000e+00
6.000000000000000000e+00
1.000000000000000000e+01
1.600000000000000000e+01
2.100000000000000000e+01
2.200000000000000000e+01
2.300000000000000000e+01
2.500000000000000000e+01
3.300000000000000000e+01
3.400000000000000000e+01
4.100000000000000000e+01
4.200000000000000000e+01
4.300000000000000000e+01
4.700000000000000000e+01
4.900000000000000000e+01
5.100000000000000000e+01
5.700000000000000000e+01
5.900000000000000000e+01
6.300000000000000000e+01
6.400000000000000000e+01
7.100000000000000000e+01
7.200000000000000000e+01
7.400000000000000000e+01
7.800000000000000000e+01
8.200000000000000000e+01
8.300000000000000000e+01
8.400000000000000000e+01
8.500000000000000000e+01
8.600000000000000000e+01
9.400000000000000000e+01
9.700000000000000000e+01
9.800000000000000000e+01
9.900000000000000000e+01
1.010000000000000000e+02
1.020000000000000000e+02
1.100000000000000000e+02
1.110000000000000000e+02
1.230000000000000000e+02
1.310000000000000000e+02
1.340000000000000000e+02
1.360000000000000000e+02
1.390000000000000000e+02
1.460000000000000000e+02
1.490000000000000000e+02
1.530000000000000000e+02
1.560000000000000000e+02
1.600000000000000000e+02
1.690000000000000000e+02
1.720000000000000000e+02
1.810000000000000000e+02
1.850000000000000000e+02
2.000000000000000000e+02
2.150000000000000000e+02
2.230000000000000000e+02
2.380000000000000000e+02
2.490000000000000000e+02
2.550000000000000000e+02
2.570000000000000000e+02
2.620000000000000000e+02
2.630000000000000000e+02
2.640000000000000000e+02
2.660000000000000000e+02
2.910000000000000000e+02
2.980000000000000000e+02
3.010000000000000000e+02
3.040000000000000000e+02
3.070000000000000000e+02
3.130000000000000000e+02
3.140000000000000000e+02
3.300000000000000000e+02
3.450000000000000000e+02
3.480000000000000000e+02
3.640000000000000000e+02
3.650000000000000000e+02
3.710000000000000000e+02
3.780000000000000000e+02
3.920000000000000000e+02
3.960000000000000000e+02
4.090000000000000000e+02
4.130000000000000000e+02
4.140000000000000000e+02
4.260000000000000000e+02
4.300000000000000000e+02
4.540000000000000000e+02
4.720000000000000000e+02
4.740000000000000000e+02
4.830000000000000000e+02
4.850000000000000000e+02
4.860000000000000000e+02
5.010000000000000000e+02
5.040000000000000000e+02
5.120000000000000000e+02
5.130000000000000000e+02
5.170000000000000000e+02
5.230000000000000000e+02
5.270000000000000000e+02
5.300000000000000000e+02
5.370000000000000000e+02
5.380000000000000000e+02
5.400000000000000000e+02
5.550000000000000000e+02
5.560000000000000000e+02
5.570000000000000000e+02
5.680000000000000000e+02
5.690000000000000000e+02
5.780000000000000000e+02
5.900000000000000000e+02
5.920000000000000000e+02
5.930000000000000000e+02
5.940000000000000000e+02
5.990000000000000000e+02
6.010000000000000000e+02
6.040000000000000000e+02
6.050000000000000000e+02
6.060000000000000000e+02
6.070000000000000000e+02
6.090000000000000000e+02
6.100000000000000000e+02
6.130000000000000000e+02
6.160000000000000000e+02
6.170000000000000000e+02
6.180000000000000000e+02
6.190000000000000000e+02
6.200000000000000000e+02
6.210000000000000000e+02
6.220000000000000000e+02
6.310000000000000000e+02
6.320000000000000000e+02
6.350000000000000000e+02
6.400000000000000000e+02
6.420000000000000000e+02
6.430000000000000000e+02
6.440000000000000000e+02
6.450000000000000000e+02
6.470000000000000000e+02
6.480000000000000000e+02
6.600000000000000000e+02
6.640000000000000000e+02
6.650000000000000000e+02
6.710000000000000000e+02
6.760000000000000000e+02
6.770000000000000000e+02
6.790000000000000000e+02
6.800000000000000000e+02
6.840000000000000000e+02
6.850000000000000000e+02
6.880000000000000000e+02
6.890000000000000000e+02
6.920000000000000000e+02
7.000000000000000000e+02
7.030000000000000000e+02
7.100000000000000000e+02
7.110000000000000000e+02
7.210000000000000000e+02
7.220000000000000000e+02
7.230000000000000000e+02
7.260000000000000000e+02
7.270000000000000000e+02
7.300000000000000000e+02
7.310000000000000000e+02
7.320000000000000000e+02
7.350000000000000000e+02
7.360000000000000000e+02
7.380000000000000000e+02
7.390000000000000000e+02
7.400000000000000000e+02
7.440000000000000000e+02
7.460000000000000000e+02
7.500000000000000000e+02
7.550000000000000000e+02
7.580000000000000000e+02
7.600000000000000000e+02
7.610000000000000000e+02
7.630000000000000000e+02
7.640000000000000000e+02
7.660000000000000000e+02
7.690000000000000000e+02
7.710000000000000000e+02
7.740000000000000000e+02
7.820000000000000000e+02
7.850000000000000000e+02
7.870000000000000000e+02
7.880000000000000000e+02
7.890000000000000000e+02
7.900000000000000000e+02
7.910000000000000000e+02
7.920000000000000000e+02
7.930000000000000000e+02
7.940000000000000000e+02
7.950000000000000000e+02
7.980000000000000000e+02
8.000000000000000000e+02
8.100000000000000000e+02
8.140000000000000000e+02
8.150000000000000000e+02
8.160000000000000000e+02
8.170000000000000000e+02
8.180000000000000000e+02
8.200000000000000000e+02
8.320000000000000000e+02
8.340000000000000000e+02
8.360000000000000000e+02
8.370000000000000000e+02
8.450000000000000000e+02
8.460000000000000000e+02
8.470000000000000000e+02
8.480000000000000000e+02
8.520000000000000000e+02
8.540000000000000000e+02
8.560000000000000000e+02
8.570000000000000000e+02
8.580000000000000000e+02
8.590000000000000000e+02
8.610000000000000000e+02
8.620000000000000000e+02
8.630000000000000000e+02
8.640000000000000000e+02
8.660000000000000000e+02
8.750000000000000000e+02
8.760000000000000000e+02
8.810000000000000000e+02
8.850000000000000000e+02
8.860000000000000000e+02
8.890000000000000000e+02
8.910000000000000000e+02
8.920000000000000000e+02
8.960000000000000000e+02
8.980000000000000000e+02
9.080000000000000000e+02
9.160000000000000000e+02
9.210000000000000000e+02
9.380000000000000000e+02
9.390000000000000000e+02
9.440000000000000000e+02
9.460000000000000000e+02
9.480000000000000000e+02
9.510000000000000000e+02
9.550000000000000000e+02
9.570000000000000000e+02
9.580000000000000000e+02
9.590000000000000000e+02
9.600000000000000000e+02
9.660000000000000000e+02
9.700000000000000000e+02
9.830000000000000000e+02
9.850000000000000000e+02
9.870000000000000000e+02
9.910000000000000000e+02
9.950000000000000000e+02
9.990000000000000000e+02
