3.800000000000000000e+01
3.900000000000000000e+01
1.070000000000000000e+02
1.520000000000000000e+02
2.110000000000000000e+02
2.690000000000000000e+02
2.850000000000000000e+02
2.920000000000000000e+02
3.020000000000000000e+02
3.100000000000000000e+02
3.190000000000000000e+02
3.460000000000000000e+02
4.060000000000000000e+02
4.250000000000000000e+02
4.290000000000000000e+02
4.530000000000000000e+02
4.960000000000000000e+02
4.980000000000000000e+02
5.080000000000000000e+02
5.220000000000000000e+02
5.340000000000000000e+02
5.590000000000000000e+02
5.700000000000000000e+02
5.820000000000000000e+02
6.020000000000000000e+02
6.080000000000000000e+02
6.120000000000000000e+02
6.140000000000000000e+02
6.360000000000000000e+02
6.370000000000000000e+02
6.410000000000000000e+02
6.780000000000000000e+02
6.910000000000000000e+02
7.090000000000000000e+02
7.250000000000000000e+02
7.510000000000000000e+02
7.970000000000000000e+02
8.420000000000000000e+02
8.670000000000000000e+02
8.940000000000000000e+02
9.240000000000000000e+02
9.270000000000000000e+02
9.720000000000000000e+02
9.770000000000000000e+02
9.790000000000000000e+02
9.800000000000000000e+02
9.840000000000000000e+02
9.860000000000000000e+02
9.970000000000000000e+02
