1.259625116232469111e+01
1.510807165905813498e+01
1.381275241937001219e+01
1.417120011468328045e+01
1.519033746623902914e+01
1.584578339575302763e+01
1.560180696481402585e+01
1.129666768804484533e+01
1.435974161679056138e+01
1.577053842511374171e+01
1.524782973516984086e+01
5.752617159878488984e+00
1.400892462543299644e+01
1.421435627744165231e+01
1.538857879685621199e+01
1.509716370525628548e+01
1.576823061244978419e+01
1.566683779706632507e+01
1.464190713158828316e+01
1.363108943148439778e+01
1.431164509100102933e+01
1.422512138604203003e+01
1.586482597097102776e+01
1.385251002791097896e+01
1.528730187721151701e+01
1.412101538216978014e+01
1.529921770939571779e+01
9.362341682983466029e+00
1.423661232291817669e+01
1.557643969942330209e+01
1.376302662917129638e+01
1.193583054421530321e+01
5.735046215259192337e+00
1.357515379621582241e+01
6.144706345861818519e+00
1.491533678426754861e+01
1.431464259675976081e+01
1.409838810321294389e+01
1.532975322862037260e+01
1.435497360506164810e+01
1.304604112534689797e+01
1.514672448179619479e+01
1.336310293294173590e+01
9.395133259241497115e+00
1.470513858376904892e+01
1.458799450122029029e+01
1.581601742275280742e+01
1.313241811462733111e+01
1.465779292711904702e+01
1.443748672847446990e+01
1.484337439146589332e+01
1.463472701046758040e+01
1.425595763389013015e+01
1.480160551658273427e+01
1.554903448959598933e+01
1.574204350487075033e+01
1.495110664822065871e+01
1.508162202782622785e+01
1.539613363290243342e+01
1.286035428573232586e+01
1.418001483712484223e+01
1.507836078148844194e+01
1.415057877519142338e+01
1.044969201118016677e+01
1.477237532339589343e+01
1.506179292594140051e+01
1.387960790215243989e+01
1.423866944927472922e+01
1.276852376104284659e+01
1.077313027660156131e+01
6.902872437828878383e+00
1.285877732707852594e+01
1.558370829621097187e+01
6.762224723251945235e+00
1.454836645765716874e+01
1.377769798433724091e+01
1.406062678101856633e+01
1.375044167992119881e+01
6.208174603399958080e+00
1.518706627336457871e+01
1.543623423363140290e+01
1.257710783549159039e+01
1.310114167460150014e+01
1.392314105628139487e+01
1.505971393935491776e+01
1.516923111790436884e+01
1.382313974427863812e+01
1.283844448628585155e+01
1.440659029913328304e+01
1.292641250554434862e+01
1.528273263698325835e+01
1.453385199544019812e+01
1.509807244593046605e+01
1.553125506059696548e+01
1.248103648428082835e+01
1.389579161409950459e+01
1.491156138024824074e+01
1.485708453360355641e+01
1.550234697796221184e+01
1.520990903254719662e+01
1.410002677439894292e+01
1.572446599222473473e+01
1.440272776464209770e+01
1.556346660928203285e+01
1.502319124448832000e+01
1.438754116467418243e+01
1.536829218108275974e+01
1.580188854038022939e+01
1.390147157734666017e+01
1.555709580973945450e+01
1.400139453950519375e+01
1.436049097967756616e+01
1.534408144877209423e+01
1.379811738912432872e+01
1.448450150604830000e+01
1.552242178125443672e+01
1.585429335786305494e+01
1.533561407342202543e+01
1.476439524708098538e+01
1.159971061371920698e+01
1.588314789763498958e+01
1.424374885321052631e+01
1.364163367987837105e+01
1.374765274766142120e+01
1.577700138134673402e+01
1.024783719241474422e+01
1.520056713330916054e+01
1.557685699642995480e+01
1.558966099660551130e+01
1.296696677876839665e+01
1.426112761499178205e+01
1.478782335155757544e+01
1.572500167053275710e+01
1.579181909445225074e+01
1.474673862021940707e+01
1.561603238742975819e+01
1.503884152066690483e+01
1.317730613317717925e+01
1.434242617957814403e+01
1.403920494431009303e+01
1.417023396550164804e+01
1.452141188267479777e+01
1.443546746387773538e+01
1.121246219164777713e+01
1.434554025772257013e+01
9.568897649251185911e+00
1.554608127088316039e+01
1.433545433468666985e+01
7.603599690875192607e+00
1.447883103978878161e+01
8.100230463550074589e+00
1.481095825154844547e+01
1.360248634895961928e+01
1.588264709803637231e+01
1.449364406906808611e+01
1.585876720074323742e+01
1.521138253412874519e+01
1.485890045597465559e+01
1.521355559609853358e+01
1.155416817904048798e+01
1.445883409618976678e+01
1.508630296688358285e+01
1.383618449678851192e+01
1.586758789603813113e+01
1.355045219012860613e+01
1.251156838264135374e+01
5.704504173859845650e+00
1.390934124731901456e+01
1.458496597347013335e+01
1.473237287344561963e+01
1.566919331574190721e+01
1.338091336327262226e+01
1.588160112668267487e+01
1.554838514653090797e+01
7.056211182753786559e+00
5.712100453113700738e+00
1.545400885641726063e+01
1.592174840075682241e+01
1.264400929029166853e+01
1.440851881290965508e+01
1.269184350538419892e+01
1.547098327468699352e+01
1.431164509100102933e+01
1.587697192886913555e+01
1.456398448336705798e+01
1.222465349342074958e+01
1.439325977245050936e+01
1.569224536692099292e+01
1.579360214196201184e+01
1.585103168989299149e+01
1.261453680966620894e+01
1.122864845288421520e+01
5.752149287108843545e+00
1.562002671688430766e+01
1.464752749290909328e+01
1.421453127106964587e+01
1.422589173851890010e+01
1.575849119441248192e+01
1.568768142299170343e+01
1.507465958381996884e+01
1.472009176372400141e+01
1.284594767480687771e+01
1.437917144064875963e+01
1.464783851922730662e+01
1.522887125427228483e+01
1.508403734501600368e+01
1.571649859597586030e+01
5.984402713450655220e+00
8.713737824735055426e+00
1.570488462990129719e+01
1.592094263754018790e+01
1.500406759063852036e+01
1.427068822762692335e+01
1.498284488666732273e+01
1.589775186105579152e+01
1.451524718713109507e+01
1.391937170756742148e+01
1.431734806766551671e+01
1.400439210810157320e+01
1.530918217039324603e+01
1.466159256894102292e+01
1.008827718751181024e+01
1.424517212555941725e+01
1.523125623041708998e+01
1.548552750077977258e+01
1.505877823118408543e+01
1.515910734035625396e+01
1.578757712373566413e+01
1.577492062475266366e+01
1.550530665249707774e+01
1.420529602961483384e+01
1.465681146795576772e+01
1.468353972891644865e+01
1.521758694018534186e+01
1.401679346943163473e+01
1.556572285847434856e+01
5.868321529436400397e+00
1.274085423182001620e+01
1.505751071309586919e+01
1.406129287562564834e+01
1.520269401283405841e+01
1.395557661568242125e+01
1.512845297480261664e+01
1.505025235810301965e+01
1.436194460940725470e+01
1.076163004728016759e+01
1.375238417630743371e+01
1.308998109754226036e+01
1.323395848973989430e+01
1.541683201684864102e+01
1.444940158668777030e+01
5.722040061404513267e+00
1.431714682015978823e+01
1.410090438414882286e+01
9.900308992030868893e+00
1.447780667410119193e+01
1.475318480853469083e+01
1.515267490151331664e+01
1.438680194387493394e+01
1.513719146606738875e+01
1.441605067369064130e+01
1.510543561308040239e+01
1.587240285707266452e+01
1.034102169139507588e+01
1.421053086261106024e+01
1.192537334932343995e+01
1.552905038025542694e+01
1.466507410296777181e+01
1.527648633341508244e+01
1.521157890215541286e+01
1.444914288834470284e+01
1.007515401558299573e+01
1.370213436971400967e+01
1.375441572787337741e+01
1.563542485911600366e+01
1.345637331643959378e+01
1.415831431170092003e+01
1.467333530962126886e+01
1.457654973228528306e+01
1.454496042609677531e+01
1.307714313805009354e+01
1.515471515575874051e+01
1.002843212960619113e+01
1.468292877615671799e+01
1.501591394730246698e+01
1.450817524783882995e+01
1.198856407491871678e+01
1.390689934000006467e+01
1.049920065338674569e+01
1.461541579691742676e+01
1.442404645514495343e+01
1.501669677213923570e+01
1.127524136834405688e+01
1.550414765440755716e+01
1.438007005767082802e+01
1.430492704384661096e+01
1.469531501132392393e+01
8.834953405625428857e+00
1.400049312475414531e+01
1.414776891621811217e+01
1.435275915361323484e+01
1.462403259269698097e+01
1.436559413965345655e+01
1.589028214387545290e+01
1.412994590084041491e+01
1.408245005169940356e+01
1.409683712635327169e+01
1.545937840823858522e+01
1.249889575919144136e+01
1.541270636142364836e+01
1.358857324957725865e+01
1.554925098706638842e+01
1.554731363858883419e+01
1.315870077221875789e+01
8.439705868728850646e+00
9.650677626479666316e+00
1.573655602034570578e+01
1.584351380893674310e+01
1.425078448754988791e+01
1.450466000499515928e+01
1.492275429519657948e+01
1.400003833672264619e+01
1.117658771498280323e+01
1.509487878696661944e+01
1.385082221066496189e+01
1.360248634895961928e+01
1.295628129672344819e+01
1.540363346089556629e+01
1.444791275573657963e+01
1.509531245711118075e+01
1.573842663151042842e+01
1.523191528263428118e+01
1.440218219299806357e+01
6.422424503660367989e+00
1.164303680746096248e+01
1.429337113769494749e+01
1.512971146429526748e+01
8.641484610338608263e+00
1.517611617314451422e+01
1.414748801569886538e+01
1.416542355435492162e+01
1.545838751471942452e+01
1.568120540445489652e+01
1.475514240612397998e+01
1.429524473748101698e+01
1.374215811860352332e+01
1.421274583102071709e+01
1.550047648807555056e+01
1.442260296101245487e+01
1.441088581057734785e+01
1.483520946620332381e+01
1.449213014053251314e+01
1.470619274370337237e+01
1.357938423772988656e+01
1.357248773116512552e+01
1.445279573421377250e+01
1.545400885641726063e+01
1.531124042023573395e+01
1.464605515191954588e+01
1.520850988320172092e+01
1.493583456251833752e+01
1.347630325469755697e+01
1.428426245024044761e+01
1.579211280529011496e+01
1.316095516222780049e+01
1.258345493440094742e+01
7.057035786789530363e+00
1.493773853138727503e+01
1.410064380071891676e+01
1.262202018325818997e+01
1.538926095433908436e+01
1.335634681002336244e+01
1.434819891104000966e+01
1.561606802650537418e+01
1.452387570429435470e+01
1.487176558002651205e+01
1.538259403462991592e+01
1.428103019836563092e+01
1.418044267554633109e+01
1.410444859039288268e+01
1.290769600362457048e+01
1.580759037264275335e+01
1.491494919523007212e+01
1.581873262022879700e+01
1.356743140574738860e+01
1.423936078360760327e+01
1.195579657433135878e+01
1.407483775619275690e+01
1.555244119109492651e+01
1.553207704003952827e+01
1.420313830067864380e+01
9.908641450978169729e+00
1.589885112753400698e+01
1.436770612046950646e+01
1.578814369658063654e+01
1.318497397754378220e+01
1.310728427921769068e+01
1.409965122617935052e+01
1.567000783329733338e+01
1.483979710944921315e+01
8.454619542101212915e+00
1.247781991883442920e+01
1.433952846239878376e+01
1.586684506228180602e+01
1.329091871073972442e+01
1.573697015692339818e+01
1.549983614866273207e+01
1.428363254895531576e+01
1.386899060410265605e+01
1.443292090115506099e+01
1.356861310614337413e+01
1.557654421739446349e+01
1.515515973980919995e+01
8.380315574033474491e+00
1.583203118450168212e+01
1.402596171992019691e+01
1.385258806717599356e+01
1.440554933701407592e+01
1.438598925516479099e+01
1.395282176650543704e+01
8.975685407321599030e+00
1.448680993617933588e+01
1.030291533013244631e+01
1.464430337105605417e+01
9.773884452402166190e+00
1.490748557073821523e+01
1.438409023142311938e+01
8.038474413273467789e+00
1.573246048934519514e+01
1.475318480853469083e+01
1.515471515575874051e+01
1.299658404819634683e+01
1.584827319893762088e+01
1.588989232985934663e+01
1.560714660616941885e+01
7.570020269108720612e+00
1.525936467785921380e+01
1.571951681915063226e+01
1.396386071520179506e+01
1.417842034812311525e+01
1.194227498569377488e+01
9.789314279525921592e+00
1.435109787187049335e+01
1.544530349556697324e+01
1.426006218324446806e+01
1.437757068272496852e+01
1.364208939457795822e+01
1.471096781751458948e+01
1.449175204235155334e+01
1.407708933726722123e+01
1.576582910315859287e+01
1.423863846401897604e+01
1.400260575571102706e+01
1.504630889359876988e+01
8.610663460864397933e+00
1.525070207574853143e+01
1.375023979418354969e+01
1.433852923074055496e+01
1.262719332852372034e+01
1.417224665104066617e+01
1.519621109398623560e+01
1.440227552438363645e+01
1.508630296688358285e+01
1.202512742168039317e+01
1.552293171651390224e+01
1.425595763389013015e+01
1.574911668111166207e+01
1.294248447915989431e+01
1.436057969789488808e+01
1.440744673448256563e+01
1.487688293992548338e+01
1.502365229032886873e+01
1.465681146795576772e+01
1.182567990085648191e+01
1.430359496394296137e+01
1.497322187230583168e+01
1.450547594677285446e+01
1.580188854038022939e+01
1.247274751883699651e+01
1.521652716776744008e+01
1.568734749590820243e+01
1.396780301166660010e+01
1.534854479791885495e+01
1.400011359318477844e+01
1.328733717357182442e+01
1.484189233237718852e+01
1.445314746802122130e+01
1.395834815501881998e+01
1.443897600852833740e+01
1.585896978323358297e+01
1.552016668235524044e+01
1.377769798433724091e+01
1.554190647270078784e+01
1.421453415548544719e+01
1.357973005767652097e+01
1.441723405737720931e+01
1.511131018934019110e+01
1.438366360003184141e+01
1.541395601132387405e+01
1.476366847284255712e+01
1.416757635357089384e+01
5.577268789950676542e+00
1.476818860459329663e+01
1.388977999115581952e+01
1.500056875197920192e+01
1.332809708278157501e+01
1.492583826753159926e+01
1.447571229723847708e+01
1.227209394930535424e+01
1.474100708525635284e+01
1.579101432915196845e+01
1.381057573785939496e+01
1.433494536554455223e+01
1.398849845079432797e+01
1.474971621384062814e+01
1.443075937784210083e+01
1.440717463455436054e+01
1.455899412815030303e+01
1.483594707529156942e+01
1.400101708829941316e+01
1.438135856473225793e+01
1.493189598172126509e+01
1.485666316491676398e+01
1.517021899340720914e+01
1.421532956301788886e+01
1.465667020731693171e+01
1.440221255708760140e+01
1.531613023524328554e+01
1.435728688280930143e+01
1.491543653489403809e+01
1.533774571737307113e+01
1.555810506067919974e+01
1.490087689961612227e+01
1.523595093140977141e+01
1.581984353235485585e+01
1.508513004920567546e+01
1.440861005422625851e+01
1.425118316175365152e+01
1.558775355270109131e+01
1.458979886231411527e+01
1.288912414255883476e+01
1.588662757737586517e+01
5.928231151829973733e+00
9.024227795422806508e+00
1.286734719229871260e+01
1.448944837647575312e+01
1.412238018414595686e+01
1.570133504237346855e+01
1.516916565336574507e+01
1.413774499442782329e+01
1.356120208300271557e+01
1.533000418426289890e+01
1.576004913687594922e+01
1.545406449368235080e+01
1.199331831885949207e+01
1.422692848580351743e+01
1.494025103413713040e+01
1.499886519252726025e+01
1.416884036491103238e+01
1.396831516750490110e+01
1.522452218094407783e+01
1.579211280529011496e+01
1.485853345863406716e+01
1.249825966375977160e+01
1.396672901145247536e+01
1.577599953013093881e+01
5.761321743695144271e+00
1.301238462162845622e+01
1.591815013101386889e+01
1.431005830462661521e+01
1.431431739217916643e+01
1.469299136854716892e+01
1.450218079146932659e+01
1.300085323347191846e+01
1.488555901633890244e+01
1.519524117065416746e+01
1.486333231041369807e+01
9.629283167253159803e+00
1.375874663620192706e+01
1.406835349415379000e+01
1.458968448714553290e+01
1.549347126900925709e+01
1.523020112271036197e+01
1.573162953217764581e+01
1.395705486549912777e+01
1.431798209484474427e+01
1.574470940613618986e+01
1.529378000166991569e+01
1.433739342427965013e+01
1.570620096081835015e+01
1.330113441674504138e+01
1.448314323799733749e+01
1.447291250171218735e+01
1.425604762006621939e+01
1.573551769848822524e+01
1.375032023130724212e+01
1.568250616302972134e+01
7.269405599485997627e+00
1.558966099660551130e+01
1.410096339666273302e+01
1.561803446587705224e+01
1.303432853208671638e+01
1.406566974206313603e+01
1.052043892085432120e+01
1.462293458453706663e+01
1.421831324906272442e+01
1.390064855042239067e+01
8.577723414252600875e+00
1.426063151737404766e+01
1.304192086751635848e+01
1.576089652631741345e+01
1.549492507578366585e+01
6.478242925786003248e+00
1.446906434318063361e+01
1.472009176372400141e+01
1.549925336262107933e+01
1.574403548107719431e+01
1.150007897858474770e+01
1.426973140749912972e+01
1.447666852165467510e+01
1.430766618412381774e+01
1.490040908519789475e+01
1.407721253858434096e+01
1.314914036682305998e+01
1.421274583102071709e+01
1.071485551217688581e+01
1.590480569089790919e+01
5.796919458206873266e+00
1.439622079661047316e+01
1.464570884993317534e+01
1.400035987619495259e+01
1.542501633705625785e+01
1.356606428079386362e+01
1.445114505704009389e+01
1.410360821160218237e+01
1.291092805885242001e+01
1.569588172969577400e+01
1.506237015709714910e+01
1.457761188981681855e+01
1.377639345013260552e+01
1.457464191251498775e+01
1.436579995862011394e+01
1.372066042813510478e+01
1.522067771182196338e+01
1.576332977919235212e+01
1.393550437405326647e+01
1.477969002387398589e+01
1.503410385235702584e+01
1.449076681070592265e+01
9.933100481030042062e+00
1.555898272923029779e+01
1.492502319817875645e+01
1.561181308641591592e+01
1.531822782939092953e+01
1.508826569643403559e+01
1.561017647563289401e+01
1.384102700950479203e+01
1.542988116655263298e+01
1.441723405737720931e+01
1.467540929174811737e+01
1.439393756506724564e+01
6.802613066453560897e+00
1.400071663936604338e+01
1.235261326948099025e+01
1.425266112285779307e+01
1.347890002740782123e+01
1.331936289699325293e+01
1.533110258411081261e+01
1.546666574181039167e+01
1.580583107504478946e+01
1.242631938765982902e+01
1.296295641966353607e+01
1.543869205919364518e+01
1.140733486273319386e+01
1.516017045435685695e+01
1.584373046015159048e+01
5.885289478656948958e+00
1.404334622043148784e+01
1.540181096451480514e+01
1.275066826922468977e+01
1.481279232449638172e+01
1.566522377619402207e+01
1.452592958238615495e+01
1.512150581997476628e+01
1.423340926825311215e+01
1.425620033191761316e+01
1.571957998221983743e+01
1.206855056623469480e+01
1.503012780322177555e+01
1.413313979930932263e+01
1.572500167053275710e+01
1.523341866411253598e+01
1.533468994096436155e+01
1.536829218108275974e+01
1.356121223739763337e+01
1.557026818546584046e+01
1.304489299710687078e+01
1.304677063331522646e+01
1.490333307245609618e+01
1.405152590254289535e+01
6.635728665926435177e+00
1.568494057304292966e+01
1.541679008945790841e+01
1.410908359165346937e+01
1.481095825154844547e+01
1.446976222349231556e+01
1.472068728280322958e+01
1.430806555083304055e+01
1.412591299647543686e+01
1.499217549619784684e+01
1.566439681211522306e+01
1.524976874911030578e+01
1.395106032458678058e+01
1.437049713449779098e+01
1.224780241529801295e+01
1.327862193387941225e+01
1.435925580624222953e+01
1.441713852821751018e+01
1.578530958031481291e+01
1.408426180179485421e+01
1.441030507313184472e+01
1.482550088205033667e+01
1.392463387975929834e+01
1.403580509978535851e+01
1.456567624839036057e+01
1.410181328678251056e+01
1.024686886981621470e+01
1.442861886758127810e+01
1.428256426022813841e+01
1.539102665271510872e+01
6.120732991154514302e+00
1.511296360215267853e+01
1.419284544690478711e+01
1.475690731746085049e+01
1.465681146795576772e+01
1.470711824806866908e+01
1.250567385612907323e+01
1.559132126705165433e+01
1.351680754373532523e+01
1.463961688090147639e+01
1.525109311328074213e+01
1.450833244157946211e+01
1.549919810219610561e+01
1.575478659316140906e+01
1.347890002740782123e+01
1.584694289342996854e+01
1.438236032374603646e+01
1.529113893037603944e+01
1.538049490876817060e+01
1.358908129689103994e+01
1.410002677439894292e+01
1.573418937278850471e+01
1.420529602961483384e+01
1.470830375880777652e+01
1.411947274831875632e+01
1.561001432746771656e+01
1.224780241529801295e+01
1.589395740968031490e+01
1.556064452750121774e+01
1.440779402768106010e+01
1.194227498569377488e+01
1.102082349652220117e+01
1.521274597700502795e+01
1.471503198980590987e+01
1.421611806756406082e+01
1.505361630380342675e+01
1.494017073046684985e+01
1.420563008705224206e+01
1.251547074184199282e+01
1.288300322543473797e+01
1.587624525585426660e+01
1.394435092373363716e+01
1.580876032824918198e+01
1.435069132154807114e+01
1.438091366794225934e+01
1.450518188095724526e+01
1.550744993248396497e+01
1.531055337263647331e+01
1.394759477004663850e+01
1.528197099879295351e+01
1.242631938765982902e+01
1.438730753764861703e+01
1.530562633784227344e+01
1.545065913324076590e+01
1.510044393546353092e+01
1.413616712230001937e+01
1.447348730107372461e+01
1.399992408664892807e+01
1.375592519277611991e+01
1.552076915569834092e+01
1.528126725842838951e+01
1.589892601232125457e+01
1.576988582415519602e+01
1.448686763770533048e+01
1.087352244913721044e+01
1.547145455454624141e+01
1.547190263563544121e+01
5.704504173859845650e+00
1.531757015488150486e+01
1.411567951566100021e+01
1.439354391863494342e+01
1.428556795250119826e+01
1.496685015274315944e+01
1.520631742661411678e+01
1.540014446167115025e+01
1.503884152066690483e+01
1.294248447915989431e+01
1.557026818546584046e+01
1.464709800952867269e+01
1.431630820090822986e+01
1.391145737875414490e+01
1.311158811153963910e+01
1.417531837124773730e+01
1.360785457720714930e+01
1.537537245413476938e+01
1.476368317981667566e+01
1.410104468238605335e+01
1.420681979012233143e+01
1.390140364464609135e+01
1.585510841100029111e+01
1.081691342820272972e+01
1.516880186349346005e+01
1.565154300916847596e+01
1.442361627080534348e+01
1.425035745722003711e+01
1.500000763266552717e+01
1.381783380908324510e+01
1.447666852165467510e+01
1.509409934803980136e+01
1.418580583640406623e+01
1.506599314144235002e+01
1.240902541727089847e+01
1.567025408825959865e+01
1.434972156870959914e+01
1.533251405237890808e+01
1.538860378450335631e+01
1.441433488686528364e+01
1.588185983293444536e+01
1.410373691580540445e+01
1.471160920488799562e+01
1.401615991122320182e+01
1.416538711180354682e+01
1.539034734327399434e+01
1.446290635332062813e+01
1.392463387975929834e+01
1.262499528991130049e+01
5.307661742978583064e+00
1.276823967410298266e+01
1.410104468238605335e+01
1.439134782016498626e+01
1.117658771498280323e+01
1.565211138201513563e+01
1.545988473421102682e+01
1.396947233840929670e+01
1.434024514609395062e+01
1.397030020091350622e+01
1.564968032004176735e+01
1.389380787839314735e+01
1.485890045597465559e+01
1.552812745803463557e+01
1.317360919113660422e+01
1.508186869125600360e+01
1.514290149864936552e+01
1.441068978664254985e+01
1.349843105284830358e+01
1.412192194243624499e+01
1.058942172856522035e+01
1.478863717684109425e+01
1.503097716614767521e+01
1.485380400124330613e+01
1.454155894557105100e+01
1.433562951280879361e+01
1.524782973516984086e+01
1.339151617586979448e+01
1.442362251772155091e+01
1.404313158538205286e+01
1.434275324173489707e+01
1.516603213025454799e+01
1.480832804489932286e+01
1.578656342575080629e+01
1.402162092363034063e+01
1.522134233043378515e+01
1.065242566656406886e+01
1.416538711180354682e+01
1.545773980393915181e+01
1.381262885526482265e+01
1.542874466809647771e+01
1.587080015008029577e+01
1.384898980583808559e+01
1.327601918984947282e+01
1.473690161305589896e+01
1.427202166793738058e+01
1.572659730529340294e+01
1.570444337894875808e+01
1.410090438414882286e+01
1.573670511121573412e+01
1.497540158712014247e+01
1.294248447915989431e+01
1.424831600259184228e+01
1.474538192375246837e+01
1.465900834364460081e+01
1.382660383528692272e+01
1.449673361099553759e+01
1.412702662474507420e+01
1.459798769035996280e+01
1.400067948488092817e+01
1.468133500968800220e+01
1.295704497980346837e+01
1.502763960724822212e+01
1.415034079315187299e+01
1.442677757659407334e+01
1.553995993011410093e+01
1.539662837101056247e+01
1.454682028388126014e+01
1.480321316877936511e+01
1.591028430751269340e+01
1.416222380170562190e+01
1.591427980873909931e+01
1.451531010105017216e+01
1.590801413563652922e+01
1.478468812092162565e+01
1.504076152153082901e+01
1.495132893188889867e+01
1.136141894602166502e+01
1.458554152600344267e+01
1.441707411449261400e+01
1.029591238607302017e+01
1.324555240395341649e+01
1.539632947749335656e+01
1.412313643125128415e+01
6.635728665926435177e+00
1.572540985687640358e+01
1.412465447418623121e+01
1.418038509101602784e+01
1.194670617672146307e+01
1.538261688148315187e+01
1.545950866661126000e+01
1.544253967585613729e+01
1.565804437037068375e+01
6.039059179217328044e+00
1.342465571238952471e+01
1.431914155543383060e+01
1.336774739806926959e+01
1.591019866080600309e+01
1.410181328678251056e+01
1.448395849783852185e+01
1.305408310172519748e+01
1.436698958967909867e+01
1.394769434543532327e+01
1.567958215538443767e+01
1.428487643437364696e+01
1.564956940282753628e+01
1.467787973413647684e+01
1.467883504682725615e+01
1.410011815087982967e+01
1.377392983918814373e+01
1.473242677386260979e+01
1.574435879824999063e+01
1.565903196304331857e+01
1.530635804838887992e+01
1.326450816093795559e+01
1.573842663151042842e+01
1.490830553147342030e+01
1.437425962579533945e+01
1.531413674948323589e+01
1.550862739795034173e+01
1.531755782138574240e+01
1.490333307245609618e+01
1.445235700464006712e+01
1.479241741409055422e+01
1.573842663151042842e+01
1.586968993924070048e+01
1.576004913687594922e+01
1.567730845732595313e+01
1.138379327179242395e+01
1.341899212685582654e+01
1.512386842401334697e+01
1.520058583795750806e+01
1.439892950720777520e+01
1.484771307590974665e+01
1.121860036583802689e+01
1.292202200969927439e+01
8.266462124520238319e+00
1.484638894899587314e+01
1.573268576915935668e+01
1.468436426785060434e+01
1.496928822935986858e+01
6.162362397209531828e+00
1.447602491988267559e+01
1.392113383206529775e+01
1.431927823378882536e+01
1.587697192886913555e+01
1.444366097899208867e+01
1.214039705829845417e+01
1.573714933116783854e+01
1.530308094356892212e+01
1.537196911087803386e+01
8.105502004319825815e+00
1.372772241292611817e+01
1.551072453267187434e+01
