1.200095764705511669e+01
1.099076241996388603e+01
6.808590936165965779e+00
1.175912610440271777e+01
9.985640975291067534e+00
5.728309710181329173e+00
1.041331907916831945e+01
1.231540855613526020e+01
1.068445020407823165e+01
8.511431743261500316e+00
1.170449056363093199e+01
9.178469578511405658e+00
1.230431374259427812e+01
1.049010947369193225e+01
6.791856071406538575e+00
6.248258422375005061e+00
5.771090949939608805e+00
5.926575970534477378e+00
8.695420790756283935e+00
1.189719888895253774e+01
9.917968904690198428e+00
8.678883228930089899e+00
1.144836566878614015e+01
5.847642601702125020e+00
8.425201668779600084e+00
9.015675331650887969e+00
9.057460496383004767e+00
1.183750791730561502e+01
1.121889584298069131e+01
1.101127468791657904e+01
1.231492136897745482e+01
1.190546999922394278e+01
8.644631208021205993e+00
9.188991182524560486e+00
1.045417116036863980e+01
1.209072546287386984e+01
1.115675517739586375e+01
5.802856065836300203e+00
1.048539886666708654e+01
1.225702644677137521e+01
8.546190921274181562e+00
1.078917595533741469e+01
7.556272364179569045e+00
6.149686319546741053e+00
1.172741408711469902e+01
5.704745873604545103e+00
8.553986455588367122e+00
1.142674760321718352e+01
8.848420219569725020e+00
6.502873856775353012e+00
7.179548983006009522e+00
1.176720104346568796e+01
1.220761961562324061e+01
5.996396856494111027e+00
1.119209166890962948e+01
1.024740474454396910e+01
9.804616827643448218e+00
7.493706612328904448e+00
8.400700908993746552e+00
1.229891800897775411e+01
1.186310183478383173e+01
8.829948743375716447e+00
1.040626399694265558e+01
1.117409505736872255e+01
1.174715088766581061e+01
1.221158177363522057e+01
1.221846517372659413e+01
9.054486059634882622e+00
1.024710757085052570e+01
9.450891511601607675e+00
6.481564167200725812e+00
9.312145172048600372e+00
5.840702434901186457e+00
1.054758817640609081e+01
1.139407880956035513e+01
6.874781617741213324e+00
1.216919701888066641e+01
8.179185516064457317e+00
6.840458605813553916e+00
1.219231210634428919e+01
1.125486369292971034e+01
7.894102052852279172e+00
1.023651028416756859e+01
9.558162549641449957e+00
1.156937901539245672e+01
8.432528072984217360e+00
5.763997994881111531e+00
8.655144617369884941e+00
1.089713689169046518e+01
9.447626583955083035e+00
1.124829215866242471e+01
1.073475549061934053e+01
1.142142517953905845e+01
5.118467886184868476e+00
8.404394159860517632e+00
1.104818961701271895e+01
1.206330214214288787e+01
8.610157763744659576e+00
8.103846560909117258e+00
1.004505910258993673e+01
7.701389585654497161e+00
1.230102178944997959e+01
5.670427596703929929e+00
1.219346082783539309e+01
7.192100416986368039e+00
1.052040547179657715e+01
1.181423519713844250e+01
1.171342554828803983e+01
8.434265083501813365e+00
1.211237658118478500e+01
1.127555440920504282e+01
7.366143438871712412e+00
1.094362190600001128e+01
9.451630320507682370e+00
1.229563507740684614e+01
9.868908711096070263e+00
1.152469243487717065e+01
5.963946596582440307e+00
9.277223573565638759e+00
5.825440708030835246e+00
1.070066486212745360e+01
1.202829919355253097e+01
1.035781252411186948e+01
1.226284471109107699e+01
8.678883228930089899e+00
6.047888104113461338e+00
1.141499750869621366e+01
9.015284189277746663e+00
7.441265456724991623e+00
1.174457757839530636e+01
5.600840179875975267e+00
1.154451276904744006e+01
1.206056563750583699e+01
9.172536550633783037e+00
7.488187903417244939e+00
8.540483418973527918e+00
1.070186927044163738e+01
1.192720051316826968e+01
1.181262201607546913e+01
1.216202145219495279e+01
8.292220795484102069e+00
1.126604356781602334e+01
1.038794333530123914e+01
8.287366040448125304e+00
7.316089035864663082e+00
1.140160854442612148e+01
8.827678760717631690e+00
1.139908468046766998e+01
1.197170050345695103e+01
1.202314490731317242e+01
9.444632893039829113e+00
1.049789950233425095e+01
1.107315792629153606e+01
1.023494880609236901e+01
5.833319579237127073e+00
8.636420165487297851e+00
1.171847975888167781e+01
9.964773120820431984e+00
1.111145186245563643e+01
1.222635871380024142e+01
1.147536173131792836e+01
1.225565717789216613e+01
8.225856368751776060e+00
1.002234273945506260e+01
8.529854902676952122e+00
1.231334920549896239e+01
9.648226624275451968e+00
1.204697134027383321e+01
7.316089035864663082e+00
7.952763489786689455e+00
1.006533458231033151e+01
1.178264294195193607e+01
1.002234273945506260e+01
9.103678350078407533e+00
6.061920113499512652e+00
9.947731900316416187e+00
1.227417247983101944e+01
8.621613097899262002e+00
6.810650735344360385e+00
9.268242230231457768e+00
1.102878930566320648e+01
1.119080813098007354e+01
1.028847918186187904e+01
1.124829215866242471e+01
1.139660190945728857e+01
1.184436261513724276e+01
1.184156554363058156e+01
1.218548371930759622e+01
1.221331982569082086e+01
1.223188217684390366e+01
1.102165784771416845e+01
8.976998508444046010e+00
1.049813895049754464e+01
7.949188894963637786e+00
6.468484695367171078e+00
9.543334361218171580e+00
7.784198621787156824e+00
1.172032912789769377e+01
1.006308973613156077e+01
7.562505424553558342e+00
1.046506931266688767e+01
1.089527670434083895e+01
1.037298139176533951e+01
3.382311731190297266e+00
5.817364694959471727e+00
5.837345797170073958e+00
9.804616827643448218e+00
7.396059870073881548e+00
1.130117251657053501e+01
1.107320054708802637e+01
1.216537810987461121e+01
6.964974551260981528e+00
9.589348611930187616e+00
1.184436261513724276e+01
5.905575367817891497e+00
8.615968342254102907e+00
1.042099357520251601e+01
1.188760338997243338e+01
9.535181100736995319e+00
8.338243779782331444e+00
1.219625744682312529e+01
1.154878659753776127e+01
1.006868437356338930e+01
6.672582875220729903e+00
1.123881593357922881e+01
1.112211263098525826e+01
8.619846110587474186e+00
1.126799165929913649e+01
4.421837438529199638e+00
9.639073013121180367e+00
1.222435608948198649e+01
1.144503046097050003e+01
7.296746959282910616e+00
1.048373610070602524e+01
9.314422214404647349e+00
9.688080221934068703e+00
6.208753163732303904e+00
8.633359955732622382e+00
9.837060819239692222e+00
1.157670825525260838e+01
1.097433902171923847e+01
8.922222067552974423e+00
1.018669481155001577e+01
5.775212154582868074e+00
6.623060722602983397e+00
1.131909670636444787e+01
1.207587460361804332e+01
1.188657464716323275e+01
9.630150282643231918e+00
8.672994977478950318e+00
1.129920243465742935e+01
1.192216669301719634e+01
1.205420791705563133e+01
6.259566375742947386e+00
1.003484056747713637e+01
1.182184857031906944e+01
1.088740235512527832e+01
1.227168379739662107e+01
5.646610733698390838e+00
1.208370021886687695e+01
1.192483741523541418e+01
1.078917595533741469e+01
1.151432222784695725e+01
7.285122487785750778e+00
1.124409241956482219e+01
1.216036010479132479e+01
7.489383349791689071e+00
6.896349380655496297e+00
5.500344075090651152e+00
9.410259621367082161e+00
1.121775989958754494e+01
8.404394159860517632e+00
1.194841910550777619e+01
4.189357424590935963e+00
8.432369376168249886e+00
8.725977067995977166e+00
5.743622242732460137e+00
1.095835276581381024e+01
1.158466907117023759e+01
6.614130399409893002e+00
8.965860530009949869e+00
1.004379043517300474e+01
6.415376403135543804e+00
1.126866473539361735e+01
1.111137340586730993e+01
1.231447942692554420e+01
1.099463904587980956e+01
1.164018857429589993e+01
1.224966914760191905e+01
5.828300813049101414e+00
8.831381872189854931e+00
1.230734556303189287e+01
5.600223476187931482e+00
1.102067338020944121e+01
1.206330214214288787e+01
7.309235449089497294e+00
8.666609482881399984e+00
9.504728223238627649e+00
8.906981563363483900e+00
1.054718831343165952e+01
8.976044020820019398e+00
1.182271028480106523e+01
1.141256912475491880e+01
1.109415744312344287e+01
1.225753641910194780e+01
1.019146402356287062e+01
6.572957015882960441e+00
8.685407734221243459e+00
5.733039453777128536e+00
5.874108402566485587e+00
1.177075280021942838e+01
1.209420440581454947e+01
1.030404920251994660e+01
5.750188848751826676e+00
1.042923312507344491e+01
1.206330214214288787e+01
1.144705861389149959e+01
1.024807131839654417e+01
9.465153645429063900e+00
1.226694950858249200e+01
8.549113039213924736e+00
1.156024838917266351e+01
8.460137002225415870e+00
8.768002448987742170e+00
9.799391437749600087e+00
5.457620288304720013e+00
7.215787933617049177e+00
1.112586476808512792e+01
8.222992146920985235e+00
5.852802822900922131e+00
1.219114782275044639e+01
5.601086875918527497e+00
5.715718766539477080e+00
1.133116085696826580e+01
1.055343971744865250e+01
1.214087285273252448e+01
1.092808095870956109e+01
1.151054041848348319e+01
9.930883612229758128e+00
8.778336941700585427e+00
8.761524125597606627e+00
1.008733667204651852e+01
1.169897944568243986e+01
1.029094236849995880e+01
1.183662080018314100e+01
1.033225472347678320e+01
6.291713663446176774e+00
1.034561766509299829e+01
1.217856652512850779e+01
6.134197104274637269e+00
6.059880603759590478e+00
1.159552724815241476e+01
9.692228174924499839e+00
9.571163127897216683e+00
1.021891310748929449e+01
1.110805415945713293e+01
1.100762259577733460e+01
1.132136692810325584e+01
1.188166435914172325e+01
5.667323579238390252e+00
5.818854080727953182e+00
9.325409446976994587e+00
4.490920462294237581e+00
6.031051597107230933e+00
9.388196378249716645e+00
1.063822240453480106e+01
1.145882278032120638e+01
1.066108258794899122e+01
9.951004590573408137e+00
1.032844476378839538e+01
1.098331614044851179e+01
7.668974124914620383e+00
5.952013982765357092e+00
1.184255734633443424e+01
9.609649962012595026e+00
1.218807802133462559e+01
9.245119085062924569e+00
8.388710595578720230e+00
1.125400835162066393e+01
8.477734866588452434e+00
8.217944280404941182e+00
1.156024838917266351e+01
8.984918811294512864e+00
1.125312194843711389e+01
1.230015467194484025e+01
5.242944664659024312e+00
1.221737800687325404e+01
8.743338245289676181e+00
9.121931718144235646e+00
1.201221849721557433e+01
1.037298139176533951e+01
1.022382156205769199e+01
9.999242208911219620e+00
1.155266257349196124e+01
7.633739785894717578e+00
8.609094148639981015e+00
9.238124061059629355e+00
1.000258289213642726e+01
9.765257586400775125e+00
1.221737800687325404e+01
7.808104479937703957e+00
1.228066757015414190e+01
7.676028016050622682e+00
9.699424574668944032e+00
1.219603764797261114e+01
1.225761295412791796e+01
5.804846283915074956e+00
9.311507382353843454e+00
1.099274902186643743e+01
1.165910176421738065e+01
1.053625357956955177e+01
1.172584445481120952e+01
1.208594765734518361e+01
1.085405633750664300e+01
1.129820779610644621e+01
5.669171169461761473e+00
9.737335333234007351e+00
1.227333669783602943e+01
1.081559964898073467e+01
1.022928624990928981e+01
1.226108557464166005e+01
7.455287893333391480e+00
1.084046423306504181e+01
9.034966197028005297e+00
1.085027744730393096e+01
1.181587472967225949e+01
1.063208539408556241e+01
8.493734726742331986e+00
1.224494531631582994e+01
6.046108857643815782e+00
9.253596489732645480e+00
8.399888141538486508e+00
1.141197377091542720e+01
1.049524126912562139e+01
9.408522753785661052e+00
9.654568806433781347e+00
5.947997635391629068e+00
7.709977842168494355e+00
1.042600746948343726e+01
1.037680067121084093e+01
1.008750850150576106e+01
8.883436835913649077e+00
1.089314944592612733e+01
8.365219298512332813e+00
9.742865910748365721e+00
9.711712081534267682e+00
1.012582373514351453e+01
6.529738656463781155e+00
9.956460354291234438e+00
1.062799749838927887e+01
7.236478917723761839e+00
1.182756867975111525e+01
1.026932139481516870e+01
6.216354124869361009e+00
5.014363792336557601e+00
7.182980931310257944e+00
9.764045937200652503e+00
9.714862381249609768e+00
6.123749622830843009e+00
1.129999153152081348e+01
3.351205366940202879e+00
1.101945359097294386e+01
1.163525097645924333e+01
1.088610207953808207e+01
1.044167709235879826e+01
1.126433953528821519e+01
6.532847015046854722e+00
1.153642934633592709e+01
1.228507870651095679e+01
1.098590967293610632e+01
5.824246839075974513e+00
1.139578551836630105e+01
7.384957948336489331e+00
1.112764280864277922e+01
8.251864950868128545e+00
9.464738522838107571e+00
9.090928032648260881e+00
1.142384698543005328e+01
9.897103752879772287e+00
1.144950945460641911e+01
5.600840179875975267e+00
1.164726994381882896e+01
1.203459614038378511e+01
1.154766064162641825e+01
9.692779728865884792e+00
1.187456885757964464e+01
1.040731980268760104e+01
1.162997680476132167e+01
1.220977901816790911e+01
1.101127468791657904e+01
8.365219298512332813e+00
1.195640786105371589e+01
1.172568763695417715e+01
8.864292059055520312e+00
5.466696088468443016e+00
6.530211882484548092e+00
1.052297604429348787e+01
9.876812633322717971e+00
9.300759649446931121e+00
9.318176759785160357e+00
1.223034922803262070e+01
9.771533615833751796e+00
1.148448018935014403e+01
9.919151036524233689e+00
8.482077763719232166e+00
1.188657464716323275e+01
1.077898703259003099e+01
5.743548923288881447e+00
5.502591264838671670e+00
1.032743564103763667e+01
9.719647645430420368e+00
9.498276227503016145e+00
1.145309810882836032e+01
8.090010689623921891e+00
6.738381092630438829e+00
9.413421293692552538e+00
4.833916547503764427e+00
9.433973716275053434e+00
1.048070389598320951e+01
1.186580604038478448e+01
1.038799602138764300e+01
1.102165784771416845e+01
8.760853203950674128e+00
5.781668199014726284e+00
8.608258535170287828e+00
1.023022658832769416e+01
9.046995932016960396e+00
8.756852282316280878e+00
8.978674379097149938e+00
1.209288398412099497e+01
1.033808730096644624e+01
1.221458443956731443e+01
9.562387236400111235e+00
1.220761961562324061e+01
1.023494880609236901e+01
5.822622070253394178e+00
1.171973553258428602e+01
1.004579848096626904e+01
1.050877766293366555e+01
1.002234273945506260e+01
8.466533809848698411e+00
1.196243158332616829e+01
5.790357891316392447e+00
8.684539971434150019e+00
9.916872630583696946e+00
1.036702605476837036e+01
8.942061090588321548e+00
1.060786080601887882e+01
6.409572174480588025e+00
5.725123406193796782e+00
1.092148640802308890e+01
1.035492967542174902e+01
1.224041656522669896e+01
6.844627362473407750e+00
1.132418065149904862e+01
1.102574872988043708e+01
9.395966796194098691e+00
1.166409551529436861e+01
8.644349233042127878e+00
6.327223256170885435e+00
1.077463045093097449e+01
5.274318147190295569e+00
1.083562709743500641e+01
9.913508561599403635e+00
6.170369185048583560e+00
1.193172150584905111e+01
1.160036518246261927e+01
9.984260562422885954e+00
1.085919714456643348e+01
1.094476692257568828e+01
1.177262947543432148e+01
1.210584721695215293e+01
8.371450166128592940e+00
1.005321622048427166e+01
7.967912309240942292e+00
9.178080546810491569e+00
6.124132565375541404e+00
1.196318582104573380e+01
5.973756670249301237e+00
1.159074360346152943e+01
5.670427596703929929e+00
9.430812518813517897e+00
1.168596690340616284e+01
1.082875281535750389e+01
5.750188848751826676e+00
1.123815783420761605e+01
9.133279848396506750e+00
8.067826855436676325e+00
5.715699263399496743e+00
6.209423571454237845e+00
1.200095764705511669e+01
9.481605778519229588e+00
4.657366394222433037e+00
1.151702648531691153e+01
5.797522447338884888e+00
1.011619116103678984e+01
1.228010349463943562e+01
5.755569492529948761e+00
1.111044618620085878e+01
1.098168853583186433e+01
8.883436835913649077e+00
9.001844800731626961e+00
9.094175078557807268e+00
1.182208164097063730e+01
5.594633459460727209e+00
1.165882668107358455e+01
1.148455850205726669e+01
9.489050039513966084e+00
9.574377058333661594e+00
1.166738361669517943e+01
6.545483491146034893e+00
8.798191682840279526e+00
8.041642326532061347e+00
5.714302429175958764e+00
1.033124107347767406e+01
1.230044828017227765e+01
1.129091289434174605e+01
1.164895822519559054e+01
1.206729209200946151e+01
8.650630440475506333e+00
5.728024645880382515e+00
8.605504635751232811e+00
9.717934216028083938e+00
1.151289271363911304e+01
6.004984689513169549e+00
1.175828192890421242e+01
8.388710595578720230e+00
1.174044413039837309e+01
1.186557488597789600e+01
9.854086658293049084e+00
1.076976319842268381e+01
1.153077640426131723e+01
8.650214297172027500e+00
5.518277489379469714e+00
1.220469044991208563e+01
9.090581943490935402e+00
1.098976121012187690e+01
1.067984945576915123e+01
9.818042133703411167e+00
1.070341548214620886e+01
1.206063616522965276e+01
6.676126131829729360e+00
9.097619104535748846e+00
1.157666348572191950e+01
9.871845619738026656e+00
1.201271529745612021e+01
1.037929531153280038e+01
1.079591920421271034e+01
5.804846283915074956e+00
1.175705036499295275e+01
1.183983456639656140e+01
1.174756579634717824e+01
8.738539953133308558e+00
9.136741634591393435e+00
1.166335688088882527e+01
9.892213825050403031e+00
1.074568145228763960e+01
1.167330146336719388e+01
1.089359603035127222e+01
8.329203446844690717e+00
1.205252889805163896e+01
1.185188461387795833e+01
7.130527991861707271e+00
9.211881246686921543e+00
5.864531689501538914e+00
1.206538530517935293e+01
1.215794335751277089e+01
6.248258422375005061e+00
7.141425986803789705e+00
1.148362131132128638e+01
1.169123399228137394e+01
1.025882138272117672e+01
1.115354173992242970e+01
1.192577480299366322e+01
9.947731900316416187e+00
1.083588225586910703e+01
9.983380595608275954e+00
5.838723968425185262e+00
1.009993456256319533e+01
1.220672245977816850e+01
7.022904115824491811e+00
6.186600711953779808e+00
6.652265347644148008e+00
2.451053217192628697e+00
1.173803661006807530e+01
1.177201217337636763e+01
6.530211882484548092e+00
6.046642851194851787e+00
1.063697145194050009e+01
5.977608398493003072e+00
1.194014388945502958e+01
1.167407617582244939e+01
1.215296550585786761e+01
8.440432297328108291e+00
1.126460370036281944e+01
1.018915626747299186e+01
1.170828938106727080e+01
2.873854297455855633e+00
5.913236669610169471e+00
1.197691123736839280e+01
1.085483396121922084e+01
6.336248808956244538e+00
1.134350695548362076e+01
1.142262100105735989e+01
1.084879474966353641e+01
6.113622382931361621e+00
1.132799918085012258e+01
1.219139671031699379e+01
8.754994463020803863e+00
9.634665237940222227e+00
1.160970860318851372e+01
1.115354173992242970e+01
9.783738205154650203e+00
8.845510808674742265e+00
6.822454621959006538e+00
1.188657464716323275e+01
1.140845394514505529e+01
1.096663716905358754e+01
1.119594710261453052e+01
1.132419872382716441e+01
8.707899911573299789e+00
1.148327626747004260e+01
1.135345686921238695e+01
8.340484182605784724e+00
1.090375750188977477e+01
1.002234273945506260e+01
1.114128417840931284e+01
7.862428884162940612e+00
1.189831636187168940e+01
1.050348175229438219e+01
9.784324931898920497e+00
9.277328118264115631e+00
6.917115452467744952e+00
1.082880097705812084e+01
1.079226039967736561e+01
1.088291956070447775e+01
8.984139030660823977e+00
9.802258458668005048e+00
1.179804148042303424e+01
1.206742869903776771e+01
6.257417911177171277e+00
8.138153835769161404e+00
1.115183924835621099e+01
1.139407880956035513e+01
1.228198672390554691e+01
5.824397632147528370e+00
9.743497397642691737e+00
6.834561614867888935e+00
1.186985998340949067e+01
1.098910535214965378e+01
6.685809262604670344e+00
1.222167458871727952e+01
1.030746599810393249e+01
1.210999968734683918e+01
5.765275362868989895e+00
1.154405566593418087e+01
8.553986455588367122e+00
1.055476111240032466e+01
1.125019915339061605e+01
1.009993456256319533e+01
1.222435608948198649e+01
7.159555608190466103e+00
1.150249033445575364e+01
1.127555440920504282e+01
5.717809270862523441e+00
8.260886137573031363e+00
1.099931523003648870e+01
9.685513641187078804e+00
1.023861416609940811e+01
1.211051334179573225e+01
1.139660190945728857e+01
1.199864716539038945e+01
6.905282608016353407e+00
8.436343465772052852e+00
1.200591541676389085e+01
5.852938640142804516e+00
1.219019876783434952e+01
9.603279752315492246e+00
5.789571606737440312e+00
1.195782984099712287e+01
9.605812118875865835e+00
1.154766064162641825e+01
8.922222067552974423e+00
9.934642951766164742e+00
1.099096283343663494e+01
1.105453062775148609e+01
1.227517557579571594e+01
8.733869010751783790e+00
6.284575807966923833e+00
1.184255734633443424e+01
8.502335438542448998e+00
8.344133989231711013e+00
1.180565375380162152e+01
1.107043811329187655e+01
1.049813895049754464e+01
1.191485663221744673e+01
1.222189058293469799e+01
1.129091289434174605e+01
1.142909745469053817e+01
1.228970447078201289e+01
5.667509499151742070e+00
1.155487759479256837e+01
7.926690349656539958e+00
1.074146021577152510e+01
1.098011753412744085e+01
1.071834368873103038e+01
6.811600413100068252e+00
5.669431820796842381e+00
5.818810889892848337e+00
1.205015727267910108e+01
1.066117597458367783e+01
1.220898809858103817e+01
1.119187429551278967e+01
1.150506989367325872e+01
6.274269232889183812e+00
7.699303077257445338e+00
1.162138043152299716e+01
1.187425479946519857e+01
9.902498969431039910e+00
1.231805975523113617e+01
1.105046451275376995e+01
1.022508888046759168e+01
1.167388245088833010e+01
9.206560258259672835e+00
9.025228322363982869e+00
9.544605716208858226e+00
9.133279848396506750e+00
1.155531904721033420e+01
1.091388524495043022e+01
1.227968516162888157e+01
1.167244408755117924e+01
1.217265297531211665e+01
1.214221059931061575e+01
7.171640258959913972e+00
1.101264139323387958e+01
5.143139594835739459e+00
9.229595773042326812e+00
1.090820592758663210e+01
5.847328510089158549e+00
8.597030795084560140e+00
1.181389466621720707e+01
1.128397421566310932e+01
3.671312559130904152e+00
5.908950243465636021e+00
7.894639672771405436e+00
8.736281087448299232e+00
5.914863868175967987e+00
8.963712824878843577e+00
1.217611275614800448e+01
1.128388153235018621e+01
1.175508480410548096e+01
8.634394860291244811e+00
5.661682215147877173e+00
1.130996012329531553e+01
8.023454587828847906e+00
5.602465851448023670e+00
9.101950878879568663e+00
1.067412771604818289e+01
8.489754572803764887e+00
1.174044413039837309e+01
1.036492781113990702e+01
1.147037871217007954e+01
1.096875139234889929e+01
1.154569828615720972e+01
1.015771402719566829e+01
6.399451692566069383e+00
8.690792639005632481e+00
7.067846146046016464e+00
1.229441181797496441e+01
1.231537124577435449e+01
1.205454809786639636e+01
1.168213883263784680e+01
8.284310956603412990e+00
1.192590284494269959e+01
9.867671819824906265e+00
1.155875514520450764e+01
1.221021399230138016e+01
1.036174425953004530e+01
1.088522286777526915e+01
5.944146858299056646e+00
1.205454809786639636e+01
1.046555658890851070e+01
9.495348298457251701e+00
7.213030755891371548e+00
5.864611135694365096e+00
1.007874562248902883e+01
5.787735802661798878e+00
9.438229540580405086e+00
1.076829692404000838e+01
1.165301560200941111e+01
1.204941563981108743e+01
7.296746959282910616e+00
3.111301905179526095e+00
3.400458969859756486e+00
6.269466950317140963e+00
1.026012096261456463e+01
1.188760338997243338e+01
8.862936825870438184e+00
8.514656252561289662e+00
1.218277913130066459e+01
1.177578440590508890e+01
1.035781252411186948e+01
5.927019895004325356e+00
1.196319242308465469e+01
1.128594004242835069e+01
1.136735740247203807e+01
1.168504307415771137e+01
1.113107571056242051e+01
7.586206222402676502e+00
5.963692115571184615e+00
1.228302535884509439e+01
6.015512372514492334e+00
1.108048028127593376e+01
1.084161567582497732e+01
5.888975192507410306e+00
1.058193147690738911e+01
6.834561614867888935e+00
2.846588906819366827e+00
1.108910079799794346e+01
1.082412541100432612e+01
5.935072819137950262e+00
1.229157076795370074e+01
1.087693326452568243e+01
8.549681271953080142e+00
1.207632807935946673e+01
9.754323268931512914e+00
1.119631057573931443e+01
1.152446194445537664e+01
1.137159884600276527e+01
1.193104388746345990e+01
4.168813010815664910e+00
1.089314944592612733e+01
1.208008277686315246e+01
8.604213225409278465e+00
1.168649088466363395e+01
8.171834014311640360e+00
6.126132949410256323e+00
1.226192882768971870e+01
8.874462501009682924e+00
1.083602037541949770e+01
6.285469841113256351e+00
9.653806594694909649e+00
5.111538029100074709e+00
9.406940901429990731e+00
1.229538418651909026e+01
1.202513529028470707e+01
6.891334189982246450e+00
1.129604929765205412e+01
5.075499344151798375e+00
1.196046216596112011e+01
1.183323285185041485e+01
8.828045211442415052e+00
8.901285321415507212e+00
2.451053217192628697e+00
1.218548371930759622e+01
5.953331189194423168e+00
4.591413724176744537e+00
1.143868802198201173e+01
1.161055842355303547e+01
1.112178482873580343e+01
9.953793543454176884e+00
1.144157571868466228e+01
1.129820779610644621e+01
5.924190805704959040e+00
9.837060819239692222e+00
9.610211889225345416e+00
9.668200438909579475e+00
1.074046070478934567e+01
4.620007526332525316e+00
9.445468166288122802e+00
1.138792012147632882e+01
1.098969231186340423e+01
1.061544760306043322e+01
1.120819750813701710e+01
5.765275362868989895e+00
9.632708659578170796e+00
1.101813478804452906e+01
7.891846723191200397e+00
1.050172256533964088e+01
1.142214409150679444e+01
1.121446466265885178e+01
9.337986291260826022e+00
9.241802952194053233e+00
1.175508480410548096e+01
1.064192619097965498e+01
9.442715650561579466e+00
1.021606903283306877e+01
1.140401593668533486e+01
1.224074976495541733e+01
8.763011141178360219e+00
1.164018857429589993e+01
9.042963974753950751e+00
8.112407230908134537e+00
1.110551199175860049e+01
1.133969736582928789e+01
7.674544277869918218e+00
1.182910559800473038e+01
1.209357959613188171e+01
1.148841057699938517e+01
6.307642905844414116e+00
