9.025910318740765215e-01
2.739556387908808482e-02
7.507637985919340257e-03
1.793046733439886478e-02
1.945669914873986162e-01
9.215112608964834973e-01
5.027656532039200821e-01
5.610304746686300276e-02
3.388575727366558432e-01
8.093464687220039977e-01
1.401738865481372831e-01
4.794139902014075694e-01
5.871451771023861177e-01
3.669303803398434316e-01
3.186806729413723116e-01
3.486343231061214132e-01
3.807879397858589532e-01
8.292397919254164140e-01
3.280026558626950028e-01
3.749793100285922498e-01
1.849264004848391596e-01
7.628853093789067508e-01
9.922667771723304997e-02
3.732186857068485741e-01
1.872370051678635405e-01
4.986328558124280413e-02
3.325601255282591984e-01
3.556403239735556054e-01
5.977092151049816227e-02
7.019583539628867497e-01
7.327245276019208609e-01
8.107516821483901071e-01
7.052178251844763990e-01
8.116423596600257362e-01
2.421738953445874976e-01
7.722386266613140426e-02
7.714173685879549547e-02
2.934705361653927591e-01
9.004189575979130167e-01
2.726740731762796188e-01
4.542700649737774210e-01
1.102889800010066479e-01
1.147565466161540038e-01
9.065125873682760016e-01
7.812171543549188968e-01
4.392254318644038813e-01
1.459605743088097374e-01
8.553808001329066268e-01
5.035315605047753218e-01
1.017563586756817587e-02
1.129144120241655225e-01
7.286138561429676974e-01
2.491918991550136353e-02
2.186536318614403784e-01
1.974111166112025861e-01
1.921527133327521342e-01
3.131491901775201175e-02
8.145331448142962838e-01
5.564147029750986517e-01
6.914865876993200322e-01
1.948617048840272648e-01
3.338014351885081332e-01
4.058144646880358641e-02
5.399484294683690871e-02
1.359061049320476056e-01
7.565768086706712303e-01
7.301605045835556362e-01
9.105771034408088882e-01
5.097819557541920510e-01
6.680321167712633956e-01
7.100062276898322366e-01
1.391702488341693411e-01
7.485633735325508686e-01
4.262138530777130341e-01
9.407803321454393242e-01
5.558764308865400405e-01
8.428900526760125800e-01
9.489079004028215802e-01
3.645715155251126327e-01
6.141252246084069055e-01
6.173814710603987566e-01
2.114733194289875329e-01
6.264974314285808032e-02
1.658924482515742316e-01
3.354190014396881692e-01
1.675609891340518881e-02
5.955657149291254671e-01
4.465600352330573175e-02
7.258203401741755156e-01
5.045808026706553040e-01
7.397196899236279100e-01
7.665213767564923453e-01
3.417998047439894105e-01
6.879399538412171999e-01
5.777052693174575815e-01
6.872217813612420123e-01
3.359248686172162657e-01
1.445215501710191142e-01
1.847158847239583068e-01
1.535875348792603012e-01
8.488634497754946745e-03
6.182157545842343893e-01
1.021231412124992965e-01
9.675685285352036979e-01
6.187638272273940920e-01
5.031569489387641148e-02
5.708552450674939660e-01
9.126182014205731496e-01
7.788137349115047403e-01
9.144876339626007988e-01
9.577582962194322036e-01
5.187841120431924136e-01
7.239653074801280508e-02
4.969442959624816303e-01
1.937281494849989461e-01
1.475638614929924708e-01
2.070716515784477851e-01
1.039439006961506567e-01
4.511776579860687364e-01
1.865634968791785586e-01
9.820436243810682919e-01
5.723914522719689701e-01
2.502669333490585291e-01
6.714811161607242562e-01
9.026719521795264489e-01
6.161784599103544563e-02
2.513375848572635962e-01
5.064579106111067874e-01
4.234099536202959313e-01
1.196297676895387817e-02
3.598353283645832623e-01
6.530425860753136247e-01
1.824726630610263023e-01
3.636288047336895812e-01
7.744796713718605785e-01
2.391898011804926838e-01
3.999173506616920948e-01
1.060157618405407343e-01
2.494308322364017783e-01
5.815323755929382443e-01
5.465216795233368563e-01
3.451952479966207687e-01
2.820789736671567294e-01
5.488431199745157085e-02
1.360238055865025004e-02
5.076218649861694576e-01
8.620184282341246673e-01
5.892359329063172613e-01
8.842501098028851536e-02
7.339891662196694755e-01
9.424359420168486601e-01
2.359598404947525485e-01
7.418761170354560841e-01
1.282486773458371143e-01
2.488300044671071520e-01
1.382719275669809234e-01
1.634616921150246205e-01
1.865063353974096838e-01
1.086375267505525384e-02
7.539930349207405458e-01
9.856382129276178850e-01
7.411548646080063918e-01
5.794731347795760712e-01
1.052076404557422129e-01
2.810020901807059324e-01
7.048621240430825718e-01
4.054361628351823565e-01
4.280556636959270134e-01
5.079201872546562635e-01
4.766168418431419862e-02
5.398392714986351981e-01
3.197559208677093201e-01
4.152592670679706166e-01
8.182475562591349227e-01
9.247223921738142449e-01
3.210593753953365215e-01
3.340147507908988733e-01
8.416324171676589083e-01
1.691169263103693976e-01
4.273654307167662481e-01
4.925542463835095308e-01
5.465216795233368563e-01
6.934286146038234344e-01
2.508740379082767258e-01
1.715949558102433103e-01
8.732100838245941687e-02
8.408180833251673869e-01
9.412689519452110964e-01
7.976826382527694992e-02
6.065914746702510962e-01
1.834220211172892800e-01
1.142500237172718210e-02
3.600751385142947902e-01
1.244495167140615977e-01
3.755020701572245323e-01
1.486459279327749239e-01
1.921527133327521342e-01
1.172096092178170068e-01
6.254009540100504694e-01
5.946632497127616324e-01
9.140997132333532615e-01
2.545506115272585523e-01
7.850800605789401976e-01
2.136080600357131709e-01
6.584011283758206545e-01
3.676609508272554172e-01
9.983125668046669565e-01
2.807672954072557014e-01
5.611354726403945392e-01
7.602469715018705942e-01
6.534204821832444443e-01
2.490064109735973530e-01
5.911578598287698522e-02
8.178737329349551333e-01
5.050642992986379420e-01
2.998821540685209230e-01
4.952184051590026448e-02
8.347177225434250225e-01
5.860610853245473706e-01
1.209704284091787097e-01
3.650209818188595023e-01
3.943356683274363284e-01
5.969146611947964143e-01
2.971983058179628046e-01
5.336020833818969633e-01
7.265229514223712215e-01
1.679902793860570953e-01
5.202466135969278094e-01
1.239389449467168947e-01
2.709138000368259136e-01
6.376147181724982627e-01
1.144771324381752692e-01
2.046149681661031949e-01
2.382666861155522120e-01
1.798875076282607788e-01
1.476621951815758060e-01
5.234934135816556866e-01
2.122588932153939290e-01
5.130256393356280586e-01
2.124028643589724319e-01
5.270501246562480091e-01
1.568966144317625599e-01
5.558764308865400405e-01
7.505202383386978537e-01
2.582673665683145325e-02
1.339066045622422374e-02
6.142800816935885602e-03
3.346228829617174660e-02
1.980658163436013197e-01
2.534065216109107968e-02
3.284825571886538786e-01
7.558094867477326284e-01
9.692575276638663029e-01
9.199193688789389922e-01
4.435021096212309333e-01
8.443108114310506895e-01
9.663493214909080198e-01
4.950567182978046765e-01
1.386748891260061178e-01
8.769084018098935451e-02
7.920376626594628766e-02
9.253498437993056269e-01
1.219624483658532654e-01
4.245131002783295582e-01
4.467335759884778490e-01
1.495947561353450639e-01
6.372170717509949567e-01
5.815801233975327611e-02
1.371466007563303113e-01
2.558409909627369638e-02
3.208209749812937495e-01
7.052178251844763990e-01
7.418761170354560841e-01
8.540289971645341760e-01
2.747902516482548796e-01
9.628587887174361315e-01
8.078029534122559419e-01
2.357788932578854246e-01
7.217381642062832559e-02
3.477678413520955969e-01
7.387083111714436434e-01
9.153138726275727999e-01
3.439674677156108751e-01
6.803275275250064702e-02
7.049365780112275548e-01
4.769354976114988931e-01
8.349688737819918050e-01
8.293141210177995548e-01
5.031569489387641148e-02
8.832543460433950333e-01
1.325295082036217487e-01
4.215025342893881088e-01
7.069615434134677301e-01
5.627833994862795342e-01
4.748984046404352427e-02
5.265803504794370760e-01
5.920667461070880377e-02
2.701358745332006414e-02
3.642787732893147945e-01
1.085816442003588733e-01
5.706742083402869259e-01
4.962618012185846528e-01
6.651501952820844110e-01
8.454206241928764465e-01
2.292894748724683129e-02
3.598353283645832623e-01
3.456528196019644644e-02
7.321344465097683329e-01
8.583937472135573232e-01
1.406205660107231505e-02
4.201108398957634910e-02
6.007734499559159724e-01
5.140606764695343500e-01
1.930098862597843246e-01
1.385388712596188898e-01
5.921442953471083293e-01
7.568906512268525066e-01
8.313746969741814263e-01
1.258481165341779895e-01
6.256825478398811979e-01
5.173468863576054927e-02
6.922402487794482306e-02
2.719947340068413211e-01
3.498085417899418625e-02
8.887003859810738149e-02
6.316720544104756363e-02
8.800056075756987339e-02
7.947740455604040966e-01
6.486575062046366913e-01
3.756429202485481872e-02
3.047922166646158670e-01
2.278699717174116901e-01
2.043155093665982025e-01
7.390230492068298185e-01
8.133814913342243824e-02
1.019909353083602449e-01
2.214261340677126932e-01
6.184138951634367276e-02
8.675745634629422609e-02
3.810706678937679781e-01
4.063093120837810851e-02
5.504148404750699303e-02
4.661420578907826129e-01
9.671541125450435761e-01
8.562233615776145834e-01
6.906519606102827502e-02
2.844470913188369976e-01
1.602136553725617696e-01
5.085707235076042387e-01
6.535911286496897121e-01
6.555100018227181247e-01
8.802481741387079284e-01
6.206905050579717420e-01
1.353799353442483588e-01
1.361611849485050256e-02
9.500193891042378880e-01
6.084374154235538956e-01
9.136624301598002262e-02
4.515234132161616842e-01
9.717038431369875995e-02
1.628048877117121152e-01
6.272678282133702377e-01
5.720801844072231912e-02
8.766873013034255369e-01
6.737776717490535638e-01
5.177091318182609481e-01
1.974793565698602094e-01
2.012341192130605583e-01
5.949526938999533110e-01
7.524425578550779647e-01
9.577582962194322036e-01
6.842013525478900238e-02
7.249753041391218122e-01
1.637127667150833632e-01
3.555057766400250285e-01
3.723612674290747299e-02
3.325601255282591984e-01
7.238968465480332126e-01
3.667144571182166801e-02
2.792326653365735309e-02
3.259559783144652112e-01
7.603102009673065043e-01
1.745710345318499945e-01
4.846348584332522691e-01
6.836718605465700316e-01
8.084615403622964769e-02
7.286325394273629463e-01
1.195650042348077313e-01
5.048528737520096010e-01
7.586951615211156019e-01
1.557352574820683733e-01
1.828672158928245361e-01
4.961653737370356199e-01
8.178737329349551333e-01
2.249212857364101537e-01
4.929405879235478766e-02
9.661196377433983740e-01
5.572206952331738572e-01
3.390613038028764126e-02
8.449287578577898694e-01
1.364831365864021540e-01
6.207826896177049969e-01
5.791484255171376327e-01
6.458818607076688423e-02
6.181930266222934733e-01
4.595412969417242421e-02
4.530575045743592821e-02
6.450534563469809690e-01
5.139801971307838002e-01
9.860797024897067775e-01
1.227863657094277611e-01
2.990104254046123122e-01
4.171457343119898131e-01
7.810417892272461526e-02
1.742743110748218305e-01
8.793068114672643043e-01
2.297917719471864739e-02
8.858093518827273583e-01
9.881829788997420483e-01
7.735169914603855224e-02
2.686252012681263901e-01
5.308629841020868767e-01
1.978046847198555377e-02
7.990009335801484883e-03
6.473069346274761271e-01
3.345505241973710242e-01
6.349041062656649581e-01
9.564856765765804292e-02
5.101061114811387132e-01
6.169109025057582102e-02
8.875909814790917673e-01
1.640863265714059480e-02
1.571687341747154409e-01
1.834101035041140471e-01
1.850791387094058438e-01
2.041097309293938844e-01
2.522947968114758743e-01
2.377017038179388142e-01
6.838364816106364819e-01
4.554887852831700501e-01
5.232090905921789048e-01
5.879324875145328644e-01
9.576452645815085596e-01
4.171591888446467555e-01
7.864427428159558309e-01
9.659832320333451294e-01
3.131491901775201175e-02
6.259999488524566891e-01
1.240194294227089586e-02
5.181708203780784894e-01
8.368844831207191692e-01
8.017433383076433273e-01
5.376075671892620589e-01
4.730395741825613731e-01
6.847101935407786666e-01
6.573253655812705265e-01
4.717477202726887420e-01
4.184804041952128184e-02
6.760411379182293956e-01
4.155129051349644720e-01
2.759544715190243025e-02
1.300322535701047173e-02
5.685847778674210096e-01
1.292425473329702479e-01
6.207826896177049969e-01
9.556687498533292247e-02
5.549694861497129761e-01
6.755490576302815020e-01
8.060949465797523361e-01
7.885555333061917693e-01
1.346730869187220125e-01
1.253492386221949084e-01
2.026910468315447078e-01
3.662448227690325853e-01
5.776926476974814095e-01
8.147444910624622727e-01
4.358386535155076569e-01
1.898708014585037337e-02
1.069208873672941457e-01
6.133476008995135675e-01
5.712359848072174895e-01
5.291882446947386853e-01
1.615934244559295851e-01
5.351778611781066175e-01
5.907216104268172563e-01
4.245131002783295582e-01
2.000478588321384921e-01
1.090691255547403676e-01
5.858899663551876413e-01
1.268743761115517510e-01
4.051513526810834875e-02
5.036724572334555505e-01
1.220334633486988840e-01
1.679902793860570953e-01
5.060214842601150342e-02
1.771965416704013307e-01
1.122309226319872233e-01
4.554887852831700501e-01
6.342348820404911658e-01
4.649784521544618188e-01
5.282831291543513830e-01
2.111634417373349781e-01
8.486073105971045916e-01
7.333105401966355519e-02
1.290329047663821282e-01
8.090013664738929799e-01
8.322139539256435681e-01
2.273247934249774949e-01
4.382885527672565340e-01
6.802997143130288249e-01
5.874479037694476657e-01
7.418842130897408682e-02
7.446583400490209836e-01
6.892034522409804520e-01
4.392254318644038813e-01
5.207000670766332995e-01
5.718618582314077825e-01
5.568982120828411819e-01
8.219220625520037293e-01
6.336949556683997287e-01
2.879142885268178298e-01
7.834922660456535848e-01
8.630765177530208554e-01
1.708808778520228555e-01
2.843935530892079400e-01
8.709603758244330862e-01
6.792091744489096028e-01
6.694542451632284896e-01
7.935816935261917893e-01
5.172856962266215719e-01
2.248104179130328006e-01
1.414386031390690024e-01
9.872504446859784455e-01
6.691008994168995416e-02
8.807007750676214275e-02
5.060214842601150342e-02
7.549193712057503669e-01
6.961066748366563361e-01
3.465409670289575361e-01
1.982580457597845139e-02
3.883194643748000829e-01
2.652260802313891608e-01
6.830020794782396543e-01
6.309318309596460006e-01
6.218538529992310299e-02
4.488611017557200822e-01
1.798875076282607788e-01
6.711778259286194093e-01
6.767253848357761281e-02
2.021172082361482047e-01
7.514987558492584041e-01
8.287149354943088575e-01
9.353383608767735780e-01
4.836019529751456325e-02
6.518885090150238204e-01
4.303257129985663676e-01
3.598353283645832623e-01
6.024585581126403744e-01
6.815816417655863324e-01
2.106763585651963977e-01
1.415896517692016507e-02
5.954514133770834050e-01
3.993825659586219823e-02
6.309277767280779825e-02
3.134230981832032692e-02
2.652504563043530869e-02
1.017563586756817587e-02
5.729121855214830590e-03
2.752734357736505433e-01
1.206721891618537518e-02
1.401876735848469058e-01
9.880041153262292264e-01
5.100813368114733848e-01
6.302422573725761090e-01
4.872030489706177248e-01
2.726701171279931613e-01
1.532441134725464893e-01
8.147444910624622727e-01
1.193921116370604829e-01
7.834720506408766882e-02
7.221444287105920068e-02
8.436055530877727415e-01
1.140289001394630686e-01
4.317898279457316191e-01
3.900811270116579244e-01
8.895555923485746197e-01
2.295796106300920514e-01
5.118273343150500088e-01
5.121353842780028698e-01
3.799687572746381775e-02
2.378321231838262106e-01
5.520192735867244238e-01
1.356176343512897342e-01
7.648646544510482315e-01
3.847309246198318822e-01
1.526310305045910642e-01
2.189648419329015550e-01
4.891233565939487327e-02
9.258426268450591357e-01
9.998771539503368277e-01
6.649643843693767709e-01
4.962618012185846528e-01
8.547091682846118532e-01
5.861314085514725963e-02
5.616137963738275785e-01
1.746054551638860086e-01
6.743982268201537122e-01
1.880883252678800244e-01
6.282705912954700267e-02
1.575351145878196579e-01
9.651988477628024032e-01
3.559322735825847794e-01
7.526120798505062659e-01
2.712282897740307952e-01
8.891680725383277473e-02
1.905442874821206278e-01
7.556880733227282210e-02
5.436357610564838266e-02
9.615169907241506719e-02
9.880986374090687807e-01
8.891581157070193031e-01
2.043155093665982025e-01
3.269669818691841034e-01
6.930459625682734437e-01
3.950605895112366817e-01
3.266680601766868558e-02
8.187169170119487083e-01
6.319009650467929395e-01
3.464963550031027184e-01
4.052070823623114826e-02
2.556012395651482971e-02
6.439108696160841250e-01
9.417692358232006011e-01
1.200668391984241606e-01
8.166599301652348597e-01
5.439857743612552810e-01
2.197494249947537226e-01
1.829474230897117359e-01
2.558378798953837574e-01
7.631893518153445855e-02
5.117755964957912962e-01
4.865343016004084614e-02
6.464108108192579971e-01
6.311893863691374618e-01
5.998972148506750979e-02
3.122778152915643007e-02
8.805938789636076347e-01
3.947294722669495992e-01
4.342451565380730516e-01
5.306796031463596741e-02
6.257429566911493213e-02
4.051513526810834875e-02
2.049560351384580592e-01
4.484546701680180436e-01
5.377488616323531367e-01
9.743611043854581710e-02
5.234400270024426316e-01
5.721711315223988459e-01
8.839864129673531412e-01
3.885114154689409682e-01
3.862785055203118989e-02
8.095063764074725832e-01
9.541143624389851752e-01
2.145946978243842146e-02
2.993971270418224195e-01
6.411968397853835544e-01
3.239573826896457315e-02
1.554764752195351984e-01
1.338426763394378813e-02
3.391202993151049699e-02
5.954205912864286160e-02
3.928306111649729759e-01
1.073399125325100872e-01
1.879729680727823884e-02
8.493347442306108108e-02
9.960791095568150011e-01
5.848702153556616795e-02
7.244853424869122926e-02
2.113666121654643112e-02
7.888480932899564202e-01
9.255900333138485925e-01
2.731879215745025569e-01
3.912422319827295047e-01
5.699430242645909805e-01
8.957041699959630288e-01
3.598353283645832623e-01
5.789431773228609357e-01
2.572624713523009587e-01
3.030468749486126545e-01
1.533093169083076523e-01
7.814349382567752078e-02
6.961865053856588492e-01
3.363890416545753381e-02
9.856602316239183592e-01
8.289023079065077626e-02
4.453668738005041039e-01
5.960515056058305339e-01
5.112969132906837189e-01
7.642163311516037005e-02
5.158749956069885040e-02
4.191267285025844780e-01
2.406619409278972221e-01
1.073386463008208225e-01
6.029776959629491451e-01
1.730462005667496306e-01
1.166303305987734067e-02
5.622430879262495518e-01
5.262615944906278154e-01
7.582135378782226542e-01
5.325592788846875703e-01
9.916238819635102564e-01
9.514857574959967312e-02
4.405391068130143917e-01
8.976284493025310507e-01
4.552383746747563076e-01
1.182149202612844396e-01
3.211137357411372184e-01
3.941059452094400894e-01
7.921341786207475311e-01
1.411166393538526576e-01
4.283553344441742849e-02
6.207826896177049969e-01
1.201172506202509566e-01
5.287541453232391664e-01
1.151250068659858544e-01
1.597635084679914774e-01
1.322556943289513454e-01
6.752712722180457261e-01
5.937671726968292152e-01
7.722614902094704359e-01
5.079450393454530976e-01
3.739752809017300450e-01
1.469639595847025970e-01
1.373998189385315649e-01
1.167378841614839791e-01
7.664527227926105635e-01
1.505643915615973924e-02
8.236869506424097098e-01
7.940064556973419618e-01
9.631013147065697888e-01
7.179310041850527346e-01
6.914271671011386344e-02
1.592682022099117800e-02
1.269318200618049786e-01
4.286840141663700310e-01
6.389610405227932333e-01
1.621076019357411413e-01
2.007154314292098132e-02
2.575251509567174080e-01
5.446719934939776159e-02
1.606079828990250868e-01
4.089475267606352271e-01
2.058521791893095643e-01
3.916380245710501112e-02
7.584755677313329003e-02
8.538240532066178334e-02
7.937838816236274242e-02
1.144103752875312574e-01
6.444010212285045114e-01
2.071838732946103823e-01
1.813632116399676586e-01
5.570322758380642503e-01
4.624153348520649853e-01
2.809696112494490874e-02
5.473923484706070264e-01
1.593565322623942751e-02
4.382612435437678866e-01
7.519356862866591329e-02
6.122801978616052576e-01
7.615974350410908977e-01
5.465216795233368563e-01
6.473893443150254834e-01
4.658522837787826831e-01
2.028513387050557559e-01
3.093617348965903568e-01
5.390272472036876650e-01
3.233523089652451388e-02
1.829474230897117359e-01
7.850821426495058208e-02
3.151172863578105554e-02
4.201108398957634910e-02
7.569373930017840868e-01
6.016267450164218544e-02
4.763840325799478803e-01
1.102224703462631045e-01
1.540530317087333012e-01
7.244066610272099638e-01
9.502325106561703150e-01
7.422084531617880732e-01
2.541371709965530301e-01
7.816681700473291361e-01
5.633876854692461134e-01
5.246413489761074800e-01
6.756747382360253074e-01
9.271012756865907312e-01
5.390272472036876650e-01
4.623940801031110603e-01
5.048528737520096010e-01
6.651396311172413922e-01
9.103012287160335836e-01
4.945011266823082230e-02
8.900250288001606558e-01
4.410025328412440770e-01
8.996725060859475653e-02
5.049318907275412993e-01
1.526305220367469850e-01
8.677063238247381127e-01
9.610473946826972869e-01
2.745243414220240874e-01
3.810706678937679781e-01
5.280101646049211173e-01
5.360164095311328314e-01
1.617643338349625814e-01
9.367508916240743222e-01
1.089270829133712065e-01
7.032006904006026238e-01
6.857462854912879102e-01
3.120351704381514879e-01
6.125241923125253063e-01
8.872576641157049471e-01
8.541638268533786882e-02
4.349614459214173889e-01
8.501920557112149224e-01
6.886115726232131529e-01
9.374114226976979491e-01
5.376485304894086381e-01
1.517414114212506104e-01
5.113285973406350715e-01
4.425788840064084906e-02
3.319707502420186085e-01
8.375325909668475122e-01
4.035577797952641932e-01
3.238620400581041503e-01
1.012753356413989003e-01
8.641319918567991198e-02
2.293722454047711357e-02
5.603186779441607923e-01
1.829474230897117359e-01
8.451771740918938569e-01
2.731040445073078526e-01
9.294594517337186890e-01
2.122099224233190140e-01
1.985365153674608640e-01
1.107205407072690412e-01
4.303257129985663676e-01
2.085497628109939938e-01
8.140525356241896937e-02
1.559125148202279709e-01
6.656286978146150335e-02
6.548260434228277971e-01
8.717427825959457588e-02
7.488547940681721249e-01
7.628853093789067508e-01
9.703360633119912926e-01
3.427922506140175518e-02
5.720801844072231912e-02
3.149185272549651637e-01
3.172628888557304516e-01
4.837971126426012236e-01
6.070468015556932384e-01
7.569259955134518547e-01
7.186608604289985713e-01
5.061740457428484108e-01
8.481601963928472321e-01
9.794807933122524624e-01
3.651605666113459936e-01
6.279186579574277394e-01
5.335468669491647553e-01
6.432715633111303344e-01
2.312654149413480853e-01
8.556077904897292363e-01
8.427160493277386921e-01
1.346798800152910341e-02
5.291218709772324558e-02
2.392799831131315474e-02
9.389718033160331379e-01
3.340080929063811155e-01
1.045896663803190241e-01
3.589404104158209208e-01
3.700825923994709443e-01
6.557033114918797700e-01
5.158716153849490782e-01
7.407432233718330705e-02
9.677657345655447108e-01
2.410178838014201408e-02
1.291480529614365269e-01
6.534204821832444443e-01
8.828163042855007303e-01
1.292425473329702479e-01
7.660284918018706035e-02
1.657616797064980219e-01
7.384269577800835205e-02
4.131352201686710329e-02
6.133700183055441624e-01
1.753825452488316089e-02
1.239389449467168947e-01
3.381709977083577900e-01
4.194986323550594642e-01
5.496958173922955604e-01
9.347817109911931155e-01
1.573163539124283750e-02
3.506829199891847160e-01
1.836010155329116378e-01
9.324348391213937992e-01
8.178737329349551333e-01
3.176882205593049013e-01
8.072085470233030247e-01
1.697983011853214375e-01
4.503365651046530860e-01
1.194370915179764625e-01
1.272779652586205346e-01
5.572501927424410306e-01
2.634140783937283792e-01
4.035577797952641932e-01
2.146044380483237146e-01
9.926180056774772664e-01
3.353421384840522129e-02
9.783123244503510660e-03
7.579746505784344945e-01
9.769818735182946856e-01
1.059379678335640139e-02
7.117027122952419571e-01
7.690187455249127002e-02
3.846499162457473475e-01
5.287200477478459781e-01
6.743044654338662403e-01
5.485205828772361791e-02
2.223371226531454525e-01
5.335468669491647553e-01
9.378762451367280706e-01
9.164271863498033022e-02
1.650367872704903704e-01
3.831699243038193953e-02
9.659832320333451294e-01
2.205845812072608214e-01
1.377973191957130583e-01
9.089304078684985466e-01
8.839864129673531412e-01
1.346867195610458312e-01
2.358088601799767647e-01
2.291321153343474359e-01
2.523903728688106085e-01
1.392192495420029874e-01
7.612853487297194244e-02
6.113564101058882594e-02
7.576294486833363984e-02
9.938346322383375675e-01
6.733411362811506096e-02
6.070468015556932384e-01
2.498657766164554261e-01
9.303107541114694623e-01
9.605906522180004403e-01
2.177140249968962937e-01
4.392869121591930770e-01
2.167997959052738177e-01
6.902926887658325517e-02
1.122309226319872233e-01
7.405772634735700022e-01
9.606270937310753544e-01
2.594700047923070296e-01
1.156748968810977773e-01
1.129144120241655225e-01
2.326181290911441546e-02
8.409400981267512593e-03
7.619191472999768677e-02
5.035315605047753218e-01
7.046587049045486273e-01
5.188285593372298221e-01
8.911443703473073130e-01
1.297601640410050994e-01
6.055998179346806509e-01
1.568909686021669470e-01
1.526310305045910642e-01
4.556328984030736523e-02
8.257080231736335652e-01
7.705368857774951528e-03
2.056480605576656295e-01
5.231417351444788144e-01
4.193616031687883439e-01
1.829474230897117359e-01
3.504703701164757490e-01
9.441671317013199394e-01
5.459454469923564757e-01
6.813878345619365229e-01
5.622430879262495518e-01
7.591835145521402817e-02
9.821729142587777572e-02
3.232663637352439223e-01
8.497226824848378435e-01
1.043508297150083294e-02
1.473510095533824560e-01
1.549203783574552330e-02
1.102889800010066479e-01
8.431776359760431161e-01
5.161779191141305928e-02
2.064058051108843758e-02
5.801831320029898764e-01
1.989710678454101322e-01
7.725098518791927438e-01
8.046774455092580158e-01
