3.423226310174290354e+00
8.603480411032654596e-02
4.000908500284924507e+00
2.586519529060217426e+00
5.729414690849804481e-01
4.006700233940923006e+00
3.152407474364973261e+00
3.094453297698964267e+00
3.256332861535811585e+00
2.855770203252411932e+00
3.962765744406956170e+00
1.974362749110436521e+00
4.302806223472471103e+00
3.534185068042872579e+00
3.798523201239746960e+00
1.013157290915288680e-02
2.313755510293568296e+00
4.216561354012918095e+00
3.984230393512826929e+00
4.267555849467933982e+00
3.944080366226230261e+00
3.727764231449239851e+00
2.696437680354607735e+00
2.755768064031551834e+00
4.364346970042654483e+00
1.855868302959297500e+00
5.366756565673275192e-01
1.976836438597985746e+00
2.188401832285516324e+00
2.593930027613096989e+00
3.966665712885892869e+00
4.426538641763106519e+00
3.128303017507193307e+00
2.149271849526724232e+00
3.347954200687849546e+00
3.925990680070948535e+00
4.051727521880324367e+00
1.151252085609593134e+00
3.699459238782253578e+00
2.585891617853132374e+00
1.363595925632042682e+00
1.072550401789637231e+00
4.071398013728642518e+00
1.793402577772284845e+00
3.837514770851127466e+00
4.265758629325691054e+00
1.042946575796435349e+00
4.288453382368612843e+00
3.013395196538779519e+00
1.291895864005579320e+00
2.375396540008971602e+00
1.184264230228486259e+00
5.196806144195779131e-01
4.056602663591204916e+00
4.319832644264722354e+00
3.926972101219632361e+00
1.432078295845519600e+00
2.914621467377184416e+00
1.177620178419118924e+00
2.487224563992926463e+00
4.317421168259338415e+00
2.833139973201390660e+00
3.917165356277484634e+00
3.647278695460702824e+00
3.628683658776589827e+00
3.268714307153072762e-02
3.909252156088687258e+00
1.509562799040196301e+00
4.310698900311078496e+00
4.436929820399467594e+00
3.297960001285085152e+00
2.980984835039795389e+00
2.888197580389081143e+00
1.948912961914241571e+00
3.278615226296351715e+00
3.630721237444888061e+00
3.070651160462771756e+00
6.864404906208600998e-01
3.434756219809235400e+00
3.187320196970238495e+00
3.494271838209742409e+00
3.586881413804532404e+00
4.322779284730052574e+00
3.349329701776514678e+00
3.911156806045372747e+00
3.829856064736487209e+00
2.420762583773966803e+00
3.356522280689857141e+00
3.954894929548501192e+00
4.441012398750719292e+00
3.238547371777265482e+00
1.576835426377009242e+00
3.638980748448635616e+00
1.397604621642233313e+00
1.151217004383681797e+00
2.595788425243999775e+00
2.862523444559373909e-01
2.942571586693144781e+00
3.571861244103431865e+00
3.693595274859135635e+00
3.351590748606521952e+00
1.980694153636901822e+00
2.544393016530363205e+00
4.211596325042122224e+00
2.534820816461386350e+00
1.151217004383681797e+00
3.588779610884815785e+00
6.262784208171066069e-01
4.219455159016114898e+00
1.874341191869326240e+00
4.082507006768920199e+00
4.073801478250733688e+00
4.266083812171979517e+00
3.630206809143432078e+00
6.389501644444611772e-01
3.586610889683960579e+00
2.748749810843093222e+00
1.972704981926727275e+00
1.144665984629765765e+00
2.756207134224272881e+00
3.996740139702625427e+00
2.855770203252411932e+00
4.439531538008634648e+00
7.412811401484714624e-01
3.447219694881203722e+00
5.595776563183438856e-01
2.655729031164536735e+00
3.954970042529099672e+00
4.069370277324430241e+00
3.173215931780719146e+00
2.346344665214487701e+00
2.843088514519200860e+00
3.073547293309877748e+00
2.662306655420666746e-02
2.959907500658237378e+00
3.520898634297786600e+00
3.953722124167797780e+00
3.471633465449110556e+00
3.690806108495118920e+00
2.712716221165766939e+00
8.901091199320068648e-02
2.864437170829226442e+00
4.255524849747565064e+00
3.869795630821490362e-01
4.027839557583104302e+00
2.908186404871530240e+00
3.838168237188806398e+00
3.964025795784023476e+00
4.276218539366008820e+00
3.434303832098753784e+00
2.827019902827913267e+00
4.367697453920428075e+00
2.929492623740136192e+00
1.044298038001505224e+00
1.180457666779442860e+00
4.218324192067204770e+00
3.192565855195530489e+00
3.042041714281792153e+00
3.553505112273089850e+00
2.849997054188960099e+00
3.846410809588193924e+00
4.257804456598062615e+00
5.646586049197840351e-01
4.162543257990643397e+00
2.071235021973810486e+00
3.540618847363672522e-02
3.035784323914355376e+00
4.120722525098046596e+00
3.637275273810129939e+00
2.804548865805414515e+00
1.151911147819592696e+00
2.899520896353740440e+00
2.929492623740136192e+00
4.129628332154691606e+00
3.633473061734551202e+00
2.855682492242532788e+00
2.706629054859915673e+00
3.626135766396222593e+00
4.011933670614268088e+00
2.937709639354154856e+00
1.479458249284133942e+00
2.208365881875259618e+00
3.645452035896399323e+00
5.068868773825299101e-01
3.650578935001676850e+00
4.349911693127044288e+00
2.469653395992895906e+00
1.874927471698508930e+00
3.916660596356667412e+00
4.444588179392194860e+00
3.855124366647940004e+00
1.158865217946142945e+00
3.096601926374466629e+00
3.771158287590056890e+00
2.179175067060771243e-01
2.799930295973553473e+00
3.655322843909965869e+00
1.650965635959966427e-01
3.345304129170114216e+00
3.012458766034366686e+00
4.364346970042654483e+00
3.365228359149002202e+00
2.373972145348233642e+00
2.770643132277875953e+00
2.840789445112406941e+00
4.145257605659774747e+00
2.155751992861058675e+00
4.055951023026724833e+00
1.145516115529996853e-01
3.620716284128166151e+00
3.972123255287311139e+00
2.139996770060551334e+00
3.232363058424741808e+00
3.904059324835798428e+00
1.574419196117691433e+00
6.258006356958938365e-01
3.905858423621250797e+00
4.344209228078014462e+00
4.258017766045469443e+00
4.091265017388738379e+00
1.652643788680442816e+00
2.696437680354607735e+00
3.871226677661878668e+00
2.901053652294690588e-01
7.117568069977833201e-01
4.412554897450299052e+00
3.427670206082458204e+00
2.630720568514155921e+00
2.420762583773966803e+00
2.234388306610912256e+00
2.344268697780951705e+00
9.792936589662428748e-01
4.437641034546219387e+00
8.279453918439103610e-01
1.112238039430790471e+00
3.394136979482550220e+00
2.087739018543860681e+00
3.296695031207370175e+00
2.629686863695760657e+00
3.640705464002336189e+00
3.980770681791673926e+00
4.371368187694419483e+00
1.668011651450582444e-01
2.140252589035948727e+00
1.008442407136330488e+00
1.314826737060460937e+00
2.883732888313162324e+00
5.898110182111481192e-01
4.340572183293049946e+00
2.016039053379089729e+00
1.945962672340692423e+00
3.106831135841256586e+00
1.047886754913031737e+00
4.278222903262756560e+00
5.785453848122893428e-01
1.952049590462335393e+00
3.932669441660903153e+00
4.261316456092786531e+00
3.495092312268433421e+00
3.495085089212123908e+00
3.337063797904400442e+00
4.170040768933391817e+00
3.727764231449239851e+00
3.599660270677724316e+00
2.272612468768461014e+00
1.300058754722773213e-01
2.157815963655503655e+00
2.756749650074140856e+00
4.158065369988212190e+00
3.396658636770680140e+00
4.153260710416118329e+00
3.041137414425975072e-01
1.637103326480270349e+00
3.249339256138870091e+00
3.032282734933689383e+00
1.775244775182960866e-01
3.364962059855426624e+00
4.345856238127118409e+00
4.374556243597417016e+00
2.318709671961602048e+00
3.444851093079224214e+00
2.386802161856860227e+00
2.046856003913097855e+00
1.796949695515050349e+00
3.092759209777298679e+00
3.725143422945252247e+00
4.301184610233245387e+00
7.392632416981572696e-01
1.277890732061495838e+00
2.483324203312232470e+00
4.062939240956165321e+00
2.586402904956247806e+00
3.377036189190625759e+00
2.618767210916078003e+00
4.354264130426056312e+00
1.793035284971406851e+00
1.364539076322345001e-01
1.944352111667441374e+00
2.286445780015480711e+00
4.635171664953988691e-01
1.037830096888004150e-01
2.551286662225411117e+00
3.626636435307748041e+00
1.880131035984113019e+00
3.655521560168861761e+00
1.854361367378464243e+00
3.956337713251257160e+00
2.008773058317597560e+00
3.229738260893929791e+00
9.428533998429820817e-02
3.579635691160873989e+00
1.832877738760207098e+00
3.351875732911131056e+00
3.443068718136765405e+00
4.422485421945903994e+00
1.407338942779338617e-02
2.760792017565544487e+00
3.652625268959187821e+00
4.094191185682236167e+00
4.002732441489272652e+00
3.525638577967507459e+00
1.652223632239333995e+00
1.008596275993718816e+00
4.083287174608263292e+00
3.956225112035387070e+00
4.375289977097426508e+00
3.734493039407653647e+00
2.611310597113238430e+00
1.702352215689163784e-01
2.888061727731919964e-02
3.099865297728037650e+00
2.576473607556568179e+00
2.912172139160022488e-01
3.026300449206789533e+00
3.815830385587127282e-01
1.013532954018518728e+00
3.848182798702016072e+00
1.504351705730256672e+00
3.662880245221656672e+00
4.382488503582337103e+00
4.463436232026583572e-01
3.305427129866901570e+00
2.687534683994111440e+00
3.069451339096449960e+00
3.457175914543872075e+00
2.901509379554445989e+00
3.191693432951211218e+00
4.255795789939103457e+00
1.856737088786192924e+00
3.233675172165763279e+00
2.855069403508424308e+00
2.911803616838580133e+00
4.115982263126946705e+00
3.659971194009361994e+00
3.912102376444213547e+00
3.269785925321486708e+00
2.187575083016202626e+00
1.731832178521068411e+00
3.823208693080141884e+00
3.482919509709150319e+00
2.715637528807038681e+00
3.673143947062248227e+00
4.044070255711714190e-01
3.438274926057597547e+00
4.216561354012918095e+00
2.202516056012632450e+00
1.635663036338657728e+00
1.498705973804596338e-02
2.996006221773480416e+00
1.189465414881952787e+00
3.233916603596421524e+00
2.312644396131928293e+00
3.582944520959995049e+00
4.429052780775777798e+00
2.696312279286389391e+00
1.926640783211838459e-01
3.226971358644470378e+00
4.169891059108254083e+00
1.616737896640484395e+00
4.121915286131590861e+00
2.864437170829226442e+00
3.702329429128466742e+00
2.668452395417537204e+00
3.017042257372859915e+00
3.576676115717486226e+00
3.618434512610978704e+00
2.683958675691385132e+00
4.093648074017378846e+00
3.760417059940393436e+00
3.481669619100971058e+00
4.143160073927412590e+00
3.406730613550267961e+00
3.185360427036725728e+00
1.755027747440620622e+00
1.987336914570235979e+00
2.272436199826619152e+00
5.564276758539156154e-01
4.344209228078014462e+00
1.147288800515465557e+00
3.894801276130106071e+00
2.169196809747357513e+00
2.825241866225133514e+00
3.458245803906942584e+00
4.363355506280663043e+00
2.417504995341969831e+00
4.105081063083481752e+00
5.472442117950158114e-01
3.564605717261602802e+00
1.360994472224915874e+00
2.674070755501990249e+00
6.952613065055569808e-02
2.247068936098337577e+00
3.724362924114439810e+00
4.079067057878528857e+00
3.723081698275080509e+00
3.811951878661933968e+00
2.567910458869957502e+00
2.893556054144422074e+00
4.290509268676770738e+00
4.950895670838857399e-01
4.710417641766899699e-01
2.622352722879448983e+00
3.396244691100007707e+00
9.439511866415633001e-01
9.108423296209250397e-01
4.342191481393172126e+00
5.179028207390368177e-01
2.030772964920754653e+00
4.179501951557581307e+00
2.743082116013159322e+00
3.010197989983010469e+00
1.019124390584686290e+00
3.182557016095254099e+00
3.521584687994312901e+00
2.821661267329277578e+00
2.494480649114083182e+00
3.642870555163742807e+00
6.694917101897897016e-01
2.545423490572306324e+00
2.781875120551279501e+00
3.890627383511690685e+00
2.885465854366054295e+00
1.867467055798513353e+00
3.409101124810619332e+00
3.812553935911001890e+00
3.209718264263187848e+00
3.730758841733523123e+00
4.135497432180945232e+00
3.591506244798014169e+00
4.160091758375152438e+00
9.046397212183980852e-01
1.292130643855951833e-01
4.402684862158556811e+00
2.655741754983270031e+00
1.854361367378464243e+00
1.902809144065349400e-01
3.437847893413933598e+00
1.796654796904022799e-01
3.823262184589133472e+00
3.879716435422184695e+00
4.233990698815849107e+00
3.691323683776091436e+00
4.091505236035880344e+00
2.782072261580197381e+00
4.145184574110047926e+00
8.308365253576419640e-01
3.701099279194234981e+00
1.088728140883481466e+00
1.630761492049461303e+00
2.969912261255324371e+00
3.680376721246704896e+00
4.245773245590357625e+00
4.310653963676143618e+00
1.687991667508084825e+00
2.656613467046133881e+00
5.649863604200191514e-01
3.904641355717329620e+00
2.951920088102275130e+00
3.429225012090503011e+00
3.379265718346807112e+00
2.853926128354178360e+00
4.360138913753107026e+00
2.442576686733342051e+00
3.460322782240584427e+00
2.771589768160672151e-01
3.945846996080387026e+00
4.202626479048628738e+00
6.606889607247961038e-01
2.838921508864137078e+00
6.804077306401433711e-01
8.986910346261679505e-01
4.029384090287318365e+00
1.550878490825134126e-01
3.247039008602826904e+00
3.822090779856839760e+00
3.703747277461742371e+00
3.531949006678254399e+00
3.313391721429948422e+00
3.932669441660903153e+00
3.028135657392756919e+00
3.710576323763307371e+00
4.182056548208727520e+00
3.266498334125174097e+00
2.370734474346637644e+00
2.373972145348233642e+00
1.145516115529996853e-01
4.214246749492525090e+00
3.034754345045536095e+00
2.889045674095872762e+00
2.756552789397959558e+00
3.789827645971018732e+00
2.674413265729528089e+00
2.850120668945025582e+00
2.363636681156795039e+00
3.078836705783531968e+00
3.973007366181326550e+00
1.396539145103849355e+00
2.567910458869957502e+00
3.201597144122920291e+00
4.187237624025017091e+00
4.335402757735539403e+00
3.060141210956620395e+00
1.896991454372894292e+00
4.446468516403963456e+00
4.056602663591204916e+00
2.660940157881756196e+00
3.608979519573868089e+00
2.621762999452262655e+00
2.716351523095213327e+00
3.669846955659550325e+00
2.851884185935613658e+00
3.815207220192308402e+00
2.697306328834567335e+00
3.722014396307411044e+00
4.055951023026724833e+00
2.942058436029997837e-01
3.791571671442117708e+00
6.824604487372546435e-01
3.752800618634176910e+00
7.380086292211855969e-01
4.433922079530878690e+00
1.117775938168457772e+00
1.660775297413665363e+00
1.416953711578276653e+00
3.124841389546903492e-01
2.029148791697390930e+00
2.878271707229108411e+00
3.935779343423547072e+00
4.356699266821146388e+00
4.236193274718088375e+00
9.165454516293477516e-01
3.803888746152054523e+00
3.604358581461040156e+00
4.402493677146609663e+00
1.012827339230320645e+00
4.434620571264785482e+00
2.896061739435688676e+00
3.709934862961620450e+00
2.371769504798418637e+00
3.191423179956908829e+00
1.980694153636901822e+00
1.964414368298495139e+00
2.732231777229407466e-02
4.352457367186237214e+00
2.227371976972080780e+00
3.919265620082102330e+00
1.078068730349509563e+00
3.294632439331540930e+00
3.886909763943564577e+00
3.060021495601893626e+00
4.342420700078170270e+00
8.669772123819915466e-01
4.385800730862705166e+00
2.224431600195471592e+00
4.104723675676389405e+00
3.781028929498345903e+00
2.845793393113709158e+00
4.072177718275673541e+00
3.765850394469032025e+00
2.610008600403804113e+00
3.922772255408083719e+00
3.457476888084032751e+00
4.016680976836406458e+00
1.937890922041889397e+00
3.206202241135439390e+00
2.191149265937880064e-01
3.166150652207276206e+00
3.153992919793490723e-01
3.572411034228258897e-01
1.188381395738079327e+00
1.213569310182113004e+00
3.687167085029491531e+00
1.397604621642233313e+00
3.941586495877452023e+00
1.522203348958100777e-01
4.080949359969728185e+00
4.090096046130474505e+00
3.754553418186161728e+00
2.828870420220012338e+00
4.448269588994213208e+00
9.368763388776079060e-01
3.383629647412763841e+00
1.133502754697520154e-01
1.310122068354547364e+00
3.632005698606280752e+00
4.083569621530260818e+00
2.754113814815863481e+00
4.320145585352190842e+00
3.518488030544999035e+00
3.814361335888454274e+00
2.197026710921632375e+00
3.998403689374103731e+00
2.246533756926846870e+00
3.632005698606280752e+00
4.005302669393720372e+00
3.982636721290119808e-01
2.715583797728508220e+00
4.227309765789197371e+00
4.096149051919979023e+00
7.500333479380263402e-01
1.503480119728757058e+00
3.204381366097158068e+00
5.437485110737267924e-01
2.821665853765691789e+00
2.102479033937841635e+00
3.910237417610638477e+00
4.066188630360846545e+00
1.920902859106736082e+00
1.735565712234697022e+00
1.802324356248458381e-01
2.958914266776511148e+00
1.918326103424240758e-01
4.023733064192386522e+00
2.510525758261735962e+00
7.161443103226984297e-01
7.045486962013176591e-01
2.361676925721475140e+00
3.279725058939598092e+00
2.412938247367284461e+00
3.025176818522083533e+00
2.436401703078712622e+00
1.424780991119192208e-01
5.960240868459429908e-01
2.302793406323060843e+00
8.643442995499361903e-01
4.027699743421093714e+00
1.861027190395224906e+00
2.051559958479245438e+00
3.173756351288206989e+00
2.856604486162136247e+00
4.086062685606989042e+00
1.238460466966982532e+00
4.210687044558873104e+00
3.793198921468114548e+00
8.883704953225630974e-02
2.195640775882889084e+00
2.235680770616449653e+00
2.179175067060771243e-01
5.411943067328801593e-01
3.698553569358216109e+00
2.286226199545149829e+00
3.918266169351801054e+00
3.868608857557350955e+00
3.262686323985414472e+00
4.170920734853817535e+00
3.788778527055536749e+00
2.220928594595403371e+00
3.991744062630079082e+00
1.235691465121334209e+00
3.221894357456208891e+00
2.039776544657708190e-01
4.040907006112348654e+00
4.312914776005420670e-02
4.347653876256217131e+00
5.706703735826889057e-01
3.864617587324665315e+00
2.486347426108881375e+00
1.278772153858589666e+00
7.353654128658220629e-03
4.120753683123074218e+00
3.701768596870803396e+00
2.737221341452588774e+00
2.953645283459589432e+00
2.440093535813169900e+00
1.791321863386617474e+00
3.923872589290577917e+00
2.000920066016540211e-01
3.392480562836129643e+00
3.357676836641501961e+00
2.363636681156795039e+00
7.684453414593367393e-01
1.042814344900037660e-01
3.801153764633224519e+00
5.142755656418764032e-02
4.225860837738375508e+00
3.234966716281974630e+00
3.763591304646323188e+00
2.712716221165766939e+00
4.165725494625367453e+00
2.230825702663842947e+00
3.416976449502028501e+00
1.459074765835413734e+00
7.276352209675329696e-01
1.948912961914241571e+00
4.406671838539954145e+00
1.552604056141357214e+00
4.176667378853072599e+00
4.152464232264653776e-01
3.435350723807350182e+00
3.195389698204115003e+00
3.303639024045345041e-01
6.357508798105768744e-01
3.294973015164899266e+00
3.234027000911368077e+00
2.083800070499771895e+00
2.462068555324406216e-01
3.302935315291815943e+00
2.202516056012632450e+00
3.991614718226771164e+00
4.135953297542587670e+00
1.327024139285994109e-02
3.905684552445238822e+00
3.869561676454088772e+00
2.632816810347189396e+00
1.428985754202491520e+00
3.545971615497442109e+00
3.862534222164040187e-01
2.655741754983270031e+00
5.563754331660943908e-01
1.282735827601607426e+00
3.494821791052498128e+00
9.097081391869394906e-01
4.010427009106119378e+00
3.945825544699627319e+00
8.011179949094342501e-01
3.159685533118013812e+00
2.799930295973553473e+00
4.082338129277029992e+00
3.289412978814731048e+00
5.080403108352419400e-02
1.801088915136787705e+00
3.865280777270192036e+00
4.093116969768444413e+00
3.562459783352900811e+00
1.890157551229866506e+00
6.012100036810408277e-01
4.352165629204025166e+00
3.584979166189327326e+00
2.900031141993839157e+00
4.379241219146641662e+00
4.273948192838534332e+00
3.736688248106040611e+00
4.321341244373391177e+00
3.682969080600782430e+00
4.293713020340528708e+00
1.368626858753586861e-02
5.200524108890141051e-01
1.687131857957714143e+00
3.150309317897318273e+00
4.699895647795300779e-01
4.184520093093575532e+00
3.913040084415731368e+00
4.072522610546352340e+00
3.426533764037088758e+00
1.355445523114933604e+00
4.035470050920268115e+00
3.471058891854434503e+00
3.029446096266854127e+00
1.195398706856306115e+00
8.809829612876561855e-01
3.575029452752857217e+00
8.478348979680317976e-01
2.423491431186648004e+00
2.816015966312584329e+00
2.896717945432713215e+00
2.630812604424844992e+00
4.198299675575634105e+00
1.337368743260928694e+00
2.288784489967525815e+00
1.048903774359337682e+00
2.876104900553501764e+00
3.135229471318930372e+00
5.548893649616041257e-01
2.622111359605221459e+00
1.561996906980388511e+00
7.647073595084012965e-01
1.690855543360356039e+00
2.108295166035045298e+00
1.963040335375164869e+00
2.179175067060771243e-01
1.016982169843653055e-01
4.367668508527241755e+00
2.390495445056808776e+00
3.278615226296351715e+00
3.957969587006097356e+00
3.027983106975055794e+00
4.165319183748043663e+00
1.093352825866903855e+00
5.411943067328801593e-01
1.375472440994787826e+00
3.352453673099299536e+00
1.967525616835348323e+00
1.099014379193450797e+00
2.820948381874946342e+00
3.340972292614232231e+00
2.473624618006379894e+00
3.359602482346824459e+00
4.516132238441126767e-01
3.826516304784929545e+00
1.567084761146140925e+00
2.841560294399550379e+00
2.929385759224319319e+00
4.069931563747010372e+00
2.604485358976119880e+00
3.411241749110046406e+00
1.388836137626198453e-01
4.106893378996474553e+00
2.896908689379793511e+00
5.136847602925828093e-01
2.346306372400825957e+00
2.007119190910451767e+00
1.056067179249966514e-01
2.299005870445364474e-01
3.210267319859928303e+00
4.256786567759521134e+00
1.782360640775818794e+00
1.079873022627740209e+00
2.788008823842660799e+00
1.069306522156060257e+00
2.677424475579701646e+00
3.618341081663321024e+00
3.987801280924726299e+00
2.525783725153847303e+00
7.566351611979279523e-01
3.937082916420899359e+00
1.233221416290422257e+00
2.098626141916068999e+00
2.578973095013070010e-02
4.013874227876984335e+00
4.334779915019641550e+00
4.043808434174640531e+00
3.494909241098569819e+00
1.461914127391323870e+00
3.123447419258218005e+00
4.073184339372948770e+00
3.176954351158148615e+00
3.920712001500126220e+00
3.728098212578295989e+00
4.389641104788156944e+00
2.574961433477653827e+00
3.754079726242412374e+00
3.123447419258218005e+00
2.979293225279859847e+00
1.274195353034397238e+00
3.883361043356480913e+00
2.777838035479831991e+00
2.786204243904200517e+00
6.806973198370379341e-02
3.968826158542164695e+00
1.263158991974153045e+00
3.366614118002230871e+00
3.272969414724156589e+00
3.654582339767021182e+00
3.416832227742225392e+00
7.178521237635592245e-01
2.908186404871530240e+00
2.360453516100224469e+00
2.074619244134051077e-01
3.225761428817788268e+00
2.914777199418408848e+00
3.809868921572292066e+00
3.622039517532462227e+00
2.889814994229355616e+00
3.531106034504229996e+00
3.281107006357706357e+00
1.517029429370619908e+00
7.142801164332058805e-01
3.752527707999374407e+00
4.309529366744326850e+00
4.486087836907326487e-01
1.704841227607365894e+00
5.392001586426025117e-01
2.881487536747697753e-01
2.134068301923685684e+00
1.341095021378655883e+00
1.715887882158658284e+00
1.555258016157523793e+00
4.002817967411560041e+00
3.430142410305175638e+00
4.446110144649733087e+00
2.818976931248756479e+00
2.286442637930397037e+00
4.292832701901473591e+00
2.248176495133701547e+00
4.113562629505112866e+00
2.486110206488804764e+00
2.020390071025849110e+00
1.049686552170618237e+00
2.225431616457676232e-01
3.572408442249899174e+00
4.368807899476538914e+00
4.427379887469477637e+00
3.372922519981027545e+00
4.223036491564967854e+00
4.241948373872505229e+00
4.261298152241538517e+00
1.081389557643940513e+00
3.736651749378992804e+00
1.363980102412836626e+00
4.344970191758075195e+00
4.180492269185057452e+00
1.821883901600316324e-01
3.787149489243430533e+00
1.862240719086807772e+00
3.504140852486911761e+00
2.490111150898259851e+00
3.687945247975065843e+00
1.533154591985093296e+00
4.417753310471165484e+00
3.440469270733883533e+00
1.980694153636901822e+00
2.883879677736477021e+00
4.236193274718088375e+00
2.787822521646643903e+00
4.011800296272769017e+00
3.085315868306099524e-02
4.263363014910729887e-01
3.051034698872787221e+00
1.177370139254496628e+00
3.272723608753992597e+00
1.645612123662706150e+00
4.317975525915842105e+00
4.322779284730052574e+00
4.365749548576952854e+00
6.819488172712989682e-02
4.292327218263105593e+00
3.540667161374920102e+00
4.278609450828455785e+00
2.311729151736278354e+00
2.148488015710861454e+00
3.787606065230188612e+00
3.141513359911705994e+00
2.144763743075731810e+00
4.257804456598062615e+00
3.135229471318930372e+00
4.236674659835770740e+00
2.387412110879717275e+00
3.394136979482550220e+00
4.023291648195902681e+00
3.820554048888292531e+00
4.100464076160740490e+00
4.367697453920428075e+00
1.426217009154670201e+00
3.666076864321171858e+00
4.418004094527013592e+00
2.146544346540943504e+00
5.506769326906218315e-02
2.921436947314723032e+00
2.666327074887364090e-01
9.858010063356573843e-03
2.174304854220455052e+00
2.361598742569433362e+00
3.003233506420508014e+00
2.140252589035948727e+00
3.224176877138429376e+00
2.974374597517498220e+00
3.891073055321935925e+00
7.614473084103976497e-01
3.828961874669142507e+00
3.537871908952344047e+00
6.993532910918641710e-01
1.680501692055768936e+00
1.510087129829319252e+00
4.431124563773391145e+00
4.036767098259558928e+00
2.854256647484145759e+00
3.781734812895122477e+00
1.362344529816962524e+00
2.932569403717127710e+00
3.683288436713644920e+00
4.366512664944537825e+00
3.890627383511690685e+00
2.029148791697390930e+00
4.256786567759521134e+00
2.614241105928429842e+00
8.418844732820979226e-02
3.841715445692516884e+00
4.334238805277370155e+00
4.159608188323982603e+00
7.946762587699570668e-01
8.863249195903936117e-01
2.000920066016540211e-01
3.075004636679234515e+00
2.677380943930405710e+00
2.949934512361528149e+00
1.009983836381401323e+00
3.584472364469074801e+00
1.567227399793249820e-01
4.272659851519222229e+00
2.405013245746023376e+00
