6.137140021766375853e+00
5.669379916754296644e+00
8.019527080186303891e+00
5.742507625367205826e+00
7.469872453535193024e+00
5.168125046203978279e+00
6.817852559792436651e+00
6.924927051400461053e+00
5.773124626186581843e+00
5.758408086042037688e+00
6.176466598465859548e+00
6.665622895402158576e+00
6.321540996719051009e+00
5.787755671337223795e+00
5.808562395622771213e+00
6.002247801804766247e+00
8.135331646996178279e+00
8.140601730937820690e+00
5.799483151750186138e+00
8.370196118470776270e+00
7.713396357854331420e+00
5.756757147301568622e+00
8.225536090833722724e+00
5.913349211001232675e+00
5.671542275092840590e+00
5.785692786012716304e+00
6.040921565655574810e+00
7.929331681474526050e+00
5.601421573107557172e+00
6.477692488476432864e+00
7.730267780872645211e+00
5.753957161036629131e+00
8.371049591031873405e+00
5.837413677442242488e+00
5.090101634182874868e+00
5.669680318379659134e+00
8.182686847075229863e+00
7.119645240316605062e+00
7.844345581020320424e+00
8.400702265062308882e+00
5.378942260408116738e+00
7.598369443341419505e+00
5.904144714513598124e+00
8.011865593120520046e+00
8.231474750401488905e+00
6.127208599738415806e+00
7.463280795677031065e+00
7.765989270939208211e+00
5.639298955795625901e+00
8.194296291516266706e+00
5.811454659752032903e+00
8.330769515316795548e+00
6.977661282552384492e+00
5.792149098336855317e+00
7.800430564635033370e+00
6.949752096746247609e+00
5.871707572793169128e+00
8.300835084517210305e+00
6.029465220795036551e+00
6.494628794379976533e+00
6.893677304822842800e+00
5.183212013978534927e+00
7.891601503918242777e+00
4.819397685310204515e+00
5.937334659695601147e+00
5.758114984674048031e+00
5.601365604373667928e+00
5.555170837265008821e+00
5.817050900791056911e+00
6.786600240855959143e+00
5.836826547584416325e+00
5.948255216226828956e+00
6.220034553440346947e+00
6.971664346839305360e+00
8.401431282772168885e+00
7.243517883296235915e+00
6.242738309742166258e+00
5.725489515643960914e+00
5.855920378750625765e+00
4.375296629366014933e+00
5.815440661942169243e+00
5.767999575682596358e+00
7.843111172673960851e+00
7.073771761813972603e+00
5.463353995911261585e+00
8.296788775294523077e+00
6.683787775110769935e+00
7.200179222327437678e+00
6.574921191450361135e+00
8.182686847075229863e+00
8.103939918195242953e+00
8.385481441026351845e+00
7.882707588845907054e+00
8.282885950079364790e+00
7.543611740982502312e+00
6.223303338167617937e+00
7.888585682554742462e+00
6.480563973984615700e+00
5.733491564971071597e+00
7.434304159187106187e+00
5.774514144552847839e+00
4.029611718190560410e+00
5.738929255929002160e+00
5.770220959007030359e+00
6.567700735489482078e+00
6.282726561757367989e+00
7.975882007168210386e+00
5.839183772960992336e+00
7.103974025897143996e+00
8.339714690574999700e-01
7.296155256566128955e+00
7.928976071425145378e+00
6.296469144361696912e+00
6.295327935783837425e+00
8.004734621717696896e+00
6.085176370152448833e+00
6.803338229562600148e+00
6.947668701808055403e+00
6.693369141070228956e+00
7.201757991242621060e+00
7.739990379187175584e+00
8.400877067416661959e+00
4.559180398959787439e+00
8.190318939443869795e+00
3.557941679545184144e+00
4.686556571765821744e+00
6.339536035652142409e+00
3.979255077082039183e+00
7.645393605633923784e+00
5.052320090656130525e+00
5.842582912387480398e+00
6.124475481919454012e+00
8.099075214275780255e+00
5.203749469003740025e+00
3.991581770086295222e+00
7.809855789081909805e+00
8.195080251646668756e+00
8.288198502666221046e+00
5.516987829189864634e+00
5.003185486425469009e+00
5.746990828618031344e+00
7.331147011648925016e+00
7.521911716821669813e+00
6.553417095149589144e+00
6.097559346531616242e+00
5.224286979505636808e-01
6.588587838888984471e+00
5.719727997586016244e+00
5.585464644237829290e+00
8.142958651112717661e+00
5.834797263429429393e+00
5.601078636935206134e+00
8.077246229904037733e+00
5.550045061869191443e+00
6.224733866030547347e+00
3.571364827929031094e+00
7.079326150425055530e+00
8.392978964616494508e+00
8.053253056145489808e+00
5.843386139506466570e+00
6.712327989216015922e+00
3.505880906477195857e+00
6.226927392013148932e+00
7.243517883296235915e+00
5.744292136362525447e+00
7.918184156594813672e+00
5.760021895404364045e+00
5.285941997207034504e+00
8.216513845153162521e+00
5.910150548633239076e+00
6.045650747447991691e+00
6.561451824110937636e+00
6.110492806838860425e+00
6.607867071192140784e+00
7.384958597605357333e+00
7.917083823512157892e+00
8.328379047125167745e+00
5.783259859849738227e+00
5.763453678512871825e+00
5.293247464233739485e+00
6.772517892138198548e+00
6.051162096503468035e+00
3.915980412428016422e+00
6.440434093876315380e+00
5.729961864664296023e+00
4.176546417939223765e+00
6.543615768108143271e+00
5.906528712927213931e+00
7.098341719308562503e+00
4.939378201740280971e+00
8.284301335003902977e+00
7.518621492492927771e+00
1.269920576415257463e+00
8.140601730937820690e+00
6.905832652343949718e+00
6.296645260987932424e+00
8.159175814849376707e+00
6.009340491439941978e+00
5.672739848574259725e+00
6.141136931479790562e+00
6.237371061567198893e+00
5.810612054143104110e+00
6.758501170981234374e+00
5.940446173354122728e+00
7.908926154423786770e+00
1.763970607151606584e+00
8.069352396351668233e+00
4.080589854319179643e+00
7.517303255334725876e+00
4.600185258573787017e+00
6.086084517746082057e+00
5.837849184157001048e+00
5.460170173172234520e+00
5.804471607430709668e+00
7.045518782518002787e+00
7.631421754350100173e+00
6.064280953446595568e+00
3.285300973352659248e+00
8.404634893032936205e+00
6.242185077693506834e+00
6.127096759079078581e+00
5.810592744086681805e+00
6.767170258377860570e+00
6.121639652447684377e+00
7.748433020981572383e+00
8.384215057290409945e+00
7.812207457008512712e+00
7.351895336102266754e+00
6.255817929137312383e+00
6.915850327491138927e+00
5.460170173172234520e+00
7.791144024819356417e+00
6.053326674425454357e+00
5.807702389685628575e+00
7.993387414323481543e+00
7.770927768553866244e+00
5.967194744620909042e+00
5.783196223536316793e+00
5.882243494508236026e+00
4.377687435609327160e+00
5.872283171513544175e+00
6.248246463266523776e+00
5.684741444902391194e+00
2.521520164106749728e+00
7.364717027289806595e+00
5.667011162217389320e+00
5.802083401463881351e+00
5.761182277028964016e+00
6.204930233767512959e+00
7.491436217870609759e+00
5.671505677502588938e+00
5.993861619986156519e+00
5.615444143847230229e+00
7.618287392622360876e+00
5.001742169135193983e+00
8.093125213126134199e+00
4.881675571588731444e+00
5.749982984374002903e+00
6.813854915713743132e+00
5.879623588511017296e+00
6.249682981181801544e+00
5.846296863690155554e+00
5.716513646564368223e+00
6.681047393442642424e+00
7.913246058795197158e+00
5.799205975193671314e+00
7.155424763781095265e+00
5.795044357505202193e+00
7.859904191974313115e+00
6.740535283060440364e+00
5.815185141585330619e+00
7.927306288189819306e+00
5.687977408169624383e+00
7.955541037624563216e+00
6.377822891162999497e+00
7.833193985648700952e+00
5.432622853992572942e+00
5.755274302881727699e+00
8.268115097059846264e+00
6.702644191616792035e+00
5.760198488253070792e+00
6.684298611501283460e+00
6.129016251602557475e+00
5.820658997102087895e+00
7.139706346999361131e+00
5.884367920291596832e+00
8.135137951197775052e+00
5.577447692204464680e+00
6.911480701830361895e+00
6.437719740483272446e+00
6.717802830888411236e+00
7.100839177154475657e+00
7.252370140292491385e+00
6.796248967795313511e+00
5.837109287675112945e+00
8.226170888350740285e+00
2.901685368402012966e+00
7.202630865542515082e+00
5.785921647776425480e+00
8.357465437775575268e+00
3.421372565713330260e+00
4.666089765477789086e+00
6.909381516262863343e+00
5.913533678316110098e+00
5.742012955854091771e+00
8.127289201475830893e+00
2.937266605934420571e+00
7.767112079299385741e+00
3.939597246207330095e+00
5.909557650565270492e+00
8.282060692199538110e+00
5.720137719105363061e+00
7.359865654593653161e+00
8.125977062829969455e+00
6.916065234321204791e+00
4.819397685310204515e+00
5.952522791810451963e+00
5.782997213466664732e+00
6.574350702531945423e+00
4.375296629366014933e+00
4.556222636099991341e+00
6.051911433009071750e+00
5.672684838313606370e+00
3.540937714811230208e+00
5.745718324518148457e+00
5.780094268825249237e+00
8.078340548855470260e+00
7.611672310380368067e+00
7.971827429399896303e+00
4.307953399293103836e+00
5.759910253828799398e+00
8.353782714001665610e+00
5.774167506211460577e+00
6.047273420925812992e+00
8.317229341679540866e+00
6.542331130748582524e+00
7.570575538147448214e+00
6.942183853535960125e+00
5.755713300772454133e+00
6.803458748976618509e+00
5.752944243673756120e+00
7.485778622416741079e+00
6.507148339402942128e+00
8.370470813410808120e+00
3.418803214609723362e+00
8.233105582160076708e+00
8.208893658980500163e+00
6.723202187490963766e+00
6.786682889621992842e+00
5.957551356595709890e+00
7.617284212974131385e+00
6.772517892138198548e+00
5.643939488970795892e+00
6.962182811781478797e+00
5.753517303520657045e+00
5.925446392643418214e+00
6.553230746472556767e+00
7.286683881079069280e+00
5.282391572921747880e+00
8.366978387981896859e+00
5.906124315353176613e+00
6.067230686273140883e+00
8.284378909022562354e+00
6.011067647375762490e+00
6.049490105050318256e+00
7.037924678583924454e+00
5.898276674551532039e+00
5.767765807384789056e+00
7.669992316796038878e+00
5.081900763494849649e+00
8.041514091862024927e+00
3.106856863428578475e+00
8.055597064316973643e+00
6.805303259181537001e+00
6.036151699664390691e+00
7.495344571955813606e+00
5.897515922589044557e+00
4.090004704021594328e+00
5.990447959813021583e+00
7.275438768283832403e+00
5.760036073268697265e+00
7.345990119982786837e+00
5.773195826113825646e+00
6.053630643280381918e+00
5.056769865366362637e+00
6.404954870922550114e+00
6.513656299031739927e+00
6.166700256452345208e+00
8.347840276490495981e+00
8.287952730877803376e+00
6.757182612607738115e+00
6.137048319405316477e+00
6.872043995377673298e+00
5.076501004289246666e+00
7.899234811961914460e+00
5.769276277834161526e+00
5.937995870064837867e+00
5.832372464545149349e+00
5.695610988009291553e+00
8.115751414580502754e+00
5.678062849299884363e+00
6.747672449841661368e+00
6.440036749155330753e+00
7.698633079182265249e+00
6.234130155161560438e+00
5.668807215932049282e+00
8.039352539860059821e+00
6.008151516446248230e+00
6.047529105742881050e+00
5.831106374590647512e+00
4.781002257955976553e+00
5.448350830906500519e+00
5.862652723612826300e+00
5.819510090544570247e+00
5.784767824753227039e+00
7.738005747537142653e+00
5.544903712371713311e+00
5.752031518565686063e+00
8.012992233660707342e+00
8.121116126809720726e+00
5.764042076329110031e+00
6.482258857512669614e+00
5.808562395622771213e+00
5.814096719409273639e+00
6.392492090816092265e+00
7.933162325781676572e+00
7.192730233586777544e+00
6.340935591570267427e+00
7.261416414933247410e+00
7.934564595912483753e+00
8.218078938653174959e+00
6.388681613324978414e+00
7.396512540554854631e+00
6.277145522542727285e+00
7.247174760272158345e+00
6.834386441190174466e+00
5.772964943689991912e+00
5.851808727296393009e+00
6.081244303404218954e+00
4.166426868891098145e+00
6.592769092868917546e+00
5.985833449800948003e+00
3.953900787173573406e+00
5.923941761407728102e+00
5.914150123397259762e+00
5.752464177585554062e+00
5.718074618504626727e+00
6.655301974688041966e+00
8.298378864124758891e+00
5.794162531604718502e+00
5.893913160253186234e+00
6.009676288534198108e+00
3.694117633139295087e+00
8.033839316581573797e+00
7.298138165872292582e+00
5.837756958721705303e+00
7.874554679838666971e+00
5.967363395541426030e+00
5.691117959758369871e+00
5.764730026880975799e+00
8.209622694152409750e+00
5.947280958326323308e+00
6.152979219724057813e+00
6.033650910164717551e+00
6.449612096310900711e+00
6.046602647959946175e+00
8.216513845153162521e+00
6.212615463223315260e+00
5.938432484704181391e+00
5.971101176134739674e+00
5.805055569824983941e+00
8.005448548428663713e+00
7.639798566678901892e+00
4.170449417673975034e+00
8.387952742943513229e+00
6.473098529203371143e+00
6.928655387306870139e+00
5.052320090656130525e+00
6.196168814263552704e+00
5.785451955937383595e+00
5.829059636990522542e+00
6.136700752943970549e+00
7.256735869887359414e+00
7.012056587380443240e+00
5.732705623831511055e+00
4.819397685310204515e+00
5.852463907078824690e+00
7.810961420340691852e+00
1.152722384801092570e+00
5.876966379656585637e+00
7.014950583059608391e+00
5.835742145887599541e+00
4.276933934858060837e+00
7.365961108454436079e+00
5.761376200139332937e+00
4.916377369441284451e+00
3.198341266062637800e+00
4.954243933844821451e-02
7.473737291333670818e+00
8.142124196265308811e+00
1.895519169362968936e+00
7.091767028870156864e+00
3.846484963742589969e+00
6.060832051366647377e+00
4.598175181530204547e+00
5.755713300772454133e+00
8.037606465162681957e+00
2.859582096138653384e-02
5.660880075944204393e+00
8.339177133796235708e+00
8.066646796496220517e+00
6.224990784111961162e+00
5.753647952205212412e+00
7.341584440116474042e+00
7.876769505582532638e+00
6.472965789003275461e+00
7.700897847464334589e+00
7.297542451246345152e+00
6.664543422909076753e+00
6.734334288235846344e+00
5.938842804188447566e+00
7.044033825231080570e+00
5.600366393133986875e+00
6.188334988057319741e+00
5.782934132142047545e+00
8.111108463508216460e+00
3.418803214609723362e+00
7.365361098594134681e+00
7.545526657603341292e+00
8.020148928414920775e+00
7.539700996691467871e+00
5.751232142179556028e+00
6.013172904303533350e+00
5.833211199653340451e+00
5.963110833534772226e+00
6.654085782368118096e+00
6.001465105053469529e+00
8.041271493862112152e+00
7.287891292342735916e+00
5.750457737672109104e+00
6.033404048227791527e+00
5.601618736599654369e+00
5.947142717132292589e+00
5.720950447139360406e+00
6.282470976624409786e+00
6.177245902017894252e+00
8.333150335309440493e+00
5.797309983492809238e+00
7.831757573433720587e+00
5.580610651209743978e+00
8.225830835586085854e+00
6.562694516365795927e+00
5.723743806322664440e+00
5.813584852705250938e+00
7.497271829052417402e+00
7.935170564513134295e-01
7.883679325704607166e+00
5.668312411951443863e+00
8.272985432241197756e+00
5.844121073126206767e+00
8.368969286886944303e+00
5.623927204224036913e+00
5.925446392643418214e+00
5.764216066192280330e+00
8.381682047019500814e+00
3.412703275927088775e+00
5.801862170627443582e+00
5.833645173240091353e+00
7.021038868514991371e+00
8.051623634277527586e+00
7.674794697029801327e+00
1.964132499675997234e+00
8.119023642424954446e+00
5.945171244465672800e+00
6.151017659635099832e+00
5.799855221806530459e+00
6.081244303404218954e+00
6.774729391803496092e+00
6.189850194442298559e+00
4.856428446121543452e+00
5.669920307196960607e+00
5.641322241127305404e+00
5.373186480904699636e+00
7.675033654318969667e+00
5.840196282324577659e+00
5.554762641738435924e+00
5.996797119077105442e+00
7.192279256289751288e+00
1.025680582597054524e+00
8.256376812861201842e+00
4.138190806531037325e+00
7.165106215883717766e+00
7.129574035279257593e+00
5.665963289525316249e+00
7.839837376152529735e+00
5.902469967759218505e+00
5.670827211430788495e+00
5.922260595935977534e+00
6.024356036448625495e+00
5.748676274489595173e+00
6.306695034601039751e+00
6.934614151035659368e+00
6.368413281773996459e+00
4.495482633463147693e+00
6.649579094163264870e+00
5.826751415153553992e+00
5.981943084477638450e+00
7.938994792873223183e+00
5.668109592670949937e+00
5.820915562004724819e+00
5.895277764671119414e+00
6.757182612607738115e+00
5.543667162192591036e+00
7.384958597605357333e+00
6.271605342986347864e+00
4.033375077517312945e+00
8.385631507551179809e+00
5.733862901828340242e+00
7.669992316796038878e+00
7.553532735946600241e+00
5.412000284568695641e+00
6.756966262937494250e+00
8.118362295981564003e+00
7.319454496842212166e+00
8.219927486764795788e+00
3.752614873146659313e+00
6.784391150288548111e+00
5.718298224507976535e+00
7.321973943518664818e+00
5.885037358411998376e+00
5.681807219689916089e+00
5.876674637360450149e+00
8.008631347414441493e+00
5.934171131470135307e+00
5.731180991308386652e+00
5.878311817640456738e+00
7.550305132840837707e+00
3.871420250838879973e+00
5.091959729807109980e+00
5.644061881369200506e+00
3.371767571419023390e+00
8.127705221823191550e+00
7.509872287471835328e+00
6.203083379232378292e+00
5.736473955609060482e+00
7.158785426467285440e+00
6.482853515538252509e+00
5.997616546590712083e+00
5.268663740101596993e+00
7.286286363196282423e+00
7.432171488499374590e+00
5.971663216545430863e+00
5.835849184529841693e+00
6.684011326522250052e+00
5.912647010236132594e+00
8.392784601720268967e+00
6.866948382991496125e+00
5.647540054347781613e+00
5.950838876353445883e+00
7.953204638488944767e+00
5.794033098819125982e+00
7.791144024819356417e+00
5.823529043372571934e+00
6.309579683791941562e+00
6.567165197604913018e+00
6.666026234776786019e+00
4.939378201740280971e+00
7.450234937130105983e+00
7.947693414560608183e+00
5.776771600209333890e+00
7.291026501219023181e+00
5.804449615189201772e+00
7.126550666155994307e+00
7.392675471924916586e+00
4.347784566862194389e+00
6.305406072597711464e+00
8.113902580922653485e+00
6.359479748165311364e+00
8.008458644478864130e+00
5.886948502065303401e+00
6.042223956633333337e+00
7.983590865380737256e+00
6.437266187527309391e+00
5.611253632894829479e+00
7.888583783323825926e+00
6.309847135239715854e+00
6.449612096310900711e+00
3.793149404330603769e+00
5.797357386911828669e+00
5.765608340823567879e+00
5.873841024859983051e+00
8.234256426053789824e+00
5.994084778984376527e+00
4.721528962722493894e+00
8.252134325902092726e+00
6.716507196748129793e+00
5.812196734382237828e+00
5.817119748060889606e+00
7.660914371347892882e+00
7.767112079299385741e+00
2.907833363876582755e+00
5.975158663595298236e+00
7.774556170419664625e+00
6.048296684657945121e+00
5.982305866914059855e+00
6.731662066933703947e+00
2.943276999207923517e+00
6.649676749513774077e+00
7.219252741678454655e+00
7.456189189169300846e+00
6.036118480896049299e+00
5.674573671517458173e+00
5.998108856553580281e+00
8.334664593963074353e+00
8.019016788171475341e+00
7.969564661063625266e+00
6.491824658692777916e+00
6.163727809793986268e+00
7.394745045909721703e+00
5.759316372742507184e+00
7.388726732013512155e+00
5.858729642958057759e+00
5.743056124122668749e+00
5.789252068122577199e+00
6.727126150735702304e+00
7.904220245685017687e+00
5.428085977283970465e+00
5.601454159322083015e+00
5.943168016936590803e+00
6.870618867356470538e+00
6.904499811352103222e+00
5.168456454535911959e+00
3.907802274309071677e+00
6.022816297842722655e+00
5.878197475452796361e+00
6.158646304937347438e+00
4.445314506228295492e+00
7.804548598830602479e+00
6.555210956916179832e+00
5.919948622402853466e+00
8.166010465438942489e+00
5.804144368219056105e+00
7.498861278213626136e+00
8.282865452528284322e+00
6.458221650621958076e+00
5.782177865512164949e+00
7.273873254628314911e+00
8.124417349649984743e+00
7.234287739176606280e+00
6.534092422996214289e+00
6.550333556060589757e+00
8.253334489217886372e+00
6.890460242422392412e+00
5.680515947949291267e+00
5.765001797926078808e+00
5.722843514537466980e+00
6.582919775480179148e+00
3.652009372412392540e+00
6.299271234313574830e+00
5.503365913615156479e+00
8.104654534222685669e+00
3.459365031069456808e+00
1.058049073587315814e+00
5.858020029656725747e+00
7.730029502938499775e+00
7.970423961165346682e+00
5.847062362454749973e+00
5.739474856071089981e+00
4.829561731232754340e+00
6.586082066480429376e+00
7.928076733807993826e+00
6.938819573020121645e+00
8.003851165644983112e+00
6.142696215519945824e+00
8.037865072811557710e+00
5.600237293703269614e+00
4.530733474076503953e+00
6.870162417398195664e+00
5.845520475473755084e+00
5.864782713167717709e+00
5.681807219689916089e+00
5.768791594613814411e+00
6.057914685048809034e+00
5.715400632122223712e+00
5.791813811423183189e+00
5.783777257466128141e+00
5.776363596697671632e+00
4.939378201740280971e+00
7.793650756704239235e+00
8.199438805801417374e+00
5.824255874708482494e+00
8.389753525627218878e+00
5.784862903304833104e+00
5.752464177585554062e+00
5.755858393237034853e+00
5.831847826963155512e+00
6.277145522542727285e+00
3.632638465895074997e+00
8.392978964616494508e+00
4.812539440348664321e+00
6.665622895402158576e+00
5.698568046628107453e+00
5.994084778984376527e+00
5.925653511559689335e+00
5.745718324518148457e+00
1.112280649535277277e+00
6.006209074588819696e+00
7.340371867153952401e+00
7.164291169575547791e+00
6.165035973544314984e+00
5.600676217093304210e+00
5.923941761407728102e+00
4.427775000124623439e+00
7.501365189897349239e+00
5.819033300924319363e+00
6.994085747245846640e+00
5.769276277834161526e+00
6.534092422996214289e+00
7.731989172308119329e+00
7.422113308622629191e+00
7.432171488499374590e+00
8.263460236160071304e+00
6.123525614825175545e+00
5.896607916375895542e+00
7.353474342547998255e+00
5.987888580018722706e+00
7.615583026542942058e+00
7.100552671177569941e+00
7.854777562579551287e+00
7.674322672499627629e+00
6.123525614825175545e+00
6.370166012161231350e+00
6.510200135702719493e+00
5.182326954964016963e+00
6.472965789003275461e+00
6.725239710585767305e+00
7.257072685029787529e+00
6.491017512363255193e+00
6.661185057361383777e+00
6.050415552677916864e+00
7.291117138055718705e+00
8.385481441026351845e+00
5.754614453915402272e+00
5.187662917972765797e+00
5.719236315968579731e+00
5.149654585615700775e+00
6.895412673599908615e+00
8.137762339204748230e+00
6.992882469471878082e+00
5.602029618611116035e+00
3.976586326614155009e+00
5.660907798510852018e+00
6.284668257827235927e+00
5.835449055570544274e+00
7.861506900603705716e+00
7.497237646676673251e+00
7.539934987564295810e+00
6.695342016930858620e+00
4.945507000697961786e+00
7.222953254940916779e+00
5.896505522891288820e+00
2.336670506252488178e+00
4.853427711400656541e+00
4.250654178663888061e+00
6.434053381879164313e+00
6.165339518391728113e+00
8.153790135808383965e+00
5.970389381201089307e+00
5.751721138260255550e+00
5.600186425982932370e+00
5.865968778453847676e+00
5.746427970712452371e+00
6.694056155969967392e+00
5.902600701887383394e+00
6.668167383315128482e+00
6.134020119543434291e+00
5.756545368387754991e+00
7.713529123192841119e+00
2.970960319002369232e+00
7.741947125267762075e+00
6.688604162790740659e+00
5.942323188353244134e+00
6.597987962655110117e+00
4.704517706383338549e+00
5.788216881312532536e+00
7.026979430301030227e+00
5.788409879105446798e+00
8.344798516293261414e+00
5.268980399905188072e+00
7.875621830483677144e+00
6.620509309580137725e+00
6.939181485599097421e+00
4.639887596746020471e+00
7.910551970784037046e+00
7.975751297904256631e+00
3.071751712344075180e+00
5.758371872331327523e+00
4.755462349089920160e+00
5.933985374921324940e+00
7.907046642912097134e+00
6.179044676734908315e+00
7.227611426102785508e+00
7.058140111288190077e+00
5.925163076967352893e+00
5.975016065991418657e+00
6.971623405132238993e+00
5.647844025931990863e+00
6.220510171614177963e+00
8.210709287461474659e+00
7.461932225630522275e+00
6.842188223051094198e+00
7.783216450477058679e+00
7.908926154423786770e+00
8.053606948483391648e+00
7.520493563349182509e+00
7.845855080000360360e+00
6.582802565604589873e+00
5.789310834679774587e+00
5.859200008663126624e+00
7.122403784211895683e+00
8.190615869160479789e+00
5.738486752017334602e+00
5.744820571270617293e+00
6.183909371172495284e+00
5.717129242269033185e+00
3.802414117103948055e+00
5.503125372005905014e+00
6.658727007234800155e+00
5.792396113931170376e+00
7.094628846450954818e+00
5.674573671517458173e+00
6.520992318609919458e+00
7.461932225630522275e+00
7.845133945243905949e+00
7.078141466992187603e+00
5.930306289389287500e+00
5.769061573022458589e+00
8.333093460247296136e+00
7.428578341588741196e+00
5.802663713072738538e+00
7.101134966961840433e+00
6.751598613138916960e+00
6.042223956633333337e+00
5.742801754143274096e+00
5.762548726725406745e+00
6.233286133242096128e+00
8.256516862268668433e+00
6.468886651251094300e+00
5.794389688409949279e+00
5.773392097941114187e+00
6.101672735845119711e+00
5.831780255763752585e+00
7.866892675005129121e+00
5.600852420499049522e+00
5.888706381550383284e+00
3.965002535981954068e+00
3.509300748261304559e+00
5.765716160124403800e+00
6.076465569220384388e+00
7.041798854603334767e+00
5.840547179635063202e+00
6.981302084608404179e+00
8.326840400473635384e+00
2.927593683646611655e+00
7.971847589201090045e+00
5.914169489494688570e+00
5.827918608929388178e+00
7.625930083585577890e+00
5.607152813774041178e+00
7.786709309206038654e+00
7.184002685334393234e+00
6.297459583488283386e+00
6.960913286461928529e+00
5.726947733039535748e+00
6.576361764400573406e+00
5.997616546590712083e+00
6.183509191553936191e+00
8.224569198985037133e+00
5.969504467258402336e+00
6.958158790439893160e+00
8.325794259565585165e+00
8.347587611733302992e+00
5.906634530857929555e+00
8.064098538144856221e+00
7.997513821157289371e+00
6.739038456411334366e+00
5.691618450485757208e+00
8.209290721974035421e+00
7.982091087537042995e+00
7.289162551838385795e+00
3.771532049248026208e+00
5.799075025231354985e+00
6.565695764243713484e+00
7.578703405348110600e+00
6.212167834896979990e+00
5.813473015743988448e+00
6.390341883826285319e+00
7.112590577706089157e+00
6.183618562196004476e+00
8.391946070250583034e+00
