1.375049341445251727e+01
1.630589257844619056e+01
1.382493087091601325e+01
1.663101378481787052e+01
1.797276108121650395e+01
1.493438719568262840e+01
1.810096397711285476e+01
1.544642058004209417e+01
1.509463798225541353e+01
1.600569095257235475e+01
6.594486805463160017e+00
1.421160163614096739e+01
1.594446131954287083e+01
1.664627169957925901e+01
1.431268163639945179e+01
1.654050938039276275e+01
1.473907164846746198e+01
1.760993576223886237e+01
1.724176326022984185e+01
1.424427920447117835e+01
1.751350195950401556e+01
1.744552546490328027e+01
1.665546466806572212e+01
1.308884665962197325e+01
1.711305199273094146e+01
1.789678869459567778e+01
1.499675796849605369e+01
1.401172944675316323e+01
1.746191319443953915e+01
1.416738917924387309e+01
1.635086353618537203e+01
1.666408889748728939e+01
1.821818947664974786e+01
1.323944050489444990e+01
1.458191222065808823e+01
6.008049801280074043e+00
1.407053994202427205e+01
1.515218325851453507e+01
1.493813868913962040e+01
1.762929097011235768e+01
1.350478694413065206e+01
1.535826816376278714e+01
1.636647939737795099e+01
1.661399303995347410e+01
1.801112159384130607e+01
5.267157868774210883e+00
1.794661023766333585e+01
1.794841980039840124e+01
1.510505492442474562e+01
1.830890540282456058e+01
1.527628016417382995e+01
1.407055709536692056e+01
1.180003190829459569e+01
1.425144232072349482e+01
1.788645289833682028e+01
1.218818357585704959e+01
1.432904924576720163e+01
1.846125359044064496e+01
1.775900307757201801e+01
1.444032059006214475e+01
1.422825879006116878e+01
1.796321469046412034e+01
1.547913971935025934e+01
1.424552552205398115e+01
1.794859257656124996e+01
1.439368118287771736e+01
1.626676444938600952e+01
1.473975519608453766e+01
1.841573158424223777e+01
1.453760073086939819e+01
1.735389333613878904e+01
1.775988728565280184e+01
7.271331931672722071e+00
1.743191229403025133e+01
1.332526129152910599e+01
1.125020563880938695e+01
1.578861535345512124e+01
1.423649854943695559e+01
1.234573686447033047e+01
1.787206040220441139e+01
1.578829645075191657e+01
1.431447392778547290e+01
1.645761921997002375e+01
1.746069150392350267e+01
1.144734290500032436e+01
1.556466136920075805e+01
1.650144286123421367e+01
1.832958683608169892e+01
1.418431033355715520e+01
9.796338033294976100e+00
1.668441463411846115e+01
1.559144720121359207e+01
1.464423045936751677e+01
1.742005099386418010e+01
1.780230727976778837e+01
1.431958960871561004e+01
1.728601943434971133e+01
1.369059568400469118e+01
1.378275086634457125e+01
1.700419656277146530e+01
1.233003206864680124e+01
1.734237963245914216e+01
1.442463800216410696e+01
4.361251522900613686e+00
1.355123286370219304e+01
1.688370567436420089e+01
1.407181863709864089e+01
1.429259281482296373e+01
1.643921542798872792e+01
1.385082500039738562e+01
1.806894557000887147e+01
1.621354638770782230e+01
1.573118055317951303e+01
1.423216533590199084e+01
1.832496434956716058e+01
1.681103172958796321e+01
1.418530025097819447e+01
1.801722482815847215e+01
1.199361962243669311e+01
1.163553282642581443e+01
1.521972875840268458e+01
1.652729150559819615e+01
1.465866985512155907e+01
1.649785941913260601e+01
1.404779362261967890e+01
1.538053230609012445e+01
1.766545249358859948e+01
1.487552148491593762e+01
1.621460091565431227e+01
1.597893232933660457e+01
1.572454885465289820e+01
1.653315433071241358e+01
1.796108862577143483e+01
1.524939700016074973e+01
1.535826816376278714e+01
1.468810847736996195e+01
1.485071858622016094e+01
1.541481742797353505e+01
1.562404153102458437e+01
1.850274497865044765e+01
1.558019879819013731e+01
1.775913357058465536e+01
1.465866985512155907e+01
1.827852333058532963e+01
1.446392331963192390e+01
1.750983524501841160e+01
1.723161066317464574e+01
1.806752643530210634e+01
1.808997840541092827e+01
1.547133012197816271e+01
1.375168974553477241e+01
1.582874498348599168e+01
1.724796705263684160e+01
1.779748077959981956e+01
1.717861718265432813e+01
1.521357298065979435e+01
1.316472031037522328e+01
1.824413663268403951e+01
1.849947776776635777e+01
1.786033710706408684e+01
1.454535953459219044e+01
1.725716434143336286e+01
1.399204283691003958e+01
1.751081130420438825e+01
1.429197414015141554e+01
1.447032857483548796e+01
1.653665285260506579e+01
1.449332728366267276e+01
1.730983334660197670e+01
1.679389941574622114e+01
1.677383865380082284e+01
1.355771152660358503e+01
1.187399372526855501e+01
1.833994453769500765e+01
1.406947261489633050e+01
1.834069616741465580e+01
1.487010048836558873e+01
1.852250275981453598e+01
1.469790806604490996e+01
1.799649222724528030e+01
1.719627809791130346e+01
1.788355122988211932e+01
1.660650039371893527e+01
1.321492852627526915e+01
1.578861535345512124e+01
1.446502070890439740e+01
1.722391696810886685e+01
1.757975633752517552e+01
1.736144134298004360e+01
1.454543403436950300e+01
1.637386118970262316e+01
1.506640816882379497e+01
1.800452708461874352e+01
1.821358734799078505e+01
6.533204286721749909e+00
1.396584487086199289e+01
1.734047371460641074e+01
1.258374851921138671e+01
1.535877908520761537e+01
1.604021308744504992e+01
1.652729150559819615e+01
1.508762389193988795e+01
1.290719398759230430e+01
1.517614119229964942e+01
1.793520208421220019e+01
1.829149919628031995e+01
1.436781012865449014e+01
1.085497003809874172e+01
1.478777076100381294e+01
1.607106607863928360e+01
1.792777472887716783e+01
1.718889111694843663e+01
1.594694728819606588e+01
1.818266947849146931e+01
1.604647302268313780e+01
1.661013290935602527e+01
1.762094795542997616e+01
1.562487622088769257e+01
1.459725158160221170e+01
1.838503674385919240e+01
1.409964266873651084e+01
1.395893150730224441e+01
1.729679800559417657e+01
1.537137938506876722e+01
1.560557083072743545e+01
1.403804915478732696e+01
1.724777396872723756e+01
1.411657768220067055e+01
1.668528194076577975e+01
1.616364599569895333e+01
1.674354585202975443e+01
1.807236080687035695e+01
1.499586876678886682e+01
1.751386506526399245e+01
1.375168974553477241e+01
1.519743665017276868e+01
1.714775170536319848e+01
1.815332303229012112e+01
1.348218073910422987e+01
1.489437837900713646e+01
1.311142498826633229e+01
1.595150986172470553e+01
1.826364803932545655e+01
1.806894557000887147e+01
1.831522189987155613e+01
1.754592257639982122e+01
1.489057660005198791e+01
1.448505172703298882e+01
1.558611424648227128e+01
1.520443040914036814e+01
1.829805672901004598e+01
1.471189536759342786e+01
1.784763293806785356e+01
1.691266396175074860e+01
1.713761119962874346e+01
1.370791007362620206e+01
1.801205428387608976e+01
1.455762145450622924e+01
1.749986654756931514e+01
1.438356479270714949e+01
1.637264223572647026e+01
1.379956843996730242e+01
1.741379298470256032e+01
1.730983334660197670e+01
1.800962292613711213e+01
1.563647891836506432e+01
1.534749318426193376e+01
1.386201176464526696e+01
1.199361962243669311e+01
1.814607703145995998e+01
1.783045227327859905e+01
1.726410125318370703e+01
1.459115946887552973e+01
1.440280170255660330e+01
1.377401511638727527e+01
1.580446503020279891e+01
1.715771813681887181e+01
1.521372126455161933e+01
1.660356506406543176e+01
1.645659675287362234e+01
1.553650702646616288e+01
1.722125834877983763e+01
9.157651085845810002e+00
1.582395355419916605e+01
1.497954825518552724e+01
1.672358754439238737e+01
9.934496486529145187e+00
9.404406809505363896e+00
1.519064395352796026e+01
6.639458239249705684e+00
1.630742216019928748e+01
1.412036072773456041e+01
1.450809880315629385e+01
1.708893860233519391e+01
1.582680349465539393e+01
1.566258650088070326e+01
1.773871198575496422e+01
1.492670432045444606e+01
1.599604277752690251e+01
1.788482575914420636e+01
1.729710318120108781e+01
1.273910034331470342e+01
1.437133417641546984e+01
1.501517630054881458e+01
1.760356113959658231e+01
1.800303071155475365e+01
1.809786257634515394e+01
1.681498530039002759e+01
1.711677574637333166e+01
1.599557519969106067e+01
1.466505737532648546e+01
1.595143295616776946e+01
1.819159434008684784e+01
1.242207906785934846e+01
1.559026576037335587e+01
1.207163689955423358e+01
1.700472177263224793e+01
1.819408379553036070e+01
1.467122094136803767e+01
1.423798369401960429e+01
1.595472248049046726e+01
1.750265531371769612e+01
1.422124245525064268e+01
1.482916957598278174e+01
1.704867885220552992e+01
1.747771632004308273e+01
1.504385547263485279e+01
1.724931447165010567e+01
1.634286576700863236e+01
1.613485934604790017e+01
1.372528752470105751e+01
1.508762389193988795e+01
1.436390585391331776e+01
1.314851103884829975e+01
1.434947563720308672e+01
1.582874498348599168e+01
1.827427363506695812e+01
1.478932378327342789e+01
1.820144825577564873e+01
1.468194717257544291e+01
1.829558077793652870e+01
1.784389667022422543e+01
1.416879827804106284e+01
1.440969001629351531e+01
1.684263065410197058e+01
1.599604277752690251e+01
1.313762585261913429e+01
1.632675183484484904e+01
1.813982385440626643e+01
1.580742285830999627e+01
1.458261886519253281e+01
1.492108456283717999e+01
1.514593939594814742e+01
1.416346223846781882e+01
1.796108862577143483e+01
1.407420181477707288e+01
1.643993268436148369e+01
1.763247125076566846e+01
1.803195348888922211e+01
1.679739843353921458e+01
8.214198677571111773e+00
1.400214515050621955e+01
1.782663799600067023e+01
1.758859415019778893e+01
1.766545249358859948e+01
1.604780033697605290e+01
1.493365974258800222e+01
1.618043759078448218e+01
1.798583899820015830e+01
1.238007163107139341e+01
1.410130861337182040e+01
1.840133654994112078e+01
1.438684586473593008e+01
1.677470428763099619e+01
1.543211933835382510e+01
1.648098486617869440e+01
1.819324086031724974e+01
1.533170936230371062e+01
1.771180595785098788e+01
1.437704407494462622e+01
1.755245174812689868e+01
1.615446997217570768e+01
1.316357570442526281e+01
1.519703813216772659e+01
1.797406321226395676e+01
1.785949867098807431e+01
1.829805672901004598e+01
1.739444741468411593e+01
1.416605064304619077e+01
1.552387588796410078e+01
1.593886019796068787e+01
1.714479295584090224e+01
1.694052235151709596e+01
1.591943344710034580e+01
1.454275538274375634e+01
1.677006380181301282e+01
1.852054287279238309e+01
1.478777076100381294e+01
1.612676407477553653e+01
1.560519309405034605e+01
1.792291261258674950e+01
1.816634151419138732e+01
1.180003190829459569e+01
1.515637278111660535e+01
1.838434051676983927e+01
1.130701902820282889e+01
1.367281344120291564e+01
1.760993576223886237e+01
1.665939909571212496e+01
1.499775317077116910e+01
1.788167507388788380e+01
1.729199091430716351e+01
1.413325821838661511e+01
1.807186612059118858e+01
1.739262434564398063e+01
1.709181676828963248e+01
1.529471507306083211e+01
1.679758003858785997e+01
1.438320963333593383e+01
1.341674630376911281e+01
1.348117712963504111e+01
1.810992678223482244e+01
1.801552688604686381e+01
1.777912471756985013e+01
1.446342537278385265e+01
1.288565182041087276e+01
1.700581436880146313e+01
1.498931561768564791e+01
1.385787613178105104e+01
1.778513406961054955e+01
1.548598895113381246e+01
1.434953012602222344e+01
1.571347563877216302e+01
1.595692806917193352e+01
1.570655567226309834e+01
1.722391696810886685e+01
1.356273650986742396e+01
1.535119825589141129e+01
1.725753899974037253e+01
1.590628601112677565e+01
1.717821915404263677e+01
1.415896543045221989e+01
1.428093367687361770e+01
1.726322935056353813e+01
1.446342537278385265e+01
1.605804840609185291e+01
1.403817856178068268e+01
1.626690625172509641e+01
1.557758430809306915e+01
1.784762250731121824e+01
1.292773692675521424e+01
1.528240107989724450e+01
1.057147627606745921e+01
1.437026983935342628e+01
1.468791468783508236e+01
1.809494022531441715e+01
1.375062457357968881e+01
1.549234090417133913e+01
1.731435277400065686e+01
1.823801928978293319e+01
1.630802320450320764e+01
1.396562340135744051e+01
1.753507561734314990e+01
1.608974654824043071e+01
1.767190102867816393e+01
1.163554883363838677e+01
1.519064395352796026e+01
1.848460840484917256e+01
1.516927090671130784e+01
1.684665794568094555e+01
1.806226754898968778e+01
1.827142496185385312e+01
1.706547739421032617e+01
1.767703513492556056e+01
1.814261816531793770e+01
1.577321347784178585e+01
1.525523243487678648e+01
1.476284689736860756e+01
1.448117505979109154e+01
1.762382833897111922e+01
1.806226754898968778e+01
1.742520445989831046e+01
1.659107943065908231e+01
1.609600946172645664e+01
1.707102300297328057e+01
1.716203322738582671e+01
1.835009441955514120e+01
1.331722167566634596e+01
1.450426288573540035e+01
1.148383504507383002e+01
1.796830907099015562e+01
4.253928483366599345e+00
1.596828488223189169e+01
1.746154214333648724e+01
1.775614842168560159e+01
1.543205747680010731e+01
1.628719788752542996e+01
1.444674246594190947e+01
1.431382288294376082e+01
1.593929494068374098e+01
1.593660799889340574e+01
1.495227810977852556e+01
1.469432592255766323e+01
1.416346223846781882e+01
1.492260635332919527e+01
1.564880816156526500e+01
1.588852369439643475e+01
1.248151214669162101e+01
1.773871198575496422e+01
1.832195484099417015e+01
1.414898934289235655e+01
1.636260695004485655e+01
1.631721835169036794e+01
1.588353755632650355e+01
1.528240107989724450e+01
1.642472566673179202e+01
1.417701547497421721e+01
1.775331018984938325e+01
1.567493345388107429e+01
1.704374291637375549e+01
1.169195087104924724e+01
1.563716439770837319e+01
1.619932762400593163e+01
1.705061065374411555e+01
1.515083638283292800e+01
1.448117505979109154e+01
1.533398148745027356e+01
1.552163808628967701e+01
1.382476018001456985e+01
1.546992634795883603e+01
1.828303417714137780e+01
1.830078102173523291e+01
1.341707136029623726e+01
1.508707515518881337e+01
1.091260727221589022e+01
1.754176891950340078e+01
1.723799142762732473e+01
1.570780185517447514e+01
1.691022891342903023e+01
1.644963136265295844e+01
1.495227810977852556e+01
1.706504408539089113e+01
1.450862857713634568e+01
1.427310760559720393e+01
1.426108268007290292e+01
1.493438719568262840e+01
5.942511765581487637e+00
1.526245384982326492e+01
1.577546879778967792e+01
1.726637671710059863e+01
1.850517905566237076e+01
1.379999863303462249e+01
1.436722906035411640e+01
1.472946569587148247e+01
1.483458927610352873e+01
1.459725158160221170e+01
1.528728224694998872e+01
1.659469444599901777e+01
1.787463852300410849e+01
1.783909803006446282e+01
1.374817292074206243e+01
1.704549698885103481e+01
1.781988330112125851e+01
1.173753697148606001e+01
1.479946258825412286e+01
1.689038498361319540e+01
1.799263297295822994e+01
1.287640242242747490e+01
1.441673195099371618e+01
1.630706469201681585e+01
1.787739002221960405e+01
1.648098486617869440e+01
1.751081130420438825e+01
1.716793486270119118e+01
8.860062404035522476e+00
1.434248463936484619e+01
1.714963081715738724e+01
1.743364053059183760e+01
1.434008681214805492e+01
1.644928178164403221e+01
1.819996494395745401e+01
1.492260635332919527e+01
1.814629506744094201e+01
1.593171960650553487e+01
1.604780033697605290e+01
1.506581243566022899e+01
1.527619644677010058e+01
1.805696119946404110e+01
1.420597304653774451e+01
1.385177466996565698e+01
1.438809031256751325e+01
1.452709391361601377e+01
1.216551484338273781e+01
1.519703813216772659e+01
1.678442280730261871e+01
1.723161066317464574e+01
1.787751310458243026e+01
1.659632981673527752e+01
1.584536006652150419e+01
1.819405901992040242e+01
1.778330856222845924e+01
1.835306869472972835e+01
1.701230041477056787e+01
1.801216600985782890e+01
1.431857385679168360e+01
1.407420181477707288e+01
1.359538950445891103e+01
1.533223544461086973e+01
1.466044781171006051e+01
1.849959566590395710e+01
1.813208909548849945e+01
1.796321469046412034e+01
1.843668273589913653e+01
1.578986955844012918e+01
1.519931063315069508e+01
1.718876941816840542e+01
1.628095723274789108e+01
1.790826147122639256e+01
1.608593022388733473e+01
1.254403081357930105e+01
1.846679920858813517e+01
1.476917033811437285e+01
1.655530959913273392e+01
1.436722906035411640e+01
1.512413130930223026e+01
1.099289956598854801e+01
1.671270031758755081e+01
1.414364538886009193e+01
1.557079264361721016e+01
1.485206759753569372e+01
1.367667829500635435e+01
1.560032669110293746e+01
1.517831451647728969e+01
1.761398956851717301e+01
1.686192304134340958e+01
1.513058650334011190e+01
1.553000517472941766e+01
1.442993459065610651e+01
1.747617788055509536e+01
1.793789091577470529e+01
1.747519788595579016e+01
1.455604765258125610e+01
1.754125360886298424e+01
1.436965045193714730e+01
1.450406877871547096e+01
1.577005895886463094e+01
1.720325575629221504e+01
1.770232903880403086e+01
1.688390437319111825e+01
1.793311323279669622e+01
1.455388378251925019e+01
1.760930907214331853e+01
1.849061133877165730e+01
1.459378200924403757e+01
1.375102818522853276e+01
1.834043249061293679e+01
1.457939180068040663e+01
1.761652964375199559e+01
1.581277477516393581e+01
1.740964914312510103e+01
1.712332445269667147e+01
1.804552378220532560e+01
1.486725849758073537e+01
1.669569226385207372e+01
1.579830551579762776e+01
1.365526518238513454e+01
1.663446518275050323e+01
1.509013679154286436e+01
1.728572973879264651e+01
1.409504901406275934e+01
1.497183500088807762e+01
1.518067188234357445e+01
1.630026444406036745e+01
1.620390472034781126e+01
1.736062543668217728e+01
1.428188755042533131e+01
1.750311265305867536e+01
1.801440790952712590e+01
1.783395161674662432e+01
1.321726280554849708e+01
1.532962033392949586e+01
1.169195087104924724e+01
1.440913967451548672e+01
1.385148043378480764e+01
1.424090311433229772e+01
1.362552619677737908e+01
1.771247301157979237e+01
1.427632769014727998e+01
1.789773863172858981e+01
1.737527149912907376e+01
1.841470370596913497e+01
1.575770454293204637e+01
1.802094324966258299e+01
1.382744797011380555e+01
1.827692186040804501e+01
1.849034257878895815e+01
1.829234453568212970e+01
1.573751567149614772e+01
1.471574864045725306e+01
1.403574586239836819e+01
1.595866933637639562e+01
1.598433373062488627e+01
7.778084608793887966e+00
9.152924173547994258e+00
1.580426889179983441e+01
1.716535898194336340e+01
1.508641957678640466e+01
1.613811833016076847e+01
1.332856577926535380e+01
1.733352755897377406e+01
1.671721068637425844e+01
1.451266173858927466e+01
1.406335278063937189e+01
1.540878412601013636e+01
1.424090311433229772e+01
1.453094945629920076e+01
7.729188273458419189e+00
1.616826462845644485e+01
1.319222225468099019e+01
1.560595037381598260e+01
1.341707136029623726e+01
7.892607934935103486e+00
1.624567342597580932e+01
1.375007247729628546e+01
1.601412549253728912e+01
1.744205278144024618e+01
1.775880022740304298e+01
1.345957958959055034e+01
1.345626396877850794e+01
1.831450174722167645e+01
1.742626185721610099e+01
1.403684032616072841e+01
1.206252879245379006e+01
1.572635397107179323e+01
1.841717717847309999e+01
1.599776155407937495e+01
1.850274497865044765e+01
1.650144286123421367e+01
1.500319903287902434e+01
1.692834895785404825e+01
1.458370357367342862e+01
1.298444352315933159e+01
1.721501446432056781e+01
1.523229294765451236e+01
1.732385109163289272e+01
1.617276785139245376e+01
1.454966743391250183e+01
1.697370999096685296e+01
1.723097687382424326e+01
1.335909608272353033e+01
1.843997513144389444e+01
1.826364803932545655e+01
1.546223509987283506e+01
1.348117712963504111e+01
1.377401511638727527e+01
1.741993080357551804e+01
1.463839648269136440e+01
1.720266353120895531e+01
1.520403708519961228e+01
1.808186676015360561e+01
1.754717492183066696e+01
1.712122563592063784e+01
1.803072328134875590e+01
1.518802460758627504e+01
1.636935591240009913e+01
1.480907115083636683e+01
1.396687562598621923e+01
1.698918281404160879e+01
1.686477467438226086e+01
1.574243177637993796e+01
1.589953954668471781e+01
1.698896828621253619e+01
1.780589860088034015e+01
1.840836914018216675e+01
1.501099934881509235e+01
1.590446149201351389e+01
1.813182934124499823e+01
1.583606233859284274e+01
1.454879106583796577e+01
1.808409885907025583e+01
1.258479892442802495e+01
1.268586644615142944e+01
1.807423421243481698e+01
1.686313366156234039e+01
1.624532362684036002e+01
1.430063300993647957e+01
1.433634382576930122e+01
1.653665285260506579e+01
1.669415808219075714e+01
1.715831850466124564e+01
1.544307303318665525e+01
1.633122558977344241e+01
1.437674593850475624e+01
1.622746705601528561e+01
1.830140987596304569e+01
1.613274029116392683e+01
1.683882330842988040e+01
1.423785912422992084e+01
1.558629073991518865e+01
1.731916265460483118e+01
1.131384614516081477e+01
1.430003734930211756e+01
1.659107943065908231e+01
1.442992060429785361e+01
1.711488877916050910e+01
1.651451769811821535e+01
1.463298903675970664e+01
1.574617371773291197e+01
9.645567681984354991e+00
1.356273650986742396e+01
1.594525099787806788e+01
1.833994453769500765e+01
1.444571471812540508e+01
1.804784414414583438e+01
1.286976431232534779e+01
1.732457620860283853e+01
1.654949923763408748e+01
1.669286592293539684e+01
1.734810430955604943e+01
1.846387500757545652e+01
9.580759702240909448e+00
1.807886034153477439e+01
1.834683070877651190e+01
1.425492597588929300e+01
1.643474149573741272e+01
1.552713688836792016e+01
1.610672860199556311e+01
1.517258985871598043e+01
1.799994833966868413e+01
1.798906757783447574e+01
1.658148422026883750e+01
1.773871198575496422e+01
1.518802460758627504e+01
1.843691689109705578e+01
1.501099934881509235e+01
1.430015082526026227e+01
1.681483428070024289e+01
1.514380796632773141e+01
1.511230513839220357e+01
1.765763168963587049e+01
1.597978915166099867e+01
1.593907351061247368e+01
1.791356263068490051e+01
1.380048903046428066e+01
1.498229987559527032e+01
1.616879706981610809e+01
1.526859934447278988e+01
1.749437708546870240e+01
1.423130118953542755e+01
1.612087688992833634e+01
1.690490901553330971e+01
1.539824682663944344e+01
1.480742525174366264e+01
1.712122563592063784e+01
1.796294187414260080e+01
1.731593042153622264e+01
1.551179230388954977e+01
1.561208155032230849e+01
1.459061245186778066e+01
1.367383414909244266e+01
1.592650576452475342e+01
1.514320983850861957e+01
1.542140097985572567e+01
1.844858702537594652e+01
1.463308699501328292e+01
1.707454649107777911e+01
1.629442281579387242e+01
1.487790431920488921e+01
1.468135233399736350e+01
1.647998400352135917e+01
1.770462474477990611e+01
1.643301023776788128e+01
1.837732714157317560e+01
1.646956008492519175e+01
1.609515162111156528e+01
1.441944007299924735e+01
1.674917424987337355e+01
1.382194441400095641e+01
1.056669175601391153e+01
1.834748293090120796e+01
1.439087452525286714e+01
1.822380999370503574e+01
1.695818164019645380e+01
1.470149853094804016e+01
1.817741598958104987e+01
1.675160336395820337e+01
1.465147349835303459e+01
1.380015170485133069e+01
1.694896040272394089e+01
1.768817073796983763e+01
1.667968127838843984e+01
1.723790334753717346e+01
1.846876934782610036e+01
1.239318117009766418e+01
1.845934850051667908e+01
1.489022279916288838e+01
1.803470793589669796e+01
1.805656227062678809e+01
1.561741677498211800e+01
1.625673409706818973e+01
1.796610616095964374e+01
1.662299724257380618e+01
1.582491638070640860e+01
1.568697865930282731e+01
1.505701649800106523e+01
1.747771632004308273e+01
1.530372657108782875e+01
1.372236494460010547e+01
1.287051443516710236e+01
1.503222984764518166e+01
1.284408922345893878e+01
1.601458395974307791e+01
1.422071392836308590e+01
1.437026983935342628e+01
1.754426974894554547e+01
1.610008615845740110e+01
1.430286541174125325e+01
1.499038239038120679e+01
1.406056938785249244e+01
1.416660454820603832e+01
1.790884892430202413e+01
1.639120510530715435e+01
1.835645942375421313e+01
1.163733024867967636e+01
1.502990147655162545e+01
1.555371426256868972e+01
1.816974539723991455e+01
1.808997840541092827e+01
1.450881774019798343e+01
1.502819784928894720e+01
1.467614701272365885e+01
1.438780711245955324e+01
1.664242302274880103e+01
1.776777932198635668e+01
1.699718031331240908e+01
1.804437805719942389e+01
1.400640809064234560e+01
1.439202139697811589e+01
1.835232716779920281e+01
1.560396378877323542e+01
1.595601259616580414e+01
1.613333533766560990e+01
1.377987529574972392e+01
1.531174879963174007e+01
1.789343467822659761e+01
1.674613911593330329e+01
1.757067364847862123e+01
1.741654299762535985e+01
1.370092546579721215e+01
1.789272291181058705e+01
1.826232349091102947e+01
1.201860062430119847e+01
1.107878422943335828e+01
1.473008587548513404e+01
1.659215588716262957e+01
1.587442387980809144e+01
1.732724353717124899e+01
1.836475837343272843e+01
1.694198051536389116e+01
1.581556841607550190e+01
1.492692568462422997e+01
1.434995329065105807e+01
1.405620115303453943e+01
1.796303762230625978e+01
1.639919432144592903e+01
1.435151415995581203e+01
1.687534779945620045e+01
1.698104906992242391e+01
1.183338885433241039e+01
8.300987871896410297e+00
1.441404656049274635e+01
1.707548267540869702e+01
1.447197998569399147e+01
9.050041014281077878e+00
1.597747527934762779e+01
1.815896909932686043e+01
1.673360603853247852e+01
1.779421892195573562e+01
1.754089128107690243e+01
1.576668169734882952e+01
1.637345932885460087e+01
1.778330856222845924e+01
1.429183884763785883e+01
1.829805672901004598e+01
1.495623373305799930e+01
1.829555875755927730e+01
1.712098442321681446e+01
1.815376788340604008e+01
1.567477211213874533e+01
1.501099934881509235e+01
1.795965796434247963e+01
1.782412156076143006e+01
1.815442519451971393e+01
1.567324970146904306e+01
1.561977106884760680e+01
1.452244926785987822e+01
1.457659860027094290e+01
1.498120096108153732e+01
1.850085864851624606e+01
1.675368015399494581e+01
