9.066528108606830116e+00
1.363743684354398766e+01
1.232127260324142526e+01
9.369571654889782053e+00
5.943137205739716933e+00
1.241209146002535668e+01
1.358602729621251370e+01
1.354620325800499003e+01
9.672230256648353119e+00
1.323518009085203317e+01
1.315146617177920518e+01
1.069016815026033917e+01
1.277110395867607195e+01
1.304791386955331589e+01
1.278867314868992366e+01
1.358246834822329063e+01
1.054857095442981318e+01
1.082952884274677530e+01
1.300697143825526680e+01
1.269610849573831501e+01
1.112464980374663881e+01
1.329799955825817648e+01
5.672427631043363228e+00
1.375115071580504988e+01
1.092203139457451933e+01
1.275199592563582485e+01
7.389947993314687658e+00
1.165875251867307227e+01
1.364380223404153369e+01
1.317121800856853042e+01
1.272323123635154118e+01
1.376284022460934153e+01
9.596760122808905891e+00
1.375090956740326220e+01
1.205450882932888312e+01
1.375292725966040308e+01
1.233462224555293929e+01
1.037549551319645857e+01
7.793876311860974404e+00
1.097371639415895217e+01
1.286228795219238918e+01
7.870653896039529585e+00
1.327629037389650435e+01
1.308248034112402181e+01
6.459250406231981101e-01
1.367728812785905745e+01
1.201445494986461959e+01
1.313125463540041338e+01
1.076703073048165926e+01
1.357029126576075306e+01
9.361876737082335254e+00
1.293958675398331337e+01
1.372454444346006142e+01
1.313827336950767943e+01
1.083245497211652797e+01
8.089203345845666249e+00
1.330195368923594756e+01
1.275518112570777873e+01
1.123551282592346112e+01
1.303356406018931324e+01
1.239857278942515961e+01
1.303920821492183713e+01
1.090697278979014762e+01
1.330267618371398086e+01
1.219727859319326058e+01
1.373056550078819704e+01
1.156467056018503214e+01
1.266149595589591925e+01
6.900459770231242906e+00
8.511746648914346736e+00
1.011463119360195506e+01
1.085976767302031831e+01
1.250858883604434091e+01
8.237035708349186081e+00
1.314259527371644865e+01
8.787071009004932876e+00
1.234384548100049628e+01
8.153373798587212562e+00
1.218461103698663273e+01
8.441239915751657108e+00
1.072734403798548541e+01
1.089108349580300050e+01
1.176109034477746107e+01
6.106878187007450443e+00
1.274467558910682996e+01
1.292149238322305393e+01
5.994923276781548793e+00
1.181061354675694730e+01
1.375955195013468568e+01
1.293958766029853180e+01
1.147152014373648043e+01
1.340380380316165443e+01
1.338971745923170431e+01
1.342498313274419353e+01
1.306878946204286329e+01
1.304880741289661472e+01
7.033047409322456645e+00
1.374221114928755050e+01
9.982419874271755589e+00
1.371229776086116559e+01
9.654367219170209680e+00
1.167122195388725459e+01
1.313938274533584050e+01
1.297702855760828200e+01
1.228951228253572481e+01
1.249397201217803577e+01
1.043508239762431700e+01
1.375050998141513858e+01
3.634585376188512296e+00
1.362277387660074623e+01
1.000266992753171635e+01
8.826525612851352065e+00
1.072357169371600527e+01
1.260523976120943779e+01
1.310573837193631341e+01
5.656132307813227733e+00
1.195921736821286885e+01
1.314668364075739149e+01
1.284021918764861248e+01
9.980199202410865666e+00
1.375025424914176853e+01
1.023908514955611615e+01
1.011463119360195506e+01
1.338593361009736959e+01
1.208710586150434096e+01
1.298082911099045234e+01
7.483442201465492438e+00
1.253160581576361565e+01
1.281393276288079441e+01
8.430568955931999398e+00
1.370676114393312339e+01
1.206944237584922774e+01
1.272528219618546785e+01
7.568904082262393196e+00
9.532842085750678152e+00
1.344491206000348527e+01
1.374518283116537631e+01
1.350037939424489153e+01
1.101743751767343582e+01
1.313578832754707904e+01
1.299856496043970466e+01
7.433053208955639590e+00
1.375277228275289332e+01
1.375044264014577067e+01
1.305164809106353374e+01
1.181061354675694730e+01
1.325546418166525697e+01
1.032888550149997364e+01
1.315995382431222716e+01
1.373190909869319754e+01
1.303266851976041885e+01
1.374212185946620579e+01
1.195292143117383787e+01
1.184193121390223347e+01
7.825219749920062640e+00
1.226552130298414411e+01
1.254958045872355044e+01
1.036809300333617045e+01
1.066149370810785513e+01
1.030588704768197594e+01
5.955598050607830096e+00
1.315980294244995719e+01
8.222228338416453397e+00
1.320057981657688018e+01
1.370013132261577837e+01
1.320696940692669763e+01
1.335911177736446120e+01
1.088134457106886011e+01
8.303766793215299202e+00
1.007541711567862741e+01
1.258191861059315109e+01
1.249642067675586432e+01
1.353629952501955991e+01
1.338850681766410489e+01
1.005156737917937804e+01
8.423150679763663717e+00
1.067292779574415462e+01
7.389947993314687658e+00
1.322484251990159443e+01
1.290592553879664806e+01
1.216118124360127162e+01
1.034415533423586453e+01
1.252891035400774733e+01
1.194497304635762092e+01
1.312305654989988213e+01
1.024568118876641343e+01
1.166957736423178282e+01
1.214316445764922214e+01
1.299480971597846946e+01
1.260559949843394456e+01
1.251919647716578510e+01
1.365067555932108689e+01
1.103661911000150475e+01
1.147430785218241311e+01
1.239278703114638702e+01
1.333638305535519741e+01
1.048584733028832616e+01
1.340526615202911387e+01
1.289707235363385074e+01
1.203222325407304361e+01
9.067592187032619933e+00
6.261043663855409669e+00
6.258706683085858202e+00
8.640574916811363693e+00
1.310580937474568586e+01
1.147824200829332852e+01
1.328309095492356384e+01
1.084607518431127460e+01
8.779433995636708232e+00
1.247851931821947247e+01
9.146606948256790659e+00
1.339345316899284910e+01
8.337273127752297341e+00
1.374977501471552976e+01
1.356401551016152851e+01
7.086528079448476625e+00
9.462020779654636726e+00
1.309179415297358062e+01
1.369035977565421547e+01
1.270572692225720779e+01
1.330931775967766484e+01
1.202706091296664681e+01
1.245729050490896839e+01
1.341451191494051898e+01
1.133868100586172467e+01
1.264757393657846940e+01
1.308525990566520925e+01
1.249978885801437656e+01
1.233469625108684475e+01
5.720944831487257964e+00
9.284553377004922226e+00
1.097218660186429240e+01
6.101650364074127531e+00
1.352502919334656006e+01
1.309403900662587894e+01
6.667986823267856522e+00
1.085976767302031831e+01
1.284890578487663859e+01
1.233364931209052351e+01
9.113483884463276397e+00
1.083409767818778846e+01
1.360459790407721847e+01
1.233199747860862239e+01
1.249960156362815766e+01
1.365178722455310556e+01
1.283467860033639596e+01
1.307737350568190493e+01
1.252586093224565289e+01
1.051146751866136775e+01
1.263226839794973522e+01
1.025213342706302733e+01
1.328743457810406170e+01
1.331044334522336570e+01
5.669378989640819100e+00
1.243741819312609209e+01
9.526672016218753924e+00
1.340449082896361332e+01
1.321861991698631122e+01
1.063256001045009924e+01
1.375051365948553084e+01
1.257891602868368786e+01
1.300887664408993416e+01
9.945008029049915876e+00
1.230767917269434264e+01
1.350631244751992632e+01
1.372622304428299778e+01
9.086639298229233219e+00
1.280645310296231187e+01
1.043014784837459885e+01
1.209196930212251786e+01
1.050914739777851281e+01
6.137270489575092469e+00
1.339367267556677277e+01
7.498871764577728527e+00
9.927408221010953326e+00
1.320696940692669763e+01
1.020837044359854673e+01
1.369810504174668431e+01
1.348638439367002206e+01
1.064703694570385295e+01
1.284184531394698325e+01
1.284416640726425030e+01
6.879206380960633638e+00
1.000652235372798771e+01
1.250858883604434091e+01
9.413983747167810279e+00
1.280222851393548567e+01
1.048940278586405483e+01
1.298116872369738317e+01
1.375006158679208923e+01
1.255333468468379010e+01
1.363359493762177976e+01
1.354089684137957761e+01
1.064424660738091077e+01
1.341883783916861184e+01
1.317176716193066888e+01
1.065892900258664611e+01
1.377460367163304866e+01
1.144761429189034274e+01
1.049479892658387925e+01
1.187082232471857424e+01
1.262653908239896339e+01
1.306687412117732450e+01
1.294675425342318142e+01
1.375020377374976377e+01
6.338531337054393866e+00
4.451478726364843652e+00
8.521953802419382384e+00
1.350856814730797062e+01
9.492882484442208835e+00
7.633056040157324418e+00
5.884385576438793564e+00
1.034390101387675465e+01
1.279119751992181264e+01
8.549899666222117389e+00
1.321861991698631122e+01
1.198129634856607240e+01
1.235911229928442090e+01
1.304610049493174984e+01
1.358759727986484123e+01
7.498871764577728527e+00
9.524004294246894986e+00
1.342639551574476720e+01
1.288319157130103676e+01
5.501241450333596461e+00
6.090507943392386991e+00
1.283897204259234925e+01
1.140549708688638120e+01
1.326457900201997475e+01
1.246273947348300482e+01
9.891904128576358701e+00
6.667986823267856522e+00
1.156870634546173626e+01
1.338971745923170431e+01
1.058657404040437910e+01
1.329398894475292892e+01
1.258298038550212894e+01
8.103931326306852867e+00
1.370728936248682217e+01
1.025854760807998822e+01
1.110503650686175803e+01
7.943727320150338223e+00
1.127296610960838841e+01
1.311629769104505172e+01
1.299463836346244605e+01
1.272793652964168487e+01
1.403127884952032112e+00
1.326867263803253216e+01
1.205119914839823458e+01
6.786733538030910395e+00
5.954389690228615528e+00
9.394599768542448714e+00
1.371306278539065460e+01
1.045677890351604766e+01
1.350500668055585329e+01
1.193888665292690376e+01
7.636722404546651077e+00
1.288762624976240367e+01
1.281469166423404715e+01
1.224268974709083935e+01
9.412378011964001701e+00
1.338850681766410489e+01
1.221723092784378473e+01
1.287275630574144003e+01
1.015314811780309689e+01
2.740303342336742443e+00
1.314279527437727069e+01
1.240565384858249409e+01
1.021123782134408486e+01
8.443954477571256945e+00
1.309866940641956035e+01
1.042444528197907871e+01
1.178921075688178988e+01
1.323449536264699944e+01
1.364886736574268333e+01
1.328847795664663600e+01
1.291882249895365042e+01
1.167785214060475596e+01
1.032116901455747993e+01
1.362457775684942973e+01
1.288557509407247892e+01
1.336818172411788908e+01
1.286178470067386215e+01
1.144258937153681011e+01
6.130202663496580051e+00
1.140840813712400781e+01
1.087635120077042750e+01
1.093820130128257517e+01
1.083138338750045904e+01
1.085861128898538830e+01
1.187082232471857424e+01
9.891904128576358701e+00
1.204804610319560254e+01
1.375605417500585581e+01
1.059618847081965143e+01
9.337059027132591282e+00
1.201466411300529735e+01
1.321861991698631122e+01
8.551850661548318300e+00
1.184392006132523179e+01
9.323435032145514612e+00
1.371679952846239914e+01
4.334153261541342950e+00
1.197021159336421192e+01
1.189759765092169275e+01
1.217305249207351281e+01
1.059778958669824434e+01
1.322395412183401220e+01
8.915655227796172255e+00
5.641750816700820792e+00
1.336594544051498445e+01
5.757364073117960501e+00
6.214733521202935762e+00
1.282979622635587091e+01
1.059778958669824434e+01
1.141269245520610909e+01
1.198758247388174070e+01
1.012463490177807657e+01
1.255375911031802083e+01
1.266207104178860376e+01
1.175103272786790498e+01
1.325952099056164712e+01
4.095280188547466338e+00
1.178953231158174297e+01
1.365155858341331019e+01
8.853664928769564568e+00
1.322835797813994851e+01
1.337712244913433324e+01
1.261068289464747139e+01
9.672230256648353119e+00
9.622376173170971825e+00
1.287880743802659467e+01
1.363359493762177976e+01
1.377196742738463264e+01
1.374977501471552976e+01
1.222077552590827310e+01
1.375000064640948416e+01
9.161544859545294628e+00
1.375102127641518379e+01
1.032383230158595566e+01
1.276093561938491128e+01
1.154060247048450627e+01
1.290910931616988933e+01
1.261071464792962260e+01
1.339947998060085155e+01
1.368916080456513562e+01
1.318026404474125179e+01
1.093664941762946441e+01
1.347846905861791100e+01
1.204381382223478170e+01
9.775126140821546628e+00
8.301715394769292544e+00
1.333417928212221071e+01
1.113727356129272472e+01
5.534808023153003020e+00
8.604778904536139805e+00
8.418203100553153462e+00
1.375024449202949128e+01
1.361405212931630615e+01
7.792910354989730060e+00
1.338593361009736959e+01
1.293911294494856712e+01
1.216554292520527625e+01
1.213884153969952528e+01
1.279675716865128443e+01
1.273203962390376631e+01
1.373529654403932376e+01
9.198922240124048244e+00
1.198543396359277580e+01
1.194503843953960143e+01
1.377418030811003469e+01
6.053626531541747902e+00
1.188344363966869466e+01
1.346546488670531261e+01
1.202586175361304832e+01
1.296235309088005039e+01
1.271238054449877275e+01
1.353706804834416744e+01
1.316845742737702096e+01
1.175065108943901215e+01
1.277014170168222762e+01
1.201769005230700316e+01
6.206009614156307919e+00
1.354135327823417079e+01
1.072498160035084780e+01
1.306658662997082132e+01
1.363671717467194178e+01
1.327814876295794555e+01
1.000601988712658397e+01
7.528010405849698827e+00
1.202586175361304832e+01
1.302518578787633530e+01
1.340476674967270831e+01
9.979882386500996461e+00
1.345249687948590278e+01
1.014914463791357413e+01
1.375763626752481983e+01
1.364479969138194626e+01
1.251345911851132797e+01
1.326838950033891429e+01
9.379475445967388580e+00
1.276143272902697134e+01
1.226697221764565882e+01
7.784440921176385864e+00
5.780948931898960197e+00
1.135803969634416077e+01
1.194705177242978422e+01
1.372622304428299778e+01
1.375005854910090086e+01
1.290199362096200986e+01
1.338712483044671409e+01
9.364778705951056992e+00
1.318160296477776683e+01
9.860675348362260451e+00
1.367891963118163190e+01
1.200770555681294560e+01
1.287102088377569054e+01
1.200176607846628585e+01
1.130975551903190102e+01
6.048698265521607276e+00
1.376595797964436940e+01
1.325863237691092777e+01
1.287861332430373018e+01
1.377647553630431787e+01
5.717602098602033500e+00
1.192589317082365419e+01
1.077417720808565704e+01
1.169844959456263744e+01
1.353863996211736520e+01
1.306422828680821624e+01
1.321385246870787888e+01
1.362206750524094723e+01
1.203476383569569208e+01
1.375070128588622609e+01
1.369351282798404057e+01
1.358602729621251370e+01
1.352435211054368480e+01
1.161979218879474374e+01
1.290158378994961730e+01
1.371038696982187766e+01
1.095304665069756922e+01
1.316794583564373866e+01
5.716720074184848954e+00
1.166474490178951484e+01
1.344863312860499605e+01
1.327091876083781763e+01
1.040525286032029939e+01
1.372862986458336465e+01
1.123066846392746854e+01
6.021767162898688852e+00
9.066528108606830116e+00
9.008490901981737409e+00
1.226868507977080824e+01
9.482060617545716497e+00
9.092852816186503873e+00
1.331233913503432120e+01
1.365361886495052346e+01
1.200191201337136704e+01
8.508151503481084177e+00
1.298415172496861203e+01
1.292952336861678120e+01
1.341671120721565558e+01
8.379994656127632169e+00
1.265673282659031962e+01
1.316088916673462705e+01
5.823297596885786298e+00
1.097226753878923589e+01
1.328568860634342386e+01
1.048584733028832616e+01
1.075694462519973271e+01
1.210529278306721679e+01
9.108481711372927947e+00
1.375018270781597352e+01
1.249021788001713418e+01
1.285681293999980568e+01
1.162495089619874378e+01
1.265673282659031962e+01
1.269696349130505553e+01
9.844160246974542616e+00
1.294510715338376627e+01
1.320967344708324731e+01
5.726853427418780562e+00
1.105932800136218574e+01
1.254424707779477011e+01
1.345798983018610073e+01
1.178542461394697582e+01
1.151893984780222091e+01
1.241712808807053214e+01
1.242368308845285085e+01
1.324812045775777136e+01
1.366316125988420005e+01
1.375035969892690524e+01
1.156107226699653268e+01
1.068946200374751854e+01
6.681735360235323995e+00
5.720468038533836008e+00
1.344065351219417792e+01
1.323518009085203317e+01
1.269000937316575062e+01
1.332344378164288656e+01
1.300897390127652997e+01
8.804532416323292310e+00
8.914585637980596999e+00
7.057492149583600494e+00
1.347871828480661094e+01
1.233160621695414960e+01
1.161659510391346473e+01
8.921674628908421667e+00
1.341671120721565558e+01
9.709385367783772480e+00
1.368385449315647762e+01
1.375013851359444317e+01
1.320075860031195170e+01
1.290592553879664806e+01
1.161211312735640533e+01
6.855732303532057870e+00
1.176810563231192575e+01
1.376232974064839709e+01
1.332798708752728345e+01
1.000113593236926945e+01
8.609522772912344024e+00
1.308664198045612181e+01
1.349392214576855764e+01
1.090697278979014762e+01
1.090592343181092794e+01
1.369722400007958996e+01
3.378749177404462234e+00
1.341447331691492550e+01
1.346022537927167662e+01
1.273496919487661216e+01
1.200884964297699220e+01
1.296435978686135293e+01
1.228858143366902311e+01
1.320487696734504368e+01
1.352632994441895065e+01
1.237055647003660219e+01
1.082994188478210518e+01
1.074186361723957894e+01
6.922529091720043937e+00
1.304420688211983759e+01
1.241299184901220265e+01
5.915922927197496684e+00
9.926279227308219433e+00
1.364337686181299958e+01
5.803412235681690845e+00
6.038178187086028714e+00
1.311438532883662944e+01
1.375076707338695670e+01
1.169061776959503973e+01
1.206561519448202446e+01
1.077721480579574553e+01
1.362744028286390474e+01
9.664352404921691786e+00
1.098761339824251948e+01
1.180053039526534597e+01
1.183342605629413136e+01
4.722015987336445342e+00
1.353902093651062444e+01
1.270197950455396096e+01
1.272898087527635269e+01
1.285758147265100781e+01
1.263161264434051390e+01
1.010432513293503298e+01
1.141938430360939805e+01
1.231676962678997889e+01
1.303523765155545533e+01
8.745908301547196118e+00
1.018611498389611292e+01
1.230271012667933483e+01
1.129576744781012643e+01
1.255333468468379010e+01
1.317203361888397062e+01
1.329395659349368941e+01
9.167660399635090940e+00
1.014391177599108040e+01
1.157185672977675139e+01
1.340522691011257095e+01
8.188063646636301485e+00
1.375011504416599450e+01
1.204317995745934411e+01
1.272040294625008983e+01
9.972990081391939654e+00
1.225035343006595134e+01
1.178953231158174297e+01
1.317714642473799458e+01
9.980199202410865666e+00
1.299255313832487246e+01
1.333597844626761741e+01
6.137890573654175341e+00
5.759892161291289447e+00
1.337195647293794032e+01
1.324505075229713569e+01
1.287861332430373018e+01
1.363179826611047929e+01
1.125586454363504885e+01
6.350529145282363785e+00
1.335375229422358245e+01
1.300847210432801582e+01
1.218136180300109217e+01
5.836202625115586962e+00
1.033348157514754462e+01
1.271926766101728568e+01
7.353639622375881757e+00
1.354356514312138771e+01
1.314258527710722113e+01
1.190336842320995459e+01
1.317166225308006489e+01
5.816632969501391415e+00
1.300697143825526680e+01
1.341319094786573451e+01
1.323836093430709582e+01
1.357558269015794039e+01
1.264120058811892733e+01
6.333290678938705121e+00
1.312013283050139201e+01
1.229459073245777034e+01
1.374880392617206937e+01
1.344598745758892022e+01
1.128880725136620811e+01
1.345249687948590278e+01
1.118452220055106672e+01
8.826525612851352065e+00
1.204245585016713527e+01
6.421474871585785671e+00
1.153767280667976536e+01
1.167952825998448674e+01
1.303208680268812003e+01
1.282303580124539799e+01
1.072375273462367140e+01
1.175019220821443255e+01
1.323507364429470101e+01
1.320931508176936120e+01
1.342927389831374541e+01
1.362734201761672814e+01
1.318734902026049483e+01
1.162975546152877726e+01
9.288224668295038455e+00
1.253944563215911323e+01
1.278206165679522499e+01
1.320329541394856854e+01
1.105688538397812870e+01
1.334837728859422512e+01
1.021379806964165304e+01
8.458428007077429811e+00
1.281667922473011956e+01
1.377248968363269555e+01
1.314015771291593815e+01
1.258558503793847905e+01
1.172623693323987126e+01
1.296773865217693356e+01
1.137858099063295647e+01
1.328081626413182192e+01
1.338971745923170431e+01
1.320954294525023798e+01
9.177184967020622253e+00
1.134664771845936215e+01
1.346500419526843118e+01
1.313578832754707904e+01
8.103931326306852867e+00
8.566151383959867971e+00
1.254145869649624423e+01
1.313938274533584050e+01
8.699415292656155430e+00
9.649223091039043965e+00
1.167434076709305835e+01
1.239198007223382092e+01
1.290900511606281142e+01
9.214584579463057423e+00
1.042980921831803087e+01
9.366873112974140270e+00
1.103710875310921757e+01
1.283322660770389767e+01
1.185267776614628943e+01
1.330731363839440640e+01
1.075216125963796543e+01
1.352301601247992480e+01
1.269435899213150343e+01
1.351018931618344965e+01
1.062058142763501500e+01
1.375002499752662644e+01
5.840071229304001577e+00
9.392458815634578073e+00
1.376494066159493102e+01
1.130132593297076227e+01
9.149431113540209992e+00
8.743388532550074643e+00
1.314751554471590822e+01
1.144301322875298688e+01
1.159503640605299069e+01
1.111066411539101750e+01
1.376050387781904760e+01
1.318292220146589422e+01
1.339264620313070786e+01
1.335409415029464597e+01
1.364239574337056382e+01
5.712138756274335094e+00
1.321861991698631122e+01
5.914714783764903672e+00
6.113471348627529167e+00
1.376735140818721170e+01
1.187082232471857424e+01
8.914585637980596999e+00
9.973354520407921697e+00
5.586822472580996291e+00
9.332417935746777360e+00
1.133868100586172467e+01
1.373311952297769167e+01
1.221603415896348643e+01
9.198427506108991736e+00
1.175836379349366467e+01
1.178114376538214003e+01
8.936834445570198682e+00
1.121103071979586474e+01
5.774137347818628641e+00
8.820803037951613135e+00
1.315690051043818620e+01
1.364466328810297924e+01
9.189321876048488491e+00
1.352588109822009343e+01
9.426267356591393920e+00
8.476657426597469680e+00
9.641682918519656198e+00
6.658933426857291948e+00
1.375877964650616114e+01
1.358602729621251370e+01
1.164624020810390803e+01
1.226130950359455696e+01
1.030275305132944297e+01
1.210036858465436005e+01
9.726539805497051105e+00
9.646300985078923418e+00
1.347381209354438880e+01
1.242955299882869369e+01
8.837626261278797912e+00
1.098483218427949737e+01
5.789206658503742275e+00
1.274699370026012346e+01
1.093664941762946441e+01
1.344923106517429012e+01
1.375009693415992906e+01
1.336959808304632169e+01
1.238726898436721768e+01
1.315274767401643174e+01
6.290547012176950226e+00
1.283247828074502550e+01
1.295852760502858736e+01
1.281268403392238753e+01
1.089676917449250482e+01
1.326884417170749941e+01
5.601000946582613160e+00
1.083409767818778846e+01
1.363294825426651968e+01
1.009116253708936384e+01
1.060884456610128268e+01
8.070263921153088660e+00
5.929208470577716383e+00
1.374748137592367669e+01
1.317600268646662798e+01
9.237014555439001740e+00
5.707152916972786372e+00
1.105688538397812870e+01
7.088963214645635169e+00
1.070905722871023080e+01
1.329398894475292892e+01
1.034042153175646561e+01
9.986613510846131803e+00
1.226303944564812554e+01
1.375160152815920256e+01
1.017645595052442786e+01
7.600643386880411967e+00
1.064642289025336552e+01
1.260391262362194809e+01
1.199685481302511469e+01
1.112840875565561305e+01
1.296920371336110378e+01
5.514015850658753770e+00
1.227360422548906271e+01
6.038241342768601250e+00
1.323702576793449026e+01
1.125790350188601963e+01
1.315214866325756304e+01
6.889362759691739058e+00
1.233595571706855587e+01
1.210158371022862767e+01
1.360868373606011517e+01
1.313676545867027556e+01
1.266254319206034396e+01
1.375009410504751095e+01
1.278504716347423908e+01
1.303321537992703583e+01
1.238634928107387267e+01
1.319640831361758160e+01
1.284947435443300634e+01
5.737053350255846063e+00
1.055631261605831916e+01
7.425874704187629405e+00
1.289670696355817014e+01
1.373105146940510402e+01
1.219944207931336777e+01
1.229182911654822163e+01
8.495480421583328834e+00
1.238726898436721768e+01
1.368584092197022173e+01
1.357604637796976021e+01
1.315600491529592375e+01
1.353240437275987418e+01
1.355029140040111812e+01
5.891416775646978188e+00
7.446395217294909941e+00
1.215573536661534249e+01
1.233488108880024825e+01
1.253626749441714949e+01
9.369571654889782053e+00
1.299399406744523233e+01
8.643792859577169807e+00
1.215164119199494408e+01
1.313496695580050044e+01
1.184230937399722094e+01
1.047192510953847489e+01
1.373765977350645784e+01
1.179139371089499022e+01
1.341447331691492550e+01
1.020612888205262792e+01
8.912776878515359158e+00
1.256093232060147713e+01
1.116193188943142367e+01
1.125059537915242913e+01
1.156617937546369745e+01
1.359751992222780359e+01
8.610534429763308850e+00
1.144516785220098853e+01
9.645656667896236769e+00
1.262411322425406368e+01
1.361655945924919564e+01
1.096523157143137439e+01
1.077995243943561121e+01
1.309837628300991774e+01
1.009353783961044826e+01
1.267605438415833774e+01
1.377226533271214848e+01
1.359361374793982868e+01
1.303266851976041885e+01
9.891904128576358701e+00
1.369913953233558246e+01
1.093607240777146217e+01
5.879567767648822496e+00
1.274699370026012346e+01
1.239170731036529105e+01
1.065222385535159688e+01
1.161790773845968872e+01
6.499555798031117604e+00
1.213855680240741641e+01
1.259959280751233379e+01
1.143849189542205025e+01
1.318531792637607225e+01
1.260391262362194809e+01
1.320934648336531581e+01
1.286178470067386215e+01
8.932772908321942040e+00
1.310845846442466467e+01
1.331317808454561913e+01
9.092852816186503873e+00
1.296052129040256062e+01
1.244085746932946890e+01
1.332664212463588882e+01
4.912574580945418212e+00
1.310424381562801344e+01
1.089770229235498888e+01
1.324937208290027435e+01
1.300174160053445505e+01
1.377728365070792549e+01
1.357381574688774784e+01
1.373217900618881870e+01
1.078835979679732837e+01
5.993023363745795251e+00
1.034195534897603785e+01
1.364337686181299958e+01
1.160562298752179622e+01
1.295181766515599087e+01
8.514911793966712494e+00
8.628189965885132651e+00
1.292713377696836652e+01
1.369776698648595037e+01
1.354866812379410490e+01
1.372725918275902046e+01
1.301986278296480748e+01
1.185628479827466641e+01
1.373398853756038918e+01
6.092989679995845620e+00
1.375011438694288302e+01
1.366695865827148282e+01
1.375028689331791831e+01
1.283606738535938518e+01
1.341189468674766161e+01
1.254094229228208945e+01
5.717422676474325449e+00
1.316819632569229626e+01
1.343267634101164454e+01
9.720643394941824056e+00
1.354900777344159657e+01
