2.279737297833490572e+01
1.829693447574157261e+01
2.280645434963274809e+01
1.953735795645969020e+01
2.675237151458385298e+01
2.980576549078203996e+01
1.385735919227799684e+01
2.619834464290953235e+01
1.437356599865113083e+01
3.549747853099970740e+01
3.039266656078855888e+01
1.811981620065982668e+01
1.098662839900281085e+01
2.526488689822326705e+01
2.833951639112768106e+01
3.625813824187740408e+01
2.816492405100055407e+01
2.581790461452492380e+01
2.411069978652622225e+01
1.840053709627903089e+01
1.436824464073183982e+01
3.455286177314484775e+01
3.706515288008121445e+01
1.801188532231484274e+01
1.914593159611774453e+01
1.692116791470058246e+01
3.276140453920725548e+01
1.752789613430948634e+01
3.360026199421921689e+01
3.661883818689830150e+01
2.703800300462689776e+01
2.052654816522446168e+01
2.622515296856773048e+01
3.830983396628592175e+01
3.645653224781538881e+01
2.547224080816290481e+01
1.838356186347489540e+01
2.974408797076120337e+01
2.356390440877224535e+01
3.843926478359620091e+01
1.656342853665046633e+01
3.710847016532564169e+01
2.197021359180985201e+01
2.667339211051402970e+01
1.209721867039193199e+01
2.084637774536019705e+01
2.693723698997866478e+01
2.561277367568469288e+01
1.949209697359962590e+01
2.158593542372266683e+01
1.283776147790814548e+01
6.799925221425529465e+00
3.787138137889294143e+01
3.939266433955911850e+01
2.891642919802882616e+01
2.167303940565175679e+01
1.948414379103389038e+01
3.518494171954335314e+01
3.520151710392949695e+01
2.698069895874181867e+01
1.959349836878884332e+01
2.859593369988257194e+01
1.957125336300019569e+01
2.914731762305760654e+01
1.932068785675009792e+01
2.050125144139831690e+01
2.699294410186135806e+01
2.161904713116205201e+01
1.810255690589533017e+01
2.666310349614889219e+01
1.867639853834532460e+01
3.429580764554207661e+01
3.784509202478306378e+01
2.569860966973344674e+01
2.201511173131946464e+01
3.245485614464119806e+01
2.024858933602298094e+01
2.810066404309009869e+01
2.633589497042487437e+01
1.690480111457066670e+01
2.815724741406350518e+01
1.834591477393221126e+01
1.960056594782461303e+01
2.256374641652959312e+01
2.670280166255187382e+01
2.126176790224218749e+01
1.771016494498598348e+01
2.321161141152799701e+01
1.331971430378610677e+01
2.983749409393791296e+01
2.216826039594320719e+01
2.695968872248164772e+01
2.220213339443024125e+01
1.942305696439454366e+01
3.193578820099915916e+01
1.774455335517389898e+01
2.043462288711916486e+01
2.523273768182211185e+01
2.104865185505059344e+01
2.473540794517523977e+01
2.036078569171353791e+01
1.658826431992188688e+01
1.796630290831119225e+01
2.171292718245425846e+01
1.846384128015060355e+01
3.800386491850530746e+01
2.160309981022367865e+01
1.753307939528606241e+01
2.548412204381931190e+01
2.084169862557524056e+01
1.912937153348614316e+01
2.711866185172845434e+01
3.854136973238662733e+01
1.958945742335207640e+01
1.440853044500803648e+01
2.455108052105363825e+01
3.360163978595885936e+01
2.505711270357618758e+01
2.863396770690120263e+01
2.383562338897496602e+01
3.840521582455971838e+01
2.399033603111792345e+01
1.900244041847072651e+01
3.159726411669799617e+01
1.467469648523262293e+01
3.933090553384781174e+01
2.098628154423997927e+01
2.217886926538614034e+01
1.981507590703600385e+01
3.274012239631822041e+01
1.653982187641890533e+01
1.391345053163427892e+01
2.064781936166055232e+01
2.477093749364183140e+01
2.152295272900577316e+01
3.099271971944169124e+01
1.667976653264910070e+01
2.067630753417036260e+01
2.557625995114337414e+01
3.242186291851366065e+01
2.274484557395157935e+01
1.823470072407395293e+01
1.059365045037387176e+01
3.720097378113634790e+01
2.553054979274803316e+01
2.031065089895115250e+01
2.298135426531866088e+01
1.495956140874587348e+01
2.805086335203667147e+01
1.856421077224339555e+01
3.259855976261435728e+01
3.921895658684423580e+01
3.337972988138584185e+01
2.254907492456258922e+01
2.320858025797302204e+01
1.536994945824811154e+01
2.213924102151543849e+01
1.978188280771058416e+01
1.493116815612162185e+01
3.896745739958687693e+01
1.936329751857428860e+01
3.145718143340187822e+01
1.833046894500320789e+01
1.674524640924352070e+01
1.892500281301629883e+01
2.446079953219978620e+01
2.155047037935960219e+01
1.836864837130217154e+01
1.423922645858661085e+01
2.490731463227339404e+01
2.309082745083107824e+01
1.979296463000501660e+01
1.873877738309607821e+01
3.383901384413513114e+01
3.327761340356434516e+01
1.743308892011788913e+01
1.806113834948304131e+01
1.206414552719899191e+01
1.400012945909729822e+01
3.487380009792972402e+01
1.657508153611190593e+01
3.186969419774295176e+01
2.860011223220166698e+01
1.534903216259163372e+01
1.772842843360083975e+01
2.177057033118008178e+01
2.959407655389674474e+01
3.117245887714566877e+01
2.179350665446418844e+01
3.637872601279057960e+01
2.495998383182838509e+01
1.432095640750308974e+01
1.911977576067355855e+01
3.644277868221472971e+01
1.808958665830473223e+01
2.907736997706117421e+01
1.599035966383124574e+01
2.382910223688338647e+01
2.323946428772907424e+01
2.402130117532017906e+01
2.102146893094577251e+01
2.197622252875975590e+01
3.201468171265073437e+01
2.165011966302979474e+01
2.507164568382587433e+01
1.667822391639111856e+01
3.780571993096497607e+01
1.885314741794602611e+01
1.198753811297455663e+01
2.614968239535052419e+01
2.416410648323422805e+01
2.644069848142591894e+01
2.161768982289556362e+01
3.590440339330557862e+01
1.928809905324102658e+01
1.875029545992305557e+01
2.477533243521829576e+01
1.503010019027972000e+01
2.021018320918310707e+01
1.570979372797429718e+01
2.179524953996612879e+01
3.785716551716362943e+01
3.621657061288531310e+01
1.708508585935279456e+01
2.930311457207886505e+01
1.627942956993384271e+01
2.747189230207010979e+01
1.604287095996232182e+01
2.073951261004086177e+01
2.166901791643372732e+01
2.482250235699349616e+01
2.641315336769043043e+01
3.939995668575400600e+01
2.400318274534579643e+01
1.849971024453619961e+01
2.177586646434205875e+01
2.305017648933277030e+01
2.751163915077432875e+01
2.754647762438402836e+01
2.678623203504934480e+01
3.453584777960548280e+01
3.191274132068800640e+01
1.312572739961096602e+01
3.962564473771815443e+01
2.137072549497591467e+01
1.900620212559354272e+01
1.789883194250593235e+01
1.297091540054569236e+01
2.193424645728595124e+01
1.664833813687232578e+01
2.391159384531296439e+01
2.814740920532236856e+01
2.186536694327603669e+01
2.896234402611298009e+01
1.563422145560506493e+01
3.935307773920661845e+01
1.629818984681491401e+01
2.200757024269916684e+01
3.363310928877343997e+01
3.085978079918353956e+01
2.233045077010687862e+01
3.349711242667975597e+01
1.718414001265794866e+01
2.097943254146542102e+01
1.810396985253674274e+01
3.182132085520764164e+01
1.574138268528698603e+01
3.201742626844225015e+01
3.696777078589651211e+01
2.346081682268680879e+01
2.688098882321265393e+01
3.804396760260329557e+01
1.375018592709256993e+01
1.653289918482109400e+01
2.058138158506272219e+01
2.606356394117406694e+01
1.962083296939463395e+01
3.704417316854522113e+01
3.736984764712230600e+01
2.850086619160094159e+01
2.120869042366768653e+01
1.975680258832706571e+01
1.510912005823019477e+01
2.230421872986146781e+01
1.390152298298773559e+01
2.085983394247573486e+01
2.679060382329098999e+01
2.132973012026560156e+01
2.465411860480993766e+01
3.685124616385598983e+01
1.535540173313954249e+01
2.570652667637190447e+01
1.830040069970813832e+01
3.233937624597790261e+01
1.574309720005790503e+01
1.919150476324464094e+01
2.198031996978273384e+01
1.781038308899862344e+01
2.202932517496659415e+01
2.662299125988056403e+01
2.932352568230053080e+01
1.511773886541466894e+01
3.090650919980109634e+01
1.965529595020873188e+01
1.829237906535531977e+01
2.170982783982545072e+01
2.970368127172671535e+01
2.070458777650200943e+01
1.779952651037330469e+01
2.109071243335881363e+01
2.102608107538064885e+01
1.476404368695276048e+01
1.977462435553654885e+01
1.683650658468168615e+01
2.124635995521990495e+01
2.324018680563816375e+01
1.586258080201844578e+01
2.174235419530927516e+01
1.283581991691310975e+01
2.614283856463381994e+01
1.830078200223904616e+01
3.539292017096715171e+01
3.015979483983277376e+01
2.990818329782891283e+01
1.471254662995294993e+01
2.045709828075213110e+01
3.338382390037066472e+01
2.439024916376651930e+01
1.899266568603000138e+01
2.549674062604076852e+01
3.368915979131880789e+01
2.232267158553421282e+01
2.126475610650719261e+01
2.319402579543203302e+01
3.090600739364671767e+01
1.939182189261040179e+01
1.435070173403293303e+01
1.706118705667111968e+01
2.528480011616355938e+01
1.594289853778831656e+01
3.378362992083415861e+01
3.587747947692240302e+01
1.651305445992455390e+01
1.730216341986881190e+01
3.410579637856896795e+01
2.811646834006231188e+01
1.343703039503749608e+01
1.686140023059972748e+01
1.633502830023899577e+01
1.748533976246696398e+01
2.090962530573825617e+01
2.646023040265060899e+01
1.781389014817472827e+01
1.819263097672723717e+01
2.456325439668022881e+01
2.271373564623530683e+01
2.012391950911311511e+01
1.518615218382700860e+01
2.736611173505432859e+01
1.870256631078190779e+01
1.984990254141195365e+01
1.456105128182248620e+01
1.754495142438179300e+01
2.069788839202379549e+01
3.485292124709558692e+01
2.025853225934978141e+01
1.535142766779497414e+01
2.158493369349253044e+01
2.240914109487322747e+01
1.425362285026686138e+01
2.815380058159024657e+01
1.896933781089033744e+01
2.199313784440687414e+01
2.819509710512910416e+01
1.302728175617284379e+01
2.113097455417304715e+01
2.119293062757129320e+01
2.659369488955614713e+01
2.100709312441091114e+01
1.666896066922824815e+01
2.218002354172568147e+01
2.280410742074439767e+01
2.006559017415432677e+01
1.656365947877129230e+01
2.392041708221509211e+01
1.973823664253204768e+01
2.144858741864733886e+01
3.864352118194869945e+01
2.795855330809773776e+01
1.342614048954838069e+01
1.468832144204258938e+01
1.787799644522569054e+01
1.530384771254353993e+01
1.805460887023637540e+01
2.455612026163971962e+01
1.608762117747252418e+01
2.702242170683096489e+01
3.258935672875155376e+01
3.080945050435558841e+01
1.622696909963910628e+01
1.383618861225663643e+01
2.975725757697140139e+01
2.277764199125793354e+01
2.956280191435074300e+01
1.849444820026815606e+01
3.656743939885774353e+01
3.875399229517056909e+01
3.710118806055407248e+01
2.418782071110161169e+01
2.623685997055868313e+01
2.032539242658964085e+01
2.761157669782458157e+01
2.884170799759623804e+01
1.686485754645195456e+01
1.846769036237306594e+01
3.931485723626018114e+01
3.436612553223942257e+01
1.783875302301543897e+01
2.272638288522594152e+01
2.104120636295953517e+01
1.529669555014579885e+01
1.420978191034060067e+01
2.081035624296658781e+01
1.936275988494278621e+01
1.743586226955156704e+01
1.678059747401839630e+01
2.962409849388523853e+01
1.431774759155467081e+01
2.707625991109611618e+01
3.705688032015378042e+01
2.714193018924267875e+01
2.151348473638180891e+01
1.993747517907862843e+01
2.233551111204121753e+01
1.653002876036381252e+01
1.785819910114444653e+01
2.233800763579372273e+01
1.350492336543143068e+01
2.433187332340471443e+01
1.148282065485772208e+01
1.380543240772890101e+01
1.811124901447617574e+01
1.640391138885465239e+01
2.485287534324061198e+01
2.053169134648567606e+01
1.778525986495052535e+01
1.462948000868857790e+01
2.166759881568041024e+01
1.626197872857114390e+01
2.576088500538136117e+01
2.215590692827267816e+01
1.711288650932243982e+01
3.079985508873416222e+01
2.033780775420129316e+01
1.937828357586919026e+01
1.538214497654319501e+01
2.385716517886107724e+01
2.049782754773982063e+01
3.077032794413933914e+01
1.556230884300642714e+01
1.794577919913121633e+01
2.313716173388571562e+01
2.252961201563261895e+01
1.885220067796284127e+01
3.161686372591712768e+01
2.623044728135858961e+01
2.341470238134782633e+01
2.445283718237554638e+01
2.099962076840101943e+01
2.600068426196001425e+01
2.567144986882923874e+01
2.103228706171148943e+01
1.996625985779344248e+01
2.008654366562831584e+01
1.686357140064730586e+01
3.394260693027256792e+01
2.530425773798246070e+01
1.799148556952244249e+01
1.767903331691933033e+01
3.266106596863721734e+01
3.436736529297586884e+01
2.008983277358001729e+01
1.617031360736185519e+01
9.132890584123646960e+00
3.674980067897444513e+01
3.396228798436051477e+01
2.009603972619254364e+01
1.409959037603350218e+01
2.723320337879441411e+01
2.642892007667995813e+01
3.629470805539234846e+01
2.083462079445247994e+01
1.622443223822311609e+01
3.718016429956692548e+01
2.724222642008946238e+01
1.741481744989038916e+01
3.450170781535239684e+01
1.701152524130184673e+01
2.671738310955456086e+01
1.713313803903512422e+01
2.374775926235436430e+01
3.406852360829507376e+01
1.773741460960670580e+01
2.679417327625950307e+01
2.293318591729510914e+01
3.362092963737008944e+01
2.458552597603971535e+01
2.150390904591185759e+01
2.315095781844853562e+01
1.909202588756781438e+01
1.777599067600474925e+01
2.114853720509991319e+01
1.453300700496746423e+01
2.421799396974935803e+01
1.720582357408940410e+01
2.155305460021831720e+01
2.439586288854760454e+01
2.857062099952727152e+01
1.642887159837409783e+01
3.639496163750849433e+01
2.849938099365049737e+01
1.479062505699359953e+01
1.937696546120413643e+01
2.168331901908068460e+01
2.662218511054270920e+01
1.335935352593567771e+01
2.939944000320205220e+01
1.212945823834991721e+01
2.030986866963335302e+01
2.038809672391932892e+01
1.999634949699800046e+01
1.635364851387882723e+01
2.251022656932484622e+01
1.638937777921346495e+01
1.745156254041951982e+01
2.260827968915190311e+01
2.331740730134883677e+01
1.867186109913445335e+01
3.064935228994662708e+01
1.410147802096471814e+01
3.674881332180968485e+01
3.955059761945108221e+01
3.173183252500484031e+01
2.003777581839949562e+01
3.873153745472163934e+01
1.984203226051532098e+01
3.409521471343477117e+01
3.368793894601530070e+01
1.811571909396533542e+01
3.406191844803261404e+01
2.348239523447054466e+01
2.023205729395275299e+01
3.593784761856370835e+01
2.191058889995852965e+01
2.512293795424107401e+01
3.616325786377798579e+01
2.572995986166197113e+01
2.931773997868772241e+01
3.688951849466237576e+01
2.976783327337637530e+01
1.982619094122647851e+01
1.808579796227753178e+01
1.792638438747278684e+01
3.797612641542524869e+01
1.570352953759262071e+01
2.675362827742314664e+01
2.699662692438490197e+01
1.503487945526277869e+01
1.945000493443656353e+01
2.419670070118473859e+01
1.785132691589512532e+01
2.768338495255385467e+01
1.489517886945655789e+01
2.298985627938179732e+01
3.294691505161531353e+01
1.462992874595241233e+01
3.731851993149205526e+01
2.451079937541501153e+01
2.038731125447333881e+01
2.688990268294296371e+01
1.576689233801869250e+01
2.874263700157173673e+01
3.093747728000862196e+01
3.642603811402370440e+01
3.380404447043212457e+01
2.844587320408990294e+01
1.530478152219119004e+01
1.847854994702050746e+01
1.941809986750380546e+01
1.637124141789578857e+01
3.310704613495584425e+01
1.530767293214104008e+01
2.396965942505893565e+01
1.991444437984976545e+01
2.017022149015377508e+01
2.506645663109399180e+01
2.268759248611970847e+01
2.098517494311470699e+01
2.380027797841459858e+01
1.466600127025755640e+01
3.527071870660547859e+01
1.544228556033972311e+01
2.736727182540819570e+01
1.676453998721908434e+01
2.895367147375769079e+01
3.526770779436044734e+01
2.364043229930302914e+01
2.219804124416897650e+01
1.929883749696903550e+01
1.638675347879686228e+01
2.670774596294585379e+01
3.085915114041136675e+01
1.594493166090881076e+01
1.984409916359376780e+01
1.692979149054946930e+01
2.361489957756361946e+01
3.047732916015484150e+01
2.234624467982161988e+01
1.361535858271008514e+01
3.992984852223927561e+01
2.600717455148256008e+01
1.583704662113062511e+01
1.872253875174408932e+01
1.897857961406709393e+01
2.694808336331547594e+01
2.540137796463246644e+01
2.163206996332466403e+01
2.844522435660431015e+01
1.670859487017247602e+01
2.490714260721068385e+01
2.557324998174630437e+01
3.442350754244027655e+01
3.683487157859712369e+01
1.969908234455527563e+01
2.131514673506214308e+01
1.593441907984006534e+01
1.793839369626200408e+01
1.813343287231419509e+01
3.229375186963211064e+01
2.277505928442881356e+01
1.493716746517584326e+01
2.466146042817473116e+01
1.799730782754010505e+01
1.858072583814849921e+01
1.894254241914553916e+01
1.943797160282520053e+01
2.003152564786130085e+01
2.468491214633049680e+01
2.544352179385640156e+01
1.728607810612276552e+01
2.847002613059261122e+01
3.059585522905498323e+01
1.981425205928125521e+01
3.688432671131710094e+01
3.473769773696217555e+01
3.166181447245424607e+01
3.314734188562546535e+01
2.313438018698379040e+01
1.766949364091988883e+01
2.711487501088425489e+01
3.630609955750929174e+01
1.731714116552986837e+01
2.095251880730627292e+01
3.806137688929493379e+01
1.441811976661054473e+01
2.188629309238524812e+01
3.556279526084926346e+01
2.834275511340543829e+01
1.773402461613078529e+01
3.499692228663363380e+01
2.338292285675295545e+01
1.825767891005136079e+01
2.233820752894951411e+01
1.969031676876414849e+01
2.009068409647260722e+01
3.966447694243126421e+01
3.913628277831290347e+01
2.103367282047861764e+01
1.707809867150407612e+01
3.389368029894043843e+01
2.148977929277365462e+01
1.637781290551513180e+01
2.538348710676331521e+01
3.470914844220399686e+01
2.463516620106278765e+01
2.251236263741687083e+01
2.312460211413798206e+01
2.276508258517814198e+01
1.829796138013301388e+01
1.538551659067552357e+01
2.032492925287602148e+01
2.210969860406027365e+01
3.391599558655079250e+01
3.105142566038431085e+01
2.794132365580081867e+01
2.158924414515135481e+01
1.433505034664636391e+01
2.687515012764754729e+01
2.637122729878000627e+01
2.040153656655683534e+01
2.819862666564478815e+01
2.112095479614497151e+01
1.434812677846550955e+01
3.806294185532211571e+01
1.777059537620065655e+01
2.443073706734962869e+01
2.509084830783286080e+01
1.785127797794772064e+01
3.690838235081788810e+01
3.324797805994852951e+01
1.393281082002526006e+01
2.442360948600926207e+01
1.640915842080175580e+01
1.880174404997538673e+01
1.742311869880174768e+01
2.498105609650686532e+01
2.492294708257892211e+01
2.881812374218700867e+01
2.170359837365032263e+01
2.325887233759060280e+01
7.490013052338982291e+00
1.770463524312823367e+01
1.913633201629311387e+01
3.736925173076659235e+01
1.505026635371134525e+01
2.615286536882211266e+01
3.485980908580518900e+01
2.996927969003252556e+01
1.656939266140855693e+01
3.747067964873939161e+01
1.682468063071489439e+01
3.857945696569419169e+01
3.154847354787324321e+01
1.738675188675707517e+01
3.360451041559381480e+01
3.215656547845241420e+01
1.701490915681433691e+01
2.903253479312304108e+01
3.079721913381417053e+01
3.064264795584766432e+01
3.424858465466157043e+01
3.198243717382277040e+01
2.465724850749350594e+01
3.145534323841284419e+01
2.108436987592763856e+01
2.040695210123148939e+01
2.601446710118781880e+01
1.920746863405693361e+01
1.928283465174860112e+01
2.049130003137118905e+01
1.363890531724325683e+01
1.811462660742638420e+01
3.086083766749209190e+01
2.394044424496723522e+01
1.886481574680415108e+01
2.237862941086655155e+01
1.431398590634659129e+01
1.565728067559467007e+01
1.549144075115841446e+01
1.792263931791475073e+01
1.157451103550213922e+01
1.995028600749236602e+01
3.435972676337390652e+01
2.887808211969675654e+01
2.124802366457042524e+01
2.187491660241293445e+01
3.098153113613198428e+01
1.598827330086525933e+01
2.702805339626566905e+01
2.954785469227996586e+01
1.910265640421944866e+01
2.123435451491288006e+01
2.140826770185176642e+01
1.466078679284869324e+01
3.375793508402559695e+01
1.474978825134055427e+01
2.082325595014295061e+01
2.641209546394301810e+01
1.672450956660419052e+01
2.795273556659064340e+01
1.854082870118175919e+01
3.101255624149196066e+01
1.851509129933616293e+01
1.499107866704603964e+01
2.046212806076017543e+01
2.326606376496909689e+01
2.816768581850806896e+01
1.927115213074135625e+01
2.295649564851949620e+01
1.383568799088813961e+01
2.178808704830045428e+01
1.423897948478580133e+01
3.641268701882866310e+01
2.857762408838124912e+01
2.087020670369897957e+01
2.542288053628763933e+01
3.579097830974878036e+01
2.072450968660353965e+01
2.663980739528394537e+01
2.045320062246718607e+01
3.342584650386742595e+01
1.602729794960123400e+01
1.873635540081743045e+01
2.586387130832430969e+01
1.733166142766402018e+01
3.947156770579132967e+01
1.441211325438147561e+01
3.245090931483992591e+01
1.971552411995172349e+01
2.070683848959912865e+01
3.529501743939069769e+01
2.273964988926066866e+01
1.426629285529775260e+01
1.325303420162278378e+01
2.197109039147373721e+01
2.420849972866567867e+01
1.595972398730749298e+01
1.601789482891513217e+01
1.306521837470768155e+01
1.676671528764886787e+01
2.142369127190872291e+01
3.772247758983074561e+01
2.169150113027180282e+01
2.357435358790765534e+01
1.506383743669912789e+01
2.266054525485182225e+01
2.653841611337465878e+01
3.646389207522028642e+01
2.509572721809132645e+01
3.848653139826551950e+01
2.422366889188559469e+01
1.777518064131093567e+01
2.036108260761447752e+01
1.777937154535730357e+01
1.705238426550894459e+01
9.821554281569726541e+00
2.619335040694212324e+01
1.728578213038062827e+01
3.603140944489304331e+01
3.819776739380050401e+01
2.440566719274938379e+01
1.520026801153916196e+01
2.332776252533473738e+01
1.781330386702670765e+01
1.644007321937351662e+01
2.208325029870768930e+01
3.074533828054090634e+01
3.052549730925359839e+01
2.629656505138015277e+01
3.093086130877800599e+01
3.118207501135086090e+01
2.126460990270774687e+01
3.987125329166669729e+01
3.402931548292171726e+01
3.377774192825413024e+01
3.128532627280028322e+01
1.614896505000845650e+01
3.686420924228069396e+01
2.204329593891526429e+01
3.821017528904150851e+01
3.387479714570570621e+01
1.423580464330072637e+01
1.738947045079876119e+01
3.661222116414382555e+01
2.070137979159083130e+01
1.132957830808104660e+01
2.739862126156751998e+01
1.763834541105077136e+01
2.571151430968395601e+01
2.649995182581308484e+01
2.962345761161721214e+01
2.204081735440796663e+01
1.349601234184061482e+01
2.759227363532530219e+01
1.688399894463319839e+01
2.019412643664591656e+01
2.206723403311498544e+01
2.634217904752150474e+01
1.808946725075607986e+01
2.350360707041291519e+01
2.479154513095105017e+01
3.236518394943249888e+01
2.169633993186529963e+01
1.715147377281443042e+01
1.441506031610212446e+01
2.116262889552459825e+01
2.546568048196953526e+01
2.039700515779778200e+01
2.991010569131552899e+01
1.582565932245352158e+01
3.976908592266915576e+01
2.426906582285942449e+01
3.835231916382221584e+01
2.942964782863563400e+01
2.460153050052510437e+01
2.684998020002446850e+01
1.714199977335252356e+01
2.670388734963665911e+01
2.926384232673569485e+01
2.940951481698472492e+01
2.895683690997369197e+01
1.642215934485723139e+01
2.151906171898773579e+01
1.663328406598384746e+01
2.829627453440862794e+01
3.324034601633399433e+01
1.570021543584334367e+01
2.086582927844867896e+01
1.608542108059070941e+01
3.678296098844996465e+01
1.529796111060048247e+01
1.264068215463366585e+01
3.044295045145128142e+01
1.403304608988525892e+01
1.894754610708857356e+01
3.528734036738816116e+01
3.745105513213046322e+01
1.801290309310834914e+01
1.295282600449030674e+01
1.680077651497638058e+01
1.973816163927606127e+01
1.636984524164523691e+01
2.300615156715784337e+01
2.343993016629649873e+01
2.886930699689418844e+01
2.596958823556201423e+01
2.990383923632531804e+01
3.482077442905130482e+01
1.883791366870674722e+01
2.435219754839718220e+01
2.542990821483297736e+01
3.201886319912489398e+01
2.625730234455987855e+01
1.783063806315269773e+01
3.018027196704274928e+01
2.306221740441448276e+01
2.411590734040150608e+01
1.794611151633758439e+01
1.718747813453170181e+01
2.488963549290009780e+01
3.826810049192746988e+01
1.700519718574928874e+01
3.983637706530522848e+01
3.654613771412692103e+01
3.286256904718690919e+01
3.648343679584085208e+01
2.333832854376059274e+01
1.818730966870061394e+01
1.831391317750187397e+01
2.170690275414008497e+01
2.247416129251157102e+01
2.063480928127258451e+01
1.810708887772249653e+01
1.756597245593039602e+01
2.459893680088086754e+01
1.981895056987419323e+01
1.874855315815986856e+01
1.933610466156156349e+01
2.861409828859542515e+01
1.827198372009356575e+01
2.823845604965069001e+01
2.401718163743682766e+01
2.600212072992506762e+01
1.756057620459183255e+01
3.079092882101133100e+01
2.066510702872083982e+01
2.528462814583344453e+01
3.206036710968634651e+01
2.308123634449002637e+01
2.853809255090216723e+01
1.779408164419259464e+01
3.684384126635404755e+01
1.221785369745240146e+01
2.582300318366038638e+01
2.240512354263469419e+01
2.347716488534565116e+01
1.373433284926064246e+01
2.608638466752532992e+01
2.848946004772631468e+01
1.817504422261080066e+01
2.800243360080377641e+01
2.888446271613668159e+01
3.615580902363945626e+01
2.014844750064575862e+01
3.737772016715715750e+01
3.070296880970254705e+01
2.479204231208743536e+01
2.524724123650322127e+01
2.741756431853400500e+01
1.628180806165826411e+01
1.228117743982104315e+01
3.761385611836925591e+01
3.106654862080547375e+01
3.472203966849377821e+01
2.972684073690719586e+01
2.754526575675479450e+01
1.320637928301799136e+01
2.397171164394573850e+01
2.526061204060637877e+01
3.249890779841521748e+01
