9.510910623171119349e-01
5.784893513337099336e-01
6.457819781873770371e-01
7.743281542050378663e-01
1.110026025005762973e+00
1.960864970427267651e-01
4.955958086633376336e-01
9.188487977245660687e-01
1.299039942356752686e+00
1.597840658980624884e+00
1.015991460305556648e+00
1.540683949009452602e+00
1.211845314828083331e-01
1.167468790404743606e+00
1.736202948663167489e-01
2.764170193084613536e-01
3.724592256969400106e-01
1.592246466268572469e+00
1.257702388000012217e+00
1.276869462495131780e+00
1.432402771534023733e+00
5.834350623820417914e-01
4.609425927157825842e-01
6.858105667112281145e-02
1.108076659640920836e+00
4.437026230975749108e-01
1.530561478796793606e+00
2.608031968612056772e-01
8.431791250178045927e-02
5.161471621926212450e-01
1.862156556501385063e-01
3.712007854283111419e-01
1.546675758424902458e+00
3.173834573364440192e-01
4.379668238206759212e-01
1.368645039638407113e+00
2.992474533045058616e-01
8.682946252337320203e-02
1.631610412948605093e+00
8.954004222159662740e-01
1.111151378136341315e-02
1.442275846462700351e+00
1.659179715756079698e+00
1.451112747131442227e-01
1.096149316859564571e-01
1.669892240056476962e-01
8.092688381593805824e-02
8.264421869005804389e-02
8.818956257851032765e-01
8.801679195576669334e-01
3.756468435274610829e-01
1.571174475457719488e+00
1.220423055713362320e-01
6.859685820915857324e-01
3.073702071216801168e-01
3.121103832975180570e-01
1.037407386657555497e+00
8.391952714597857854e-01
1.434870139826438518e+00
1.468766743135566100e-01
1.539706655723371287e-01
7.188460894109339749e-01
5.182377728173976905e-01
4.898214202336113182e-02
9.088359362451013945e-01
1.239482675350118690e+00
5.166520471755713384e-01
6.895223460651678238e-01
1.034102522113533595e-01
6.774125215137697387e-01
6.274223465835572222e-01
5.094764085152506672e-01
6.701802794908683358e-01
7.912399299017397469e-01
2.199741583382268661e-01
7.638495919489577402e-01
2.626812395309471304e-01
6.896557512887057095e-01
1.122014420412459357e+00
5.487744362237524376e-01
4.816553610144903019e-01
7.587749543902034058e-03
1.059715083074127984e+00
1.339999431818405640e+00
1.518492406437438547e+00
3.623427019434495855e-01
1.371705953151603596e+00
8.814551195391080451e-01
1.259176931876445416e+00
4.451879902601806049e-02
1.215959101690276878e+00
1.002065336258233519e-01
5.089905134197734993e-02
4.698335172396899684e-01
5.907390619859403946e-01
3.639013980468081000e-01
1.495979920124802742e+00
1.051790231622898864e+00
7.162738789603600997e-01
1.246449567890372423e+00
1.980371412302350462e-02
1.070492842741423090e+00
5.749843279920272554e-01
5.696338148366213855e-02
1.530865765291790748e+00
1.130982583646163553e+00
6.251994109119791698e-01
1.097014567830174148e+00
1.134477660807168276e+00
6.461204870704040371e-01
8.114865582604878780e-01
1.462129256842223723e+00
1.048028709792469648e+00
5.919240333501947227e-01
5.491722073826964257e-02
4.530552399216560278e-01
1.064874662774344116e-01
1.578807037223862508e+00
6.249122191660024840e-03
8.708171706958277580e-01
1.358441301280742142e+00
1.059715083074127984e+00
5.538059630822033119e-01
1.589852844604324078e+00
2.749366924395683642e-01
4.437026230975749108e-01
1.467311169478306976e+00
9.078062903834904773e-01
5.278575572933460330e-02
4.220495533719585968e-01
5.692343790043496998e-01
1.660408947067291419e-01
9.956153277655066525e-01
1.888513256345656921e-01
1.626538762866780008e+00
4.792235960919730142e-02
1.098852894521022527e+00
1.736202948663167489e-01
6.793583808896180853e-02
1.089387844385592441e+00
5.952608055322248237e-01
1.148167834154720346e+00
3.073702071216801168e-01
1.200937099422821230e+00
2.749366924395683642e-01
6.837850459378130852e-01
1.394681446332278307e+00
3.616276280042432512e-02
2.022785022327748816e-01
2.503895310316854306e-01
4.624318920674141409e-01
7.689119424965130956e-02
1.069856722007375360e+00
1.368242707397023528e-01
1.654435872630364068e+00
7.799364696686753584e-01
3.814276618594574231e-01
4.594150820785481426e-01
6.669558823741770226e-01
1.174316770069247617e+00
1.048977166407707648e-02
3.792577907052186448e-01
1.591334189497066953e+00
8.942641142787522979e-01
1.039680011727676989e+00
1.389580456274796871e+00
9.567039245837087869e-01
5.252846268906259386e-01
1.274856560280436701e+00
1.472009039402829567e+00
1.369499316298503855e+00
9.211381259163001767e-01
3.171982407167698859e-01
1.394656161800260086e-01
1.991485401224761531e-01
5.203007201414596716e-01
1.347201699012734233e+00
1.014883418753033562e+00
5.982776764603382480e-01
1.369991330966885634e+00
1.201547785032796911e+00
1.491921700671875683e+00
1.482364068339892871e+00
1.350515374300170102e+00
7.898204335727174175e-03
1.135985239628998916e-01
1.008339784810508899e+00
5.238929463229761163e-01
2.812268605284246048e-01
1.517093578083690053e+00
1.018967127805044726e+00
1.166220542733164223e+00
9.309941077023023981e-01
2.588568707403487990e-01
1.113283720675849242e+00
9.010568694417261937e-02
7.954730568700461024e-01
1.018401940836918040e+00
6.121024745701394432e-01
1.055830458118742765e+00
5.952387582874612004e-01
5.582421523777976180e-01
5.244349644971498803e-01
5.671615306646450305e-01
1.188216030882923019e-01
2.576079796424190493e-01
1.225983262890054659e-01
1.020493396979684553e+00
1.064851217307673237e-01
1.262147221336704428e+00
1.545340669940280964e+00
2.308162869615380253e-01
2.577771380313976790e-01
2.456887375380295904e-02
6.055743761327374575e-01
6.084823466412419002e-01
5.995652784317484496e-01
5.969883982903365638e-01
1.041763301066757873e-02
7.310695785979177685e-01
5.718970801267112547e-01
6.784960586526829207e-01
1.074274254929185490e+00
9.247985999181453087e-03
5.739776220684982694e-02
5.319939755317630858e-01
6.093560158231968726e-01
1.090178869446718268e+00
5.147404084825849546e-01
6.145493128338671562e-01
1.266537988432888395e-01
9.575348085532716658e-01
5.420632232293310926e-01
7.593014417063967958e-01
1.011753896852913837e+00
8.795115797144313907e-01
6.993517387477723446e-01
1.243027203632834088e-01
7.044668056305707360e-01
1.037180252964801097e+00
1.544129615817787515e+00
5.199121198753485773e-01
2.007603142463880996e-01
5.289626201362805924e-01
7.282427778366817872e-02
4.533934146533445952e-01
2.258202141536448382e-01
5.795246789487631389e-01
8.969774569338155867e-01
8.670500200139885649e-01
1.563382644837564062e+00
2.502368190553083682e-01
1.240054949791323802e+00
1.345981204778170071e+00
7.917568160341681427e-02
9.269626995985130735e-01
1.266537988432888395e-01
7.410110202694664139e-01
1.045718512225132013e+00
3.104502108144302497e-01
5.787031655934363195e-02
3.446631886753744323e-01
5.705028173264936608e-01
6.357105996715840535e-01
8.032619222936056014e-01
1.429362927440707809e+00
9.037389614453015252e-01
5.504438456275082547e-01
6.280219041188197515e-01
1.209850090060877181e-01
2.354547638012326541e-02
3.774771234442173551e-01
5.203007201414596716e-01
1.374374598995677932e+00
3.692117911796339302e-01
2.407234646499042674e-01
5.731150961340857330e-01
8.692774393203799299e-01
1.571523215835451293e+00
1.517408613052149580e+00
5.721891675234752617e-01
1.312920632064932258e+00
3.044983139907976866e-01
6.019264665786613899e-02
1.634946440024151570e+00
1.879077758569048517e-01
7.926657966811797573e-01
8.636443075734692720e-02
4.033063954746670121e-01
5.101339979390109303e-01
7.376825766247256944e-01
4.091508412832039338e-02
2.837765522346261671e-01
1.934966179939167641e-01
3.718089023076091570e-01
7.415913901549771037e-01
1.638224132279709755e+00
2.251594876291053426e-02
2.898080599270324020e-01
1.155490782954238682e+00
5.876708557186744591e-02
7.315214017350254450e-01
1.122475361883794598e+00
1.664573877732462848e-01
1.448517169037751184e+00
5.772114048781852302e-01
1.024174598358980059e+00
1.499075461083970162e-01
3.075213276221013328e-02
6.214600277260895478e-01
1.401132943297467515e+00
9.667537701919098891e-01
1.281248167316650699e+00
1.566399390738818953e+00
7.815381462477181129e-01
1.718934752355213702e-01
1.445540104003938953e-01
1.805711594161542033e-01
1.166769731698110046e+00
1.555676598961164281e-01
1.045031363809200142e+00
6.322311624047873835e-01
1.274001865540966172e+00
1.607076381232392270e+00
1.581998438951038199e+00
1.934966179939167641e-01
5.383963355365060238e-02
1.045540652830847073e+00
1.014554223893475493e+00
1.151381803329350195e-01
1.065579954712831262e-01
5.020901459843473136e-01
1.025368782714944915e+00
5.126120621046968973e-01
1.384487268509550173e+00
5.477678587668908250e-01
1.403332482210632337e+00
5.448789600658235921e-01
1.074806601572614144e-02
5.172620837945236111e-02
1.124944322012431774e+00
4.054565753456699229e-01
1.151713463262202142e+00
6.623320818682805478e-02
4.345708305650423237e-02
4.452276453787202271e-01
1.579321442362854322e-01
1.042742604442382648e+00
1.020493396979684553e+00
3.101583659165593199e-01
5.907485914826915430e-01
1.172184554483654439e+00
1.277135293878229882e+00
5.442911702146755459e-01
5.550098523674720230e-01
1.331716225841283130e+00
1.219624852392171555e+00
9.150595806045284941e-02
2.274557860193540393e-01
1.334005242573159222e+00
1.235035343460565205e+00
9.396453232504839437e-02
5.521811017032320912e-01
1.101460231634642239e+00
7.023174344725415796e-01
2.002092098199205750e-01
8.332470567532193617e-02
1.515919588272829355e-01
6.969834102137749676e-01
1.057209296012685762e+00
3.101771439124246244e-01
5.815469252040649240e-01
3.833718525067939531e-01
6.249122191660024840e-03
5.302735279340321517e-01
6.156663586099565544e-01
3.691228449895135877e-01
2.756524043415654601e-01
1.228130975868339636e+00
4.145677043030641107e-01
5.803356241388188952e-01
8.863245008241229517e-01
3.092379551615949684e-01
1.636432106892689586e-01
1.026795650888625566e+00
6.915261154248860676e-01
3.947166125974702761e-02
9.098293287055654321e-01
8.670500200139885649e-01
5.256153068507348758e-01
1.012207624246725057e+00
1.150360221516718573e+00
1.018312215767801510e+00
1.729126061599801645e-01
1.172116433713762618e+00
2.328768573624975247e-01
1.849525744472096944e-01
4.517672987802467260e-02
1.369030961611408026e+00
8.994753687949685883e-01
6.737765184877422264e-01
1.042253629356329370e+00
1.530330858443148978e+00
1.374649008362777369e+00
1.021739633330142949e+00
9.424495643734639438e-01
1.489225844691087319e+00
7.041676217284913442e-01
1.491219517107521098e+00
3.022507216451996714e-01
1.658599635471308842e+00
7.917568160341681427e-02
1.577567821424293859e+00
2.931619899218272929e-01
8.658902909990343066e-02
2.004953958887680243e-01
7.442184710600012743e-01
6.433336530040337786e-01
4.891058042873514533e-01
7.914213358402646392e-01
7.454303191989881672e-01
7.240611550741385960e-01
7.354359221152693138e-01
1.180811132639087990e+00
2.195280777900585900e-01
5.466405437055917860e-01
6.921530100260191165e-02
1.659125721745861259e+00
2.335941404158302093e-01
8.695057373656454036e-01
7.951168299534369099e-01
1.100109386855050220e+00
9.663435150483112857e-01
4.258346916566526641e-01
1.578136437755221166e+00
1.317480546265334729e+00
1.213475287733086327e+00
1.287327661101184795e+00
1.561672968829634689e+00
2.311773723428835747e-01
5.513035797068250449e-02
1.235035343460565205e+00
2.603087613227884622e-01
6.212298589798339599e-01
1.046299013058901606e+00
8.167651117606362643e-01
2.383095644193217733e-01
7.214294819813025228e-01
2.074269026009832595e-02
3.101583659165593199e-01
5.350380905569596113e-01
1.393807890111674608e+00
3.833507006703914654e-03
1.217286112054518199e+00
1.283770668245437507e+00
7.759619459299127442e-01
2.217052956335552882e-01
9.775817035812420230e-02
5.305015584823213892e-01
3.671182556575497413e-01
4.054565753456699229e-01
3.025474365570675062e-01
6.644468329285194708e-01
1.380245098348870936e-01
5.862383826944996823e-01
8.969774569338155867e-01
9.038151372754685831e-01
7.397086325468982260e-02
7.960256925757258628e-01
5.810463270744894437e-01
1.220423055713362320e-01
7.964339954948218558e-01
5.125270485010846588e-01
3.205968280565651418e-01
7.221024833643497898e-01
3.443702870718903797e-01
1.556232543016471626e+00
9.839739212530387302e-01
4.187502656077973229e-01
1.003219451573677423e+00
5.493259432031126765e-01
7.640549303209603904e-01
6.124250233871356697e-01
1.824072943252779549e-02
9.090120575236864120e-01
5.726427187593425838e-01
1.581226780121281594e+00
2.470233837579252079e-01
7.390309904969278865e-01
3.532262569204291935e-01
5.513035797068250449e-02
2.620221242420050500e-01
9.088359362451013945e-01
8.431883565692679938e-02
5.122770373859343307e-01
5.842046454189760152e-02
5.466403849810935744e-02
6.579217148346155897e-01
3.623288918277077775e-01
1.110160747457356045e+00
2.232979502751745171e-01
5.512653659223699237e-02
7.653288836941098960e-01
9.715275438116175444e-01
2.485257983338519938e-01
5.110042347838085197e-01
5.648161925911426851e-01
1.073463184975644191e+00
1.188851358299017197e-01
2.362136151427783881e-01
8.258022773855770993e-01
7.407701738425760407e-01
1.262796411483334325e+00
9.596942956274449044e-01
3.551886590676538169e-02
4.635406131467978419e-02
6.958429415791441697e-01
2.729219566437627309e-01
1.031770963709745248e-01
1.655801879711297220e+00
6.423907061240228256e-01
1.584703710215651720e-02
8.640618946550854274e-01
1.024107842337788288e+00
1.304760028729805010e-01
2.886497928160799975e-01
3.187708891483247153e-02
1.263784689111688175e+00
1.346045197534542881e+00
9.611684445245931574e-01
1.490273861123128984e+00
1.224112869173631157e+00
2.174692788983346170e-01
4.126288011558678637e-01
5.989429392386302897e-01
7.700473255411867113e-01
2.982051094904011324e-01
5.834152771528257064e-01
5.888685530018654690e-01
5.281151300338853272e-01
1.091483715596038406e+00
2.173071739067541919e-02
2.245499988562129901e-01
5.580781984916540761e-01
1.614019467714424838e-01
3.664106328354278519e-01
2.526107063231664007e-02
1.003665174151290307e+00
1.173805046790559192e+00
1.406238100359225696e+00
5.099670100713104004e-01
7.244025108597590412e-01
1.491972390642419821e+00
1.158508567474931361e+00
6.293209370004247960e-01
1.287327661101184795e+00
1.851611240061263042e-01
5.216083229747497940e-01
7.031677442756893992e-01
8.674436354890475709e-01
1.399293233267172587e-01
3.440049032410653906e-02
5.323501402014123585e-01
1.610109278485909234e+00
1.718934752355213702e-01
2.884857296151817074e-01
2.017767611307416317e-02
8.032619222936056014e-01
1.516464014280405115e+00
3.518206399158633757e-01
4.103272359431942018e-01
7.036247755577462737e-01
1.199806395695755867e+00
9.815691070905023796e-01
7.562910029108188548e-01
8.838256572877358774e-01
7.004456570686404815e-01
4.997249796702527558e-01
1.433771854212934516e+00
2.425089499603502452e-01
7.317158960118971822e-02
1.316312422635897983e+00
4.632105802133528738e-01
5.504139204010032316e-01
1.173212123326309309e-01
3.901344188239645461e-01
5.236530189605659302e-01
1.677524272099139083e-02
9.006099799806610573e-01
9.454495832833883506e-01
4.641278384254644562e-01
1.316312422635897983e+00
1.194767195308286123e+00
1.082618707406290612e-02
4.657654244431206902e-01
1.275465841636286957e+00
8.997285319410258664e-01
1.457717086298477405e+00
1.933351984005530488e-01
1.007804127928988880e+00
4.473775416601025179e-02
1.007110147500913655e+00
4.657654244431206902e-01
1.365739880135856898e+00
1.042714977063111448e+00
9.843097449466401416e-01
4.314238781279959856e-01
1.448995255694112361e+00
1.607722420366883842e+00
1.467465075324229984e+00
1.215959101690276878e+00
7.917568160341681427e-02
1.484177153233911861e+00
1.622861081281240736e+00
6.251540219730058467e-01
1.044518816476196488e+00
7.906827509964220457e-02
1.819697524084021648e-02
1.560848277935209971e+00
1.046905233257437118e+00
4.456359903146301371e-01
5.928885874032052694e-01
1.125725921892918091e+00
5.516015221344732211e-01
2.199741583382268661e-01
2.370866957348108373e-01
5.503076599346767850e-01
1.193128983443831670e+00
6.328372343730239713e-01
8.081977470975379441e-02
2.413996921470239199e-01
7.948459322046920461e-02
1.640330898055297304e+00
5.703549391184816741e-01
1.149106441033369119e+00
5.630347915341895604e-01
1.054820781942305413e-02
6.140270133826320614e-02
5.226459535529546230e-01
6.041592734142814392e-01
3.569853139850947543e-01
1.185340358710538666e+00
2.232276549992445180e-01
5.092424191667652700e-01
1.490186189942151795e+00
3.484186448494441812e-01
2.181174328072297275e-01
5.336985827289488782e-01
1.364774677862897301e+00
6.909551176443599063e-01
1.866019462056208722e-01
3.328138006742342725e-01
1.633617503087484657e+00
2.269824771229409788e-01
6.580696637027754203e-01
1.537827767587845340e+00
6.332132381521746178e-02
6.844578404323714560e-02
5.138264288623657361e-01
8.506805785226134731e-01
8.414819957244932258e-01
4.892049677325867041e-01
3.717663537612644342e-01
1.152674794247890259e-02
1.037542718447955536e+00
8.341754431619924359e-02
5.772114048781852302e-01
1.254563195248574979e-02
5.881688866469140242e-01
1.540348802407071283e+00
8.938733501238230739e-01
5.614495296883342812e-01
1.359997197241015199e-01
7.771385843472369270e-01
5.423809615492399816e-01
9.168229378306573529e-02
1.602897842973410869e+00
4.307659561666378756e-01
1.513119174044033954e+00
1.005892328789248058e+00
5.581427181002508453e-01
1.492941302875917309e+00
1.546820933543548104e+00
1.427203312020841830e+00
1.246635326976488045e+00
1.629559544517216185e+00
2.923860079681542268e-01
1.387355842953721385e+00
5.305917697377100506e-01
1.262147221336704428e+00
5.424959101551278806e-01
8.220745984533359696e-01
4.295773723470248245e-02
1.098283659966128090e+00
9.870272714720289553e-01
1.021739633330142949e+00
2.441502711834165618e-01
1.171077006852094149e+00
4.192722090785906686e-02
1.424154502431384195e+00
2.069603060005414386e-01
8.775425020845074586e-01
8.645764990906711078e-03
1.393752855630166154e+00
1.757624110170257492e-01
3.352820036076059607e-01
3.579808040040431405e-01
5.067724145761604015e-01
2.965887258804874027e-01
1.907673981000396479e-01
8.255535168090092357e-01
1.736202948663167489e-01
4.111683870822012143e-01
4.033063954746670121e-01
5.263998221041584769e-01
1.419662262465099634e+00
1.227333409287824306e+00
1.258923183115131517e+00
6.395532778665184714e-02
6.566046373307599104e-02
3.446525112444437933e-01
6.845548521124879271e-02
1.010324356265326795e+00
1.005530988898166278e+00
7.809026032516659388e-01
5.040687128130162398e-01
7.749306792680905609e-01
6.666003851485684528e-01
9.545130683475624433e-01
6.710850422316630981e-01
2.201350055706064734e-01
8.161064846223754776e-02
1.191386273226857195e+00
8.429420570365080412e-01
9.982144825269110289e-01
1.135995271126079453e+00
1.040930707281675138e+00
3.887046981219436925e-01
7.598123350299695877e-01
1.278126615031516256e+00
1.035562983070090343e-01
7.282427778366817872e-02
3.394262817575564029e-01
6.697089819034709457e-01
3.081380624185754979e-01
6.105372488938008990e-01
1.429178479770742083e+00
1.073109805836534925e+00
1.074931661053962761e+00
1.565492756972984623e+00
6.841331194219649747e-01
6.148081227421974271e-01
1.026979471755196105e+00
4.348698565288633966e-01
5.694939536593730534e-01
1.002309314017251207e+00
2.531285362538266900e-02
8.438556339055529598e-01
1.127981547903489368e+00
4.105925391793395218e-01
3.604366120678045848e-01
1.624737186718429038e+00
7.010730631297643622e-01
1.957751833303788269e-01
7.309675396322278251e-01
1.321057183054271222e+00
1.181558573954213154e+00
1.037797008933007276e-01
6.280918452159698351e-01
1.261689796921523721e+00
1.098560896141823395e+00
1.164775582106279683e-01
1.417105972782932044e+00
1.585314081443679024e+00
1.633886619086941661e+00
4.365015191846388087e-01
1.057553176333179579e+00
7.285958011960237402e-01
1.272120238390915259e-01
1.322579119510042700e+00
5.212902893778950109e-01
1.132258852861840470e+00
5.964322132359638484e-01
2.332089991781077787e-01
8.814551195391080451e-01
8.124410611313408470e-01
1.290236270954755682e+00
1.592246466268572469e+00
8.096559102264182517e-01
1.554232855238350641e+00
2.902656920471188839e-01
1.214077896157560038e-01
3.144839631113320322e-01
2.359453512796592933e-01
1.325080648167251407e-01
9.042841912238421820e-01
1.087256782946785183e+00
8.801679195576669334e-01
5.357155944967268990e-01
6.562023803027261515e-01
5.119795431940332708e-01
3.721377932356920715e-01
3.055662325158098880e-01
1.142956584709684087e+00
7.308381872596129980e-03
1.589852844604324078e+00
1.400667164188245661e-01
3.408832809966815258e-01
4.451879902601806049e-02
6.603510462897770328e-01
6.502984945358218638e-02
1.289270769084673862e-01
8.391952714597857854e-01
2.516294679685525115e-01
3.664106328354278519e-01
1.246449567890372423e+00
7.517169939788891364e-01
1.086633228409920049e+00
3.589793560565691100e-01
4.714237664032678854e-01
3.817728746491707570e-01
1.571832851223881944e+00
5.449052421114070066e-01
6.116431879876338407e-01
5.352349676749965646e-01
4.447882772679993546e-01
6.168866937510513182e-01
1.501584916835447814e-01
7.958031534756876413e-01
6.206791620203739451e-02
1.315753202962069768e+00
3.893647149741657487e-01
9.819617297804953404e-01
5.819570255998643971e-01
5.336298676261588270e-01
2.288798775859728629e-01
1.567298264802459429e-01
1.400019409210670140e+00
1.352619739540790400e+00
7.520715472679943003e-01
6.913173789843609675e-03
4.863967455890454983e-01
1.126584718578873101e+00
1.557366657707363711e+00
4.884753715073939656e-03
7.488261326704682697e-01
1.531329896222913378e+00
4.673748792341342329e-01
1.406773172901714775e+00
1.202019243482389088e+00
1.156778358677161694e-01
1.464699389796766171e+00
7.690886542628059264e-01
6.794748886895518591e-01
1.348677601213143784e-01
1.650868442352082077e+00
6.988538381636103525e-01
2.457798348682644074e-01
1.148777599092825286e+00
1.828389658296098244e-02
7.870874977283112139e-01
1.722008035662566383e-01
6.900102821164944000e-01
9.404395230970381547e-01
1.010324356265326795e+00
5.266911185513242222e-01
1.005530988898166278e+00
4.722080147029799058e-01
1.474434466244576747e+00
6.019951028665400106e-01
1.156778358677161694e-01
3.970802226353487563e-01
5.825408276460012358e-01
6.697865522870555255e-01
4.182000492225350641e-01
5.087551980450628619e-01
1.513107971840693899e+00
1.171231065652982517e+00
4.380203094328514180e-01
8.380870810240794722e-01
1.315155940511697263e+00
1.240134525793213482e+00
1.102400328274506652e-01
1.423165439618785832e+00
1.041983115861013554e+00
9.987053317152663201e-01
5.922034139518249640e-01
1.848916585336005669e-01
1.117866530710890149e+00
5.201901650735799576e-01
1.884921716449327045e-01
1.635537736336043269e+00
6.697089819034709457e-01
7.488261326704682697e-01
2.397025375658703716e-01
1.238363764005895318e+00
1.335921441077870364e+00
6.487751638054335412e-01
4.015076130296542367e-02
5.012821254250643399e-02
2.209747457023222839e-01
8.942641142787522979e-01
2.695059227503998622e-01
5.717984504961222125e-01
6.143940195349506528e-01
1.570559564443313016e+00
1.037542718447955536e+00
6.340743834974529314e-01
9.237134263005044588e-01
1.664507700296086745e-01
8.341220950608166929e-01
1.405725510197805006e+00
1.561862182685723965e+00
7.152669064413500477e-01
2.710671677127649004e-02
4.378262997162823411e-01
3.443821540295756434e-02
4.799148660575038305e-01
9.453881475509057219e-01
5.328169556557503794e-01
1.179460494560975681e+00
6.321980093889445484e-02
1.153323733612952706e+00
1.592339145942198053e+00
1.288428032951093316e+00
5.151571904699419474e-02
4.442053561007130447e-01
1.480929924218478133e+00
1.642039961566822193e+00
1.595386731642485678e+00
3.394837242193556870e-01
4.875012189447558431e-02
3.439329766329001226e-01
1.406658035802041740e+00
5.831080729102660065e-01
1.012875184751556912e+00
3.777371781806226347e-01
9.403682281048596492e-01
1.392006582397013137e+00
1.170084135672183057e-01
2.754778590260761328e-01
7.672201292557121466e-01
9.777609577045047740e-01
6.429037694504267098e-01
1.433823789280185723e+00
1.506532270009947327e-01
1.535228171983132439e+00
7.634391132039194949e-02
3.310588190960630506e-01
3.505569381260282280e-01
5.553761464206429244e-01
1.370762481720820825e+00
5.284435639530459666e-02
1.136143621947572901e+00
5.327829550378520018e-01
4.713443960949135758e-01
1.633617503087484657e+00
9.715275438116175444e-01
6.093530357912716466e-01
1.171077006852094149e+00
1.184189508147996284e+00
1.971031694857728125e-02
8.391952714597857854e-01
1.281776943127758805e+00
1.093195715646958777e-01
7.707844518024114210e-03
1.272734201255024677e-01
1.169927419677089242e+00
1.053367801090590028e+00
2.009759387775583370e-02
1.442275846462700351e+00
5.768715592975441897e-01
7.646559606264682341e-01
5.045389504050936669e-01
9.827522160751976932e-01
1.449456795731495884e+00
7.649217798705638671e-01
1.564520020604588613e+00
1.041357515350541441e+00
9.609098476959534452e-01
1.658334477655809769e+00
5.872900997580368099e-01
6.493843700147310383e-01
8.581318788114077056e-02
3.185291414421269618e-01
1.134811395817278967e+00
5.202213951891202504e-01
8.056178493778516636e-02
8.582685256869190260e-01
1.648875824378317756e-01
7.612821726297975822e-01
5.098900546929419075e-01
5.968386997916752534e-02
7.651443497633664270e-02
5.045436161007362669e-02
1.364774677862897301e+00
9.539110870654179397e-01
1.031581016866370604e+00
1.406569562700528797e+00
1.342225400937238966e+00
