3.056240264039386201e+00
5.103000080983365550e+00
5.276721646465127868e+00
4.608555129066361999e+00
5.393645776269242909e+00
5.715465204416828371e+00
7.256324813020799125e-01
5.610036043857584254e+00
5.152896830199730438e+00
4.479161549554532940e+00
5.602765536657234868e+00
5.240089961216907177e+00
1.631228301701771244e+00
5.744115175318347255e+00
3.365197053843975716e+00
3.114250149807792578e+00
5.755234802941912697e+00
5.666161462378777713e+00
4.661028644200522209e+00
3.542044220648561836e+00
2.165181472388457706e+00
4.031207214642898329e+00
3.872454667585154553e+00
1.307214855643979989e+00
5.753256436785147088e+00
5.719614718394740116e+00
5.734420280605060150e+00
3.367535494564667609e+00
4.912357803400984935e+00
5.682408223569023420e+00
5.716463737553705293e+00
5.743454062721951914e+00
5.760415224561804770e+00
5.066419099385182534e+00
5.719190958112826628e+00
3.809273450094104785e+00
5.672425413861120091e+00
5.725187380204929788e+00
5.724791579411687259e+00
1.724034716203168283e-02
5.745324165686999329e+00
3.492997724945396953e+00
5.734835620607049655e+00
5.756116125068220235e+00
5.600821527932946076e+00
5.747311615430306553e+00
5.904387163653188053e-02
5.601363856135496810e+00
5.709187778401718205e+00
4.269840090257585707e+00
5.734200267941576890e+00
3.924514240638290907e+00
5.757973528836049404e+00
5.720864200349024209e+00
5.765281789824972414e+00
5.761240090760536781e+00
4.651910832808545671e+00
5.670489528527558498e+00
5.673690054971560315e+00
2.811615387071091821e+00
5.725091393686001062e+00
4.787929710187087018e+00
5.718682334834571002e+00
5.715850485810216597e+00
5.222799032571803224e+00
5.147081999576877287e+00
5.736366287391494012e+00
4.646187153540934922e+00
5.194067577512568867e+00
5.259752846353006994e+00
4.974776191224974831e+00
5.758468470393791172e+00
3.952070156802087730e+00
5.757955638256411213e+00
5.681122530733085263e+00
5.382079020264321834e+00
2.510990912368126438e+00
5.672568020311300252e+00
5.607870275661472448e+00
5.756435056009123308e+00
1.020615567724927786e+00
3.269989683840475614e+00
5.600330159585354295e+00
5.720189499891507268e+00
5.644024921000010409e+00
4.326716957166393485e+00
5.753701686635825929e+00
5.752163842730904975e+00
4.654366439055869442e+00
5.750326620724950821e+00
5.695620857223350875e+00
5.764555887761598107e+00
5.004054200350175563e+00
5.716069310975799844e+00
4.662331751575052863e+00
4.296100493907075268e+00
5.734215316027110099e+00
4.458240271912516484e+00
5.754929396713621692e+00
5.693525117540586322e+00
5.673461968192187399e+00
4.108649047080286998e+00
4.710499572069321239e+00
5.753143832346991893e+00
5.672833270567358532e+00
5.669770272382633536e+00
3.053052006664342510e+00
3.255458809405487042e+00
5.719614168115999320e+00
5.717973052939011147e+00
4.993904667877517412e+00
9.313716581956200669e-01
4.086569953039752789e+00
5.667783861119732869e+00
5.664588137054712647e+00
5.728694867185288864e+00
5.761861768455873722e+00
3.744139725747018588e+00
5.601537566964322146e+00
5.746128209196498915e+00
4.394723880303831542e+00
5.692310614256410162e+00
5.719812858829574687e+00
5.747696809932714146e+00
5.600766578397757378e+00
1.857530770902559469e+00
4.450675279665016859e+00
5.667250231340102751e+00
4.722905188090084749e+00
5.602848810081025199e+00
1.838705728911035786e+00
2.440614530524277903e+00
4.515608972887965145e+00
5.726251167665291852e+00
5.733184346831102118e+00
9.304068304694679270e-01
5.645710293749065301e+00
5.669233303387390066e+00
5.005007373723363351e+00
3.401080596398418088e+00
3.190749679669166561e+00
5.758726000437014214e+00
5.711948377708953473e+00
5.668401209465271151e+00
5.741652992796979937e+00
5.688813500391626476e+00
4.436925066598988110e+00
5.746889298326755657e+00
5.130679011154668068e+00
5.714894824897712056e+00
5.717103338983722693e+00
2.440614530524277903e+00
5.715079142864527562e+00
5.666137503776420559e+00
5.760922816538149860e+00
5.726143618120850931e+00
5.471419783631485068e+00
5.755700036271161224e+00
5.500784285664980011e+00
5.692636140637018727e+00
5.515186535904355480e+00
5.433811733495724994e+00
5.619756467766673147e+00
5.229437084905477207e+00
5.699582282572582592e+00
5.500447371539252117e+00
2.912945125461567031e+00
5.259890105254316772e+00
5.732419626921869238e+00
4.487267751481958555e+00
5.763733343830359068e+00
5.714856950644428224e+00
5.703175703777762173e+00
5.760312541949414999e+00
5.746383313734123810e+00
5.719846505035353523e+00
5.434653159859177407e+00
5.754781287247705990e+00
4.689643398207192782e+00
5.680387680920778948e+00
5.336633431524378857e+00
4.979731175987208047e+00
5.719455463174159426e+00
5.668876846695468430e+00
5.694537862317472943e+00
5.026014874967935420e+00
5.750146157020612492e+00
5.668186984289229180e+00
5.717619617019198408e+00
5.668493749224794875e+00
5.288849419474558999e+00
5.636939917764143715e+00
5.668157082472242259e+00
3.184190899426343702e+00
2.099604865429480771e+00
4.429662826480724291e+00
4.054138739307430406e+00
4.445661448705264363e+00
5.763710737847266508e+00
5.718868999612141124e+00
2.207908880439845234e+00
5.762630504118640751e+00
4.219225426482188013e+00
4.717518487425079177e-01
5.575887801198899929e+00
3.536989681701726784e+00
5.640514361448518699e+00
5.756266369710699493e+00
1.121673759233134282e+00
5.744334963208226341e+00
4.992414434146554392e+00
5.751827426098614637e+00
5.380628526099958009e+00
5.662178632132553346e+00
5.699533339594546888e+00
5.717642010169369016e+00
5.745207948309898782e+00
5.723059701173150771e+00
5.759800174204189105e+00
3.708295499509247861e+00
5.754576938203559422e+00
5.723991997718607116e+00
3.108930038137365237e-01
5.753391354997234863e+00
5.160369780170544374e+00
5.228935206572726813e+00
2.398399750699855115e+00
3.726936283166315977e+00
4.100634069361337453e+00
5.544728680353692596e+00
5.600330159585354295e+00
2.495221234952905931e+00
5.662430093697114586e+00
3.573325982715902960e+00
3.958323846273426039e+00
5.532518774277085605e+00
5.582961794831037494e+00
5.719664701606188117e+00
5.744202752769274056e+00
5.707767626247440163e+00
5.603166053801984070e+00
5.670637305723996491e+00
5.353516569353798715e+00
5.730380850045905028e+00
9.219356098057319704e-01
5.691445933256753520e+00
5.290419431747515056e+00
3.434964799967620941e+00
5.745347839646586685e+00
5.727978436447412669e+00
3.162578460771889866e+00
5.695062179640455469e+00
5.512632746382977622e+00
5.727978436447412669e+00
3.593275490268399874e+00
5.734717761314116480e+00
4.758380953668708280e+00
5.602225110459425395e+00
5.758864423209484329e+00
5.602043511499791961e+00
5.668726783756043552e+00
5.749491489219391127e+00
5.679110005252327120e+00
5.747891235978697111e+00
4.445418078463703182e+00
5.568665187369186143e+00
5.669329780082038361e+00
5.756839329786944681e+00
1.757319574757774783e+00
5.668230566392347569e+00
4.078447162553581862e+00
4.564083525338707759e+00
5.741652992796979937e+00
5.600616509560284229e+00
5.717201648650382495e+00
5.551159905075087941e+00
5.727881669787247887e+00
5.730103018036436069e+00
1.402060033496811686e-01
5.668171872048434423e+00
4.759808227531252101e+00
5.662846886753839293e+00
5.066419099385182534e+00
5.667782505176250929e+00
1.168938362888216398e+00
4.468701493649049894e+00
1.495278446607903211e+00
5.753700927555847500e+00
5.732347914548237888e+00
5.246843436442001796e+00
2.636639001474406996e+00
2.604020821694204901e+00
4.195076702468634622e+00
5.718725896288582966e+00
5.815296777847872578e-01
5.736906955077918369e+00
5.694151583827093965e+00
5.720594518675123474e+00
5.759823764743663865e+00
2.317753624412134172e+00
5.154991070168258638e+00
5.716269393758913075e+00
5.674796248630793016e+00
5.698371886414068221e+00
5.715784116393846759e+00
5.238953797213368624e+00
3.682706963792023558e+00
5.604606866428402334e+00
5.644128447919745106e+00
5.600933296830781671e+00
5.285463354750594256e+00
5.718533677492229295e+00
5.668565561547692866e+00
4.395752758748892930e+00
5.692150461243124404e+00
5.757446802650230566e+00
4.055311454439637586e+00
5.759183411481804349e+00
5.233494056923688298e+00
4.674125235594450700e+00
4.378115239898417776e+00
5.749384705982773625e+00
5.612986168641566742e+00
5.652643465978027137e+00
4.118969497415176484e+00
5.669637119922689372e+00
5.305969201592705353e+00
5.755735372775899528e+00
5.670150882675482507e+00
5.635496640560275772e+00
3.636752874982842165e+00
5.202070163619332277e+00
5.492888526597758947e+00
2.017880139049966992e+00
5.750676619523734878e+00
5.717993931283873899e+00
5.563636936529598565e+00
4.101318628922499876e+00
5.618533793192867165e+00
5.500116676681990668e+00
5.601872268967810875e+00
5.563236290585033217e+00
5.600251714606247155e+00
5.736635736488445936e+00
5.752382311582159957e+00
5.436521759927721575e+00
5.669877023338600885e+00
5.715573951920110751e+00
4.244096031319968709e+00
5.529379807715895545e+00
5.635243279297286634e+00
2.626121472634892484e+00
5.751517541003351219e+00
5.012202605522646515e+00
5.695062179640455469e+00
5.748782033831390414e+00
5.719027781118295017e+00
5.757689641113461931e+00
2.154780053502662884e+00
2.276153629527917666e+00
5.741546361128177622e+00
2.440614530524277903e+00
5.670191719941004571e+00
4.746021812042174659e+00
5.074700100374164968e+00
5.746598921096895296e+00
5.008657046345647679e+00
5.749674034794140631e+00
3.901370032234123375e+00
5.726259751258601760e+00
5.744807584600635231e+00
5.296096890770851218e+00
5.763844780724894257e+00
3.024139019710866183e+00
5.421451753120958728e+00
5.494140268501226387e+00
3.638177793889222134e+00
5.505596634919894150e+00
5.600210238523274597e+00
4.994353889902564347e+00
5.602041439602714057e+00
5.443446645880821499e+00
2.207908880439845234e+00
5.502318886845952939e+00
5.735107843621574553e+00
5.713447849473099360e+00
4.640617220292979184e+00
5.671424591965951834e+00
5.615231432627641794e+00
3.478276211530092255e+00
5.256943703639072041e+00
5.608607493801962107e+00
5.750514630242659742e+00
5.130063303219369431e+00
5.669345271488617222e+00
4.522977713748433715e+00
5.207178656083069512e+00
3.893410491993153144e+00
5.760830204029069534e+00
5.617277528331380942e+00
5.724025478775726761e+00
5.757452447704838328e+00
4.970423647626322605e+00
4.063274303253193942e+00
5.687191334365212292e+00
1.916652089344069720e-01
5.758612372522246226e+00
5.753124546191465960e+00
5.747972974000176372e+00
5.640053981664355121e+00
5.735707834150835183e+00
5.501589361226349340e+00
5.753866892247618381e+00
4.972225323012894549e+00
4.069156358694782760e+00
5.667957189466410917e+00
5.745401540969723442e+00
5.756770178648198844e+00
5.755163786603586296e+00
4.646671416445212088e+00
5.725258175298119312e+00
5.210539702743419710e+00
3.954198836430260933e+00
3.884537953713197211e+00
5.716859776867693199e+00
5.668124828983255092e+00
5.678602788503814836e+00
5.671020080112852746e+00
5.757145356376162759e+00
3.527915005027955075e+00
5.720860017990370139e+00
2.765868959317367093e+00
4.138285585113480103e+00
4.794130700608663531e+00
1.431140678351924711e+00
5.600933997333172876e+00
2.288631839224567255e+00
5.692570007936692100e+00
5.647367163575199633e+00
5.753866892247618381e+00
2.078291576511905880e+00
5.751768714628520129e+00
5.739045480737764215e+00
5.749352833435586341e+00
4.792047586202270892e+00
5.613806368840201344e+00
5.666902431379041261e+00
5.674890039603195824e+00
5.760717367615287188e+00
4.766375355302121086e+00
5.500622530283378886e+00
3.875566024554987443e+00
5.750996989982592567e+00
5.669427911565531275e+00
5.591746481650283762e+00
5.757463204903602971e+00
5.688278122219989186e+00
5.763614987120787347e+00
5.730849997036250976e+00
5.759765242533749330e+00
5.697972220500091112e+00
5.756957871764289081e+00
5.741982578153257855e+00
5.612944136045964427e+00
5.745000687071519785e+00
5.750277858422964350e+00
5.670341732625909792e+00
5.668486844954766291e+00
5.738941346548695144e+00
5.502853341124703590e+00
5.669540120904758673e+00
5.742475717056217732e+00
1.442297402593483158e+00
5.500067062209336832e+00
4.015758959936499117e+00
6.099288155601639838e-01
5.699002461141536635e+00
5.752206390768423994e+00
5.051476441019270958e+00
5.667140342494171534e+00
5.590212397553592893e+00
4.640934657910716687e+00
5.756947451711044828e+00
4.553514656395641680e+00
5.288558764560666425e+00
5.737363601213846920e+00
5.633719101645970895e+00
5.763646036765656788e+00
3.549503199837366729e+00
5.601340435487612623e+00
5.148033651951937628e+00
5.699167333547592307e+00
3.418766311149127546e+00
3.494641968390665987e+00
5.669906018168752837e+00
4.545054257266066600e+00
5.670761532735540733e+00
5.718641494369636646e+00
5.674633822469783873e+00
3.652856486796522084e+00
5.716972412558242844e+00
5.689904958616838648e+00
7.274726875982107099e-01
5.667616859627420567e+00
5.716065012905374942e+00
5.715793444305472981e+00
2.110194533196045441e+00
2.844814306537717830e+00
5.757145356376162759e+00
5.671675894625492376e+00
5.480155545810729834e+00
3.242559287191911110e+00
5.753799150089310643e+00
5.728096530922141660e+00
5.066419099385182534e+00
5.690234926693940487e+00
5.670082080210735676e+00
5.719255722110991869e+00
4.962779949798972190e+00
3.074051340648909392e+00
5.214349831726641682e+00
3.912540272061836966e+00
5.726113089065353101e+00
5.667870246968989889e+00
5.587667085806280909e+00
1.857530770902559469e+00
5.173524942746676736e+00
5.552416847246083975e+00
5.074262475752856716e+00
5.667552149098334269e+00
5.747810044695956577e+00
3.949910243834493101e-02
5.600578002830662427e+00
4.747632128736131385e+00
5.492888526597758947e+00
3.398977356872668221e+00
4.004619864131196749e+00
5.669122762163648410e+00
2.800151223204109030e+00
5.668059331726712280e+00
5.738342143689759034e+00
5.010836366814783283e+00
3.783859571961375234e+00
2.967924271430280037e+00
5.715361849456725096e+00
5.567465682806720828e+00
5.668982970534309551e+00
4.225456707226359576e+00
5.697451451040477899e+00
5.742285387916300721e+00
2.150709432670759202e+00
5.679604803494178178e+00
5.764173682895049389e+00
5.716945057193138169e+00
5.723361407612443053e+00
3.925058341173039977e+00
5.718429642660489698e+00
5.600314968637186475e+00
5.751901844515704632e+00
5.691425980054366285e+00
5.723089482873480627e+00
5.763733343830359068e+00
2.020176382077354837e+00
2.507309823518048209e+00
5.038098555419727731e+00
5.738832729486882389e-01
5.732927509840360258e+00
5.669638862241417776e+00
5.665012370744253012e+00
5.712814589462324122e+00
3.873928943846051798e+00
5.667348843202223208e+00
5.602218255966263882e+00
4.074705281904962284e+00
5.706218339711778498e+00
5.451621840786227580e+00
5.475404421313568193e+00
8.341746758647089477e-01
5.715477003981188631e+00
5.624130944793930276e+00
5.472916314347390454e+00
5.449589497995171783e+00
4.671556659174495252e+00
5.609066273624107701e+00
5.752029951201141245e+00
5.490789590924571861e+00
5.697372923187323579e+00
5.716421225423374608e+00
5.745883071634565020e+00
4.932715928926774573e+00
4.026764818947734526e+00
4.159554887484197216e+00
4.058868626234363397e+00
5.387131519461768825e+00
5.762787862768629310e+00
5.392322364063317330e+00
2.505179741933598603e-01
2.989373083133030740e+00
5.717745000716671022e+00
4.105879030880378977e+00
5.723089482873480627e+00
3.710019471884536735e+00
2.337517221515908794e+00
5.726673182394595329e+00
5.602170439180103934e+00
4.534239720066170598e+00
5.720278252928738816e+00
5.671333809224658573e+00
5.759754423162239512e+00
4.639806986113388376e+00
5.600552641254043174e+00
5.720189499891507268e+00
4.779064872200561531e+00
5.716241283545409502e+00
5.502170239754205383e+00
5.704299507299046113e+00
5.061433662180681914e+00
5.714435771578163958e+00
5.755565887582047679e+00
5.715385123719562976e+00
5.668644556570241910e+00
5.600751072417375909e+00
5.500582859211296416e+00
5.742872627708184297e+00
5.500314559455798502e+00
6.747418753105577371e-01
5.602377106765439763e+00
2.924385851381482659e+00
5.664383968560978033e+00
1.311238450037237324e-01
5.655322666964227807e+00
2.020176382077354837e+00
2.827812726978938151e+00
5.723816106502088275e+00
5.731905426689927197e+00
5.600650885739069551e+00
5.739928204858007810e+00
5.719230044131101032e+00
5.716235615186588959e+00
5.725181769359476647e+00
5.640186665587466841e+00
5.066419099385182534e+00
5.747536926765954846e+00
5.393929945195155895e+00
5.545467105126578033e+00
4.391137323240901225e+00
2.510990912368126438e+00
5.757269072365855500e+00
5.741139569244186447e+00
5.740039465035734700e+00
5.756717743858930980e+00
5.392092020541852548e+00
5.674545496752591234e+00
5.619836496615617349e+00
5.751507023471281066e+00
5.364480114128587829e+00
5.754039116810540477e+00
5.765077861933189496e+00
5.602714874571092629e+00
2.424474116219081099e-01
5.718430702151779066e+00
5.716368664562003765e+00
5.699602299483878198e+00
5.716309565092917211e+00
5.755584300250893293e+00
3.194945073498189902e+00
5.160824970822682767e-01
5.204087006728872922e+00
3.520883971241348220e+00
2.644528881042628399e+00
3.056240264039386201e+00
5.715966624471669810e+00
4.753272736326934478e+00
5.668487660492993463e+00
3.121174068214489505e+00
5.083772701149849027e-01
5.634226495118666911e+00
5.276839573418589779e+00
4.522820433963403275e+00
5.663156978639026562e+00
5.457289625942965294e+00
5.284108823389254361e+00
5.718407631722462803e+00
5.671570967410242581e+00
5.283524514918850556e+00
5.666944376609652778e+00
5.601269882741473083e+00
4.945042301151258535e+00
5.502750230146186361e+00
1.214150389449908607e+00
5.721969530333864462e+00
4.758034364912953507e+00
5.668651604540931643e+00
5.737217961675162847e+00
5.601290157727391694e+00
5.669999089210254972e+00
5.747863088621692818e+00
5.667813460574474327e+00
5.735323003642243123e+00
5.715903478940073335e+00
5.618866919084293698e+00
5.734890804767903916e+00
2.868386108270808865e+00
5.717278659854198253e+00
4.504771007236862523e+00
8.985302368024972175e-01
5.722194918507176986e+00
5.669087258319718714e+00
3.999292444048064610e+00
5.471485317940341098e+00
4.259342251057208983e+00
5.246422042791515139e+00
5.749023762696340079e+00
5.667455572865963909e+00
3.679765033064707147e+00
5.659638119312778493e+00
5.618108142632086910e+00
4.108626063719555077e+00
5.600650885739069551e+00
1.848594940158826416e-01
5.603048034594855231e+00
5.717239862817206308e+00
5.759844567443511032e+00
5.747593336502748507e+00
3.165207021115530317e+00
5.564221439367979194e+00
5.600293013480230009e+00
5.715819654848464992e+00
5.732910094778937093e+00
5.577203386977359401e+00
4.564083525338707759e+00
5.604174534405089503e+00
4.073180304876709457e+00
5.648547733545278504e+00
4.610454743405808742e+00
5.665112393135649960e+00
5.679582716502919126e+00
5.493906548368732601e+00
5.270996351384173551e+00
5.733779708845141876e+00
5.728513756614384889e+00
5.756816818639549638e+00
5.210539702743419710e+00
4.354304713092750134e+00
5.074700100374164968e+00
4.915317289307167492e+00
5.742090946279986063e+00
5.723301473817530294e+00
5.726950719192195116e+00
4.566379724745287305e+00
3.001439868842001868e+00
5.151102642281228938e+00
4.952310537351742425e+00
7.580021504075454830e-01
3.338196321039227144e+00
1.558265468474731907e+00
5.669192383913382649e+00
5.736778059729285673e+00
5.692398598364087903e+00
5.640623356836274027e+00
7.703933770251648883e-02
5.721726600332407209e+00
2.225181487167946504e+00
5.066419099385182534e+00
5.167328769685321177e+00
5.740394094021077365e+00
3.576140449425027512e+00
5.741436445333179428e+00
4.902698140380538305e+00
4.921217747380650209e+00
5.709966747009506349e+00
5.745552157668855742e+00
3.537710787752959885e+00
5.008657046345647679e+00
5.704299507299046113e+00
5.758155477969091329e+00
5.755917569068233597e+00
5.600416005844966350e+00
5.668368168052742462e+00
2.942861305621678802e+00
5.628400718469932507e+00
5.765061077891437513e+00
4.647196441441000303e+00
5.407970857000993448e+00
5.667983896553965728e+00
5.717691628826686134e+00
5.668032605809372626e+00
5.299810139113097840e+00
1.887650392920398490e+00
5.760698257833438696e+00
5.738824762805178281e+00
5.717736737909241640e+00
5.715807338260223247e+00
5.710638972042723971e+00
3.044631630225501373e-02
5.749977895824690322e+00
4.689643398207192782e+00
5.627974394709936767e+00
2.214900676483292141e+00
5.576613390217183053e+00
3.928237497446144477e+00
5.764547743958052806e+00
5.750514447305830501e+00
5.698606748217805773e+00
5.385992326772450767e+00
5.759740704746066697e+00
5.668798109994393819e+00
5.150435869179690762e+00
5.704860355199412147e+00
5.125128453912871862e+00
4.464368795533794732e+00
4.057377753847639212e+00
5.331657354553984263e+00
5.726412056733770406e+00
5.757218891483635304e+00
5.671884168912459501e+00
1.606500939743040091e+00
1.985071747545633425e+00
4.920038792889108947e+00
5.671218645193819796e+00
5.725167113540648778e+00
1.660872659467782786e-01
3.360877022987776463e+00
5.718936667889283676e+00
9.398327165209809930e-01
5.102603945385055795e+00
4.100634069361337453e+00
5.760837795452044219e+00
4.124134886457749616e+00
5.724485294651561418e+00
5.331963413446071165e+00
4.779075317836448455e+00
3.315600800439066020e+00
5.728271510163785329e+00
5.692263568788189509e+00
3.207446726723284680e+00
5.751862221709034273e+00
5.717811394746711073e+00
5.718235737907120253e+00
5.615231432627641794e+00
5.667909485061715991e+00
5.597307027288469072e+00
5.719664701606188117e+00
3.446323618833244673e+00
5.718612814278768219e+00
5.717102770937615652e+00
4.603279084666992205e+00
5.703792897602095735e+00
3.777203833688594248e+00
5.673745755071847086e+00
5.752501087784279044e+00
5.764758834251010100e+00
4.836538845781337415e+00
3.706617097179180309e+00
8.904315158590078716e-02
5.529987088300761577e+00
5.737093427691662306e+00
5.718574360675791723e+00
5.750389722854979624e+00
5.737966140047413788e+00
3.456624107560800407e+00
7.951937029180299321e-01
5.725090906145558378e+00
5.601553627269202806e+00
3.823613522633587891e+00
5.500266103480321966e+00
5.671725218833406856e+00
5.691847051892329645e+00
5.464165480229746130e+00
5.035736315964990162e+00
3.616798365854496655e+00
3.870166920155200252e+00
5.713663909085740400e+00
5.504412569963077040e+00
5.642543627942903761e+00
5.719257814958803365e+00
5.527538938038341065e+00
3.313687262795178334e+00
3.886768329580386094e+00
5.677253990867864530e+00
5.718619924160076806e+00
4.941519260165247118e+00
5.668876709707284967e+00
5.575887801198899929e+00
3.826496731531115358e+00
5.514032823415578655e+00
5.751233663400157958e+00
5.313958694645629421e+00
5.622359777451324092e+00
5.054391351700783019e+00
4.278088107423062780e+00
5.749186556245399871e+00
5.758834947018085515e+00
5.601869692527465361e+00
1.849287104652382885e+00
2.510596907677977718e+00
5.600902963530058898e+00
2.825098794511013089e+00
5.758762418283365214e+00
4.853792034678317435e+00
4.407074998290044121e+00
5.565376358929716716e+00
5.584075466024478906e+00
4.088321855327272658e+00
5.715571272200924646e+00
5.600365202326544001e+00
5.147081999576877287e+00
5.718895493317779355e+00
5.428986282663699647e+00
4.667959718272733483e+00
5.438504290093101545e+00
1.717348130433349773e+00
5.589108380752817240e+00
5.681063758718370771e+00
5.729438367035481150e+00
2.656742225309554950e+00
5.600850004398038706e+00
4.140584695980693120e+00
5.631874951255586126e+00
5.739928204858007810e+00
5.758433607925681486e+00
5.709966747009506349e+00
5.685724557139050006e+00
9.956770856507525247e-01
5.720011440242312339e+00
5.716647136609647184e+00
2.871915952161936847e+00
5.635941267021276957e+00
5.140379488954859966e+00
4.026898945249183903e+00
5.679626558736001307e+00
5.720189499891507268e+00
5.740642614386805676e+00
5.610542332298861901e+00
4.207497299552303893e+00
5.727997941691774564e+00
5.718859855968288386e+00
4.945405428448015783e+00
5.764307777345856643e+00
4.003066019898909644e+00
5.703996025685798443e+00
5.687221666828397915e+00
5.682126164892012277e+00
5.690172435965322961e+00
3.359786953481349148e+00
2.327291365489758679e+00
5.596943450133052167e+00
3.039820289820112986e+00
5.701890894240726482e+00
2.809689435935182278e+00
5.715563056124549846e+00
5.511775242138500452e+00
5.696353435476701144e+00
2.664520861769751114e+00
5.715804888454898425e+00
3.429445042939216481e+00
3.684742125516045519e+00
5.715265077505073066e+00
5.714479372311015659e+00
2.286676678545018770e-01
5.670638057322032743e+00
5.640206815539970719e+00
4.426553374772300486e+00
5.721286436710207646e+00
4.756174968832256766e+00
5.650936757400592647e+00
5.760844805129610613e+00
5.762330241970394340e+00
5.759334455113180873e+00
5.561749789843767111e+00
5.717260485684589000e+00
5.054391351700783019e+00
5.617277528331380942e+00
5.729798438882764522e+00
5.282705405269910948e+00
5.739939931770303261e+00
5.758894840905439239e+00
5.456128614108811448e+00
1.118331543967583164e+00
5.672922406801357731e+00
4.863249503800342488e+00
5.615692365925022855e+00
5.604133612844653278e+00
5.600616509560284229e+00
5.714263812451384261e+00
1.203764328356698332e+00
4.468701493649049894e+00
5.716942364055421777e+00
5.467454618231480268e+00
5.548406062231387104e+00
5.747117372798317803e+00
5.501351728545536446e+00
5.603002460562325204e+00
5.542345524630698961e+00
5.718891093051198027e+00
5.722724644072789246e+00
5.736217929076110167e+00
2.906645252415156033e+00
5.746708473995434829e+00
5.705773903807361158e+00
