5.256521516439631725e+00
4.413663825082056569e+00
4.896483217159611989e+00
1.058541839449126831e+00
3.549726894514655839e+00
4.080104156703901475e-01
5.600037646382125978e+00
4.212190446844685354e+00
5.089031246011366250e+00
3.678914101181139262e+00
4.454706290817184389e+00
4.421417771624319926e+00
5.601258672763717250e+00
2.295204355702533228e+00
4.677257394615878638e+00
2.681581253962304623e-01
4.454855086311582113e+00
5.524145254935712401e+00
4.548477366548429046e+00
3.915515802474556661e+00
4.946606757234275342e+00
4.048133613884399296e+00
4.724616144339994328e+00
4.647857532079883391e+00
2.333106622991030665e+00
4.464140199508869422e+00
4.503996615131381276e+00
3.700765959704239716e+00
4.192364534772424989e+00
5.131326382710932776e+00
4.362847144970054103e+00
5.603677190855846035e+00
3.880577143692835573e+00
3.387856811811398750e+00
5.511774542075295713e+00
5.452640653605848264e+00
5.501304388113323895e+00
2.843567454565623542e+00
2.779157336336655071e+00
5.110249920509886579e+00
2.639521188354204018e+00
4.162539700718076219e+00
2.138855780990370548e+00
3.256490556972994277e+00
2.662027581990000336e+00
5.464008983460511004e+00
4.923264021537449686e+00
3.760382188585368990e+00
3.063591615912165889e+00
2.020554027769827510e+00
4.715306773334301815e-02
3.769517002890740098e+00
4.621496477957935056e+00
3.976531717426046164e+00
3.806261698308687436e+00
4.051663704487321382e+00
5.453781425208546807e+00
4.048075652797638924e+00
3.473922622591532505e+00
3.147490736327895444e+00
4.068798634290041072e+00
2.902238861096463118e+00
5.054541590069272061e+00
3.881290100432388979e+00
6.970672548245806510e-01
1.026236480963617526e+00
4.942377274067649040e+00
5.157230614621657772e+00
3.784209502956346949e+00
2.762038891920608918e+00
2.398224966360927191e+00
5.600195283296034887e+00
5.603594572301795473e+00
4.506842878956812903e+00
3.720051009285619603e+00
5.550592523548517399e+00
4.189120564914957434e+00
5.507678878348762019e+00
2.602846816275096842e+00
5.789318013699919913e-02
5.182868499313473265e+00
4.717647443400609042e+00
5.602192585785383372e+00
2.617731070918613678e+00
3.459806269016639124e+00
3.728065550458770971e+00
5.377420577553881031e+00
5.230425711253645638e+00
7.564996302130130301e-01
5.602718958581786701e+00
3.825954726646022319e+00
3.187728640631856791e+00
4.601146044268050517e+00
2.184072741498183312e+00
3.516036595069521375e+00
5.601134716607131914e+00
3.625222720002425181e+00
4.372099032130618568e+00
4.061860616795152090e+00
5.563950409282022669e+00
5.608816424459139860e+00
2.950743191212589434e+00
3.681947719295183497e+00
1.526291574543964025e+00
5.397840097618286315e+00
2.338845795418990292e+00
1.855104091261190913e+00
4.499132632664884390e+00
5.508061466929598637e+00
4.107888386722362561e+00
6.266667981344152816e-01
4.465823122524135158e+00
1.058541839449126831e+00
4.194812992348783354e+00
4.142720440416195693e+00
4.886604993313778067e+00
3.976531717426046164e+00
1.237686000699512290e+00
2.789236997089603154e+00
3.285517960868991505e+00
3.462608604703195869e+00
6.738506610584164003e-01
7.041715159899349930e-01
4.361236569685901510e-02
5.226835537707430035e+00
5.573684728900017760e+00
4.372194812784518270e+00
5.601024726737022341e+00
5.168409361036715444e-01
4.103632047788179804e+00
5.111663154771588502e+00
4.657043125719882326e+00
2.708190017126886673e+00
2.308709317812619677e+00
4.330407117457548694e+00
3.848165429040286689e+00
1.588072409743021884e+00
5.021617097024382304e+00
2.926007037277364997e+00
5.584635248033367638e+00
5.439153362988101037e+00
5.196265010730908962e+00
5.551421030676244150e+00
5.092293272679635052e+00
5.484373894097240409e+00
1.586442241225349270e-01
5.595218742014213653e+00
5.397236730369800561e+00
4.782288220844093551e+00
5.198850926484693602e+00
1.081356040943246777e+00
5.476462146813456222e+00
5.440344017696618906e+00
1.041223230073744732e+00
2.028602817395848135e+00
5.093739406020884708e+00
5.602551377347810835e+00
2.536399692560313390e+00
2.910823457819675220e+00
3.592140662107028870e+00
3.577310914595801528e-01
5.602424898614376758e+00
4.068798634290041072e+00
4.565017909944366181e+00
5.600285777190980419e+00
3.431145814191653542e+00
3.123382885476613247e+00
1.704302797690557369e+00
1.191070256546833184e+00
4.527613882794562450e+00
3.968663427107349317e+00
5.601116857203967569e+00
5.559579553622572057e+00
4.005556680375108591e+00
2.670039434330711448e+00
4.759468492098251069e+00
4.785903167514891976e+00
2.915417540957629505e+00
3.008759818555859944e+00
5.365891471554792069e+00
2.598229133768825250e+00
5.255081314344612897e-01
9.938596897962557186e-01
3.870779640047172787e+00
2.469741525157736817e+00
5.530827575155985443e+00
3.815254906354878184e+00
4.241875004558569806e+00
5.436495199929766819e+00
5.172176975581783687e+00
3.987068689852679260e+00
9.201396775869322697e-01
4.674217676604903282e+00
5.259911454936261777e+00
4.752006141784048232e+00
5.459118713462645545e+00
2.159467512856564131e+00
5.602048415521378999e+00
5.605801048317950119e+00
2.278839732538271434e+00
3.640225043490470380e+00
3.073970415072693196e+00
3.976531717426046164e+00
5.593843008528915028e+00
4.419575294693934175e+00
5.028475257067850812e+00
4.093213224929237448e+00
6.430520041414281573e-01
3.938604837182867247e+00
3.217612784417062777e+00
3.887991570228342741e+00
5.600867082957680765e+00
5.605149404097018895e+00
4.472642652669458485e+00
5.559301871764269265e+00
3.851657344429510577e+00
5.462755598267450274e+00
5.397965355244827013e-01
4.561107826031979506e+00
3.062422988305629978e+00
3.648870422162440175e+00
4.667630279784315661e+00
5.595165057619479576e+00
5.529923072302486808e+00
5.022605774233733555e+00
4.821423150192513774e+00
3.285020859461592391e+00
5.602346836709119593e+00
2.905151386101865629e+00
1.271096077632177135e+00
5.321164724638551391e+00
4.916946037676374281e+00
2.690079377541489514e+00
5.482146101919400216e+00
5.094181686603712400e+00
5.390360392307536053e+00
4.182447893513911552e+00
4.754302368214268881e+00
5.199048633326905033e+00
3.346255121434358326e-01
4.212401883574944383e-01
2.800614895997149301e+00
5.501906893648887298e+00
5.426550683561666588e+00
5.489240742444062349e+00
4.430105297926600905e+00
6.498730056644738129e-01
4.963420196716965549e+00
5.592653060883868932e+00
4.708062486576952921e+00
1.782676184097883310e-01
2.599598988169497638e+00
5.379116268884038377e+00
1.189790825936291707e+00
4.327247535168826431e+00
5.127461939838751093e+00
4.147495195278049884e+00
5.382717207973516160e+00
2.103499742068588030e-01
3.552974874845470143e+00
3.855678167327723838e+00
3.567137003972859599e+00
3.727307655419348276e+00
4.507221791336514793e-01
1.027969490422685706e+00
3.678914101181139262e+00
5.249185677246464010e+00
3.605809321020400304e+00
2.184552853191895405e+00
2.444371636225996625e+00
4.608222704109336654e+00
3.208674177149138718e+00
2.953021845753510011e+00
3.980119477364741254e+00
4.724794934156157034e+00
4.818203188138095783e+00
2.896733149644635130e+00
3.877957754845126281e+00
5.503465150659511806e+00
3.868286575052411802e+00
4.563963174178440774e+00
2.876950289546937434e+00
2.420745476216362713e-01
2.461992574130740519e-01
5.421278095711198119e+00
5.600852679779914745e+00
1.209799622707691258e+00
7.553298740927389954e-01
5.278237605958983281e+00
3.240566391686101611e+00
5.485918085367000430e+00
6.871724256950974274e-02
5.602998956566020539e+00
4.177889676647676964e+00
5.600291568259613939e+00
2.829588052214790039e+00
5.548388663132019616e+00
3.869773959169100053e+00
7.717241449229444994e-02
2.614985292780195092e+00
4.651120006693244768e+00
3.269266188363245007e+00
5.600641806656685873e+00
3.415548158740893125e+00
5.482146101919400216e+00
5.370845529274856922e+00
3.205247241038071682e-01
5.503349719567030895e+00
4.884170020095401021e+00
2.584682890313994896e+00
5.038547030635571744e+00
5.602959498883233636e+00
3.012393400786528730e+00
5.160390330556011484e+00
4.840791801830889085e+00
7.687080415140143952e-01
5.269988674037063170e+00
4.628653535994029511e+00
7.978934940370064899e-01
5.602560927828019288e+00
5.138363540975077193e+00
4.590385902834792198e+00
1.675427687632235485e-01
2.875223170376870030e+00
2.050272467319086064e-02
5.518357801692058473e+00
6.530367380378255815e-01
3.384928368616458627e+00
5.602962618638608561e+00
4.987983305210955898e+00
3.697333767354066492e+00
5.500290256615122608e+00
1.856114480226238150e+00
5.387465513659878136e-01
7.297284594950599335e-01
4.578963072025682202e+00
3.956796246671136608e+00
5.601508236532998453e+00
8.092538391969510483e-03
5.082941220031536922e+00
5.276688071985702777e+00
5.526142980651261638e+00
2.624912909076965395e+00
5.038573149437453935e+00
4.096371568502629401e+00
3.312074168852552347e+00
4.833176784099372014e+00
4.846447683540967333e+00
3.579983759457431081e+00
4.232071048314232087e+00
3.449630918885294051e+00
5.144067590027147752e+00
5.602484859773222858e+00
3.389670869436803180e+00
2.563229606606980127e-02
3.562159437383934257e+00
4.233681838372266526e+00
2.637056092596171464e+00
4.259331947510056615e-01
5.067786692693089456e+00
2.848169863629828935e+00
5.460740035076438126e+00
5.501026291210603603e+00
5.550265573346041315e+00
4.538502499383241684e+00
5.501015159556667200e+00
3.705812741294766788e+00
3.328906771053914415e+00
5.577493991591390810e+00
1.014217417026122892e+00
1.541437463163858879e-01
3.970847030016595447e+00
5.460651078324465502e+00
5.601067958951764680e+00
3.821050988225706213e+00
4.683126688107480007e+00
2.079203006235154305e+00
3.629116704932453086e+00
5.568915201600786347e+00
4.044711594484439843e+00
5.575864295540024607e+00
7.574751552207901195e-01
1.005449198361634044e+00
5.175578719601483080e+00
5.287999436170781387e+00
5.276623537679233422e+00
5.036272995051831458e+00
5.501513251137585492e+00
3.127430067146641957e+00
5.444196176870420345e+00
5.502100226860667576e+00
5.600386314042931524e+00
3.516036595069521375e+00
1.822886875767900650e+00
4.996634176455587273e+00
1.099784360438514241e+00
9.813671739027054475e-01
3.971180941865757763e+00
4.515783733336093064e+00
4.121148105189847755e+00
3.149786336017952326e-01
5.600277455964081774e+00
4.619641460298359981e+00
4.068798634290041072e+00
4.983573144909915875e+00
4.820838592569656633e+00
2.249073833020076130e+00
4.009472848750878171e+00
3.857388045633984408e+00
4.570057644075434133e+00
3.646152319142074300e-02
1.609784351413113268e-01
5.591084351708998312e+00
3.778611350510593159e+00
4.246734417207340684e+00
1.253840258265595198e+00
4.574498076211867215e+00
5.489929736658587522e+00
2.784697625069798566e+00
5.344064769926244907e+00
5.500706502324095304e+00
3.378952648790221058e+00
1.058541839449126831e+00
3.117827307769809764e+00
5.332006251240827055e+00
5.387880078218434399e+00
1.148177450978327796e+00
5.155979026575429280e+00
5.346071134876415165e+00
3.809207903481530710e+00
5.502215583154796974e+00
2.089148478340372872e+00
5.444978420588047818e+00
4.676316342100659718e+00
3.832987190659663312e+00
5.398314921802536581e+00
4.242095333435954352e+00
5.600634880777933589e+00
2.631334423845658854e+00
3.423344338955267130e+00
4.237210944522772138e+00
5.009988712830023339e+00
4.159176098578582170e+00
5.553622097844170824e+00
5.583373782703779042e+00
3.053462585359540515e+00
4.273883672601301420e+00
5.255410903727878669e+00
2.632732309149663941e+00
1.773066697695528715e+00
3.726494917247252570e+00
5.601144525197431889e+00
3.222009884873985541e+00
9.161081529620017649e-01
4.340180924541651386e+00
5.600139907396957994e+00
5.601609986905034866e+00
4.234453049646642597e+00
1.271096077632177135e+00
3.133348168381763887e+00
5.600786320851880440e+00
5.256643973946967918e+00
4.592903557079770493e+00
5.584291425523144170e+00
5.540940558245941894e+00
1.733125156330401095e+00
5.500092842329941334e+00
3.080311414058952479e+00
4.370442327233791779e+00
5.073526136072392667e+00
5.602294919861418698e+00
1.220228050629327932e+00
5.491963921349414690e+00
5.563062619932341413e+00
3.731781642143463973e+00
5.505131906095037664e+00
4.962760806721119522e+00
5.600699212288237305e+00
1.023614745162037654e+00
4.372099032130618568e+00
2.591776342854653858e+00
4.928961381969951816e+00
2.257546817215693391e+00
4.829451337200394434e+00
5.600640868769620973e+00
1.856114480226238150e+00
4.445815225147543792e+00
4.568662503168384958e+00
3.976531717426046164e+00
5.388194543116481050e+00
2.324234731513921570e+00
2.449186995794679689e+00
5.125875716001364601e+00
4.566856987235576426e+00
5.287062094370477361e+00
3.216338919120571571e+00
3.583011303148292637e+00
2.197320023653079435e+00
2.448474251406940194e+00
2.212827894057465716e+00
2.995376025623317506e+00
2.886365458426533692e+00
5.596994733376696729e+00
5.491928998039114163e+00
5.507986839541292312e+00
5.553682637559833601e+00
3.936105374367827370e+00
5.444531165489586932e+00
5.421267860305322372e+00
5.530045944354713860e+00
5.600641806656685873e+00
4.500280443558748900e+00
3.008302289980891775e+00
4.724616144339994328e+00
5.925306628432854827e-01
4.758765131982412910e+00
5.607449743714065349e+00
4.459654988563938716e+00
3.112184783814194500e+00
4.114570683279353602e+00
5.501401343015646539e+00
5.128250351562082088e+00
5.530942427437715914e+00
3.269673183011692963e+00
2.794302245427132014e+00
4.097182305553844550e+00
8.790629444033190576e-02
3.091602630769373139e+00
4.639853308774067209e+00
5.038432361712117391e+00
2.957564937026888163e+00
3.984351088036353961e+00
2.822634320946943109e+00
4.708344474744642127e+00
5.602288431063675134e+00
5.368864547056499958e+00
2.229704807933193145e+00
5.062545922339497295e+00
3.502937676646714849e+00
5.501306099957362861e+00
5.603621454875939101e+00
5.552275773410156212e+00
4.830818339838321762e+00
5.600655567620123065e+00
2.726650557933537389e+00
4.746605880052987558e+00
2.789772594078404389e+00
5.322063289713142353e+00
3.155233880442882999e+00
4.365194385253433396e+00
5.491078611858722702e+00
4.413663825082056569e+00
3.276508318001560838e+00
3.198224280941617703e+00
1.401006602003190604e+00
4.377365948211031643e+00
3.976531717426046164e+00
5.416891668895507550e+00
5.543259753571330606e+00
5.202813383742133979e+00
5.530982159145954924e+00
3.104237475897274390e+00
4.550461622346086088e+00
5.419204964295315285e+00
3.685497906164125315e+00
5.602047009542952871e+00
2.965630096771429525e+00
5.038432361712117391e+00
5.337356840400881985e+00
4.591919954233131485e+00
1.393825949596720626e-01
5.558913992179648211e+00
5.421649327587298117e+00
3.442075476714990589e+00
3.976531717426046164e+00
5.202677717305933314e+00
2.686923548752190527e+00
2.363978923636607554e+00
5.115955192260460693e-01
6.283343101371841044e-01
4.142845481338286007e+00
2.360729185107951711e+00
5.423770705913628198e+00
5.501719599275656236e+00
3.838526544663475093e+00
2.062445387667426466e+00
5.601563125202919657e+00
5.459136564732072650e+00
5.419217580208045781e+00
1.969987750985302988e+00
5.069441799320893338e+00
5.602259393733668880e+00
5.562348795412060731e+00
5.123384630288908781e+00
4.458598074990504756e+00
4.823918060120339746e+00
5.019625166006177253e+00
5.570335664483890170e+00
1.158654049282113796e+00
2.482550943981388425e+00
4.740005826979089676e+00
5.258699313368836670e+00
5.600786320851880440e+00
3.369445941925643506e+00
5.601141782127323054e+00
5.500381003310848449e+00
3.871499533814173333e+00
5.099931327435531792e+00
5.242689524940993273e+00
9.764739266632976866e-02
4.199393372203502395e+00
5.602687697976478809e+00
5.600362394211328088e+00
2.575469494865129771e+00
4.621150618312507063e+00
4.989910957157370763e-01
5.601721691326155828e+00
5.036167391179655617e+00
5.294122253387092414e+00
3.414487285431287766e+00
5.233164547056557758e+00
7.312544376708913774e-01
5.500236435889032549e+00
3.640225043490470380e+00
1.987005828493128012e+00
5.009948097068119388e+00
4.695024167906090895e+00
4.397843211993419210e+00
5.521025647926709468e+00
1.884864836673255661e+00
5.602223423550620751e+00
5.560812673118949334e+00
5.015692719802445687e+00
2.970539422450202416e-01
5.013153679325889733e+00
2.470286110493543408e+00
5.034731269491930838e+00
5.532341285356905836e+00
1.921594270126043558e+00
5.172515884807562081e+00
5.569272516267402828e+00
4.909247889496160866e+00
4.830036808323726838e+00
5.121368313149323725e-01
5.554428053474849136e+00
3.495971184034579071e+00
5.180373594679021032e+00
4.579948941931748507e+00
3.202262588482925665e+00
5.258943988989776663e+00
4.369536328225208877e+00
5.575432834767385160e+00
3.340588161808081047e+00
1.267359794784359561e+00
4.594412411185196277e+00
5.165959296302061077e+00
5.181042337146431365e+00
4.044576203925577040e+00
1.443847082126504588e+00
5.496002620740078726e+00
3.710155543212498852e+00
3.801759357894932023e+00
4.265121945784460245e+00
2.498800818212453922e+00
5.518357801692058473e+00
4.884730887254162823e+00
4.605011754362293708e+00
5.569871569277901280e+00
3.315752184775645706e+00
5.527090526224653466e+00
5.550792273625317463e+00
4.717647443400609042e+00
2.471743715979398015e+00
4.068798634290041072e+00
5.438179362774601344e+00
5.600379008252058810e+00
5.501108518171157868e+00
5.314553231571533587e+00
5.410929650366012034e+00
5.224723685794361749e+00
1.970342633744061045e+00
3.315059475469619432e+00
5.602364424242322727e+00
3.269673183011692963e+00
5.500445989144346015e+00
5.255410903727878669e+00
3.686018668227496242e+00
4.517059186701022355e+00
3.431419610362868688e+00
5.530304020138536281e+00
4.883187748291549113e+00
5.063098355029322484e+00
3.976531717426046164e+00
4.585340173856212509e+00
5.362090374540261273e+00
5.265757006974828514e+00
4.627775409240610927e+00
1.919677987334523772e-01
3.510496805919427032e+00
3.032182014959023508e+00
4.944339031200950529e+00
5.600901244322495920e+00
4.773001722677245873e+00
2.422321463677443720e+00
1.753495238702796000e+00
4.507123498436405917e+00
5.602709345823282838e+00
4.090580207411063540e+00
5.149675243983314665e+00
5.600953120336808588e+00
3.887991570228342741e+00
5.584311054218589199e+00
4.504972703311181270e+00
5.604902359988389371e+00
2.965932304593977609e+00
5.429192498959227287e+00
3.294641165243103575e+00
3.000497379374602452e-02
1.053466526003114190e+00
4.795896070814944068e+00
4.792320096114210060e+00
4.387364737013861316e+00
4.577679484567698687e+00
4.287733681565002897e+00
3.685040648716546130e+00
4.611206987707960003e+00
3.624060041867871007e+00
5.500499505278316548e+00
4.914988292820099858e+00
4.333365580849859455e+00
5.393928261036061045e+00
1.862754662190460264e+00
2.516187286188256600e+00
4.656518892595808090e+00
5.925306628432854827e-01
4.251271844630278629e+00
4.341041661079323433e+00
5.413636423371675832e+00
3.260651355910418214e+00
5.554741970799785378e+00
1.492609111270555289e+00
5.480003505380880213e+00
4.764458538185861514e+00
4.319729456566745007e+00
5.601579842920174634e+00
3.976531717426046164e+00
5.406709503958675889e+00
3.873106228617320124e+00
1.168696967892547539e-01
2.890084212021205801e+00
4.079192298429955343e+00
5.330665263915324914e+00
5.600109193602202495e+00
1.041223230073744732e+00
5.502083522799217974e+00
5.018272555141124691e+00
2.238038446421912742e+00
5.164485125376915065e+00
5.548027008933737569e+00
3.557642173887844983e+00
3.429309119093745473e+00
3.190189682086177037e+00
5.579157427175505113e+00
4.818723285128990064e+00
5.161990312724443974e+00
3.633572166803253900e+00
5.291600443216012195e+00
5.500847218419239404e+00
3.828688721905473713e+00
4.094744553956785715e+00
7.739221887187398563e-01
3.918543096461444414e-02
4.623276242792819346e+00
5.600274925870165177e+00
5.605149404097018895e+00
3.944492870618600655e+00
5.590468204660385076e+00
5.501538219812307062e+00
3.534228667960515047e+00
2.190989181608209879e+00
5.600297908434411553e+00
3.549119204073996503e+00
5.137953012754514326e+00
3.308240816309870436e+00
2.587759265291815325e+00
1.699612781704837872e+00
5.452313252785138786e+00
3.245972827970184493e+00
5.561231269975704272e+00
4.746183891054632120e+00
4.702165538257574440e+00
5.602259393733668880e+00
5.493224448775615443e+00
5.018272555141124691e+00
1.386153224520526139e+00
5.608139815565583497e+00
5.607669898010278153e+00
3.605809321020400304e+00
5.018048290271160283e+00
3.177008114993133514e+00
3.259909277641595882e+00
3.533657451955788953e-01
1.236263231339999935e+00
4.695310178743732799e+00
5.084865141965519086e+00
1.579555574750805214e+00
5.500523018772402573e+00
5.393634300851180008e-02
5.414528932789532512e+00
2.775822430439360389e+00
1.844302280210688982e+00
5.094199535474541740e+00
3.559977927548293675e+00
3.746278573380981136e+00
4.821471703195730818e+00
2.731620555419043972e-02
5.223457536943877599e+00
5.244279982608165191e+00
5.523172424408540948e+00
5.600858695123400288e+00
5.193809381952299908e+00
5.560849018614049122e-01
5.566552119779164975e+00
4.525636305181480523e+00
4.991963715762039122e+00
4.628653535994029511e+00
5.604780401446499916e+00
4.654914829846240387e+00
5.014939773579050186e-01
3.616699825264108270e+00
5.501207506032230299e+00
4.080016247750576142e+00
5.258699313368836670e+00
5.550555266467124049e+00
5.583954394268943133e+00
5.550228463846970328e+00
2.740295556943447064e+00
1.589704288688760681e+00
5.096944436990526128e+00
4.921168082955763801e+00
2.089148478340372872e+00
4.068798634290041072e+00
2.843003450587947789e+00
4.688522749737753514e+00
4.996599620587106827e+00
3.945023421257246810e+00
8.790629444033190576e-02
3.976531717426046164e+00
5.552271694115430201e+00
3.987946746113327556e+00
4.330015420198315645e+00
4.380745916022155129e+00
5.601014649131109913e+00
3.133044425314542192e+00
4.864913757036048558e+00
5.503770556527750379e+00
4.282751380057609580e+00
4.731694083798344330e+00
5.345786343294220977e+00
2.405727317346846750e+00
5.556790243827750331e+00
5.500553393190362073e+00
5.535855907674435805e+00
3.031812971486684383e+00
9.440960225620144142e-01
4.218971707896446155e+00
4.141575118834885494e+00
3.646275597068237229e+00
5.536501196180073414e+00
4.847951213432665440e+00
4.358170508875256921e+00
5.600581311744181612e+00
5.162955764127391767e+00
5.158348572592811543e+00
1.150579235609836104e+00
3.986508015657464821e+00
4.565969329305545443e+00
5.036257801146651225e+00
5.579238132846369602e+00
4.972707483793552541e+00
4.067525966122521375e+00
5.203818818122102563e+00
4.125440270234023821e+00
3.640613942722580543e+00
5.160093279119791987e+00
3.465751864001906046e+00
4.351602363556159148e+00
4.627775409240610927e+00
5.432285712588131865e+00
3.618350277339149823e+00
2.409185395840283406e-01
5.098780448699662848e+00
5.551320825981120421e+00
3.779866016116242733e+00
4.952721316293119180e+00
3.388164349925185004e+00
1.979553122090208728e+00
4.429626119214317370e+00
2.781406027185787888e+00
5.600717788686115028e+00
3.223256997680200353e+00
4.563963174178440774e+00
4.737993148170809299e+00
5.519500886011840635e+00
3.610750616650034495e+00
3.312461412309181785e+00
4.415341940457217618e+00
4.789551732153594088e+00
5.279928888593638625e+00
4.349975523323335480e+00
1.844302280210688982e+00
5.600361994594554638e+00
4.028877580220912691e+00
4.444175526099479079e+00
3.728495050211472872e+00
4.103744133991518162e+00
5.602521941537861316e+00
4.970076360289442441e+00
5.570792344770320703e+00
4.493837157675712568e+00
6.213209197783977622e-01
5.566590751758664801e+00
4.667885987077361243e+00
5.139104674032536124e+00
3.625933150887219902e+00
4.847951213432665440e+00
4.451635770679171600e+00
1.203535819844568255e+00
5.406651319427472124e+00
3.512420066910938665e+00
7.305838702597652334e-01
1.041223230073744732e+00
4.787562392302560532e+00
4.318850212109808240e+00
4.975342200784361069e+00
4.640015825467982857e+00
5.500313572339412538e+00
5.500900712056733255e+00
5.500559780910375451e+00
5.433379666079426684e+00
3.435651036462091135e+00
3.961456367638762188e+00
4.068798634290041072e+00
3.012393400786528730e+00
5.590787855280388463e+00
4.972654238569275797e+00
4.220060985397172892e+00
2.925519003046630484e-01
4.830164395314804793e+00
1.543470834515346390e-01
1.411565084407380155e+00
4.921642584993299430e+00
5.600854255697450768e+00
5.600757348087792131e+00
8.977231898502860408e-02
5.500673822260727874e+00
5.522034212123696051e+00
4.426357074595244967e+00
3.305236228025586254e+00
4.220015439255615064e+00
5.600726576080721664e+00
5.200126417174381288e+00
5.000746463759701221e+00
5.550320151965865811e+00
1.012871103773345938e-01
5.605540595992098751e+00
5.575515701128283652e+00
3.199931911975191667e+00
3.923007991387780002e+00
4.985384927985997194e+00
3.675730378027306955e+00
5.601966176782197770e+00
4.619067998902588457e+00
3.996666269187428622e+00
3.916797057636535406e+00
4.040212955662201288e+00
3.514217284268797759e+00
2.039494173109835523e-02
2.553605344237060315e+00
5.600185375849081382e+00
5.445342899376908186e+00
5.537934418744850928e-01
4.329916203300722799e+00
3.397826666957000974e+00
4.935191607277202408e+00
5.600647503974752972e+00
2.845811506641283906e+00
5.500648803751923666e+00
5.577725839834779542e+00
2.810139260350080104e+00
1.940021977436533263e+00
5.169655754545422255e+00
2.808405879588496301e+00
1.759520617882105009e+00
5.559765168700126381e+00
2.883730742981707618e+00
5.258943988989776663e+00
8.570978939595170765e-01
5.370270372331416908e+00
4.824643824855439966e+00
