2.052238581415896590e+01
1.831447852312168934e+01
1.798988312296192404e+01
2.037478794648124492e+01
1.859664448424508976e+01
1.460162170991007358e+01
1.862672838714941292e+01
1.567924408858461227e+01
1.248441293888147463e+01
2.035004065784377758e+01
1.442783528092107659e+01
1.455491254778506161e+01
1.904845791048263237e+01
2.080256261770502846e+01
2.078832544043057950e+01
2.221808734662864993e+01
2.132920825452946190e+01
1.436896948038241817e+01
2.004858052592113182e+01
2.006240314315569506e+01
2.085395740851708979e+01
1.608438742555052059e+01
1.428767108649482331e+01
1.872205392081695052e+01
1.582211002379304432e+01
2.142866809655700067e+01
2.056841916237656065e+01
1.766890016967548149e+01
1.862134052927980576e+01
1.976904800395428907e+01
1.693918562593008303e+01
1.440421867253042443e+01
2.199352585482045797e+01
1.576023351450183263e+01
1.477178852835306344e+01
4.766669294722646555e+00
2.151552643722637370e+01
1.828167434134610758e+01
1.383540010230949591e+01
2.044762220874060432e+01
2.196521155893995214e+01
1.793829780290906939e+01
2.113344739879453371e+01
2.005721551154515581e+01
1.808056764671048455e+01
2.090943227023278794e+01
2.043598379446755331e+01
1.897170355389510732e+01
1.455576324094126051e+01
1.690198884617651487e+01
1.759778634882096071e+01
2.153600944716929533e+01
1.892519385713233859e+01
1.468785881435098695e+01
1.656073390874071904e+01
1.837396503685769389e+01
1.865338344208675636e+01
1.573326213543519714e+01
2.075166332961096316e+01
1.090393891780727920e+01
1.854168620125120270e+01
2.021812081516435100e+01
1.945224705935438436e+01
1.493533127054971210e+01
1.746880597782192979e+01
1.495156310144329836e+01
2.160796736835159493e+01
1.450105408337550728e+01
1.869060685231755414e+01
1.468653142101032216e+01
2.076421253693655444e+01
2.176123973925400890e+01
1.939645485998389418e+01
2.129789247442680633e+01
1.505661952309352358e+01
1.667651965955650795e+01
1.245912434749346076e+01
1.968687510161250742e+01
2.109321747065632380e+01
1.744872026639459861e+01
2.124896214881165690e+01
9.228617968435106178e+00
1.456273475979056720e+01
2.060644573339618546e+01
2.182152804325842865e+01
1.375022164377021028e+01
1.959320958590289763e+01
2.056044271537048473e+01
2.118770415076743063e+01
2.065159960012417883e+01
1.884245935620424817e+01
2.152520975137168335e+01
2.008717291291095108e+01
1.896005565640333401e+01
1.800362749128049700e+01
1.424682764046425376e+01
1.531337380838601625e+01
2.100469578985170571e+01
1.679071039789050701e+01
1.832853617587471362e+01
1.643435663793003698e+01
1.579274672471868612e+01
1.996502548376722075e+01
2.088474923063886379e+01
1.946825855809480643e+01
2.006586722589916150e+01
1.896905828036868158e+01
1.644432176294140291e+01
2.134306215453381128e+01
2.027405398426995475e+01
2.065662866288967692e+01
1.814620088784361229e+01
1.946837382105200476e+01
2.103180369439000685e+01
1.760418641856315602e+01
2.059966090889986390e+01
1.912614335182195546e+01
1.853097912707286810e+01
1.482557393283742186e+01
1.957309830015783803e+01
2.159131132579123857e+01
1.610462066088606292e+01
1.868493423419976907e+01
1.391753970288326769e+01
2.094051431952618358e+01
1.931892033503101658e+01
1.438569453274691590e+01
1.956526091835574732e+01
1.769702778248525377e+01
1.786564474338201336e+01
1.711947692222232575e+01
1.782838670230862022e+01
1.543350064818562295e+01
1.442524790460416106e+01
1.475371413636587192e+01
1.984662389062046728e+01
1.114189640005862891e+01
1.986224464483656504e+01
2.046969036887798055e+01
1.436467151987077528e+01
1.814595474351427740e+01
1.447460350450595712e+01
1.480515347426080552e+01
2.141449549066224733e+01
1.997326848582649461e+01
1.675465457949322712e+01
1.328698039189771940e+01
2.039970574104181722e+01
1.940409805020654233e+01
1.572599205957039459e+01
1.859611711722337191e+01
1.972753696032502191e+01
2.094564817428080872e+01
1.960725923007349536e+01
1.437525638897318103e+01
1.690258352470768699e+01
1.710983488821609910e+01
1.597236073132115308e+01
1.726069234717107292e+01
1.624280774634861402e+01
1.603490109941198583e+01
1.558151614170192190e+01
1.859654606840648938e+01
1.438525961266867448e+01
2.062219798538853510e+01
2.164332301237669753e+01
1.807244203225453560e+01
1.655405378244776671e+01
2.082709809135017665e+01
1.807182522382998968e+01
2.077553291758959375e+01
1.348925775587592568e+01
1.494549938080015394e+01
1.417432683760267231e+01
2.146373880654912369e+01
1.976044648650999846e+01
1.450892135648470926e+01
1.504908575276731852e+01
1.327658280655232836e+01
1.724513099181543652e+01
1.515005091311483909e+01
1.835096868768283684e+01
2.025426171666278208e+01
1.315624607902067389e+01
1.423938221328450382e+01
1.474908257436316816e+01
1.554032374752499734e+01
1.669588633966714397e+01
1.989209303708668841e+01
1.757999057653403696e+01
1.721390921248712758e+01
1.977158658324617235e+01
1.991637887636628079e+01
1.676342901020944254e+01
1.673957522838522749e+01
1.684070714072839436e+01
1.840888489443726073e+01
1.477686395281263820e+01
1.460482006875840000e+01
2.027115748065665457e+01
1.175187332735479373e+01
1.933372987191767933e+01
2.175166801777173475e+01
2.154958473901187688e+01
1.909720201434405595e+01
2.129587630949793464e+01
2.104357287034217805e+01
1.971962944546517349e+01
2.195176199106063208e+01
1.862758502581002418e+01
1.355022248367315463e+01
1.804246776288210796e+01
1.893189796353921395e+01
1.694917182782544174e+01
1.867729001311912285e+01
1.898633793821471016e+01
1.899209276294346438e+01
2.130912901384161984e+01
1.893421365125961486e+01
1.573233689178377581e+01
1.937026302869551486e+01
2.119225194687621183e+01
1.444307740895008152e+01
2.134833747886072786e+01
2.112261243544803690e+01
2.187978702438877221e+01
1.461827020103475760e+01
1.430463318957394137e+01
1.709523506370708645e+01
1.845271846472670418e+01
1.567806953280062388e+01
2.153559919937847766e+01
1.758795799475386445e+01
1.707001602572413645e+01
1.777565930018627327e+01
2.079276986905713542e+01
1.934100469930287858e+01
1.505504388169095620e+01
1.727858234924190484e+01
1.789308310406505598e+01
2.100222834557727936e+01
1.792284745353217090e+01
2.005052869695751738e+01
1.527929834808874432e+01
1.992713160839983999e+01
1.396230029409227669e+01
1.512847153695018676e+01
1.745720758857720867e+01
1.893730211390445817e+01
1.752541078024450982e+01
1.880799270859507288e+01
2.003109243271871520e+01
1.656473261217877280e+01
1.896536780437933345e+01
1.537096660117620850e+01
1.737597303368779222e+01
2.181380072221557853e+01
1.869487378432452829e+01
1.894588094112250332e+01
1.238156389014629610e+01
2.028762252811784350e+01
2.044785631087910360e+01
2.152520975137168335e+01
1.591555432602794440e+01
2.164482937910103288e+01
1.154485148803208361e+01
2.088333019281011360e+01
2.022620723079651484e+01
1.871485607350498626e+01
1.596871734550365929e+01
1.259266198351615529e+01
1.866102437073145737e+01
1.925602843446658596e+01
2.035178115286099398e+01
2.081679071962791738e+01
2.022655049360930235e+01
1.827774879102000583e+01
1.576448490295153348e+01
2.172560052156946497e+01
1.639390700148707580e+01
2.225250759254036836e+01
2.001410421024169040e+01
2.033621785036670815e+01
2.173936707845413707e+01
1.925622615827989748e+01
1.562109005045353882e+01
1.845811955413944005e+01
1.428247784774370110e+01
1.961612549051057641e+01
2.156800421145456426e+01
1.647822012589804075e+01
2.052106786341142453e+01
1.548628484936184790e+01
1.572468578038066589e+01
2.009872102003105354e+01
2.055498334152195739e+01
1.442223496052217158e+01
2.077785795672936686e+01
1.635468152495980121e+01
1.689823063611667209e+01
1.389161593165085584e+01
1.954415066490499697e+01
1.577964607023027455e+01
2.017223328864375631e+01
1.554032374752499734e+01
2.191507730786094044e+01
1.847993435149298236e+01
1.351528242685859027e+01
2.006240314315569506e+01
2.209947088179018593e+01
1.789152777638970448e+01
1.789446621003849458e+01
2.003408205206110893e+01
2.100018595737451221e+01
1.459660090500965168e+01
2.003491095508903541e+01
1.691105622716420243e+01
1.436770499629809983e+01
2.208722630694229849e+01
1.430813837740683780e+01
1.880287204579440541e+01
1.877602977813123886e+01
1.866360165774674584e+01
1.450975740832883432e+01
2.112557265617937219e+01
1.927626275022727498e+01
2.113349611763336355e+01
1.833914980678635942e+01
1.869834028380097024e+01
2.152381096135352578e+01
1.702710748676667407e+01
1.793829780290906939e+01
1.967591541309242942e+01
1.522865368318259982e+01
1.590592193543321642e+01
1.907088992015223639e+01
2.028108174695001154e+01
5.504506593807812820e+00
1.705957160471266931e+01
2.085154827451606252e+01
2.179556488175354545e+01
1.869231003169170080e+01
1.563233941665985682e+01
2.177893064333611406e+01
7.363534869895267398e+00
1.889682730932894117e+01
2.211229825609103017e+01
1.799821194599761043e+01
1.744566506020199625e+01
1.683049472837897298e+01
2.108254244146030487e+01
1.903007978682460433e+01
2.123706382582250640e+01
1.857265764851698009e+01
1.464924151601140423e+01
1.860567371503863399e+01
2.134337205819552352e+01
1.914252454710642581e+01
2.126931159261229709e+01
1.980947664147307918e+01
1.827677481307645735e+01
1.992725879999605354e+01
2.089737246762696188e+01
1.693866993079138439e+01
1.386165735004441224e+01
1.400067234786699011e+01
2.181211378838250070e+01
2.084548125607459568e+01
1.481800523794746027e+01
1.823875661432402850e+01
1.941267342550509056e+01
1.658182380896667141e+01
1.601907355788798526e+01
1.761534295613503076e+01
1.285920772484192476e+01
1.843544924251321859e+01
2.044992873331727168e+01
1.243419935473981042e+01
1.772807408067737001e+01
2.002354382303269631e+01
2.200923802326289191e+01
2.057124755945350358e+01
1.872980221533111234e+01
1.600224694549654458e+01
1.686477732569642285e+01
1.963398939800245557e+01
1.851771696702283521e+01
1.679756165125573730e+01
1.941989291752608793e+01
1.684405238377730640e+01
1.702710748676667407e+01
1.977898147178430932e+01
1.801123018850563540e+01
1.842444001915071183e+01
1.577746572467914277e+01
1.670607964695550862e+01
2.114693259969069317e+01
1.763108326551855853e+01
1.933200340425182517e+01
1.843787828432154896e+01
1.895785255896613108e+01
1.078980626952841249e+01
1.899796402583853805e+01
1.797131352690007589e+01
1.932921392905291214e+01
1.827774879102000583e+01
2.156674772031736254e+01
1.673755425874733049e+01
2.011661338620643846e+01
1.884979411761656465e+01
2.076511687640302384e+01
1.669868302132028148e+01
1.375097141601633410e+01
2.061403503647209234e+01
1.734635847409061782e+01
1.290399126498004634e+01
1.990606453421179367e+01
1.524020846166581400e+01
1.522905857501915605e+01
1.975283421001415007e+01
2.124896214881165690e+01
1.753315041936886942e+01
1.610156160343069942e+01
1.446938663403664194e+01
2.049560563154177828e+01
6.122490107061248743e+00
1.163293862880365737e+01
1.749805599453730309e+01
1.818032982303839518e+01
2.096046897349453886e+01
1.794482929993225895e+01
1.949567839972559113e+01
1.873609361766653336e+01
1.719028511924192415e+01
2.145385153217354102e+01
1.973932437834825038e+01
1.573071834715081962e+01
1.445644734984813695e+01
1.724567243321522980e+01
1.953252177537954637e+01
1.575113366340115384e+01
1.467781809806322002e+01
1.489576862536290136e+01
1.789201067767028164e+01
2.130018300140567789e+01
2.142143325841464119e+01
1.522331357552586972e+01
1.873664471728459446e+01
2.190773474254571340e+01
2.207328429431828809e+01
1.451441109941432472e+01
1.384243832735385737e+01
1.704659248092579915e+01
1.683870264209208756e+01
2.070827141344188504e+01
2.137887445952505772e+01
1.873633475833564432e+01
1.480515063106913942e+01
1.811496530821711914e+01
1.680995349759315971e+01
1.819420659005408325e+01
1.673427025862993034e+01
1.553340489700362248e+01
1.880051604685301925e+01
1.307824138712845929e+01
2.002037675252914539e+01
1.679135621117745103e+01
1.584225924598918489e+01
1.510342875638427174e+01
1.655204253328238906e+01
2.041825690076622379e+01
1.877371048380718577e+01
1.092356271930259659e+01
1.744661870994794484e+01
1.798988312296192404e+01
2.084094686173129674e+01
1.993905390010638712e+01
1.885689109510878936e+01
1.993445984914091085e+01
8.516669919606627559e+00
1.334283276637716043e+01
1.400030315953834759e+01
1.569083017685805714e+01
1.867830778072674747e+01
1.721689791619864351e+01
1.191834929023957379e+01
1.874292196734677418e+01
1.875504976049256811e+01
2.081469873164136075e+01
1.782838670230862022e+01
2.108603959548088014e+01
1.609089842528765857e+01
2.066448461860294827e+01
1.224825804855679223e+01
2.192291550375561471e+01
1.673387239028584261e+01
1.740448698577253595e+01
1.861382819827247204e+01
1.827503785583683538e+01
1.551934403267378038e+01
1.565181778124088474e+01
1.837599706547272049e+01
1.428988692944773220e+01
1.920802187784360626e+01
1.749981514778893299e+01
1.375097141601633410e+01
1.782838670230862022e+01
1.996877903596974946e+01
2.080557596693887135e+01
1.787202171980368348e+01
1.980200067868936031e+01
2.037664966590416071e+01
1.920284993803913309e+01
1.772156251258466497e+01
1.676553295305669522e+01
1.424730877387006345e+01
1.764760076309359249e+01
1.971555976952728173e+01
1.829232373103859643e+01
1.731066432534489508e+01
2.210208824776046299e+01
1.576173691070926708e+01
1.838181811019202527e+01
2.147805288905531995e+01
1.791291426935546838e+01
1.645672409085454291e+01
2.014243480113345086e+01
1.847038142512720427e+01
2.136507910590559334e+01
1.446375836293379535e+01
2.101084034521757360e+01
1.681584200725173517e+01
2.125644610100880527e+01
2.042701899761305384e+01
1.865576677868733313e+01
1.972185393671464482e+01
1.731066432534489508e+01
1.682728473060835128e+01
1.876305992051378979e+01
1.807051769430174915e+01
1.412746935235949408e+01
2.133161094528027490e+01
1.721998819908927203e+01
1.411379060581752221e+01
1.914094981824288766e+01
1.909656935573405789e+01
1.925110416061929186e+01
1.956391802202785257e+01
1.916479816356110888e+01
2.112895354915647772e+01
2.051132718137027311e+01
1.968411400879140061e+01
1.688036792689468868e+01
2.030474528957830316e+01
1.964958165048928862e+01
2.104496066519279296e+01
2.096967371673241232e+01
1.912149638252318695e+01
2.028016144138396015e+01
2.188259386865212974e+01
1.566434322857118389e+01
2.009286594497548251e+01
1.578874676891730822e+01
1.464221041038784854e+01
1.763292924967954178e+01
1.846633665978508887e+01
1.278158022135632521e+01
1.554482986030612679e+01
2.001034379690549514e+01
1.314991533608024632e+01
1.808175061714644372e+01
1.870419078707609728e+01
1.963712428457524695e+01
2.111596321839094514e+01
2.097468386927203099e+01
1.862223205374097290e+01
1.739690151084652570e+01
2.034418781456025727e+01
2.205963511805897070e+01
1.406060445341513265e+01
2.005807069663845965e+01
1.444717687319971944e+01
1.587517724106093198e+01
1.986017116709065178e+01
1.880098116565778099e+01
2.033544158422889225e+01
2.056387651726035415e+01
1.804825476263051698e+01
1.633005216299062923e+01
2.222386822239387527e+01
1.643435663793003698e+01
1.952069305939109611e+01
1.889595573679515539e+01
1.724478618029598920e+01
1.907088992015223639e+01
1.926195022257895317e+01
1.480245530610421412e+01
2.212478222320565280e+01
1.743673672324525725e+01
1.560080317447184584e+01
1.937089039133278590e+01
1.970399744794893948e+01
2.016887597768639750e+01
2.007323765963036521e+01
1.797131352690007589e+01
1.975243479130079649e+01
1.828680873532728057e+01
1.416732775457814775e+01
1.740309794857534342e+01
1.874044668586018147e+01
1.834125394465631231e+01
2.155349300377248767e+01
1.855436731907231263e+01
1.405977421096323710e+01
1.800362749128049700e+01
1.482806721053343679e+01
2.134895232228708295e+01
2.156951302186062236e+01
2.100469578985170571e+01
1.925622615827989748e+01
1.977898147178430932e+01
1.543238553740970254e+01
1.588084120834619029e+01
1.759343707311250782e+01
2.040902704966563519e+01
1.581818676232679621e+01
1.311294379540845156e+01
1.365733066656704153e+01
2.088333019281011360e+01
2.079229280376000588e+01
2.100051465035618747e+01
1.797455497377325528e+01
1.326506981955308895e+01
1.754897584878481354e+01
2.199296946141978282e+01
2.021745745560106755e+01
1.885738994428251658e+01
1.659364154743196451e+01
1.877552890701981525e+01
2.161363326915828864e+01
2.217624166285331455e+01
1.445308079759359465e+01
2.023934564431068139e+01
1.941970646483287055e+01
1.493783163217573673e+01
2.154027480304129227e+01
2.156341055001198015e+01
1.499381310928791144e+01
2.213935887418045212e+01
1.762824379992502699e+01
2.017006125631892388e+01
1.465443962941247236e+01
1.604568036460913305e+01
2.042224828542542170e+01
1.173948549404577868e+01
2.091888524966881491e+01
2.220206867511680926e+01
1.729708167541560826e+01
1.987147615444641602e+01
1.948910203350711612e+01
2.063377058144807918e+01
1.965119114259720590e+01
1.937089039133278590e+01
2.010029895241022047e+01
1.850751220516809070e+01
2.108469809363887393e+01
1.446242269126164715e+01
1.792557407486341248e+01
2.132957021658177865e+01
1.969329968594196245e+01
1.886981946458195125e+01
2.102639722635768038e+01
2.098487222784410022e+01
1.056486681141112705e+01
1.590656542321752021e+01
1.923808736158509092e+01
1.374064795086906088e+01
1.743520871185608812e+01
1.831334270661807651e+01
1.887603952502796290e+01
1.734080455113636532e+01
1.559334335391312010e+01
2.204215399806253473e+01
1.684574228012846930e+01
1.841988464400400005e+01
1.937877894128344280e+01
1.778118231145692008e+01
1.750755825609040883e+01
1.762355472007357093e+01
1.782232167480239937e+01
1.960725923007349536e+01
1.855275623257528039e+01
1.185982594352324426e+01
1.363291680215914070e+01
1.894635745192623588e+01
2.086338788675632827e+01
1.956788084843383047e+01
1.636655148853024500e+01
1.887091107300124193e+01
1.799517009983938465e+01
2.050289935035674915e+01
2.201607223329302698e+01
1.929704685168156075e+01
1.966090623098843082e+01
1.406635436683882645e+01
1.955585139937776518e+01
2.087266358560379587e+01
2.126434693028177492e+01
1.807559780022187468e+01
1.570344579683643715e+01
1.380029826434539686e+01
1.932777360512960030e+01
1.164066685944387203e+01
2.081146175156004219e+01
1.674735287520572413e+01
1.994537801975432956e+01
1.652887717475237039e+01
1.743520871185608812e+01
2.095275374647075495e+01
2.114506559440328815e+01
1.969938547952573060e+01
1.438525961266867448e+01
2.119871568474530221e+01
2.214999049159885303e+01
1.949458571500159465e+01
1.896005565640333401e+01
1.761228646670487308e+01
1.478859431397886581e+01
1.416679448932851670e+01
1.648079928077491019e+01
1.772347167164166137e+01
2.025664389126729859e+01
2.171037091579575673e+01
2.040596374108130107e+01
1.956992829264541811e+01
1.882108061055707182e+01
1.673427025862993034e+01
2.121405455546805996e+01
1.589244718978124027e+01
1.433172055994674032e+01
1.852227822958182912e+01
1.830693508534298886e+01
1.900476209087752721e+01
2.071783689806958151e+01
2.092101279644659328e+01
1.925083344708609090e+01
1.693016970621191319e+01
2.146594525339457604e+01
1.292497595305175651e+01
1.261692105016698129e+01
1.528789847639722765e+01
1.983812015974494614e+01
1.890255888026229414e+01
1.760699118041215172e+01
2.182279721903814362e+01
1.668235632640564603e+01
1.584982850267659060e+01
1.415737800239434208e+01
1.582996687267592151e+01
1.509701003153504928e+01
1.820926768119326411e+01
2.212478222320565280e+01
1.462329286026913877e+01
2.138272466499811841e+01
1.779236606942618693e+01
1.635513682155257342e+01
1.438380851243314673e+01
1.334484840423517582e+01
1.312121683495185565e+01
1.949021793003185721e+01
1.803071026716831682e+01
1.665123753598631851e+01
1.018719481991508857e+01
1.957463627852574817e+01
1.853208963042340329e+01
9.296999377981165935e+00
1.685592400733412077e+01
1.834006551902465532e+01
2.185416363485992264e+01
2.144453263164162848e+01
2.066665776249509889e+01
1.363291680215914070e+01
1.707582095500709940e+01
1.733687179721349736e+01
2.091405714178902997e+01
1.491472547894037959e+01
1.849267081193232087e+01
1.888649931329279497e+01
1.969479690678937800e+01
2.050598770314688579e+01
2.121028475122125201e+01
1.947431707157860359e+01
1.511867355893356546e+01
1.306004692747134399e+01
1.818209916090998135e+01
2.219205396453513757e+01
2.009546431710172598e+01
1.779162168601001071e+01
1.920178585759066792e+01
1.744713754059200284e+01
2.060644573339618546e+01
1.586496125537438218e+01
1.514827983575529302e+01
1.927903737403008577e+01
1.847038142512720427e+01
1.610558934769103701e+01
9.245202345287973245e+00
1.976444970332065409e+01
2.046321303314691420e+01
5.788897892466462025e+00
2.171363486856975555e+01
1.697913613478193895e+01
1.325512014114182513e+01
1.603368416780974215e+01
1.920074468927344924e+01
2.138577612673406492e+01
1.404855354756059427e+01
1.830248369509934037e+01
2.174219234884848362e+01
2.065392909088724238e+01
1.921973809080124340e+01
1.625562178876527497e+01
1.428036711547131965e+01
1.913877760833196362e+01
2.199493848818225672e+01
1.863094220788088151e+01
2.024409607795363897e+01
2.019742846162866101e+01
2.134580616554723775e+01
1.431138557036319980e+01
1.722577344923523057e+01
1.439456474157872634e+01
1.624940963026027063e+01
1.892276961622692966e+01
1.422590725664039546e+01
1.559035471505582215e+01
2.045269203868643615e+01
1.994634291498213940e+01
1.686028151119149499e+01
1.572318934628683529e+01
1.755503676285876224e+01
2.025426171666278208e+01
1.581298597972424425e+01
2.029158357045410810e+01
1.762775947724548331e+01
1.857966045992023396e+01
1.973901312452035839e+01
1.428069707712785430e+01
2.113461028106573636e+01
1.891133278138520524e+01
1.429494510765088400e+01
2.204294959220165140e+01
1.404197161167962449e+01
1.762561790027574915e+01
1.942410549225948557e+01
1.501554124315604710e+01
2.176582637356345629e+01
2.110103146396227203e+01
2.096771860788476971e+01
1.586766157671522848e+01
1.558151614170192190e+01
1.923375556549074616e+01
2.153584131191168893e+01
2.123706382582250640e+01
6.136941521969133007e+00
1.853271940214714419e+01
1.581818676232679621e+01
1.390052843647071867e+01
2.209877447916534976e+01
1.641788187790244891e+01
2.195281539534295234e+01
2.021743835222521923e+01
1.609426161613270523e+01
1.492181147740916103e+01
1.879170778228826322e+01
1.906267712288905614e+01
1.967096532768455219e+01
1.804470263107042527e+01
2.157523348785769457e+01
2.065267335152240591e+01
2.050289935035674915e+01
1.548770784647836152e+01
2.067033428824775498e+01
1.950245296743428014e+01
1.847886122241724749e+01
1.602128434395888945e+01
1.945676415819538363e+01
2.216176788776942885e+01
1.971847629205127461e+01
1.050609602913724316e+01
1.872474151939184139e+01
1.741631792795141465e+01
2.169940735641830187e+01
1.707582095500709940e+01
1.504908575276731852e+01
1.142576519386724243e+01
1.982963558863242781e+01
1.913783886531648193e+01
1.660418189761490382e+01
1.374209871704184849e+01
1.368846765835717250e+01
2.153600944716929533e+01
1.920802187784360626e+01
1.743654074958216782e+01
1.922352020400992956e+01
1.886993415732937152e+01
2.017685728101059794e+01
2.046064693830123105e+01
1.497304362567387415e+01
1.413348643545363004e+01
1.539587070279473480e+01
1.642906941672816856e+01
1.420602365228848640e+01
1.919482696754437612e+01
1.633971706748553387e+01
2.047916939555805627e+01
1.368527961583289176e+01
1.592078414137092324e+01
1.784377252366962452e+01
1.458992743905758616e+01
1.732825916809255418e+01
1.514519863801216992e+01
2.175618230470938386e+01
2.020936208864324968e+01
2.200798651588364763e+01
1.807858033191414648e+01
1.658067297026383002e+01
1.852597056402071374e+01
2.124922497406392097e+01
1.183262954451613069e+01
1.408993662616019549e+01
1.989799090669524517e+01
1.958818865584148483e+01
1.275509169435555279e+01
1.837396503685769389e+01
2.069932635943448673e+01
1.952170647241909762e+01
2.147583279165025161e+01
1.929431302573217977e+01
1.358337206590472945e+01
1.996911014203993062e+01
1.978310501876596206e+01
2.043708741753633973e+01
1.758233990092107746e+01
2.114361844412469438e+01
1.432764606399835117e+01
1.908641647863833413e+01
2.223358349398512246e+01
1.950977857269800708e+01
1.911410256005814290e+01
1.924827193410950699e+01
2.061553494742312509e+01
3.746175254703061785e+00
1.735348297627579228e+01
2.130947998506608698e+01
1.889682730932894117e+01
1.329626632143085452e+01
1.917780541564457408e+01
1.916427859043165327e+01
1.948836833952509551e+01
1.803255425791298805e+01
1.495235277627016757e+01
1.827774879102000583e+01
1.701467808752141764e+01
2.044734825467426020e+01
2.026798047829381488e+01
2.173491593353842433e+01
1.899573941795121357e+01
2.095210354740558500e+01
8.851840901892225943e+00
1.440055164088029294e+01
2.063377058144807918e+01
1.977158658324617235e+01
1.887137540808384273e+01
1.145492965145881215e+01
1.726116531232008811e+01
2.159931315204061875e+01
2.061949456479383613e+01
1.274631843330859304e+01
1.355032549294244504e+01
1.867411010311457886e+01
1.664101238220149881e+01
1.480468710072912408e+01
1.895778359828363691e+01
1.890194409796495734e+01
1.375572431371190874e+01
1.682834233368089727e+01
1.487712197105703638e+01
1.842662436883794896e+01
1.978281107800887639e+01
2.094564817428080872e+01
1.968423271555880305e+01
1.765424385891693504e+01
2.000680484465592102e+01
1.754376001724880041e+01
1.434702892704153143e+01
1.526413165894154744e+01
1.496281578503281651e+01
1.812918184005150835e+01
1.733185671495542124e+01
