8.434788240782474134e+00
8.660676785378155884e+00
9.724996331697873586e+00
5.698075560594142885e+00
9.617417852525468547e+00
5.504544607068765139e+00
9.812414732117714422e+00
8.901331089739160873e+00
5.533514717017658846e+00
9.965776853345335695e+00
8.184352130984079210e+00
9.388418370444654215e+00
9.248204367272382598e+00
9.527956864551704541e+00
6.625742303385496967e+00
5.817610851455974341e+00
8.785582057369266451e+00
8.660676785378155884e+00
5.864203312536645285e+00
8.723774366788596524e+00
8.446216495477466779e+00
8.794325790056413794e+00
8.466008085829010099e+00
7.830462361513665925e+00
9.064338020256663242e+00
8.822940010691732837e+00
7.335857578387961375e+00
9.776540557562986677e+00
9.290669179844403658e+00
7.882440019176970125e+00
9.707845341643364989e+00
8.246599470267772958e+00
1.004500413827043026e+01
9.699370642264160125e+00
4.626905195275667459e+00
5.024647607877315458e+00
9.688481887393891157e+00
8.543412732329860759e+00
6.359875121456454394e+00
6.476641036385142769e+00
5.500268823079461633e+00
8.672497835009705724e+00
7.426208232354506222e+00
6.689614466084599087e+00
6.733715742941057236e+00
1.022440248044103583e+01
1.012135875509788363e+01
7.311511489437184430e+00
9.855725803309107746e+00
9.947944828028566278e+00
1.015437170617946805e+01
7.294563360435211585e+00
5.778440539840233647e+00
9.380807487044368287e+00
9.549709513930331184e+00
5.807972942421408824e+00
7.163778472378174556e+00
9.831837301007013252e+00
8.987472952079206934e+00
9.097523728367862716e+00
5.852944741770160775e+00
8.407466259095118133e+00
5.894856193323010807e+00
5.716199961740057844e+00
8.872596771618873390e+00
7.103069397987603395e+00
6.485627349471446479e+00
8.459736797319907353e+00
8.525465506276180605e+00
8.139139528425289427e+00
9.287100562275540483e+00
9.523778509568765926e+00
8.588796955707334035e+00
9.157609047396668700e+00
9.661676420195115966e+00
6.409709429796677682e+00
1.001940657715645955e+01
5.644320283967712015e+00
7.878355682476350985e+00
1.009451505762519652e+01
7.268158826565741804e-02
8.053796572301386902e+00
8.976274630885805905e+00
8.458610337353164255e+00
9.669223058212622846e+00
1.002185404499289234e+01
7.843999832517951631e+00
2.973370317547026964e+00
9.608278258174154374e+00
5.723702639422793226e+00
9.234046536167747732e+00
7.323786377716611007e+00
5.739605855994051709e+00
6.753142465526585703e+00
5.801890644088548044e+00
5.768582568303870950e+00
9.417122134177045467e+00
8.879341780797323835e+00
8.963837550169023061e+00
9.419658608632939689e+00
5.770141390918278823e+00
9.824704114259422028e+00
8.678826403355259345e+00
9.187320331727631739e+00
5.773984689614677812e+00
8.416049711714585158e+00
1.018575057951865581e+01
9.945790592062920155e+00
3.279573136608561867e+00
9.501703022817164168e+00
8.892497757111909706e+00
8.804276585668491251e+00
8.242413702384617125e+00
5.836570446562431513e+00
7.131629822202164348e+00
4.581755302562010357e+00
9.180044927398565591e+00
7.756359753109354216e+00
6.465427279386173787e+00
5.777718947508107661e+00
7.683339128451185829e+00
9.145146720405442409e+00
5.744089479193974057e+00
5.967843003043843630e+00
6.587899185670725188e+00
6.060703399185799256e+00
7.357650235188208043e+00
8.807210626098479267e+00
9.242671213662456253e+00
5.870827419464983876e+00
5.751093573408549098e+00
8.748457867075439154e+00
5.770298082078470614e+00
6.038018418957284972e+00
8.470273527421497306e+00
7.978533651332156751e+00
8.611262488121088410e+00
6.866437588002586523e+00
5.858333294968064209e+00
8.112544378973355563e+00
5.887359833331354153e+00
9.563759358460846016e+00
5.715750565234984926e+00
9.583787092375111172e+00
7.163723205638087954e+00
8.686482949807137643e+00
6.675894256668936322e+00
6.275290394310810704e+00
4.951391773877975133e+00
8.446876522090486006e+00
9.253308650419185710e+00
9.318786625221891384e+00
1.013954294139044876e+01
7.375440668494031904e+00
7.606309744626733149e+00
5.928854237446745223e+00
6.742688812352528593e+00
5.830398178333496162e+00
7.615982592075688729e+00
9.808244666119904309e+00
8.627412665040539608e+00
8.780513344615574312e+00
8.883668259966031044e+00
8.240258110641626388e+00
7.721051123934646654e+00
8.796684092890917128e+00
9.196283678219289826e+00
8.733410758236997751e+00
5.667496767089628129e+00
9.940286073793309640e+00
7.903048162924634745e+00
9.523166932182091315e+00
7.021405137745280634e+00
6.235956913743413210e+00
9.001436362637711852e+00
8.637396352399443700e+00
6.839572690464319926e+00
5.692025538982145250e+00
8.993776751550509374e+00
7.298680896532329321e+00
9.388418370444654215e+00
6.859518976733392392e+00
9.798005867903281541e+00
9.059934669138256069e+00
5.958250885546748421e+00
5.787517805501718904e+00
9.435831902294475881e+00
5.801604312363839888e+00
8.980025726855252799e+00
9.873221974730105543e+00
5.311146032438503362e+00
8.308344192262966388e+00
5.151012997438193075e+00
5.747563098063347198e+00
8.543751118583099213e+00
7.037410442689156831e+00
5.767204738766205097e+00
5.598365081153931833e+00
7.137894749651337634e+00
8.343539540308302804e+00
8.631520295355517902e+00
7.208364245224539779e+00
8.476861153501900503e+00
9.249195855902941688e+00
9.070592602589004017e+00
5.835710633241619760e+00
7.052905785792075832e+00
9.051129536495869488e+00
5.882604531004778536e+00
1.614450964377594611e+00
8.929987916604893883e+00
6.753253815091723844e+00
8.517094418229545383e+00
7.454217611179107195e+00
8.824431772498428472e+00
7.844735873590360065e+00
7.423459780483083748e+00
6.852175543217864373e+00
9.949144075900793638e+00
5.803177211777388322e+00
1.010097732461352393e+01
9.120440208167735818e+00
9.913861117070441153e+00
9.560040376952022356e+00
6.693005412628568962e+00
8.191890456084898631e+00
8.776934876848754286e+00
8.725840247337480093e+00
6.996272844203188512e+00
1.020975946797102551e+01
6.023684406137462588e+00
9.477578909548476815e+00
5.755652570858197592e+00
5.873187774465719713e+00
6.006631830029962593e+00
7.110825348276110347e+00
4.857403906678003480e+00
8.538976219168809223e+00
8.983299977976855644e+00
9.359344155632498996e+00
1.022529819893840219e+01
9.388418370444654215e+00
9.342228363254069023e+00
9.875162854766934117e+00
7.706978796525875808e+00
6.528470418560369026e+00
8.855219815936681726e+00
8.424679956392269631e+00
9.092469234928090671e+00
7.307456904704240586e+00
8.677333848678756567e+00
6.871124375456526323e+00
8.053942318694820912e+00
5.985787127205710156e+00
1.009720078755503003e+01
6.194495858665484356e+00
8.063368187304019941e+00
9.220506052250760476e+00
8.107333241495954468e+00
6.927834810485355099e+00
8.765866393876406093e+00
5.973258553418789418e+00
6.299939016542706050e+00
8.918385985652349746e+00
8.640023975524652400e+00
9.088364237832315951e+00
8.105018269784267204e+00
8.671024031978888047e+00
6.133226465454847620e+00
9.110679182222522599e+00
6.156952102664552839e+00
9.847763044344574723e+00
8.508695451386056874e+00
5.717837800026332573e+00
6.548177942483966341e+00
6.038018418957284972e+00
5.736021831306942431e+00
4.736537198984387409e+00
8.702834868063959561e+00
9.555126463025541028e+00
8.631520295355517902e+00
8.151451045398061979e+00
1.008796366962583768e+01
5.765497360758918610e+00
8.530069436184358977e+00
9.587342550685169940e+00
9.832802774528074607e+00
5.843931859162574405e+00
8.322784022767200085e+00
7.883520262581776628e+00
5.117492277511692222e+00
7.149954987440598764e+00
9.919112889209870332e+00
5.832959695711173786e+00
9.821460429009997384e+00
6.535537400698638422e+00
5.863379832894410448e+00
7.158311756230586909e+00
6.716537959322891105e+00
8.929577284428892980e+00
6.027581506020255553e+00
7.272422799095281221e+00
9.489970344433398708e+00
5.463733493878994985e+00
8.857054767881653135e+00
8.672331510052710968e+00
4.313404709729605102e+00
9.220835953320698053e+00
8.629713455299908631e+00
5.913914757081646378e+00
8.152718085518600333e+00
5.721647597232186300e+00
1.000868935971389284e+01
7.398529941217580230e+00
6.408787516307981491e+00
7.450644053165047076e+00
6.035670604040702436e+00
7.373585090012951149e+00
5.839046030482649030e+00
7.534440125846637137e+00
9.683755815284037283e+00
8.492764052115996165e+00
5.311146032438503362e+00
4.345109752599173980e+00
5.758790062977650948e+00
8.689393620254662665e+00
6.623921020025533402e+00
9.503497998921087486e+00
8.641465303171116830e+00
7.224352978780280488e+00
7.429005846382321643e+00
9.745133030805380514e+00
9.453634104329790233e+00
7.314920199746813623e+00
8.592274296198887384e+00
8.623981048389653736e+00
8.644324937087228378e+00
5.342901752146909544e+00
8.628319716530864270e+00
8.756651034110907617e+00
9.114413474925935787e+00
9.674782535326963639e+00
6.390119681962981524e+00
8.536505617402671220e+00
7.101920715612044077e+00
6.660343396709045294e+00
7.679869765913346136e+00
8.500708800315532443e+00
5.751156595596009780e+00
5.519579448625094642e+00
1.001710194191247183e+01
9.592708361508298864e+00
9.070119332382846622e+00
8.814797496680199629e+00
9.514611863979620665e+00
9.085339147631712464e+00
5.225518729718364952e+00
6.077226128097486857e+00
8.053942318694820912e+00
9.085390473415854373e+00
8.657823463662216668e+00
9.781805194931921577e+00
5.993363938714851180e+00
8.990453400580936005e+00
5.994931229397493233e+00
9.539290566883018130e+00
9.070983631521130519e+00
8.534267869656710914e+00
9.154865619180528213e+00
5.092002704375450328e+00
1.007429665974920141e+01
9.775757445461561446e+00
5.848155021375856855e+00
5.733546370038823170e+00
8.205926430568709407e+00
9.845248021002872107e+00
5.935574705558081199e+00
4.708575661211407137e+00
8.512790653028504906e+00
6.121332844158335007e+00
9.472115564296798240e+00
5.763532710055717878e+00
8.468202262011971015e+00
8.810404843256028684e+00
9.896726752419851891e+00
8.620305548580594390e+00
8.685600172314682510e+00
8.979314983550510831e+00
5.239740655734246744e+00
9.509157869741061475e+00
9.477578909548476815e+00
7.272422799095281221e+00
7.758351849566534675e+00
6.374461905195787814e+00
6.001972102827735078e+00
9.575610122321112527e+00
9.585919430279201237e+00
9.679916206819802582e+00
5.440931403439534186e+00
9.829667897398696397e+00
7.808612869921629951e+00
8.929987916604893883e+00
9.904616110674666629e+00
9.408228518858400946e+00
5.905298846700815396e+00
7.885719458373172230e+00
1.005091199852935269e+01
9.972808152445086449e+00
9.371948272950703540e+00
8.460203572077812595e+00
5.998148861411972455e+00
1.009696985345689768e+01
6.839577961540467932e+00
5.818102817911969815e+00
9.000329682554315980e+00
8.686482949807137643e+00
7.900625572103428418e+00
9.117230132550240285e+00
8.519019154950806083e+00
8.636585658263031817e+00
9.681082574501846949e+00
1.009112548480667648e+01
7.681241274737804048e+00
6.444000017712424366e+00
8.232155639476877340e+00
5.662649507559429196e+00
6.294659392583833224e+00
7.768363969860102358e+00
5.830438323565524605e+00
1.019968470232933022e+01
7.294563360435211585e+00
8.890180101322171069e+00
7.997201340731763253e+00
9.529232622534216546e+00
5.788291489763615516e+00
8.596610222561695380e+00
5.501202356721781150e+00
9.342535590741933405e+00
1.246373437491155922e+00
9.457970711541776154e+00
5.758790062977650948e+00
4.753005668131518036e+00
8.609385650662435552e+00
6.998127815948656405e+00
8.553970334960036226e+00
6.575614316684505134e+00
9.377643128211131440e+00
5.904795900396200281e+00
6.450889212282921115e+00
9.530988662052122251e+00
9.666373410592699500e+00
1.021042769075911139e+01
5.757948686205105915e+00
7.273779684918414645e+00
1.012671406141026154e+01
8.494900212715716492e+00
8.398506850736936258e+00
8.238598319622006727e+00
5.918592383894743847e+00
6.891292441771501132e+00
5.794120550318907270e+00
9.025005637956166282e+00
9.343864128595445351e+00
8.409323898617174109e+00
5.891813297419030704e+00
8.818770508616911030e+00
8.666323227447941591e+00
5.763815449083371512e+00
1.019339573760005813e+01
8.014119147982771807e+00
9.568922134317801920e+00
8.686764583197167156e+00
9.528195987740275541e+00
9.431894976831728172e+00
8.883668259966031044e+00
6.622013052707336200e+00
3.029438788027745577e+00
9.240566863188172775e+00
7.681926816582136830e+00
8.967891754813038574e+00
8.631520295355517902e+00
1.023133250989301324e+01
7.758351849566534675e+00
7.649620941433804333e+00
8.074104856777841732e+00
3.732626516870009015e-01
9.782535965823202062e+00
9.476806526380272544e+00
5.361948787574341679e+00
9.857368026638809511e+00
1.024694267712946427e+01
6.411805289266063745e+00
8.527343842243125138e+00
6.770978826286636831e+00
7.752828437463996636e+00
1.024647971913855748e+01
6.266270678693718565e+00
9.212178711200259329e+00
7.514114213546233323e+00
8.882864765832307441e+00
9.830451463893833619e+00
8.521108095445942610e+00
9.934502093056652328e+00
9.551922556381523322e+00
6.244517121251081271e+00
9.969343187648583182e+00
6.052564749608123407e+00
9.137401174096929424e+00
9.505639389155511765e+00
6.850557113190336445e+00
5.800911500821320566e+00
9.752103280037891508e+00
7.897899846449671024e+00
7.828056160166810606e+00
9.079772168541010657e+00
8.654177439040470432e+00
8.914006366014845639e+00
1.019804550602717086e+01
4.365170488087168010e+00
6.287667175829829702e+00
9.842337907314316681e+00
9.856289985043714452e+00
8.861456833076630346e+00
9.896714356715101246e+00
9.975091172813067786e+00
9.887117729411386335e+00
8.352240959018374156e+00
8.716886095940072465e+00
8.822422892096211555e+00
9.547295375760207037e+00
9.486654428954389928e+00
6.044000949855098170e+00
8.718910498140758136e+00
6.441019703853958944e+00
6.182871007653137241e+00
8.312187380666459902e+00
8.544233375597489299e+00
9.323105933558998970e+00
9.971669477572628892e+00
6.235956913743413210e+00
7.930354900154460651e+00
8.689715075842006087e+00
8.293876082237970238e+00
8.425478139011199019e+00
1.017883422162941898e+01
1.021427213674422241e+01
8.876274395095570924e+00
6.454718236547982713e+00
5.951578397902078876e+00
1.004806134947453167e+01
9.487752462494496442e+00
8.545509180058150633e+00
1.021522589926505731e+01
8.430246255438330394e+00
8.758761301807371780e+00
6.009880538006781237e+00
7.847151221537878918e+00
5.914782339476713169e+00
4.409614288362178058e+00
9.657222835530140159e+00
6.776760354581394807e+00
5.984068918640877754e+00
5.047197778931236556e+00
8.146541121104677430e+00
8.544233375597489299e+00
1.006293225440013828e+01
6.470874413571054973e+00
9.967954993761084737e+00
7.253815838003909278e+00
5.801058712909778592e+00
7.885840923666660451e+00
4.521303260728210205e+00
4.011987944871459710e+00
9.390072807841102431e+00
6.378327065961292064e+00
9.381437398615798173e+00
9.056558058385938637e+00
6.449376511857329852e+00
9.204448220724165353e+00
9.498272603499756883e+00
3.636775662246265473e+00
1.009989726455041037e+01
1.019800236131887772e+01
1.016512737165808034e+01
5.670955886699762694e+00
8.647452623651966874e+00
9.388473149285379904e+00
9.352308572099888195e+00
9.532128766217219606e+00
8.456950794344738398e+00
8.568136072810681014e+00
8.523691506184890798e+00
5.746947225643911139e+00
5.952478830925127085e+00
8.565873340000486280e+00
4.438142027833343661e+00
9.833529131427390269e+00
1.018608731065350526e+01
8.148692161481172036e+00
8.568765092167065944e+00
8.310443235372057202e+00
8.396721785890679968e+00
9.523778509568765926e+00
8.679258934815930360e+00
8.039885247771904275e+00
6.054636164597959613e+00
9.552732666693406927e+00
8.623258383333636701e+00
5.723205012444461559e+00
8.478634542383705508e+00
7.673925905967171168e+00
9.286502097976926606e+00
9.085686762251558690e+00
5.776637831380545762e+00
1.002033888123850858e+01
6.836243325815294369e+00
1.011976592637338435e+01
7.384387593010468542e+00
8.488353921812677783e+00
5.635494866249496582e+00
8.631520295355517902e+00
1.003498524471807940e+01
9.889448234073203281e+00
5.830274603429108637e+00
5.983250232906955013e+00
9.419658608632939689e+00
5.747920410399673941e+00
8.296296195538532814e+00
5.997022500185071436e+00
5.672914314057108776e+00
7.934956748239057944e+00
5.850372228885343695e+00
9.919112889209870332e+00
5.491930883065927027e+00
9.444314196038405385e+00
4.872086801425773217e+00
6.187226691532420553e+00
8.434084096927449536e+00
5.901406613518040523e+00
9.711959884194515169e+00
8.070652530646217571e+00
6.001683332979428798e+00
7.046118792552634957e+00
9.749871807150526593e+00
1.011217473975352021e+01
8.907426325422001412e+00
8.428552354261945823e+00
8.590050686188657636e+00
7.558965137792003297e+00
3.754771585924884469e+00
5.952509786448886508e+00
6.334478101836067410e+00
6.823795701034250705e+00
6.972096196345537678e+00
5.868111421105266068e+00
8.605345324545767838e+00
7.546145191247385142e+00
9.943634335311466899e+00
7.041655889115883582e+00
5.897613524435410426e+00
9.433856825760333464e+00
9.696827764382190296e+00
7.432648735553375907e+00
9.904299147379328261e+00
6.321614573148125693e+00
8.362952452974747430e+00
6.060329524829298542e+00
6.064024200171896695e+00
9.045926161686960398e+00
8.552793959539979340e+00
6.580182965379009374e+00
9.854196861546473230e+00
9.661010060419615186e+00
5.841447489557804573e+00
8.768247650636851631e+00
9.774790875801597778e+00
5.916802979740327650e+00
9.578926834237600829e+00
1.022080935295387505e+01
8.591467140026615823e+00
8.146819591044073050e+00
4.537645027226604455e+00
9.230170517182164858e+00
8.458239225163826092e+00
6.262397115266796099e+00
9.228752401762736923e+00
8.686554203357141901e+00
8.796739022567201971e+00
1.023381759098297117e+01
9.026924181116168455e+00
7.934956748239057944e+00
5.857677178735845480e+00
6.026915245198248172e+00
9.859957643025586194e+00
6.622013052707336200e+00
6.912034257137807280e+00
5.694892874462261112e+00
1.007864431385969795e+01
7.019814346215158984e+00
7.571167188516903401e+00
9.320965282623417281e+00
5.764331993633601492e+00
8.658378536236423173e+00
9.192088938489716199e+00
5.887897390865505010e+00
5.716093543121478326e+00
9.116747469334834264e+00
9.556044722985955531e+00
1.005403623727889162e+01
9.703580520090552497e+00
9.382542707523111147e+00
5.229582096561001814e-01
5.834147293005720769e+00
8.320895362271429008e+00
5.984068918640877754e+00
8.050101627983671904e+00
8.107964678059074615e+00
8.979314983550510831e+00
5.983455413356571384e+00
1.008266648823636835e+01
7.946338807274225147e+00
6.781558749671112274e+00
5.799604414047074386e+00
1.020993364835755379e+01
6.463972028062748620e+00
7.679869765913346136e+00
5.595559430399545953e+00
6.430055507411155169e+00
6.278321010361254118e+00
1.017732895992768682e+01
6.710862120903857253e+00
5.903317871672931538e+00
1.016255170780587669e+01
8.459003352504950612e+00
1.014320088336799941e+01
5.799257877577696618e+00
8.577408552109552886e+00
5.718206218457056345e+00
8.847828894124337040e+00
9.826914961805627513e+00
9.620965450121788720e+00
7.377786014299076101e+00
5.773478034558662486e+00
9.537273410700466414e+00
8.882678454981677518e+00
2.900556490422742772e+00
8.553697786846123918e+00
9.516054948407894898e+00
7.519592043779566026e+00
9.095889355382377417e+00
5.673188190764322236e+00
9.408228518858400946e+00
8.222861142679017021e+00
9.108057589430424983e+00
6.219511392447821585e+00
5.668187388870141952e+00
1.019199504263252543e+01
5.289373046323376570e+00
9.689474950899681360e+00
7.384213990301372377e+00
6.653395936437718206e+00
9.753082683772536399e+00
8.566548772432739156e+00
6.162574833575395594e+00
7.689412939538479819e+00
5.520342613790318431e+00
7.941120846691491764e+00
8.548645861412280667e+00
9.713700147091177683e+00
7.594599165673437291e+00
5.800450849169685341e+00
5.305800287295722839e+00
5.848053710448873233e+00
9.376985608872036693e+00
8.291791880136530679e+00
9.845248021002872107e+00
1.009696985345689768e+01
8.815370160311402969e+00
8.470909682248123573e+00
8.914446626299673326e+00
9.374924751623773034e+00
9.695809571261538196e+00
6.773863279921449987e+00
8.889384613244187605e+00
7.000387895694288432e+00
1.015022233793721895e+01
5.751474600206162968e+00
9.253308650419185710e+00
8.122133549455995194e+00
8.959792988356495513e+00
5.709542250322629187e+00
9.264308576959530583e+00
1.022713318848692232e+01
7.164923281708148295e+00
6.326843576763833354e+00
1.006348344384918114e+01
6.907984879859173866e+00
6.814859294333910356e+00
1.019243833233159968e+01
6.859709397833677613e+00
8.322569483062023821e+00
6.323856925999219669e+00
7.585355702148476098e+00
8.500298184031301219e+00
6.972096196345537678e+00
9.519286565603270134e+00
7.531014679090836772e+00
9.687431165741381633e+00
5.854354460273296645e+00
5.635488296422517251e+00
8.709079181325545704e+00
8.941555818073116058e+00
8.739947762444325363e+00
1.018442627024064784e+01
5.629174278586766889e+00
8.985204372146746721e+00
9.419778029027622068e+00
6.575614316684505134e+00
8.193450413851817160e+00
4.145926747149085045e+00
6.415486981229912899e+00
1.014092321444139699e+01
5.949123606042542534e+00
6.183337978297453574e+00
2.021912105271785887e+00
6.866437588002586523e+00
8.733680051363023722e+00
5.927397068632280330e+00
6.282452004377504728e+00
5.833050631346750947e+00
9.697916622790497598e+00
8.687991612914526485e+00
7.928361808024225965e+00
5.835710633241619760e+00
6.658100985086082169e+00
6.811150877832218953e+00
6.653666470148856149e+00
7.524688645581643520e+00
9.633522900502887509e+00
6.754606210440042169e+00
5.994597048967142072e+00
5.672049737362580224e+00
8.163591705088320438e+00
5.692957370712599108e+00
8.495670401337910960e+00
8.979314983550510831e+00
7.689333275355866526e+00
5.807863275607431319e+00
1.004290254038134655e+01
9.670320329495901035e+00
8.707620426673191361e+00
9.176976065842598729e+00
8.549599616917989309e+00
8.370279827720390031e+00
5.875085658971786806e+00
9.800247002381613726e+00
1.022189816577002119e+01
9.158756694513495944e+00
8.869485035900659398e+00
8.367584436275675941e+00
5.939279534682347261e+00
6.201482601494531899e+00
9.837890682236970719e+00
9.835887405667973482e+00
5.945853066590887970e+00
1.024192182757302305e+01
8.692958852637390876e+00
9.340212208075111988e+00
9.389877222771445986e+00
8.606384139704516656e+00
5.783909926646361832e+00
6.395080523685335194e+00
8.819811981222311914e+00
9.874296290236788565e+00
8.237819695203555170e+00
9.414884577826112988e+00
8.841310314913565449e+00
8.723446062163391801e+00
1.007417377243151080e+01
8.728084161121975271e+00
9.958983952657387562e+00
8.547474294761787661e+00
8.979314983550510831e+00
9.979070623064270507e+00
7.820852995007345321e+00
5.763029930388722910e+00
7.640008979368602127e+00
8.729033815694110743e+00
9.139339498039367626e+00
6.052451825455004375e+00
6.071303583286752570e+00
9.149796644574921700e+00
9.253308650419185710e+00
5.932403186548552476e+00
1.024769246070490780e+01
8.640833491890631990e+00
7.444315394874800873e+00
8.047442167679790259e+00
7.563609836069373316e+00
1.008477524005018289e+01
9.610308020483843805e+00
8.407106699164557995e+00
6.265288455615956487e+00
4.780234256033284446e+00
8.889333655537914325e+00
8.857054767881653135e+00
5.800763884271753490e+00
1.016447785561879336e+01
5.557501529776074811e+00
9.957412250065877046e+00
9.020961263895912907e+00
8.717093635632416238e+00
3.580812447680504995e+00
8.822460781622432080e+00
7.232724454213633081e+00
8.547738796471080036e+00
9.606868930090421088e+00
9.116660269911676551e+00
7.730770141127099926e+00
5.844035223733510698e+00
7.181331540294952021e+00
8.219107036324347249e+00
9.341630969052344469e+00
9.282668833956345011e+00
3.548397200046717437e+00
3.617358313151995297e+00
9.991317677993105661e+00
8.759160509080167856e+00
1.015339863061480408e+01
5.905466144144105201e+00
6.101971517224209052e+00
5.804316844495689409e+00
5.754154360849794259e+00
8.128385488794984681e+00
7.240493144528137748e+00
4.157810249608907327e+00
6.251340462569443979e+00
9.015116722070139588e+00
9.600364098670995716e+00
9.192349842493445777e+00
8.025036383597973000e+00
1.759730473960231301e+00
5.846370497518350362e+00
7.804456355363429410e+00
9.150286469590406924e+00
5.673560702046267501e+00
8.545915108951286143e+00
6.486623570656378845e+00
8.293088406077403718e+00
9.855409971473759967e+00
6.857467559785859201e+00
5.912038398672031292e+00
7.897899846449671024e+00
1.019558140750611841e+01
7.480961020574207865e+00
6.642259025108208093e+00
5.986687841440825331e+00
1.009837786128821868e+01
9.716198032389845807e+00
9.204704646228625720e+00
7.462334141840554658e+00
1.025056976246192697e+01
7.915976718489269537e+00
9.669390176026647410e+00
4.697408027398949137e+00
8.706753189870346077e+00
6.162379911170744684e+00
9.325382847998660907e+00
9.652246830275377221e+00
7.892275875243458749e+00
8.878603841920105211e+00
5.751370591467356519e+00
9.122237535186005886e+00
6.300667885012305902e+00
5.717674044071777928e+00
8.348162088462776964e+00
8.064756978224737693e+00
5.803384198859701470e+00
9.127554040442467098e+00
9.201032095013495393e+00
9.499752100458817239e+00
6.826775312750974045e+00
5.983562860068856182e+00
9.565061086472415042e+00
5.924005736211750417e+00
5.768582568303870950e+00
1.002308501743048197e+01
9.389877222771445986e+00
5.927882109502771613e+00
8.852091164431165282e+00
5.780120205411543921e+00
8.070652530646217571e+00
9.149516048054412209e+00
1.014320088336799941e+01
9.253308650419185710e+00
6.179225783194395305e+00
9.787773484594785245e+00
7.367482402248203499e+00
3.322802921423638089e+00
1.015870970398867001e+01
