4.007538701124052083e-01
5.687116098050208624e-02
2.945881931623679950e+00
2.792189973542868575e+00
2.545004942478449550e+00
8.245417989107323153e-01
2.959478992763942884e+00
1.922492744516835217e-01
2.835753881254772235e+00
6.245436182449159990e-01
5.218798038458131172e-01
1.752755240748295806e+00
2.368308385011355988e+00
2.034992218978410872e+00
1.730950312127855772e+00
2.901091397350838097e+00
1.394718840144978378e+00
3.706434361082932560e-01
1.790793975026145013e+00
2.141213359964944551e+00
2.612901051843087519e+00
1.876595881492281181e+00
2.492136780281961617e+00
2.889334961891948605e+00
2.372286363285794675e+00
9.447487737970770849e-02
3.784910424020022646e-01
6.512814951528772545e-01
2.996801158816793542e+00
1.657201736996819941e+00
2.352761513508462521e+00
2.692859505504304973e+00
2.839205338416495028e+00
2.030109155749485694e+00
1.341481790497693893e-01
1.495687188642497167e+00
5.352891851861121264e-01
5.986930082701065192e-01
2.107876724927620682e+00
2.254116120496251430e+00
1.422979915974073473e+00
2.260251887005408911e+00
2.403480274779387749e+00
1.969145126708778504e+00
2.873598298474781654e+00
2.906728453059197914e+00
1.205636935505389973e+00
1.780406773821591626e+00
7.168156579540865270e-01
2.856177610798289912e+00
2.029474924378469325e+00
1.869500303945925923e+00
2.822228026715361882e+00
7.208149459572432693e-02
2.524197943341490280e+00
1.073714183164701241e+00
2.473435279112611074e+00
2.140966829137203931e+00
1.153331221353165459e-01
9.891935170930306054e-01
7.086043597174795927e-01
1.960145750143479804e+00
7.978855961951535347e-01
1.840810527259469365e-01
2.057428733579739877e+00
5.364386658648698791e-01
2.683056666264620915e+00
3.387474369868005430e-01
2.831621613767165258e+00
2.380150669664359064e+00
1.208413972128811326e-01
5.793537743731798084e-01
2.051624200905405537e+00
5.461635944559768419e-01
2.642333642682694439e+00
2.476441001678371556e+00
3.255656114343942753e-01
1.902371381498883407e+00
2.382005803119908283e+00
2.584137906107161875e+00
1.753263423821847189e+00
5.738279349760595505e-01
1.040102880731707424e+00
2.960675779113072448e+00
7.290001807854735727e-01
7.849185190547364188e-01
2.738951796317123488e+00
2.881327322772730959e+00
6.062427237268003255e-01
9.836141559253590572e-01
7.965253933048916934e-01
2.317033739699027595e-01
1.694075847537181323e+00
2.165424257832797572e+00
2.184515992638150550e+00
2.901629384509574638e+00
2.914148924326118717e+00
2.691676835302073023e+00
2.474313324984555695e+00
8.026638939133525774e-01
4.836435521043148250e-02
1.278420588802694213e-01
1.888115946279828705e+00
7.416774709972009383e-01
2.154883134643002851e+00
7.060645633709508040e-01
1.344764936561748891e+00
6.601874027320800975e-01
2.606832507244207342e+00
4.842676815931266088e-01
3.580028296438370061e-01
1.145687086659370690e+00
1.384148199229039422e+00
2.549204774787359629e+00
2.012110723588126593e+00
3.144711044074341988e-01
2.920906992566588034e+00
5.550374193647789056e-01
8.264772524441668655e-02
2.852085590884334998e+00
2.538147012882791653e+00
1.434934791257397757e+00
2.661014077772764441e+00
1.978467712889420804e+00
2.270080058404381762e-01
9.423937534443902475e-01
8.245417989107323153e-01
2.016777896215138366e+00
2.802705788058745373e+00
1.011375452438435962e+00
2.656374681249475511e+00
1.806451669210224154e+00
2.345493518134420086e+00
2.849086524706466061e+00
2.782690855806779773e+00
5.069792139560904687e-01
3.039580693419887680e-01
2.151692421127576527e+00
1.219318830228841299e-01
2.712118889367582941e+00
2.812329996194815163e+00
2.355408611883998748e+00
1.254150616657693784e-01
5.149604592978462847e-01
8.542393992138068715e-01
1.941987933963046142e+00
2.323540583297349471e+00
1.749207099810843546e+00
2.366134216385065159e+00
2.055770938086317390e+00
2.997701823144081956e+00
2.014771381097367531e+00
5.233515353053924679e-01
1.576829736501321078e+00
9.870719653299693253e-01
5.301741544606519696e-01
5.017727623155723293e-01
2.951407503809265531e+00
1.458949294743160818e+00
3.446509234018992895e-01
2.948290375505762562e+00
7.756270284121813408e-01
6.083919212153433564e-01
4.859127287073197743e-01
1.508107030060799048e+00
1.969573357727294194e-01
2.531947205283000990e+00
1.721716640478853089e+00
2.887149543697471898e+00
3.232611233716882748e-01
3.341928373931465912e-01
6.288918990224894312e-01
2.613903203024666499e+00
2.956735333676715705e+00
6.960670134091316852e-01
2.025393600224464075e-01
3.730789730488788813e-01
2.777144033461718564e+00
2.878543997812478494e+00
2.321125182327462344e+00
2.601688065434116570e+00
1.024318724945963766e+00
4.492534033100500368e-01
2.864291583642944783e+00
2.470370465066235310e-01
1.826963280498499431e+00
2.067253419566463357e+00
2.491816048364749570e+00
1.639025428823297492e+00
1.008998139110073522e+00
9.549248519281574588e-01
2.800803245450798507e+00
7.887943605020349136e-02
1.042361911172523081e+00
7.680763860253874142e-01
1.463210987105731720e+00
2.948808626809844569e+00
5.556751618362066880e-01
8.310098683417257437e-01
1.637812482210006637e+00
2.671070024476130289e+00
8.809542213632214347e-01
1.183427346004275238e+00
1.456617493781344752e+00
2.921271621458047196e+00
2.872069370841016323e+00
2.853295327485942945e-01
2.603331150950537243e+00
1.954518693157426101e+00
1.822975042185738914e+00
2.168742530455922690e+00
2.226788644236074255e+00
1.502057353044891519e+00
1.358709376564224414e+00
9.342431453838262456e-01
7.427678937503465750e-01
2.293335762881807849e+00
2.922084809089838142e+00
1.993971815693715177e+00
5.438121479043417361e-01
1.398002906695926750e+00
8.604433673578028297e-02
1.418866582538856225e+00
2.787746552020429203e+00
1.023789883730205075e+00
2.787852004013902540e+00
2.868353373368745185e+00
2.537747001904075095e+00
5.913528986049881864e-01
2.683798485723891236e+00
2.409798687551986340e+00
2.927343529731718963e+00
1.079079333965703436e+00
1.976567697609829422e+00
3.899989528770026470e-01
8.866642567285772103e-02
9.138455182212587014e-01
2.287769595292119984e+00
2.002448345699676224e+00
8.809931802612867013e-01
2.921675939423781898e+00
7.955371161130148083e-01
2.578631304169026528e+00
2.072661928383971119e+00
2.294652872686945067e+00
8.580633891362051680e-01
4.044300734450122503e-01
1.657201736996819941e+00
1.016620607310456226e+00
2.088820484704561498e+00
1.177394394999794480e+00
2.617689837032638245e+00
2.602419130371553813e+00
3.356121919321163743e-02
1.286941223074126395e+00
1.684124074686871975e+00
1.329059619629162636e+00
2.268305886044745368e+00
1.201991221629398421e+00
2.865040631137818483e+00
5.636996751292338015e-01
2.685335348272728795e-01
3.366905466843283512e-01
1.174683358565333346e+00
4.834707587280848845e-02
2.096724169453894948e+00
5.301741544606519696e-01
2.622846893365003762e+00
1.862412147837558374e+00
3.516497819874422892e-01
9.508370029884040120e-01
2.296661675458450347e+00
1.199549537975253266e-01
1.886649134236722425e+00
2.890544757607996562e+00
1.861954665149657018e+00
8.103721150667910766e-01
2.882910717299281611e+00
3.082608755647669452e-01
1.530811758461805283e+00
1.019945883164171230e+00
6.317701552924226416e-01
1.849836899276636193e-01
1.884564313958188991e-02
2.509462773579973494e+00
2.482588857900586365e+00
2.452370161465963871e+00
2.065680372257278297e+00
1.008597040910240050e+00
3.425511800276397761e-02
2.885354075291651554e+00
7.013935671491283719e-01
2.675337181459945146e+00
5.788228124373452355e-01
2.606327013671567716e+00
1.704392193337458172e+00
2.963392377579386672e+00
8.650533360028704599e-02
2.058151300131803474e+00
4.083573257249172306e-01
5.079726229321682718e-01
7.750621790638458908e-01
2.675554094573243447e+00
1.992928875986756942e+00
8.557123700669466704e-01
6.637938163675159708e-02
2.895930112495962439e-01
5.605488316638549406e-01
2.085821965541744816e-01
1.546074225743924169e+00
2.886845406287396720e+00
2.457885903139259920e+00
2.763715845570364760e+00
4.316017790899265294e-01
5.856400106832947428e-01
2.107763786918089632e+00
8.250989809049873447e-01
6.721564204076714288e-01
1.749639570014776657e+00
8.491198570589414407e-01
2.859409855876313827e-02
2.932930438059401013e+00
7.835745180599485993e-01
1.341481790497693893e-01
5.399769432002233804e-01
2.622097214457798309e+00
2.991083310084104774e+00
2.879782402986294620e+00
1.100627534740844293e+00
2.993666824753588696e+00
9.093143458339212337e-01
1.884483691345717915e+00
1.243444874727546168e+00
2.338271367478832463e+00
2.834767962784859208e+00
1.790793975026145013e+00
2.399888619764142805e-01
1.357067414333894773e+00
2.535694311246932564e+00
9.560926328921308670e-01
4.350007990999936180e-01
1.146376357850919625e+00
2.715756125245166963e+00
3.528979870098967186e-01
1.371505688351692065e+00
2.808580597897510689e+00
1.548603559059082979e+00
2.270080058404381762e-01
1.015169591966831319e+00
8.651498804595791903e-01
2.074238379252086428e+00
1.451153453758800671e+00
2.818175180185350737e+00
8.981527008120518962e-01
5.367946745530145503e-01
7.203848819311486906e-02
8.379945003859155805e-02
2.281534794303950342e+00
2.874115408695619434e-01
2.971842581858282983e+00
2.859033255824216635e+00
1.844766855705708142e-01
2.425662664675692692e+00
7.313028974429979234e-01
2.724357223056213861e+00
2.404065204614996620e+00
2.310086542598009274e+00
2.552880916807206274e-02
2.996448443767139480e+00
2.674641520023778529e+00
2.145749023872420391e+00
1.969623177373214684e+00
1.197017210382203656e+00
2.135906193490994642e+00
2.956077571101065615e-01
1.854241321925818697e+00
7.586509856461665091e-01
2.322706139974183071e+00
2.522809711057329984e+00
2.852423732534888678e+00
1.456331181134109309e+00
2.037903962792075863e+00
2.309032838112531572e+00
1.713744324625103399e+00
2.350767124178877676e+00
7.614746787334886191e-02
1.806272952209712512e+00
2.553207997314329791e+00
1.231037472676341338e+00
2.208319251648613424e+00
1.165627412120824991e+00
2.315964657717096919e+00
1.993908609789858399e+00
1.329927029319432075e+00
1.542203103246867490e+00
6.243253795008377183e-02
2.870544749883318647e-01
9.832451491824378831e-03
4.177894144616293715e-01
2.152030365432215930e+00
2.704061279662242523e+00
6.603153908474963529e-01
1.490765076420998980e-01
1.303342999075593367e+00
1.450899649256305546e+00
7.262010476053841757e-01
1.411568493866553753e-01
2.824330779526345481e+00
2.458195013766097059e+00
2.884678477927208995e+00
5.150930469773352671e-01
1.418044067952861365e-01
1.384993586165559565e+00
2.957929423445075923e+00
7.204221538248216650e-01
1.559080084552214807e+00
3.681738290596362623e-02
1.034239222176273731e+00
2.585130446194700560e-01
7.572722495785880192e-02
5.079726229321682718e-01
6.772936215732733300e-01
1.513214395087870257e+00
9.229897259392830233e-02
2.973188622366945921e+00
1.050478667105616964e-01
2.466791905388129535e+00
1.141701485793265913e+00
1.504327085702056976e+00
6.359262991760576689e-02
7.887943605020349136e-02
1.226534043943308117e+00
3.535954923374860781e-02
2.809481530985757480e+00
1.415549774179204912e+00
1.106752888092302101e+00
2.376256547680840825e+00
2.295671972912657566e+00
8.220033792093399405e-02
2.128009411612704849e+00
1.733980284543916062e+00
4.150519419030666152e-02
2.696991389615820633e+00
2.018289503466482504e+00
2.879463900269564558e+00
8.908297648947548497e-01
2.372286363285794675e+00
2.359620087985484282e+00
1.656913718247532419e-01
1.255625168144600456e+00
1.594094496948485373e+00
2.465547773763607342e+00
2.263440558179993900e+00
2.081128581996577243e+00
1.521130861046058991e+00
1.580340167998458778e+00
2.749446480696710049e-01
2.496488945619322664e+00
2.001137907018216033e+00
5.710679512478143982e-01
2.350263029542600357e+00
7.489192531283015430e-01
2.829802244352702889e+00
2.451526762880243293e+00
2.822228026715361882e+00
1.854368302275025693e+00
2.021689316409878145e+00
2.576705949798003381e+00
2.001952816847622163e+00
2.040707886178788275e-02
1.170919370507881530e+00
7.388743001622928297e-01
2.779013125729397959e+00
1.366794991952141325e-01
1.055676990415131744e+00
1.262991687675959929e+00
2.942017306875028826e+00
2.886089805057277413e+00
6.183255593190754157e-02
3.257496601131137232e-02
8.542393992138068715e-01
4.621884788548674683e-02
6.511112200976185704e-01
1.942650215233572286e+00
5.454464880378885328e-01
2.611059208282638266e+00
2.555253559743037250e+00
2.095455845118514127e+00
1.883036686549280914e+00
3.551374083971214901e-02
9.549248519281574588e-01
2.721276133596996605e+00
2.914547183745596737e+00
2.968145759883259238e+00
1.943377104852825443e+00
1.072684846628116029e+00
1.061722820628668185e+00
1.458949294743160818e+00
1.310764889420257484e+00
2.745805830897944944e+00
4.812853635950540832e-01
2.426609563071884246e+00
2.865343813007490859e+00
2.725057717405907187e+00
4.263364338663062081e-01
1.190935596349455228e+00
2.110750087504953854e+00
1.911307374254433311e+00
1.821216510254878518e+00
1.570421009342424234e+00
1.232673162780929088e+00
2.305475400600411007e+00
2.871294842228322430e+00
2.186349123122019567e+00
9.000077550675036342e-01
4.021887205095547868e-02
6.611295915847834048e-02
5.670575947734581845e-01
1.840622562229530690e+00
2.839386505476434230e+00
1.819363832779571144e+00
8.025618494328718988e-01
8.783368391031145528e-01
1.613703775471120316e+00
2.731357951304725917e-01
2.055586192800271217e+00
4.316017790899265294e-01
2.935060780172145556e+00
1.465743151036880798e+00
2.885809752963103048e+00
2.694480329719160849e+00
1.181936860205128781e+00
2.749966970450569814e+00
3.402789936700380963e-02
3.010088692619697359e-01
1.146771234547569351e+00
1.892353551005238055e+00
5.483136567778335024e-01
2.373230629749563558e+00
1.930904607444340781e+00
2.691937300829510882e+00
2.350298158597846854e+00
1.042462615385337521e-01
2.040119425327882929e+00
1.493185084403756857e+00
2.996325078168856404e+00
1.045364238118257294e+00
2.443204896765839074e+00
4.845493866575893427e-01
2.104079868080596771e+00
1.554500540764653937e+00
2.364819823551307376e+00
3.945689687884130770e-01
1.342923679437292517e+00
2.147261786214857970e+00
2.956788095346439604e+00
7.792999276198422920e-02
2.883012535999262216e+00
2.306204800569966906e+00
1.002067206974512417e-02
1.781492332112936561e+00
1.004216932979559163e+00
2.941927007107137282e+00
2.684580548546824819e+00
2.197105891741734318e+00
2.536388673121568793e+00
1.886900789796124522e+00
9.219201613765917180e-01
2.849189276456791653e+00
5.769784200020168230e-01
2.709192190149364077e+00
2.054076391566939552e+00
1.911732307992119351e+00
2.715032497774849229e+00
2.019725597617440194e+00
1.939878222546248754e+00
2.109130753253062041e-02
2.798148387712365293e-01
1.029196414899378409e+00
3.446509234018992895e-01
2.023381821604350428e+00
1.894667850425124200e+00
3.033466114897864774e-01
2.443445296366623665e-01
4.189091159586799673e-01
6.711126369247383261e-01
2.132677780682914026e+00
1.409614089335589071e+00
1.595351264388817691e+00
9.197491985798776915e-01
2.978012720519497059e+00
1.645930904635611314e-01
1.246708533259767382e+00
1.394375540134393576e+00
2.938614787291582431e+00
2.055671473938075700e+00
1.292512701543213072e-01
2.648804104335691356e+00
2.979955941082769399e+00
2.818961463505750942e+00
1.748399788413431133e-01
7.232978006981986008e-01
1.129837664136075448e+00
2.943805652840774112e+00
1.969573357727294194e-01
1.407078240239718836e+00
2.237134165962669563e+00
2.754423161831903943e+00
4.175311660421438531e-01
3.969239174204622356e-01
8.080896170695287539e-01
2.174222993793810232e+00
5.986930082701065192e-01
1.549834892591164248e+00
1.764601325532680454e+00
1.410611424106372191e-01
8.530719495033761701e-02
2.136386475706426591e+00
2.144432791599346771e-02
5.579551137257499072e-01
2.823496692372721828e+00
2.844857994058510808e+00
2.861867859974363437e+00
1.267316826679721453e+00
9.666187026004908756e-01
2.937367689212513788e+00
2.128145320875764135e+00
2.981476847482133152e+00
9.280628688863548081e-01
1.197041716303595821e-01
5.213649204309218632e-01
2.279020309088648943e+00
8.094511988720115570e-02
2.197148385180785812e+00
5.224705423761214496e-01
1.707809413992405378e+00
1.276912268391691141e+00
2.899345488737302023e+00
1.090282267719944187e+00
2.604528049725056693e+00
2.813627561746951056e+00
1.328506784881719582e+00
2.911100428134879792e+00
2.171248246113090641e+00
2.459989401056285052e-01
2.067872553984751782e+00
1.658854053542580198e+00
2.746636381782527447e+00
2.536388673121568793e+00
2.733546981585973423e+00
1.297880595415270774e-02
1.438778411413870861e+00
2.459940303381857873e+00
1.619931875198011184e+00
1.014685940907926298e+00
5.639619723787756000e-02
5.542520696008739201e-01
1.698996132764148126e-01
2.372525950312006415e+00
2.545037234387443448e+00
1.895575302335797963e+00
1.691179632971464120e+00
2.994099449192637596e+00
2.334025665163145039e-02
2.940370949149954782e+00
2.895868628699189262e+00
1.630553116276729719e+00
2.887149543697471898e+00
2.648804104335691356e+00
1.193029962487447193e+00
2.962151178834618204e+00
2.871185847665378432e+00
2.995458403499421163e+00
1.547664312000221809e+00
5.423335560792162668e-02
3.418809413996270474e-01
2.175908213494841537e+00
9.666187026004908756e-01
2.943654293782083098e+00
2.909897484703003467e+00
5.079726229321682718e-01
1.817769923618792527e+00
7.074375035805743339e-01
2.763734564881768829e+00
1.725166654470279282e+00
1.146876201085460512e+00
6.075048622063428105e-01
1.186792615576123255e+00
1.354919107569004522e-01
1.367995941092470469e+00
2.548048793427102887e-01
2.328430956607479896e+00
2.468918162335911770e+00
2.301967972753927061e+00
2.876920547539862483e+00
4.406876895347198314e-02
7.542487632156395436e-03
1.718861860933233787e+00
2.492169818016527927e+00
2.273192665170636895e-01
2.323474635970351976e+00
7.163346839694799684e-01
4.957481310021183418e-01
2.014771381097367531e+00
2.891799844702205302e+00
2.755563078219399387e+00
5.874850246437723911e-01
2.153658228857275869e+00
1.521130861046058991e+00
1.621918580325880377e-01
2.319474450735540039e+00
2.747237893019038868e+00
2.351527646661655258e+00
2.926211612881640889e+00
2.454945088289308242e+00
2.920509381549430405e-01
3.897346793557807110e-02
2.856177610798289912e+00
2.701674080415964241e+00
1.673665647704353665e+00
2.815726843148834035e+00
1.161315642490313715e-01
4.188573465176023136e-01
1.534543648404540050e+00
1.493002450283782645e+00
1.480072844449393799e+00
2.369935652128394854e-01
2.312842511376830501e+00
2.639941434296118494e+00
6.408874161415113457e-01
5.332211404220666973e-01
1.289660657338611294e-01
1.493185084403756857e+00
1.561129118343600686e+00
8.696625424022788042e-01
2.053588854912790751e+00
2.455483804573513229e+00
2.877134101292890822e+00
2.732180777435456953e+00
2.823631965654578746e+00
2.932930438059401013e+00
1.789031078602808744e+00
2.846289253656322238e+00
1.873278105145973038e+00
2.726479718126674001e+00
2.406011301384977763e+00
3.461375137150479731e-02
2.663635280325751253e+00
1.592951364710447626e+00
1.663733165552018667e+00
2.975695835845841852e+00
6.186909827900298753e-01
2.876696047768791509e+00
1.335759126999963131e+00
6.175321146576022713e-01
1.487589274349844004e+00
2.998250389518784864e+00
2.963054485465337340e+00
4.281380857064735063e-02
2.915871187478944915e+00
2.882584372086015811e+00
1.900506059337574993e-01
2.299780427379473746e+00
2.119828642259354190e+00
2.744897299717533379e+00
2.548384255842368162e+00
1.096279215918207095e+00
7.956708042240456802e-01
1.046902279489148491e+00
2.834607235225713673e+00
1.470624376383053100e+00
1.650919176834459157e-01
1.150553348882723315e+00
5.986275762732224948e-01
2.293245022740437289e+00
2.028879371398882636e+00
2.788921676250524229e+00
1.459081337176245219e+00
2.289422293519375540e+00
1.256882073213528850e+00
2.303308712923091583e+00
5.908326706396652139e-02
2.844984027725121045e+00
5.371214051043591287e-01
2.011587160463634838e-01
2.742076733182837067e+00
2.700950554914781421e+00
1.700701343218786521e+00
2.853175216292616057e+00
2.703902993033664437e+00
2.014771381097367531e+00
7.661343594023818371e-01
8.577206505075969656e-02
6.736654054890098831e-01
1.254874147470719015e+00
2.095581370460791515e+00
9.712522881516244544e-01
2.975090746776255735e+00
2.803129947443661507e+00
2.569944875357112135e+00
1.073261645707375811e+00
8.674372789597021294e-01
1.725302857799115186e+00
9.126005793272593536e-01
2.444390704084676624e+00
2.096724169453894948e+00
1.024318724945963766e+00
9.291373987193605188e-01
2.801876561757874029e+00
2.054426673889921062e+00
1.594094496948485373e+00
2.887836205162829906e+00
2.507458375958467212e+00
2.749135322427924688e+00
2.392741681489803443e-02
6.756763082579049229e-01
6.449703374491444485e-01
1.292025070336751402e-01
1.435260652508651980e+00
1.153943858787822796e+00
1.888115946279828705e+00
2.468174862342136233e-01
2.982921112546570885e+00
2.677039958329683333e+00
1.825423151071005945e+00
1.620839375475731092e+00
9.985754957151854461e-01
2.369181735191859151e+00
7.061143390938471320e-01
2.172628386474209083e+00
2.161214703180846186e+00
1.148920584374911957e+00
2.394789190451300787e+00
2.662622093933898260e+00
2.009001374357828884e-01
1.021208894439815440e+00
6.956432880812126740e-01
2.851679197658354425e+00
1.380079832548598562e+00
2.876076263507680864e+00
1.614058565679841406e+00
2.874758159443821626e+00
5.132449392542747235e-01
1.352724747951813966e-01
2.893401500249630942e+00
1.026338440689100961e+00
1.844283378520810146e+00
1.375303171157926663e+00
9.280628688863548081e-01
2.971429182184625706e+00
1.467983184377511519e-01
2.413898341140135351e+00
2.947531830684698484e+00
1.089410671638560091e+00
1.140712908823939831e+00
5.149644944766784693e-01
1.272551462996915017e+00
2.993666824753588696e+00
4.747557893556287323e-01
1.620325359087118333e-01
2.853540511972718630e+00
5.169852760933921765e-01
1.351787187567285997e+00
2.143176934738503903e+00
1.645727666169669590e+00
2.923869140981938397e+00
5.236720638147857043e-01
2.699467503279427305e+00
5.676839900328478628e-01
1.490827825372223137e+00
2.679806145707610110e+00
1.951659171701111362e+00
1.524488502328437134e+00
2.132357317470202851e+00
2.592586682630502626e+00
2.383813129731321201e+00
2.135906193490994642e+00
2.792914334724104108e+00
7.367955108838740441e-02
2.141959766429967438e+00
1.959073560643130207e+00
2.805618486584704918e+00
2.208537258995405317e+00
2.009001374357828884e-01
6.323540013775007240e-02
2.712381708781954615e+00
1.431673933489337802e+00
1.053281111303630002e+00
2.993989522619476817e-01
2.392575901469474964e+00
1.363273106613024810e+00
2.048166256614396996e+00
1.910081758668182417e+00
1.804490763572951906e+00
2.995458403499421163e+00
1.019517081614122356e+00
1.228647692022716509e+00
3.180682839492991049e-02
1.687897216523657651e+00
2.459287940850216181e+00
2.473090205731934610e+00
2.531038200365104185e+00
1.542920812682037957e+00
5.928549543298317070e-01
1.329602610021758391e+00
2.593036972688388619e+00
2.724207411997667805e+00
2.383205373052466047e+00
2.808462195743253620e+00
1.285471122438269997e+00
2.103070505953327007e+00
6.476196111367873431e-01
1.483279531391093808e+00
2.008469391518467706e+00
1.599533073435412511e+00
2.882886858293486565e+00
1.320068957630972095e+00
2.617740318278582556e+00
2.794734202505959331e-02
5.572813523793899160e-01
2.241754139702251347e+00
2.888854277123272585e+00
8.945590123338424959e-01
2.995108497940423220e+00
1.227854790914062022e+00
3.467050607924430650e-01
1.665649896286565346e+00
2.211210351625795045e+00
2.472208866598623711e+00
2.161163685942781854e+00
4.621884788548674683e-02
1.656913718247532419e-01
2.989391670226752673e+00
5.746244801125011126e-01
1.538165775388732337e-01
1.804381319600993017e+00
1.483030609351813744e+00
1.682073361844569792e+00
9.857810825734062421e-01
1.946100830436655327e-01
1.538122054418732121e-01
2.676615300632865679e+00
2.639143234050547626e+00
1.934419993949131333e-01
1.430856948570663700e+00
2.345547662188097071e+00
7.100138576342139851e-01
4.597564482662596097e-01
4.315136098663233666e-01
2.864487379642493448e+00
2.841762807716898820e+00
2.018406041574881016e+00
2.870379812982156942e+00
2.328257793671601128e+00
1.670976196063323815e+00
2.032553658515631856e+00
2.744897299717533379e+00
2.844139400948145102e+00
1.620325359087118333e-01
2.558902772682171367e+00
2.581593123677457857e+00
6.911196946191442425e-01
1.203145163305952975e-01
1.347594566847535758e+00
1.063693765500487998e-01
2.867339756116044303e+00
2.775299534044667560e+00
5.218740942385472481e-01
5.099341682131554032e-01
1.242422563399576241e+00
1.507567635255226968e+00
2.695585545968195440e+00
1.909160001540314511e+00
1.307351420255213337e-01
2.413898341140135351e+00
1.572887624371629212e+00
8.165750847219515052e-01
2.930207345202216818e+00
1.832192468050030554e+00
1.659866454605649411e+00
5.146073093776393215e-01
9.374905576279730646e-01
2.399091672382756890e+00
9.000077550675036342e-01
2.259358000770626873e+00
6.046125676314587638e-01
1.205832964880216851e+00
1.363714785765558046e+00
2.701329679719608468e+00
5.642509269298061625e-01
1.978902747277941465e+00
2.492762301022976579e-01
1.154475110491973266e+00
2.855901917636334719e+00
2.372286363285794675e+00
2.806229553841057545e+00
2.802117005814710460e+00
1.115509308941585037e-01
2.002448345699676224e+00
5.753270284360545439e-01
