1.421269122108983574e+01
1.355254938415635380e+01
1.373347301070890225e+01
1.095531937748156359e+01
1.378045145937832672e+01
1.444844358543494245e+01
5.537198109054116912e+00
1.335894984764834703e+01
1.436917336208913909e+01
9.582249738880864953e+00
1.410306612771609025e+01
5.820686313431759018e+00
1.442849553073233260e+01
1.171646575146547420e+01
1.206968404296435970e+01
1.269513728602208857e+01
1.341267089678201785e+01
1.195377448498993900e+01
1.415054911862750764e+01
1.367755100097373955e+01
1.436420003591552330e+01
1.282320783776826545e+01
1.420951337877642118e+01
1.416395084717242625e+01
1.409901406432117454e+01
1.216682467848333005e+01
9.978780195629614269e+00
1.196374849120128303e+01
1.250149333002256924e+01
1.216615925546412136e+01
5.991143934192341369e+00
1.435124468459932245e+01
1.383490286358116705e+01
1.122198078901739748e+01
1.315761378457104769e+01
1.428079816684675407e+01
1.360583357294560614e+01
1.390119105428137303e+01
1.438848429239475735e+01
1.423793587651185177e+01
1.437189018291809717e+01
1.400414305174087204e+01
1.375833642568247228e+01
1.315543940104197063e+01
1.428033604726010353e+01
1.223166839473340417e+01
1.404317071270908812e+01
1.355304471950504563e+01
1.420923594491587849e+01
1.358854986821856059e+01
1.037616619344865754e+01
1.274762499628625534e+01
1.437502231594349666e+01
1.422366897733407143e+01
1.441816434085482967e+01
1.387114803527789064e+01
1.120285536969171503e+01
1.407151701830374790e+01
1.441840879588451330e+01
1.430288946725857357e+01
1.316329215814228526e+01
8.638823655581553851e+00
1.412486998488446588e+01
1.407494347711930871e+01
1.369173272090509919e+01
1.378381971396330741e+01
1.406863969068932718e+01
1.361384282709533622e+01
1.400560902371285721e+01
1.340794547977160889e+01
1.435713970116252369e+01
5.864737100181765861e+00
1.433773799040449148e+01
1.242215655817373232e+01
5.600341280733014848e+00
1.322889597363522185e+01
1.417224063981784887e+01
1.216615925546412136e+01
1.380977022955634581e+01
1.058742762276288474e+01
1.427156008867244452e+01
1.072650315488166761e+01
1.444364880425714048e+01
1.431318355327529268e+01
1.341711054042335682e+01
1.111556219780232624e+01
1.293027926911777570e+01
1.441004962117434118e+01
1.406691064385534951e+01
1.395196307464810559e+01
1.178197343765974203e+01
9.998106290367786642e+00
1.388677039776659505e+01
9.998582208276832972e+00
1.433955190102264510e+01
1.256541651216127420e+01
1.384135631673984257e+01
1.414885472903075581e+01
1.278467316620525907e+01
1.120629686514930157e+01
1.350000500901857414e+01
1.428673730450688417e+01
9.509618305507421709e+00
1.427975984100109308e+01
5.721801282144511447e+00
1.283101255111968975e+01
1.438956133556875372e+01
1.348779321476573578e+01
1.368306685388491495e+01
1.441359797346739313e+01
1.375603852858585086e+01
1.260088318394819318e+01
1.076545569365934796e+01
1.270170669514420148e+01
1.434491650146755148e+01
1.304868041886229157e+01
1.440415494946656239e+01
1.359217529353035125e+01
1.269094492559374032e+01
1.418810902728994350e+01
1.445293979481091640e+01
1.030398436002448470e+01
1.410066965017676921e+01
1.174984197928096918e+01
1.439805906512042277e+01
1.438447637324240524e+01
1.215574805039133466e+01
1.387151028404884379e+01
1.426414067494047444e+01
1.389047513462775285e+01
1.291065033224465353e+01
1.224374986057989645e+01
1.311449492652320892e+01
1.419030970087369248e+01
1.136246350718733211e+01
1.346982778443834938e+01
1.292239566797081629e+01
1.443804673748711842e+01
5.752954706565340359e+00
1.441674132491640137e+01
1.418828058746674259e+01
1.428607969268099431e+01
1.423952487641450837e+01
1.431449857456156849e+01
1.385533102505292646e+01
1.338321018252417005e+01
1.372377314698726458e+01
1.385299772163409315e+01
8.060672230182765574e+00
1.349891907142341196e+01
1.275056499594937343e+01
1.295872126310715444e+01
1.390583727283095961e+01
1.390045979133362763e+01
1.423067406387442624e+01
9.209679898431589962e+00
1.431529523357295375e+01
1.189418652190380321e+01
1.437396034032771652e+01
1.400078664130567674e+01
1.247579804462263198e+01
1.392710677324882695e+01
1.439117892684736688e+01
1.308548614084095085e+01
1.434106330463873213e+01
5.571383733306191743e+00
1.429720723479491973e+01
1.426911552328917665e+01
1.391476891949215400e+01
1.419254881263677959e+01
1.403788736398969839e+01
1.427052945213135970e+01
1.054705562812878128e+01
9.044776675081063644e+00
1.044064413188913321e+01
1.425282654728904674e+01
7.838506411206692448e+00
1.308039356962364153e+01
7.519305435209805211e+00
1.441414963752010081e+01
1.155995620195995954e+01
1.439587063413286216e+01
1.419315827102370164e+01
1.441235627879285097e+01
1.443208655249473438e+01
1.273019128412029488e+01
1.226649389313759997e+01
1.395032398998990431e+01
1.322328103387037679e+01
1.291641710335715487e+01
1.025118356409674192e+01
1.339772940511042520e+01
1.279523229332424528e+01
1.153953489661140352e+01
1.276702921310444871e+01
1.441079038149393199e+01
8.975224355289627809e+00
1.393530798351542188e+01
1.370531879061609892e+01
1.383521796703671924e+01
1.423342429112467045e+01
1.439860829037785805e+01
1.057790615100888942e+01
1.404544426827350456e+01
1.435926384147546209e+01
1.029872945344755486e+01
1.390681537738219120e+01
5.803285704818132551e+00
1.400005395910039496e+01
1.242828544907496990e+01
1.133174097649142631e+01
1.427975984100109308e+01
1.444789444065140316e+01
5.880007782630990221e+00
8.428533176450002884e+00
1.428426264165992521e+01
1.121334443605892339e+01
1.244125123950213840e+01
1.435646550283067668e+01
1.360120638163912332e+01
1.239849938864482581e+01
1.255479484153879710e+01
1.340180703593655309e+01
1.301560852985575778e+01
1.019388525242092491e+01
1.298240537966237795e+01
1.440500929508650430e+01
1.390036405493411031e+01
8.414563969395951304e+00
1.076060431162393982e+01
1.348444377337373545e+01
1.416956143393843703e+01
3.668522107985214831e+00
1.151813556184892562e+01
1.442871429366190306e+01
1.444722256413096950e+01
1.375015705557016332e+01
1.426334994940110867e+01
1.410746086765066210e+01
7.513822097814422563e+00
1.320785771259656904e+01
1.034446882149295810e+01
1.361747566904161566e+01
1.437035837260233961e+01
1.201206722390228698e+01
1.115288680738854055e+01
1.406001822171934812e+01
1.429279320938060849e+01
1.303875150666600824e+01
1.166309600336102825e+01
1.433865442568006543e+01
1.425878108896556995e+01
1.421248333833001354e+01
1.415794786012846629e+01
1.438772468036892249e+01
1.426086115388465814e+01
1.072135782344178168e+01
1.299215551797778012e+01
1.309198041474726892e+01
1.413002030256679475e+01
1.323200662137085715e+01
1.416503007418038962e+01
1.432946907623551169e+01
1.015839996579048687e+01
1.373450770017393197e+01
1.422719806541922516e+01
1.304474798235721522e+01
1.444086151186596467e+01
1.329485944721186996e+01
1.427351281488417634e+01
1.195764970825488938e+01
9.434484134915651410e+00
1.444077669032978051e+01
1.172020941687370765e+01
1.171646575146547420e+01
1.417285700226713985e+01
1.441974304258849315e+01
1.416838931172712535e+01
1.312418536764559818e+01
1.421394727787443024e+01
9.062406079461467812e+00
1.426889934879981681e+01
1.316768243867604227e+01
1.416742820098295752e+01
1.025963824674220248e+01
1.428635795128801433e+01
1.420792406540990882e+01
1.441862515981873827e+01
1.236942775329447741e+01
1.329375921306092323e+01
5.991143934192341369e+00
1.070432000611591228e+01
1.410630750600366312e+01
1.434092482274096270e+01
1.416724234708084751e+01
1.374999779302748770e+01
1.380621370441560103e+01
1.426626774351571925e+01
1.439609357811025347e+01
5.741846806224156552e+00
1.440948764454031306e+01
1.119087048503742388e+01
1.429535617609272435e+01
9.556653550991425661e+00
1.406091180949151997e+01
1.428606914938736061e+01
1.419603298585905904e+01
1.375376757793291382e+01
1.317990958106078381e+01
5.965133473846059076e+00
1.216618705298918890e+01
1.378615299892788215e+01
1.416858603782806547e+01
1.436247587586480456e+01
1.246691791611807787e+01
1.439284625808912210e+01
1.254190166732077216e+01
1.339824046455603224e+01
1.432629764414907569e+01
1.412089350592842507e+01
1.368220088504386212e+01
1.104729440558506681e+01
8.620444976586123076e+00
1.272356350205001263e+01
1.443457599043609640e+01
1.444086151186596467e+01
1.380150223698404410e+01
1.385020679379956654e+01
1.227258528286890282e+01
1.439450055236226866e+01
1.438441395601437200e+01
1.373906032329678695e+01
1.342911906816471301e+01
1.444388704967864356e+01
1.435680815079446049e+01
1.425228557332941648e+01
1.105055541868890678e+01
1.337020065599727658e+01
1.284085806235203364e+01
9.887425175403194544e+00
1.378395681441142528e+01
1.443131629686747885e+01
1.433335337398805009e+01
9.820438747587498796e+00
6.426883620628378146e+00
1.360583357294560614e+01
1.436108955909648266e+01
1.400143389082529310e+01
1.433993115385468897e+01
1.221624329621433347e+01
1.417221147411496318e+01
1.424510695579851749e+01
1.441941390517400912e+01
1.207033476214248324e+01
1.378266947215668381e+01
1.432397352399641122e+01
8.533077717554139241e+00
1.428613365221539233e+01
1.331359701401284035e+01
1.422364814311290360e+01
9.434484134915651410e+00
1.183934011050865465e+01
1.441205105524097263e+01
1.426039458792411452e+01
1.425477538571889191e+01
1.342078840033173570e+01
1.377337396191194152e+01
1.439861196190968684e+01
1.438711626561476464e+01
1.407083520807521992e+01
1.381064716767617639e+01
8.151280270497350600e+00
1.436449615519769729e+01
1.434750629375307440e+01
5.679084298520305829e+00
1.400552685757486238e+01
1.350959437345143321e+01
1.388540253880295872e+01
1.138541231690093625e+01
1.393625865842677491e+01
8.220706424493377185e+00
5.764701794513356070e+00
1.416755346608232458e+01
1.421813235609407933e+01
1.439401429950472178e+01
1.308839598794903125e+01
1.417259654132730518e+01
1.427737555591828666e+01
1.440021826672242966e+01
1.014116657966106949e+01
1.212299474997840676e+01
8.644673551725484018e+00
1.331052804551029212e+01
1.064519303931988503e+01
1.252661829914438840e+01
5.635619116954685204e+00
1.244047757331054882e+01
1.357418500067749179e+01
1.426124711370961862e+01
1.231953082035501446e+01
1.444118332474043953e+01
1.155284463294604436e+01
1.441465689416176943e+01
1.445140621935319736e+01
1.391416326179206209e+01
1.375309104831294960e+01
1.417561387773098680e+01
1.437642736379899588e+01
1.410528822602390520e+01
1.436162420901555237e+01
1.431859336579571895e+01
1.248432484640873952e+01
1.410563573884773092e+01
6.651045440258606334e+00
9.737267146208235857e+00
1.279569552943373978e+01
1.437933906737534429e+01
1.333871156762081256e+01
1.348238959223479227e+01
1.154035321230865918e+01
1.035022124114126640e+01
1.416762195014861447e+01
1.400046343180957464e+01
1.409985728551995265e+01
1.021393425538934530e+01
6.162681814904154010e+00
1.431871129710450852e+01
1.384128054082693282e+01
1.392283511295421761e+01
1.334522424045900379e+01
1.019377547523360050e+01
1.325322636678025567e+01
1.436565727431912265e+01
1.431869764978233306e+01
7.408434130605566992e+00
1.435974536965532167e+01
1.158657410595245629e+01
1.426911552328917665e+01
9.445536579880405625e+00
1.390681537738219120e+01
9.127787068590238917e+00
1.416740232087451190e+01
1.379763160583729231e+01
1.385036903925434970e+01
1.146528975588749155e+01
1.436069753310393970e+01
8.624312571863521626e+00
1.440735301670136792e+01
1.097466838022221580e+01
1.375208915540066101e+01
1.403345205938510887e+01
1.436402521501850060e+01
1.376989894616736443e+01
1.421181731912301416e+01
1.410699709975824057e+01
1.439622927117095230e+01
1.395028548707239224e+01
1.424839996923602570e+01
1.426597046622118015e+01
7.310631341358255320e+00
1.284947832894881437e+01
1.426783742371213926e+01
9.207063296950495968e+00
1.430191458173418084e+01
1.429750231666685778e+01
1.153953489661140352e+01
9.917381927847330303e+00
1.392031660070382415e+01
1.432239618006121340e+01
1.423903248786648668e+01
9.726991338657596131e+00
1.424232658865285650e+01
1.404888282841567104e+01
1.420688768747144870e+01
1.416963628152916144e+01
1.375018881886038891e+01
1.433024414851712258e+01
1.441426074465039875e+01
1.352863122792689055e+01
5.715822356892167555e+00
1.115083798902339396e+01
1.165081012251229353e+01
1.430744233710717772e+01
1.382704845901674773e+01
1.385163534137298669e+01
1.443545745381992873e+01
1.194877302877533154e+01
1.260593864729436575e+01
1.436265123909312180e+01
1.283821675522577088e+01
1.444464199357109280e+01
1.354125250145140313e+01
1.155995620195995954e+01
1.406717719426680979e+01
1.412738962471114235e+01
1.395951307340469327e+01
8.536474297038960657e+00
1.413463398046124908e+01
1.373582453078670795e+01
1.386017778964020764e+01
1.443986960611003312e+01
1.439121207736904395e+01
1.358310099384664582e+01
1.434134648469433415e+01
1.407168412182522133e+01
1.385490794488195654e+01
1.329757294043808713e+01
1.439477950624507940e+01
5.718064092763994744e+00
1.434465871599169873e+01
1.358251116523384994e+01
1.072650315488166761e+01
1.443749830664725131e+01
1.201520372962749938e+01
1.320028932439365477e+01
1.437035837260233961e+01
1.143877604306203466e+01
1.414759621799500167e+01
1.385638753133967427e+01
1.303862843434761842e+01
1.243383805477267501e+01
9.570230397871430483e+00
1.421065317900892921e+01
1.212310154461298062e+01
1.139773784983016469e+01
1.371528355777164698e+01
1.440995001591331715e+01
1.032322569732823325e+01
1.362992672786986681e+01
1.437092807502254743e+01
1.297677499147879132e+01
1.251338884198940704e+01
1.375083512011442366e+01
1.273706924311498057e+01
8.907097797588402699e+00
8.371165937778851429e+00
1.336717642978646126e+01
1.433465910078248484e+01
1.399641228187431707e+01
1.420937197710123634e+01
1.442490940175752456e+01
1.433984738595302844e+01
1.421575692767313903e+01
1.328761254186364837e+01
1.238813182440707550e+01
1.253360291258273485e+01
1.440259188218215414e+01
1.376256449797660331e+01
1.248077691757548635e+01
1.380953633453865592e+01
1.171200806276143069e+01
1.409221022047665883e+01
1.375008701728779315e+01
1.150369244458021001e+01
1.151102369186501306e+01
8.119847418169028330e+00
1.439450055236226866e+01
1.425468850879074445e+01
1.445045272751911369e+01
1.389462320525499628e+01
1.251210529789937453e+01
9.183361381782091826e+00
1.232488524646462480e+01
1.228075674872353318e+01
1.422723329805577697e+00
1.397799499843205950e+01
1.444222464169289566e+01
1.416554946056388786e+01
1.375582820770683057e+01
1.409951484772185459e+01
1.376011257210042871e+01
1.276965639366688521e+01
1.421294046705616232e+01
1.360587947787036711e+01
1.415307139350590404e+01
1.440787115247865557e+01
1.401893164443567841e+01
1.343107157149728081e+01
1.438992962360929617e+01
5.795496562668284390e+00
1.400080276601944362e+01
1.298080739197623146e+01
1.412319511471507028e+01
6.162681814904154010e+00
1.409222722118869342e+01
1.385630455734274236e+01
1.039637581162765301e+01
1.443935918266697449e+01
1.426233330851538206e+01
1.433789230042863139e+01
1.281610462415942919e+01
1.417961323955240971e+01
1.430233459832230380e+01
1.327571744538656873e+01
1.442011445086222032e+01
1.323592932422765500e+01
1.439321952097229129e+01
1.406764394527701967e+01
1.398651220786560501e+01
1.423668631379761962e+01
1.144555995571664120e+01
1.123847648005621913e+01
1.308386961300191942e+01
1.421181731912301416e+01
1.430134712737855551e+01
3.266466938939019293e+00
1.299217634038187263e+01
1.241942881830400580e+01
1.412548486040711282e+01
1.173520423646613509e+01
1.248432484640873952e+01
1.414941639387576267e+01
1.436457600834731352e+01
1.292411900970844130e+01
1.428677407408288857e+01
1.427766082591416463e+01
1.271675484255004562e+01
9.593242844239773248e+00
1.036762245903936197e+01
1.392252923152878452e+01
1.443574159170251114e+01
9.977368502545632012e+00
1.395250583978885572e+01
1.186829710187190301e+01
9.994219048796077587e+00
1.411483602969944329e+01
1.418104796366339748e+01
1.419062859330263215e+01
5.685155193900803816e+00
1.438252205294672770e+01
1.433282901357291905e+01
5.136019072976383271e+00
1.438203377531262106e+01
1.183755720693271662e+01
1.442617730789579511e+01
1.426682874529052114e+01
1.399592044079369657e+01
1.374231428397012955e+01
1.444252596892333074e+01
1.311598363092480568e+01
1.042644920347265014e+01
1.394328201212983487e+01
1.399060557373050173e+01
7.413610756660252044e+00
1.378750687967653832e+01
5.938089292058626789e+00
1.375012354952732885e+01
1.435943152096959174e+01
1.329366215406584217e+01
1.377961929385644524e+01
1.444669491037027953e+01
8.256417048029748074e+00
7.466473241008342754e+00
1.430429168243567162e+01
1.385016279658729488e+01
1.207494007040453532e+01
1.200634137031365789e+01
1.440496785859176576e+01
1.251459097291929368e+01
1.431969860482348267e+01
1.437738589557351077e+01
1.426783742371213926e+01
1.444328393628020990e+01
1.155500875718680120e+01
1.394918393560520720e+01
1.440172336174115131e+01
1.265875646879820238e+01
1.294078810617831898e+01
1.407348953009624992e+01
1.238812315339834136e+01
1.441284100298775961e+01
1.418292949612047238e+01
1.412978140797400251e+01
1.426009016617207337e+01
1.411363935553375626e+01
1.387083365260521362e+01
9.022552167694584568e+00
1.432765396974326677e+01
1.444976526840386555e+01
1.436300322563798559e+01
1.428112353026901360e+01
1.357703617427498344e+01
1.339178192605704609e+01
1.345716991723544531e+01
1.364714553190356483e+01
1.375018848358576662e+01
1.328835560931987914e+01
1.385186483543335356e+01
1.377277556158548322e+01
9.216967182078558807e+00
1.400217505914692140e+01
1.173001010911976216e+01
8.294219559327473235e+00
1.409761525719092390e+01
9.728678649605637219e+00
1.437770664195834414e+01
1.379902573424087109e+01
5.904205538034828393e+00
9.435076255389871491e+00
6.343889006237968253e+00
1.423395249854070777e+01
1.033954718833857989e+01
1.356073909452171300e+01
1.410271016884513173e+01
1.299317086357168805e+01
1.439982064295518782e+01
1.299984620932012014e+01
1.424109665631229760e+01
1.343373963804170579e+01
1.087417345112145028e+01
1.401523974594649147e+01
1.072328318274672121e+01
1.111873321405703585e+01
1.125492867490495108e+01
1.400002689386969834e+01
1.415414201860616394e+01
1.408500195827596713e+01
1.399196913239161333e+01
1.049768436888452072e+01
1.424290751136781985e+01
7.161600199546057866e+00
1.315766137254398593e+01
1.427457168010402100e+01
1.320888451255463103e+01
1.357472727008370939e+01
1.409563772676310833e+01
1.391425899913133790e+01
1.252499593748249040e+01
7.972161203697130105e+00
1.308661992659246387e+01
1.441648681411631117e+01
1.397502732306394790e+01
1.428528053979896484e+01
1.292108943668700682e+01
1.309562235582778555e+01
1.299319131070112832e+01
1.349533737917832710e+01
1.262005403030829420e+01
9.330289784933833985e+00
1.195377448498993900e+01
1.029469987373901319e+01
1.437948958319308090e+01
9.823997598723071434e+00
1.436058411131423895e+01
1.429565682489568346e+01
1.390485867597948477e+01
1.428586813960594348e+01
8.626278542900356783e+00
1.433571379554489766e+01
1.174160537215234434e+01
5.741181227420400823e+00
1.349861318326595416e+01
1.390007472060850802e+01
1.440483590275608528e+01
8.820216654706880988e+00
1.028680239302343224e+01
1.423594614524655100e+01
1.351358216659481037e+01
1.434849157579195733e+01
1.044064413188913321e+01
1.412328447279411492e+01
1.371267955592955801e+01
1.119222908628040436e+01
1.419178971246090804e+01
1.362805575925019497e+01
1.333998147946660850e+01
1.409608715522654165e+01
1.343724981408540486e+01
1.325464279191752937e+01
1.423456210653620779e+01
1.015390208860385357e+01
1.428208583403901955e+01
1.339406421501729483e+01
1.398499457615736397e+01
1.152654312000075976e+01
6.238649313143946884e+00
1.199871681589927697e+01
1.411388165777681003e+01
1.416587053177969402e+01
1.413416197502633231e+01
1.316371954960205670e+01
1.443027717291769818e+01
1.435974536965532167e+01
1.340277450002115067e+01
1.316185586548924924e+01
1.241430858308972418e+01
7.548151427293126048e+00
9.075890175243880975e+00
1.222745134971032854e+01
1.375875511887049818e+01
1.431859336579571895e+01
5.873632232971276679e+00
1.427240084746541626e+01
1.443800381869495908e+01
1.368644116822964563e+01
1.281067683949425451e+01
1.336463815480462358e+01
1.404601461834472254e+01
1.440866306674140063e+01
1.394439670870511350e+01
1.443974934805637211e+01
1.436973896617831770e+01
1.339772940511042520e+01
1.434028656256093548e+01
7.718735253249758621e+00
1.424964980396349112e+01
1.423745450139097457e+01
1.410240267527925973e+01
1.434444505292299610e+01
1.305986780706422756e+01
1.428887166292978961e+01
1.410377860954836393e+01
1.335334736414528578e+01
1.391538066943401475e+01
1.442129460950922137e+01
1.441828893129685341e+01
1.399951359100835191e+01
1.439987668933686571e+01
1.400035647864393695e+01
1.413931161877702181e+01
1.053110904527546410e+01
1.112116832112961617e+01
1.394759297429504130e+01
1.435751412435514673e+01
1.428617321861338318e+01
1.406589169552595386e+01
1.416688252456320463e+01
1.347993848097620528e+01
1.006967512146715826e+01
1.437019616185288129e+01
1.423176510076975809e+01
1.409608715522654165e+01
1.249604657415567388e+01
1.093458492906633772e+01
1.221039145945208304e+01
1.438337821376035919e+01
1.419310515333991951e+01
1.414915451198661600e+01
1.297185833429359292e+01
1.388483095070496631e+01
1.358063366968853103e+01
1.430368261770244231e+01
1.298257110361456057e+01
1.262420237351639862e+01
1.365019259083175207e+01
1.252945041358976752e+01
1.385105897226165084e+01
1.428997184607503002e+01
5.762222989694442354e+00
7.399068002960628831e+00
8.008988931203978368e+00
1.408975304595781175e+01
1.438554844289827273e+01
5.755354988656243620e+00
1.336145016638835870e+01
1.217050469245452504e+01
1.395250560953848051e+01
1.377512712904211511e+01
1.089415957717449146e+01
1.275095826240841923e+01
8.921222696901862648e+00
1.354021329714386468e+01
1.337289960909830278e+01
1.390006874819403748e+01
1.331045450222844728e+01
5.716618385131679858e+00
1.321599774437064490e+01
1.444825503431483682e+01
1.421717268105437171e+01
1.354129785048374224e+01
1.375008706546774206e+01
1.421114869426287086e+01
1.432851391261314689e+01
1.437078051951813151e+01
1.431160274593300130e+01
1.364941153417042230e+01
1.309404544149687588e+01
1.280711437556248988e+01
1.432686042289107320e+01
1.341711054042335682e+01
1.428164618538676223e+01
1.137461878033825080e+01
1.405594078350859277e+01
1.220098022409201377e+01
1.364714553190356483e+01
1.429779920063002052e+01
1.361175292190295316e+01
1.440617813933042690e+01
1.400143582553254618e+01
1.444586489040613131e+01
5.741181227420400823e+00
1.417961323955240971e+01
1.378047159488720297e+01
1.294524670455050419e+01
1.250492085966602041e+01
1.421372281417575678e+01
1.421499833342867092e+01
1.219472415630044715e+01
1.433557034866466751e+01
1.433927113266590858e+01
1.401391398628784302e+01
1.200389945160244132e+01
1.254507054536369637e+01
1.399427410249086989e+01
1.430780465970832793e+01
1.444660939824751011e+01
1.294291818696594909e+01
1.406510215671698560e+01
1.433542303712609822e+01
1.439950401900621735e+01
1.339117684186824242e+01
1.410066965017676921e+01
1.103581108999551574e+01
1.408189146366361832e+01
1.365938531625484842e+01
1.442217883614902618e+01
1.044064413188913321e+01
1.425524477686045444e+01
1.419093072943071299e+01
1.435911309076387354e+01
1.390485867597948477e+01
1.262836598483044526e+01
1.205277587735185207e+01
1.442872385248328371e+01
1.443062442224773889e+01
1.400979568633939820e+01
1.424258201295878123e+01
1.210423856445997792e+01
1.437039419085672876e+01
1.399984804664188154e+01
1.268082409338377836e+01
1.424055423780748164e+01
1.274740724624358634e+01
1.358376972235528335e+01
1.428126365423383781e+01
1.394794334520306123e+01
1.391425899913133790e+01
9.663771104724524719e+00
1.441612472459138061e+01
1.442474611349759428e+01
1.115083798902339396e+01
1.351942855439437352e+01
9.060425008220935439e+00
1.441402599894883352e+01
1.385082760711945049e+01
1.235469280344004872e+01
1.442282602614824150e+01
1.331050051565678061e+01
1.355263669761345469e+01
9.838925014084193066e+00
1.232651973189602046e+01
1.407218676748890118e+01
1.112082878271761999e+01
1.116735103381203054e+01
1.445122804384895154e+01
1.390384779214969768e+01
1.434516015107035791e+01
1.327704392389702903e+01
1.424129295929606442e+01
1.146591090668479751e+01
1.413726017051990169e+01
1.399668553799746284e+01
6.990156927908462769e+00
1.138978540704037812e+01
1.327467483969057938e+01
1.385082760711945049e+01
1.279569552943373978e+01
5.753453599074433988e+00
1.375024924892127842e+01
1.429036297223521679e+01
1.438856609693745447e+01
1.333817324464930287e+01
1.333247155059842726e+01
1.268720750417596577e+01
1.355193133890145774e+01
1.003808285647971132e+01
1.410402266766470802e+01
1.310785504221349917e+01
1.435703871277249988e+01
1.408775393957046163e+01
1.391061795065283668e+01
1.437670943592898709e+01
1.313056924156001060e+01
8.960263387609606056e+00
1.433424915681616341e+01
8.103840654855089198e+00
1.250021160086309813e+01
1.415754077808511369e+01
9.505253031504004468e+00
1.306330116785602158e+01
1.329262416884390596e+01
1.391433939526655905e+01
9.636231419832350653e+00
1.174274808323520247e+01
5.953265043133366241e+00
1.240781990033299564e+01
1.306881430299750058e+01
9.498098331964376584e+00
1.423751324773044757e+01
1.301549027585003060e+01
