5.829213289091892847e+00
5.745582478737960130e+00
5.801287022723430553e+00
5.750599302481293584e+00
2.783107416322962546e+00
5.775879276495862413e+00
5.808254156658865242e+00
6.017202550383599302e+00
5.696366792799639533e+00
2.950682268014229059e+00
5.827034830276196509e+00
5.924199870251275257e+00
6.148106602234301832e+00
6.011032640084908785e+00
5.960851564654655377e+00
5.878457661206065055e+00
5.986725947123369806e+00
4.654324743908015982e+00
5.800496424996438805e+00
5.753990812932037180e+00
5.775845076980958837e+00
5.683463637146431324e+00
6.086484449190290746e+00
5.946632965636230672e+00
5.753270552171622754e+00
6.152057950644410411e+00
5.896976486646691384e+00
5.682514734977978321e+00
5.758079669327582195e+00
5.716251213682206789e+00
5.837818289856548937e+00
5.713844950301728787e+00
5.774820568276835431e+00
5.667719530707874043e+00
5.761155327386941138e+00
5.776965558353967189e+00
5.853971690926263349e+00
4.070988786111472635e+00
5.953191805623633925e+00
5.765929077462736529e+00
5.692139096159118949e+00
5.865096202440767570e+00
5.763339278641015362e+00
5.952255157559298127e+00
4.499414453590785179e+00
5.985660935990047449e+00
3.555841087718883298e+00
5.715008589231754144e+00
3.510519829718290907e+00
5.939991537655919807e+00
5.940556581905642730e+00
5.947281181119603133e+00
5.870216779115978945e+00
5.839001272302934531e+00
5.880779644879512880e+00
4.144266679501359185e+00
5.907370006022437003e+00
5.799718469496596640e+00
5.736305358921745423e+00
6.034574676884820299e+00
5.666520773943361178e+00
5.911802784509470499e+00
5.900442179907778417e+00
5.667430732608677246e+00
5.784723694403195005e+00
5.294095574115294411e+00
4.378615465390951478e+00
1.976017605558972434e+00
5.832012117156613940e+00
5.893483080841209976e+00
5.769384232178402350e+00
5.601762697820844572e+00
5.670399547766336035e+00
6.129995004654167801e+00
6.029593938480402926e+00
5.736772817481136322e+00
4.397464161481458689e+00
5.738833156403006619e+00
5.962908261708579793e+00
3.602101458752740015e+00
6.012726940090562522e+00
5.811936344645387997e+00
5.502331386352299347e+00
6.006872319180126318e+00
5.765947746065743118e+00
5.773242093666373087e+00
6.083624967344048784e+00
3.743817887155788782e+00
3.641143554662137127e+00
5.718778685803115103e+00
5.930594894268422124e+00
5.683463637146431324e+00
5.771949038326304127e+00
5.731855185429659549e+00
6.162299161626989985e+00
1.834469725655350381e+00
5.722721023586951006e+00
5.601046940685768583e+00
5.808320559712408127e+00
5.792961030525307642e+00
5.613617872896072392e+00
5.812272520805597864e+00
5.700505337258051419e+00
5.927356189088773597e+00
4.276937498891797418e+00
2.923701654244766246e+00
5.770875126969735369e+00
4.515695023259059582e+00
5.791036678821322781e+00
6.051727604597917143e+00
5.774618284444876792e+00
5.727023704195991272e+00
5.807320299707209976e+00
4.817012222494258644e+00
4.617112960027191515e-01
5.801747789201416872e+00
4.509805066598961965e+00
5.501688302810222808e+00
5.934438870210426487e+00
5.881313065376925664e+00
5.815741128051090669e+00
5.071099666850724663e-01
2.993641675996349338e+00
5.256511725710297789e+00
5.753625123010193576e+00
6.014146872683229006e+00
5.873814543549452871e+00
5.773925411626467330e+00
5.806809633745871224e+00
5.989113166599150162e+00
4.586283712881887631e+00
5.948329556936988283e+00
5.894878489127689747e+00
5.677176910597032666e+00
6.123495739842486962e+00
5.760704450693439505e+00
5.648769334717033352e+00
5.943915323078679869e+00
6.145376126875126133e+00
5.981590114864124175e+00
5.941800095630727085e+00
5.999065009814049887e+00
5.827909106645074999e+00
3.805507997258410047e+00
2.836012029989876115e+00
5.767464073390832446e+00
5.672974526002896312e+00
2.206208490160988855e+00
4.067798790650244634e+00
5.279815596465662786e+00
6.009530184714545697e+00
5.957195866677976959e+00
5.905560110882481339e+00
4.170559823084834861e+00
4.060380526422290970e+00
5.696426469447569474e+00
5.827925766710166933e+00
5.797153446974402158e+00
5.672225986601823422e+00
5.850027622311742448e+00
6.128765104972549338e+00
5.060631479297493129e+00
5.973698182517924948e+00
6.069132021039693292e+00
5.873503999641380702e+00
6.046860181048134386e+00
5.916272359183114560e+00
5.816153462388140127e+00
3.381568651701443162e+00
6.080605428391350209e+00
5.734997760687994273e+00
4.688508785810642010e+00
4.643338835615281823e+00
5.896632074091172626e+00
5.724093681551243762e+00
4.460370900318824994e+00
5.888940055875782065e+00
5.995721081969928257e+00
5.182307211179989714e+00
3.476025025755448805e+00
2.731587582443209428e+00
5.679795037775281941e+00
5.972218132385684441e+00
5.600163813900871368e+00
5.670722049331630821e+00
6.008694153587786246e+00
5.668577588030785819e+00
5.583798304375013899e+00
5.984178810392928760e+00
3.235925691071094512e+00
4.887041956072821769e-01
6.120834797460330989e+00
5.655069521981325842e+00
5.978530828962481003e+00
5.539789248062766625e+00
5.631274449746529243e+00
5.692996211350010327e+00
5.949485328539076967e+00
5.600840653046298634e+00
5.870642439953529745e+00
5.904773043917073139e+00
5.836020123926555669e+00
4.475736023783975170e+00
4.881311571251121251e+00
6.061112817809868325e+00
5.675373084655185529e+00
4.464374156608028166e+00
5.859966591232331545e+00
5.716251213682206789e+00
5.264701433881112891e+00
4.058834386197831101e+00
5.827508035420865262e+00
2.989726309088068135e+00
4.498822917286219081e+00
4.799407015570344548e+00
5.778400079340261897e+00
6.130601584321030195e+00
5.774024792960036123e+00
6.029593938480402926e+00
5.588475890086605169e+00
5.774035650915380735e+00
5.920654638132511138e+00
6.004012073201920430e+00
5.346906045531881979e+00
5.922934560559695250e+00
2.050668667183499938e+00
6.133378924055124415e+00
5.837533942048366953e+00
3.594939511674558386e+00
5.913376311140854824e+00
5.889248451113510363e+00
5.931472776384862478e+00
5.842234241614741919e+00
4.584265773741780237e+00
5.764683515401453739e+00
5.840753217192416358e+00
4.233178635340472340e+00
6.129243911910422504e+00
5.752791500284665460e+00
5.851807104807043913e+00
6.102659587764390992e+00
5.847178360823903631e+00
5.602750015086635393e+00
1.729564714515251511e+00
5.764431509904611950e+00
5.785215774994616034e+00
5.681618104254274826e+00
6.143381127460468605e+00
5.751034491310856644e+00
3.630696270780799040e+00
2.103026561146398299e-01
5.762030582030493342e+00
5.750737346644228865e+00
5.735618929064806970e+00
5.781846527343894593e+00
6.014206092863142672e+00
5.431950844240331477e+00
5.685667428858422134e+00
5.965912401693242550e+00
5.781768462007991438e+00
5.768506009984942118e+00
3.439580372598559643e-01
6.075098888443876355e+00
5.752213445477333487e+00
2.096264171935116050e+00
5.875850613480922746e+00
5.789354692925672730e+00
6.125244116952803353e+00
5.916193754067888833e+00
5.810459790810259761e+00
5.183864626431202716e+00
5.807745418871713916e+00
6.028462686759875844e+00
5.829859591714978251e+00
5.918645478243565350e+00
6.066063324464660234e+00
3.585234334049806737e+00
6.038808589545783256e+00
5.911047582536110845e+00
6.110933297635351202e+00
5.700505337258051419e+00
4.509137724706416606e+00
6.133626852773865323e+00
5.668516518104794066e+00
5.028974990574362813e+00
5.769347851152562434e+00
6.101104738149964568e+00
5.767779603557519508e+00
5.747647290583455693e+00
5.685922904111644804e+00
5.960558998292904143e+00
5.953832865957136455e+00
5.882140368496217242e+00
5.891196306402471272e+00
5.693036443073680175e+00
5.920008132010770474e+00
5.901478748514573880e+00
5.675082859873996632e+00
6.089142440764742759e+00
5.493282944298782056e+00
5.797478265110059148e+00
5.943174901390210429e+00
5.962810315667771199e+00
5.878698547892360793e+00
5.742543073012523536e+00
6.012383957548552260e+00
5.353594361941164337e+00
6.145007702947568262e+00
5.890847092496422910e+00
5.579820826267087419e+00
6.121956934518141935e+00
5.920895529824715453e+00
5.948150937891441892e+00
6.124615995560674264e+00
2.066415009020377447e+00
5.837088183741390601e+00
5.731573720710770203e+00
5.772591769189446609e+00
3.391568300235157984e+00
5.929958065374951737e+00
5.983430393758772503e+00
5.992779315658697925e+00
5.745298376379325944e+00
5.747567767534895289e+00
4.098643179307388529e+00
6.127523681647766729e+00
5.992195242269070299e+00
4.072853983632734653e+00
5.665979349594926440e+00
5.747373572855495993e+00
5.740881169993118149e+00
5.736436661681682203e+00
5.828148074080963248e+00
4.957854893331320234e+00
5.883445580825855004e+00
5.817692697723731321e+00
5.281504914962219743e+00
5.694585314384092101e+00
6.052592108288897599e+00
5.943915323078679869e+00
5.668276418996634369e+00
2.168470682516243642e+00
5.500730901140202356e+00
2.022950210139798255e+00
5.750965162737882608e+00
5.757843098233998980e+00
5.802072388502117484e+00
5.761591843329749274e+00
5.718056036892713578e+00
5.980454869160100273e+00
5.881697279467675621e+00
5.831697794447993743e+00
5.719136334257671095e+00
5.750363024550623869e+00
5.841095446655478085e+00
5.764209094999113603e+00
6.160431310987821263e+00
5.752208691541238927e+00
5.717751773119853276e+00
5.828799657711718041e+00
5.884137592615106271e+00
5.669521901497670768e+00
4.500571618739673596e+00
5.817024270326412783e+00
5.834111468496236519e+00
5.891061256037103178e+00
2.175312812946631258e+00
5.897849506826623234e+00
5.867635887637299597e+00
4.056708050929913600e-01
4.114306345569540113e+00
5.761617279739856379e+00
4.046964584707276380e+00
5.838077438864111457e+00
6.045021956036041644e+00
5.864864575172278549e+00
5.082000909469124028e-02
5.716115382314597149e+00
3.042835936342736858e+00
5.814467794669201162e+00
6.100249642238217973e+00
5.691271988827908856e+00
5.751934932353313989e+00
5.812531284157578249e+00
4.034476962440416870e+00
5.742291013248805420e+00
5.048129118854857822e+00
1.407377736686675984e+00
4.434789349361912159e+00
5.800728000655573702e+00
5.937007535994195173e+00
5.822646578268124706e+00
5.715235903630082603e+00
5.789878765204114153e+00
5.774202076128036154e+00
5.297924177497050024e+00
5.768044394174733469e+00
5.742894419440516707e+00
5.974787124520121395e+00
5.954600230524190962e+00
5.921264417343859776e+00
5.737763709395449219e+00
5.831683661536071206e+00
6.010946483718833555e+00
5.719030428749033668e+00
5.667719530707874043e+00
5.826888017142396237e+00
5.879778005152911824e+00
5.973945985947612947e+00
6.040545267298050192e+00
6.081958564694878611e+00
3.946818767380362747e+00
5.731169403471131574e+00
5.757842466052908392e+00
5.946416789910666800e+00
2.093263011544651775e+00
6.047857489490383820e+00
5.850837601998017057e+00
5.669077198211706303e+00
5.819427208043702393e+00
5.757267910445588832e+00
5.752279199679710686e+00
5.675174338569470400e+00
5.386796413280597662e+00
5.825369089075343787e+00
1.089791285473476340e-01
6.028608783466913756e+00
5.760561033772843231e+00
5.729951312831048860e+00
5.905084273506416181e+00
5.757664258668441448e+00
5.755760424490434346e+00
5.823668880086094291e+00
5.858548674090048536e+00
5.755980746820747562e+00
1.003864537719461270e+00
5.754201416700809091e+00
5.985660935990047449e+00
3.192599711691917808e+00
5.837985315892726845e+00
2.830190207525926205e+00
5.800333220322632322e+00
2.350702588238815061e+00
3.399135115141878938e+00
5.618783626092612060e+00
6.043133099024450061e+00
5.691472785903550324e+00
5.847269812547742696e+00
5.847432309045632159e+00
5.894234717085672592e+00
6.143925705237865742e+00
3.852497164902576987e+00
6.078597283844780819e+00
6.034664467249761799e+00
6.020535155339625355e+00
5.778441227664644408e+00
5.600154940095746881e+00
5.670255070288384935e+00
5.716252948647622567e+00
5.832867085528961049e+00
5.707294328292340069e+00
5.550585295201794445e+00
3.587129271535226760e+00
6.039555226090661755e+00
5.714528062285874732e+00
6.000242795043850386e+00
5.735594967997239557e+00
5.629885373024985817e+00
6.120279643949532833e+00
5.885844900478479857e+00
6.072445172244743006e+00
5.875131653868840509e+00
5.898060840802416216e+00
5.809288862357171901e+00
5.010290783006887239e+00
5.897849506826623234e+00
4.144266679501359185e+00
5.773437450128636073e+00
5.809277767362215350e+00
5.479961815273997949e+00
5.748025938503310783e+00
4.781531223039190870e+00
3.731707352417000134e+00
5.862685758091729760e+00
6.010946483718833555e+00
6.025683832125858785e+00
5.914486878603095299e+00
5.787477367223677227e+00
2.645082588654938505e+00
5.827226232101171632e+00
5.753336521308397344e+00
5.949456915934251633e+00
5.660531281633463863e+00
5.902190723874511491e+00
4.301502962683756870e+00
5.864379320037047094e+00
5.914229298258281808e+00
5.873066737848355423e+00
4.951865301422879284e+00
5.779369635230869662e+00
3.503470131664483844e+00
5.949894597021808451e+00
5.670293277561207823e+00
5.984611359978140754e+00
5.864339630316606211e+00
6.701167406339737509e-01
5.731064091435608354e+00
4.765680229994696759e+00
4.848695544835520010e+00
5.925292203690593063e+00
2.538776873504940745e+00
5.800601460676883647e+00
4.067798790650244634e+00
5.688294910508538749e+00
5.822595713985586841e+00
5.806254707420740679e+00
5.892174131096127532e+00
5.786209183114413790e+00
4.444861252501210558e+00
5.634229470833066244e+00
5.753336521308397344e+00
5.987415880478017094e+00
5.756246355128442183e+00
5.742291013248805420e+00
5.668269203844015003e+00
5.771333321762580404e+00
5.668089269928922924e+00
4.618167490687949517e+00
5.723138578740404547e+00
2.727592101212801712e+00
2.024387714456958309e-01
5.987597789773142942e+00
5.847339454233345002e+00
5.787444880095575783e+00
5.933353943308943279e+00
5.669203288018854536e+00
5.884822066962631659e+00
1.916328780883899130e-01
5.862017195879586140e+00
5.763470012560316214e+00
5.716861028631949893e+00
5.922377824049277706e+00
5.911802784509470499e+00
4.346536561856943592e+00
4.505047224309957521e+00
5.793142900376113680e+00
5.825720391321909553e+00
3.676996217738635053e+00
5.873066737848355423e+00
5.741246170343593747e+00
5.724890749120815414e+00
5.954589208967990821e+00
5.574345687935709392e+00
6.094123899853983950e+00
2.208888712199043258e+00
2.640987232266120532e+00
5.719210717372130048e+00
3.645012072083364973e+00
5.762756521878142024e+00
5.578905752812667096e+00
5.932748231524465510e+00
5.893559615098140192e+00
6.000979445030046655e+00
5.899365687220378796e+00
2.757188414486670958e+00
6.054717720133157677e+00
5.908343180887817070e+00
5.702799678514659298e+00
5.677592864446390664e+00
3.280113760162522318e+00
5.888122724840854971e+00
5.766965288710768078e+00
6.083208179226732959e+00
6.035601616390247059e+00
5.829859591714978251e+00
5.008845088605863971e+00
3.676996217738635053e+00
5.690731638846140861e+00
3.650787855578903063e+00
6.116307896188201809e+00
5.668276418996634369e+00
5.433688758548252729e+00
5.277452870519764083e+00
6.045946133115992716e+00
5.720202625459076096e+00
5.791122541657815148e+00
5.736523619009890496e+00
5.832995232126780394e+00
4.832421937710431159e+00
6.015393918175254484e+00
5.867723805940173065e+00
4.658200128422283370e+00
5.866272883584326081e+00
5.741137277454914312e+00
5.734546529233916168e+00
5.668109613502793742e+00
5.732718554228499741e+00
5.192761987069397733e+00
5.434323726601920868e+00
5.671100541100748238e+00
6.132540439503285867e+00
5.906370984435258542e+00
5.667338632578583280e+00
5.905560110882481339e+00
5.741350856732866603e+00
6.091538926978492974e+00
5.798798590082456350e+00
5.840200948421235161e+00
5.695414648659167689e+00
5.624324699850445697e+00
5.725289895874747792e+00
5.911733666718632207e+00
3.192358025674536748e+00
5.893448539320176316e+00
5.818509522438851000e+00
3.534743617493118606e+00
5.818060185839199150e+00
4.451540713294614982e+00
5.667813110461723092e+00
5.856825065008608000e+00
4.909243763595019239e+00
5.751470105479944195e+00
5.837912812474530533e+00
5.613806037655590053e+00
5.826620772548913862e+00
5.359304364741661608e+00
6.045066180409825130e+00
3.849871597602569029e+00
6.054013153659906443e+00
1.432441844746116688e+00
5.718376447602238066e+00
4.373296081813338176e-01
9.455800678113633617e-02
5.711233508528160918e+00
5.500614286360785421e+00
6.165704491106209773e+00
5.836962735128801150e+00
5.753868524692043351e+00
5.805859841205009531e+00
6.066811369497888684e+00
5.758641123554971486e+00
5.956427360194928688e+00
6.083593318756264523e+00
5.943174901390210429e+00
5.667719530707874043e+00
5.789089701549010591e+00
5.871847521199801356e+00
5.938524620120491093e+00
5.889608933347019182e+00
5.417513311354383632e+00
5.868497767672406162e+00
5.937977432930465760e+00
1.854162016991832918e+00
5.038941162112593908e+00
5.745293130035795670e+00
1.248104591463207846e+00
5.972263913218425202e+00
6.070593403042287228e+00
2.253434507198041725e+00
6.054178491229629699e+00
5.719194393399953391e+00
5.846156304333293363e+00
5.675174338569470400e+00
5.723816140862621360e+00
5.500835582435003701e+00
5.757970128062808612e+00
5.880453019592313701e+00
8.549652031043448730e-01
5.930259585876434869e+00
5.931718997027731533e+00
4.076768359745266856e+00
5.816533839244156567e+00
5.553481399778866567e+00
5.815681932313455427e+00
5.820586490244366473e+00
5.717956462932979989e+00
6.076643596420571392e+00
4.323154362990968558e+00
5.573138964886557467e+00
5.950864833459495351e+00
5.649466744159433063e+00
6.127466149040675880e+00
6.140799886684929376e+00
4.584265773741780237e+00
6.043647689688513402e+00
5.737707809072771781e+00
4.450900512552292021e+00
3.387044135264654532e+00
1.682807371249777084e+00
5.674641789357884214e+00
5.792233491093912612e+00
5.697918160027425571e+00
5.867728853228606489e+00
5.931472776384862478e+00
5.832818225889618624e+00
5.827310678519050491e+00
2.073056849990801087e+00
5.819065298299435973e+00
5.835607429231120413e+00
6.146845214507608901e+00
5.786598106851925216e+00
6.081899342317856672e+00
3.252961031184083751e+00
5.779829660942005454e+00
1.902830749725780146e+00
5.666951503648583355e+00
4.499751749384294008e+00
3.703333352993575467e+00
5.312744411193542682e+00
5.789037023519266967e+00
5.896069041828263302e+00
5.715088930657350907e+00
5.446569124133749717e+00
5.824981860165784120e+00
5.758241657989613849e+00
5.867301882835441518e+00
5.759666152344633083e+00
5.732624415264076845e+00
5.783664987527512125e+00
4.162402922342622880e+00
5.588167411442225507e+00
5.823636500869118215e+00
5.601998762886964300e+00
6.130011044347156712e+00
6.146845214507608901e+00
6.003305646334078816e+00
5.804498125992004098e+00
5.707899899101228414e+00
2.389208069794766853e+00
6.004084377735969369e+00
5.718279688843074027e+00
4.398781684656224655e+00
5.307332059356081544e+00
5.880921466291222366e+00
5.791834896049490311e+00
6.087073009017447411e+00
6.158647972664972770e+00
3.608745017348402584e+00
5.355415808161356317e+00
2.222446733309106914e+00
5.748025938503310783e+00
5.987547074673284619e+00
4.500571618739673596e+00
5.896773997918487886e+00
5.719522371415630246e+00
3.998918805174877189e+00
5.751735369829571454e+00
6.069132021039693292e+00
2.340920561041395231e+00
5.851569466725863755e+00
5.883946185930208905e+00
5.670722049331630821e+00
5.767031822368556604e+00
5.753868524692043351e+00
5.672695638997553580e+00
5.822595713985586841e+00
4.328812455082791111e+00
5.933500951427498116e+00
3.927569374862326601e+00
6.053648527755307818e+00
5.773557331094122169e+00
5.756583089679165433e+00
5.982994704268970843e+00
5.639987217753061444e+00
5.682483817893817957e+00
4.171642960332753169e+00
5.909876134954955340e+00
5.318715031318615338e+00
5.677578972683889447e+00
6.043510117333275922e+00
3.606196925585311241e+00
5.829902504487947112e+00
5.375247955033531255e+00
3.731707352417000134e+00
5.731169403471131574e+00
6.050296118908528697e+00
5.468740017978606538e+00
5.683430054267379461e+00
5.740987555306180212e+00
5.833820309627242295e+00
5.798599344660962274e+00
5.800801071050177171e+00
5.782093545714673155e+00
5.838672807100088846e+00
3.078944434786928142e+00
5.883658007404643620e+00
5.650878914023360622e+00
5.930015715228085682e+00
6.103775849385964847e+00
5.956429979265392305e+00
5.747585981890007467e+00
6.023863857605646466e+00
5.635098118328399686e+00
5.657927182117170162e+00
5.672538304264732822e+00
5.820877928727486328e+00
5.897431981470944606e+00
5.769068982099266663e+00
5.780321513196150285e+00
5.889708217435664750e+00
5.248293638828325669e+00
5.716273258570916838e+00
5.848060736505587442e+00
5.797261137738891179e+00
5.784277074861499557e+00
5.762140594048889675e+00
5.851173515062653152e+00
5.492238356512022968e+00
5.668414028465128318e+00
5.422668866837928370e+00
5.814849655416678864e+00
5.694650036799578707e+00
4.772149370224942899e+00
4.480721836276383208e+00
4.987181156368220236e+00
5.714685221961355310e+00
5.841906953583850814e+00
5.728254064035144033e+00
5.678495388506155095e+00
5.876268331711822945e+00
5.734103709494213774e+00
5.669202316278038722e+00
4.838344054659991400e+00
5.680145423717316788e+00
5.753625123010193576e+00
3.452532558849840782e+00
5.787630263646670770e+00
4.462522440202653762e+00
5.939296393260929285e+00
6.100503758049824476e+00
5.999065009814049887e+00
5.806438603036202295e+00
5.848897428699284085e+00
5.747846084596455185e+00
6.013652702261136795e+00
6.068188463036863212e+00
5.600422358610797069e+00
3.652539589175973767e+00
5.897317105896945577e+00
5.822603324718062190e+00
6.005179611660357075e+00
4.477112877936812119e+00
5.726524758299269102e+00
5.731664658816584712e+00
4.965169247095355232e+00
4.185442142098573015e+00
5.764770272192567546e+00
5.667495876461884130e+00
5.707136912445378130e+00
5.735640111004668640e+00
5.768241879559250940e+00
5.847364542985459046e+00
6.055222472321577065e+00
6.087451656878643647e+00
5.873359172232275327e+00
5.695208534356054564e+00
5.757664660687041192e+00
4.974896605233043445e+00
5.803802340287132822e+00
5.680355057465325430e+00
5.428403708750973777e+00
5.752830346499813174e+00
5.527265727068614076e+00
4.163019759757608185e+00
5.787259324856585785e+00
5.768249921525320012e+00
1.821742825626774698e+00
5.865885329427068307e+00
2.322649353868353264e-02
5.057544482963030497e+00
5.554733992397410169e+00
6.127921829375144291e+00
6.025557644079608366e+00
5.879463578473548502e+00
5.918417748889805097e+00
5.813237374107582234e+00
3.572320292556558918e+00
5.808864151641522255e+00
5.726122285869466033e+00
5.822838656542132618e+00
5.286183872612284063e+00
4.393157332311856678e+00
8.717485958132970003e-02
2.384600434871671393e+00
5.837460621280782469e+00
5.843914587172846176e+00
5.842234241614741919e+00
5.754397754613886029e+00
5.897902513618638487e+00
5.978247055221197925e+00
5.930594894268422124e+00
5.833833709729729478e+00
5.856250763653656932e+00
5.931448718911247475e+00
5.754397754613886029e+00
3.378106317684882676e+00
5.208967171389353723e+00
4.697817514474997402e+00
4.249435800350680026e+00
5.775984213565430458e+00
5.774283616306539635e+00
3.521925986278128029e+00
3.359284843595106818e+00
5.949915769873864058e+00
5.891086959113210675e+00
5.817184168754255147e+00
5.264701433881112891e+00
5.826637491084476039e+00
5.693897160570037030e+00
5.568424583624391744e+00
5.762061920704189433e+00
5.858011230909508704e+00
5.578317587773475417e+00
5.764163242292553058e+00
5.811887101410699863e+00
5.629033818209151718e+00
6.138627707560221580e+00
5.969550870149086030e+00
5.344683285340370738e+00
5.819620963109807477e+00
5.815374157101592445e+00
5.887917872079644788e+00
5.828068449826695918e+00
5.719200234305056973e+00
5.884822066962631659e+00
6.022710654843729472e+00
5.737498090732269240e+00
6.074061250123846456e+00
6.046443595586264763e+00
2.348646539803522781e+00
5.908947576887275233e+00
5.726446848857990268e+00
5.811079432906975484e+00
1.996823837795271395e+00
5.766520648480427447e+00
5.987196287983481469e+00
5.762551160951708162e+00
5.856699597711668481e+00
5.749846047003382310e+00
5.716607573006907472e+00
5.798051089686818926e+00
5.984849469116195309e+00
5.038228898438445569e+00
1.569854397720739092e+00
4.373296081813338176e-01
6.135973969626236091e+00
5.874811156639187182e+00
5.842570201281253262e+00
5.892328464287526657e+00
5.756959945888149299e+00
5.792233491093912612e+00
5.850021833219479994e+00
5.966190651624176056e+00
5.878041266156930789e+00
5.723497512295310230e+00
4.909333919057957907e+00
2.829601774765848621e+00
5.294095574115294411e+00
5.125600333164256561e+00
6.043254491517748406e+00
5.779218792662254245e+00
5.781758408748293832e+00
4.736506906092453839e+00
5.828068449826695918e+00
3.546114467047717156e+00
5.604190885680778500e+00
5.836855206069742508e+00
5.570281716813014761e+00
2.134246720835121902e+00
5.757540643732005137e+00
5.747057748439782010e+00
5.670632967433481220e+00
5.834043095549137803e+00
5.859642050629324750e+00
5.814248364739157182e+00
3.829753175740200355e+00
2.042837714825364248e+00
5.876762843143048975e+00
3.523581481757960265e+00
5.797912017562507181e+00
6.156550303956316306e+00
3.509449865088298370e+00
4.624507710356974499e+00
4.887151957027918492e+00
5.917165617014752854e+00
5.856257039643531392e+00
4.969700839425810202e+00
5.413310904619126340e+00
5.764770272192567546e+00
5.752759542292520401e+00
6.067530303502159938e+00
5.673218083729236305e+00
5.800475277123942064e+00
6.055913095177721139e+00
5.295727062697209497e+00
5.787124535927554270e+00
5.010290783006887239e+00
5.661779355700423677e-01
6.114111561305215936e+00
5.605081623384450928e+00
