1.136319230756958031e-03
6.235402221764613749e-04
4.196690019573984460e-04
1.237219000886627266e-03
2.413892098972801419e-04
7.922745168650588204e-04
5.199120793798836125e-04
1.693587844157549071e-03
2.746174659192977753e-04
4.278658660106586758e-04
8.775015889104828114e-04
3.906210596060365366e-03
1.115297822920731244e-03
1.282182692555311043e-03
5.261679432834552713e-04
1.732401122139671590e-03
6.187422285291438841e-04
3.477351519082787657e-04
6.297992416677297787e-04
9.300727164432761197e-04
3.691475881205039653e-04
7.297478853032797865e-04
4.268996173153110718e-04
7.325669977397586841e-04
5.619757380975672631e-04
9.475631497354874717e-04
1.361165790130830890e-03
7.828568749400765126e-04
8.693639769692607577e-04
5.315333932055766545e-04
5.405262677459749627e-04
2.231990492124924248e-03
3.497393066232693166e-04
9.371406182067676133e-04
1.472927842268574507e-03
8.050878110790480116e-04
1.279370031702695316e-03
1.074650833847971484e-03
7.590638441835647742e-04
5.675306708801025656e-04
1.393244327252312134e-03
5.301264169117965485e-04
9.829335026166675406e-04
8.817788141710392351e-04
1.038641262926200863e-03
9.119921741308985351e-04
5.865205642611164439e-04
9.510946758277310023e-04
6.567570489905992298e-04
1.951803493632349408e-03
1.198045386343091429e-03
5.635340462719038183e-04
7.020626693732271361e-04
7.593507598216225028e-04
8.057075781310994332e-04
1.198035065256112001e-03
9.920007170423862305e-04
7.180680604013052514e-04
6.917668505397929100e-04
6.375237199965395766e-04
3.696048598190927086e-04
5.194441141800498372e-04
2.983452518233218969e-04
1.045428743364446326e-03
7.734283390795892174e-04
1.555155995144847075e-03
1.611528586430042639e-03
1.337864761914715154e-03
4.956185339645197054e-04
9.408023853525385302e-04
7.331991709367859100e-04
2.103453062623546459e-03
9.533174864057555918e-04
1.380062923830324348e-03
2.964663437248599392e-04
6.577536619666007455e-04
1.648332601219130436e-03
9.928746253390491328e-04
1.711361690982311518e-03
1.013144784878888122e-03
4.576160857705225652e-04
4.834599723279790848e-04
1.399458686763549583e-03
2.197372066239061932e-03
7.820952025089397512e-04
7.048082889176169544e-04
1.949392787403782246e-03
1.066726001424410982e-03
1.542772499266873701e-03
5.659857516731477394e-04
5.381442447438580497e-04
7.533856659409267223e-04
1.603466661767167763e-03
7.894463851742339420e-04
7.347594003972860496e-04
9.214403353179341592e-04
5.068861665510980118e-04
3.845609078780315871e-04
6.264677906370788281e-04
1.093972743802377459e-03
1.241051370089018419e-03
1.172442393458118619e-03
7.556132137237112859e-04
1.417921608897616077e-03
8.671769956146877997e-04
1.981140737324040956e-03
6.169243005448593218e-04
6.736842427160560443e-04
2.578492852975997496e-03
5.581718690374947583e-03
1.278606815032563848e-03
9.482906595481463115e-04
5.822628403201450141e-04
1.316927035836867833e-03
2.533794747031963435e-03
1.136256440042643151e-03
3.753288031999274890e-04
1.345921878103071732e-03
1.070272194845623510e-03
2.795592989696381227e-03
1.503953729203991174e-03
1.024762328167338598e-03
7.331991709367859100e-04
8.244370794287277223e-04
2.940153998765797751e-04
7.268804540158383320e-04
6.161511158951848369e-04
6.477573930375461926e-04
6.687700877755135918e-04
6.393733948384310939e-04
1.013032050709998999e-03
8.915057948407674330e-04
1.995484847247267195e-03
5.715021894085921001e-04
1.212919577897025826e-03
9.369412408230425515e-04
6.210347000697035054e-04
9.708211479107777767e-04
5.075441627268817380e-04
3.786976893503749561e-04
7.762126360883280993e-03
6.420481448790135064e-04
2.843637760908569213e-03
7.780327916834008095e-04
7.243498831331188258e-04
1.066726001424410982e-03
2.312721736021317465e-03
4.298328762400571842e-04
5.613850380797447267e-04
1.928977495591361908e-03
8.379489652360033562e-04
2.040024556996712299e-03
5.465650716967272726e-04
8.705673199582796397e-04
1.683262525527215317e-03
2.305365121070973317e-03
3.880556051983076438e-04
1.016273709366191918e-03
8.983849368987196398e-04
5.881692500477172722e-04
1.471742032805455243e-03
2.256708552931463918e-04
6.463757687441672043e-04
1.276732221171364250e-03
9.180849501956660740e-04
2.591279734294861612e-04
5.161294957941374526e-04
7.157012262869658472e-04
7.296126478272099876e-04
1.066660801045818743e-03
5.484034845753153536e-04
1.870511353247012202e-03
6.457291671621782480e-04
1.485230962309916358e-03
2.986448793047400047e-04
8.714017033893489911e-04
1.937378409780388675e-03
1.361165790130830890e-03
6.842544170635530979e-04
9.205301958757331924e-04
4.975785144296199268e-04
8.533130996310602043e-04
5.590006266769020297e-04
5.589194354197271359e-04
4.501654926665075085e-04
5.717506957582304270e-04
5.103515206566074883e-04
1.242419837899496563e-03
7.163699415292977893e-04
6.026027007492418784e-04
1.141574590040891814e-03
2.513847193508159626e-03
2.416094139251420865e-03
4.942716863205096588e-04
9.150321462068684202e-04
3.121360465867717340e-03
7.716954298070081032e-04
3.514875703684417580e-04
2.833689676779018157e-03
1.941240123272508630e-03
1.502145548505203583e-03
7.477244437979316304e-04
5.414597585000510650e-04
7.750737007818040434e-04
3.654952168983132983e-04
1.468869573819039844e-03
9.369918119776030757e-04
2.916745254710653712e-03
6.239431768332617508e-04
1.210727664200860745e-03
1.728223494252185272e-03
9.925057525026967364e-04
6.657042632997017383e-04
7.204889348477314841e-04
7.361471537494393251e-04
7.518310065639577161e-04
4.523001746300695089e-04
4.510298830767200734e-04
1.538721286867725160e-03
5.396132927513792215e-04
3.711620573017482207e-04
1.317969473823175572e-03
1.368781872457522147e-03
1.444006120637780430e-03
9.735736604080854608e-04
3.411150316867172854e-04
1.198479436999166795e-03
3.290190359052947442e-04
4.990962171289030531e-04
6.354941628905411274e-04
9.680866035661534917e-04
1.042936886006229705e-03
1.251645582462547826e-03
1.010092189547373001e-03
1.200759751028191704e-03
3.022282393406293269e-04
2.103453062623546459e-03
1.844581379856189340e-03
7.314547044579963655e-04
9.125819163718094712e-04
7.431146696971728397e-04
9.891064057972309004e-04
6.013489261900747517e-04
6.273616899955193789e-04
1.599072561767127601e-03
4.390725805260385227e-04
8.715840903886379895e-04
7.905032452824974553e-04
2.234151881849165064e-03
4.254161761342330336e-04
6.887934699736875067e-04
4.884970542237021974e-04
9.243976544098472543e-04
5.424085577298815670e-04
4.188221542517821467e-04
4.311978995071083097e-04
7.365086351442181201e-04
7.629280228694486961e-04
6.570551939506963542e-04
1.037596734809538524e-03
5.843510597482486557e-04
8.308450944663875980e-04
6.890052072574563355e-04
1.623073607451754963e-03
2.556505017569555768e-03
4.303809974933973524e-04
5.608874562878751443e-04
8.091672253820042515e-04
1.979729902165800783e-03
5.634825641664567390e-04
9.476498849064175171e-04
5.338619068941286450e-04
7.790354694669980162e-04
1.432233383825779740e-03
1.830260518897984480e-03
2.591279734294861612e-04
6.024761070906404017e-04
5.724243695607337742e-04
2.425253330260090587e-03
3.439490805932670552e-04
1.997270620223121768e-03
6.471875488886503743e-04
3.532433828729675349e-04
1.293175662735047754e-03
9.533174864057555918e-04
1.374674091004732387e-03
6.633556286760287912e-04
1.992450974487627521e-03
1.310755727814866571e-03
1.146012626820394490e-03
1.372857844870279320e-03
1.740815006747710404e-03
9.332583826639879142e-04
1.480951327820601710e-03
2.491367925983176395e-03
1.079265532516817576e-03
7.123430150183070663e-04
1.230652246974970688e-03
4.437116624959079126e-04
3.260656067201029261e-04
1.085608324313246022e-03
4.339627792488480419e-04
6.147406520318067068e-04
1.430575470872288979e-03
4.682722132819465660e-04
2.684523589266487459e-03
1.065450006230520561e-03
6.842196430065578460e-04
1.530876539645385694e-03
7.395883055487506965e-04
5.412119990708821144e-04
4.421366813277034400e-04
1.183384593478512643e-03
6.722326572176499145e-04
2.836868824244218978e-04
7.629280228694486961e-04
2.559857730855349023e-04
1.007063921065423032e-03
1.027751657614164220e-03
1.818266191367971839e-03
1.432233383825779740e-03
1.082711164049295505e-03
9.981930215423736544e-04
2.562661051079391733e-04
7.713688617088008091e-04
7.748289227721731013e-04
3.997867183599878248e-04
4.397104359079632117e-03
2.443004925844392502e-04
1.278141734495498059e-03
4.588141864700020253e-04
3.022282393406293269e-04
2.637454270863959747e-03
1.603466661767167763e-03
4.742029209564730947e-04
6.613627506033612326e-04
7.886751279116242927e-04
1.476818936166104023e-03
2.861448701632587259e-04
5.211152043746115816e-04
4.388951146981171793e-04
8.136603592616689293e-04
1.097598638868765809e-03
6.702337467934925018e-04
1.310655656804796294e-03
1.025730429830341763e-03
5.719535150738114465e-04
3.440349769671468909e-04
1.818028611244573364e-03
3.274946337868446695e-03
1.072140685087437373e-03
5.876671869624841733e-04
2.176423382192324476e-03
3.745242354218272091e-04
4.571486278522741802e-04
5.310743683936096490e-04
2.081957943565066957e-03
2.302922552603672238e-03
8.990154130795893848e-04
6.731772884186877593e-04
8.063048691099108673e-04
1.485230962309916358e-03
4.778878784598989261e-04
6.518339525700957105e-04
4.614121144461474575e-04
2.066585075014669946e-03
2.416501799813303413e-03
3.764645255913816346e-04
9.009948388739639049e-04
2.245742696105515902e-03
7.792470312631127058e-04
1.140517118471793103e-03
6.974665560909637432e-04
4.103749340199373732e-04
7.572496821466008022e-04
6.652218667105945895e-04
3.988299463310591010e-04
5.112493999395036851e-04
1.127638741538989535e-03
6.474553694094164818e-04
1.665066217277791014e-03
3.042707286655227622e-04
5.941474498749461626e-04
5.043757357770201977e-04
9.842375778665579927e-04
6.890704989122825412e-04
1.258937877322422946e-03
5.251211197302586148e-04
2.626585984559273810e-03
9.261661776818535738e-04
1.085608324313246022e-03
4.588141864700020253e-04
7.712897387019671978e-04
1.281716890144005833e-03
3.313519298071933360e-04
3.773784622100580331e-04
5.353903511943312746e-04
7.629280228694486961e-04
7.510318023750870396e-04
5.841243672338239639e-04
1.527429936743237735e-03
5.261664035810296016e-04
3.886605749181640561e-04
6.836958082575472686e-04
5.369528956841642525e-04
2.872206877245762121e-04
2.680156116719017967e-04
1.156646414756637778e-03
5.550155905654177062e-04
7.090725106385465737e-04
4.176314583353057030e-04
3.473098797085840458e-04
5.118028743535567911e-04
5.590568655564959926e-04
2.680156116719017967e-04
3.761184704566569682e-04
1.895868540289567632e-03
7.345049226322686265e-04
7.874084556180890133e-04
1.666879593020080975e-03
6.829979220199376873e-04
6.233872153411990687e-04
5.299391962906614554e-04
3.152320457081543635e-04
6.080877300871981566e-04
9.989845732884872816e-04
1.083124762358900380e-03
1.151059926700836360e-03
1.571677533407396000e-03
2.746174659192977753e-04
6.863896599152175546e-04
4.683513189760495554e-04
1.740815006747710404e-03
5.311990261224995569e-04
7.204889348477314841e-04
9.867481755174681464e-04
6.269125977592873581e-04
4.235971686444371231e-04
6.761355025018902674e-04
1.465249281101658075e-03
1.196194011974294636e-03
2.777419191763836302e-03
9.609945287519451769e-04
1.376729458172356755e-03
6.288772006462076732e-04
1.442117028242577903e-03
1.061303649699028070e-03
9.254986837835685798e-04
3.937172361701872731e-04
7.760443811792706956e-04
1.373426713073210362e-03
4.593018202194295522e-04
1.291118835089809106e-03
7.420348579957639860e-04
1.252729355765721956e-03
4.825806943884576811e-04
7.995099053852786899e-04
1.037824595111100498e-03
3.596420210110086034e-04
6.012073493223994355e-04
8.244370794287277223e-04
4.662753360207483257e-04
2.729301702171831046e-03
3.322129799582840531e-03
1.048755756080147015e-03
1.067173083793778376e-03
5.492198522348072350e-04
4.975649606246806403e-04
3.395175173877279387e-04
7.689433076208010247e-04
1.519064450679175711e-03
9.961151173780132331e-04
1.120459528972720742e-03
4.413225884763651995e-04
1.262668782643781157e-03
7.637182611844215655e-04
4.042259659938422355e-04
7.200358668937390308e-04
7.895227586993386728e-04
8.630775744711800075e-04
1.626424897287572380e-03
4.634087239584116168e-04
6.839242524351470381e-04
8.417511589417378754e-04
7.258857735099265816e-04
8.835235813310568509e-04
4.322256801238760575e-04
1.060632710610557531e-03
1.105736724630940063e-03
1.056177783153085942e-03
1.262668782643781157e-03
3.214184335898235146e-04
4.130135910137170221e-04
4.573971205777438193e-04
2.649331791020198557e-03
9.198523602974193695e-04
4.676994300540358624e-04
1.296785552426837733e-03
4.540125746405540563e-04
7.847311196149005501e-04
1.145497856579607036e-03
1.160118575211676814e-03
1.753073849957425797e-03
8.867658963394584645e-04
3.691097589807567757e-04
1.570698556033468980e-03
9.666723768121747960e-04
4.303809974933973524e-04
8.245162686649607940e-04
6.318130517255338531e-04
1.119889540312184531e-03
4.208353647407915977e-04
1.348885464533562412e-03
1.234194985352209204e-03
4.266159316715355276e-04
6.940701212746630284e-04
1.742634552741641370e-03
6.867115745705313495e-04
1.202927263339737722e-03
9.001198319787754839e-04
5.805598000290452046e-04
9.847688774009954061e-04
5.497664875472772165e-04
1.157688176251806152e-03
9.813070273472510388e-04
1.076322435579025322e-03
1.027896967752472274e-03
1.027082780906419081e-03
1.617958138030111716e-03
1.473823509672617235e-03
9.820980301698727186e-04
1.107015595927495107e-03
5.071753079627401703e-04
1.002687218624708984e-03
4.124355945337719359e-04
5.199120793798836125e-04
1.445112370381361347e-03
3.470893975880393924e-04
2.936409040840038016e-04
3.540132347792628443e-04
5.810529089873657169e-04
4.386212677928426839e-04
1.223950590082065150e-03
9.202771270272146458e-04
6.053657289392983150e-04
4.049000121256908350e-04
1.178395861384918522e-03
1.300303501164316476e-03
1.337398549149538835e-03
5.859223583509633832e-04
1.136319230756958031e-03
6.374487270883171658e-04
9.160300085527910401e-04
6.825944068752903132e-04
5.407568232711178202e-04
1.127224789358828973e-03
7.001821305640811791e-04
1.085888473326427012e-03
7.858988614917533037e-04
7.076337723711453864e-04
7.078341110529320001e-04
4.302762628574126466e-04
9.933892996797602949e-04
5.846839749641873042e-04
1.539618394886091033e-03
5.320373436275844647e-04
5.034938214666841031e-04
1.017488031383180979e-03
7.716954298070081032e-04
3.314876894211116090e-04
4.104868295424755095e-04
9.456174016663811957e-04
4.735256717183054668e-04
5.710769121322125394e-04
4.991808885479440995e-04
1.620738604399414888e-03
5.846839749641873042e-04
1.585652998621238548e-03
7.323237137853258775e-04
1.512837929579469122e-03
6.128907923304808972e-04
2.419994438963174205e-04
4.873111542447732415e-04
1.329609140112607540e-03
3.753960802523424864e-04
1.914583700665512239e-03
3.550168622220721049e-04
8.970511006767127897e-04
1.733872637023592313e-03
4.042299505180238636e-04
1.434467844092514668e-03
6.874996450111272445e-04
2.044642495048942538e-03
1.371051550512855871e-03
4.767953197456892538e-04
4.003902956874551863e-04
1.281124873144079846e-03
4.278658660106586758e-04
5.662587453243294201e-04
9.714098298141994603e-04
1.360181560073844961e-03
9.703238424525378924e-04
6.845268841368240542e-04
3.613117461787236379e-04
8.827137243525571327e-04
2.944590093113111156e-04
2.940307154016971129e-04
6.766258638633447162e-04
4.302762628574126466e-04
8.128714465469930170e-04
4.061631000544112832e-04
1.850492185537452828e-03
1.096458134866779444e-03
9.205301958757331924e-04
2.001928747281188792e-03
7.198639262538380091e-04
1.001022450382024276e-03
9.396044486949423373e-04
1.032557561621037789e-03
2.618370260032017692e-03
2.781419231013313007e-04
3.294208936301824125e-04
8.923289048482518394e-04
2.983452518233218969e-04
6.576969643092980345e-04
5.469607452166797956e-04
5.044788012458848976e-04
1.480760139000325808e-03
3.502011892964259363e-04
1.825131974530688371e-03
2.146200291537953952e-03
9.049255217818864697e-04
1.166696315476279050e-03
9.187678733633185355e-04
1.952797529681934855e-03
5.922528395188368612e-04
7.153720421937178470e-04
6.304967169610572846e-04
3.898348226819482081e-04
4.029154944434343300e-04
2.223852762819910223e-03
1.400773852702172449e-03
5.627947089330244054e-04
1.130968640226170246e-03
5.802679070482928995e-04
4.719919299540350577e-04
8.264167841144230871e-04
1.530873683658501858e-03
5.432745426444250030e-04
1.293648047387292981e-03
7.536266526271021785e-04
8.970884566697592865e-04
1.247424609485070718e-03
2.977130330610866515e-04
1.137840645038525837e-03
6.109540319431739416e-04
2.227852810816729513e-03
5.945161291378556938e-04
9.862704973114628723e-04
5.272813717288678433e-04
6.837257637173435338e-04
9.687275096016742916e-04
9.218697344732558344e-04
1.026936541662056349e-03
6.846222261972811397e-04
5.245649663341778656e-04
3.209700031008057026e-04
5.809614340645646293e-04
1.492854247851476811e-03
1.293799997100014525e-03
1.372857844870279320e-03
1.084829799644829564e-03
9.860816821991322343e-04
2.287531087923274926e-04
1.534513949057281917e-03
9.853724540697598577e-04
9.131595078018095836e-04
3.803135432040336905e-04
2.315562173359511818e-03
3.931867478795378801e-04
2.299086486935355850e-03
1.750497578219073480e-03
3.167731180185473657e-04
3.152320457081543635e-04
4.893706579991199653e-04
2.795592989696381227e-03
5.725237563545185334e-04
2.674357143866563338e-04
8.008605935194134393e-04
1.347923808175591773e-03
1.505879969983579467e-03
5.953911603665618460e-04
5.497664875472772165e-04
9.055334342571202044e-04
1.040449962515911523e-03
6.114178001123725739e-04
1.943778096379530831e-03
2.420656126978103576e-03
4.210143657096843150e-04
2.438743846021591648e-04
1.073571230231100404e-03
1.011358760163807947e-03
3.719654506549092575e-04
8.734819008966941125e-04
9.113772566027521747e-04
7.424723557676319230e-04
1.031682299152919795e-03
6.890422014502326420e-04
6.297992416677297787e-04
1.007902264188219018e-03
4.553276824336167233e-04
8.430356024767190213e-04
1.916349138541709055e-03
1.087534333475542129e-03
5.818518234013676880e-04
1.115364879768254974e-03
1.033766260893831477e-03
4.226780973739210001e-04
4.489769039764617930e-04
2.649331791020198557e-03
8.823579505363830658e-04
9.482906595481463115e-04
5.149028444238013067e-04
1.283369613200344367e-03
1.342140318225265279e-03
5.269292314775608430e-04
2.625262000149718297e-04
6.050850805407225266e-04
1.052207676604492801e-03
7.781269583237156000e-04
5.997205015467158180e-04
6.720584818282348714e-04
3.737962934861771710e-04
4.821643728786818676e-03
1.135798367382497183e-03
2.464964978209165623e-04
3.475033057892857485e-04
1.052598637862787404e-03
7.179257479918838263e-04
1.026553268759640555e-03
8.132954685397578935e-04
9.951885026990309885e-04
1.028682958735514102e-03
8.649834298113028095e-04
1.666678019183707136e-03
5.641566174242999571e-04
5.676595026455392122e-04
1.411805796035811404e-03
1.242216619666638945e-03
9.582213437570773684e-04
4.271144978127819130e-04
1.410569993438405730e-03
1.603466661767167763e-03
4.788672854141434450e-04
2.798161953140548656e-04
1.035361190730362327e-03
2.784539797261096922e-03
3.786976893503749561e-04
1.476818936166104023e-03
4.118662719198926798e-04
5.870742005626569063e-04
7.556132137237112859e-04
6.183449901666676803e-04
9.946423420764756614e-04
1.096983291479481336e-03
5.885799440495020820e-04
8.814066474125148171e-04
2.268600842166321012e-03
1.335026579507172942e-03
9.035998067512384518e-04
6.401566354816948419e-04
1.070393511334115453e-03
8.104694410111337212e-04
2.240023562207541213e-03
8.934113295618099047e-04
1.325283139771717220e-03
5.581493119228500424e-04
5.473486214914714777e-04
4.742544376419319339e-04
5.234547767154876284e-04
8.887898300041392752e-04
5.870214447675826432e-04
4.699705222194973018e-04
3.187391103048052327e-04
2.462188598419436103e-03
1.115358966015236224e-03
1.568725270040813476e-03
1.139723013978234624e-03
6.074060603727989959e-04
3.992469642299088274e-03
3.834721298885473365e-04
1.371226356350768900e-03
7.795190984647656397e-04
8.412039807586579919e-04
7.207228982222785947e-04
7.557235044936602003e-04
7.629280228694486961e-04
4.686841813882418567e-04
6.984443305734659496e-04
7.198674851868701839e-04
1.085608324313246022e-03
6.845268841368240542e-04
1.960177722500854296e-03
7.182038716082656460e-04
1.899192141193521352e-03
9.735736604080854608e-04
6.415233763060472667e-04
5.228668899860845895e-04
8.564797471249407414e-04
6.371961717050220837e-04
8.735589612540031268e-04
5.474191932075701122e-04
4.551253903437138581e-04
3.857839659250924093e-04
8.887412219090492626e-04
1.057765920994445429e-03
7.088982671119549656e-04
7.332975525833128165e-04
8.893544086562111617e-04
3.167365478152059724e-03
9.630010904952417301e-04
6.464589756649410197e-04
9.450587726370315335e-04
1.022529168893867527e-03
5.199120793798836125e-04
6.119187382363519643e-04
5.171819953872626528e-04
4.653449523662489822e-04
6.053457833008918940e-04
8.502371774474549483e-04
1.199582664521207194e-03
1.578312353478954991e-03
1.359939810436524427e-03
1.931739719343940559e-03
6.668290580774877737e-04
1.151256283979264824e-03
5.939028201014192763e-04
9.254986837835685798e-04
1.106112338289584303e-03
5.947381999576566982e-04
7.742963047241246781e-04
4.895517880556489107e-04
1.010848572105672253e-03
8.030619368116737955e-04
1.033210034741457008e-03
9.648710618108012269e-04
8.997484405312609033e-04
8.088650879973453877e-04
1.487294775063958876e-03
4.410528857254343398e-04
7.431146696971728397e-04
1.168052508228095178e-03
3.031929528630890845e-04
8.664018899021780308e-04
5.150476956527031162e-04
3.888265529711886349e-04
7.839879475531758837e-04
7.095945839680454711e-03
1.337105115260055514e-03
1.167097628346268866e-03
8.132954685397578935e-04
3.824479472278389776e-04
8.160067327211085932e-04
6.613627506033612326e-04
8.679623664959552291e-04
1.639252294056837587e-03
9.426771890254544151e-04
2.061922668160128674e-03
2.491113520740437844e-03
1.270801170247165112e-03
3.572566115537469567e-04
6.341404120644246250e-04
5.155117878855362910e-04
1.062049615611789649e-03
6.240893299372555570e-04
1.455547951486834161e-03
1.149671314674422049e-03
1.092440922662556027e-03
9.233847428469298775e-04
9.064063136239741301e-04
3.815805809926501105e-04
7.179403902818528704e-04
5.910489658043665455e-04
5.594299621384044973e-04
2.978783797830702150e-03
5.309335363925647309e-04
1.299066392530991848e-03
7.497732603152746722e-04
1.237966633203662096e-03
1.043118424061496635e-03
1.190109732393646556e-03
5.744115614609902627e-04
1.964892683438545541e-03
8.661181939921678468e-04
2.865681960611298536e-03
5.363843363862448067e-04
3.017628058851465431e-03
1.926703893035163059e-03
9.701977783644649038e-04
1.989900321192561439e-03
6.649694219087531151e-04
4.895517880556489107e-04
1.028611982302072170e-03
9.742118511471719493e-04
9.086498960333442903e-04
2.606131687774247956e-03
5.830036079226115714e-04
2.975921897506802354e-04
5.999413027223526049e-04
5.741799173333741579e-04
7.603687376594065210e-04
5.823208102236877241e-04
1.237219000886627266e-03
4.799372893927973194e-04
9.564070144854724389e-04
1.628406997086873564e-03
1.086461891841914709e-03
3.043510852119442312e-04
7.525665020545496036e-04
4.572842822107741397e-04
7.531097093199655727e-04
1.480760139000325808e-03
2.075483766133686368e-03
1.190623361133576414e-03
5.161247925978998223e-04
1.451105965929809938e-03
3.459674193706637683e-04
7.237564612276255237e-04
2.949068237539286420e-03
9.002104175028010236e-04
6.430972708026981089e-04
8.886754862110676214e-04
8.237212157920179587e-04
7.938152264243949824e-04
4.427175400027925055e-04
1.218816410016006126e-03
3.498749830942939239e-03
1.020873419837224931e-03
1.035799941395444679e-03
3.433451339828885317e-04
8.742635776787549984e-04
8.379489652360033562e-04
4.588141864700020253e-04
1.396651835542311176e-03
1.026627752290912082e-03
9.423843739361439801e-04
5.939028201014192763e-04
6.478045357222783672e-04
1.525553513309226093e-03
6.726719444232720198e-04
2.651026265953207277e-03
1.098626620160747741e-03
1.434319875871922171e-03
1.224335221123049782e-03
1.088059168164201475e-03
6.341404120644246250e-04
4.977565962942376646e-03
5.941474498749461626e-04
1.750057100273114423e-03
5.059418037745127541e-04
1.365268700346317608e-03
5.407568232711178202e-04
8.459210209417856530e-04
5.170606616921033039e-04
4.803869924596150510e-04
8.085430925506332817e-04
6.200448327355632732e-04
3.456427565064225100e-04
1.184502250384321820e-03
4.651967016158338464e-03
7.289841195926398398e-04
5.947369219618717619e-04
9.896835915282477074e-04
6.464249379650514838e-04
5.690170876873515242e-04
1.341857592296715048e-03
1.130968640226170246e-03
5.432690925834594321e-04
1.199407466455092858e-03
9.029836427361396991e-04
1.704233260852186082e-03
5.515940716032812245e-04
7.815604293341385988e-04
6.811058081341089939e-04
1.747969522135224205e-03
1.522417632176779325e-03
5.804037896199035944e-04
6.137306208559515502e-04
6.844469273647611676e-04
1.467315775042717790e-03
1.411864902654971473e-03
9.514886164947945670e-04
4.301360291880140015e-04
1.495996197074719912e-03
8.885014296286281206e-04
6.423270545420315270e-04
2.107960912849561434e-03
5.162637940055821682e-03
1.239009608737429505e-03
6.950921623974162800e-04
