3.799398522115150431e-04
7.795468003931110487e-04
1.187293595668101505e-03
1.639109724441372481e-03
1.073499157099450747e-03
1.118406416990694536e-03
3.683228832789763561e-04
1.493421103809356495e-03
5.138038491250472529e-04
9.252845347092863559e-04
6.133655114936876216e-04
1.992792515510626115e-03
2.029753399585896949e-03
9.863103504133884179e-04
2.548044445216765975e-03
1.220914987465116430e-03
8.760802572949109640e-04
4.123676202602454726e-04
1.602976591559239408e-03
8.862953584913171954e-04
4.963188829772486503e-04
5.454145097773926412e-04
9.193669819903791144e-04
1.068959546035141983e-03
3.406949935021597736e-04
5.061746456379519242e-04
8.756059059371744564e-04
2.445594683356000520e-04
8.423272652056594360e-04
5.981561058855060621e-04
8.068994434874799488e-04
5.266735951074418042e-04
7.759845768603310578e-04
7.574691672792586766e-04
5.063327262744551438e-04
6.031924203297664433e-04
1.151940608610696514e-03
5.369978288487485280e-04
7.381282754389923654e-04
1.396737329592433532e-03
9.032183287006617526e-04
6.004637427990220256e-04
1.209395792490881557e-03
1.356540332564788905e-03
4.951147989004082333e-04
1.401089193759535003e-03
8.495974765616019254e-04
4.016022908139981352e-04
5.855539513574043635e-04
6.965208468607566022e-04
6.955973211303695305e-04
8.349876293817787157e-04
1.126176516969703374e-03
2.100872227536166714e-03
5.090683760989198016e-04
3.541170661241673998e-03
3.268049383573532287e-04
9.498328828277923788e-04
3.237369798510854476e-04
1.132285822894590595e-03
2.013379853695339717e-03
1.134466694682657959e-03
8.679098551757184754e-04
3.262480653209385022e-04
9.297408935981628852e-04
5.589392520323244228e-04
5.930479739747609525e-04
9.803693076903077265e-04
4.173056065789161953e-04
7.021344236282951864e-04
1.302666652587315633e-03
2.311947562893609288e-03
3.051712046619843230e-04
9.872343360574950110e-04
3.885510619018060557e-04
1.005527598266274178e-03
1.165963198402658564e-03
1.291017301253243694e-03
7.295580690223885502e-04
4.877063866948492870e-04
5.177472650297493826e-04
6.617325390058855514e-04
8.633408867135754878e-04
8.535232265461326767e-04
3.743961379974209292e-04
6.328552497470223094e-04
4.739542590714312552e-04
5.953443392026448516e-04
1.411877373902063791e-03
1.240182758942202533e-03
4.831637926097952836e-04
4.544991530501565598e-04
4.257028238282047896e-04
1.969118163526525824e-03
3.097087192440548409e-03
4.362538128472837301e-04
5.524032819872994266e-04
1.536096100492050261e-03
8.276999579165841532e-04
1.670555571501019252e-03
1.386350063985654184e-03
4.820169025164817295e-04
1.331006757502855610e-03
8.900696226560576331e-04
7.985392272175553374e-04
8.193699965089248785e-04
4.964854850807953702e-04
3.013570326308797503e-04
1.079691846907786116e-03
7.721053921718253228e-04
7.543041752062886254e-04
5.888826968320115714e-04
6.310867401947874026e-04
3.399887497269847569e-04
2.794843921458570559e-04
1.157070628789623077e-03
9.066737401179207102e-04
4.362855321359928370e-04
3.921944797653409594e-04
5.126604705695524686e-04
1.008965429665638911e-03
4.657923264696899068e-04
4.209739257283786609e-04
1.135671912218632869e-03
5.454145097773926412e-04
6.735979399394366766e-04
5.318619438021732508e-04
1.085366748773475450e-03
3.422086223213367025e-04
5.814136280020833041e-04
2.171070608680116931e-03
2.502778639226324099e-04
6.632911325639705320e-04
8.556811849976228611e-04
1.320946928742157108e-03
6.827984175601457253e-04
3.893971898849062324e-04
1.889259780789205546e-03
3.810467767443146900e-03
1.556233608131119212e-03
3.802027967895112723e-04
8.935109318176685193e-04
6.047041736558532226e-04
1.748645251994794016e-03
1.118207143232259138e-03
1.119354772822823236e-03
2.064170106889081941e-03
8.297362135715079983e-04
7.333733872805079561e-04
4.154061050658662720e-03
1.697549324904276463e-03
5.314561192967923089e-04
1.983086575515796268e-03
6.944671678512568096e-04
9.804118293873390153e-04
7.162186464539897508e-04
1.483650447760078784e-03
7.804184102847285627e-04
3.737503028643886292e-04
6.383794428226867304e-04
7.585195407406177892e-04
1.203801829379068898e-03
7.047499333120707055e-04
5.936554377053073362e-04
1.786119730353284219e-03
3.453052388119834957e-04
3.535059678883558320e-04
1.046427865350895272e-03
1.118207143232259138e-03
6.591946209391575046e-04
1.210419350044713823e-03
5.026931022602358894e-04
5.936554377053073362e-04
6.746591842071942907e-04
3.070755075041065475e-03
3.813602594893121121e-04
9.580665942893423857e-04
7.403344508047374423e-04
6.295561779772678801e-04
3.157935044672489293e-04
2.462661914070111480e-04
5.891202234725804445e-04
1.946685901288697403e-03
4.831637926097952836e-04
2.237819117996879461e-03
4.322839606988264751e-04
1.595177794593382117e-03
1.416565392951803963e-03
3.084940932654399448e-03
3.406472927505927221e-04
4.848385694004588259e-04
9.063096713655100596e-04
1.025148881964468720e-03
6.070107894807202226e-04
1.021966941366988721e-03
4.493269511576749751e-04
4.774261931697861895e-04
1.550685590151688800e-03
9.986556224723043725e-04
7.187971214507821258e-04
2.424781332628206647e-03
4.363709435434710003e-04
1.861309787565737029e-03
5.394034642035496624e-04
7.186769796806640820e-04
5.383663027578078396e-04
3.268049383573532287e-04
4.761202504418619798e-04
5.374105913267216306e-04
4.125199229524899596e-04
4.846399867868163552e-04
3.728166859760645695e-04
6.750919961691332445e-04
4.322839606988264751e-04
7.017214240915858360e-04
9.242272257520701539e-04
1.130803702863424033e-03
4.048901442741960864e-04
3.992151256524199116e-04
5.084595750192913563e-04
4.290087286168850164e-04
5.192706559732695798e-04
1.323303550254086068e-03
3.557460359964098378e-04
5.993520982230601552e-04
8.389554177525126565e-04
4.616672437339767099e-04
1.876257625183253572e-03
6.583392816802987419e-04
9.012873946109215949e-04
9.037256658622127778e-04
9.573977711738041992e-04
3.805030242380888299e-04
1.144434920072920575e-03
8.363756426827203974e-04
4.649906179680833129e-04
9.623044358941240531e-04
3.616750463497090057e-04
5.627968783309059012e-04
5.211945136947150180e-04
1.399948511009238431e-03
1.033900068246625939e-03
1.238047402241237429e-03
5.230029918801423153e-04
4.406036364578586615e-04
1.775449686200141538e-03
5.199487536476553535e-04
1.054360990770645493e-03
1.207820155355442127e-02
6.114709921718051349e-04
3.845326212934406691e-04
6.426602251837731884e-04
6.162882010612304824e-04
3.671530780021471673e-04
1.647250924249749927e-03
1.142025763799697172e-03
4.078488567231505811e-04
2.072373305062805062e-03
8.422610376037639257e-04
8.316630396850177055e-04
5.344062275259542057e-04
6.004637427990220256e-04
8.233323679832185195e-04
9.068569273757111013e-04
2.989951113160652313e-04
9.079529634412369021e-04
1.409784605285534231e-03
3.696644231089476888e-04
4.774300489969121467e-04
7.258606862500832820e-04
3.967161688876381150e-04
3.097087192440548409e-03
1.002344495265669469e-03
4.621495852823423629e-04
5.382789952078134016e-04
5.730613257635485498e-04
7.391555237056395304e-04
4.189868328941526165e-04
7.342088205176368820e-04
8.793408250226720808e-04
2.426733195564395248e-02
7.257421965750769947e-04
1.915439110069243767e-03
8.690798848664233302e-04
9.290170324269433726e-04
6.361805306651566443e-04
1.756472015541502571e-03
6.928922359160915321e-04
1.073527400215703144e-03
5.866714093477384123e-04
8.203162131202885315e-04
7.205422662202439973e-04
6.609481575432832844e-04
5.277969421400819598e-04
5.524032819872994266e-04
5.239256505510498339e-04
2.363324521357480605e-03
1.082529031195570042e-03
6.410638458572223567e-04
1.211987695584995075e-03
7.971686928952887883e-04
8.219783989565742754e-04
3.827180342899414280e-04
1.509034439191272569e-03
7.022631364465851045e-04
4.470320580695277954e-04
1.531380557595770275e-03
5.910436665123652367e-04
7.812321777433168949e-04
7.017345316411539250e-04
9.814563462659457293e-04
1.047205342860494824e-03
4.935323813687899318e-04
5.245670435661411264e-04
6.566239840262366387e-04
5.524032819872994266e-04
8.636173611065941797e-04
1.020807301322903139e-03
1.110290027294296485e-03
7.186068538422719486e-04
1.253344669990066667e-03
3.895290103988744194e-04
7.462751806025073615e-04
8.535356795842141990e-04
4.965511992793770948e-04
7.712785677480223393e-04
4.865003110213436698e-04
1.035414733871242547e-03
8.771248323210991543e-04
1.182508731635180041e-03
1.346879333058728211e-03
5.873846531388482754e-04
1.106621175582169153e-03
1.637699444341892546e-03
1.427503991369755273e-03
5.961178117909347787e-04
7.279062092621126903e-04
4.510925498501934007e-03
4.676431407317346509e-04
5.227092816033468686e-04
7.833694955868412187e-04
3.700822119279552585e-04
1.129597176849025638e-03
8.742503065540607006e-04
6.041811314147938362e-04
7.459320463498857754e-04
6.472241797729471344e-04
2.600662617638176393e-03
4.771654869207067064e-04
8.808021769304241700e-04
1.142722884618501593e-03
7.871179962056931798e-04
6.711195005662070516e-04
1.389890341831232553e-03
1.316949060896600247e-03
3.474749214032634890e-04
4.861889678075974374e-04
3.472054776925171684e-04
6.689003498687225852e-04
5.054351332139128163e-04
1.442048868227324698e-03
3.683969086856573737e-04
9.498597249733213392e-04
4.660855119572178645e-04
9.147938517632841528e-04
8.096895705613571049e-04
4.361398306784249643e-04
3.940768497183495963e-04
1.264366035980234691e-03
1.078827959463441507e-03
6.802493472944730855e-04
5.759392824117170887e-04
7.456122895148418854e-04
8.434621354251769414e-04
5.258718372636437448e-04
2.275567718081165317e-03
8.168802755056330358e-04
3.815282115077913263e-04
4.924253438430885527e-04
4.798598667962916588e-04
4.096607778826759751e-04
3.895290103988744194e-04
8.102652073174052222e-04
6.698755430022245707e-04
6.358288501942713873e-04
4.229900139018652689e-04
6.412445065015326580e-03
1.495525382551405637e-03
8.843465398308348116e-04
4.275867427614579524e-04
1.861309787565737029e-03
1.455598760729194053e-03
1.023362612607157810e-03
2.097131042048554651e-03
1.390202935941869250e-03
4.079465571899016534e-04
4.489687930712030575e-04
6.286486088082272362e-04
9.327244573683064321e-04
6.412445065015326580e-03
1.818468768845201214e-03
1.071503913547966350e-03
3.766282535242001682e-04
1.085400473741854376e-03
2.125863195742957838e-03
1.072900597573661456e-03
3.785990681997604803e-04
9.787630974304691901e-04
4.670166047422956847e-04
8.804850730302790597e-04
5.433459470048038762e-04
1.595823157747940264e-03
2.620061763870939618e-04
1.600743984251807401e-03
4.300951947985638571e-04
8.455573020674213508e-04
2.806288113485787598e-04
1.154373543403564538e-03
7.129894769038023919e-04
1.132976284476494176e-03
5.959078922537279456e-04
1.822248198225636913e-03
5.166773087801613791e-04
2.184994043876416008e-04
7.235237271891033174e-04
4.938424001127016301e-04
7.890196503640393858e-04
6.044581473058352732e-04
2.599714487654255449e-04
3.822973725372382837e-04
1.165634280474773425e-03
9.906694156492923398e-04
1.019125870076978847e-03
2.157610798732092800e-04
2.136574392000691915e-03
1.190175811349011544e-03
5.219802822650617064e-04
1.085539006783910404e-03
9.371666794180066829e-04
8.279691894646427734e-04
5.987515355187628119e-04
4.644309492663883107e-04
5.760190870848553744e-04
1.598542648159506857e-03
2.786825751364300791e-03
2.026397673808127443e-03
4.322378023195627586e-04
2.880150444826358198e-03
1.606860419553552593e-03
2.843438383158295672e-04
6.078199289745631843e-04
7.472791305269664043e-04
1.373661653670762246e-03
7.810153519480280424e-04
1.360732191876706278e-03
6.218764381674804281e-04
8.284035989177959084e-04
1.093963559732290562e-03
5.671312450898357031e-04
8.746076993984308904e-04
8.725988957164035375e-04
7.719070272514243778e-04
3.047002099572871259e-03
1.177762544190659715e-03
4.094917814424238987e-03
1.538454603433750748e-03
5.091885744453368730e-03
6.689756486422924770e-04
4.200458114782974588e-03
4.795806563364025574e-04
2.651300658004445733e-03
5.818526153051245585e-04
1.182087970967476412e-03
9.857736624602972397e-04
3.121690879615356779e-04
7.493225496503786711e-04
5.896869516241879435e-04
5.810872883544955427e-04
4.674514180122917939e-04
7.660010206438860013e-04
2.171070608680116931e-03
4.830162385982666984e-04
1.150987658697197932e-03
1.145527734655506702e-03
3.442719588497891161e-04
9.362253081463148361e-04
5.008156513950320389e-04
1.807681794792420247e-03
4.723514231300243553e-03
5.981561058855060621e-04
1.598542648159506857e-03
3.534178362216175797e-04
7.804334382374033706e-04
8.593124775904936166e-04
9.114813605104386774e-04
3.832977869218640965e-04
9.517088994945124055e-04
6.543553907794008280e-04
3.628737635931693741e-04
3.639189642781695956e-04
7.588722159220581817e-04
6.634057011899004630e-04
9.879028448784566135e-04
7.806334814536356175e-04
1.288324998493743830e-03
1.054360990770645493e-03
1.209156436715187093e-03
3.073751899078819641e-03
1.352548555084564542e-03
8.530222500738377693e-04
9.569978978207539528e-04
1.070323571228628395e-03
6.426701481579264906e-04
6.348344659978745388e-04
1.925339816952716717e-04
9.350822537036318364e-04
1.168293579846277049e-03
7.063672102509410688e-04
6.528957795190997847e-04
1.001746854162052693e-03
6.064092589742615513e-04
4.848385694004588259e-04
5.440773230294052151e-04
8.444000832047691713e-04
6.570129007385780212e-04
7.600039910909630768e-04
1.218957367001875184e-03
1.970154627138038985e-03
2.559222184707510999e-04
5.321377396567099219e-04
1.221606829939324377e-03
2.544566472226320823e-03
7.738887568510451889e-04
1.126176516969703374e-03
6.944671678512568096e-04
8.442318618526843546e-04
3.163487913013800397e-03
3.704210593983253523e-04
1.371647928577239984e-03
5.936554377053073362e-04
8.891206069512756684e-04
1.796982640234238591e-03
8.000841176783332837e-04
8.999415312811995032e-04
4.459836972079076747e-04
3.222562352045988386e-04
3.818999606537345094e-04
1.035080579006591442e-03
6.533770765610472315e-04
7.726901263468516313e-04
4.871201635109893196e-04
8.699877649985109530e-04
2.720909136062994510e-04
1.082201181173774200e-03
3.707699676453273235e-04
1.016571342931185153e-03
6.933033289521794464e-04
7.760179850548357084e-04
5.002937825985959153e-04
4.822830669727347212e-04
1.481061083777829822e-03
7.552896231574299799e-04
3.661653950329174577e-04
7.089084420550919230e-04
8.000174973011330883e-04
5.744013790941798672e-04
1.346554296758888320e-03
4.113595824837992343e-04
4.957863612426424748e-04
1.075282547608804977e-03
7.962845255327400144e-04
6.280113507126896177e-04
4.121612039573869764e-04
6.551211584593763081e-04
1.080404175654025483e-03
2.860557473473411202e-03
8.445591963142049527e-04
1.548750752906363120e-03
5.689322812977073160e-04
1.510331941096128500e-03
1.331006757502855610e-03
6.990702673093528077e-04
5.834089601122222513e-04
4.465452258305594542e-04
5.245670435661411264e-04
3.296206830759410033e-04
3.618544363378406914e-04
9.087513664431919394e-04
1.392457534028318251e-03
7.173354107299106290e-04
3.799398522115150431e-04
1.634142828306089403e-03
4.785897960223691361e-04
1.764286881274644298e-03
8.226065527379330380e-04
4.175732801503350810e-04
7.200640827324351293e-04
5.619357695293168481e-04
1.083156503562243602e-03
1.199778953919064485e-03
4.644309492663883107e-04
4.230674562000109342e-04
6.342477352636068360e-04
1.707460630017308125e-03
1.472027255208119929e-03
7.619815339739512182e-04
5.075502256321308761e-04
2.817121999948975740e-03
7.640430288557814283e-04
1.467122519085830050e-03
3.456857767058034957e-04
5.340998380421668138e-04
3.774940347909598549e-04
2.661027340865738033e-04
2.540423689193838162e-04
1.165031047242541876e-03
1.305169443239972624e-03
2.371288099767924432e-03
2.947158708567041915e-03
2.089238137225122530e-03
1.520862571495074349e-03
6.255046084059137906e-04
8.427396924984702524e-04
5.209984970020739917e-04
1.425688276840926744e-03
1.858887897326107989e-03
3.815282115077913263e-04
4.258176680165656671e-04
1.773920595787887731e-04
2.134449265679400857e-03
2.364737956948089349e-03
4.960950903550556852e-04
7.609390629900400233e-04
6.499805632263429321e-04
8.065162259831674257e-03
8.735509562247877838e-04
5.877861376394036448e-04
4.825341498480104768e-04
1.214255961262726558e-03
5.780385085764094041e-04
9.655492877140708918e-04
5.554918385831060295e-04
1.838254547110331318e-03
5.743726877576603614e-04
1.038207970906862912e-03
2.928414335541807399e-04
9.338391410428749720e-04
4.041925142197121622e-04
3.785990681997604803e-04
5.992733293123433383e-04
1.097771826728569490e-03
5.809885958896490949e-04
1.001658085415938751e-03
1.114871148130418222e-03
5.729517087968485087e-04
4.169672613714798192e-04
4.322248863989752569e-04
1.090703962783427577e-03
8.697067860669319616e-04
3.946973435537415591e-04
1.112125338635567120e-03
4.987964472291273477e-04
1.894961486915970345e-03
1.169258325741802731e-03
2.617694481906416844e-04
4.288658180103484307e-04
6.666059278549347220e-04
1.220914987465116430e-03
6.005754382881503496e-04
5.266781246413975055e-04
9.175596659165442120e-04
1.098837847274788167e-03
5.336970149989260070e-04
5.246637753990578698e-04
3.813602594893121121e-04
9.702794170481680251e-04
7.905207652666361526e-04
1.158624780595808286e-03
3.229171455578389981e-03
3.404313743256004443e-04
2.954396815449237840e-04
3.635874157994904471e-04
6.348354333811200966e-04
4.655056359043869369e-04
4.819863924088129662e-04
1.249785096775206557e-03
3.832977869218640965e-04
2.745726719649430308e-03
8.151881166557117852e-04
1.111262036278551574e-03
3.098543452020277480e-04
1.154119363292132813e-03
6.330621468046297501e-04
4.912649388770575247e-04
4.899761451553678003e-04
1.412634529899189050e-03
1.171784392583800471e-03
3.080036920027370666e-04
3.879767920975390897e-04
9.170432318638021196e-04
3.548596709713085283e-04
8.002134955692308651e-04
7.185907452392463609e-04
9.613445027737711193e-04
3.082586325575453323e-03
5.921859306214104007e-04
4.676845326420722704e-04
1.436206670735451323e-03
2.050768372505108912e-03
5.792042159755991055e-04
1.451644238344038064e-03
5.336970149989260070e-04
1.822205031831166961e-03
7.424210138744981747e-04
2.752177470374148017e-04
1.054360990770645493e-03
6.979858129023122290e-04
4.992475643078494443e-04
4.011272277596086280e-04
6.145592502456677028e-04
8.876703689907553940e-04
3.471796360956353432e-04
9.373329883565447492e-04
5.406099202652863388e-04
1.675392758090023639e-03
5.936554377053073362e-04
9.037913349081611340e-04
4.887736084904147028e-04
3.915922472009190913e-04
1.093812937254153191e-03
8.891034208853203311e-04
4.542987042943566305e-03
1.427038125065071411e-03
4.676719741889548898e-04
1.460473810626723842e-03
5.911429567003991447e-04
5.940903374860685227e-04
8.762178380640799286e-04
8.892724107074677972e-04
4.285234272992127129e-04
1.545523295496647152e-03
3.660643495977814799e-04
5.035209981526484564e-04
3.885510619018060557e-04
7.183705451430729035e-04
1.051091288296399865e-03
7.302654143807348194e-04
4.745179788862173478e-04
6.229073593307699096e-04
8.211986346786120548e-04
9.339441335033853500e-04
5.738731646671015952e-04
6.872547438294099482e-04
7.169439747166289666e-04
3.054753521384681093e-04
1.110407224859937198e-03
8.495974765616019254e-04
1.194288348141831933e-03
1.450445810759958378e-03
3.229171455578389981e-03
9.037256658622127778e-04
8.399927181283320995e-04
4.248971391968795353e-04
7.543041752062886254e-04
5.376350282884224518e-04
9.859259524859795374e-04
6.604197246089755580e-04
1.132198103872240078e-03
6.512834642270991497e-04
1.708258088984143446e-03
2.237819117996879461e-03
3.933872034036666105e-04
4.958538544544630056e-03
5.350188853847408438e-04
3.602243807984024937e-04
9.219811986492500383e-04
1.199443037278126239e-03
2.996720796242882418e-04
3.635607266648084807e-04
1.215118380372388809e-03
6.363152886360588832e-04
1.145527734655506702e-03
1.033900068246625939e-03
9.124658502747770182e-04
4.806396786533898230e-04
1.187628833849948976e-03
1.645094428924475521e-03
6.212153276059927294e-04
5.467340983547654132e-04
8.434621354251769414e-04
1.204517919789395474e-03
1.302364571977638295e-03
9.303500568756797656e-04
7.740527988421294983e-04
1.025148881964468720e-03
3.720873054577666147e-04
8.740897242265324631e-04
1.305169443239972624e-03
9.713467028255735576e-04
2.740008658625875566e-03
5.485682999410255046e-04
3.328492591394110176e-04
6.923032424140068523e-04
6.328553213680854477e-04
4.970238370601191098e-04
8.718556126993549493e-04
1.107732928615622493e-03
1.149621190295374920e-03
7.224971560582743807e-04
1.246801027111855368e-03
5.441735944830812608e-04
1.716317901084005995e-03
5.251765367979235226e-04
3.962277709056514184e-03
6.509167066401600962e-04
7.123395994653848682e-04
1.066554674476611654e-03
7.773752559833489555e-04
3.808913483817055463e-04
9.919564500623430803e-04
2.306218318982650693e-03
9.390814458656489023e-04
2.294304936604735223e-03
6.422793465852807060e-04
8.284183135751650023e-04
1.292528803303199386e-03
3.618544363378406914e-04
7.208125630209741719e-04
4.476886093758937805e-04
2.551417589916278421e-03
7.402975070751995415e-04
1.730743972762044175e-03
1.170480343108362470e-03
9.742780904385039877e-04
1.036597032531812309e-03
9.900983867701617074e-04
3.716835901610214912e-04
2.313767447231823617e-03
5.726804528571412169e-04
6.611968526497373445e-04
2.246272072590455894e-03
8.886687173123436478e-04
1.025012030750154434e-03
7.499596763698235594e-04
9.821267420205604965e-04
1.277941588446114421e-03
1.084038070784080479e-03
8.418094058156396680e-04
4.155393870196200535e-04
5.336339535082816003e-04
7.449075865976655716e-04
7.661936878655894404e-04
2.052827860213999114e-03
5.137792399079992543e-03
1.634447869551991853e-03
1.121719612537309908e-03
1.226860917084600724e-03
6.544022164497141636e-04
4.762057821800708200e-04
4.258176680165656671e-04
9.699779230354359672e-04
4.933087878660667941e-04
1.478029687048368996e-03
1.823054365373001553e-03
9.646333650253001392e-04
3.116309179658163396e-04
7.480736360214395404e-04
1.032233979483033331e-03
3.091648941333416498e-04
2.835912402526249206e-03
4.836404834289128110e-04
5.185396690835831785e-04
5.732513277948578711e-04
1.228620958963397335e-03
4.704450710597674989e-04
6.772480154727490362e-04
1.959341727598976589e-03
1.415109128401781944e-03
6.815458402945937617e-04
3.568982194605809172e-04
4.836404834289128110e-04
9.123611090233327758e-04
7.956457056066681358e-04
2.740479289747163529e-04
2.932375069734528134e-04
7.795053810220896372e-04
4.886257480098501506e-04
9.476819471547062506e-04
4.042302103572137958e-04
1.089817560009519962e-03
1.709597973598877716e-03
3.805030242380888299e-04
2.089607081667838127e-03
7.212151605652205016e-04
8.642675229704976881e-04
5.655777908703955902e-04
4.048901442741960864e-04
8.711500099695792046e-04
4.768378515397436409e-04
1.110665315908800034e-03
4.051172279739241773e-03
4.209739257283786609e-04
1.758897206213145886e-03
3.225724485397410760e-04
4.577164664734925301e-04
7.861910766533090206e-04
1.775382307856189588e-03
1.444749785561946819e-03
8.051420040017218159e-04
6.900726394048303141e-04
5.108875596970804739e-04
7.156050784517233249e-04
1.118298164582871195e-03
6.042227620485595254e-04
7.110342458430079886e-04
4.845745417199530066e-04
4.745179788862173478e-04
1.129425147931923312e-03
6.879510154057152374e-04
8.872200943911235857e-04
4.964392359733787443e-04
6.017127299169186972e-04
1.157154757603539230e-03
7.241985381822979963e-04
5.775377957824276431e-03
5.265806755896716793e-04
5.240219819211579385e-04
5.081363560569718447e-04
7.405244271007102672e-04
1.556432286664264329e-03
5.248309199431348002e-04
5.760190870848553744e-04
9.878631960357805563e-04
2.344254913543684265e-04
4.297399418762103259e-04
1.073536052910881123e-03
2.465290954741256729e-04
9.974113736916641153e-04
4.606311396707067781e-04
2.498912430825646260e-04
6.167965359547336861e-04
6.485381621275690097e-04
1.332424880753781560e-03
2.616198753688743061e-03
4.715695079477741987e-04
8.381059830794103166e-04
7.118962175423848788e-04
1.346632279258761248e-03
4.238244130982837159e-04
8.283866674495961009e-04
1.299955797543301574e-03
8.797976976777845560e-04
7.434024746787321882e-04
4.655056359043869369e-04
1.416565392951803963e-03
1.036648069182222057e-03
5.585425608375334033e-04
1.081373413967365651e-03
1.262776938998825486e-03
1.129130219164536236e-03
4.070812195798939820e-04
1.247012460866667128e-03
4.300951947985638571e-04
4.717201292108580131e-04
5.627968783309059012e-04
2.160208898967745997e-03
5.462717575679882417e-04
4.024116227963616082e-04
9.101213415764673699e-04
1.319584175118504715e-03
1.498799529336363465e-03
6.048614121398527849e-04
6.152045125487786478e-04
6.349046391995921733e-04
3.054753521384681093e-04
2.602299460191677925e-04
3.916861523658847510e-04
5.107701495555898264e-04
8.704901460317861868e-04
6.065043310995134806e-04
3.431354226613981769e-04
1.916797307615231930e-03
2.831404621056498911e-04
7.449075865976655716e-04
4.381168076825775622e-04
5.572699253892935073e-04
1.992181361058677734e-03
6.806357307507758265e-04
4.584707115076816497e-03
1.242249563554883706e-03
6.928922359160915321e-04
3.356170574984158818e-04
6.064572418323540800e-04
4.070316118404127795e-04
5.258509128998601050e-04
7.739564930960440457e-04
2.570267552628425003e-03
9.114760858000111243e-04
8.717459192412398182e-04
1.077174338797514319e-03
