1.455795961702669502e-03
1.202263342427433053e-03
1.945528995124722613e-03
7.166863738582548082e-04
3.904747952960472548e-04
6.595039811788580824e-04
1.245340338644552233e-03
2.132748559305067387e-03
1.159505250176642334e-03
7.989092833630211891e-04
5.456140375144629285e-04
1.097695104438871708e-03
3.705573661635658137e-04
4.052225107747706818e-04
6.817798729150457808e-04
6.180155126964496102e-04
8.530000765671983537e-04
7.865384641161482200e-04
5.631025571187037128e-04
8.950916184045472823e-04
1.314106446531326019e-03
4.680029827407278481e-04
2.085752811666348461e-03
1.085332411396499816e-03
3.826808211675909992e-04
6.102243091869037584e-04
8.310698471369438534e-04
1.717268048023572408e-03
1.906021561497034996e-03
5.704391304458476504e-04
2.192386792623645698e-03
1.538106513396341737e-03
9.846380448453536955e-04
8.492263594502628661e-04
1.457865312862273660e-03
2.760582634105850433e-03
5.605425151136481619e-04
1.210285325686376052e-03
1.301868821804797252e-03
9.073407847146351462e-04
6.095522574930954977e-04
9.668781707881503405e-04
1.227340894565834978e-03
1.061943459537636114e-03
9.551049137733874910e-04
5.001084072819286450e-04
4.988997509328058685e-04
4.149219514645710919e-04
7.733409505865576758e-04
1.089378028210838617e-03
4.027270298697469431e-04
9.251875804366402160e-04
1.736552640049768108e-03
4.628382430831186594e-04
4.032901009384419542e-04
1.119852829675951813e-03
1.889238712962287847e-03
4.786906480895547185e-04
9.457598081905725261e-04
9.139555533174809586e-04
9.821301752662360985e-04
5.376216217270953250e-04
6.786408201677839426e-04
6.389050909694808048e-04
1.441750242282055202e-03
1.275700791044801982e-03
2.352632252409165518e-03
1.649894097230003402e-03
7.126463849835797853e-04
7.077624085995219650e-04
2.812523133259242983e-03
8.361441736467012213e-04
2.026025479308361105e-03
4.849638192590256759e-04
6.989040725956679502e-04
1.018884915532711558e-03
3.535761704283899107e-03
7.877817391675984247e-04
4.882816251696004643e-04
1.141147857267353367e-03
8.046043887194847654e-04
5.583214778527230719e-04
5.417143822779995092e-04
4.278254356597527980e-04
1.455934863883009489e-03
8.531361085314444637e-04
1.628257512742934624e-03
1.364471608728532988e-03
5.770508107842221629e-04
4.627861106584520981e-04
5.101135101933394799e-04
1.533495023188323611e-03
7.754684551388652588e-04
6.421298460050624095e-04
3.988695096752829816e-04
1.109949970754181081e-03
5.706382702812634556e-04
2.111707246341141490e-03
7.651134674804513673e-04
1.083350167601494817e-03
4.876634345333072276e-04
1.245009487901193234e-03
7.594668982364566594e-04
1.077160864932002722e-03
1.343231097888505530e-03
3.427444110988694882e-04
3.965077205448333704e-04
6.037982939202512101e-04
2.997229944978353614e-04
2.171825077316976663e-03
6.098639340246242305e-04
1.614302857866740720e-03
7.634548568299430417e-04
8.194748617132341286e-04
4.778110996004029812e-04
2.179260042701142239e-03
6.269257069081918873e-04
6.342531476112043881e-04
1.146892222244643312e-03
1.101800278265680031e-03
1.477286352296786976e-03
1.127855251079857082e-03
8.929846615369009836e-04
1.238818030561712269e-03
7.607704157821578578e-04
9.728679540483812930e-04
5.395224624488959789e-04
1.071931644346423582e-03
9.131062924717105959e-04
7.609190898884991882e-04
4.004175474868854967e-04
3.409506809165250511e-03
1.023977648198864509e-03
7.181359836025717411e-04
7.742164233027083037e-04
9.755997356118346377e-04
8.829375878284345626e-04
6.270153947491677879e-04
4.162410037486586928e-04
6.844368979264019246e-04
7.359225936656828759e-04
5.199685313258808547e-04
9.048755342401594614e-04
5.669180885042032292e-04
1.008245869046369867e-03
8.273570816237511881e-04
8.116691448728989393e-04
6.827093390042831807e-04
9.805919421547353628e-04
6.351155244437933041e-04
4.392879311646648082e-04
1.986402524680114419e-03
1.167978503691972751e-03
1.237685780590901683e-03
1.374521493037752194e-03
2.971642507156864281e-04
3.318637503702927065e-04
1.940073932311171681e-03
1.080913272571574872e-03
8.109412850233446886e-04
1.316995402992932268e-03
2.466807287868043319e-03
2.673054751780602192e-04
7.636096479290364327e-04
3.305202617990606745e-04
1.077275950107914803e-03
6.624107304865184918e-04
8.924203887731520148e-04
3.645004509643885770e-04
1.014423292249681027e-03
4.407732167546647706e-04
7.992625797827373558e-04
5.852522143827936082e-04
3.962718769704694026e-04
6.830648874348899417e-04
1.121438009197191178e-03
4.665450633505230827e-04
8.263754196197298750e-04
1.535050767542139481e-03
3.734761233086760683e-04
1.979633730019858540e-03
1.177675375597375456e-03
7.951425278514736694e-04
1.368581022607525451e-03
1.250413263794895348e-03
3.660175332894116023e-04
6.004259286539785027e-04
6.999049117717611726e-04
7.768184456666856049e-04
1.139054850379878298e-03
1.298020712844483735e-03
6.595077928994147855e-04
8.189598888575275832e-04
7.818889656298094086e-04
8.016657192234395019e-04
1.873590496430885613e-03
6.438231859466195034e-04
8.115247609781069084e-04
6.028392989860382719e-04
1.215681497563899293e-03
5.715842870618359798e-04
1.409951828351636632e-03
7.287791657285224139e-04
8.283201548896471263e-04
6.739017008862329197e-04
1.598785386262138947e-03
7.907574114574181636e-04
7.586670212064162673e-04
1.270878892252954272e-03
1.249984484499928449e-03
6.072214748139691948e-04
6.410331137402511042e-04
6.325224384091859614e-04
1.316533732586122564e-03
8.396112736175404987e-04
6.524608149092804609e-04
3.363503863818937713e-03
5.559359606475649911e-04
7.568509543589879880e-04
6.641621945583691322e-04
5.556339609857313504e-04
4.517247240956210014e-04
1.028779991927263049e-03
7.806952932407772335e-04
4.884139363912310891e-04
3.332751427398733166e-04
2.820772639492599536e-03
1.493562894054042533e-03
9.419613290862928869e-04
4.465542872362465547e-04
8.343240753061746022e-04
1.002474732056267762e-03
7.506679619501075698e-04
9.772939238408789690e-04
1.047491705658828900e-03
6.317265477353616130e-04
2.090443006670213415e-03
5.818255159784728459e-04
1.463011882090080838e-03
1.138230382958145071e-03
1.265264126812322247e-03
8.171899535023960295e-04
8.920068250291143461e-04
6.148515837668093323e-04
5.495357896523091201e-04
2.184731553328282585e-03
1.247495756476641685e-03
9.826788761919556456e-04
4.554737508083279117e-04
7.472226504080252581e-04
8.118103615113173499e-04
8.523720314338486918e-04
1.186429876281743477e-03
8.884125560060451236e-04
5.469419673565703967e-04
6.862425890801440330e-04
6.825102180870578489e-04
6.460163759752036777e-04
1.317491520335818114e-03
8.980156292624734546e-04
3.627433480635581468e-03
1.670925495237730353e-03
1.533495023188323611e-03
3.697460541973803146e-04
7.682295025607365629e-04
8.065471505014360897e-04
5.645948784691768186e-04
3.893412621157840182e-04
6.522603009823273786e-04
5.452169360280137303e-04
3.570756479986790348e-03
2.752334086594109865e-03
3.905987388638763620e-04
8.074956044381894748e-04
6.719294296664055739e-04
1.012808375320288978e-03
3.346336960493362573e-04
8.805700143129199971e-04
1.197107029830147672e-03
1.663844955578363009e-03
2.613436670305571696e-03
6.426808300430336207e-04
3.885870696334711065e-04
4.749167595176902548e-04
1.003113252852460896e-03
9.185987319074262296e-04
5.141887211124207026e-04
1.061244103516302767e-03
5.896316796541082412e-04
5.991643906338091656e-04
1.254525743054909093e-03
6.963693530617034218e-04
4.632814607333795957e-03
5.864577261130345803e-04
8.721196742164389476e-04
6.256024065320926622e-04
5.511108222965876470e-04
7.882372632067667206e-04
5.308153940047393360e-04
3.563688835332975285e-03
2.030423912613971756e-03
8.440354992365099122e-04
6.087276435275644493e-04
7.234411353395080613e-04
6.004259286539785027e-04
6.134693992862547260e-04
6.952387752966322733e-04
1.681547631031861997e-03
8.950916184045472823e-04
4.453639286432847723e-04
1.029074059877868120e-03
4.828806411024708458e-04
5.043264793548291958e-04
7.055702897215354813e-04
1.056401347912166305e-03
3.427477344249038843e-04
9.177332219808959080e-04
1.070559387906981933e-03
6.538616955639178167e-04
7.694196684168296170e-04
8.378965064634769262e-04
1.464621483318537688e-03
9.134819081401451737e-04
9.946543214203096197e-04
5.942727492975829291e-04
1.800934076241511497e-03
7.948234195283673982e-04
9.585240909547905605e-04
4.957947287012750247e-04
8.619059285838444155e-04
5.751495500975937298e-04
9.668781707881503405e-04
7.241925819126654278e-04
7.894778536474303214e-04
1.984253774091680137e-03
2.131287246663136903e-03
6.292485860192738008e-04
4.083398006130609494e-04
6.718840269898651834e-04
8.516227023922494106e-04
2.986159081531112106e-04
8.506036102206645947e-04
5.526037535687592945e-04
3.544354652887871581e-04
1.748888788131733362e-03
9.449310358824587709e-04
4.596929880215859217e-04
5.078164672920452462e-04
2.273902115895078645e-03
4.608886848842345127e-04
1.373832684161968793e-03
7.153978160024818339e-04
1.287793314093948734e-03
3.325662249960343502e-04
5.477786619506056160e-04
7.763818632419179763e-04
8.469427216721973125e-04
8.927476790192681632e-04
2.536891019553953286e-04
3.038613278786590072e-04
4.064234581236676313e-04
5.764664954929746461e-04
1.706414254001284046e-03
5.423189461141135611e-04
7.029768103957424958e-04
2.017633365856833991e-03
4.200024651362476011e-04
1.940554547585428107e-03
7.620356558034894123e-04
1.064665755663336171e-03
4.895429284141062645e-04
6.897384820601713644e-04
6.418250269578956073e-04
7.164350299880029331e-04
6.885060413285191364e-04
4.833696292752277779e-04
4.108700505626264885e-04
1.065497749623407937e-03
1.966546372548936585e-03
6.999788657698421826e-04
7.016605925791465602e-04
5.672501091119790465e-04
1.757021337636941946e-03
1.137154401443495446e-03
1.211263111473757492e-03
1.192883139270502083e-03
9.371338834344489005e-04
6.355146236666418770e-04
1.024943245456135183e-03
8.722142681828699623e-04
5.751495500975937298e-04
1.625258234917213588e-03
8.773655109236394014e-04
6.204873053083164672e-04
2.886649647728850836e-03
9.849469808714070990e-04
1.538847198210170587e-03
9.651464180483185695e-04
8.103871573362195517e-04
7.136979282600928228e-04
1.822940067240352282e-03
1.434297496993353549e-03
1.060984530992162191e-03
8.031047756447244612e-04
1.908759569953211253e-03
3.346336960493362573e-04
9.124043171841105882e-04
1.256408135059770316e-03
8.415195385319377847e-04
3.382986517789310279e-03
1.066274685326061610e-03
1.032330377830837070e-03
6.740495554633351826e-04
1.209387817312607702e-03
6.050295596242635798e-04
1.894039281974765291e-03
7.344738659223572826e-04
1.463927857887481173e-03
5.194346543641105733e-04
1.551428774296542776e-03
8.046043887194847654e-04
7.789282163909040223e-04
7.371429003117581803e-04
9.057051557012632190e-04
1.530726590738111905e-03
6.389612207655951054e-04
6.365746932712553928e-04
5.892769166470098298e-04
4.706620171181928234e-04
1.086555244360574426e-03
4.467070818517336877e-04
5.795918327204315238e-04
7.143640895454745439e-04
3.718780979787254023e-03
4.710020790297189544e-04
5.895137611611767905e-04
5.298909150489819909e-04
7.916736134488593177e-04
1.281948832937474404e-03
7.030426706562670344e-04
7.398314411830503095e-04
1.943291253578626615e-03
4.542030369109167887e-04
7.207514182932744191e-04
1.033602216577705858e-03
2.539495738608893785e-03
8.320447503274380849e-04
4.778342894403480516e-04
8.930068089577855323e-04
1.066353620762341189e-03
3.917904811252607132e-04
5.630070702933132965e-04
1.882772841308764629e-03
9.541931558041351000e-04
1.908365696395870632e-03
5.139348259186952679e-04
7.076659615304154100e-04
3.630795034122632483e-04
5.802331774188870762e-04
1.457392247019240411e-03
4.819034349357926737e-04
1.734017946419739694e-03
3.135562625725413048e-03
2.100702462838906822e-03
6.656916733364612879e-04
4.969818069322841933e-04
1.405860469151286275e-03
8.664540158995981617e-04
5.733477431032935100e-04
1.260811317725657335e-03
7.714579501365467209e-04
7.515542621148245091e-04
1.321597504699429477e-03
1.752379872616524267e-03
1.945528995124722613e-03
7.468815246900767802e-04
6.492323500729349625e-04
1.186116875971612384e-03
5.186896251111023336e-04
6.046792586811613459e-04
2.061535068916627370e-03
1.206069885746095111e-03
8.989911244117851537e-04
4.922203209131979524e-04
8.169946281184298047e-04
2.600702771837141818e-03
1.146011237024001719e-03
1.229332262934981811e-03
7.956373565070394647e-04
3.409506809165250511e-03
6.987249506262867412e-04
2.398491406576746220e-03
6.152684514439924097e-04
2.470251533104524631e-03
7.647050259255169053e-04
1.588219265146327509e-03
7.633287058279149620e-04
1.249801409268334537e-03
1.576975971706698386e-03
3.006015905749370807e-03
6.269037807272606708e-04
1.236771678489731203e-03
5.542777272458734861e-04
6.153109546428195365e-04
5.867170395398895377e-04
6.740495554633351826e-04
3.409506809165250511e-03
1.946974802699307384e-03
1.553821971407231932e-03
3.630543073512697847e-04
2.293603086410633493e-04
1.353980104580444202e-03
4.135594819139880741e-04
3.721637822963664959e-03
8.383848525097150175e-04
1.318775826434862280e-03
4.128804844082855285e-04
3.599177048719485864e-04
1.410576362244851060e-03
1.390791178287556539e-03
9.678101397186147621e-04
1.395655967363783898e-03
3.815587828949378382e-04
1.180635704636156472e-03
1.368475043590467030e-03
2.798220303198608715e-03
5.709195296437125956e-04
1.532514933064234178e-03
6.324105167424486605e-04
7.942955093719145316e-04
7.391673974357113952e-04
6.334624409321809591e-04
6.532402582635376447e-04
1.096233060737668210e-03
4.552225076806306345e-04
9.568213315577937588e-04
1.390791178287556539e-03
3.258415934768591708e-03
3.919972564650487366e-04
7.310341763287633117e-04
8.547170586392622378e-04
8.333101093444396194e-04
1.081189767155613969e-03
5.600406998745145011e-04
6.146045818033684348e-04
1.426137532342274710e-03
7.571324824179380495e-04
1.427176171748001940e-03
5.505684303952642191e-04
1.761567386058932776e-03
1.466175263844523603e-03
5.233259393375934345e-04
1.797078898834248263e-03
4.192123881061859394e-04
1.536113645423817448e-03
8.145342633090326767e-04
9.699910002248744983e-04
7.976126338002038950e-04
4.356359230113418090e-04
5.432528912993262642e-04
1.351098547449756547e-03
1.659481599562945059e-03
9.197355949882477736e-04
4.761289205306511955e-04
1.974894524067385016e-03
8.594365692356984972e-04
8.389573724923683144e-04
6.641500772256937919e-04
9.971339521060319094e-04
6.767716439040356163e-04
2.031821130103046019e-03
7.333117442007874203e-04
1.139501723808870274e-03
1.482216039689070999e-03
1.072797724496662650e-03
4.539141212060665369e-04
7.147877118542583048e-04
7.224516813570577281e-04
1.507596598734304476e-03
1.164145371506366796e-03
5.695951300416892196e-04
2.699687370990865292e-03
1.320838411698818876e-03
8.833216272289603479e-04
8.356344776021066558e-04
8.283429447059948878e-04
1.655065752780917297e-03
7.306664133534468896e-04
5.935821041308399605e-04
1.255885229819423462e-03
4.876634345333072276e-04
5.286896598353048229e-04
5.212675588920348199e-04
9.731963508077820860e-04
2.131287246663136903e-03
7.065986827339196513e-04
1.227567229412878172e-03
1.126101463708358398e-03
4.204755339597762037e-04
1.611632392733722057e-03
9.783674808720450432e-04
3.592212405639782515e-04
6.432503054802660245e-04
4.198060879806979752e-04
8.031047756447244612e-04
9.204733897351031254e-04
6.743177151519143741e-04
1.176439504962464898e-03
2.147874685955423676e-03
7.537643585891228883e-04
7.750729022860427782e-04
9.876400772286476545e-04
6.530730038985424046e-04
7.431178289299855862e-04
3.988695096752829816e-04
3.650605016837245916e-03
1.129258325542210548e-03
1.969114167690521298e-03
2.111707246341141490e-03
1.003113252852460896e-03
1.625258234917213588e-03
1.082659448201861831e-03
6.003103404618062664e-04
4.226513402673795559e-04
6.266601226819105497e-04
1.430809050434392023e-03
9.701151402056376995e-04
2.356525524442446007e-03
5.645948784691768186e-04
5.807912457270158731e-04
8.703592501389209894e-04
5.627119349531014029e-04
1.969546878938292344e-03
6.006494108490217703e-04
1.070091547394213518e-03
4.539631972863173402e-03
9.789505683525513528e-04
1.026848379356198058e-03
9.045375517778721621e-04
1.539299090266746384e-03
8.011558054730258524e-04
3.330514480219733142e-04
1.031350730274220324e-03
4.818974177320675895e-04
4.392556261215167161e-04
4.348432316650973403e-04
4.202733820453310597e-04
7.123962613270830345e-04
4.208042002769395553e-04
1.829124569284466036e-03
6.280334075469555565e-04
1.225831889239822545e-03
5.643055496438851735e-04
6.126220680385996605e-04
4.322430141989563705e-04
5.809468845392190420e-04
1.332781992639875575e-03
5.259683437359890298e-04
3.259539837273458672e-04
4.917514123961004655e-04
1.035371628235023239e-03
7.078340129770089662e-04
9.783674808720450432e-04
1.009464660314771242e-03
7.292327984286862443e-04
7.701412418358267661e-04
7.839251208339242331e-04
3.049087616858205379e-03
8.700093276125836928e-04
6.837579367513813315e-04
9.154267617858362349e-04
5.461107951573349831e-04
9.182458643032385048e-04
2.113678472726161512e-03
1.018148301786880178e-03
1.209480210155294399e-03
5.136314118322243176e-04
9.980575103272122401e-04
4.468858288919291626e-04
5.988354779580070840e-04
1.070432393051395318e-03
4.303778544140664784e-04
8.706417011965153626e-04
6.101714725725359634e-04
9.473496085737958487e-04
9.337191194534353797e-04
9.964060242684024196e-04
7.091665689153988468e-04
5.634998598754443599e-04
5.030773676165837616e-04
1.237685780590901683e-03
1.117638758622675971e-03
6.503504789423854857e-04
7.921557937813967403e-04
1.500952733836639951e-03
4.196191530651997110e-04
5.148134278402622744e-04
7.142593015153137674e-04
7.187872491949548470e-04
1.219316764390765331e-03
9.661634468456487251e-04
9.938653183318151441e-04
5.460983295929377557e-04
1.206460765686882299e-03
2.399430860956351923e-03
6.653780450041597936e-04
4.615181443670985251e-04
4.830668375461070530e-04
1.127425107587391295e-03
1.527072241749666054e-03
1.011883920987450029e-03
6.217931187572774913e-04
6.583987205261164532e-04
2.923418741963374531e-03
6.929169292936590780e-04
5.887366765378009015e-04
3.913353489621370523e-04
9.980575103272122401e-04
7.736976071617863993e-04
5.734361963025857078e-04
6.709927193227608905e-04
7.636096479290364327e-04
4.123836198025189860e-04
3.314982595551519513e-04
9.883320894589055303e-04
6.421298460050624095e-04
6.180926720535800944e-04
1.149788735550685143e-03
2.332847665522721874e-03
9.055490544921727773e-04
1.280620857968678850e-03
5.217879603378965635e-04
4.830011398992536866e-04
8.508927287278696171e-04
3.763195799363039623e-04
5.312358950018704860e-04
1.734017946419739694e-03
7.221915941747761780e-04
1.310765046612742289e-03
2.165437222588636416e-03
1.022970995031088123e-03
4.879347591907812936e-04
1.362263058634496406e-03
5.526818961510826652e-04
6.333572553661266560e-04
1.847031714837981840e-03
1.159838295267422333e-03
5.720025015500412478e-04
1.100195610193049510e-03
8.869116261293446537e-04
1.084746514195492973e-03
1.273297717740545223e-03
6.319396535051510170e-04
5.869435013568922348e-04
1.406542386260905848e-03
6.397368906494607741e-04
5.925101600886954235e-04
6.816633847530807365e-04
2.145418282461603651e-03
6.456150162608779433e-04
7.288814020099078014e-04
1.126101463708358398e-03
5.748033356222829278e-04
9.158753794111329592e-04
3.628862890310466361e-04
6.120800940294908801e-04
9.870886919174884800e-04
8.675560327622044206e-04
1.214502751429653426e-03
5.075896686616628451e-04
1.009939401828055918e-03
1.223747319000767931e-03
8.532628279203321488e-04
1.072051212289557758e-03
7.573419827563704484e-04
1.210259465189538136e-03
7.847065695889061292e-04
9.210712715584075741e-04
1.221530462917629761e-03
6.384787124973626991e-04
1.657314475844681809e-03
7.921557937813967403e-04
6.287070601056137875e-04
4.886100565056735118e-04
3.315748056443001946e-04
7.379355920235945374e-04
6.205481803277011852e-04
1.125193122385636157e-03
2.670056010715558727e-04
8.458992460792845534e-04
9.476246934577722087e-04
5.311227258536000730e-04
6.101612884678457409e-03
1.162087743088197544e-03
5.085915919803711592e-04
1.823127172579942432e-03
5.273687828778192768e-04
1.482548300168072021e-03
6.189371893004203505e-04
4.097495780018049435e-04
4.278254356597527980e-04
7.179210750510429083e-04
5.511477788854484208e-04
1.728322437499165169e-03
1.532514933064234178e-03
1.098669624695669360e-03
4.625274908383017643e-04
5.567024283830812430e-04
6.001489505584342663e-04
6.445424101218875240e-04
1.219273029570270596e-03
3.779825535551224356e-04
4.715865545306065134e-04
1.536661706265012766e-03
8.889340271744401853e-04
4.615733182928435864e-04
8.263812090388029247e-04
1.461719295152342016e-03
1.558101705672674695e-03
9.658577522041057305e-04
5.652237702606598396e-04
1.007423885450857079e-03
2.132124541876704964e-03
9.013886535189203318e-04
8.851925888883253966e-04
1.038359492337346222e-03
1.048147530841381627e-03
7.046872145988348612e-04
2.854862506942966449e-03
7.787823509275876603e-04
1.479550847459121807e-03
1.031112894618549424e-03
7.815353112515625866e-04
8.905019132589836591e-04
9.342265981094827546e-04
5.581432056195608600e-04
5.154906946673042155e-04
1.242105042354435789e-03
2.499613581924747460e-03
6.660673290572691760e-04
1.379060165796302346e-03
7.951425278514736694e-04
7.549324251536430191e-04
6.191769248199378980e-04
3.561001370597478106e-04
7.552179596190681035e-04
6.596461097399847380e-04
1.058894068135544627e-03
4.252248825856923785e-03
1.568641263785657122e-03
4.249298559234154196e-04
5.311505531821710587e-04
1.017115100265817643e-03
4.508345392893843085e-04
5.114362163827375612e-04
1.235873730860356573e-03
9.472987809506718156e-04
6.584782148399303441e-04
1.886250849314246225e-03
1.082679050339572157e-03
2.466807287868043319e-03
9.743964462031246736e-04
1.488472936660001746e-03
1.287793314093948734e-03
5.013907439353833435e-04
5.100400824234688907e-04
1.430809050434392023e-03
1.374612471370408083e-03
6.837950038607315669e-04
8.786271236716635021e-04
7.665020481676324948e-04
8.117493791347545800e-04
1.050186078205364538e-03
5.176055045631716006e-04
9.850295450250881081e-04
1.189520996407987486e-03
5.801090755286863717e-04
5.253223957760415471e-04
6.745777385587218731e-04
4.412411086419869939e-04
9.661634468456487251e-04
4.705759803460458652e-04
1.026841227249856428e-03
9.279056648284893802e-04
8.016612085013969822e-04
1.516807877196544143e-03
3.682914537834353899e-04
4.810505440526928814e-04
6.742082544219583614e-04
1.137729319133776347e-03
4.675934316462617367e-04
8.098530285260296556e-04
1.227534958341274787e-03
6.287070601056137875e-04
8.263754196197298750e-04
7.150102680817069798e-04
8.264191350862138113e-04
2.125103349171304865e-03
7.678850879926559653e-04
1.506292180115922832e-03
1.277996623384139224e-03
9.251875804366402160e-04
6.153109546428195365e-04
5.434453332586233190e-04
9.988698742109316121e-04
3.360874021917713110e-04
1.353287965071886447e-03
3.951070836810526032e-04
4.079870579366131982e-04
1.125963872483848414e-03
1.338622563100169607e-03
4.908847092558261873e-04
1.220429108384688465e-03
1.093631387381370761e-03
1.687241168758154284e-03
1.338505409834662551e-03
1.245975343564601759e-03
8.727676629047531045e-04
7.518277774722438621e-04
7.575083399741329914e-04
4.869740517483069639e-04
9.927629918204932541e-04
1.563143154957762678e-03
1.353873344091125397e-03
6.015024891762412503e-04
1.306973564072835001e-03
1.117767994855846554e-03
2.711221167336701991e-03
1.379713346374839694e-03
7.409484934979976289e-04
6.601969636532595579e-04
5.016921630379310090e-04
5.088388403458532971e-04
6.494046409137844110e-04
1.119852829675951813e-03
8.237842069280677110e-04
5.754334938981530388e-04
1.052182819855612900e-03
4.122335069794720434e-04
1.021928452641483178e-03
5.138799189458588242e-04
5.014128290965218140e-04
9.402795044922859736e-04
5.384067923144586791e-04
7.558286328172888601e-04
1.403818664245554213e-03
3.342247498709562809e-04
8.242344242859851126e-04
5.588677345275432822e-04
1.140750878397478723e-03
8.807244054989259337e-04
4.711769028937802658e-04
2.291185652601271903e-03
7.943261331166270259e-04
9.644790915703420949e-04
9.449310358824587709e-04
2.837514871046224914e-03
1.678363043388059628e-03
9.084405820439156107e-04
1.066771432571439384e-03
7.245424467649776634e-04
9.883547200874392112e-04
3.346336960493362573e-04
1.334366157647140809e-03
1.354420117994960433e-03
1.463473237240911886e-03
9.042060928791730576e-04
8.828218466081326618e-04
3.902836053945741559e-04
6.308134227574296827e-04
1.655502052235963920e-03
1.035371628235023239e-03
6.595077928994147855e-04
7.248025320493236287e-04
1.028441998096815430e-03
7.832581485104207590e-04
7.167244746943771940e-04
6.907788545081597256e-04
4.430270894057416250e-04
9.497184153505592880e-04
1.444221424246529273e-03
5.815448326361932025e-04
1.209272233234248272e-03
1.069974728109445794e-03
1.048004417317596445e-03
4.680373305049535153e-04
6.910317104968877145e-04
6.289798684336458468e-04
7.538844345292227377e-04
8.876156700980008694e-04
1.167978503691972751e-03
7.044346296846415445e-04
4.663433538031186150e-04
5.051385080992148568e-04
8.171845597257769997e-04
6.846123517217046284e-04
7.493062819583201205e-04
8.146926583652039323e-04
7.450492167691131996e-04
6.091138187111741530e-04
