1.399840074153688683e-03
9.222931335394104601e-04
9.371560469308693169e-04
1.312298039072957046e-03
5.947039363737174162e-04
1.080723180052413747e-03
1.384853315822863430e-03
5.700532620727093982e-04
7.564664267386495347e-03
2.372560993823974625e-03
1.234470660641502323e-03
1.462280298291297959e-03
1.134330166517626094e-03
1.275681639597875611e-03
1.153299016835700576e-03
4.314185233228629446e-04
4.333245070597365519e-04
7.501157432983382271e-04
6.340287839476495485e-04
1.501965515599503701e-03
6.595978910824906120e-04
1.107270571914596886e-03
4.300104696949118548e-04
4.008806937106958179e-04
1.429696125420978989e-03
5.163821421349512868e-04
7.766090912464597602e-04
1.489357772302339665e-03
4.541502152235522578e-04
5.815700040270006333e-04
1.187408150578141358e-03
5.897999238196351655e-04
1.912231629469594201e-03
7.554565244498660749e-04
5.711447655229844045e-03
6.585789460868814128e-04
6.332492233764264134e-04
5.720070485881469883e-04
9.978244215046692955e-04
1.260013435093682585e-03
1.469301875695199194e-03
1.134029500191999522e-03
1.136602232508660557e-03
5.492032052213892054e-04
1.098888672819729522e-03
2.637089650172483248e-04
9.216647548521297948e-04
1.724050137793795446e-03
3.211788130565509393e-04
6.885710891206737495e-04
5.667547428452624500e-04
1.637077522568868623e-03
4.117467448601025773e-04
1.277743353209579227e-03
4.501421576973110156e-03
7.283307146182374297e-04
1.142823717142041123e-03
6.823220372875950668e-04
4.391474473637732253e-04
4.356772885749409440e-04
2.275043848688689235e-03
7.825193566536458190e-04
1.469064145552788098e-03
6.964967458521712645e-04
6.208599882048307633e-04
6.774696881045110756e-04
1.380095448165933637e-03
8.990645110642859258e-04
2.669593096790969173e-04
9.940627003414070299e-04
7.372227622758862351e-04
1.102851491941559499e-03
7.363353870934933980e-04
4.501105430069403412e-04
7.570469479775612928e-04
1.724523417544173657e-03
2.669519497077559316e-04
1.303538478309677808e-03
9.313130469693972494e-04
2.967470322147033814e-04
1.414348049187751696e-03
3.119140056118762478e-04
4.525344155668114187e-04
1.353049616270074734e-03
8.327584161103601017e-04
8.013533267000396169e-04
3.315431941608909527e-03
8.117816871285669618e-04
4.902530505501217703e-04
6.332492233764264134e-04
1.138023564270981012e-03
4.121804408196806180e-04
6.636178381568759617e-04
6.604984460203418934e-04
6.795225793222883868e-04
3.928931366963971561e-04
1.821212731675485178e-03
1.238460701365866898e-03
5.603418407709920279e-03
8.169035695924052598e-04
5.268182803604876162e-04
3.901299898460727474e-04
2.038803365083823906e-03
6.069819571790079646e-04
5.221532346857990330e-04
1.005060256387942021e-03
5.321538122318524673e-04
5.761313369472003017e-04
3.703803846564545439e-04
6.206464247047933404e-04
6.976762076854003914e-04
8.321287351228384829e-04
6.914952253884807526e-04
1.105995760145023123e-03
6.787745893956731533e-04
8.271075465135502292e-04
1.640331709847753141e-03
1.060586969379265741e-03
8.335057206184766842e-04
2.844035561766418722e-04
2.152547169349153071e-03
8.584467513813767280e-04
2.141316789009840415e-03
6.878016600076524096e-04
2.540198918942921671e-04
5.559184088573561463e-04
4.953037784342390493e-04
1.449188781665110585e-03
1.235375171950071514e-03
8.397949614903962422e-04
6.897316704071514105e-04
1.689720428881457716e-03
6.294548562047306986e-04
1.133872867589142417e-03
1.187690331248081842e-03
6.962011259324661942e-04
2.897229765874433614e-03
8.198980942852952857e-04
5.571297669487000354e-04
8.066446750475114030e-04
5.472169686714160831e-04
6.570704309814450264e-04
7.285549322588837692e-04
5.492179171319469706e-03
6.149990367207966218e-04
7.113240830016081314e-04
8.339320500514434695e-04
1.257956070808247681e-03
6.829590404251633436e-04
5.524067168794453151e-04
8.110257478362601974e-04
1.073472333078966112e-03
9.809832820735942416e-04
4.608731193787551895e-04
6.156425352009409777e-04
8.953608495783098222e-04
3.142067853508863536e-04
8.673934309303215316e-04
4.806393705888730556e-04
2.231622042199561933e-03
6.945321222500514284e-04
2.696844439323704259e-04
2.718226481725755767e-04
1.724523417544173657e-03
3.495550188862840669e-04
5.656537784904774315e-04
8.082317573058110183e-04
4.247569988024914355e-04
1.505712122854606242e-03
7.998190818937944875e-04
2.627941057349149692e-04
1.003485835622365280e-03
1.653363859842395776e-03
6.699822400936895688e-04
4.728308610584753191e-04
5.657282793273709547e-04
4.018786683184599165e-04
2.858478045838015367e-04
4.005782009945116286e-04
8.153375243673855214e-04
2.549270540810157255e-03
4.562782855670962398e-04
1.400532569983966398e-03
5.096361283081833572e-04
6.028665472851152006e-04
8.360823508198212545e-04
1.994814632123283540e-03
1.744529894120516213e-03
1.654976756015283639e-03
8.762603196504688708e-04
1.034080208582368980e-03
1.258950648087349845e-03
5.257814864461007529e-04
7.501157432983382271e-04
1.135536868047284584e-03
1.550728114613815099e-03
3.179108494442955263e-04
9.936292213551080679e-04
4.099022280593544619e-04
4.510386806172838464e-04
1.033285489056770881e-03
9.875728826105236585e-04
1.116870133899237894e-03
5.354304762646734661e-04
1.283165295839690809e-03
7.899840694980976834e-04
2.037301888399794744e-03
1.422071264276027940e-03
1.144633021763099721e-03
4.298504065821412315e-04
1.471620201896714931e-03
1.206860264035089286e-03
1.116275831171368834e-03
7.251346224133753968e-04
1.435742426436368473e-03
2.400281595888078233e-03
2.596930026265379526e-03
5.610246974666450136e-04
4.557293287426175872e-04
5.665650563483319189e-04
3.983094778646065659e-04
3.474509325074069742e-04
6.255721282351386740e-04
1.444337447856827977e-03
4.250509714958198302e-04
1.818356038966243999e-03
9.308837157894694425e-04
8.604042034625768078e-04
4.731136051553943233e-04
1.675473735432915327e-03
1.116275831171368834e-03
7.337074477444696478e-03
1.450698504963277621e-03
5.009802793769249597e-04
4.591730694745183722e-04
1.629894576125229342e-03
1.066998653248396774e-03
9.969161340348618033e-04
4.654825888908295734e-04
2.732689683934374798e-03
3.370771041634489421e-04
6.422254871321076124e-04
3.529267419887406197e-04
7.441050729868302349e-04
3.942681649577022560e-04
9.473019026227112770e-04
6.211400032131047556e-04
4.216705749292145537e-04
6.500708890038309337e-04
1.579530091910508064e-03
4.816898102160307570e-04
3.383324746105199920e-04
7.892067113892835056e-04
1.121168683531801984e-03
3.515529902489197400e-04
6.298178827546806234e-04
7.016512558370484537e-04
8.402819407761095895e-04
1.752976609138906039e-03
1.431046824590136027e-03
7.320731108158497376e-04
1.050304777463978347e-03
3.747313513158434962e-04
1.939727186317673126e-03
9.694096447753885321e-04
2.406030351951784097e-04
1.491431778507510070e-03
4.918883242128220664e-04
1.375415407174538068e-03
5.243257782912827316e-04
6.168162090024463832e-04
6.830668903043354313e-04
1.164910188439357988e-03
4.387681809679973397e-04
7.849415943920867028e-04
9.566754321121987087e-04
3.296399145297698990e-03
1.943409816794079746e-03
1.205341625639228540e-03
6.373741963098765711e-04
4.570695680303271452e-04
4.063348332002411178e-04
1.032648621948405046e-03
8.011512428115597590e-04
6.194741697571336551e-04
3.650833303365161580e-04
9.987806973518074862e-04
4.875000839578397358e-04
4.802913123830636843e-04
1.870431931112062759e-03
4.510441914968523923e-04
1.057803570297973514e-03
6.170262487476000030e-04
5.932372444831524039e-04
5.859608529091086355e-04
8.112659908322879948e-04
4.092406224164459169e-04
1.349696305234276495e-03
3.896556452889823321e-04
1.171208811297182618e-03
1.948865761735820617e-03
1.007925718466085464e-03
1.874982937737691398e-03
9.251977280213186843e-04
8.313578463617677956e-04
3.271583407204042837e-04
2.618150583734332975e-04
9.238321403340283341e-04
7.262005304432573314e-04
5.519951742794307337e-04
2.329178145038548770e-03
6.190547281313525880e-04
9.677248798658544303e-04
4.696198774191529630e-04
4.876956010030598855e-04
6.964967458521712645e-04
8.284983193512963787e-04
5.989717753699895769e-04
1.849656746601335746e-03
2.967470322147033814e-04
3.840887993632189951e-04
1.992708061756326334e-03
8.314039542977490942e-04
8.186746175282003709e-04
2.371769196190401299e-03
5.030281193451375957e-04
6.089046090458168818e-04
2.276763365656941148e-03
3.913013761685116905e-04
7.454595249724271485e-04
3.948060423419158223e-04
6.628810415778568646e-04
1.673025884903326255e-03
1.503608092575193199e-03
5.127562929953193667e-04
4.098878522258410590e-04
5.712014354729330178e-04
2.580926833700184723e-03
5.208313459250417865e-04
8.513193885724214304e-04
2.029295144116169056e-03
5.491970975210810207e-04
1.454895144073209195e-03
1.272073711551533490e-03
1.064386280866717969e-03
7.168056057661413962e-04
1.252087739374202089e-03
1.050352868031159811e-03
1.116470213009703675e-03
5.015122620706495430e-04
1.074837804535276652e-03
2.549270540810157255e-03
7.473558082464233513e-04
2.113466075115512377e-03
8.212216486284745157e-04
3.412696205083367174e-04
1.434404221428300843e-03
3.482362974342451904e-03
3.169419321144784953e-03
5.073924050201592938e-04
5.480635627772397411e-04
5.584070518591229210e-04
2.930168225423105234e-04
7.596962958663181246e-04
1.282244313198414778e-03
9.116998102781335165e-04
1.089230647196599757e-03
3.224348800385703605e-04
7.538895689737318360e-04
8.150974983878023607e-04
8.297106533938529080e-04
8.810782516625447359e-04
7.502315372801756114e-04
8.920484023852900133e-04
1.442921310272015332e-03
5.990395339717246876e-04
1.148764360769041412e-03
2.932467633135522759e-04
3.297117913067163343e-04
1.477626219183637499e-03
8.267415277787851713e-04
1.758833744093848180e-03
6.382461829638308003e-04
5.496568264696040547e-04
6.903741276446850785e-04
2.265980035804419880e-04
2.800555779323428418e-03
3.775149878403536428e-04
6.503400403445677583e-04
2.394375012015831708e-03
4.118895526206037641e-04
1.046527527765389771e-03
2.877064032093690367e-04
1.160591686561160451e-03
4.794640811552635827e-04
6.013295589818724559e-04
2.443769488474628734e-04
5.513650112101226236e-04
5.782670858944365675e-04
1.420963597339816847e-03
5.874590436952364762e-04
9.919971771744882927e-04
5.502647897957590279e-04
1.110761579236625935e-03
5.598888876406128440e-04
4.880677470368724805e-04
3.934303382722205704e-04
7.904515002513708838e-04
6.555523839338246207e-04
6.592291623977727466e-04
7.859090926553977856e-04
1.848982886047763471e-03
5.261015808543355061e-04
4.646419566241932839e-04
4.768433851062712689e-04
7.352870903880412857e-04
6.747603081690203017e-04
3.223681025117150056e-04
1.173684792279869890e-03
5.043531898109723062e-04
8.152543344619235001e-04
8.006829004617570678e-04
1.153299016835700576e-03
5.314075782818793213e-04
5.711964982805446981e-04
9.276267133674451649e-04
4.957448098294379947e-04
1.074553974217162680e-03
6.170639592903011091e-04
1.085542665052503840e-03
8.464748000907896825e-04
4.239593912234876447e-04
6.418982008226678613e-04
7.992350968871012344e-04
6.029278490320915491e-04
1.187634210836663578e-03
3.911972511856305927e-04
1.058601312999020742e-03
7.562830636110491091e-04
8.517719422852457895e-04
3.675930146518489611e-03
6.728888384011445832e-04
4.493069896199690990e-04
1.176313880486636087e-03
8.852296563229115640e-04
4.706241453146530504e-04
5.727933949659468190e-04
3.238812863964350350e-04
5.168473042266292063e-04
4.828477708647921991e-04
2.533263219707373505e-04
8.167988821582583157e-04
5.932032900536705813e-04
1.031505445296310945e-03
1.549441003540458651e-03
1.685044621984255891e-03
1.076125535667459433e-03
1.178452192927193507e-03
4.133572176778063287e-04
1.864357275299016086e-03
6.422490829546241911e-04
7.407762960780049514e-04
4.180814309872883357e-04
7.813299501828076385e-04
5.003965618868647927e-04
5.067937421212586084e-04
1.505712122854606242e-03
4.550622121937094363e-04
7.103865563402425630e-04
5.502759589485991566e-04
8.728298067494002360e-04
7.163815433912058220e-04
4.303380824899728590e-04
3.324324190168415874e-04
7.237360719287152600e-04
1.192882871147106418e-03
3.775754189168646874e-04
8.397949614903962422e-04
1.709314199311956885e-03
5.806382554184113219e-04
6.212075177794177880e-04
6.864800501584067795e-04
6.454795943582666146e-04
1.322986256051453431e-03
8.027979202201018924e-04
6.964967458521712645e-04
4.796699346095294214e-04
4.170655281977312051e-04
1.019144819300664894e-03
6.040546182439068346e-04
1.066654431782945115e-03
9.361942763629418646e-04
9.025662225551684585e-04
3.038245841616132978e-04
8.020467398720500718e-04
1.086165922294278757e-03
6.158951204828263908e-04
7.816258249204407517e-04
8.884452774935742026e-04
7.948680103027164776e-04
7.430268809806255112e-04
1.477549248323732980e-03
1.091184292924120324e-03
9.597816890129636999e-04
1.878268812765303839e-03
5.208313459250417865e-04
6.366788483610020047e-04
8.675391517961962345e-04
1.490773869272230077e-03
9.226326834872986037e-04
5.717346306253532186e-04
8.700914797032626010e-04
1.086427570271493925e-03
3.470812677628479790e-04
5.174144156193727969e-04
8.513037248339309178e-04
4.843899828185964720e-04
1.665993966860154600e-03
8.977341008808019428e-04
1.587691765064811649e-03
8.354058283661904222e-04
1.047829320822267962e-03
5.212087443259697840e-04
3.124503427714219557e-04
8.080589148747968587e-04
8.698534487300041852e-04
1.064386280866717969e-03
9.753166131324282357e-04
2.220835973564844624e-03
3.927910031685220155e-03
9.618705025596891540e-04
5.450592911617499568e-04
2.770171947303583324e-03
2.427617146960598499e-04
1.299258958457917817e-03
1.126838189293930806e-03
5.839065498675538634e-04
7.041901806108935829e-04
2.073636449447384487e-03
1.285501392799043166e-03
1.244394596870210604e-03
1.305765825983994056e-03
6.758397521368727677e-04
5.275734503769484484e-04
4.991387693618672822e-04
5.327276159638953245e-04
3.463720863102555999e-03
2.031731417361765481e-04
4.436423444342211132e-04
1.056629398774003954e-03
4.351895452789512745e-04
3.685074074672368863e-04
4.041994611699857684e-04
6.079265039325024503e-04
9.560205717203635678e-04
9.749179728244790170e-04
5.897071828496357930e-04
8.808185778837429288e-04
2.507766663537876368e-03
5.342211424747989740e-04
3.638280749179929928e-04
1.092568554278407385e-03
3.412696205083367174e-04
3.645462679273006146e-04
7.640925712487825049e-04
5.724098016831929894e-04
1.223569375832106844e-03
5.490565034703985331e-04
2.010780673319645037e-03
1.184293299127589126e-03
2.742271793810993727e-04
3.618679902460529996e-04
1.000581573672409876e-03
8.634178467285164070e-04
1.425127521170065862e-03
3.279106163115108824e-04
7.562830636110491091e-04
5.169380682642536144e-04
3.372550344842898361e-04
1.884593736692636310e-03
7.071194582458859837e-04
6.235821623976110046e-04
7.821798566163125311e-04
4.038371552073993852e-04
6.731109322166736308e-04
6.514871644659445170e-04
1.098186048950631653e-03
2.350885625899766952e-03
1.341947841583368333e-03
6.929931193646013572e-04
5.182492687476888482e-04
4.118985434419298089e-04
6.107439311506575839e-03
1.019550217805931637e-03
1.229505313502212349e-03
7.074568013476126944e-04
1.990297973200532127e-03
9.379287559936153474e-04
4.418061862689821092e-04
6.754555398400258074e-04
5.052992407468494783e-03
4.453081875463433094e-04
3.030146654313631651e-04
9.317685431780004359e-04
1.693592430505202725e-03
4.186987148693590297e-04
1.588107139729308479e-03
1.835139697022001269e-03
1.317344747192839742e-03
4.408158533537082807e-04
1.023356520101138594e-03
4.118895526206037641e-04
3.306570526111320195e-04
4.728308610584753191e-04
2.065695698225015770e-03
9.222996840829874275e-04
5.225729980777613993e-04
1.216168885873537397e-03
7.538895689737318360e-04
1.497195301014927820e-03
1.928230670436389960e-03
8.325839530891886468e-04
6.637649776156951667e-04
5.394673731049690838e-04
1.684224606458772314e-03
9.611680983282863602e-04
3.967463802420688013e-04
6.805417781770844044e-04
9.940042714929183624e-04
4.978880774523748503e-04
3.796043784910869620e-04
1.183137529735861417e-03
2.090933751981711389e-03
8.071998576592147876e-04
5.982966787785834765e-04
1.183501671353898469e-03
1.511679532393277181e-03
9.901399535277913538e-04
1.259888035759238259e-03
6.645514400826838235e-04
2.515757028702181124e-04
1.068496287101919221e-03
1.054987911505910099e-03
5.657545016663118086e-04
4.123455195206994061e-04
5.977175649360187519e-04
1.219196080838387932e-03
3.504319368924209638e-04
4.334598196283129994e-04
2.137431425425672521e-03
1.497623867484144857e-03
1.041384086396298335e-03
1.370473421585729741e-03
9.650665777147312977e-04
2.502124811846270650e-04
6.145417634610245670e-04
6.771754948957129728e-04
6.104143628219182213e-04
6.210708973719518541e-04
9.040077255982869328e-04
5.233853481632053150e-04
7.337074477444696478e-03
3.263985624849325340e-04
4.940195992040304161e-04
1.397794483745781659e-03
1.337830034546527453e-03
8.762603196504688708e-04
1.024678221063420611e-03
1.596372258735159798e-03
5.068673100962249947e-04
1.193807595970725749e-03
5.760126664858286442e-04
5.506322805857314165e-04
1.168610396319299041e-03
6.851795368649131555e-04
4.606004360524588179e-04
1.579289977323750137e-03
5.679026745762205241e-04
7.431112054608976112e-04
9.554323073422484221e-04
4.567495513499963120e-04
4.275991247865153460e-04
1.333600181309862846e-03
5.337402238964822961e-04
1.163044699933664860e-03
7.282713538164138373e-04
5.003965618868647927e-04
6.501966165205063253e-04
2.091011779640611877e-03
3.430600030800220351e-04
1.941887414930617639e-03
1.080537643644645949e-03
1.265923481126301521e-03
6.470880862947501902e-04
1.061529726363318743e-03
6.226260978886542525e-04
4.825804527048681443e-04
5.399073392539832563e-04
7.250150326387171107e-03
9.238321403340283341e-04
4.930934167134157307e-04
6.291019206796061953e-04
1.157407123091386096e-03
7.762185825136082729e-04
1.027758990737241522e-03
1.665788838278965418e-03
5.377104474649872096e-04
5.449949499026055010e-04
3.392693156351267122e-04
6.412703015275600729e-04
5.230952191634828316e-04
3.700437279846816182e-04
3.259399406083311030e-04
1.386244247281563082e-03
6.122634974790290433e-04
6.638765020806399603e-04
3.916941211110621453e-04
2.591811749953721374e-03
6.908630148357187018e-04
8.406996839462973006e-03
1.217253132348278125e-03
6.233445536222427356e-04
1.485638046618201332e-03
1.430781837379191488e-03
7.733390889617862375e-04
5.542817370797827351e-04
8.303691481036132131e-04
5.224868112353114142e-04
9.627770188762680087e-04
7.300138416971268781e-04
1.033626231897679824e-03
3.575955654607530852e-04
2.648167869553654224e-03
1.912039136422519204e-04
9.623976037928810715e-04
3.096610872041286587e-04
9.842612721099668841e-04
1.250611011630547000e-03
7.998192466712921236e-04
1.858941631248748174e-03
1.026375922232539845e-03
8.232711224611539416e-04
8.991937473240754070e-04
1.060704918584554112e-03
4.411415582715397655e-04
7.516288899550633727e-04
2.065847987356671678e-03
1.417276901394173578e-03
2.268421560466410327e-03
8.995623601087116396e-04
1.016618212654391224e-03
1.372452681402358500e-03
8.218550656290823800e-04
1.028769681761996591e-03
6.512525266279172234e-04
7.307567038644996113e-04
9.104745101217139513e-04
9.442071480495775561e-04
6.267839171995655441e-04
1.601147704558342471e-03
2.803517403466904471e-04
4.086085706674279466e-04
3.060153697420112031e-03
6.516248153253479877e-04
6.394564851148071011e-04
2.015407093745901108e-03
2.349214555560795361e-03
3.668125506477260900e-04
6.489791843582365166e-04
3.027640453112764494e-04
5.830975504543267369e-04
4.250542669380131026e-04
9.426171525435368074e-04
5.119786638530238318e-04
4.600853680699142252e-04
5.865629594949100644e-04
1.181457327658682862e-03
3.349864561792136389e-03
5.669275768467690836e-04
6.454517704000097477e-04
3.796043784910869620e-04
2.807475314670836945e-04
7.429443730369399276e-04
4.861666496781016336e-04
4.747331946737496375e-04
3.511176356748406391e-04
7.512260017735148407e-04
8.762603196504688708e-04
7.298526295800951066e-04
2.408111195005340974e-03
3.362836072545883487e-04
2.059740505301780461e-03
2.053018828482129892e-03
4.706241453146530504e-04
1.447967830671923915e-03
1.493668066520988883e-03
7.992350968871012344e-04
3.774972967211841571e-04
8.673934309303215316e-04
8.478346814061221747e-04
1.462280298291297959e-03
1.126827635827339731e-03
1.265923481126301521e-03
3.386042929674644691e-04
2.371769196190401299e-03
4.699316718865024188e-04
4.115630939718722655e-04
9.965761494055184414e-04
8.533306405167166145e-04
6.169866455575501564e-04
4.749590720690462101e-04
1.176313880486636087e-03
2.512173209192112774e-03
1.259248232162463220e-03
7.677625264047199024e-04
8.102937124359602854e-04
6.013295589818724559e-04
8.995623601087116396e-04
2.646047623418068583e-04
1.407470358307290163e-03
1.497623867484144857e-03
1.533244460468082297e-03
6.135452820677136498e-04
4.281732361203631791e-04
4.155206379163334240e-04
5.865841026991044493e-04
5.112126810505379431e-04
5.612165731440859175e-04
1.585820895332496015e-03
9.504226164410224968e-04
6.135452820677136498e-04
8.438962341225971896e-04
1.606365985434016078e-03
3.441286877823800626e-04
8.513037248339309178e-04
5.826171821015172511e-04
2.778029911072589335e-04
7.686763934328684619e-04
4.086913418006977517e-04
1.858102495034631057e-03
1.022536831244642234e-03
4.121804408196806180e-04
9.320054682861994956e-04
1.198036303560338304e-03
7.358186197627325162e-04
1.289902575421529758e-03
1.006593254534462589e-03
1.446937445887521486e-03
8.664318957727028389e-04
5.898933728332227079e-04
4.033023302680462238e-04
6.236114634716832762e-04
4.530468657508746077e-04
6.524476680777996883e-04
6.445891240829026893e-04
7.340720503583516047e-04
2.805693685917496141e-04
1.236043501824376578e-03
1.093524754322740353e-03
5.921620390229789940e-04
1.101720657475373667e-03
6.404484715869550922e-04
5.602873512592808011e-04
1.812362234464542270e-03
1.419595665995705041e-03
5.155980450863505930e-04
2.677002917678337774e-03
1.044172844127369678e-03
3.930373773568220574e-04
1.658803151261396347e-03
2.905524535829248200e-04
7.279003629108152977e-04
8.379103498000805899e-04
5.387123071014055051e-04
1.613804648326253076e-03
1.362238848583329246e-03
9.246631545918786253e-04
7.879842824964167040e-04
6.910907725085709994e-04
9.074361265023257218e-04
5.626888072067915249e-04
2.191632006175885539e-03
8.199042370592437515e-04
3.821815589886220924e-04
8.292455903965290217e-04
2.474054318012270867e-03
6.158710802403578009e-04
1.328186662853877769e-03
2.521952288283253654e-03
7.234907586959150178e-03
2.952199151730477977e-04
8.533614702102463537e-04
1.288235574539248196e-03
7.079366337340271082e-04
4.565348851315194335e-04
1.136354140855366226e-03
4.133779840309590218e-04
4.303603533803418272e-04
1.886361887108863392e-03
5.929220709343096000e-04
3.872030503578862901e-04
4.698066567123799185e-04
7.003473905542986809e-04
7.087084780700444401e-04
2.618261554089383516e-03
9.225343000570035770e-04
3.196171095894351417e-04
8.045090077042566304e-04
5.025095476035526141e-04
8.695591349947021575e-04
5.620142578559394033e-04
2.108801027167063295e-03
1.283165295839690809e-03
4.868391383109058057e-03
3.799485028381469499e-04
9.806104501350551301e-04
1.602169790394225623e-03
7.577820584804701711e-04
5.839152316512106469e-04
8.819345967466005014e-04
9.512115707924350023e-04
6.804266494883628655e-04
1.091341919031923709e-03
4.773802236206226295e-04
1.411606085743063402e-03
2.984482714049975505e-03
8.662149331401804934e-04
1.495589912981884180e-03
1.025351070809957590e-03
9.176963791892767293e-04
3.700437279846816182e-04
6.030399062920151600e-04
8.695591349947021575e-04
4.310876125929681882e-04
7.126858828025471127e-04
8.732484954953844943e-04
3.045090016818104497e-03
7.342192350683708407e-04
5.274223041624177388e-04
2.416202614468270047e-04
9.103394256647441476e-04
1.692267001270542385e-03
4.567495513499963120e-04
4.074130044492002556e-04
1.284700647517727536e-03
4.075220996123416557e-04
6.722855104701516140e-04
7.777212195488046901e-04
3.769915541424580176e-04
4.849104373523647907e-04
7.425832711660931623e-04
4.068434439840208747e-04
7.453447864631918777e-04
7.758504761999110129e-04
7.031677814478955266e-04
5.114869983557616831e-04
8.164851040274527082e-04
9.696284406942890519e-04
1.950674560503033424e-03
1.198600807157783939e-03
3.835665937988379931e-03
6.005504322609907155e-04
1.044913118164063131e-03
1.482182895776270075e-03
1.519432605707507402e-03
9.498256916327824659e-04
3.379248335904266377e-04
9.032784953777390265e-04
1.246460029781532291e-03
6.308641409169692517e-04
1.058388366303123201e-03
1.895928987608127940e-03
5.027901818681182510e-04
5.411862884002522798e-04
4.322970970060362856e-04
3.504319368924209638e-04
1.675212310049782431e-03
1.745595505010242568e-03
4.951549598953099759e-04
4.560756291706019160e-04
9.724631047208591710e-04
9.143192063598699730e-04
6.206631448658787636e-04
7.769255701920141886e-04
8.159973276757615792e-04
1.441786258579574658e-03
7.425099811731321374e-04
7.753520040398333407e-04
5.993889798101317530e-04
1.652347070511220100e-03
7.637423591254560240e-04
1.897895061812870498e-03
5.179089767836982799e-04
1.105786669801379169e-03
6.260932934603260103e-04
2.514027915905594482e-04
1.431086675720883794e-03
1.237078724120470579e-03
9.881718330394004095e-04
7.538630073535861802e-04
