6.189292167913644244e-04
3.617034471931756135e-04
7.416656209881638531e-04
1.724807970649125171e-03
4.908651393409467099e-04
8.098538991918785351e-04
8.642135278398206406e-04
4.577609826121767193e-04
7.358097699260143570e-04
2.432751091893346589e-03
9.367740535993477518e-04
1.015159739175670612e-03
2.693647385077155569e-04
4.922945609872304102e-04
2.918897396699372620e-04
5.094114945738216537e-04
6.450675190869884900e-04
1.131654335291417844e-03
5.915884695829820789e-04
7.887449379161215815e-04
9.700351940807325560e-04
8.219260123184434158e-04
3.072822266736271101e-04
4.396824793822110607e-04
1.184990119240662398e-03
4.335482731152672355e-04
5.539805855771304374e-04
5.975006364243901254e-04
7.158433352717729877e-04
8.620854819389795658e-04
2.546624698983919618e-04
2.497676735883247890e-04
7.119822688640955934e-04
3.876879256173411327e-04
5.190200669217481192e-04
6.777013037052227089e-04
4.338602597230801702e-04
9.820480771789430463e-04
4.080142527645757092e-03
1.796823041558187140e-03
3.074575737436845819e-04
9.290178735808330779e-04
5.539616779021685946e-04
6.054915329625237168e-04
4.443166320902560513e-04
3.779999823170559960e-04
7.786335352375248035e-04
4.015090826617884190e-04
7.627187588834727838e-04
8.031918378859937433e-04
8.048315250743956310e-04
6.985990091757823643e-04
4.098628066740845049e-04
1.314098372907847052e-03
5.868402422659742485e-04
4.310787953547022327e-04
1.273214523823118071e-03
9.996041724581398568e-04
2.584745095539982989e-04
1.317572467517558665e-03
2.833345781602678655e-04
7.621443169637283485e-04
6.674224527210964857e-04
6.914649511585005187e-04
3.914730066895345979e-04
3.284961163993421144e-03
3.924160859875563544e-04
1.006767304730380678e-03
7.137929078852272690e-04
4.344537148496609743e-04
1.992626286548555229e-03
1.201311794452134766e-03
1.770272048367848173e-03
8.253965320365970124e-04
1.029571575027385258e-03
8.106948971965165576e-04
1.076833617978394282e-03
4.495243238624217720e-04
7.456845099085171414e-04
5.046666433649352971e-04
1.169923056035570511e-03
3.732774759327961954e-04
8.120858962162364652e-04
6.291232269473788453e-04
2.969102249653119514e-04
5.618554931030180465e-04
7.440817203685525221e-04
2.332997067609423117e-03
2.371197207619748885e-03
5.631713323352659749e-04
1.193044528471385235e-03
4.220190483828391704e-04
3.918290460552542338e-04
1.215908711246034644e-03
8.419604321974614091e-04
1.066942155952184303e-03
3.893065304067799826e-04
7.097096355555389605e-04
4.060173808407591014e-04
8.226827729476194652e-04
3.941003058173831201e-04
2.804663308179424462e-03
4.483804797038769491e-04
3.506468193262454974e-04
4.624586569875302304e-03
1.446827933404860270e-03
9.239659144451515529e-04
8.892822411412021951e-04
5.573707222700529686e-04
3.924781753747190655e-04
1.632712559502673281e-03
7.535760058276081948e-04
2.078586205559445656e-03
5.280894348723616776e-04
2.667303024143363190e-04
6.355280933600492965e-04
1.741643919244339903e-03
3.497640370810561829e-04
6.381448122139482190e-04
5.090812092869089703e-04
1.440464773634127270e-03
8.120858962162364652e-04
7.002977906416701969e-04
5.764863091985420645e-04
5.887473634771862082e-04
4.335482731152672355e-04
1.898669721640512285e-03
8.516949967142944944e-04
1.220553019860069624e-03
1.978559058809524051e-03
9.721276537383212197e-04
1.199002389918421563e-03
7.759634767846438404e-04
6.198914005508219128e-04
1.576459268104865455e-03
2.703658374179207101e-04
1.994010501049341827e-03
2.918897396699372620e-04
8.001933151741295663e-04
7.173208132899490819e-04
3.637311248539281988e-04
8.470465631890720460e-04
5.868402422659742485e-04
6.157282001031888583e-04
5.887473634771862082e-04
2.609668051632256080e-03
4.247094491056742881e-03
4.557929944736613002e-04
4.454819591830191028e-04
1.793561832407845284e-03
4.139782658339521623e-03
9.872438560024924745e-04
7.927199907825614603e-04
9.339317737752657984e-04
1.977465961293842136e-03
3.487206989150890609e-04
1.496700051522392586e-03
6.980820522050441498e-04
5.242211553074565189e-04
5.523079247476750647e-04
1.532053378877818459e-03
8.136375637856089939e-04
3.208801008040885507e-04
5.831395114560751795e-04
1.424525147609885523e-03
5.751020277711650034e-04
8.699634949978527843e-04
1.044104786680561964e-03
4.593294180096615183e-04
1.032647195669010760e-03
2.055504773354345342e-04
7.492519767554510837e-04
7.001653510966236596e-04
2.237350076735958228e-03
1.695036078490623098e-03
5.501357966258865577e-04
2.291108383532107257e-04
4.717296172944905846e-04
9.196717850052703661e-04
1.770459491017795919e-03
2.051647735533828048e-03
1.058593788101661656e-03
8.204844768191595821e-04
7.201077391946327996e-04
3.968174376922324392e-04
4.649008571820391865e-04
8.523300210645421392e-04
4.666092499535844053e-04
2.060140239744374761e-03
4.206635306518664093e-04
1.393441954963451019e-03
1.032684489752663196e-03
8.134828611600110598e-04
1.130452974542679300e-03
3.949881312286384499e-04
6.273228672265508069e-04
5.631884566257292554e-04
3.715892493169111062e-04
5.150124890565373681e-04
6.183986139510537711e-04
3.880210166402084750e-04
1.638253954437101940e-03
6.093004350631144516e-04
4.796699758917499020e-04
9.639126309730658253e-04
4.286824282693419731e-04
1.102063567496130081e-03
7.080551081218448882e-04
1.017664505321195850e-03
6.695655038914730389e-04
8.117764787739519634e-04
3.966341664974905291e-04
9.794323484093741834e-04
2.383200736643571477e-04
1.263373736479460026e-03
6.561218314990135926e-04
1.079942626662596349e-03
5.087901620471391205e-04
4.965349264391224387e-04
4.954866537846038801e-04
1.711814787609817513e-03
1.428872819010994525e-03
4.964281054452330958e-04
2.813920469720966686e-04
3.024236360461559714e-04
4.147633258094937094e-04
4.083267972650670742e-03
8.908083148129678896e-04
2.897413509190530285e-04
7.018782218278598641e-04
5.313647070643530207e-04
4.070725905035565560e-04
4.437084283136982711e-04
2.026219355933212268e-03
1.315894853907030116e-03
1.506461471137311410e-03
1.017791458486495826e-03
6.157560700180550115e-04
5.313044012311781859e-04
4.907737799765244605e-04
5.530761514490832023e-04
4.626307465496974484e-04
1.460130090240023808e-03
3.690674915992923563e-04
2.424727980710453170e-03
3.043953297248243664e-03
3.509764674663762860e-04
4.692923814238281828e-04
8.462130937697594918e-04
1.446350004707617652e-03
4.910785639911864793e-04
4.138133518167821587e-03
3.280628938543848276e-04
1.185926104729838424e-03
3.892483667369528964e-04
1.372763179020457247e-03
5.313647070643530207e-04
1.157278516328819843e-03
1.556918046418225184e-03
1.021038974517221847e-03
1.331724537831674871e-03
1.135293644156905660e-03
2.940210499869567898e-04
6.867101813735237200e-04
6.368174041343118699e-04
7.161261632089608664e-04
3.655840183553031868e-04
7.569696517162283157e-04
5.783576969640708129e-04
3.822490248712368303e-04
3.401082756832245571e-04
4.332673518971499665e-04
5.501357966258865577e-04
1.501906667663921880e-03
5.229074124948903226e-04
1.223021532994600846e-03
1.945088378072782264e-03
1.831269993576265052e-03
1.175828467675647197e-03
1.341861407999505240e-03
1.174466882111532568e-03
5.311613427883943956e-04
6.257226184593582671e-04
4.151655880000375493e-04
1.417118564727876421e-03
3.517424325807436808e-04
2.307905451955465093e-03
3.000594988855600684e-04
9.742415016926450622e-03
3.424951783566377878e-04
6.591613520097005900e-04
1.293322565473311800e-03
6.792541144439762264e-04
1.543611395906920166e-03
9.856571638730778941e-04
3.753065843375409205e-04
8.105723454633008331e-04
6.138885378321612277e-04
3.890856496405129938e-04
1.134808331584906838e-03
5.055036668900916809e-04
5.918745854417814707e-04
1.048192935588214197e-03
2.470917111944734399e-04
6.775582219532764842e-04
5.495108066315189735e-04
1.028734780326767510e-03
6.472279083858960193e-04
1.128341967374212572e-03
1.867217822827502973e-03
6.555461687027811435e-04
5.049649629102104416e-04
3.932589522343679709e-04
6.329979535171927074e-03
8.326128591076107244e-04
6.517492426298277658e-04
5.018452504709266637e-04
1.580705367428033702e-03
4.576237554253359931e-04
1.465287714176924643e-03
9.934719037668416405e-04
4.268956140928142494e-04
8.242953340345739351e-04
2.461243760714779041e-03
7.424395878353227474e-04
1.543611395906920166e-03
5.324382188533451554e-04
5.243847378234384399e-04
8.877623701710146654e-04
6.635269125256215835e-04
7.609114987841358131e-04
8.005806972975201352e-04
4.921343541587672827e-04
5.833069368235872538e-04
2.792008379989066591e-04
4.592588126651062780e-03
9.629051215957209163e-04
4.927679757247786091e-04
1.278952703633092413e-03
6.823808732805546496e-04
9.807781970077003759e-04
3.460953853618845325e-04
4.460438279463653012e-04
6.432705351981125386e-04
7.466442076523371408e-04
8.590343896421169132e-04
6.825389046077952500e-04
9.140298532874556806e-04
7.080551081218448882e-04
2.124725319968829695e-03
2.330788757607575069e-03
6.106873717605440640e-04
4.866187297588214279e-04
7.207526610090707895e-04
2.257708791080573207e-03
8.023640070727997746e-04
9.570698893443553828e-04
4.814794610036791760e-03
1.832347969132587778e-03
4.603820557424378036e-04
6.145611528301390741e-04
5.052497949314371231e-04
4.557678739611737101e-04
2.713885142281216296e-04
2.788580117607900879e-04
5.301294632641032458e-04
5.572750178440915268e-04
3.029655880990193579e-03
4.131164231524272622e-04
6.021397954270063524e-03
4.855184021145035828e-04
2.810640138138317725e-03
5.509336300842310793e-04
6.381448122139482190e-04
8.855647511798763654e-04
8.560541712755681369e-04
1.165982958261980703e-03
6.463487245028360197e-04
5.497234008963941066e-04
3.748945414388551957e-04
7.048340068990346149e-04
4.860317687907020475e-04
5.082606443246815700e-04
1.039159914733034113e-03
2.669016972822559671e-04
1.718472086354526796e-03
3.347857330419812694e-04
1.049849756949361966e-03
1.446350004707617652e-03
4.369353465337235407e-04
9.229705825804353442e-04
1.743857326136987991e-03
3.439571157226751358e-03
5.274818642179592400e-04
5.735312562833436763e-04
7.976998901650013017e-04
4.037870827855746347e-04
1.198530068678687688e-03
8.586711360928352219e-04
4.575512597190060753e-03
5.433466979742173752e-04
9.899702566935318377e-04
2.341299700065547010e-03
2.516780389904653414e-03
1.174091718410260905e-03
1.295157479175165381e-03
6.166487289756113427e-04
1.880056502906530180e-03
1.550398921654826167e-03
3.660941320037563096e-04
1.933401233538804788e-03
3.892483667369528964e-04
1.647779901453659372e-03
1.814197744501311544e-03
3.577277038326002871e-04
2.207605034606535156e-03
8.766705365596250393e-04
1.144450854207554498e-03
3.365769213522308350e-04
7.455360199345965368e-03
9.454715651553058289e-04
8.494954097454939608e-04
9.673547015645922497e-04
5.757845072811681097e-04
7.617160855297580363e-04
4.323735914893851967e-04
5.019712416167792460e-04
2.969044148167719306e-04
1.084950669785696631e-03
9.035488566343977514e-04
2.697552283538052608e-04
1.128773069414548127e-03
6.919420803519478295e-04
4.435480733877810301e-04
6.704729467185933586e-04
4.450712644789944859e-04
3.884777888166771314e-03
1.400300913069405830e-03
3.928217334737141232e-04
7.504328457005317267e-04
3.600103104572331268e-04
6.145611528301390741e-04
6.768643015128086469e-04
5.785804439993499611e-04
2.868869107817383622e-04
4.667643819338445146e-04
6.660805890379052499e-04
1.261783675533335479e-03
9.902233955246810774e-04
2.124725319968829695e-03
2.812044780371321905e-04
9.234553650880647068e-04
2.959556364203350868e-04
5.948169853649651513e-04
6.486716458474209778e-04
1.047667949594404584e-03
3.112530499941774140e-04
5.439898129761238516e-04
4.704228425424314018e-04
8.999491726735102956e-04
3.460953853618845325e-04
2.818538920971944421e-04
1.428753852634723513e-03
2.736088495673613392e-04
1.143022781194524481e-03
8.462130937697594918e-04
1.001294145439356751e-03
1.165698578120496738e-03
1.221865047912085254e-03
3.473976576908652508e-04
4.098628066740845049e-04
1.102509451522188126e-03
6.055103768303438062e-04
4.563889225985358258e-04
1.033147242035419586e-03
4.766500745699795978e-04
3.224220280002076510e-03
3.968131236721871664e-04
7.861365433304558182e-04
6.694856464945364441e-04
5.853725004365240535e-04
2.989911176211596357e-04
1.404735134090208610e-03
4.583698309570962922e-04
7.719001324904426137e-04
3.690116697513142851e-04
1.146069205873340288e-03
7.965009601089155554e-04
3.437313192152814385e-04
1.386551985381937911e-03
3.600103104572331268e-04
1.593128630168336429e-03
3.914730066895345979e-04
2.610485690186095187e-04
4.636693491964971256e-04
5.194893817892904352e-04
9.288358037599589055e-04
9.532097117458656959e-04
4.676589223650043890e-04
1.874973431502314396e-03
1.050419856739671746e-03
5.702846701282580097e-04
6.057685912135099158e-04
1.549907523152958778e-03
8.855010906453245978e-04
4.037380553382058628e-04
5.516826876817328010e-04
7.529057759932565250e-04
1.688154091942929702e-03
3.011926647051145576e-04
7.190050350827903967e-04
4.444403558363311732e-03
1.275056320268143058e-03
9.848940305121865746e-04
4.619579854841633312e-04
1.052263902365253379e-03
4.511776234054138595e-04
1.174189510009762899e-03
3.795146901832143036e-04
8.435249462547844993e-04
9.055313854470423401e-04
3.947859826277148551e-04
5.456298555232415000e-04
8.751057418907691324e-04
6.827650674944495904e-04
2.398167670389661412e-03
3.786075858970613245e-04
2.735826013291044276e-04
1.183547461636820638e-03
2.017350489976828427e-03
9.261437275986373046e-04
5.247712816540432354e-04
4.847986344702077521e-04
8.322109217189316505e-04
7.526334100435568908e-04
5.878158564175916785e-04
1.166006252243547260e-03
1.026248022213677516e-03
4.466196659062431659e-04
1.113608637512079674e-03
2.764006302827659925e-03
7.324547260381828124e-04
5.553299575340629127e-04
5.120278612753138402e-04
1.342730097767923193e-03
1.581990523610463497e-03
5.045652854937010589e-04
4.534388616982899431e-04
8.239799805166913519e-04
4.444922891445979665e-04
4.537981703122412466e-04
2.309040610619870202e-04
1.208495348362850687e-03
3.457510720803732901e-04
6.211922715253025791e-04
1.400300913069405830e-03
3.184206970902247677e-04
4.453001214122267169e-04
6.360023348200486261e-04
6.045005407117855700e-04
3.185009294035703160e-04
6.742700062473056585e-04
8.383969523174982300e-04
8.218638164169591448e-04
6.517492426298277658e-04
6.132092608011303425e-04
4.811779212989685970e-04
6.368174041343118699e-04
1.530638458953983072e-03
3.876746931557510201e-04
7.479617352818867040e-04
4.549985404035115683e-04
7.335770622799014104e-04
1.521771580518205226e-03
4.802607173026904297e-04
1.044187552714221853e-03
2.043755272137650486e-03
4.017279241848074021e-04
9.444114808935808510e-04
7.829516303227093297e-04
3.596299914803815015e-04
1.556382401758622065e-03
9.941389829988380236e-04
6.687977592114449600e-04
3.601507654530638884e-04
7.690155240091556830e-04
7.372780413186018171e-04
1.019907562815469812e-03
1.117851715043188723e-03
9.532953949457690680e-04
3.481073316644665676e-04
1.556382401758622065e-03
6.279146481198516136e-03
3.632969208479840052e-04
6.839536868797324023e-04
9.323034648210993570e-04
6.630893142957019386e-04
3.905807240465176381e-04
2.928248979674975740e-03
2.337701849086747281e-03
5.328882087063125652e-04
4.270150493082661733e-04
6.839536868797324023e-04
7.425638096292948255e-04
2.959663379232234663e-04
1.888916787967046028e-03
7.131705397513772235e-04
4.530624518220655538e-04
1.269019377503684699e-03
1.283264865266389243e-03
1.193044528471385235e-03
3.892483667369528964e-04
7.900081799680625091e-04
1.738206366676113253e-03
3.543040886341474404e-04
6.356394641451927835e-04
8.515119021288240081e-04
2.753625157330251687e-03
1.396097070828634414e-03
7.625151345294742169e-04
4.547546737411448819e-04
6.996594994599555353e-04
1.500104384133343124e-03
5.133665859844839356e-04
1.029571575027385258e-03
7.440382701885909361e-04
8.020871633680395213e-04
1.757624240624677467e-03
8.175838081244298774e-04
3.044098080748912404e-04
4.477474531371967862e-04
1.397576978938983028e-03
9.475146688632769343e-04
4.201032106785681911e-04
8.145771388619955011e-04
3.165681606578722956e-04
1.020451464993228727e-03
6.581931011158245401e-04
6.066882773800007797e-04
3.791816612786084832e-03
6.148036905997272816e-04
9.103085743706919308e-04
5.746825760079385826e-04
5.765028795770397877e-04
2.962831070126883005e-03
3.830766968392871090e-04
1.380280340851769557e-03
4.778254006762870979e-04
1.229074395492647668e-03
6.342554784637209186e-04
1.037882975880847656e-03
1.134382212767317839e-03
7.749460289145842585e-04
8.778598074280387483e-04
7.308818796059967206e-04
1.284011835093649230e-03
2.314240738972332071e-03
9.475963681554804788e-04
4.082376681105263634e-04
7.931012188857139650e-04
6.942174604129677448e-04
8.975294170495619773e-04
8.516412148621409781e-04
5.005684222883111534e-04
3.897033523827688091e-03
6.449975890766699487e-04
5.495108066315189735e-04
6.556694406457117593e-04
4.872130536833996434e-04
2.707098412470839398e-03
3.142591216755657394e-03
1.717749957589106502e-03
5.688656456149713105e-04
7.029621822533001349e-04
2.599208580314952654e-04
5.812807617956182232e-04
1.024615867443232683e-03
9.447867131876405396e-04
7.918993459187251846e-04
1.157327673968405269e-03
4.049283008241612997e-04
1.804000985134181093e-03
6.506166625517593527e-04
2.679490985999728129e-03
7.441275777994972931e-04
1.024156951233294414e-03
1.341672422235865112e-03
1.241821251659514349e-03
8.953459098163797604e-04
6.695655038914730389e-04
1.146185837458448160e-03
6.272205886860523268e-04
6.964687987381720661e-04
1.540897616035161524e-03
2.417409285749310636e-03
1.174091718410260905e-03
5.890888177707957231e-04
8.800401301504715739e-04
1.033719112180598145e-03
5.631460542063589569e-04
7.157362326630931299e-04
4.014222322418545654e-04
7.688565690968018548e-04
1.564511820146495839e-03
5.622639535308386182e-04
1.247801720804333960e-03
1.778091909321244043e-03
2.457440732200904480e-03
6.308439562086764390e-04
6.532060444980364745e-04
5.864286105137708890e-04
2.918897396699372620e-04
8.895628199984572564e-04
9.742415016926450622e-03
3.735223422064520241e-04
8.072040737610433397e-04
5.678182501360031550e-04
1.880075990682802435e-03
3.913791032959171431e-04
5.053978148649045966e-04
9.448666373383131367e-04
6.429472232788685342e-04
9.576865560653425539e-04
1.454136060724282560e-03
9.678982561788103921e-04
7.665891858130886860e-04
8.379020560813688935e-04
8.871216398950651505e-04
1.216137440590147429e-03
2.180953501870259558e-03
6.291524287226153613e-04
3.213932562137363749e-04
3.651625978050721390e-04
1.277094842325540366e-03
8.059570739958077943e-04
7.741631247382491565e-04
5.403083859969999656e-04
8.044134103985520808e-04
2.253639861535393796e-03
9.272799550298349829e-04
5.726101924309375934e-04
2.424727980710453170e-03
9.847578567640832403e-04
4.159228064052003125e-04
6.653902526471041625e-04
7.420799389748837212e-04
1.340170671372204261e-03
1.676725317354309502e-03
4.930240925235292041e-04
1.444440183939961963e-03
6.968669569817221437e-04
2.513308199112860219e-04
5.631207952886495673e-04
6.153366541218643860e-04
9.477854508248154466e-04
6.166962471479069769e-04
7.679961708989824221e-04
2.811740164706559228e-04
6.115127332470872163e-04
9.014576182701188435e-04
1.090415918980127200e-03
7.310206129918095245e-04
5.344462020166167041e-04
1.410822572896634807e-03
4.604882410194392154e-04
2.992420766053170960e-03
1.001165922489614252e-03
6.157800643747104400e-04
4.251669528412111397e-04
5.769394874169852996e-04
5.722924384842255612e-04
4.208572411081284840e-04
1.190944893261420764e-03
6.721671473950745429e-04
1.845126498426544713e-03
4.094161363059715670e-04
3.228220470521299943e-04
6.045915554007810560e-04
9.563912141498215856e-04
7.266245705468554620e-04
4.072935569648577299e-04
1.273399986803918889e-03
5.099034652841851227e-04
1.089856439290293752e-03
2.332997067609423117e-03
9.313064346846701121e-04
1.001913261495539957e-03
1.131654335291417844e-03
3.470411445263384066e-04
8.803502904434182437e-04
2.753574661493880240e-04
1.053640256320828280e-03
9.225712650914251163e-04
7.244762941326746445e-04
6.007010225504663030e-04
4.868623337061810845e-04
1.951577429716073618e-03
8.031918378859937433e-04
7.728384064247472394e-04
3.973732215207122741e-04
9.407489546936477444e-04
4.397248023940841257e-04
5.309837466912241052e-04
9.551816664419156928e-04
7.196727057520605018e-04
5.764863091985420645e-04
1.825389605952479127e-03
1.541749034653830397e-03
5.631713323352659749e-04
8.313192562086501756e-04
9.801565363281652954e-04
9.977464114843458218e-04
9.996041724581398568e-04
2.429180168805408421e-03
1.581990523610463497e-03
8.226827729476194652e-04
2.456285905825728120e-03
5.514607522786644199e-04
2.596897390615158195e-03
3.589461348218228836e-04
8.880900281509392785e-04
7.094232000499373775e-04
6.034078388230919646e-04
8.603117214917547920e-04
4.430066335645111504e-04
7.843961055772782865e-04
7.360964228467808046e-04
9.408443453853787509e-04
7.964011163716264944e-04
8.539245168168472849e-04
1.517498495474433337e-03
8.622060725100086495e-04
1.400993823542521187e-03
6.437773139946763963e-04
1.270808578176471767e-03
5.919235263256904462e-04
4.045302224691635926e-04
8.470597881598028803e-04
6.316203695546959273e-04
6.941216983109400147e-04
4.748050806012674868e-04
1.115744121218664774e-03
1.535855341255931315e-03
9.176071171092091286e-04
5.721530807604039478e-04
6.633589980704349826e-03
3.099612547008119643e-04
7.283965326354463520e-04
4.910678641743712559e-04
5.971965821457639193e-04
4.061338903927033434e-04
6.257659984679219724e-04
4.425132246844005980e-04
9.908978499201929503e-04
1.918218388108001429e-03
1.493661522550617004e-03
6.945554547172352183e-03
6.129179168017002445e-04
1.068093850713481858e-03
8.179835139902007614e-04
5.878472434596781560e-04
8.567510586767255847e-04
3.330354960713632125e-04
2.689580410988294621e-03
9.576865560653425539e-04
4.714289349445546372e-04
1.454136060724282560e-03
4.056283589350223292e-04
5.902381859113097666e-04
2.357365118042713075e-04
4.061338903927033434e-04
2.755608806634026061e-04
4.012229215779391936e-04
1.105103429426012402e-03
6.313844475621002532e-04
4.473997675034702463e-04
4.318345700088959045e-04
4.846083213203655304e-04
1.385745579525748429e-03
6.403547917387694775e-04
6.987244931000761387e-04
3.942864070762458527e-04
2.846504073427630430e-04
4.932004069189279772e-04
1.004438642551365489e-03
4.071226454839597356e-04
5.450939456248699326e-04
4.216668923926090388e-04
5.254369836016800329e-04
1.161482287294238669e-03
1.232813809085761417e-03
8.444599371425444336e-04
4.159228064052003125e-04
6.633589980704349826e-03
6.588059092653015527e-04
8.563395560964102548e-04
4.520427851567823023e-04
7.156706278368706649e-04
6.453209992762187460e-04
4.605048560420795423e-04
4.552578528787787045e-04
5.831395114560751795e-04
3.485097927364920575e-04
3.155382812789606431e-03
2.483110951827986832e-03
7.560017227511790696e-04
3.897033523827688091e-03
3.593674363220079600e-04
5.907076459452461790e-04
2.395107578922906627e-03
5.185215645538272756e-04
6.537466529808518695e-04
1.119003002940159759e-03
1.180911792003799766e-03
3.462982327018045863e-04
4.083253857343926334e-04
5.629307540013736046e-04
6.945447685375408546e-04
2.804918432152945802e-04
3.573754080457474183e-04
9.435252391758329644e-04
3.099311095108408772e-04
1.835799618369464729e-03
8.712545170871551208e-04
5.431082560783447727e-04
9.347065976523272505e-04
1.511612714085316120e-03
9.027907348823200305e-04
4.886056777178253560e-04
7.476852083525609149e-03
5.291391857640501692e-04
7.444272291567728553e-04
1.534041869245599205e-03
6.233413722234523854e-04
5.349681719228003554e-04
7.608498841464879760e-04
1.322771358980784915e-03
3.972901457581995226e-04
9.724762262913237915e-04
3.481783247812811192e-04
6.581736451783037553e-04
9.671434348625005620e-04
8.906198241792141800e-04
8.927449301614505785e-04
1.504044024641387626e-03
3.869059883735356266e-04
9.260818820440813682e-04
4.794187489110080880e-04
8.515056411597841327e-04
3.508879546422247306e-04
2.578437897477389978e-04
2.808692772545314398e-03
4.771215276069781276e-04
8.564020007833963825e-04
3.805056818320540907e-04
1.698481767744992529e-03
7.749460289145842585e-04
1.549907523152958778e-03
8.570583116338314307e-04
8.800401301504715739e-04
3.574033136895473804e-04
2.685463815483386460e-03
9.996041724581398568e-04
9.912330840497131541e-04
5.165254825554587998e-04
4.849231547152252830e-04
4.317372443589118656e-04
5.416658252321093032e-04
8.455292175099966964e-04
4.111711106144900585e-04
9.290178735808330779e-04
2.091264877468292267e-03
5.759291964203548967e-04
4.017478090512954553e-04
6.945230913788448708e-04
9.403863530096350648e-04
6.170531550799769659e-04
5.458822508431710255e-04
6.996388297814602709e-04
4.173007548363374844e-04
4.981603475401557126e-04
8.688348346756602633e-04
1.611180958009795442e-03
6.548917850092892366e-04
6.138723681459469159e-03
1.055311849036496457e-03
1.307506424014155764e-03
6.360342171739350337e-04
7.725583400440446920e-04
3.064517849860015804e-03
6.245354916201350734e-04
5.069953863829415857e-04
3.372612349103675747e-04
2.848744944543405463e-04
3.323334512600162566e-04
1.229074395492647668e-03
3.186009731971778934e-04
1.357161920370779980e-03
7.323295216124719315e-03
9.809927570498099686e-04
