9.374006751159171804e-04
1.020778365528460544e-03
5.481341158027979409e-04
1.819272912099833411e-03
1.180891157183379695e-03
3.570678061333294436e-04
6.368043248270197033e-04
2.047686518618703922e-03
3.532948892398466703e-04
8.357715684741643530e-04
6.254955558131091884e-04
6.818678923985209200e-04
7.316209563530838480e-04
7.799437143284368521e-04
7.977661839497887696e-04
1.881451628446827477e-03
5.481926353673498504e-04
5.620089008138966918e-04
5.043144091216912334e-04
1.845353870450026608e-03
3.754861737919482426e-04
6.907486465172597932e-04
3.800701688083028243e-04
1.566039335801012403e-03
2.966637170964050584e-04
4.609363420652766094e-04
7.023295576446577900e-04
2.977270424035265628e-04
7.656622530368076144e-04
5.921798318712210739e-04
1.837139715161386711e-03
1.553946871924925983e-03
7.952710996502870009e-04
1.049808002299132620e-03
2.215216152984053697e-03
7.956939510527739554e-04
6.969703430956332739e-04
1.119588383182181218e-03
7.103303963656860519e-04
8.560838161723076855e-04
4.294051817153090862e-04
1.065406450544518656e-03
6.131781432524341423e-04
9.605507587522306521e-04
2.238760843933585570e-03
4.055265916416979474e-04
2.110242985133872935e-03
8.688999945114598547e-04
9.756505275169396335e-04
5.315823452728759982e-04
1.609177960792413124e-03
7.712163303616568913e-04
7.126145991739939265e-04
8.777063380332992843e-04
1.683444507685729914e-03
1.080303163446831929e-03
1.386025273769503526e-03
4.919876635274824609e-04
1.851373697079653890e-03
9.030343047389205544e-04
1.211809247092757603e-03
6.937452594558323133e-04
1.542818661840361649e-03
5.983404543672553484e-04
4.467754528449245947e-04
6.986978222133278810e-04
9.988728324093370300e-04
1.196377907166872208e-03
1.010284559508686742e-03
3.660424897483334299e-04
6.555507993688472349e-04
6.556704329700107714e-04
3.695661065872822863e-04
7.210235586726284479e-04
6.535863965889847534e-03
4.187085021425463512e-04
5.355047953992487586e-04
5.452189116942727934e-04
9.866073761081904040e-04
3.517098331974354876e-04
4.299987477456218348e-04
4.829307587565560790e-04
3.672523470697459220e-04
7.489612808274968099e-04
6.428947942593200718e-04
4.242495164627007546e-04
8.147454824402589318e-04
1.907223936577310706e-03
7.636545480758869789e-04
4.585798554275097804e-04
7.781518632177978441e-04
6.907486465172597932e-04
7.781081797608311234e-04
2.475806992810825405e-04
4.477242136084947006e-04
2.098717664640922646e-04
1.041333406858093629e-03
8.041640770739983410e-04
1.297246474728457012e-03
3.650836601739759660e-04
6.517798034829489114e-04
3.244577908592683520e-03
3.676184307812936148e-04
1.495496633312419022e-03
5.101335468886169285e-04
4.021075134988880682e-04
1.253933372534837441e-03
9.220500589499108128e-04
6.597505914895754895e-04
2.644216335323125618e-03
5.526230758282489781e-04
3.042906265103688954e-04
1.366717935225859794e-03
2.053611681433836333e-03
6.318854019976338559e-04
1.495903605301893710e-03
7.016179988782763992e-04
7.009656085948870593e-04
4.126073428935755688e-04
7.654063589747991557e-04
4.449714263123804225e-04
1.335176491182739865e-03
9.262707646821657665e-04
6.282599040958161598e-04
5.092600989705096167e-04
1.665252893983197244e-03
1.384461001059660414e-03
7.716706802793925129e-04
1.015241757371186659e-03
2.613262117898979085e-03
8.403331069261540942e-04
9.530958992112579121e-04
2.225938480927260044e-03
1.141019098607951076e-03
8.068957926577756444e-04
9.750215165550408895e-04
1.302216019151878354e-03
1.142267612179952542e-03
3.654244956791562388e-04
3.627803562183416005e-04
6.413568359221096795e-04
1.426901287938937835e-03
7.280487848005226569e-04
8.145937932490241503e-04
8.151381126113811312e-04
8.434251992717312464e-04
3.272592644894181516e-04
6.360657930679847671e-04
2.720171568129567223e-03
7.593395345589880460e-04
2.109214990451534905e-03
1.853039505577546309e-03
5.529239135474194392e-04
1.340779096173459230e-03
1.086931054507552516e-03
4.608379346134898642e-04
9.325133448936370273e-04
5.438337269136747296e-04
2.986465997443162350e-04
5.012541545580379400e-04
2.944491839297463920e-04
1.688307631081660889e-03
9.863175313754952642e-04
8.498763357978638593e-04
5.295752471314344682e-04
8.002858449563934537e-04
4.221282294332434756e-04
4.063341606852724367e-04
8.093417333267452366e-04
1.897014101280363255e-03
5.888606213451275540e-04
9.060723220187330302e-04
1.127712949370332247e-03
7.193684535400966069e-04
2.023348358665512988e-03
6.932020221361809851e-04
8.795760444875701722e-04
3.435765902621120554e-03
4.226780007869430011e-04
4.318623609454935795e-04
2.771470370569201896e-04
1.788281236284224463e-03
1.188108461382185498e-03
6.189308699563225409e-04
6.047296630540774940e-04
3.779376238492930355e-04
4.276410918965551787e-04
1.858425592074655066e-03
1.129429902957916274e-03
3.639894513524593797e-03
7.173478109134198699e-04
2.343293550242153743e-04
6.051893692743542680e-04
1.147458658073673751e-03
5.949107289836662186e-04
1.218869054623944502e-03
2.837388281611102642e-03
1.126146332129550169e-03
1.183694898300474479e-03
5.461940488739839162e-04
1.083681330928093055e-03
7.033914731553762498e-04
4.584128387209343396e-03
2.316700608643915311e-03
6.452270057928246151e-04
6.103074790800884627e-04
1.619734923441352959e-03
3.055701380572263884e-03
5.921798318712210739e-04
1.032594140276982264e-03
1.940412641357709645e-03
3.688159116784220197e-03
5.859421155184021306e-04
8.373605744446767146e-04
5.743174258040678647e-04
1.035672847206538716e-03
1.660047464101064218e-03
3.379697910822547459e-04
6.535863965889847534e-03
4.558930952692004271e-04
2.542720446397379722e-04
8.844345983117434884e-04
7.630843431340133100e-04
5.585921249557495314e-04
8.584547343011461780e-04
1.391590010456205187e-03
3.657489367222655050e-04
5.137004366354632097e-04
4.073931187178771434e-04
2.367931543079976157e-03
1.195997347763135855e-03
1.386262020971780386e-03
4.697540968512181419e-04
1.070853445157844263e-03
5.094717806529096673e-04
1.288514537457062731e-03
3.755521474971561160e-04
3.764317897233185740e-04
4.719913366040049242e-04
1.225775032647905558e-03
1.941830566872403043e-03
9.473165677104574420e-04
7.095898810059581268e-04
6.290087267504642981e-04
8.842284833518255019e-04
1.031996959788514375e-03
1.250443237249788129e-03
7.280194158224580605e-04
7.874015265113299420e-04
1.292344918108706423e-03
1.509526217269161179e-03
8.608030810748089129e-04
4.846837761361762371e-04
7.175503909367397532e-04
3.979432236393466195e-03
1.377314590642829493e-03
9.737530739978296187e-04
9.508501841333280970e-04
2.933920713472887992e-03
5.986572301880006570e-04
7.963695882964663426e-04
2.145756880049397904e-03
7.115420192475186301e-04
9.661386358525805070e-04
8.354471838330340943e-04
7.256405810800397151e-04
3.787126326341704345e-04
1.071856958005274873e-03
6.353367361076897937e-04
3.587962005084753677e-04
8.861363275349748783e-04
5.475362348467727007e-03
5.352006054783866110e-04
5.200116145232486047e-04
7.751141979267915259e-04
5.179431375408116234e-04
8.209360471777664425e-04
1.278566328396822833e-03
7.002138411054520915e-04
1.141020245860208896e-03
3.676184307812936148e-04
5.654305441995011216e-04
2.809565899498887571e-04
1.096330560526475890e-03
8.600169134953256208e-04
6.232035587682794925e-04
9.242929814156711221e-04
7.963276866566281441e-04
6.550301971849992536e-04
3.237096659058769218e-04
1.236835772053220765e-03
7.028567295308544216e-04
1.320887400997516198e-03
1.419408885798298684e-03
5.049461532015780919e-04
6.949208090802778395e-04
1.907008337005838350e-03
1.968004595419496020e-03
1.170065224008082347e-03
6.235219885910781761e-04
9.854628262439706944e-04
1.196443585880067060e-03
1.577730278730125630e-03
9.239001577587021121e-04
9.494574177716766416e-04
8.780307161715913446e-04
5.758607097695497530e-04
3.917290708253037953e-04
1.495566510764778168e-03
1.276683725222227134e-03
1.161640017681461138e-03
7.002401005004515793e-04
6.535194168853058734e-04
3.303262433644280917e-04
7.685211410378917432e-04
4.490601455362053067e-04
6.313206557972677203e-04
3.940638396105427643e-04
1.758926749016463719e-03
9.208188112834025506e-04
3.291633763338001613e-04
3.861610901698746506e-04
4.526736046608440260e-04
7.038329987764849584e-04
4.541316250055624205e-04
4.059028080232441032e-04
4.543248871484186196e-04
1.427843643658123583e-03
9.405130542879338749e-04
7.872720273431410912e-04
7.333874599217176304e-04
7.014055981180496602e-04
4.461033012673501995e-04
8.385625500175715799e-04
1.033130635529842236e-03
2.871537715243402985e-04
1.321593660974472884e-03
5.998628145004940120e-04
5.075264407868766876e-03
1.142267612179952542e-03
7.757850681806617186e-04
1.220809230571717318e-03
1.196041398844984284e-03
9.404768953447129607e-04
6.837631334295143914e-04
5.207882405386836996e-04
8.846675930122560594e-04
2.945003940536077263e-03
3.925481356660923972e-04
7.409511665403352345e-04
4.169198972363267097e-04
4.132738511830014411e-04
7.761965210367406014e-04
4.700481934637767197e-04
4.875901387204912966e-04
7.986877097269545799e-04
1.268056259849490493e-03
1.260285518239150906e-03
4.501815759543213095e-04
5.185096549455108081e-04
5.626132896770954638e-04
1.450794351560271388e-03
4.950379443198040311e-04
1.173042356855459904e-03
1.576364355092323404e-03
4.077356171353496033e-04
3.199094147592960406e-03
7.371836452302471402e-04
1.044108240544181550e-03
5.664894788703765021e-04
1.260102215886596067e-03
7.640020981499352900e-04
9.641820910084283923e-04
8.677887085787703994e-04
8.636471436838576111e-04
2.786266057388764664e-03
4.401733062186207477e-04
4.999466705759514568e-04
8.864629309381028346e-04
3.233474721240227443e-04
1.944591549700030357e-03
1.534062204375187229e-03
3.076334220739039040e-04
6.245297246734559781e-04
1.175620370485272285e-03
1.042013157674184093e-03
1.380577410107410074e-03
3.321656450290586373e-04
3.964920781747277839e-04
8.582117948587134624e-04
4.844880956659218941e-04
9.514819942051990767e-04
1.239640557175338388e-03
9.843613873860789475e-04
4.289234119459326604e-04
9.685785517547136365e-04
7.507203985990701031e-03
7.794778083762835463e-04
1.751411560120348350e-03
7.866484113819873208e-04
4.569886804009816190e-04
1.422329089507419226e-03
5.713621307618037921e-04
9.580464664608272620e-04
5.686591609766750285e-04
1.049808002299132620e-03
7.425997448003625887e-04
7.185464633186570147e-04
8.644104303632079876e-04
1.247990715010158973e-03
5.780905059146801200e-04
9.580580315284707195e-04
1.303098372195941532e-03
8.539162978722065296e-04
5.251480448691505168e-04
1.438554458285595545e-03
8.929822759121315307e-04
5.647054560189624815e-04
7.021711950226972336e-04
5.600928861002030766e-04
5.108539321278686212e-04
5.398543665359048027e-04
5.628569917867970365e-04
9.454847408436912060e-04
3.488074519287063949e-04
9.046658658729214578e-04
1.002600389690804557e-03
9.486044322616632310e-04
1.032346897101738773e-03
9.472445974926787865e-04
1.818063126338084930e-03
4.421920535269120126e-04
1.321841037832777307e-03
5.389124473964871601e-04
8.018209027771328523e-04
8.113249821386171647e-04
7.185233610776719853e-04
4.055265916416979474e-04
1.132524258247934092e-03
5.640380740803731252e-04
1.905249014390952974e-03
3.323733178638528605e-03
2.689161547405981463e-03
2.135795364917446749e-03
9.320681297379395562e-04
5.962072241798282036e-04
5.493821654745221659e-04
5.751005038402153642e-04
8.698799517358458923e-04
4.565169447548528725e-04
7.699169194915935887e-04
1.592141409007188186e-03
5.750046013929022192e-04
6.888501057663184123e-03
3.069994529390422926e-03
1.260746590390325909e-03
1.068891115416527879e-03
1.030784402659679988e-03
9.559651644918190638e-04
4.315150462992612909e-04
1.044188983590410656e-03
6.462356686219862230e-04
2.815825067394766624e-04
1.303105880647820224e-03
4.395488399419319797e-04
9.349720905541754378e-04
6.781419685784531711e-04
1.272536978115170782e-03
8.415276429709941637e-04
6.521324796312139059e-04
6.425061468848349607e-04
3.384071345937385939e-04
1.098607732849012737e-03
6.287167977561110375e-04
1.320896629422408297e-03
7.371836452302471402e-04
1.080303163446831929e-03
5.611000726185425046e-04
5.804264107107375437e-04
1.053584800033217613e-03
6.685582796221394399e-04
5.656891112838110212e-04
7.078093632481894477e-04
3.973356106875859661e-04
9.580464664608272620e-04
1.544792066382264179e-03
6.328844762979083478e-04
2.016322778716635525e-03
7.724938441373523220e-04
1.122496119876630278e-03
9.001562769470272066e-04
3.151291369559192784e-03
1.117802206824784718e-03
5.729485657792910292e-04
7.917729854678515547e-03
6.915515760396058736e-04
8.867439167673498096e-04
2.886557174799857413e-03
7.819139453090268770e-04
1.433623510432237682e-03
2.639774067527152386e-03
6.098830108981356671e-04
1.638762243791580227e-03
4.006941050530422161e-04
7.251010826035285319e-04
1.982279316412151673e-04
2.377755262268685778e-04
3.863523551300867588e-04
7.847874631188095839e-04
4.527625800248220628e-04
4.914268948046204757e-04
1.077891155445659908e-03
2.720171568129567223e-03
1.175746199661052965e-03
5.411701728476710693e-04
1.216869369561254625e-03
2.294282642857498489e-03
7.497634146436714733e-04
2.176942826298922801e-03
7.608522378371759647e-04
9.001562769470272066e-04
5.557010998052632541e-04
1.658962012345980945e-03
1.042013157674184093e-03
4.870049524079827488e-04
7.848211817946370693e-04
1.634766209384401698e-03
5.514621132566724458e-04
1.077965346580018980e-03
1.219882716905747698e-03
4.934298716786269384e-04
7.489415721370450271e-04
8.818706856527370455e-04
1.331612857646760064e-03
1.324702728571435471e-03
2.292641789936757709e-03
8.632910906656188644e-04
1.541439534365299322e-03
7.540343368018446579e-04
4.871969509062664501e-04
5.070928483553204576e-04
3.628896029670662248e-04
6.937452594558323133e-04
6.757333125167044397e-04
6.603554224082203291e-04
3.264410240330796313e-04
1.915966263040659850e-03
1.343036313170120621e-03
2.886557174799857413e-03
5.955913300043350804e-04
2.180464637406914156e-03
5.123799288594064723e-04
4.335245146027080668e-04
4.668283391452091187e-04
1.403364190431623205e-03
5.637637014192504840e-04
5.197781555103464990e-04
4.094043820245712507e-04
5.539806217426671486e-04
7.231004496608344585e-04
1.957271407332751307e-03
4.249078971853588048e-04
5.408269117195761396e-04
1.107815634600872777e-03
4.740171359818687487e-04
3.124488377477177472e-03
1.731763036560298070e-03
5.741891581225955438e-04
4.997238985846213025e-04
1.260384221417877766e-03
6.695614713745264837e-04
6.892099886496836931e-04
5.843515724472768532e-04
4.248815518993526077e-04
5.200116145232486047e-04
7.876182656706662592e-04
1.343036313170120621e-03
5.040959680916798228e-04
1.297790271102585097e-03
1.140741464096491076e-03
7.757850681806617186e-04
9.841865948291310048e-04
3.131522441423015626e-04
2.113568469694337374e-03
6.550063170113867286e-04
1.409751169902221518e-03
1.102979596882938500e-03
3.674168678628172762e-04
9.953188596982490317e-04
1.172636979769935877e-03
8.230425804698197380e-04
2.175492659449732025e-03
4.802393344304590334e-03
8.934777764347599620e-04
3.745024126250962276e-04
6.004409332797367403e-03
5.338034227210301753e-04
2.083491255737154359e-03
8.824236531769802947e-04
1.024277883569358607e-03
1.010918269070289243e-03
5.390835335000292985e-04
4.175263158470093406e-04
5.529239135474194392e-04
7.752394490318419238e-04
8.018475794644981496e-04
6.646674605626603539e-04
6.588665708264324853e-04
8.704434862808552512e-04
1.778868460496821303e-03
2.631645427322782033e-04
5.621027739969708783e-04
9.301921700266927448e-04
7.078332274275344303e-04
1.433235685281353082e-03
5.962411613432702998e-04
8.739862620677385941e-04
6.340596431155852766e-04
9.667438751913181227e-04
5.657384045637892447e-04
6.911371283887542518e-04
1.108656828870011003e-03
5.714103925756830677e-04
6.027903212954964680e-04
1.918833432388836321e-03
5.287961208178482359e-04
2.039232627419992460e-03
5.858328966479710385e-04
3.473467804572386627e-04
5.744688365537053932e-04
3.192198995167793481e-04
1.977596443204657304e-03
1.021558282439849604e-03
6.957713170649464313e-04
1.120655963754767096e-03
1.287773386386190707e-03
6.779690692500102943e-04
6.066841151835748302e-04
9.586870821537566215e-04
4.822499807708163647e-04
1.261583439000069952e-03
3.244627457761593316e-04
3.704173408768083892e-03
1.196443585880067060e-03
1.049808002299132620e-03
7.909906689827244557e-04
5.840692976144181304e-04
6.445643171286943212e-04
1.137521054016524171e-03
4.981089436701967082e-04
5.483531197028354391e-04
3.556559948036001634e-03
5.410008348355992277e-04
1.129845297638211584e-03
8.075291195676335444e-04
7.303928318302350736e-04
1.135976320261875092e-03
2.973607595012026919e-04
1.288869632572107321e-03
5.599467227116737859e-04
9.315807404042813914e-04
4.363256026925411046e-04
5.628569917867970365e-04
5.959473793838945170e-04
2.135272242023697215e-03
7.790336198508671876e-04
2.209596047384181517e-03
3.029100047779651611e-03
5.793716124116452329e-04
4.790894047908784764e-04
2.141042611844973676e-03
7.142102228345953473e-04
1.745011018329594658e-03
5.979483575402974463e-04
1.909092418737805535e-03
3.378279355020840182e-04
1.085690871585231121e-03
4.627590658206084365e-04
1.096090631169939099e-03
5.423055503395593849e-04
1.024953154511911617e-03
8.465785498251109618e-04
1.809358628548311983e-03
1.070853445157844263e-03
6.838941090178599471e-04
4.228892754871858210e-04
4.117132003379325158e-04
7.966527306032807976e-04
6.894374438840732621e-04
4.553950543723063937e-04
9.475272456110748641e-04
9.096947984870684114e-04
3.958489570254926219e-04
1.386262020971780386e-03
3.931414768457818366e-04
7.048910330453268076e-04
1.287282834762749862e-03
4.472435959943443719e-04
2.013753246739556808e-03
5.757011559286254491e-04
4.134385650208137952e-04
1.327927825203611837e-03
2.580610255276003461e-04
9.679806439450164626e-04
6.184634340567078713e-04
5.266477785020493799e-04
2.179761045657629265e-03
4.841075478104573207e-04
2.496083435994135829e-03
3.125444071378289247e-04
3.374269530335115828e-04
8.138537516871586055e-04
9.927826589227718105e-04
1.133584062554307201e-03
8.433947226721494675e-04
1.300921469876576688e-03
1.016320477778579964e-03
3.487610917653120955e-04
5.086417812007188030e-04
8.078485547897504976e-04
6.213798563238845515e-04
5.612473859515918276e-04
6.178100231079931620e-04
3.103201333561578733e-04
5.757011559286254491e-04
1.057406883966150162e-03
1.964428598523910822e-03
8.328022128019926069e-04
7.854691405652069460e-04
6.389114641262616566e-04
1.262012546379301684e-03
2.465538970780179959e-03
9.939604757078634046e-04
1.621835871078307649e-03
1.502839091030406258e-03
6.727822350742851485e-04
1.212210300665460651e-03
5.346568078596826857e-04
4.343722648565046017e-04
1.098542058544758546e-03
6.685582796221394399e-04
1.536418588643586680e-03
4.950379443198040311e-04
9.795003157062698394e-04
5.839698295634111747e-04
2.641651476634877035e-03
9.495864901422497971e-04
8.498763357978638593e-04
6.453497524980344015e-04
8.325659038139746797e-04
4.144347991547312512e-04
6.047296630540774940e-04
9.901579447883336951e-04
6.066841151835748302e-04
1.282499045826240251e-03
5.411701728476710693e-04
1.099806609596109749e-03
1.311518586438071080e-03
1.091550881094956269e-03
5.518706389551091863e-04
5.418141053473381121e-04
1.177534250207350544e-03
9.090426775296940121e-04
7.851578792350751316e-04
1.647911269412830754e-03
1.925653206846197115e-03
5.464677727046129930e-04
8.924158272714350845e-04
1.288436402388841440e-03
6.757187707330680358e-04
5.626662884038602245e-04
2.769930710348464387e-03
3.319086430406561691e-03
7.078093632481894477e-04
1.303098372195941532e-03
1.794771687492092462e-03
3.494004801858671249e-04
8.469655931134697753e-04
8.207109454887076116e-04
6.063878842038839456e-04
7.651186688022098637e-04
1.924687769018172071e-03
1.007056345386927055e-03
7.549893340974748015e-04
5.832842132007896993e-04
8.074517641883411246e-04
7.126376904318331394e-04
1.000922065631160455e-03
1.490627628036349716e-03
9.870965645791920148e-04
4.348298229056252271e-04
9.141596481743802715e-04
6.340807828712362358e-04
1.267225287542217546e-03
6.303975476660772992e-04
3.285483971397286135e-04
9.311413114897838577e-04
6.977518590399754738e-04
1.032584097362926768e-03
5.366951031986939586e-04
5.614831120092098407e-04
6.053981789212667386e-04
4.747004742268301058e-04
8.222950679285202444e-04
8.269916525242152275e-04
6.218683155516322716e-04
5.912795257791464594e-04
7.286426663674134456e-04
1.706122743249248626e-03
6.631190069041861986e-04
5.223986151936409108e-04
1.209413777434437468e-03
6.943219352044411458e-04
9.857326935631188433e-04
3.801686288485594221e-03
6.961272978353052988e-04
3.730314385468882165e-04
1.325614579430320480e-03
1.297295804907948628e-03
5.610805853336482381e-04
5.918959777719289038e-04
1.610997627604006822e-03
6.476939144280184071e-04
5.042240997533645880e-04
5.092600989705096167e-04
5.272912824985429405e-04
5.042126488455411825e-04
1.008856497183723911e-03
4.220527810664918833e-04
2.941737339389066154e-04
1.426901287938937835e-03
7.721828346288540403e-04
1.863910011159538877e-03
5.633081458391407800e-04
7.689082686843561271e-04
5.612164299822615084e-04
7.682733452133174400e-04
3.356730493597502650e-04
3.824751720401140475e-04
7.475395527341511734e-04
1.246206038488198225e-03
1.322105720735301370e-03
1.172279680077538367e-03
2.985734593809582431e-04
5.650269734382342562e-04
6.995496844481764601e-04
6.543696831975454346e-04
1.041463859508516077e-03
9.361757292204578090e-04
9.064565972110974522e-04
1.371497684620325442e-03
3.995016613988991590e-04
2.872578440404217198e-04
6.151913433989594001e-04
8.712126726747975976e-04
5.491052248530764067e-04
8.076497014899639004e-04
1.241768117060412010e-03
1.249973460178816637e-03
7.309422385092747719e-04
5.973416477249548747e-04
6.348066128945296363e-04
1.197559671481439846e-03
1.741503340175958947e-03
3.877709447415613581e-04
4.001404809245792411e-04
5.206391311894570167e-04
2.164195788342112778e-03
8.658779644503289841e-04
9.111159686132071049e-04
6.105715623366790318e-04
6.553756187992101478e-04
5.357257982551960184e-04
8.143833440976118530e-04
5.564219268807805464e-04
2.556309671137697815e-04
1.503621800128733359e-03
7.536036016048430243e-04
8.871768124758459785e-04
1.295727775367025349e-03
7.115770690324313766e-04
7.798960578626537707e-04
5.237508433071028785e-04
8.910030005974217638e-04
5.365350451331426509e-04
5.615212368359937889e-04
4.697540968512181419e-04
1.263007793198543541e-03
3.089185778413619304e-04
9.302142886708099747e-04
7.781518632177978441e-04
3.366001826283954211e-04
6.732224538758740722e-04
5.563796307808065687e-04
1.263007793198543541e-03
9.555739255049827989e-04
7.089055755064470939e-04
3.028376850071884136e-03
2.537681037061344735e-04
3.930962306476604813e-04
7.295574999861944090e-04
1.281118945025430450e-03
1.285103487555596920e-03
7.648099322273483507e-04
5.774066816035220307e-04
3.481338990249727215e-04
1.032594140276982264e-03
7.625205128142990927e-04
3.048127935383813892e-04
7.151137117748420508e-04
1.028720788656821601e-03
3.375683449507451642e-04
7.745800655279220376e-04
2.640661163806742244e-04
4.982575279780045207e-04
6.565997758696904413e-04
9.316469735277007865e-04
1.542476928889462617e-03
8.198408102291690870e-04
3.171610119549837640e-04
1.057734079408103635e-03
2.851819162759124766e-04
1.234016176778776619e-03
8.010404793456859076e-04
8.632910906656188644e-04
5.194651675051592532e-04
1.797175720407801804e-03
4.185152162557079485e-04
5.624009031002066058e-04
8.807099609454202690e-04
8.320359579605704188e-04
1.046375113542438468e-03
3.105437911093040268e-04
8.125334703865202566e-04
1.105156343060967154e-03
3.927361245084383650e-04
8.789176514820489731e-04
5.775530425648383367e-04
1.838014677423519851e-03
5.793104903727606080e-04
9.652661731634580708e-04
6.337757635725236195e-04
5.683813890011241371e-04
1.036248847805739922e-03
1.977596443204657304e-03
3.927203603467196340e-04
6.412892203938457165e-04
7.960802731575645011e-04
9.776209325799776594e-04
4.264323558099469076e-04
9.475272456110748641e-04
3.698605469202603411e-04
1.092358816742988650e-03
4.248970878062937923e-04
1.142221831438176459e-03
1.037855914297626829e-03
5.278482164126492267e-04
6.986978222133278810e-04
6.436674407669333705e-04
3.827460453593918045e-04
4.185576024532781394e-04
4.849626522141555905e-04
9.684034180206379117e-04
1.234016176778776619e-03
3.191922233228304323e-04
1.027732651566179217e-03
7.140725192361456735e-04
6.775639190104409395e-04
1.283369335274077731e-03
8.147116194771872929e-04
1.279071408878941453e-03
1.749193251155815778e-03
6.102706225242828788e-04
1.189258195595395895e-03
1.592795414393827561e-03
7.714476478695353381e-04
3.178593651983321129e-04
6.289082461539574230e-04
8.966511591240891674e-04
1.036437742556580756e-03
5.672032838730243706e-03
3.119130723145915884e-03
1.374707461876892387e-03
7.976060199266443934e-04
7.014950204646400785e-04
4.008959278746357900e-03
9.098777961981881256e-04
1.574257244852229334e-03
6.543696831975454346e-04
5.818053844248021215e-04
4.228250158163822663e-04
1.686910795745293892e-03
4.757253199883575644e-04
5.619802038240947649e-04
1.578716706032764778e-03
4.019232412658302789e-04
1.320896629422408297e-03
5.091627184950381661e-04
7.033471608572147010e-04
8.113104700259086933e-04
