2.748752557926401833e-03
1.587212228843607213e-03
9.684636757127827386e-04
3.850746300366594604e-04
4.041597233900036563e-03
3.367432917565217447e-03
1.382573548538601049e-03
2.404153936100626558e-04
5.263727156661388669e-04
6.817979944197630508e-04
6.254118133870075749e-04
3.890657927396784423e-04
9.032611725331309406e-04
1.322967117920277255e-03
7.630057894514575244e-04
1.364650226416294588e-03
1.283718906008483830e-03
5.151992529730626755e-04
1.336330594209402976e-03
2.662341839995167533e-03
6.274343229813400882e-04
6.288926793816497149e-04
6.626697166033257858e-04
1.071415319955918788e-03
1.082974596082747400e-03
1.897317770007730898e-03
7.212957405593880622e-04
6.652465019338950347e-04
5.412415805660352732e-04
4.013919592121489117e-04
4.120014355895277734e-04
2.941846807155354404e-04
5.945641388097761817e-04
6.088143801196995537e-04
1.328938862655134169e-03
5.300163116686000151e-04
3.482955673796305678e-04
1.573728657484908680e-03
9.074607623587066692e-04
2.681091937875966589e-03
1.662854158378916170e-03
8.227701334330207207e-04
8.668938262418240731e-04
3.446329559733565090e-04
1.150357030169598446e-03
2.539945581045335160e-04
2.150822545307577564e-04
2.695258352002345096e-03
3.013307849961008810e-04
9.893315316288986503e-04
3.420257161870163005e-04
9.496134392836729984e-04
7.816099289608562138e-04
6.497434459215589448e-04
7.581904866676817973e-04
9.593048656805992693e-04
7.756286559665997180e-04
7.725780626599603384e-04
3.206541634110978388e-03
8.996731398624647396e-04
4.006570413825392778e-04
9.877198029866476273e-04
6.485509302852414349e-04
7.675141631916582770e-04
9.780015513681530014e-04
1.140361403972209309e-03
8.929769030514749309e-04
6.913491273636793470e-04
7.543733926693334865e-04
1.153341514291399183e-03
1.016529151033211719e-03
7.586671523092798587e-04
2.260578366953174077e-03
1.176819727759607307e-03
1.644288435580849861e-03
7.322965013196488897e-04
1.172704688157240284e-03
1.352110117144110935e-03
8.171779919701810044e-04
4.677799773330638521e-04
1.034532749558609091e-03
6.900226237136599175e-03
9.450902562222231185e-04
1.178851455859366822e-03
8.042575887513613107e-04
6.042314408101760086e-04
5.692767604273483301e-04
1.352648298683532466e-03
5.136063250307382200e-04
6.276722421289647903e-04
1.472371009748859802e-03
6.112621763372760560e-04
7.777909949261314904e-04
8.761693641590851496e-04
5.803698522057604541e-04
8.695977282742865279e-04
3.476716768349351837e-04
4.473587442516814105e-04
3.750663822301946154e-03
5.282908041849089303e-04
1.053861213695841959e-03
4.048189632876769326e-04
6.690463266093640837e-04
9.791688388479569041e-04
6.767790868207115016e-04
8.546671747150453094e-04
5.024959775540764704e-04
5.069030963642846702e-04
4.429490592229057581e-04
6.376734792934728082e-04
1.738394227694950661e-03
8.807542523549449689e-04
1.342788925117769858e-03
1.436698247053588232e-03
9.451138893320271041e-04
6.155841613934368841e-04
1.015343881781262956e-03
6.337541063842209218e-04
7.693781158647697424e-04
4.911828288214153092e-04
3.482020334636516581e-03
5.717802598946667997e-04
7.816412206391860863e-04
1.196562011076567587e-03
7.552912262965276891e-04
6.219007189288699869e-04
9.203397912256941742e-04
1.806447268567061256e-03
5.651743626577558155e-04
5.667902939139570417e-04
5.735265237686532156e-04
6.481827137856489363e-04
8.505160955769407302e-04
9.535532533306924656e-04
1.225569330711604723e-03
1.527509770992910819e-03
8.474528076454683565e-04
8.036700891093283500e-04
9.550060735089749460e-04
6.617366245031202319e-04
3.473651232214339571e-04
1.326206964201895972e-03
1.198503046550716909e-03
3.864957487919833254e-04
2.878673188596089913e-04
4.543596599727265251e-04
3.481598136134347204e-04
4.199256405432193521e-04
1.111857779696568327e-03
7.019662315860237351e-04
1.370255777302670057e-03
5.834528583948601129e-04
1.843743085575682943e-03
8.922613063830064093e-04
5.168772446920089558e-04
6.937978221235603215e-04
1.099889549599417787e-03
3.440524093027974573e-04
2.103247367672932936e-04
3.750521813353668746e-04
7.897598089720906083e-04
8.087641851737337791e-04
8.951490642243822458e-04
1.366428225335329432e-03
4.917538797530275271e-04
8.804983585677602937e-04
1.007420214913796368e-03
9.736982543636403401e-04
7.905788450734291001e-04
9.182088096385132439e-04
9.644247756395720687e-04
5.484160944469293648e-04
7.149997162900459564e-04
6.278510719249972248e-04
1.436428038681852653e-03
6.369505585872435767e-04
1.417121981405872286e-03
1.466075269197075065e-03
4.846520285924221252e-04
3.710444958078885132e-04
6.656098887265307932e-04
1.411272756517070650e-03
6.274343229813400882e-04
1.385920844684380938e-03
5.011751909817065490e-04
2.371728667313559909e-03
4.396400349576264598e-04
3.998587413193216357e-04
2.271357915768347762e-03
8.609821622282607095e-04
1.270764572471475787e-03
1.084928126566281521e-03
6.883638953869337549e-04
1.533919592079546540e-03
1.092745412794803332e-03
8.171577439131749807e-04
3.792754390290513302e-04
6.279922593364642642e-04
6.989468416053603661e-04
9.095559793531549303e-04
2.485750382423874798e-03
2.536590518362624551e-03
4.443348829967130246e-04
7.033993652049295086e-04
3.987605327840604784e-04
5.914769673348753551e-04
1.924349029174941654e-03
1.267254837219090055e-03
2.312827989905436206e-03
8.203969317203737427e-04
9.255232526495655839e-04
1.397758865633846534e-03
2.997077180772234647e-04
8.268995083059184868e-04
1.251317154598269353e-03
2.186969347253540788e-04
7.793935989155863654e-04
4.267460556349616271e-04
5.100303708404755904e-04
1.072544654945352220e-03
8.745475917939878789e-04
7.066249682445877945e-04
2.051381728006606078e-03
5.418960377781144484e-04
1.988459624073640134e-03
3.481140259928211305e-04
1.254554761957343747e-03
1.856491153630440228e-03
5.120017610229874588e-04
4.798794652227820687e-04
1.011320107560544470e-03
9.031883718056163239e-04
4.130455106509765958e-04
3.756105142215573336e-04
8.307234789790682219e-04
5.521776343978115681e-04
1.047720907756769957e-03
6.567779793937375413e-04
1.360871245831978731e-03
1.298546993434201687e-03
3.272035526727995382e-04
1.043520520822318037e-03
5.409812169368002866e-04
3.697302775350001618e-03
8.176993676046899256e-04
1.423573859636608450e-03
1.766208910804644826e-03
1.114572659605424405e-03
9.713715700950688705e-04
4.255122730699521902e-04
1.142511627132533104e-03
1.553182324852302783e-03
8.914415425719686686e-04
4.594694241018053792e-04
7.235090475257855000e-04
7.255612640638278796e-04
4.929613228253964998e-04
5.383200210026028781e-04
1.261474460384752949e-03
2.179211904737029127e-03
1.573411385203752830e-03
1.253762128314327758e-03
8.347672295576077711e-04
6.559295694370585695e-04
1.294726657578596559e-03
6.427359937926489407e-04
1.238802761254476775e-03
4.908374441000239435e-04
5.012951399208515069e-04
6.658834476552026550e-04
5.451204020330323655e-04
1.068706759398367970e-03
9.000159236236896778e-04
5.407909594743795902e-04
6.100629015042024258e-04
5.552645608039157585e-04
9.112184870163047689e-04
6.002332769421112090e-04
1.197293049967059451e-03
1.074138943146550097e-03
9.362567074446824815e-04
1.327823662392768785e-03
1.231513632759218988e-03
4.730353539237913837e-04
3.855898199472775393e-04
8.289230271017955986e-04
7.682606563144023411e-04
1.645017245592115141e-03
5.868849810593883233e-04
6.560447003079545800e-04
1.261512349129832256e-03
4.561844268434951687e-04
1.384723922444514683e-03
2.490929583538859828e-03
6.977611477892390474e-04
4.104271063108704725e-04
5.720431535492795719e-04
6.497269467421225167e-04
2.695167918598610421e-03
4.930416165217970997e-04
1.443371413362807242e-03
3.982466516817830763e-04
8.564736417965324337e-04
8.023202935015463387e-04
7.885041466322087467e-04
1.624927925297161560e-03
4.987422857803828005e-04
1.109548168632555967e-03
5.226489936322922369e-04
1.449238512002792205e-03
7.790342125375308239e-04
6.178931298731112900e-04
6.108831598321805842e-04
1.408413525479382516e-03
2.156078350036706726e-03
1.692587813694131343e-03
1.008254465618110569e-03
1.126243932572516251e-03
6.643662574397033458e-04
8.365349177577355820e-04
6.794615121191914736e-04
4.244930214808740622e-04
5.976459911715811726e-04
7.722902868888495030e-04
7.549152957449560769e-04
1.843743085575682943e-03
4.748998160112747539e-04
5.253613267476916343e-04
1.358417375943493134e-03
1.239322450501194241e-03
9.233524629596704964e-04
6.353810418590978603e-04
1.880832969465617626e-04
1.835691324944167466e-03
3.330566436812702085e-04
1.030390910251218102e-03
8.945655273084943387e-04
6.532815740665346739e-04
4.473166351723440945e-04
4.291709402585319353e-04
7.126805045612709518e-04
1.638746579577489036e-03
1.074375153595004797e-03
1.545272919088598075e-03
3.337009813974835173e-03
5.091310830768478249e-04
7.508764953727951235e-04
8.188218862363840422e-04
7.305539576347514419e-04
1.110170439174970863e-03
2.714790476883804059e-03
1.133018228772572026e-03
3.487050440391603287e-04
6.979120780482370038e-04
1.857738222593340244e-04
6.543406447569029239e-04
1.417121981405872286e-03
2.216951558618802682e-03
1.337311831368558296e-03
3.630121329499218317e-03
5.079049673005035792e-03
6.574985855560733141e-04
1.140981128699094897e-03
6.609048369302254538e-04
1.166956068029980330e-03
4.116577106819095406e-04
8.008412110165626747e-04
6.908141291754071227e-04
1.335036509949540226e-03
6.110848169806169664e-04
1.701675427176274321e-03
1.346875819604631324e-03
8.227521792106702288e-04
8.602881894206969695e-04
1.552002511699628225e-03
1.550259164780552279e-03
4.100915039874364343e-04
8.241314411192598001e-04
1.688213917364131096e-03
1.272979614671721545e-03
1.504663446559481501e-03
9.643210045565487947e-04
5.803336049392300447e-04
9.710454484422895117e-04
3.786607027029782269e-04
5.939230503756805137e-04
1.022199401201419854e-03
4.251418548056486559e-04
6.083201763391805385e-04
4.663316099945192020e-04
1.144537989158879530e-03
1.495067496765648245e-03
1.377642235441347510e-03
1.926596005224916891e-03
6.778864820193715142e-04
3.138379422022288812e-03
4.656886956863699658e-04
1.420512185239700608e-03
8.136074862063209095e-04
4.705728799923261803e-04
7.482124610794313067e-04
8.999643830611513259e-04
1.020980914213261842e-03
1.527995333389530917e-03
6.413016436438136398e-04
6.992123973751119929e-03
1.031994388220633862e-03
2.616053528756887795e-04
7.191160877358305408e-04
3.613995591896101305e-04
6.379142499323039702e-04
6.878532013442606972e-04
5.752760585845217815e-04
3.092754389719998319e-04
7.250108054303083848e-04
4.117222905575439532e-04
4.522995354553807461e-04
2.851795646682719378e-03
2.942954767123453531e-04
5.099156099187101545e-04
2.292313723771610169e-03
1.481543680231306708e-03
6.203786383251968335e-04
1.392949525707181226e-03
4.393255401313893890e-04
9.987806662289130770e-04
1.169169831299070447e-03
5.392309628037937489e-04
3.389423684266273332e-03
4.929613228253964998e-04
1.327823662392768785e-03
8.748648556468021547e-04
5.920880868201028107e-04
5.588896285961647255e-04
5.529456314433324081e-04
1.080415749969495945e-03
2.412239476536366244e-04
1.266687638002984709e-03
1.056172372036796306e-03
8.210950501659902701e-04
6.577376887554997175e-04
1.293690955754653923e-03
4.723502173592476414e-04
6.059527941347202110e-04
3.196811277971386392e-04
8.738473424127156646e-04
2.917087568950988492e-04
1.421484138421463730e-03
3.913082866302019722e-03
4.118947986525842218e-04
1.068837650779311515e-03
2.624934253696196203e-03
1.147256057797110774e-03
1.661296071192058148e-03
7.157683375433849344e-04
1.161915649099105538e-03
7.027560756582419514e-04
4.972459864535582700e-04
2.567184311501195305e-04
5.521685060518599381e-04
7.262806174261485573e-04
5.420717337772984522e-04
8.087641851737337791e-04
5.281820729422057482e-04
5.909586351062781585e-04
7.816099289608562138e-04
9.719305035348163547e-04
1.102879416608555782e-03
1.513982312412105171e-03
4.425841559575528512e-04
1.110928349329254718e-03
5.344784798513073582e-04
9.031883718056163239e-04
4.064773693723094093e-04
3.484809951629751624e-04
3.327172846061934907e-04
6.784616977166965874e-04
5.069030963642846702e-04
7.784601737664682526e-04
1.335241480577422073e-03
8.779847208494437772e-04
1.335260950099618343e-03
1.401455451207550941e-03
1.959516214950600410e-03
2.502155032348643560e-03
9.319996764959764032e-04
1.797501312342606383e-03
9.662505612838170454e-04
6.144422112293663378e-04
3.804526629342551512e-03
7.255218313348261961e-04
7.322965013196488897e-04
1.133494089733851073e-03
5.892400340681186498e-04
7.522237623446369594e-04
8.062343678614409268e-04
9.248032781098564081e-04
1.656917218225180269e-03
1.057876618831063128e-03
1.629325925950902369e-03
7.171865180736559974e-04
1.007563456937726970e-03
4.614208586787263053e-04
6.786279898642983907e-04
1.849620591381604231e-03
7.281464777190855804e-04
7.157738094093910259e-04
6.276979373337793645e-04
1.083960530340672725e-02
7.704810863701396081e-04
1.300997282847968272e-03
5.800605667038447391e-04
9.913524083746522685e-04
5.875808167250524787e-04
4.025110321797619839e-04
1.445456689611988735e-03
4.571109769783851203e-04
8.210949302948667176e-04
8.237994788716515929e-04
6.336087565844794427e-04
6.405553591390055444e-04
1.663277132631500298e-03
9.630228662100388196e-04
7.255784765991637238e-04
1.067594709647641483e-03
3.853302680246233547e-04
1.185008057239244792e-03
2.026388180931744040e-03
6.809225361998123447e-04
9.196766701525617210e-04
8.683134323474882201e-04
1.624222775585040454e-03
3.627490616456860526e-04
6.906226851363994395e-04
7.509063999677087703e-04
8.767370735211472239e-04
1.692600662233887353e-03
1.517690329524868905e-03
9.396870320655971703e-04
4.956277671120743866e-04
6.187617451393024812e-04
1.038671369247941810e-03
8.081086238251322662e-04
7.089132021712723792e-04
9.783886775374241260e-04
6.062892990239713642e-04
1.038979135715526695e-03
1.112019857541936448e-03
1.364487812797215982e-03
2.467413408706184354e-04
1.379829927168654737e-03
5.212280945786609311e-03
4.945877929478112098e-03
8.101278696465514986e-04
6.004690976184879053e-04
7.038432311463764567e-04
6.255128382494111244e-04
1.112884547363429287e-03
5.876294182955488004e-04
1.134769575141416579e-03
5.314405115619410223e-04
6.609048369302254538e-04
6.673899723814481506e-04
1.122540694501604876e-03
3.544983472200943851e-04
2.710179126067466531e-04
1.404175358139593630e-03
1.308087334020127624e-03
6.166337273640194955e-04
1.357764630952368714e-03
5.075728382097928872e-04
2.558233758805502842e-04
4.326261134411210000e-04
4.362550831417326240e-03
3.808430432788069290e-04
3.365354153209988404e-04
4.667836547825853768e-04
2.640334967534889703e-03
1.878944650126159735e-03
6.531232376446418405e-04
1.403678830415747017e-03
1.109526879049575754e-03
1.270416297309417443e-03
1.862866105249626637e-03
2.550978548486255298e-03
2.842393591411589105e-04
4.056632510090325242e-04
1.049799329251911023e-03
4.228382067731499051e-04
5.695744893145813581e-04
1.196210824359804012e-03
6.137880475331474340e-04
1.224650827243680762e-03
9.888097427379941538e-04
1.049252694929288026e-03
4.469478673553868423e-04
1.206443766647961663e-03
5.182530190268782580e-04
5.651743626577558155e-04
5.710430476525159673e-04
7.157912867790060512e-04
7.260572233116620268e-04
6.432666983025721015e-04
1.072939631309589208e-03
4.095869984423770394e-04
6.180437559605984595e-04
3.953779839208768814e-04
3.492290408066329207e-04
7.296710892338901210e-04
5.551641229194427714e-04
6.373841511340516252e-04
6.666996085417702328e-04
6.556899109400806270e-04
1.352941262113343699e-03
2.485750382423874798e-03
6.176009848387661438e-04
5.067141762035885181e-04
8.571033579084586310e-04
3.879789288756621828e-04
9.458738601795781348e-04
5.794729028405233009e-04
7.835049665959990675e-04
2.302472484686277510e-03
1.107192854694483489e-03
7.508764953727951235e-04
2.008214049337774237e-03
4.518155069365955624e-04
7.820102840167188641e-04
7.004609756590602417e-04
1.514012167766894037e-03
6.710144935669972192e-04
3.915291190378592120e-04
1.484026098948356505e-03
1.991226428822149251e-03
6.898497376909277405e-04
1.460532684703913422e-03
7.930966324995219119e-04
1.093927471744288128e-03
1.156400855333811943e-03
1.196947755758406232e-03
4.025508256063649033e-04
3.813856477519058058e-04
4.710309103374809019e-04
4.682349217821544477e-04
1.841776495114707092e-03
9.862283556840644675e-04
9.665357978992089724e-04
1.361649597556909702e-03
3.976738098483530094e-04
8.248772829236418816e-04
1.450569653663638485e-03
4.413437343007338984e-04
7.218671648831925542e-04
6.943882387029647225e-04
8.735459332417617410e-04
1.190543627730074371e-03
3.990937091205665698e-04
1.270330011002810061e-03
8.062343678614409268e-04
8.035560020556139008e-04
5.664433974066208737e-04
5.684120164794821857e-04
3.767842068621564898e-04
9.556369362063883970e-04
3.809740922310689889e-04
1.189829592392361397e-03
2.240691401401116289e-03
4.777804442626664458e-04
9.382299688407372967e-04
5.602494912907841733e-03
1.175694446563288866e-03
7.332802379967724628e-04
5.216642688740851311e-04
8.900319695131813291e-04
1.612563935260246219e-03
4.713560491061315736e-04
4.802126456225274884e-04
7.060490238433523571e-04
6.334254161434912630e-04
9.238663621705381010e-04
1.004335459780605812e-03
3.586674715839874772e-04
1.200434990636767068e-03
5.336901803124606764e-04
1.437002909394375283e-03
7.447378157418093692e-04
2.512657838279607793e-03
1.106487025698330365e-03
2.091323160846592956e-03
3.267830215434202375e-04
8.505160955769407302e-04
1.240342532879791255e-03
1.625762833093382254e-03
5.024959775540764704e-04
7.244002304987442672e-04
1.608032250578617225e-03
8.892603394542939995e-04
6.814337314958900712e-04
4.468963075605735381e-04
5.512417999626869703e-04
4.231673134225372819e-04
1.550988035222441606e-03
1.392113091992918219e-03
6.980115277477010180e-04
5.834528583948601129e-04
3.398225767483731676e-04
5.766485473963520137e-04
1.456034211353210255e-03
5.138290120027883467e-04
4.295907370801882105e-04
1.756685294332966871e-03
6.688443214547690890e-04
5.790096322289050917e-04
1.055257199543934094e-03
7.726269071550222146e-04
8.869077875434975763e-04
1.650468547770399122e-03
4.912315261114011487e-04
6.267588625108150941e-04
7.432782305688568616e-04
6.014112822499026413e-04
1.108999317301977931e-03
3.887623979305640043e-04
8.943716938906945023e-04
7.369286209684080711e-04
4.711823354779148734e-04
2.330426428399436610e-03
3.807062495411828802e-04
8.420346689879109345e-04
4.094023244796906290e-04
6.042648004604264309e-04
3.899534341677741728e-04
5.284717922081515933e-04
7.350892694114198990e-04
9.031883718056163239e-04
2.773137200720587892e-04
9.588537052286628644e-04
5.142997593959083152e-04
7.985008191953250206e-04
6.910319403714596746e-04
4.688324398957625298e-04
9.441540643808045072e-04
8.727350217510473863e-04
6.917011778969472512e-04
1.189829592392361397e-03
1.092127104390118106e-03
5.970530382162061913e-04
1.005800355086106405e-03
5.535268248564090190e-04
1.267108723996838255e-03
1.053861213695841959e-03
8.704623625923690140e-04
1.011320107560544470e-03
1.223189383478047454e-03
4.760440100461241003e-04
4.105594884092884467e-04
7.726269071550222146e-04
1.606145865652943870e-03
9.565273058831611245e-04
8.112906201032431611e-04
6.577376887554997175e-04
2.741015853390738576e-03
1.264811759657557795e-03
1.708309045392855576e-03
1.104662459401647328e-03
4.967724060363024876e-04
1.101548304225609919e-03
1.399177819033657448e-03
1.101762066345764873e-03
7.249795950134761517e-04
3.776358632610685032e-04
1.271012223171361782e-03
5.873306385212683596e-04
4.939144349988793935e-04
4.514951693699597885e-04
2.395024230867805280e-03
3.569837114025713534e-04
4.924063012956443868e-04
4.546178083852031658e-04
5.769982798330721948e-04
1.175694446563288866e-03
9.245545517318697840e-04
5.615194941061690814e-04
2.694245085838155654e-04
4.254103889970565523e-04
2.660100562132374164e-04
7.364660019285092923e-04
6.052539474990843325e-04
7.014876245042434445e-04
5.623784963806936982e-04
1.057560065956181196e-03
1.419501841309005847e-03
1.279055580681494504e-03
1.026830919495068471e-03
9.052585593143136532e-04
4.602058359623003485e-04
3.512846519346395665e-04
1.007420214913796368e-03
1.891798402770523187e-03
1.161806752501992829e-03
1.047166001110142559e-03
4.945155642290306351e-04
4.445166065822915547e-04
4.728938551387274077e-04
7.856407024631712832e-04
8.474528076454683565e-04
1.102879416608555782e-03
1.608032250578617225e-03
9.737910241132455812e-04
4.372991711224596696e-04
4.753219405093527558e-04
4.711858382984272526e-04
8.077492809174700254e-04
5.974616028667259189e-04
8.923566126339708623e-04
1.779961752584401091e-03
9.885378995434976855e-04
1.978225223865079374e-03
4.572800113456079512e-04
7.093172157289446894e-04
6.568647036190780998e-04
1.232257311616132478e-03
7.496932476957030933e-04
9.862288384810647627e-04
5.171978302453032273e-04
1.046454614751129173e-03
1.491743389746360638e-03
9.458738601795781348e-04
2.518023279831647422e-04
5.241736742378289363e-04
2.311363860750645979e-03
6.572397296058254089e-04
9.243746053267093811e-04
1.115678629277296443e-03
8.298700598987740051e-04
6.928972442197941714e-04
5.366743699524983285e-04
1.105739626023766577e-03
4.587096244312110723e-04
3.039420055858770551e-04
7.488218502448288532e-04
1.758852640695357863e-03
3.554510342684906151e-04
3.960656260109111015e-04
3.887623979305640043e-04
1.780749067122516186e-03
8.304650930883116476e-04
1.724152184717042723e-03
9.885378995434976855e-04
9.111090666359193376e-04
5.976459911715811726e-04
5.333168582864145297e-04
1.146266131183649832e-03
5.482946792655368903e-04
2.096326110023408705e-03
1.955562397362253877e-03
3.138466269291916694e-04
7.778610775276005758e-04
3.440524093027974573e-04
7.673597819649035376e-04
8.767301354691921147e-04
1.474132648594787863e-03
1.052969853167821501e-03
8.908044745781742079e-04
4.488263914976985602e-04
1.060023823946518434e-03
9.936374196876933580e-04
1.289420395932609287e-03
6.101990743132304452e-04
5.483565892425661505e-04
8.501797799378664131e-04
6.542947167637146047e-04
6.254118133870075749e-04
5.601556844012233090e-04
1.546579896712299215e-03
4.622459373360542773e-04
3.003458043491593222e-03
4.477584178212207417e-04
1.979043262855164059e-03
2.889265769281933204e-04
4.392872391565910261e-04
5.108121791722621246e-04
5.120706103411528515e-03
1.758852640695357863e-03
1.453073799536437095e-03
5.059233220175576124e-04
1.914102609955934710e-03
1.067507656664831760e-03
3.699151117019825277e-04
5.535739978231252537e-04
4.749959176799487697e-04
4.747311100813453441e-04
1.368359151225608189e-03
7.098476475369169857e-04
4.594694241018053792e-04
9.539919772168540483e-04
2.770281701603285541e-04
1.102879416608555782e-03
1.523475902738079431e-03
5.004902594443331239e-04
4.958565367893346927e-04
7.697593830054411243e-04
7.639624046308272996e-04
1.460430690344877158e-03
7.843614597906849303e-04
1.075166317519726019e-03
3.354906966667960469e-03
8.936288053217763226e-04
7.935951476006549181e-04
6.573569088013943816e-04
7.751459611613626104e-04
8.347759417544739404e-04
1.077052688956937291e-03
1.685963148944320160e-03
7.050508645488674266e-04
4.198467565720825218e-04
6.943108536742927800e-04
8.335782477071927233e-04
3.453954465167058483e-04
8.936603747918157523e-04
1.562872748989542352e-03
6.699431021208682863e-04
1.263939670558591891e-03
7.038017542715999239e-04
4.897832130391194770e-04
1.397564774990141517e-03
4.975519251864767402e-04
3.009626164356039683e-03
5.457887715438813686e-04
4.266626752420224142e-04
4.231673134225372819e-04
1.283322263683916000e-03
4.254956286885145690e-04
1.166935272851044514e-03
6.953601595461042029e-04
6.216155524476366318e-04
4.776000857164464813e-04
6.913049429687058390e-04
7.904936668041468058e-04
6.541344110960544507e-04
9.553586096093103072e-04
4.212280871871472584e-04
1.259975407002956061e-03
7.726192597499601444e-04
4.711823354779148734e-04
7.222765011745485792e-04
7.658551838126557076e-04
9.974948028995166485e-04
1.939975834408841316e-03
1.158116222677597982e-03
4.422629658954278916e-04
9.887406190819849998e-04
3.996205121458104603e-04
8.284797546106427652e-04
4.098724442379388425e-04
4.680505636038661795e-04
4.824592211416067321e-04
1.845025362131270203e-03
1.650298984499352396e-03
4.766821839763623844e-04
1.297572187412945281e-03
9.233524629596704964e-04
6.825923706970466126e-04
9.599009640324535509e-04
5.939685616323346629e-04
1.022552228780962630e-03
7.410210085487278255e-04
4.468963075605735381e-04
7.661527764475315741e-04
3.418306254599253326e-04
9.233524629596704964e-04
6.905053673676767555e-04
4.945877929478112098e-03
9.667310176389589489e-04
3.991585033521718139e-03
9.424843636788775379e-04
3.740627634385315062e-04
9.100934894132531447e-04
9.770358031994728736e-04
9.506983951895334791e-04
6.847274636076752449e-04
1.238719401470293529e-03
6.900470934529993015e-04
6.868413209191837976e-04
1.078701087778524085e-03
8.294010658746380025e-04
6.943905898962099204e-04
2.165480563495447144e-04
4.450333462106756941e-04
3.152071305905581461e-03
8.079459457523298751e-04
1.385920844684380938e-03
3.337750809133310705e-04
1.028067553194917522e-03
9.040977963092400923e-04
9.901184120117683535e-04
1.124761668210483420e-03
5.072002018661404170e-04
5.925774052658850342e-03
7.990904057593571251e-04
