1.407459675159910628e-03
1.110066119370193465e-03
9.265080818151945254e-04
7.204727942804247396e-04
5.198095271934712611e-04
8.804879140897907321e-04
7.542104656328348653e-04
4.086730825552922688e-04
2.194269422512996805e-03
5.128149726582510335e-04
3.890341843538315330e-04
1.011651032706381570e-03
8.811863344254550505e-04
4.726521580006237070e-04
6.111068378670930215e-04
6.564600589528620011e-04
1.889020531066070178e-03
6.648786971441984208e-04
3.980520220941806821e-04
2.108411767934927159e-03
2.695296263260903440e-04
1.562395483191745139e-03
3.223287570774521966e-04
7.657036702224086699e-04
5.516949961379856091e-04
3.795723421340010386e-04
1.914466614590058617e-03
1.295254878198544724e-03
1.834702955424256108e-03
1.020295935413659998e-03
6.984872699122338623e-04
6.386338102525680521e-04
1.385913485302831026e-03
8.795078585189367026e-03
5.504281111321904143e-04
3.269596892681953144e-03
2.724218880788785695e-04
1.229105664477154808e-03
7.957398293205547807e-04
4.574657478508729370e-03
2.620285927802756365e-04
1.524626222181838311e-03
2.690971194906002914e-04
7.265997389034243139e-04
8.177187322473611006e-04
4.977726222357909455e-04
3.887360286690131131e-04
3.120596699302639887e-04
1.276821609315894864e-03
2.164286776012336495e-03
7.141064221930799177e-04
7.356756771159132314e-04
3.083777272625185775e-04
2.711770394944024816e-04
1.042911551004030261e-03
4.861002630954998111e-04
3.432110950065598610e-04
1.050893638403768227e-03
6.721512300864984201e-04
4.219871870059516551e-04
1.973062501077493553e-03
9.810130386408227269e-04
1.109983843128330757e-03
5.095825238111786372e-04
6.086396926162349931e-04
5.596882013831329600e-04
5.376939343778666409e-04
3.351937875390214780e-04
6.258059375349515853e-04
1.063296447482095031e-03
2.704487031726132782e-03
5.374651017297529766e-04
3.417853820632947657e-03
3.241358412836969211e-04
5.890168434763417638e-04
1.239787944710788988e-03
4.817906922105675725e-04
2.129336437972516771e-04
8.535622517261701658e-04
1.115142878856978034e-03
6.163795589004593487e-04
4.289131872982791045e-04
3.640832161730782075e-04
2.075014653166603836e-04
8.015304635130140543e-04
5.279197960605098950e-04
7.080095342283091635e-04
3.470026314381627797e-04
3.103496850719968721e-03
7.394280816299917021e-04
2.012833335122542460e-03
7.128434978170107095e-04
3.650338631047655687e-04
4.308688159273596887e-04
7.007349179307785373e-04
1.600693841095369606e-03
3.646324582656360383e-04
4.717129333180912140e-04
5.018977631019746859e-04
4.880065070342503360e-04
7.043828502461058679e-04
8.250221729717759165e-04
2.484949727183086068e-03
2.715361380208515941e-04
5.798979125195924487e-04
8.813229432796562375e-04
3.516897047062088875e-04
2.596784837213819957e-03
3.378912595275801933e-04
1.402482436290381027e-03
7.966323861346089052e-04
6.898865481779615887e-04
1.793403512601347491e-03
5.432064512849667150e-04
6.270421868883751821e-04
6.647425418174515406e-04
8.941906648293975910e-04
9.417396091014341433e-04
2.698498526587349701e-04
7.673133781656971521e-04
2.336363637135703292e-03
1.858519728523152332e-04
6.163716674813043842e-04
7.731036159148236197e-04
3.352911544886190941e-04
1.167268766168981509e-03
6.953011027249460111e-04
9.140017889533236847e-04
1.875702027442353870e-03
7.571495577147099561e-04
5.880670916378725891e-04
1.330876021027637031e-03
5.424819637165805356e-04
6.984683184286553459e-04
5.321153283337301011e-04
6.335405125076514800e-04
1.904020090932112943e-03
5.678535933298194116e-04
1.221841273333291317e-03
7.806494887872834475e-04
6.342785221284263789e-04
6.108347091669115957e-04
7.606910572700767816e-04
8.575089666365845681e-04
8.887691579573008590e-04
4.689963952812068078e-04
1.198828819258732125e-03
5.985137647830847960e-04
5.985956685384230232e-04
4.033458389207836389e-04
6.184777827944158354e-03
1.330876021027637031e-03
1.754832927925796321e-03
8.398494223267840468e-04
9.776058416913475761e-04
9.801787363909720240e-04
7.196193790483805834e-04
5.242013091550053790e-04
8.171954137092742477e-04
3.239900665492869889e-04
2.099509331098767164e-03
5.628578699822477495e-04
6.286926195530743479e-04
1.281547307285247012e-03
2.021695426536018747e-03
5.855919669109241549e-04
9.620482550636026871e-04
5.860273895783085557e-04
8.475345238714738095e-04
4.926888540399067436e-04
6.485243034635898010e-04
1.214059836018947401e-03
6.297394815783628362e-04
3.198864482832470234e-04
1.053026218429510249e-03
9.214012093021481734e-04
1.022869599293467751e-03
4.567944879762768492e-04
1.684890169152482254e-03
1.634537949077397327e-03
5.396808472878650417e-04
9.259488768913240984e-04
4.707303005425662445e-04
4.559564604432723598e-04
2.546211410349923793e-03
5.095141827211806078e-04
7.114896545396474621e-04
1.377148155027131888e-03
6.835559795339435103e-04
2.825067866764818889e-03
8.910518479994396744e-04
1.153099092049893843e-03
1.066016303808632690e-03
4.673666057290081681e-04
7.755257408330330478e-04
1.407041332845540777e-03
2.972550959429355209e-04
8.834716320234443617e-04
4.428567909530451829e-04
3.793840942358694046e-04
2.351105796347323731e-04
2.138203271752704465e-04
5.491304682184451310e-04
1.464539423444994725e-03
4.496558447171142671e-04
9.420613917521571947e-04
3.676565017861390121e-04
1.297980255390257564e-03
1.191483833026385844e-03
1.702628594324748842e-04
6.216411280473656048e-04
4.319722258912599925e-04
1.160985841944323299e-03
5.046132747314258701e-04
5.102921666902096760e-04
8.953606537614963203e-04
2.052374110808742429e-03
8.599115679020326785e-04
3.061061570665155008e-04
1.302353774102458584e-03
2.288981052825001580e-03
1.590651377547526012e-03
5.416575296896638430e-04
6.820212668474391051e-04
1.367198148068410422e-03
8.286903803580370409e-04
6.001446110342382274e-04
3.559851423849948789e-03
2.073902738991035329e-03
7.152325607274169711e-04
3.640832161730782075e-04
4.777587428985526270e-04
9.457944765916838879e-04
1.655028579908441157e-03
1.428010279925454300e-03
8.012913578160764470e-04
5.810458457237623747e-04
7.703117723442020259e-04
4.755213539862743373e-04
3.087832539946143233e-04
3.915633487176483360e-04
2.770975403134722610e-04
3.813484506847807229e-04
4.378655667820526703e-04
1.256487258990942983e-03
9.282958940913178976e-04
9.800479025284618544e-04
2.068275157186703385e-03
2.977661931325961599e-04
4.051275766332750744e-03
6.622699809125073053e-04
1.228048270048925960e-03
7.823952952024463290e-04
4.051275766332750744e-03
3.938027843968352863e-03
1.523742405116825958e-03
2.896047159040539536e-03
3.867925433854891713e-04
8.840489021052887067e-04
1.343296760485655252e-03
1.895137073876601802e-04
3.034200712759397320e-04
2.461579339645811673e-03
4.891308886269636266e-04
1.189757094201289835e-03
7.587322166528887978e-04
4.854807871583763433e-04
8.685694002003367621e-04
3.489218367587295006e-04
7.950285080527268742e-04
4.382731268457316551e-04
1.221445536673756689e-03
8.887691579573008590e-04
1.283689593520312726e-03
7.200964305958838579e-04
4.790146859281837100e-04
8.071567639425204169e-04
5.261453403974466645e-04
2.171927611389356822e-03
2.366034168632602606e-03
1.350000071500093027e-03
8.849099992051644853e-04
8.795078585189367026e-03
1.618243639851003890e-03
5.078863070239755069e-04
6.791119413105989495e-04
4.960010241639008438e-04
3.010604843348628728e-04
2.490824700989064961e-04
9.047536127681681320e-04
2.996852137049290797e-04
7.636621939116991107e-04
9.898251224751838072e-04
3.472451821889850762e-04
2.204934193825366917e-04
5.959673207753839923e-04
7.382021208730675001e-04
7.756683776407529525e-04
5.824326428654792980e-04
4.233031764372209354e-04
4.313748611857755170e-04
4.731587698059717875e-04
5.354206199570680971e-04
1.015538636568824853e-03
1.111465694729092896e-03
3.867954302497632248e-04
4.733645195129708807e-04
1.135481610428946790e-03
1.280788778080596416e-03
2.572595458117162264e-03
2.998553133502309623e-03
3.517387704764838143e-04
3.602281768609735466e-04
4.112675638925906529e-04
4.634289255223990583e-04
8.000526965819059703e-04
5.425469645553141797e-04
1.798646598087686680e-03
5.325717735607265633e-04
4.728280675305876826e-04
4.643546233443318627e-03
4.592001065922856110e-04
2.394124766725687792e-03
4.906491803107772796e-04
1.924386263942368547e-03
1.206190282361739021e-03
7.364370764546133074e-04
4.512081155368513337e-04
5.254368839323073428e-04
1.293979236761723514e-03
9.735632033338104986e-04
1.791193500023384845e-03
9.200878888708410690e-04
4.519577116457939529e-04
5.169267975070826341e-04
6.522957448203659751e-04
3.164294167825861611e-04
1.080805139006663172e-03
5.869882478410886738e-04
4.966153563597658620e-04
4.223916895251217754e-04
1.517604836491151174e-03
1.104013364305472117e-03
1.510792057773930556e-03
3.973738823075819403e-04
1.821451453390666346e-03
1.869077920958370567e-03
6.600929176479265401e-04
1.453623000275123481e-03
4.143131936820077443e-04
7.652780283260848457e-04
4.893923048465187485e-04
3.221850327749940421e-04
4.625018833867187919e-04
1.228048270048925960e-03
8.726695118735963144e-04
6.251198881167920659e-04
2.486611723815817295e-04
6.091110104320221789e-04
5.206542860965312916e-04
6.334318650188351532e-04
1.330876021027637031e-03
1.273926716434577774e-03
1.437126978939189852e-03
1.791354828397376730e-03
1.398865261936817293e-03
4.819022932542496411e-03
4.555505837284706035e-04
1.580547595116141768e-03
8.428346775318607898e-04
2.442160830358651924e-04
7.310943625076826756e-04
7.593279453344804709e-04
6.676267027917687311e-04
5.749400232603013670e-04
5.007079641293723420e-04
1.587896029621564198e-03
5.140088670442839605e-04
5.689457045468562487e-04
7.418779980521035804e-04
1.959911701264391119e-03
4.245513537786419693e-04
2.351105796347323731e-04
1.606947873074957445e-03
4.413269526366537208e-04
3.616760141347828738e-04
7.497969940083642820e-04
1.103991590338623385e-03
6.027919684929284152e-04
7.422226268711847996e-04
9.153338568660129848e-04
1.122638875670929886e-03
1.106332714468299646e-03
1.493343509067127919e-03
4.498397133993624255e-04
6.611284979449145527e-04
4.248198051371142054e-04
1.915293649359657612e-03
4.717869289043154723e-04
6.791945499551481965e-04
4.445153978929143991e-04
1.100292658271045205e-03
1.940620157613066801e-03
1.261837341093279734e-03
9.723736894515765681e-04
4.277311530709312980e-04
3.125951822060113851e-04
3.492320596741562886e-04
8.074836591717676326e-04
4.169196068533216441e-03
2.817902575889426591e-04
1.321946540096316904e-03
8.387421480271973389e-04
1.167750636785953562e-03
1.118844783738020144e-03
3.960074250490458513e-04
3.647151433537374030e-04
7.564713573062401388e-04
8.514011496236555902e-04
1.073510377471133519e-03
1.135982864456632586e-03
8.212221708569641346e-04
4.286214433720764269e-04
5.147872228406967987e-04
8.514148334507655328e-04
3.729429972822676399e-04
1.165272648471272522e-03
8.701129509454527330e-04
4.422605858333525158e-04
2.043035480797649427e-03
5.704468545858210060e-04
2.199573812884973983e-03
8.845104315079884393e-04
1.915878034520034816e-03
5.722802246656166119e-04
6.896167505973867544e-04
5.788867609661596872e-04
5.355237924834129739e-04
4.761048853840493139e-04
8.387421480271973389e-04
1.264036024074821629e-03
8.663930169105457961e-04
1.654264472088656812e-04
5.311768006909872112e-04
8.216075258676975007e-04
7.860541662304826186e-04
4.519887749584102247e-04
6.375220178738931877e-04
6.238633359355537887e-04
3.479164449472806606e-04
2.084133952317655455e-03
9.513108860290129870e-04
6.998516483372408054e-04
4.950047716396541436e-04
7.641942648546688451e-04
5.185280535498842328e-04
4.584281202289741653e-04
6.588635993310393161e-04
7.821661471597322543e-04
4.312045056877029481e-04
3.708480783388629683e-04
2.077593752176489471e-03
8.141107633608567814e-04
4.854691138382090246e-04
7.404335058990919090e-04
4.601823183477832539e-04
1.402664113128190924e-03
5.431130800268346758e-04
9.197084580136797010e-04
9.912006140702139725e-04
1.733694770206878344e-03
1.125113460356521201e-03
1.240456635224247792e-03
1.279431001377729672e-03
1.189247611236101494e-03
8.987847477044554447e-04
3.488005724950447189e-04
4.629705397795337270e-04
1.547307353259030687e-03
5.935723254823138456e-04
1.467872146703141012e-03
3.598925438136084051e-04
3.059749271138256332e-04
1.121955243585239220e-03
7.153875592675531126e-04
6.187484733734282573e-04
4.801860784960878983e-04
5.481040926240203200e-04
1.690579519847591836e-03
2.226221780120572757e-03
9.026983403210742281e-04
3.946777107417896572e-04
3.496259190422134808e-04
1.082722042686927932e-03
1.845008531765919254e-03
7.139510888431338000e-04
2.531917832022303767e-03
1.361413787498661886e-03
5.060844601885788278e-04
6.610018306138677616e-04
2.978426099866296603e-04
9.634708045583056284e-04
3.546859917899818841e-04
1.635197353764871473e-03
2.722286506731401066e-04
1.330853618940481880e-03
4.569052427585447614e-03
5.445640558032494851e-04
4.422605858333525158e-04
5.917512703899929002e-04
6.144681286308625390e-04
4.582625861110376582e-04
3.825529213703912569e-04
4.179835427873149580e-04
8.795078585189367026e-03
4.979796445281400169e-04
1.597360751622665725e-03
2.863564955630112886e-04
1.233773406845569028e-03
1.730283217181537506e-03
1.512804522802620611e-03
2.118392945540074814e-03
4.156682669087677167e-04
3.774694363556145788e-04
1.681701531667029919e-03
1.167268766168981509e-03
9.086488594090317509e-04
5.468045020216384710e-04
9.488771352410071839e-04
5.504367662731167498e-04
8.390303162825057687e-04
8.717443295634082819e-04
2.521545555318713576e-04
4.997539465585540018e-04
9.200878888708410690e-04
8.619203656669086056e-04
1.068693745569198944e-03
4.326318128353280157e-04
1.507019967348228930e-03
6.225052971075955557e-04
2.045223497261117900e-04
2.069012900186702371e-03
1.049897465155320668e-03
5.835166839994175049e-04
3.147446481456615385e-04
8.358837868301361405e-04
9.401312295179488918e-04
7.752341177067676977e-04
1.244784020861713480e-03
8.886829321629387572e-04
4.852627936490840912e-04
1.511602222048107676e-03
5.290361177219214932e-04
4.132136806120666542e-04
2.626705825527890525e-04
4.933783207702324702e-04
3.248925789118165615e-04
6.180782618807580597e-04
5.451394621642363918e-04
2.616716232596588308e-04
8.332345688177614186e-04
6.485243034635898010e-04
6.968002401547977644e-04
5.851711166387719900e-04
5.770884617844754738e-04
5.161620642115940724e-04
3.887940273806380449e-04
7.246205971749201209e-04
4.281396755075775697e-04
4.322721719165844136e-04
4.670094879744422127e-04
4.064198060085775751e-04
1.167536815480887512e-03
1.141778694600846435e-03
3.701083639473174477e-04
9.466007653036878503e-04
9.201006155892612910e-04
6.503571325073054287e-04
6.325720903645443800e-04
1.028208983123048972e-03
1.575825951431155314e-03
7.135540690369309358e-04
8.703766623738426944e-04
6.687920943414621356e-04
7.465482052537318527e-04
5.673175971625908772e-04
4.997861895146553813e-04
3.910683104754632137e-04
8.060967124015206570e-04
6.356679825797306900e-03
1.003859753002935788e-03
6.057696551245498034e-04
6.218227997083502784e-04
4.790216340237282602e-04
3.459296813798066095e-04
1.133938783354106325e-03
3.828551183692898807e-04
1.168733050937526691e-03
2.459036887330180526e-04
1.093171539447681390e-03
8.332345688177614186e-04
4.540756085365598121e-04
8.010476292205917980e-04
5.281309162575485933e-04
1.936571453394230358e-03
1.264198802675033225e-03
9.589367299813693736e-04
5.426173926508391556e-04
7.845276491670181334e-04
6.347957829278766742e-04
2.740667804004184968e-04
2.075014653166603836e-04
1.533226615316349252e-03
4.621165467929780747e-04
8.310308057506574564e-04
3.889434360125021374e-04
1.091518898823596803e-03
6.100706391588890014e-04
4.846112125353087686e-04
4.764245682675987532e-04
1.092553978655138930e-03
1.072429026094521252e-03
1.096108415369411544e-03
5.278533124295359128e-04
8.130259731903982656e-04
3.738019194476383000e-04
1.058186866042567327e-03
5.810516881727962723e-04
7.078156190906397405e-04
8.395461913171236440e-04
8.382232104636438280e-04
6.968002401547977644e-04
3.751385159706885505e-04
4.544338471581902414e-04
2.444132215729877332e-04
1.200612582107341052e-03
5.156152145738126863e-04
1.001332294056902052e-03
8.106208201644837059e-04
7.068630323865199641e-04
2.310490027168706634e-04
8.795078585189367026e-03
2.654385976623249710e-03
5.863293970093022946e-04
7.492197758922115609e-04
8.036959122034286742e-04
4.817906922105675725e-04
8.451618486283545267e-04
1.052866379385765383e-03
2.059039509044886243e-04
3.514818830303718098e-04
3.859468446985120046e-04
6.686770838568192833e-04
4.281511661030810816e-03
4.154576924019464236e-04
1.320327402296341901e-03
6.514193549455076426e-04
2.688216101112623265e-04
8.345305726689674708e-04
1.193470147099728743e-03
4.026790505194216248e-04
4.674558699313620023e-04
4.009744858929307869e-03
3.630074729753078881e-04
5.284331594773200493e-04
2.746679683882155467e-03
2.777146622088130876e-03
1.242788094483924036e-03
6.732679562228432741e-04
9.665037111053296354e-04
1.407459675159910628e-03
3.016649482458585063e-04
2.097847881244964928e-03
9.772154074902494707e-04
1.165058892868591628e-03
4.512559102088099230e-04
2.808279875500007457e-04
6.850010042070125288e-04
2.096469022824649833e-03
6.198889962936865190e-04
7.848741425524920212e-04
7.049511030769219913e-04
4.600514387745354263e-04
5.954266694618178240e-04
1.445461639483536752e-03
6.432913004529359048e-04
8.175340340236975653e-04
3.802289500360187457e-04
5.622209719450407643e-03
4.608535491252936309e-04
3.964103788385467766e-04
9.142345334394438644e-04
6.978994311715964538e-04
7.199414919969241962e-04
1.332221131921080800e-03
1.987595048111528799e-04
1.159559196946744180e-03
2.535256921111411809e-04
3.839216703116179108e-04
5.199032205294564033e-04
2.652689743502833260e-04
6.704357947223382177e-04
9.604008396560139143e-04
1.054309219381590387e-03
1.178842290501356084e-03
5.927233771265986908e-04
3.784648184573498678e-04
1.651816125921997183e-03
8.832040929057091228e-04
1.399027629222847824e-03
2.328393326123730667e-03
5.839670881251814291e-04
8.129261727688303317e-04
9.608308820339611428e-04
3.453082575641451719e-03
1.831208212453366499e-03
3.749698021020449472e-04
9.605428736689454504e-04
1.200612582107341052e-03
1.213891605247116676e-03
1.364275309598872010e-03
6.099932585768691982e-04
5.120486777472069628e-04
5.691619793521306364e-04
4.605159329936141070e-04
4.714226761690811082e-04
7.791367813356375087e-04
6.609056058851648903e-04
1.615407378260781549e-03
2.295091005321009663e-03
1.221445536673756689e-03
2.699962413474365185e-03
4.804532126083008539e-04
1.040176896344861043e-03
9.824887210642468342e-04
6.376454197309198860e-04
7.893404115479929787e-04
1.096715606083621935e-03
9.318375156583196765e-04
7.162571252276135267e-04
1.784017871711673269e-03
1.171747942110297220e-03
8.212221708569641346e-04
6.202364555616903972e-04
1.791354828397376730e-03
7.866429234348845971e-04
3.124579031464221036e-04
6.620951126720598561e-04
2.077770121475815135e-03
9.140245301955303176e-04
1.555686132717523738e-03
6.142584547686671817e-04
1.226180150925053162e-03
1.273153457275202471e-03
7.322019157072486668e-04
3.726583464347548477e-04
4.850224908821221064e-04
9.679144451729353562e-04
5.870805791128256429e-04
1.016829080605761559e-03
1.774793424983862108e-03
7.945820105627470235e-04
8.994205362410856658e-04
8.795078585189367026e-03
1.118647367709919328e-03
7.187313639807204691e-04
8.642197976937394596e-04
2.445303168546134206e-04
1.366009447352537886e-03
2.453050629530303776e-03
5.842236258526113061e-04
4.093174409829283670e-04
1.201548955019985819e-03
4.819022932542496411e-03
3.889434360125021374e-04
1.595455800420768041e-03
1.111495661297737161e-03
2.912400955606577694e-03
5.332631074136519409e-04
1.099259824117009010e-03
9.023104347049145605e-04
4.703441735472319051e-04
7.663777394378376183e-04
8.182782644190039192e-04
8.452373727750997273e-04
4.643486959601436344e-04
1.032793209616676396e-03
3.947523359487639292e-04
4.369287639600040918e-04
5.364600401999412458e-04
4.048096303368250602e-04
7.428144086256962750e-04
6.361481022680310748e-04
5.446202236476181116e-04
3.344326951697262668e-04
8.639047014696796256e-04
1.684890169152482254e-03
8.585286375280106385e-04
4.401221155929871528e-04
8.371444759011719382e-04
5.851642460245010070e-04
3.597916878910029873e-04
1.046896712475813658e-03
9.886543576503334461e-04
6.497454201817726973e-04
8.715299307083808171e-04
7.545353761678184369e-04
7.389597262377695444e-04
1.789346694878109732e-03
8.720670369978535900e-04
1.325695379104001445e-03
1.163794679813328790e-03
2.428406004260861770e-03
1.613212108782384078e-03
5.704790723162738841e-04
1.301134624401679030e-03
6.251747118977966141e-04
6.060456742963344148e-04
4.498187830341472291e-04
1.008912228529228140e-03
6.444824107336870117e-04
1.092665721609844837e-03
1.296734568071094846e-03
1.112449374419856611e-03
1.332678457140366911e-03
3.191330685966075427e-04
2.073902738991035329e-03
8.555996145704663136e-04
2.517434074167587688e-03
1.569603862622142047e-03
1.430931878815742703e-03
6.011508591012144865e-04
6.154870858555734755e-04
4.143503262871166986e-04
8.116898631129566355e-04
1.663433981782742746e-03
6.505379844447409720e-04
6.299908289122093568e-04
4.958996532728895089e-04
6.027919684929284152e-04
5.512660759564867773e-04
5.627745523793303622e-04
7.703117723442020259e-04
1.102338530577391500e-03
1.027986104015753740e-03
5.833537173904981311e-04
9.534810689225248605e-04
9.120153679648281648e-04
1.197247096890300278e-03
8.747996201064119634e-04
5.075066001909273559e-04
4.516183316812054350e-04
1.002978429219320098e-03
4.012064177256079362e-04
5.185145504766817915e-04
9.068594589653133312e-04
9.307659985578762077e-04
7.535109821149720173e-04
8.594908088852384930e-04
9.729390241564562711e-04
6.586321646126136117e-04
6.124559516681164122e-04
6.475739431003578201e-04
1.005509315281882766e-03
1.315673066041809884e-03
1.468424330768151875e-03
1.753650409384088739e-03
2.870185506697336790e-03
8.506033196645356332e-04
2.906820670989688354e-03
2.743818226331721025e-03
7.653375183191400439e-04
6.079038957089982070e-04
3.779380296690811828e-04
4.053939847836240452e-04
4.649067125550837413e-04
7.709525861205081265e-04
1.539156923258538706e-03
1.335547833814916714e-03
5.409957520597459199e-04
5.561431089046553044e-04
7.063005175635392102e-04
6.595566690803013072e-04
4.496558447171142671e-04
2.423772542711605509e-03
9.296703269225039959e-04
8.727800785650955935e-04
5.891923176357039731e-04
1.148587041257411291e-03
5.772901881516699684e-04
3.108492700566480829e-04
1.753318245546866497e-03
5.819327580635404997e-04
3.720499604763889624e-04
4.746635857965919580e-04
5.318807518736653073e-04
3.523521904141019702e-04
9.514563273793459012e-04
3.354462943768088856e-04
2.303033656684902973e-03
2.610399739147552418e-03
8.523557708990098366e-04
1.154715154663334391e-03
1.184616152814516564e-03
1.352443488702620520e-03
3.339489000412695766e-04
5.596882013831329600e-04
2.503339136247090800e-04
8.244462287122188149e-04
1.529365670059213171e-03
4.705284817624502507e-04
4.950114276398472068e-04
6.203101300433106488e-04
1.087106455883628166e-03
1.391570351735262404e-03
1.029025444669723170e-03
4.107134890477176828e-04
2.890493020705741430e-03
1.444282869976059799e-03
5.156152145738126863e-04
6.098264299472811725e-04
5.842236258526113061e-04
4.342554069457365304e-04
3.512028191951508988e-04
6.104031408274373073e-04
5.189527385039323110e-04
9.358284497574797254e-04
1.830506555730010160e-03
1.535613623948526869e-03
3.378343537186536804e-03
8.436241472569584298e-04
2.075014653166603836e-04
7.199530146908302139e-04
1.801596067949279810e-03
1.947060674796932331e-03
2.266144075074142967e-03
7.511057861182635423e-04
3.878300647463614730e-03
1.432734353487606117e-03
5.141361777987527156e-04
2.990346847384714869e-04
2.266566506533799086e-03
3.063568453826660733e-03
7.443116966063402073e-04
8.015661139657068559e-04
2.224617678513619336e-03
1.640506885619507325e-03
9.732718646910078686e-04
7.457803204708422784e-04
2.471988139324524190e-03
6.370198075868021810e-04
2.803890713643092392e-03
7.864177679213788050e-04
5.252232982020677357e-03
2.364856629508349723e-04
1.274616139620231943e-03
3.069420065430063498e-03
3.051344943634748353e-04
4.676651179299446477e-04
5.675656953626925750e-04
6.839056552016199069e-04
4.179106946082292401e-04
4.674707578914094564e-04
1.077090156860213786e-03
1.881638046965473324e-03
6.024736464061254205e-04
3.328751788999691121e-04
1.648200201929559067e-03
3.662058612571903837e-04
7.172539737458838915e-04
3.565184984058849269e-04
5.772901881516699684e-04
6.791945499551481965e-04
7.231946382161156183e-04
6.974401523651736637e-04
6.693749282329798786e-04
6.204793398596999054e-04
6.336658278694511049e-04
5.742560552126785983e-04
4.124949131076572056e-04
1.957614733064839616e-03
1.139276893310318560e-03
1.404464866705042387e-03
1.283689593520312726e-03
1.020633623611739678e-03
9.863314022137735851e-04
6.791119413105989495e-04
6.753286273482587325e-04
3.757835003607080298e-04
3.774018816544805698e-04
4.287278480262838014e-04
9.716296568523913844e-04
1.716644824637955386e-03
2.562175806621444962e-04
4.848860699831718918e-04
5.369460851884752571e-04
5.497355527498501036e-04
1.039846370858635120e-03
7.679513458167552299e-04
1.798759332448838729e-04
