1.156924548225786746e-03
2.312556556650680311e-03
1.857541465576194664e-03
6.984078921218047709e-04
4.860718495717914183e-04
9.958952699221188410e-04
7.177650898642529576e-04
6.300514757361825062e-04
1.573190135721635238e-03
1.093716115170323584e-03
8.011517864064016418e-04
4.315364471765466563e-04
3.956637142963417841e-04
9.125209050781239901e-04
1.278131909123481633e-03
1.804586879506100928e-03
7.244302259556199657e-04
9.139115753078865066e-04
1.281634080609529280e-03
2.721385627315259844e-03
5.254401272319590829e-04
3.162302917875935713e-04
1.894295266650367201e-03
4.621270285786475886e-04
1.642622267008255182e-03
1.047973083876207849e-03
1.963647067097001354e-03
9.066758119130050508e-04
5.601203300964950572e-04
1.590522966583772253e-03
5.703461838168840271e-04
6.596594978881450402e-04
4.490330554869358419e-04
3.602480748552954891e-04
3.293236308966959605e-04
5.641709925896220548e-04
1.196394426714629490e-03
9.527818877097197353e-04
2.700323828498949700e-03
5.225851293119366994e-04
7.297785129577366624e-04
4.105988342352724814e-03
1.750908512810482468e-03
8.400426854056628270e-04
7.290362351169628633e-04
1.298851336094686108e-03
4.837399749045981964e-04
1.107717995918416779e-03
8.324344277420179725e-04
6.874365852042197550e-04
7.884528429047015820e-04
8.299768492756346913e-04
5.264329780128425501e-04
4.272385838854355299e-04
1.137019995352171959e-03
1.247697736084681141e-03
1.170917489365320020e-03
1.252634219333677171e-03
5.819140026813989387e-04
1.014784634150412432e-03
1.256351789111863479e-03
1.638596080028314897e-03
3.292661947558434932e-04
3.109522698873816221e-04
5.903747974022341503e-04
6.781582181203491422e-04
4.292473392045654829e-04
8.692064247469737841e-04
1.658773004950582801e-03
1.107479381255073057e-03
8.664457039357278262e-04
7.272113312805953637e-04
5.565071654436035088e-04
4.829665955149932042e-04
1.572574878885729145e-03
8.480673934135815346e-04
4.000044889851880892e-04
1.049684501939380848e-03
3.647822588995615302e-04
4.818016153326817983e-04
8.861129938924973718e-04
6.125145831719420357e-04
3.923306181406679169e-04
1.380031300630799648e-03
6.446420308010477598e-04
3.434115671270327364e-04
4.360629982981738630e-04
5.358127890498820588e-04
2.275268920814125465e-03
1.249132010282985638e-03
7.450056181193568869e-04
5.475648519471895031e-04
1.097206590497645448e-03
1.565508207741327356e-03
6.280682908019898742e-04
2.953795747865055744e-04
7.213656592093122075e-04
1.984280886566701721e-03
5.019702168430521068e-04
5.370331139420480909e-04
3.816968678623856338e-04
3.013100534539719889e-04
1.063858904103103572e-03
5.164633656199085808e-04
4.295244320116602533e-04
3.152996460998488655e-04
1.025901730581444803e-03
9.895224993532064119e-04
8.348566291765858625e-04
6.145472389754892554e-04
1.140001458281139895e-03
9.562603882525454657e-04
9.971157467911215874e-04
1.304197121987693163e-03
1.697595240377727148e-03
9.613653109534453338e-04
1.391109805949702341e-03
1.405574533222439656e-03
4.624880565825915794e-04
2.029571042180763635e-03
4.075261312233887778e-04
8.836474942175527245e-04
1.749872662517218576e-03
9.812310704921131752e-04
1.440033243388757350e-03
3.906262790459911040e-04
9.958952699221188410e-04
6.307603076928030520e-04
1.358521689501139898e-03
4.976763413385026664e-04
3.447657254631549591e-03
6.208064373713983270e-04
5.743070873697086109e-04
8.675330599986965253e-04
1.398170842852336114e-03
4.349302740616121476e-04
5.272947043491785744e-04
8.024045495596797157e-04
4.979085412476402708e-04
3.942827301128513928e-04
2.945935941418509557e-04
2.004857562464658696e-03
1.042486093818726029e-03
3.097173982518702730e-04
4.636166219183009574e-04
6.282889298182347355e-04
1.688524534026627230e-03
9.674477950791070128e-04
5.244995336390419118e-04
1.882698968122535187e-03
7.914277580738141547e-04
7.875622372865798224e-04
8.474002540436966673e-04
3.556364482839754191e-04
5.643151588565205150e-04
2.692036089006771436e-04
4.253372876381203232e-04
9.262490056829880171e-04
1.271113615207515287e-03
2.854898807756225108e-04
4.585155561801940735e-04
5.957642147739203656e-04
3.550165740252126615e-04
7.265541906959104750e-04
5.626217812423139160e-04
6.093462194145126852e-04
1.515372670524399966e-03
5.422381824851385534e-04
1.031645208412978370e-03
2.625548889502226442e-04
1.144966442350002413e-03
2.597299352430708060e-04
4.516356484365808871e-04
5.682207672127510432e-04
8.653146544476770976e-04
5.594573370876187437e-04
3.991660531814352278e-04
1.056153661163641410e-03
6.006970849275465206e-04
1.351685999872718081e-03
5.439691350718758259e-04
3.846425157354271211e-03
5.855302020883946428e-04
8.720838179629647816e-04
4.469395702941514597e-04
1.004645447289387360e-03
3.778160098040528087e-04
7.554298634030367360e-04
1.031829834423858517e-03
1.338692679079622446e-03
3.352546138766300293e-04
7.316662941211605434e-04
9.002642616308023215e-04
1.513604096039939230e-03
1.328491701787556673e-03
3.863673123241067719e-04
1.513764656973699092e-03
9.217604092491618866e-04
4.440427747349372971e-04
1.052327312988147589e-03
4.292562006344448062e-04
8.358512385991769596e-04
6.417742651995129695e-04
6.113737285230345583e-04
4.225995226501196456e-04
7.294051142998554151e-04
8.022470317113451028e-04
1.081581889428059927e-03
7.201648293585297947e-04
2.653259546969963288e-04
4.907236700350033759e-04
8.376230680744784678e-04
3.739770296778434084e-04
1.214013162389744127e-03
1.017636546717450756e-03
1.875864646568164767e-03
4.446076113852577083e-04
7.493086880713692660e-04
2.533135110566162290e-03
4.286866672694992120e-04
6.707906359987672075e-04
9.217150144568025429e-04
6.719901098488511746e-04
5.798431730785947973e-03
4.317422170019794155e-04
3.216866688055558684e-04
2.654561333796327978e-03
3.461090579176621918e-04
1.566246502243680326e-03
2.918322078851531744e-03
2.634447996078983448e-03
7.371344366439496962e-04
6.842725340818075173e-04
6.096400438383589929e-04
7.400377995019659632e-04
2.994117405541343153e-04
9.023958665537986160e-04
1.150874606080482107e-03
8.558086374779646241e-04
1.811863326235340537e-03
4.080910926699873181e-04
1.636841275707806836e-03
8.088283912366451200e-04
5.689383187093828391e-04
1.129063028999788493e-03
7.948365838749839969e-04
5.086873999353510754e-04
1.590522966583772253e-03
5.057497626149469938e-04
5.509684675442493972e-04
1.058648253044410219e-03
1.296385859853551800e-03
7.515622618982653342e-04
5.859713109642082857e-04
1.655028741903803594e-03
4.559375671807191208e-04
2.138482522189407743e-03
6.071044406375655181e-04
7.862858645361467304e-04
1.466909462210309054e-03
7.113555004347533106e-04
8.077559422675623232e-04
7.759009071869213360e-04
9.267507189850897288e-04
2.951053322434435736e-04
2.972264085298955034e-04
2.692036089006771436e-04
4.271941114008384133e-04
5.634050802453277476e-04
7.314599892719722335e-04
4.963117180206633649e-04
8.293219892921470599e-04
4.493764137993191119e-04
4.614676035629504511e-04
4.756867126772283878e-04
1.124526195209008071e-03
1.032235906981799180e-03
1.757437949978767457e-03
4.315753715544710153e-04
1.032193819961449693e-03
5.141005716257611305e-04
2.442809507583310990e-04
6.150291803936587878e-04
3.981155253711283213e-04
4.980643943922243846e-04
6.689825692072643706e-04
7.318917457946029709e-04
3.107153189575888384e-04
8.724668695974756435e-04
7.407176726701525469e-04
2.624880840383661540e-03
9.701850795042148796e-04
7.251452992979719962e-04
5.509998811522402989e-04
4.091905030223251050e-04
6.700734182914918095e-04
1.170390092765519544e-03
2.741881212866572291e-04
1.000607013496042537e-03
3.733336523372749946e-03
3.359803380961957258e-04
6.932411160526509271e-04
1.610737096073851455e-03
2.444224717926216789e-03
1.256354366551235436e-03
6.576686154707652061e-04
5.582960250646298514e-04
1.419818566850241650e-03
2.646918011776928231e-04
9.166527682597932439e-04
6.846731065952792704e-04
1.822649604459998518e-03
3.461558440669731712e-04
4.523893131164044221e-04
4.817682275396745336e-04
9.753196724187045835e-04
4.778513044562817487e-04
4.191774226696060360e-04
1.204963769916174302e-03
3.895801145265748492e-04
5.431234934974145476e-04
1.109276588446114287e-03
5.929984866887900346e-04
3.293236308966959605e-04
5.578860129522286498e-04
9.672866022808464335e-04
1.627510828028422068e-03
8.049408198979680906e-03
3.675343036273122387e-04
8.610746013269374383e-04
7.141469681824334521e-04
8.368883483305377411e-04
1.090313437706259781e-03
5.658283959520865386e-04
1.001765874959224594e-03
1.281634080609529280e-03
1.343208337230148352e-03
4.601084628202122559e-04
5.862576314339225858e-04
4.187398611160284760e-04
1.843414664206733267e-03
3.439272277179784279e-04
1.118550449073687364e-03
3.020725328607952735e-04
2.795096342672289042e-04
8.211162723744096920e-04
5.807997940096811451e-04
1.440033243388757350e-03
7.191745633665837939e-04
1.267482399812021711e-03
5.831466199615263331e-04
6.666230254214732800e-04
7.913023780749371553e-04
3.741355280052187523e-04
6.959703638511533820e-04
6.666749808489513427e-04
5.616023623337527580e-04
1.518600956456263307e-03
6.985108101334359812e-04
4.801983898114909602e-04
5.805751475382908873e-04
5.156398068134372681e-04
2.499797797483367320e-03
3.474471710801302284e-04
8.709698876001939483e-04
8.066787831273892345e-04
9.390117912662427528e-04
6.719485698808998599e-04
4.559190252816634238e-04
9.893459486658875805e-04
1.170674649516859804e-03
9.072688093391724235e-04
8.748961214197824385e-04
6.635269961963223767e-04
2.622373167061850573e-04
1.015641398366882520e-03
1.068641396295756576e-03
2.069907842582744632e-03
8.870457581012681104e-04
1.156068971151704957e-03
7.022223842206637076e-04
9.680207256916379581e-04
3.837612075288595356e-04
7.792990307287833490e-04
6.025826449361547724e-04
2.343220379739724879e-04
3.507553869907987934e-04
2.649392223994988770e-03
3.719842953913047407e-04
1.067955967203803582e-03
3.352738757348463746e-04
4.498743664371948332e-04
5.034835384051676620e-04
3.440539900488673048e-03
3.390143505880506298e-03
5.753260234795621805e-04
6.024359562017304404e-04
1.365165542422928403e-03
6.594140643199138552e-04
9.313277496225511216e-04
1.123914496430725683e-03
5.463243610626585542e-04
2.848683373959312050e-04
1.975119622360825642e-03
7.748519947963925176e-04
6.090641114030173262e-04
1.370427914710245932e-03
4.545627768389215754e-04
5.626776712441269391e-04
3.318780509014804606e-03
9.626019936559405098e-04
1.828756733359156346e-03
3.195758081994855282e-04
7.533901033689940777e-04
5.241272617448019307e-04
3.612003082697837208e-04
8.993899087287527327e-04
3.033354082249619809e-04
2.920184617962507702e-04
2.032482198203412836e-03
3.359803380961957258e-04
6.177809011752501567e-04
7.239401840074134297e-04
1.736577622638578499e-03
8.293391171047355317e-04
1.298849946460137834e-03
1.325269259977294263e-03
4.056121350810092769e-04
1.840445149712081506e-03
6.696460368846343224e-04
9.002642616308023215e-04
1.951839546540227923e-03
1.217712086767911350e-03
6.683102968032638000e-04
1.704468799890578035e-03
5.825567255106729389e-04
5.014949812580566952e-04
2.199700282953506725e-03
2.705477590147840178e-04
6.266788613177232863e-04
4.523005614355200799e-04
9.741191761788517423e-04
1.732191330116125954e-03
8.888136065776844731e-04
2.645006151839755164e-04
2.524446870551551488e-03
1.642622267008255182e-03
3.355276482529168016e-03
6.934070970058625952e-04
3.016275503258318384e-04
4.963966112292118524e-04
9.883698280734347016e-04
2.397637384649976139e-03
5.955785467862674499e-04
7.796003202520135778e-04
2.376430442797900465e-03
4.085661989029013290e-04
2.647274363171334393e-03
1.657080193403784752e-03
6.650188969624298624e-04
2.805562678211031766e-03
6.606516124322490665e-04
6.642045567853592991e-04
6.666861443853991376e-04
5.264329780128425501e-04
9.205481824902954271e-04
4.888393250353694148e-04
1.104464977402799201e-03
4.088648826888746125e-03
5.559522983502690431e-04
8.757081100517729233e-04
3.739412815668668034e-04
1.039525265858898392e-03
9.753970750535467370e-04
1.350868559720759185e-02
1.301840400990256696e-03
7.183025831313147010e-04
2.957061956097325854e-04
5.473203202978599692e-04
1.151660791184350987e-03
4.636166219183009574e-04
6.771761226472117591e-04
4.370964710790757493e-04
1.133328241453839848e-03
5.269161262279869334e-04
5.403273568061235524e-04
4.487126967927424653e-04
1.617505549613748594e-03
4.932890138049655796e-04
6.405132257966577366e-04
3.352546138766300293e-04
4.828959834670319370e-04
2.191450375794160282e-03
8.650631647401697561e-04
1.359986266534204090e-03
9.794845967340704441e-04
4.064309978589419024e-03
1.271113615207515287e-03
7.338348430936920226e-04
5.704348276200981935e-04
4.671950149063802227e-04
1.323821571383552650e-03
3.616248605351076850e-03
5.189115596285541563e-04
7.278375279437224350e-04
5.258759102325006761e-04
1.315681789657311730e-03
8.141033216146607333e-04
5.101086262238914296e-04
8.886361806022898989e-04
7.584788990075031368e-04
8.622053719664739008e-04
3.698704753631728236e-04
1.291605580583256524e-03
9.567268937443852228e-04
4.509467430229233825e-04
7.249462488621126336e-04
1.333903254626181249e-03
1.174868897526634313e-03
1.562160510017434039e-03
4.985272700099512662e-04
3.777940798805741419e-04
1.818145232770990811e-03
4.125554524780011140e-03
7.695376474063822352e-04
1.309451082377471919e-03
4.523893131164044221e-04
5.342907509585347048e-04
1.402315675104402835e-03
7.969817760562361922e-04
1.063249914237350807e-03
2.369399430768035289e-03
1.191178445631153925e-03
3.624208039672047839e-04
2.953676649601717709e-04
1.458765242711258315e-03
7.627642487604360550e-04
5.655765307255913301e-04
2.103789631828664047e-03
8.172174753527019359e-04
5.736376500920737026e-04
5.841224039902828116e-04
6.884513600929380783e-04
6.789827501961902831e-04
6.555800012448485250e-04
3.837803549148950688e-04
9.177997346029308527e-04
8.556166054895363460e-04
1.196825505861448752e-03
6.112198125329494289e-04
7.263784035898892275e-04
4.807571574673883633e-04
3.764562045240702620e-04
7.033791466935589544e-04
9.164467184437634795e-04
2.751638972815587461e-03
2.550065539435973118e-03
5.153739757393653500e-04
1.039775750055843984e-03
2.939717954873263686e-04
1.195158418626920873e-03
9.482794395061325569e-04
2.156738490175390786e-03
1.040335258786094638e-03
9.005196899740203166e-04
2.333790965448879779e-03
1.909320049788034747e-03
5.431254300405846192e-04
1.418553188121258286e-03
6.618548591002040848e-04
6.994677803079274881e-04
4.132971704358118096e-04
4.961261411956880080e-04
1.349526376701112558e-03
1.747705589889329445e-03
1.166004951502376237e-03
2.015989062214889260e-04
8.507848344460568939e-04
2.519977480944887065e-04
2.854898807756225108e-04
4.173203487030098221e-04
1.354549029634033756e-03
7.676938799246798423e-04
4.298781737469507119e-04
3.324902343404144878e-04
8.214654672653887721e-04
6.786955038068485544e-04
5.538710552785023125e-04
1.006362983558100428e-03
3.749522011698333524e-04
6.608871896732262117e-04
7.762759263479605690e-04
5.473352578642395405e-04
1.710116865408226224e-03
5.436935264668911732e-04
1.321054283609629162e-03
4.317292162013485987e-04
8.115939731623375997e-04
9.115436483279115492e-04
4.510970778953575684e-03
7.720517269769969909e-04
5.517110772080907003e-04
6.749431665079925124e-04
5.809993582666323018e-04
6.093462194145126852e-04
7.525106335052385732e-04
5.902639894857137932e-04
8.093550895616824980e-04
1.136396005383099586e-03
4.529269335935874000e-04
3.912208460448358721e-04
5.226543977977103541e-04
9.527818877097197353e-04
1.486330178083450880e-03
1.530261783839423698e-03
7.138598948494416811e-04
5.961779100157419417e-04
5.536002738515486549e-04
2.602705662149578411e-04
1.507119642885505805e-03
8.563536585357956832e-04
6.141656949980068029e-04
1.099703434738268440e-03
6.135958749938382178e-04
8.700447324568132395e-04
4.239719030974047845e-04
2.948448942916315121e-03
3.754175634045837972e-04
2.414332741167351604e-04
3.148577223484843104e-03
9.162261688306878394e-04
1.407659274281853863e-03
7.068789213422590817e-04
8.105992400041427083e-04
8.815868111787591044e-04
5.053136683787833820e-04
8.998618334383999551e-04
7.440349371675315923e-04
5.588179989709883685e-04
9.013978982160979246e-04
6.061915839476734839e-04
5.018869190283333599e-04
8.382765526634811636e-04
5.556000190224888316e-04
1.060715886016877973e-03
1.178839052920146449e-03
1.089671867573163439e-03
2.640632231231765034e-03
2.333790965448879779e-03
3.928122327486224916e-04
3.820372601170204810e-04
2.354928224110153234e-03
4.791508558460329508e-04
3.189616406833962938e-04
8.187941619688146296e-04
2.511960003647565904e-04
2.407705588834101271e-03
6.980242496716290712e-04
1.171721659890326761e-03
8.841714290545120815e-04
1.882692054488991490e-03
2.814921727932580492e-04
6.946529404986907840e-04
1.066247256682383449e-03
2.644470666993076549e-03
5.909957095949653358e-04
1.163149589176047617e-03
1.031645208412978370e-03
8.115939731623375997e-04
8.331332934978665991e-03
4.222328419058334384e-04
1.632379278289491269e-03
2.019702943286151402e-03
4.967620126565421403e-04
9.511954172135744009e-04
1.704954001532007222e-03
5.065695119161172516e-04
8.700447324568132395e-04
1.071608108780721779e-03
8.852498705454627101e-04
3.359803380961957258e-04
3.706662691666965455e-04
5.000642736202881447e-04
7.900945293557391216e-04
4.588377744068090490e-04
5.677075373386217087e-04
6.638366360307980212e-04
9.893097115384291533e-04
1.039065134504956909e-03
5.687224519270529842e-04
5.491626325195725919e-04
2.610256975555645415e-03
4.063503383494621469e-04
1.367274108930791607e-03
6.760468589954879383e-04
8.191964001920372862e-04
2.940912931739861867e-04
8.425731413456442800e-04
3.840815171879403966e-03
5.263801581009212556e-04
1.717296058737820914e-03
2.303643263556790996e-04
8.132132429744062417e-04
7.875622372865798224e-04
7.655497020191817442e-04
5.714366848907726035e-04
4.169223260262670903e-04
1.253955307597024848e-03
7.796003202520135778e-04
5.192057667239589674e-04
1.074110668241986134e-03
1.441860736042538654e-03
1.338158979970292947e-03
3.695378864615687779e-04
5.096007205517129410e-04
3.203041891318987697e-04
8.760805909447313012e-04
6.874365852042197550e-04
4.010579029566490867e-04
1.477192957425951239e-03
1.590604588615329024e-03
7.142019823701077066e-04
2.249478294316253294e-03
5.714127018978245676e-04
8.935044382621094806e-04
1.629998719357205438e-03
3.779501866320722622e-04
1.004631970155631798e-03
1.618640371424439565e-03
4.409823951657641252e-04
1.206658408799099816e-03
7.501774354505051732e-04
6.555800012448485250e-04
1.764577896048278357e-03
1.782698839899233591e-03
4.167717098766587284e-04
6.926321824130575238e-04
4.378710747971299657e-04
8.407304996315334480e-04
6.967407508507319049e-04
1.109276588446114287e-03
5.682271789436285029e-04
8.199502212866926999e-04
3.268387413120912789e-04
9.334192854233645245e-04
4.405739335787099285e-04
8.142998531111307744e-04
1.007284212658780993e-03
3.633057476679146325e-04
6.920082113802519851e-04
8.586019070516495710e-04
8.578834917496981844e-04
5.754367171449877331e-04
1.903757464047489299e-03
5.372143444405067664e-04
1.568882645158463070e-03
1.177222688005959616e-03
2.737895539283739040e-04
2.057508454172691202e-03
1.803964247149635524e-03
6.837814177724221842e-03
6.074816515203680309e-04
4.995624122092933361e-04
1.795279580337066482e-03
1.284868084399376368e-03
3.159003918727484243e-04
6.842819472201975856e-04
3.740626897056851803e-04
9.139193546744312250e-04
8.644965575225494738e-04
6.935559898462572564e-04
4.525331585682982206e-04
1.634456548918229290e-03
3.207256807849547258e-04
3.731884916211050370e-04
4.348542755949241952e-04
3.655711159538384638e-04
1.429212525494590351e-03
3.202817942561259892e-04
1.869516010347595280e-03
3.582045394802742971e-04
4.499906268178595998e-04
2.240673356316378196e-03
5.228014569751394079e-04
3.534657440104639874e-04
9.143230040596896308e-04
1.838785188850357777e-03
3.044120615327785455e-04
3.609311322124862296e-04
3.724965058907759316e-04
7.875622372865798224e-04
1.892172701785392293e-03
2.318466633955943064e-04
7.428343150615069907e-04
7.689386514364654696e-04
2.408878667062296173e-03
2.952197178928732228e-03
4.278898761461740396e-04
9.357494175967440110e-04
4.118321719805492645e-04
5.068653234031249245e-04
6.445344093504449179e-04
2.228663698126761347e-03
7.521085337135719568e-04
8.850265553157212698e-04
2.972264085298955034e-04
3.846425157354271211e-03
8.250047979338474185e-04
3.289512513615921465e-04
2.915796909199907974e-04
4.963966112292118524e-04
7.744419235756930904e-04
2.634343675101090952e-04
4.329427978911682892e-03
2.396239001909983009e-04
5.608240973209810496e-04
8.468475071393252902e-04
1.196481305490096434e-03
1.335919715552785726e-03
5.450681017659608990e-04
1.063858904103103572e-03
8.410603134751626310e-04
2.161124136554346334e-03
1.581810832153773523e-03
1.637605221920347210e-03
2.934776521530239619e-03
3.675978691677413038e-04
3.000258769020022797e-04
5.579494880718195802e-04
2.303834988895647924e-03
8.581876816992860518e-04
6.285891327981435028e-04
5.661618971655829570e-04
7.395416759136938566e-04
4.336307847055742896e-04
1.057597534688881893e-03
3.240023425730228384e-04
5.644869549098740493e-04
3.842074593132327009e-04
5.031114411663859627e-04
1.225335916758793584e-03
7.029655084952303543e-04
7.418042699913429639e-04
5.509976335726209182e-04
3.262868053951485572e-03
6.334071175293334898e-04
1.507818653695701264e-03
4.203840239061522235e-04
2.414332741167351604e-04
5.076793685145411777e-04
8.081034042063462482e-04
1.362309916169633347e-03
6.625642894318160055e-04
1.113294665454681726e-03
1.401181442734192447e-03
1.187763488815726061e-03
2.719925386141939703e-04
8.610746013269374383e-04
2.686579539298020441e-03
7.876443881162078966e-04
1.176369066824385461e-03
2.045352611047993301e-03
1.102366414977909046e-03
7.938932760880260814e-04
4.251318853234333579e-04
1.158992346837930737e-03
6.218260602260224307e-04
3.818669562997680715e-04
4.504790292288403711e-04
1.434860580350757944e-03
1.327407428176346224e-03
1.022323213331916350e-02
1.384173040582953275e-03
3.602434098766933279e-03
4.629831984121070385e-04
5.266717467002388986e-04
6.635269961963223767e-04
1.212527645967082911e-03
1.041085605390960423e-03
4.119638495662468871e-04
3.365813594209771066e-04
1.868423684112170311e-04
8.029017044348930833e-04
4.336307847055742896e-04
8.629490875797881560e-04
1.066449552592369128e-03
4.369306215728360407e-04
1.648558107219443231e-03
1.688326129787756256e-03
5.716014478741167316e-04
1.333138871124309394e-03
5.143873057748388732e-04
4.522773434009425626e-04
6.076204421754488301e-04
2.019702943286151402e-03
1.805040863490492377e-03
2.790356744418519904e-04
6.272103926226805766e-04
1.115050764255927666e-03
5.573629529885837115e-04
7.890270550243340267e-04
1.677050655724789813e-03
3.406704121161074103e-04
1.135358477843880507e-03
6.054477938498377051e-04
6.462176929663171780e-04
1.648504447575938840e-03
4.990470906276214770e-04
1.520787233470738626e-03
1.101749424011307576e-03
3.935266984303526145e-04
2.264349958573484613e-03
2.155113456413909005e-03
6.305387694588277490e-04
6.934824989467603578e-04
5.575261213449999404e-04
6.620544514654960917e-04
1.842284926364182434e-03
3.704643499349118672e-04
1.976660799838810510e-03
4.739532038824202718e-04
1.469633341119236944e-03
5.384808594532919900e-04
4.511289660799193066e-03
1.107127976860222121e-03
1.468956412591807502e-03
4.988212243940842467e-04
7.039244302384517222e-04
1.960628202191671242e-03
8.208497171044254427e-04
6.771761226472117591e-04
6.934070970058625952e-04
5.827702241055371119e-04
4.921773783595502884e-04
3.906050030678094392e-04
4.761354911243471716e-04
1.922092455096657652e-03
4.435297496650505381e-04
5.342467919477788879e-04
5.298263631210573714e-04
5.030157158921599999e-04
2.115452255809456387e-03
4.780459845057760779e-04
6.194995070700196798e-04
3.446419245213903481e-04
6.643636798642647747e-04
3.424527254290777364e-04
5.177315021567613839e-04
9.081079787617192534e-04
6.443765289057704158e-04
9.867274729789771246e-04
1.226661715299805049e-03
7.166321233740719507e-04
3.168597812705268961e-03
1.468885837219293744e-03
9.294465815609574905e-04
1.284868084399376368e-03
1.058165225119051022e-03
7.876443881162078966e-04
7.767046999945460741e-04
3.951955786711820306e-04
6.135499888632255875e-04
9.562586614083075495e-04
1.053903776063563587e-03
7.486875566280654136e-04
9.277092424287579266e-04
1.110721015368628306e-03
3.645036440728938848e-04
3.768109712307730441e-04
8.405625240902516587e-04
1.445283269122519306e-03
6.286187692956547984e-04
8.482904109032630459e-04
8.211333183223132109e-04
1.362309916169633347e-03
1.531249394045736947e-03
6.422790447805585418e-04
8.036580189893028150e-04
9.221530842330317827e-04
1.110176995075308655e-03
5.354375040522545148e-04
8.092307670038796554e-04
6.156499335394463894e-04
9.567268937443852228e-04
4.087321192345383966e-04
1.039195682095048982e-03
1.056989188608564029e-03
2.130759416311615688e-03
1.270168044974466113e-03
6.192833636590902406e-04
7.805430751622340459e-04
1.029502089795665976e-03
9.205829837863858814e-04
4.161598620037838749e-04
1.642622267008255182e-03
4.145616660724287970e-04
1.064215398111778219e-03
8.753209216534752878e-04
8.558086374779646241e-04
3.105795153146920771e-04
