3.390354364582724191e-03
3.321989422302381884e-04
1.811593713501870881e-03
1.261684730835414218e-03
9.021702866047341847e-04
5.612233920115375059e-04
7.118578117628555956e-04
9.835215736146646695e-04
6.796344607465998680e-04
4.694618214495902713e-04
3.190405566346917170e-04
4.682803215343258663e-04
3.460311723200459356e-04
1.379239437878117432e-03
5.486478326180603072e-04
6.930729923536702464e-04
4.211639887998051162e-04
5.076919995732678001e-04
7.726803688500747053e-04
5.772963303456910521e-04
6.956473814660106211e-03
3.156615715011426462e-04
6.814925605100739152e-04
3.931478684508486103e-04
6.353483570030520012e-04
2.513832860415609769e-04
4.874580829421447099e-04
3.048381690575819800e-03
1.025582576286756522e-03
1.405520214092076479e-03
7.201051843840143140e-04
2.037795775207251921e-03
5.825768600283945430e-04
3.682120475600714725e-04
8.279253146241910381e-04
6.212404508835027428e-04
3.693018625002215190e-04
4.907697157798525476e-04
2.880271630228495913e-03
7.968587523171492305e-04
9.415765647821879893e-04
1.168322038432477753e-03
5.806142285916025911e-04
3.222808534585876400e-04
1.295034586340028425e-03
8.158217424475431093e-04
4.116339321784896256e-04
3.497802394130423986e-04
2.092370053907350452e-03
3.049873372184517292e-04
9.418294202072094532e-04
1.143414703026735500e-03
7.245588300310171551e-04
4.303445259931850276e-04
1.894780322834312006e-03
8.995506518531722886e-04
3.197437866427758121e-04
1.214963776040713355e-03
1.281307614986344160e-03
8.182472400046202641e-04
2.106790934738588059e-03
1.241951908002108000e-03
1.587965626369362620e-03
8.924852533624215824e-04
5.272992426855300455e-04
1.313693883526015696e-03
1.054131195492186059e-03
1.069933923241607205e-03
1.441569356516280006e-03
2.987795013000376070e-04
1.204361002250358683e-03
5.888193916644227652e-04
5.106640587786214847e-04
6.140547693476856557e-04
7.979034598257408323e-04
1.870187848003655078e-03
6.182041483456854726e-04
4.689194593225506848e-04
1.358562177164686791e-03
4.407908724149616018e-04
4.419715538021013867e-04
5.928419071219382048e-04
1.132150870623825807e-03
8.294688940839647223e-04
1.149866320885695225e-03
1.059226194700774951e-03
5.743478033482454651e-04
6.473687632561639458e-04
6.523462708564379100e-04
6.903369762138581757e-04
9.964441921009980618e-04
1.017452703898264615e-03
1.323400197000605466e-03
1.563845897508580381e-03
7.567003640420608352e-04
5.101226809337549174e-04
1.113334201336534362e-03
7.141069021717466473e-04
5.225079291702664072e-04
1.087811213267059988e-03
7.080995681478597162e-04
4.247635952117734628e-04
6.498986039711537877e-04
7.855695652197119223e-04
7.919571859048332284e-04
1.021595619754369060e-03
8.581777689927662812e-04
1.136447163599281322e-03
1.258562581825880189e-03
7.597651632269685363e-04
1.422128159173669621e-03
1.293311912536405928e-03
9.266352546840267781e-04
1.310872263147867030e-03
1.040053066754674255e-03
7.274275907615944826e-04
3.819001994081001796e-04
1.069079125336451193e-03
7.695693168887469092e-04
2.923005734253858023e-03
9.024971248306853282e-04
5.460539694851653360e-04
5.395373537035812704e-04
1.356032181361553884e-03
5.989018101192546562e-04
1.402302844883655244e-03
6.533235399209846904e-04
2.496154895628000144e-03
1.797125460066465016e-04
1.494221887879891792e-03
5.319610896293029603e-04
8.368524258605983214e-04
6.828401554474113327e-04
7.407169237431291764e-04
1.168322038432477753e-03
6.837452116107297327e-04
6.145054306793648917e-04
6.898416293408836169e-04
1.265130475907334535e-03
5.990183788152149717e-04
1.316597732051957978e-03
5.615765791620701275e-04
5.395373537035812704e-04
2.550744020911369070e-04
1.233122844701396627e-03
1.023603464013691719e-03
8.924820150797407306e-04
4.043928689189441755e-04
1.757262992290701967e-03
2.945645907629196292e-04
4.312270439218837724e-04
1.300510337494682322e-03
1.637520936936859642e-03
7.086409344109505975e-04
1.277457789848388372e-03
2.320565428167672885e-03
1.077075854701880055e-03
6.021979408559468162e-04
3.169699922531317719e-04
8.474119910070823398e-04
6.078290620507796052e-04
3.773549221386798607e-04
3.345243231506781108e-03
1.069738339804962579e-03
2.609449497819201023e-03
5.324678537279068464e-04
1.303043687626595677e-03
3.226319064377698763e-04
4.366303694943880201e-04
1.020364982873992214e-03
2.702282827333841379e-04
9.945002286357066627e-04
7.172273586600048760e-04
2.987761080298190859e-04
7.704875032647757029e-04
5.402648368473275892e-04
5.885739195456991379e-04
6.024931767834087190e-04
6.796899675848306482e-04
1.048252682106074916e-03
1.024756548091008057e-03
6.349167001415173713e-04
9.947232856017875369e-04
1.185581518883113130e-03
6.182041483456854726e-04
4.173523947157963552e-04
1.003380191563449028e-03
7.658363037571278399e-04
5.031412679835210343e-04
2.859520939034250909e-03
8.418001823585048943e-04
3.325200638167801425e-04
1.236876405906447594e-03
4.946010668016740048e-04
2.320629661594788336e-03
1.895098451326107788e-03
5.478133361560020252e-03
2.138310174199103963e-03
1.437180959225579533e-03
9.689958751989158911e-04
5.460539694851653360e-04
1.217216217208811182e-03
5.647957340061984756e-04
7.701864170906014924e-04
2.407020380442079482e-03
8.150954078208792275e-04
7.114129917751162678e-04
6.341797302085089077e-04
1.079896041129937458e-03
8.107906154585780168e-04
9.471309647768361324e-04
4.290312798638240836e-04
8.442202599151711097e-04
4.572776396866769124e-04
6.384730192822320313e-04
2.664787975556091805e-04
1.284514016801538514e-03
8.810715979548990094e-04
1.451064985933260987e-03
5.886668306242572599e-04
1.156590496529833400e-03
2.384899377359033998e-03
8.048884375220474773e-04
6.738466268851780712e-04
4.375490598374287619e-04
8.634649019339001638e-04
4.964614110631312494e-04
6.848352710572159097e-04
3.840665334593497383e-04
1.187034589288010972e-03
7.355331580879198366e-04
4.675691436994806275e-04
1.086110161052401824e-03
1.487578574445776354e-03
4.312270439218837724e-04
7.377384258546606068e-04
1.375956031255251436e-03
7.937130891991505972e-04
4.329895032071793192e-04
2.118140214373653504e-03
1.357720094070413545e-03
1.612066841497830725e-03
3.020517015003051225e-04
1.422128159173669621e-03
5.153713673220989893e-04
9.979028577896593456e-04
4.288730623559901885e-04
5.441370729354779541e-04
1.195582522201573588e-03
9.714045453718447290e-04
4.354007941730494925e-04
1.490084536783669623e-03
6.340353308642349053e-04
1.039483333626036420e-03
1.569016331103577182e-03
7.612277527496005619e-04
8.979669886424420430e-04
1.317044403887272222e-03
1.184066712884668075e-03
9.459328462911243329e-04
2.871911661267983942e-03
7.482904270791942546e-04
3.327499665843698575e-04
4.366303694943880201e-04
1.036997719868116511e-03
1.092907231726031542e-03
5.664676263960865535e-04
3.545551246974478388e-04
7.695693168887469092e-04
3.782516667564818076e-04
3.940391448590776949e-04
4.631794460232968331e-04
1.118338659205421991e-03
4.973362901332938242e-04
1.069465488992151804e-03
9.635933389231264362e-04
6.765027178997295131e-04
7.031857000850299296e-04
6.954668147385402498e-04
4.039710606661030398e-04
8.323909681568342342e-04
9.128519049390882963e-04
6.666652035894858608e-04
1.887263174392107227e-03
1.236712693990382576e-03
1.285508355549097852e-03
1.196651658217425191e-03
1.094091333462831077e-03
5.769617349364864183e-04
1.777132901690909499e-03
5.576703298233718666e-04
1.870749252356292223e-03
1.667851732602191077e-03
5.000851982785239642e-04
5.067065197200818546e-04
3.633846798269482780e-04
9.313994034717964100e-04
6.296435506879416878e-04
1.997094445005352485e-03
1.847823293880006658e-03
1.472853590101520262e-03
6.278284055603073222e-04
3.815837904949555812e-04
3.429711245824133077e-04
9.347035409968445976e-04
9.470935404947482218e-04
9.701660349357733035e-04
1.004025006255154784e-03
1.218580399506323346e-03
8.637181287229312669e-04
3.141986879064097488e-04
1.346951323588494636e-03
4.369421212212073395e-04
7.756915514980222822e-04
1.517503838548789775e-03
6.991613085443288767e-04
4.421261756608447992e-04
1.536297357419832499e-03
4.864243531800016324e-04
4.975638011917709333e-04
7.442961921316231964e-04
1.948321594137873702e-03
4.624587498173217404e-04
1.107921446159066499e-03
1.053480087252289680e-03
8.936147202945509327e-04
1.806508185994605423e-03
9.106311850756734988e-04
1.080403498079768581e-03
2.426379473115114569e-03
2.444065986989738242e-03
1.217216217208811182e-03
5.249716134369873492e-04
6.640648180235243694e-04
7.685489918314851888e-04
1.300510337494682322e-03
1.282109067800215555e-03
3.385095125062903033e-04
1.512872385829408094e-03
6.825724083476673084e-04
6.877352626195793774e-04
6.600252436063858879e-04
5.716093268475591583e-04
2.094113818392708947e-03
9.861001927610813563e-04
1.997094445005352485e-03
1.503979495967822924e-03
1.061308370042824247e-03
7.886753085728004159e-04
1.004899646956703774e-03
1.301086333437009033e-03
1.211777184707473094e-03
7.937907044291934175e-04
6.599924246054512554e-04
6.828401554474113327e-04
9.335218039890851418e-04
1.084605392116897750e-03
9.720907328157392955e-04
3.303634578579877105e-04
6.130664567933473983e-04
1.080832193839502279e-03
7.920926958786589410e-04
2.623617044354499312e-04
9.479218434741976118e-04
6.533235399209846904e-04
5.983578304940490641e-04
6.337790199231655526e-04
1.200197137520591989e-03
3.250632673889875804e-04
8.920436604350188720e-04
4.993427895128015482e-04
7.286526823162741079e-04
1.413626107195804392e-03
1.270463534080816352e-03
4.438842600977026742e-04
1.015157996068464510e-03
3.878435572205998685e-04
5.685811319178236392e-04
6.374765083967446179e-04
3.293375199365078778e-04
4.176659164876667433e-04
6.357995577142235878e-04
8.549599743865297658e-04
1.343540085413994943e-03
5.171490674038421156e-04
5.176800989499068251e-04
4.354007941730494925e-04
9.357290206703035209e-04
8.967053455869094863e-04
8.371020415634880529e-04
8.015449595231116360e-04
1.060526614512273536e-03
8.525463172482502724e-04
4.634060804037037429e-04
1.023063251598847713e-03
9.546993888235515233e-04
1.777243292381442807e-03
1.079896041129937458e-03
7.879338009014682934e-04
1.198180230323822159e-03
5.765985955385375360e-04
7.591537125296040451e-04
7.245588300310171551e-04
7.706525885414428284e-04
6.401806607518840475e-04
4.151390999780391641e-04
1.022800047095177942e-03
5.076919995732678001e-04
2.021940729585433583e-03
1.257988289105518636e-03
4.513126171404651873e-04
1.526167028334761769e-03
2.222175649669746664e-03
5.379297210790393935e-04
7.756875622670955693e-04
6.420503422732993506e-04
1.384917252164843526e-03
1.323537218666754039e-03
3.190531291639143964e-04
4.632531103404766148e-04
8.873732382049909998e-04
4.566863188252673323e-04
7.387373606620457455e-04
1.144443349524210552e-03
1.968630117865552247e-03
3.939036267204668908e-03
8.899440730078403763e-04
2.504248283897626912e-03
2.488443379059925389e-04
3.159838481698355132e-04
3.992230608021560983e-04
6.747781475922888777e-04
1.445048616109178424e-03
3.901332768467993101e-04
4.156402527911600190e-04
1.003380191563449028e-03
4.999621954363944526e-04
2.811843995467511225e-04
5.089516220375433272e-04
2.553560193440743424e-04
7.610976847745184147e-04
7.674492752676993854e-04
1.025983570730744192e-03
1.343030731487039608e-03
1.968630117865552247e-03
6.529489705200307520e-04
4.462844728368274973e-04
1.757958635275921498e-03
9.111579696801817493e-04
3.978923798346712185e-03
3.637068031352388812e-03
5.472463668692149506e-04
6.797757825910634346e-04
2.633873314786817823e-03
3.959596525670523726e-03
1.845145381382979092e-03
3.717015590605723019e-04
1.354860630966189285e-03
2.665921233962163361e-03
4.817794166892281488e-04
9.457752976919203127e-04
1.588729628406219301e-03
7.606550992855967263e-04
1.963933327380157443e-03
7.890113426461823135e-04
1.541236801031764655e-03
5.769617349364864183e-04
3.254101734943287022e-04
5.635663718254865697e-04
1.790899268138801187e-03
3.739686958514594288e-04
1.517067676160036363e-03
3.345283744093336536e-03
1.313214182869559821e-03
4.529591247374854346e-04
4.186448577989476758e-04
5.184026014711064830e-04
2.416872318951578938e-04
1.045973831622473748e-03
1.544913973962157641e-03
3.739686958514594288e-04
2.155769956356923429e-03
8.134281789587765547e-04
8.311890365960675122e-04
1.120407946708524638e-03
1.044865596622170795e-03
5.275274319631098868e-04
1.896896485770761202e-03
5.320656577667124852e-04
7.468476949759204810e-04
7.831070555024235210e-04
1.308859315817389275e-03
7.276301230602564814e-04
3.040724961329962540e-03
4.917742410250096818e-04
9.067229186251604201e-04
2.222296891806176990e-03
4.640652799372619523e-04
1.665078044809439103e-03
6.659297432178055498e-04
7.126056281145286492e-04
6.474575228776182018e-04
1.058551840401014861e-03
6.599924246054512554e-04
9.631004319970263043e-04
1.109648232906099759e-03
1.871855623915632443e-03
2.522791177945033197e-03
9.313994034717964100e-04
9.811593805176400777e-04
2.636432445221699970e-03
1.202169465379088458e-03
3.865180044318585004e-04
9.600454945130624173e-04
5.472463668692149506e-04
5.802575032282759285e-04
9.502465493137090711e-04
7.610037683765099930e-04
3.464461173435580844e-04
1.441426850436782403e-03
1.066377007614123821e-03
8.059116419640875500e-04
3.925966757658467025e-04
8.216448737833656046e-04
6.169141176067803080e-04
1.045973831622473748e-03
4.706708636283317903e-04
9.484358660289921939e-04
2.288554905005928640e-03
7.413208367149041328e-04
4.429055821961328313e-04
4.713813696840223185e-04
3.345968793055880894e-03
1.031304313366111954e-03
7.327413584672018551e-04
2.472638471173623756e-04
1.792491797368701454e-03
8.206671340215816691e-04
5.036741691733983423e-04
5.517866136876671632e-04
6.474575228776182018e-04
3.862759013566298481e-04
6.210511882110687602e-04
5.184446737388447284e-04
8.387681383828380017e-04
5.612233920115375059e-04
1.019972730704837849e-03
8.338875850506178222e-04
1.381966694548144355e-03
8.110083437364068492e-04
1.924560701380053501e-03
6.059373423227443385e-04
7.717033565521540066e-04
9.087589014458294021e-04
7.921057151990450402e-04
1.451064985933260987e-03
1.305543053751097261e-03
8.383948942614980870e-04
5.696205903504899127e-04
1.471601254026895554e-03
8.492700906032121669e-04
1.645801270001064813e-03
5.863423134579722569e-04
1.553156622464056625e-03
5.358630188772427888e-04
1.103959158499658120e-03
1.627973690424289362e-03
7.795759160388177327e-04
1.352930824962814442e-03
6.722768023661002904e-04
1.074723168354824090e-03
1.015157996068464510e-03
1.069738339804962579e-03
7.522158582302702510e-04
1.521641756524915422e-03
1.056386000225778251e-03
1.150796372976572524e-03
4.089894731087447910e-04
4.411486722817360706e-04
4.592990339971988849e-03
6.219556639361573450e-04
9.631004319970263043e-04
9.717996914791720686e-04
9.813341811662646547e-04
5.983578304940490641e-04
4.616915708923881811e-04
5.511864904334498778e-04
7.527489737495482490e-04
7.297506178605073701e-04
4.868279756607388925e-04
5.527877507960056664e-04
1.329243197055934638e-03
2.028684227696460427e-03
1.343540085413994943e-03
7.224909330631946363e-04
8.924820150797407306e-04
6.693332022343904042e-04
9.205837436381690466e-04
1.268006887836603189e-03
1.137196650653613059e-03
1.233615037459113908e-03
4.035631676571059838e-04
4.341233090102668822e-04
5.421000057255588112e-04
6.610329651908642811e-04
9.335218039890851418e-04
1.473341353631995839e-03
6.013438334655758040e-04
2.771657558881758868e-03
1.631143161915223896e-03
1.151717511679642035e-03
1.241951908002108000e-03
2.026802098430993248e-03
6.171699688806439946e-04
1.100408067089874656e-03
1.338827956508832325e-03
1.273305177725058161e-03
1.079447659712234582e-03
7.530339071624258650e-04
3.469141564356111127e-03
7.158922999276949670e-04
5.852821019261287899e-04
8.828952302706697969e-04
7.717033565521540066e-04
5.424879313601315128e-04
1.642590748438502342e-03
1.158599854545025627e-03
7.879703175392311623e-04
8.878265288510305475e-04
4.409272424511215456e-04
2.013592813328770735e-04
9.241959543177868464e-04
1.350515187182341290e-03
1.031421465825579963e-03
6.332894276579556937e-04
1.729008261844984691e-03
1.583181150406825360e-03
1.049998780312191718e-03
7.219866799897327976e-04
1.187342899664942455e-03
8.029651363982863227e-04
1.333433505397408573e-03
6.667369566856833855e-04
9.409499396757588143e-04
1.572264952459933923e-03
1.450627208639169215e-03
4.349760763565834409e-04
1.057148700728711326e-03
6.423138305020195194e-04
7.518289856104670059e-04
7.435237323533516306e-04
5.629255944745172827e-04
8.989198921361951904e-04
1.309184246394610790e-03
1.068294415411160346e-03
1.290652979209714604e-03
8.334758961552476367e-04
1.423794689112971908e-03
8.920465747404287150e-04
1.153246069623642704e-03
9.615287714875486638e-04
7.592471175606550077e-04
2.496826026794781404e-04
4.219904812660362631e-04
2.655174225169001554e-04
8.226266554519152041e-04
1.238176348182906238e-03
6.457887797068894440e-04
4.884761201139431550e-04
8.979342774280469784e-04
7.285815292504570001e-04
6.556372141937290895e-04
7.830244184956203224e-04
1.977138673615641377e-03
5.724517534781966904e-04
7.788254294599033199e-04
6.637759361245996245e-04
1.599349933737721600e-03
1.822398395283841063e-03
1.112107643666582907e-03
1.105783396160837798e-03
1.066377007614123821e-03
5.558221846880660342e-04
5.456501608621521122e-04
7.364517079241752811e-04
1.573275407678006868e-03
7.096069220161864855e-04
2.276984196422732372e-03
1.162088698673747035e-03
1.183142923039690779e-03
1.519147623849825086e-03
1.999978616908552366e-03
8.014061777518072553e-04
1.016036073138038920e-03
9.272842555603470890e-04
5.536876190957626918e-04
1.614125806459574359e-03
8.657811255479647486e-04
8.794794159259878381e-04
9.802658849049829693e-04
1.030051865978499556e-03
5.743449284037865357e-04
1.460462625082355930e-03
7.180581054054992586e-04
1.038267144644903529e-03
2.713593140980377150e-04
1.412869529922379389e-03
4.730264374342480383e-04
4.406114671612364393e-04
3.987990483260324404e-04
8.460538364788610429e-04
1.296056860834528951e-03
7.711809085786429851e-04
1.106701642943169707e-03
7.364517079241752811e-04
2.652225375828994904e-03
6.739679353635362252e-04
6.861585627805222428e-04
9.880176725148620467e-04
8.434260588607693249e-04
3.345968793055880894e-03
1.140122935280604190e-03
2.808048048625197890e-04
5.938807854665330418e-04
4.505797571472786272e-04
1.376960676199162842e-03
3.019965424447552515e-04
1.465404448467187660e-03
6.926515199305325124e-04
8.418435005883282730e-04
2.375883660587085216e-04
3.249200512676868997e-04
4.431783666675870987e-04
3.646900468727097403e-04
4.132283208294796500e-04
8.014594070709456621e-04
5.990183788152149717e-04
5.743478033482454651e-04
1.840465543399808553e-03
1.041356564291470548e-03
6.571942238813310595e-04
1.026430172560937161e-03
1.107528418265154484e-03
1.650093933254773854e-03
5.827638554984745011e-04
5.350199394488397604e-04
9.477711359760978161e-04
6.404737489744730637e-04
8.838015957172752363e-04
7.400996644335523702e-04
1.517770667538354120e-03
3.020517015003051225e-04
9.673512522937458740e-04
8.873732382049909998e-04
1.069465488992151804e-03
2.395650892602963367e-03
6.427047100011051275e-04
5.538535622561609932e-04
6.608157677199453768e-04
7.833775372718208146e-04
1.090682474880604177e-03
5.787551127384261496e-04
4.770011564049536136e-04
4.490755460339513499e-04
4.502668608822674927e-04
1.146362880500478680e-03
9.390539536038342667e-04
1.180699101168863332e-03
1.300628005214375009e-03
4.569480963604842516e-04
2.402523190083652590e-04
2.207169841425396083e-03
1.235910766957136258e-03
4.318413329480083303e-04
7.354716309370932809e-04
7.569442719280412369e-04
8.045362206240731654e-04
6.851444620224800058e-04
1.171252363487518744e-03
6.895246619281744432e-04
5.980221845979456817e-04
6.416636094853992150e-04
1.677302745815035905e-03
6.945482315371795303e-04
8.080535940531852071e-04
7.042464101743425766e-04
5.256097376632400770e-04
1.303043687626595677e-03
7.786731942420990933e-04
1.477717384380598884e-03
1.507808965572570055e-03
6.426235841838252730e-04
6.510703853427641120e-04
1.396503103963919181e-03
5.211408400877619567e-04
5.902171908538714207e-04
7.378751802934108758e-04
2.978390673129249419e-03
8.011237442618997706e-04
1.207503215184838876e-03
1.023434564091331087e-03
1.300883340788270507e-03
8.134281789587765547e-04
2.214719620187329853e-03
5.471615282607558868e-04
1.106407871362441626e-03
1.544438237454363004e-03
3.765138932405797333e-04
5.884669056913044514e-04
4.999621954363944526e-04
3.726481425445889260e-04
2.987761080298190859e-04
9.914595049674190981e-04
2.183922286706850135e-03
1.802160391476688656e-03
9.452895302839585444e-04
3.064581448919882311e-04
4.842884489760362898e-04
6.614491120585086741e-04
1.201970914669239776e-03
5.748766694425018562e-04
5.600816874841153510e-04
2.089770147655453311e-03
7.788744982074096096e-04
1.060656217964332662e-03
2.281821655801767774e-03
9.756189325375388705e-04
5.944334030645601410e-04
1.807765556741786376e-03
4.707471034236052217e-04
3.705855621500794600e-04
9.313994034717964100e-04
4.490755460339513499e-04
1.091395661913607470e-03
7.354716309370932809e-04
5.613448536662091985e-04
5.677472165334080225e-04
1.499367509441470493e-03
3.840508839180295747e-04
7.561992863622472166e-04
1.733625595291033187e-03
3.458668770928400465e-04
4.445039565855990449e-04
2.442117128476681710e-03
6.146621836113746714e-04
6.381421852807444856e-04
1.720156066295955299e-03
7.600110439741211091e-04
4.834268945999281694e-04
7.478080868045410739e-04
3.949584628615996295e-04
1.489516243492606043e-03
3.087787712712896770e-04
5.787551127384261496e-04
8.609267990370612651e-04
4.526616964437574090e-04
6.757601437298038508e-04
9.758996945730047043e-04
1.522308340967428765e-03
9.312083114710059889e-04
4.533468137656202976e-04
4.607501318633110197e-04
1.771827873712862166e-03
1.241926795304763419e-03
5.004431021819256194e-04
3.034348115908925333e-03
8.172957906414051029e-04
6.122005990500050494e-04
1.502620345187995676e-03
1.190007684079848844e-03
1.170006879758255305e-03
8.636049945858235511e-04
6.496021706010450016e-04
2.570630492656138938e-03
7.960223130282504181e-04
5.839659831510062276e-04
7.107348614709684291e-04
2.676101217488427615e-03
1.062584571034232801e-03
8.874145519786520199e-04
1.049251839887682799e-03
1.055464098315543955e-03
1.588743967394391473e-03
7.734480316082172763e-04
2.184467083201468009e-04
1.016571861411813158e-03
6.792941108737961383e-04
5.801706135080566097e-04
1.271592247952775491e-03
1.446271586047200844e-03
7.696260985302976702e-04
2.655643718076740496e-03
4.011395297824412874e-04
7.723675040076105353e-04
9.270967854873516777e-04
8.928909169133991816e-04
7.747805658971216756e-04
4.708345114600913459e-04
4.957602009851241973e-04
4.337138471565883278e-04
2.482089723696991046e-03
1.206888569343687791e-03
5.918359799791573670e-04
1.199391828001008641e-03
1.544363745985508811e-03
8.936147202945509327e-04
4.236544675947883352e-04
4.958057199749112739e-04
1.266888893749702587e-03
6.369707402113711963e-04
9.423733195851735764e-04
8.917930668001547000e-04
1.079317358704859212e-03
2.633873314786817823e-03
7.739198879681888615e-04
1.016912426423500918e-03
4.044838904024448869e-04
4.915239700023754090e-04
3.403635300433829631e-03
1.752986476606070146e-03
1.094287960273896852e-03
1.462862450337155257e-03
2.921832504966675754e-03
6.599823658380269027e-04
5.148764157410102432e-04
1.648747501419227423e-03
5.401568063977446642e-04
1.757262992290701967e-03
1.013352794807288260e-03
2.133604007509244194e-04
8.755457552515887336e-04
8.746197205546500002e-04
8.467521326459570303e-04
9.507244026198390660e-04
7.775504953594217835e-04
2.325439981790703369e-04
2.931706171850995092e-04
5.322701613846027822e-04
3.879063583504063512e-04
8.538160694549432874e-04
8.786854619507529669e-04
5.647187783410872975e-04
4.621759035271051294e-03
6.188524634865021383e-04
1.042814767728420097e-03
1.548675456260790442e-03
2.475747233315732116e-04
3.354312256777713594e-04
1.651077173624799143e-03
7.317810379162289353e-03
4.442017047996564875e-04
1.305477789581402197e-03
6.420670430574034176e-04
9.844367531625884942e-04
1.196742972631851783e-03
1.635815812277988460e-03
4.351286299007515795e-04
4.790762729658308117e-04
1.420336204040191551e-03
8.188299056269645639e-04
4.056707320962721786e-04
3.749885643838501287e-03
2.628969776396191792e-03
1.436776238532660272e-03
2.075082267120380297e-03
5.308984512145363543e-04
7.497253423078040864e-04
8.010109554801088817e-04
1.245397459207915917e-03
7.754154446141730628e-04
4.913138229439827651e-04
9.236939196588826381e-04
8.343229163202625859e-04
8.643274562694242815e-04
4.041473619278885296e-04
1.471259687023002008e-03
1.271958158153646762e-03
2.947986358797891776e-04
3.749781401705876887e-04
7.608499196752675471e-04
4.164439489094307512e-04
1.233615037459113908e-03
6.537717530188251773e-04
4.354007941730494925e-04
1.267493833102187242e-03
1.939027707109630032e-03
6.388884522251527236e-04
5.679860986477866958e-04
7.324888426753637305e-04
7.354716309370932809e-04
7.043979257852152516e-04
5.708444782422167005e-04
4.292058669645702242e-04
5.747503482621068270e-04
8.317272296893199598e-04
6.658938632387917302e-04
5.268160731101603333e-04
7.085354717667838873e-04
1.781781432752739536e-03
8.984315723147214298e-04
