7.888186874817300137e-04
6.112588734013615910e-04
9.444226716600346563e-04
2.258364026014032626e-03
7.590664103783122509e-04
5.747721578000372297e-04
8.137959273504949756e-04
6.468106362850324165e-04
9.332187956482042041e-04
1.638444815771564851e-03
9.113412858574438096e-04
4.008298788234586200e-04
4.881381371127242177e-04
2.265154269934506297e-03
3.895279908902459128e-04
8.333254259562660219e-04
5.929775377210889670e-04
1.728959529100804800e-03
6.742622361220892372e-04
6.159082292964310982e-04
3.083983815278413133e-03
8.868936303112139562e-04
5.471336141338785115e-04
5.402982568715530365e-04
4.782155784379823961e-04
7.411650242719030734e-04
4.003822448076382076e-04
8.532593852533527489e-04
1.640941165594383836e-03
1.417325894139848412e-03
9.353305295967499766e-04
3.005515912262883126e-03
9.586581273970828281e-04
4.206937558452079613e-04
7.442948094762237348e-04
5.366358448238508919e-04
5.206043468184071415e-04
1.162750959228422759e-03
1.280175120437371597e-03
9.498441445077579004e-04
1.098545387831640534e-03
8.302574008140449751e-04
7.240911317082810578e-04
6.197104735901150284e-04
8.537497517034281285e-04
1.001946024372278371e-03
4.464437422060461695e-04
6.495167838886362326e-04
7.162181097914380049e-04
6.975661762297104534e-04
6.891929477175310096e-04
4.647340534023680116e-03
4.350322306502233316e-04
9.241033005206080852e-04
8.411270258628499464e-04
1.412833831919791359e-03
6.295866958386141720e-04
4.092589969815117420e-04
4.635396427729201844e-04
1.039615168619632823e-02
2.783240186801322867e-03
6.464972631359332906e-04
2.412978276697376467e-03
6.661210012638561946e-04
3.161987941464162815e-04
4.191165115751636092e-04
8.326886988114000701e-04
1.037868600249513672e-03
1.007409766154305055e-03
7.521934101103274926e-04
1.374486585721522783e-03
1.271228603091997464e-03
2.801268233846793479e-03
4.329734573372407943e-04
1.411835878688095115e-03
7.092202482923396943e-04
8.176705741415053307e-04
1.139937149438523126e-03
1.281255498012653926e-03
5.958852052151460826e-04
7.900024305505880641e-04
9.542518865367566935e-04
2.577799972787933949e-03
9.664824437268118660e-04
6.590631710591717853e-03
4.960531081168774187e-04
5.339220912178848505e-04
4.858464408482859463e-04
1.321565205577192878e-03
7.900286067801131533e-04
9.219019533147838116e-04
7.977629374279649344e-04
6.329847748725655901e-04
6.161660300890453188e-04
7.043634033863459785e-04
5.566536032632915867e-04
1.010228391856629561e-03
4.161322279275190932e-03
1.237215978877228249e-03
1.297902511533307116e-03
6.644104354410688799e-04
2.760179456664319723e-04
6.287266740309877325e-04
1.131226661028534360e-03
4.363179263137507242e-04
7.043634033863459785e-04
5.036905518940646255e-04
5.740636086103216270e-04
8.969319984355207925e-04
4.425989434855423987e-04
4.773269647025581565e-04
7.474554196275029440e-04
4.396249281402857690e-04
6.311387314185297470e-04
9.338028740843986805e-04
1.020433147340474083e-03
7.502131426318319179e-04
8.824868556651418571e-04
8.146659409414126838e-04
4.316773368239884209e-03
9.278408369346512283e-04
1.638444815771564851e-03
6.747846823938680790e-04
3.575190479494135811e-04
8.212392490073255847e-04
3.308571863266335320e-04
2.740453648789973468e-04
7.274415114205097857e-04
3.934360443402039722e-04
8.359111536450244918e-04
1.169133504898775501e-03
9.893120469815759686e-04
4.697404923263415991e-04
2.567309004991563518e-04
7.039037551650411490e-04
1.272412605450571948e-03
6.814406672320669689e-04
7.749711681332651812e-04
5.694077354935684655e-04
5.999208528743864462e-04
2.883548947266094224e-04
5.676612127540798820e-04
6.405680688131662080e-04
7.510892630975225326e-04
1.113010766470523116e-03
5.866856092663467765e-04
5.639367192360346783e-04
4.495647392402686159e-04
2.889957131000186574e-04
1.648210645920648344e-03
4.298882978121986364e-04
1.021070039478048008e-03
2.168583891244159172e-03
6.076712552345808153e-04
6.666354816038677373e-04
7.621611167399444491e-04
7.543265986788713845e-04
5.490029310380565870e-04
1.328465752940486246e-03
1.279101641801452848e-03
5.049176290872972464e-04
9.296423058315056833e-04
1.266285068160238978e-03
5.343673028093746903e-04
1.383654682957813570e-03
7.183258227569113384e-04
5.044943551913757401e-04
3.233057752635118301e-04
1.468912468524993927e-03
5.585214659117766897e-04
3.488546321324521274e-04
8.096364802643121229e-04
2.168583891244159172e-03
6.882843825686793711e-04
7.248423603685808523e-04
1.168104100196883230e-03
3.603292479110901470e-04
4.614234165642969762e-04
6.657569523975302933e-04
3.818264449160566737e-04
2.190413107191535916e-04
4.469797858555392975e-04
5.638056765005785079e-03
7.410886116504903373e-04
1.442601441712399899e-03
3.847809847196233734e-04
1.747545963821294564e-03
1.940464650257745470e-03
2.974909774674942657e-03
8.596734468743289165e-04
1.467858147652670959e-03
4.636504346812960788e-04
9.513118791029739419e-04
2.072526719428021812e-03
7.984980783864712751e-04
2.911183213652897262e-04
5.448834528983594614e-04
2.277701343065089389e-03
5.670646218437357285e-04
4.560409447226409954e-04
4.782155784379823961e-04
4.103556081018643249e-04
8.361644768747659388e-04
5.262435036085948451e-04
6.321306495433244620e-04
1.074283581214931964e-03
6.967827235507905283e-04
9.097278928263019711e-04
3.940464105531827060e-04
1.114133495527951795e-03
3.503976703787659019e-03
1.403149559635681783e-03
7.581420350727291783e-04
3.485642391279305131e-03
6.116480701350277861e-04
5.428025132437676878e-04
1.218312831938692890e-03
9.395202402411340645e-04
7.887408628921955362e-04
6.102467441374992852e-04
4.955020424496732120e-04
5.471336141338785115e-04
3.086402096193880361e-03
7.244158630797521529e-04
4.454894507601891334e-04
3.667558809692993767e-04
2.388823212845274380e-03
2.647330108013443714e-04
5.339220912178848505e-04
5.426789543901611688e-03
4.513541143167491571e-04
4.933932780855885842e-04
8.508455226165664810e-04
1.978296045460449688e-03
1.411976370630425989e-03
4.416087939158246469e-04
7.274447327853186948e-04
5.271143495844611733e-04
3.064232106501037656e-03
3.059659003668003239e-04
7.059193940035805772e-04
1.723359863973357312e-03
3.442874499625543910e-04
6.423162476977723216e-04
1.038185053797631560e-03
3.398364192245102396e-04
5.262350284631935049e-04
3.564747463852139045e-04
8.764354880206059756e-04
5.080166091120313443e-04
1.193916797430138142e-03
1.159090859760999364e-03
3.598567900433966211e-04
1.005797167528925092e-03
1.113198737920205982e-03
4.043992381859073059e-04
5.117129422062195732e-03
6.295202871682289243e-04
4.466140305916342776e-04
9.464683369661707922e-04
7.375977986813814398e-04
9.269365710179962910e-04
8.868936303112139562e-04
1.343243876597997573e-03
1.029462191385024884e-03
3.522093134942670873e-04
9.638550482351287887e-04
4.494553083701950734e-04
2.331352687395344336e-04
9.711975137962911356e-04
1.400408652474780273e-03
5.129594449970262130e-04
1.283516303488280033e-03
6.874759937223354298e-04
8.613161592611362797e-04
3.907786490021646097e-04
5.823202075816446849e-04
3.847217572458238579e-04
9.582409743783298255e-04
1.846526567524361083e-03
4.669112288418132044e-04
7.086882181564555351e-04
5.256638431303981788e-04
2.985101376815021989e-04
4.786263573338426450e-04
1.857110974631491322e-03
1.630890961552594132e-03
6.261492723313202531e-04
3.625837494260850265e-04
5.059696612926832581e-04
1.228823531158039191e-03
3.482798572042122929e-04
3.177011220866273063e-04
6.833458011232847054e-04
3.181182315840342441e-03
8.509360999315007364e-04
1.601293874983257233e-03
8.437172484904668229e-04
9.301110607733729463e-04
3.405431729278383447e-04
8.289512890074124830e-04
5.921728294941220119e-04
6.330375511438670125e-04
7.622583593486820285e-04
2.488266204643046695e-03
4.012383599771170671e-04
8.980700317054865966e-04
7.494700776948495964e-04
1.550938608817611529e-03
5.248075516640786408e-04
8.221781090262573295e-04
8.828280005418626683e-04
9.523056272996717041e-04
7.778116760904969524e-04
1.625708306602706345e-03
1.050759099067794184e-03
1.249639368292395801e-03
1.105720298976721125e-03
1.401608063952875698e-03
6.192416561506448609e-04
4.964012387940642135e-04
1.019032246248765964e-03
3.554863001810883920e-04
5.285657943786716126e-04
7.042675669181641717e-04
9.950756325739107400e-03
1.193990868773748713e-03
4.409811670193304525e-04
8.715491842202884379e-04
1.055916307373098821e-03
4.446361906979788277e-04
2.602568236755764715e-03
7.146752994473351030e-04
4.367359696763426923e-04
3.453376490032836004e-04
3.777337154529050332e-04
1.418937616338977574e-03
4.859921807521678226e-04
9.125261710258365973e-04
2.342714788252657672e-03
5.579398973396981244e-04
1.097060911193991316e-03
9.818517218752912615e-04
5.678976906039184943e-04
2.042558123514397802e-03
3.569032059115352130e-04
4.451896133982936074e-04
2.183597611673776528e-03
2.298676523330853844e-03
1.720319048374759595e-03
1.193349479724354007e-03
1.940133525836683793e-03
1.824222614085815094e-03
7.679584634851931591e-04
9.321830999574927520e-04
4.878815235363797892e-04
3.620673915177846517e-04
6.392609286805097735e-04
1.042765448223966374e-03
3.256439856493953530e-04
6.298473320209951182e-04
5.057645466624738784e-04
1.318552894447804630e-03
1.259877380421961035e-03
1.728959529100804800e-03
2.319119533595581911e-03
5.608380023992206058e-04
2.529293548951186540e-04
6.807833663727119169e-04
7.612785527077912083e-04
3.558263548758718031e-04
1.116915841223300662e-03
1.125617925883049247e-03
4.266987113667330836e-04
4.870695044261035022e-04
3.585070854230060591e-04
1.470966379314739975e-03
4.521284539355893044e-04
6.368567578734069239e-04
1.027502789303811996e-03
5.676612127540798820e-04
6.667047164661376712e-04
1.514519364584136297e-03
5.257251009368891625e-04
3.922910474197990058e-04
7.513839993378422944e-04
8.001201817686709461e-04
6.095947400084900103e-04
1.540948990261517201e-03
1.011480267246570725e-03
3.890111679152846833e-04
3.147492001518346861e-04
2.954756793592985928e-04
3.228172758510354100e-04
4.207370482376497352e-04
9.447975041692643211e-04
5.940002518650105284e-04
9.395202402411340645e-04
3.455344258607077976e-04
1.384144287886817162e-03
7.554119637464493933e-04
1.511361625536672935e-03
1.753728860338776537e-03
6.320946169571921855e-04
3.462055301072389582e-03
7.666949719525840111e-04
6.507426981151575316e-04
2.833294517332446937e-04
3.265326331496084091e-04
3.076997372899838330e-03
1.837748701107620470e-03
4.617122397917054538e-04
5.773724180511546076e-04
3.950112444417687636e-04
1.897669572967381922e-03
8.785970525146367949e-04
2.554356185303770189e-04
3.247271813992087201e-04
1.748348651540264928e-03
3.166340225002688916e-04
6.218204405130204086e-04
3.992472932693854281e-04
6.171175182458146780e-04
6.290260880835891197e-04
9.528337777104150998e-04
9.941408289413972057e-04
5.847277751567808322e-04
2.151132770105693235e-03
6.331849776990927615e-04
1.757402056041117199e-03
2.813164662241772539e-04
9.068905305053264485e-04
4.193670191706677370e-04
5.902712200713053229e-04
4.322897766738490757e-04
4.059200975395482595e-04
3.885297201893510061e-04
4.626515500866864466e-04
2.047265700161440480e-03
3.322351978013244798e-04
1.897373513640557112e-03
1.203394156102530199e-03
5.155778551354966207e-04
8.357289076385268287e-04
3.132923659293778990e-04
7.907803506457548783e-04
2.121033739196551658e-03
3.353572501416965217e-03
5.686179596769521576e-04
5.649349436394603087e-04
1.905527453973875377e-03
3.782505502597888029e-04
1.278459324032997935e-03
6.214973330066043229e-04
4.012383599771170671e-04
2.621380910761160802e-04
5.257838436421732875e-03
4.627098697552532833e-04
6.212883611899897062e-04
9.265334401159690605e-04
2.455044128562670035e-03
1.185314850039610344e-03
8.829922788386318500e-04
5.989145628899512084e-04
4.675898520923330243e-04
5.255528531410187535e-04
9.817894075725903166e-04
5.748625359805162489e-04
1.416443750155472331e-03
4.178587388819623516e-04
4.749589811598854770e-04
1.780739860301290426e-03
3.716356133589060256e-04
5.794928586473749093e-04
2.483036794161170083e-03
2.464607190035032693e-04
2.936494410057088108e-03
2.496926612776560837e-03
7.455866511227742010e-04
1.480786486588429049e-03
5.379480738121724184e-04
8.581500810044604896e-03
1.035588652848356151e-03
6.664614323611050628e-04
9.562277570601257753e-04
5.386328659220002710e-04
6.686769962265732333e-04
1.181212013885678475e-03
4.625043994311274173e-04
4.048267037060666201e-04
1.062242242272857075e-03
1.128350648599167399e-03
6.486989231335054708e-04
1.398705222310928000e-03
6.419258721129730968e-04
1.382498915223425925e-03
4.436764486473791964e-03
1.217114153465545653e-03
5.117129422062195732e-03
3.085019879709798539e-04
1.319411086646058752e-03
3.498973452298167943e-04
9.604417467251333621e-04
8.341622301847193216e-04
8.361644768747659388e-04
3.940464105531827060e-04
1.241689962613233946e-03
6.790478516459067969e-04
7.199839107251660656e-04
4.645115927695410082e-03
9.198450135998256652e-04
3.617235402865368564e-04
1.019234337872691786e-03
6.647605361467243731e-04
7.571952826563512363e-04
7.241253567576650188e-04
1.093491698402698992e-03
2.554356185303770189e-04
1.474953061377038419e-03
1.858446084440493152e-03
4.003002921661247618e-03
5.788433289017114224e-04
5.441893009123049919e-04
5.648483758957571852e-04
9.241033005206080852e-04
7.509739639382363545e-04
5.248399254048522833e-04
3.072400189934009472e-04
6.214135540675069574e-04
3.569052302301592905e-04
1.339166128303511186e-03
2.452853619212601939e-04
1.387767092603352541e-03
3.851113112421394218e-04
9.097278928263019711e-04
4.000287841559225675e-04
1.526404228813762944e-03
1.059787729151403504e-03
2.823773615149682403e-04
8.300674033659057602e-04
4.590209373894011064e-04
4.471259650420198058e-04
9.260492252369105807e-04
1.315023700463079700e-03
1.229266310725175967e-03
2.039559567214169981e-03
1.199012908590090052e-03
4.687618299232068110e-04
9.219307730892068592e-04
2.008230321557467023e-03
3.399836278388852382e-04
1.371059968646165224e-03
1.134130312078348310e-03
6.656289544821346370e-04
3.451822204405464349e-04
8.199823109214700182e-04
4.752926308605974742e-04
5.005025024998767565e-03
4.843639332181668301e-04
5.847315780949164559e-04
2.760179456664319723e-04
7.085969348520531133e-04
1.416896571614982732e-03
7.506257140572427950e-04
8.475803057496570508e-04
4.808275830480205856e-04
1.376364287176303717e-03
1.213969598498694687e-03
2.491838746286540070e-03
7.623991918217437949e-04
1.301104286484824554e-03
3.960484970287258210e-04
6.475007042076470201e-04
8.072608904615023511e-04
8.565924704941298628e-04
9.602605109516047007e-04
9.452534844150479619e-04
1.141576523330876947e-03
1.463294787753230885e-03
3.496616720550958443e-04
8.637443670026279975e-04
2.782577464904319956e-03
1.247381144268318526e-03
7.764494718151874163e-04
5.695468552854512792e-04
8.328767232324594616e-04
6.115457476504426552e-04
4.112178036797312889e-04
8.274659974344008000e-04
4.155706333492847275e-04
3.811595098941571711e-04
6.114859033436527468e-04
6.161660300890453188e-04
1.712540240316835034e-03
7.110488153074847597e-04
6.423313453928662176e-04
8.169065767818249396e-04
3.803254148717519580e-04
1.999180084543046316e-03
5.584294391458763905e-04
5.602579624062188320e-04
3.655316352477417188e-04
7.517824408472512749e-04
1.560132754810644642e-03
6.442054988999825404e-04
8.920492427918685430e-04
8.398286815440368473e-04
1.660744596075190097e-03
6.864456303158399325e-04
8.805002240741724006e-04
6.583718279354204604e-04
5.026672366444699062e-04
1.084304130811509755e-03
6.442054988999825404e-04
5.025910339375410773e-04
5.729972607677719619e-04
1.366743189308956222e-03
1.660353999974986108e-03
5.424812753814169282e-04
8.724317427301073527e-04
1.454594409201441854e-03
4.749078497826025739e-04
3.104218130418326047e-04
5.867221516952512202e-04
9.675266976417475594e-04
3.727194613661844944e-04
3.914510771820813809e-04
3.055456215038526279e-03
3.815803141607531463e-04
5.632523171551078204e-04
1.799702572867710546e-03
7.993823908565252708e-04
4.587380279902693748e-04
6.648961270883041799e-04
1.133052593660205691e-03
4.606658970618179708e-04
7.782559863837606355e-04
9.570105412601556194e-04
7.306216648432289559e-04
4.320752025625198981e-04
8.233691851539693156e-04
1.029839275962653178e-03
5.834865196207885936e-04
8.568529971459810891e-04
3.989047598715364084e-04
5.320099962891477064e-04
1.093788867977435421e-03
2.999727131777078825e-04
3.056502813717477626e-04
5.581806285744931543e-04
1.719635773786331407e-03
3.476696188937610497e-04
6.813460148643781661e-04
4.915518706379078074e-04
4.922674207315321957e-04
6.491568268177268231e-04
9.345987407943036384e-04
7.984980783864712751e-04
6.396400280406186771e-04
4.151385063918810732e-04
4.762037826494953637e-04
2.660449689678350948e-03
2.031155162255386410e-03
5.639250434076569776e-04
1.211283907406800371e-03
5.019220683428806404e-04
6.338354288439059349e-04
4.978337425643658337e-04
6.432567400624556895e-04
9.063503563401956262e-04
9.299260744592793186e-04
2.209797155891471496e-03
9.953376794130774485e-04
1.914551804439433048e-03
7.659071744425328173e-04
1.618172940873198115e-03
2.735718191475509323e-03
1.628253277703915715e-03
8.915071342722606694e-04
9.042683210647934136e-04
9.875214586628961767e-04
1.458642246886420173e-03
1.284345531450182794e-03
1.132109036131176893e-03
7.930026482556365702e-04
3.669032893636499241e-04
3.402920964099661791e-04
7.219114433807306700e-04
1.267543270183599333e-03
6.647605361467243731e-04
4.105694526816290580e-04
3.676895367914493804e-04
1.161113680845178705e-03
6.673863784419645706e-04
1.443066500619390137e-03
7.859609119998515504e-04
6.218058111639763888e-04
5.999208528743864462e-04
6.829474840101241269e-04
1.160328611089064734e-03
6.141588527530976926e-04
4.063557085285325436e-03
5.180057737492341566e-04
4.329734573372407943e-04
9.292244629287181243e-04
7.148383094205250929e-04
5.995020255575727892e-04
2.811145900144015994e-04
1.667449489821523721e-03
5.682854677608809978e-04
2.110366509205833553e-03
2.418482588192047487e-04
4.042870085858385021e-04
3.576263156221527566e-04
6.925560207374910305e-04
2.439739665524141181e-04
3.506884430979834762e-04
2.319119533595581911e-03
1.255082787345535586e-03
5.339611423345424872e-04
5.335097646744609489e-04
6.448026735439973608e-04
5.805412168070573980e-04
1.761612543813629618e-03
4.074100886909702351e-04
3.102174362353876582e-04
6.075025323055799299e-04
6.214973330066043229e-04
8.748208636946001090e-04
1.129338320032049169e-03
8.004354112467586008e-04
3.493743340654576488e-04
2.291997482913680877e-03
3.532927114062306417e-04
3.685961049372439590e-04
4.816601063414805632e-04
2.911183213652897262e-04
4.958332807770529475e-03
4.377235304449276164e-04
1.006872795501918914e-03
7.072454198895582449e-04
5.028351206864622135e-04
4.784759435935583395e-04
7.977744170444305742e-04
3.619335929070051686e-04
6.181536467890374510e-04
1.176204908509786203e-03
1.105671900888555940e-03
5.711945707879888343e-04
2.259052944555052338e-03
1.276448407111519748e-03
7.658873488033061516e-04
5.586960664236029651e-04
1.027917964902801042e-03
4.483899208571900594e-03
5.006316091465330990e-04
2.010749492563135288e-03
1.310106868776983848e-03
8.807082655824205420e-04
5.983883182643802813e-04
3.856332818799971260e-04
1.243759115092122778e-03
4.558043999756273548e-04
1.247613611969328792e-03
5.313890500485493476e-04
1.578204106721989037e-03
7.392046494152866619e-04
4.393126251312275696e-04
9.179959031046172483e-04
1.296173396233591367e-03
2.410621628465142718e-03
1.385975357420911455e-03
1.541069007799100070e-03
5.219675038871724642e-04
1.531508105022458830e-03
3.526670345003509030e-04
1.009485591421650005e-03
4.129252302599648711e-04
7.883210373115383295e-04
1.184317747503878943e-03
2.242847587238151893e-04
5.165461828901970164e-04
7.847362484708852136e-04
5.283796657126855426e-04
5.294447897112124473e-04
2.674468844829990086e-04
1.290137691797067993e-03
1.198503682762590674e-03
3.770899576279108283e-04
7.984980783864712751e-04
7.490424148202605003e-04
7.025795734648404437e-04
4.375279345324013347e-04
1.411835878688095115e-03
5.405423433770842291e-04
4.582450630874024093e-04
8.249787850598018848e-03
2.124835137191892660e-03
6.396400280406186771e-04
1.503302020535319953e-03
2.375818888242993074e-03
9.652200081857102796e-04
7.096120448201166751e-04
3.249225899192585741e-04
7.358556318034389877e-04
6.874638951042282876e-04
5.218700801559131731e-04
4.884396669673486636e-04
5.339405214907637668e-04
5.807762413392699363e-04
1.255943932306447571e-03
1.943449465681478059e-03
1.072481452957960114e-03
3.988647379959424279e-04
5.243670874016409132e-04
1.845400087350736911e-04
8.878384282829063787e-04
6.224740836903794186e-04
6.211272894076541639e-04
6.793848444330214450e-04
4.523879256146567571e-04
1.438277076213362836e-03
4.836141078502855547e-04
1.882258035363971668e-03
9.090350100832223293e-04
4.992707926099952242e-04
6.327649573219948581e-04
7.748947530121785832e-04
2.235555156677360611e-04
2.804023475033007285e-04
1.238087228139908786e-03
1.072856178059433370e-03
1.485558850752058315e-03
1.027576165018219021e-03
3.558904175101971872e-04
1.483020140827699803e-03
2.132605134791721712e-03
5.520076710601576125e-04
1.267701181944177156e-03
5.454128739712419500e-04
6.198223601300303053e-04
5.145107573223489618e-04
1.294226097285321392e-03
4.265264694419716664e-04
7.372190919700140734e-04
6.784248683526384466e-04
1.038424728180838141e-03
1.064830621611215960e-03
6.779500122616054399e-04
4.588443188919705826e-04
2.160015967575463537e-04
4.265264694419716664e-04
6.592944615454185767e-04
6.667536071115161885e-04
2.175498583196173747e-03
7.678193463803142851e-04
1.467867410404016847e-03
3.796040781773154442e-04
2.664737112084059403e-03
2.258228237271100048e-03
6.980046162316219443e-04
9.376197443666531642e-04
5.944860311404212691e-04
3.101855745046666873e-03
8.784192614663552607e-04
5.866856092663467765e-04
3.227085628972315400e-04
6.119342836526907043e-04
4.015797441992118564e-04
1.496040459558873291e-03
6.360555963081739083e-04
2.948960687267726489e-04
2.779807110301271830e-04
1.735046613856975738e-03
1.690763629912165906e-03
8.191915836723803225e-04
5.155206413897259416e-04
2.219655692864689299e-03
5.873673748731894455e-04
8.228903403377475171e-04
6.851712257237205748e-04
3.643284358164779299e-04
4.111380095787576204e-04
1.178530355411378395e-03
3.696355252638727556e-04
7.265951831874095960e-04
4.319063405723965864e-04
7.872017748830055939e-04
2.229160093737319985e-03
9.757956700857398297e-04
1.028502560843249161e-03
6.693736181720290985e-04
5.516390074921671870e-04
1.304176148833236524e-03
5.038198152608731016e-04
4.362775720400899901e-04
3.404163232725018274e-04
1.079721799955321668e-03
5.541616402715455894e-04
7.182586482419563633e-04
7.620804537245124376e-04
9.509980103034887389e-04
6.180154679294285738e-04
1.328727267078686890e-03
1.270675041951036368e-03
9.256815933478523264e-04
1.358796886710756692e-03
4.951484254950178510e-04
7.154966853430596825e-04
5.763101703608174836e-04
5.508946552221228839e-04
3.456417475827076998e-04
1.169982588594968955e-03
2.866527232078919674e-03
6.288159458531476656e-04
2.515987498763193417e-03
4.664323190455182174e-04
3.163315081727276299e-04
1.247066895231204505e-03
5.264782287705610173e-04
2.760179456664319723e-04
2.421745777390303927e-04
2.008230321557467023e-03
1.545757014603661847e-03
1.080254853475502621e-03
1.107719129132373262e-03
3.299019921906624865e-04
8.552103298529092207e-04
8.126285164266230628e-04
8.796836168624681427e-04
1.176576953070634056e-03
1.368941375478026096e-03
2.577799972787933949e-03
4.889506356245611630e-04
9.793486120621309066e-04
1.662772674288194152e-03
6.804295886790263969e-04
4.341568233780870607e-04
5.434136906512554476e-04
5.577735058638680615e-04
4.549217185035514185e-04
8.380972506039589126e-04
6.416372595192500802e-04
9.296423058315056833e-04
5.165461828901970164e-04
6.204239814947885932e-04
4.179758773868905261e-04
4.416087939158246469e-04
1.686412626814313975e-03
4.710742828312696720e-04
1.000014693609059318e-03
1.021070039478048008e-03
6.742224098508488262e-04
6.768439133241239015e-04
2.353418056573373615e-04
4.682925969007782434e-04
4.340999546920813225e-04
1.742714723598182266e-03
1.587118011908932817e-03
3.161118940823198407e-04
1.815832630663584586e-03
5.297013069319832365e-04
7.178553369397794532e-04
6.423162476977723216e-04
2.818987342147727371e-04
7.535202314557672403e-04
1.302814623919865871e-03
7.584824708226779299e-04
2.484149027018859538e-03
5.928651924702590600e-04
3.097955344306875004e-04
2.714638178643221105e-04
2.940737423703073186e-04
4.684395373366944727e-04
7.462778113741342723e-04
1.619694772694165895e-03
3.512906848774138748e-04
6.201203161485470579e-04
2.523720449098940891e-03
2.891921529941484780e-03
7.249422046237737755e-04
1.897373513640557112e-03
2.039559567214169981e-03
9.090350100832223293e-04
7.360434776690821584e-04
1.493336015208025867e-03
6.280363108238568894e-04
5.765747987990544081e-04
7.557912344160953822e-04
7.896933826322375836e-04
1.312494526649466645e-03
3.402920964099661791e-04
5.420981088787588456e-04
1.193882351282983230e-03
5.704062058104710691e-04
4.629261852809811559e-04
1.730058746612201130e-03
9.663302517498019396e-04
2.354352647208807475e-03
7.576236610766915640e-04
