5.033916475359974298e-04
2.137088316237759815e-04
3.816331618535089313e-04
4.420975691189175396e-04
6.379467375468799275e-04
8.118148403535380619e-04
9.409369864367547265e-04
4.195898963910744614e-03
7.330946220849415005e-04
3.708751228228098678e-04
6.629086024268270949e-04
4.319784732218842757e-04
1.718131443164183647e-03
1.342230613850847569e-03
6.822395187400325488e-04
1.420743018972639351e-03
2.622086130351077623e-03
2.975829358002217212e-04
2.226549214149318046e-03
5.719095732231376872e-04
3.126594009849402553e-04
5.635049749231518020e-04
7.984887056358642770e-04
7.815564059231652890e-04
1.772073768466372228e-03
1.425593801998994948e-03
5.749814887463729251e-04
4.065711588227499218e-04
6.085628432900963818e-04
1.395600256534592493e-03
7.083002496076535887e-04
8.876673372651063291e-04
1.020198208984316336e-03
2.477109106449962468e-03
6.237406821775880877e-04
1.142717712686459235e-03
7.015698552867398463e-04
1.635405665632354939e-03
1.318949237852520915e-03
6.944661266339582310e-04
5.575984575426766758e-04
4.466716162972697753e-04
8.155769753257351455e-04
2.319695413638483798e-03
4.504948058843623489e-04
1.214901597960011369e-03
4.315491132626166093e-04
7.525107768691875407e-04
2.561020365609126856e-04
1.654314350747941587e-03
2.036689524085153640e-04
5.303412142837784756e-04
5.135576452258740210e-04
5.612882365236312576e-04
3.079083361449636643e-04
1.041441121380499340e-03
1.253972942163526566e-03
7.250790380417027102e-04
3.642378851333950211e-04
5.749297945393837869e-04
3.471150083683203049e-04
2.444004944189360432e-03
6.521990072373016947e-04
1.086379668008747657e-03
1.103905814062873612e-03
2.249938645111775135e-03
8.913381947045696157e-04
9.795390418734408865e-04
9.840666781381355102e-03
9.048181991756285144e-04
7.078535201291615703e-04
6.051816704845554545e-04
6.419719635348758793e-04
1.131185329608992924e-03
8.722561294256242622e-04
6.313360570712058624e-04
4.897723713375998558e-04
3.472237848517641546e-03
8.682438253232009368e-04
1.167582624124132709e-03
6.934540147028476955e-04
3.193695460336484836e-04
5.609139174888009855e-04
3.393270154815763062e-04
2.854437401485140089e-04
5.121219294543451249e-04
5.676408371285476947e-04
6.358343399758183828e-04
3.696790255731338703e-04
7.877012708659435246e-04
6.966297949254424615e-04
9.624702293762683186e-03
5.705237493043668982e-04
9.020910370411640202e-04
1.453091669244830231e-03
1.358715728944687520e-03
4.218561826462341501e-04
2.486711219414956646e-03
1.285719246291115378e-03
6.266437390689601900e-04
1.076812480763717373e-03
5.353807959076432995e-04
6.480099544923603218e-04
9.072211108974629181e-04
4.386560339210863134e-04
3.497585355821100552e-04
8.029169097790040668e-04
6.135018995734911303e-04
4.915534127682653562e-04
4.715002945096928057e-03
1.469333918082761257e-03
4.037191955885912503e-04
1.039845700353903305e-03
1.329381981651170733e-02
7.552523968539561492e-04
1.270364102772813218e-03
1.120779265432658624e-03
8.548504841756098590e-04
3.414302339430123033e-04
3.967174128601740437e-04
2.751641054813142723e-03
1.058433340472959621e-03
7.787593871206878980e-04
7.301613526037204231e-04
1.143104355684727369e-03
5.697372343330940093e-04
1.151860793010513369e-03
1.313117798573740702e-03
5.365056353507471117e-04
4.763950397542829904e-04
8.707630448053213295e-04
1.176324559169845702e-03
4.615711956893147174e-04
1.849860050137348095e-03
1.125252744184002162e-03
1.232622735978783617e-03
4.082292423002956291e-04
8.606831981378507438e-04
6.524888174731659869e-04
6.271115426029471316e-04
9.293989543657413905e-04
1.529303992506116658e-03
3.774073555244027915e-04
6.453103214929902832e-04
4.108233095494338220e-04
2.667689206238675875e-03
8.682165607058164088e-04
7.691642780948404739e-04
5.694181153942468130e-04
1.171154597462717526e-03
6.670822200893033842e-04
9.108780798217808606e-04
1.499477515163758585e-03
1.040616515201278625e-03
5.765550269035915219e-04
4.373253263890457460e-04
9.266702582111977470e-04
4.747858913049268119e-04
2.466834133851463547e-04
8.552359740817925280e-04
4.531769009968069609e-04
1.119391840985645235e-03
9.445086137763428376e-04
2.165185074012863573e-03
3.554960781812197034e-04
7.717739688115680908e-04
7.333901339259365267e-04
1.324438438041459273e-03
4.607374001400947952e-04
5.589603075360594997e-04
7.788283517086495812e-04
1.240261649943288523e-03
1.759366922901182181e-03
1.167305990278124468e-03
3.540564540339287804e-04
1.150532049994520360e-03
1.025682545423509725e-03
3.890670787933517196e-03
5.361492685752327790e-04
6.662310785798215623e-04
9.296434591616802110e-04
9.293989543657413905e-04
3.894390089461520835e-04
5.437411073988885398e-04
1.020997655695479950e-03
6.456537233233186060e-04
9.489131229214863711e-04
7.716418082553284366e-04
8.829571488808018618e-04
8.510281546750366518e-04
6.026140327379445310e-04
3.444252230388860627e-04
1.407365527546536235e-03
2.903628786184844009e-04
4.309260768973262323e-03
2.137709200134704172e-03
1.041441121380499340e-03
5.829687693418378553e-04
9.720403699551246647e-04
1.077417088423784355e-03
1.559719565068447538e-03
6.077981533405449029e-04
6.802319777660000011e-04
1.190872148111097109e-03
1.550164493023580437e-03
2.798077418496895501e-03
1.411601619968176581e-03
4.345593322502100896e-04
1.047736067781162260e-03
5.588605347446127386e-04
4.830230172347263549e-04
1.642743682620437500e-03
2.972201219014636449e-04
1.786815388509015948e-03
8.570457458214201032e-04
1.432253953689535198e-03
3.955972832953952539e-04
6.671122517949561745e-04
7.882347112740384354e-04
2.905510141620345045e-04
5.746605803309671502e-04
2.051243185790896893e-03
1.491101976148759799e-03
1.477456798248505745e-03
5.067344564959210375e-04
4.590819891361845985e-04
6.145319887041015292e-04
8.232845615031469033e-04
4.280513476156396001e-04
7.457068036823394884e-04
8.495999122008040779e-04
1.146769092255469280e-03
3.130115825855227132e-04
1.467708342649537293e-03
8.333726666896821688e-04
2.516709755468637846e-04
6.427961124708021518e-04
9.634763850532112152e-04
6.298037817925973081e-04
8.012179011246920194e-04
7.730300083387716932e-04
4.597231673455898487e-04
6.313360570712058624e-04
7.193923101599583852e-04
5.054948172970393947e-04
4.760297366389840156e-04
9.240033479665972233e-04
9.190997188667479655e-04
1.459371106402391127e-03
2.539766314092040513e-04
4.297116973063000423e-04
6.680628941066905696e-04
2.177453771397061012e-03
8.431713609301668116e-04
5.951625085228269205e-04
6.639291542782978792e-04
4.442015880085692153e-04
1.185767238322064888e-03
5.090328069266174043e-04
4.967358955608666693e-04
1.158896190240433404e-03
3.990640163045340843e-04
1.019460691786045576e-03
7.205953898389386722e-04
7.983611169374378504e-04
1.046080804870089427e-03
3.670405371095726479e-04
1.591002563798909249e-03
4.551613450057363157e-04
1.626043736440289369e-03
5.872523766816448816e-04
1.020198208984316336e-03
1.499477515163758585e-03
7.930778576803707318e-04
5.847783270002858890e-04
1.614081846254273754e-03
6.183745066782960929e-04
4.647446470202240814e-04
1.546202799900887274e-03
8.472160377402405398e-04
4.905142339805904908e-04
1.346543608942988874e-03
1.481477995359221185e-03
5.931577671789392721e-04
1.017358047014212509e-03
1.124380826524527983e-03
9.893234545094238726e-04
8.340536660236455959e-04
3.497585355821100552e-04
9.000523008653929643e-04
8.289256119523105443e-04
1.531515005490762795e-03
4.475152900233966293e-04
6.077832856778489761e-04
2.169396834883618053e-03
4.433864442704539620e-04
4.089342325065615960e-04
2.481537653196385241e-03
5.029559468604352440e-04
1.844228091591657926e-03
5.170511456353491919e-04
1.020381893752044487e-03
4.930307945661652376e-04
1.028306092213405413e-03
6.752832418056159414e-04
8.707630448053213295e-04
7.103768332461790624e-04
1.023457111447566856e-03
1.556394117240576845e-03
3.967666828310902841e-04
1.456366947547356070e-03
1.457984254299760562e-03
1.762736428620598206e-03
4.658435323402577771e-04
5.227633197741674139e-04
1.187899483869344188e-03
9.373141394238311682e-04
6.395131748076238187e-03
1.419253495148418455e-03
1.332072386678348529e-03
3.114915304568283681e-04
5.373847881116282756e-04
7.625257267938692369e-04
9.861317482718335008e-04
5.398542425874334159e-04
3.671822193002887260e-04
2.741921345466924518e-04
8.849079886727354667e-04
4.639231013656201991e-04
5.053153529262149413e-04
5.397481066039807934e-04
4.686942855883987637e-04
6.738788509820863807e-04
1.701166773149766264e-03
4.225070720101897206e-04
1.805646271093985095e-03
8.614371057360009545e-04
3.633291157462165567e-04
1.322242624629295284e-03
3.986840788255028266e-04
6.166314408838157552e-04
4.000282190795087923e-04
2.024293696435847285e-03
9.264545170876596625e-03
1.319300084303445114e-03
3.835034241527442763e-04
9.606117421414481173e-04
1.365702341111048584e-03
6.598683288336381399e-04
2.055159266601195092e-03
1.538047193144234399e-03
3.912608963088293396e-04
7.449202119908876702e-04
4.872541551931805254e-04
1.270137947477574221e-03
3.609531501387948545e-03
5.457619572911135341e-04
6.950142168235549705e-04
2.437679836407742433e-03
4.017618346571999541e-04
1.257438909880542266e-03
5.407296566191254926e-04
1.001386759597894943e-03
5.083464620790439882e-04
8.479065481781195924e-04
9.926862896226951866e-04
4.875201206782428108e-04
4.548743321759857964e-04
1.493928244411869052e-03
6.025269191462432044e-04
1.469333918082761257e-03
2.556845644660982663e-04
6.991515677787475897e-04
3.278687146934275800e-04
1.014243147611328718e-03
3.932411178854421964e-04
5.749814887463729251e-04
8.540344532835065844e-04
3.455421046662661118e-04
5.467176104897642679e-04
1.742209611763713677e-03
4.079317201830344594e-04
7.884126845120137481e-04
1.033473405931400503e-03
6.863163511763970643e-04
3.593790949311118023e-04
1.224401410446443938e-03
3.897629646821776589e-04
5.747252436198519365e-04
4.301147004908794356e-04
5.243466113737665782e-04
1.512574665623615073e-03
9.751089981304507165e-04
1.786815388509015948e-03
1.701199253685826713e-03
5.198552803136307623e-04
3.032692223884357260e-03
2.571136540015964578e-03
6.293513776627230336e-04
3.047685064425443777e-03
6.672950172882694897e-04
8.068142500535676860e-04
3.116116352067517439e-03
5.308870175265742279e-04
1.652852755747012507e-03
6.535747539413306727e-04
4.568278450977758661e-04
4.760041960729237713e-04
4.056350432992427194e-04
9.824933910598833420e-04
1.788640649299122259e-03
2.780990891491010898e-03
3.746301603160483965e-04
2.166350656420320056e-03
6.032329930210406001e-04
5.967675960782939295e-04
2.765177736856251644e-04
1.906163751259269635e-03
5.811068840609749956e-04
6.605434791235848630e-04
7.314014574643869140e-04
5.152580140826231890e-04
2.559348032060828953e-04
6.103955757823014078e-04
3.442464516043234734e-04
8.769209614181914777e-04
1.234219841792182993e-03
6.474796992264247658e-04
1.343141785518904216e-03
4.076453137161955361e-04
2.554684337714885236e-04
3.661041137369586162e-04
3.211020715098953119e-04
1.478260624913377242e-03
1.971238865856951399e-03
5.274178372798496960e-04
1.289051145976983581e-03
4.584647322055009360e-04
6.976028254753197924e-04
5.106219781078800111e-04
7.307278901959772879e-04
9.182513797626275145e-04
9.196162436231888416e-04
1.636895139183392432e-03
1.190803306642109318e-03
1.022291146553634287e-03
1.253972942163526566e-03
9.146041352963812628e-04
1.988905894533920908e-04
1.172457086356399475e-03
1.335675773148954073e-03
1.206519225319201095e-03
7.003081423064699568e-04
7.191900221885466583e-04
1.992379605459829693e-03
4.695148143403289251e-04
2.937824169283256587e-03
5.840709416861037794e-04
1.118737892413682955e-03
1.444795980145960508e-03
8.978440527617323388e-04
2.558105229355235296e-04
1.307380966627896780e-03
3.048509895435712260e-04
8.068142500535676860e-04
4.165168810860082655e-04
8.143797223546199709e-04
5.311792085253988840e-04
1.325599345346958283e-03
8.236843842162968905e-04
1.289322548795881866e-03
5.117105254728201687e-04
4.887984955549653674e-04
1.007879115710996060e-03
2.013026461018253312e-03
9.658855574107033009e-04
6.899135119923015345e-04
5.436565169478629889e-04
6.488903650767924216e-04
4.695403511743473672e-04
2.554158353106176517e-04
7.778993404999545941e-04
1.119460696717040037e-03
1.648475975624880087e-03
9.592261156156467027e-04
7.205953898389386722e-04
1.003284969384160737e-03
7.366208614093214821e-04
6.099785153974543765e-04
5.337804952544328166e-04
3.825966055302481433e-04
1.260026742357776407e-03
8.357342844954685022e-04
6.145319887041015292e-04
2.125732422283615813e-04
7.974113823951497646e-04
8.735368799033351502e-04
5.106219781078800111e-04
7.493623506560154537e-04
5.244012877603768021e-04
5.231988733063537740e-04
1.254211737773206544e-03
5.996941714091607450e-04
4.062556020065762681e-04
5.901763087006322043e-04
7.026205474499864307e-04
6.162644448236389086e-04
8.110210689093822010e-04
1.010701023632914553e-03
2.269760743198307156e-03
8.083854244957833658e-04
4.341077866907142903e-04
5.033015524665362212e-04
5.088377190585013747e-04
1.214901597960011369e-03
5.438807020387611667e-04
5.958463055055684618e-04
6.981618763970685090e-04
5.455668015967905056e-04
4.572580248443271623e-04
4.295043411126455487e-04
1.230880741493385090e-03
4.653762216131998347e-04
4.465264456950108866e-04
6.433379995744095822e-04
6.442499954009903163e-04
3.645613948182394167e-04
6.449891147695032551e-04
4.356456745206869932e-04
1.392697639264299731e-03
1.066315704853339512e-03
1.000217098177629514e-03
1.561190876525603895e-03
7.167317158588275847e-04
4.521712342829550878e-04
2.125732422283615813e-04
3.562905514539868070e-03
7.075756903680829055e-04
6.319120805002564076e-04
7.896793749267408576e-04
8.457060748167555438e-04
1.531531389534621177e-03
3.250226939688329259e-04
5.426937684673398005e-04
8.190568636350383479e-04
8.525119311797323043e-04
8.333726666896821688e-04
7.106968285405124847e-04
9.423539897695376458e-04
4.237524255844197607e-04
1.521812633192253178e-03
1.863705096511628122e-03
1.058205947812352254e-03
5.532551886278269009e-04
4.823615082764036574e-04
1.188800470730612749e-03
8.707630448053213295e-04
3.714841601504194520e-04
1.388569721450740166e-03
5.046598687323823303e-04
9.543365933096127759e-04
1.365753799808695334e-03
4.126281345037090677e-04
4.904449179599556976e-04
1.958745319830550082e-04
3.686940243780757070e-04
1.654314350747941587e-03
4.964473570489637581e-04
1.346418481323353620e-03
3.602360336107930314e-03
1.260203347578381329e-03
3.595876564309397950e-04
1.283803940400269185e-03
2.651507467176196595e-03
1.553557035801486023e-03
1.353510414574273825e-03
5.583148165935001433e-04
9.658855574107033009e-04
5.547112855040381039e-04
1.164867685965006354e-03
4.076813565830045131e-04
6.954789310408396102e-04
1.191920565588471632e-03
4.804976057391493549e-04
4.375853850194813500e-04
1.101956379168983827e-03
8.504295714941166639e-04
1.655447817624713372e-03
4.560042500873605765e-04
1.548927500198725828e-03
7.825779223892553741e-04
3.759022549747516599e-04
1.302128899987161454e-03
7.279668912286599118e-04
8.542076142940905866e-04
3.839235009158723563e-04
4.747882104282161609e-04
7.971112906177455588e-04
1.250138135053779171e-03
7.666495972920295277e-04
6.523448123897537896e-04
1.020381893752044487e-03
8.840381260154615969e-04
3.207965639576790956e-04
7.721414996844771237e-04
1.138579149422523206e-03
5.170446420940692442e-04
4.106264268286967715e-04
1.063413930719649386e-03
7.059449118078644711e-04
7.375888472338029299e-04
1.954981646640779284e-03
2.249243260957483649e-03
9.731174270813017614e-04
3.681881364663497011e-04
2.964481858178472117e-04
9.739969721520671565e-04
1.178510921523036282e-03
3.631157027411919072e-04
4.337317238049653704e-04
8.310198325558084808e-04
6.738788509820863807e-04
7.960841944060703061e-04
2.848438051081615078e-03
2.785866161899902028e-03
2.918067234628536209e-04
7.411695079579493214e-04
3.414777226396508878e-04
1.024216018071381733e-03
9.469458132044003378e-04
6.901516672189034586e-04
5.767131234208837214e-04
8.736819384659851116e-04
4.043262847378316653e-04
1.655161690520658710e-03
2.151020538018607545e-04
2.403702317163303615e-03
1.089292581849699232e-03
7.959568108337846705e-04
3.264468612645960843e-04
2.607571316493501371e-04
1.580705343814085883e-03
7.792196495346516991e-04
1.224927490529370598e-03
2.689219852759444727e-04
1.133972134461448938e-03
6.855800617083974849e-04
4.683159760598744358e-04
2.231165219589693448e-03
7.460273996031772806e-04
3.567799622643974436e-04
3.825966055302481433e-04
1.350474699038802266e-03
1.286717244882252436e-03
6.082582665622689785e-04
2.503808907987889790e-04
1.450144455958541105e-03
2.175583372830458377e-03
7.193941049548127891e-04
3.743100248846170847e-04
3.586275546601906954e-04
3.507400104874556774e-04
5.557503551803848153e-04
7.456093451746542092e-04
7.002854638861172711e-04
5.532904524259288706e-04
1.533748180631785930e-03
9.634399456295588858e-04
7.067760114791144226e-04
1.311512656677742052e-03
3.482377378410433564e-04
4.282942835054747550e-04
9.790730642036241972e-04
5.221848296356908486e-04
8.709924033551831417e-04
1.310840847577504241e-03
7.105910636866879767e-04
1.594808925937710696e-03
3.481176354512453353e-04
6.144789221840370403e-04
6.286741883453512156e-04
6.487046907806088766e-04
9.361377784801058711e-04
3.413085319432728696e-04
1.248661589283554547e-03
8.707630448053213295e-04
5.215686016222110654e-04
6.458241948792248742e-04
1.925058166033781666e-03
6.387630549580001560e-04
1.400376588719765480e-03
1.227344660245734825e-03
5.065641723003357121e-04
2.485343250815337350e-03
1.633877353624253953e-03
1.340117846039874921e-03
1.762420806019402916e-03
1.141057175115547289e-03
2.881122046490335411e-04
3.744988412215486556e-04
8.899056083849503536e-04
4.772282584241956224e-04
9.450504884666538572e-04
3.147821219778360307e-04
4.108933219351094414e-04
6.622083920283590615e-04
1.045379880820620144e-03
6.827726506338518096e-04
2.933060236271935531e-03
5.154986126975114090e-04
4.921837674309213154e-04
9.171316699384212106e-04
1.021401919791371012e-03
4.057403741114971266e-04
1.218983731459227478e-03
2.472491059010826445e-03
4.189823513375917586e-04
8.603943664112224379e-04
8.137380955609840871e-04
6.801529582497676781e-04
6.138249208081490325e-04
8.068142500535676860e-04
8.552995170815622583e-04
1.359933942739241508e-03
4.250915667107486948e-04
1.669019473544910200e-03
4.312221012488730949e-04
5.848787682895124603e-04
4.218815066794439879e-04
8.930728154941844051e-04
8.880862227547835393e-04
7.569928756928177979e-04
5.897514159186237727e-04
7.032955271152774735e-04
4.003271299819647711e-04
1.067001393851453768e-03
6.179844949194913733e-04
1.088118541137054118e-03
1.023942969236954709e-03
6.616017775204394678e-04
9.518379975373287552e-04
6.533686593424665665e-04
8.148875623394085787e-04
5.862824659165606850e-04
9.949905822662504732e-04
1.265938997469574475e-03
6.831152900560947920e-04
7.525788785018091166e-04
2.224474834182865735e-03
6.992965149570900662e-04
1.155697798693264755e-03
5.949975047556347457e-04
5.931341126280773729e-04
2.195322505947629155e-04
1.010317359140014328e-03
3.718631184266808429e-04
1.691732935801236459e-03
3.325808818759391533e-04
1.373237645098950195e-03
2.202926295139860484e-04
3.550376808161206520e-04
4.046802131323189579e-04
6.467032024030707491e-04
5.024145995554809641e-04
3.579593919084255588e-03
9.603396899871880941e-04
2.930742112510630764e-04
6.928902926521631790e-04
2.462904336040813366e-03
3.490661649639273736e-04
9.293989543657413905e-04
6.972638468357274591e-04
4.000709640842454160e-04
1.042105849676530074e-03
5.375341126693967009e-04
6.463398976380704342e-04
3.482542072957048426e-04
1.089292581849699232e-03
3.852795047730724434e-04
5.354144117655198001e-04
1.456366947547356070e-03
1.152053404620505175e-03
2.494444589528667920e-04
1.130634854929379830e-03
2.142315641849092643e-03
1.528076269949592367e-03
4.998165848827167352e-04
1.170706588428956909e-03
1.392894912113188353e-03
4.821205901322262333e-04
1.116462381984407786e-03
1.044474562140370591e-03
6.269378012908804814e-04
4.613560505081436259e-04
1.565496070401178582e-03
6.463398976380704342e-04
3.457998644923156108e-04
5.747252436198519365e-04
1.003467185206633524e-03
7.288209667328587275e-04
9.282329495708074819e-04
3.215266514948703514e-03
6.738049850158855502e-04
8.931308928403602476e-04
4.126354737589292315e-04
6.722781193903712904e-04
5.231977427207239921e-04
2.852402227670273452e-04
1.120082793756050146e-03
3.986840788255028266e-04
7.607124844366313027e-04
5.134223977438513416e-04
5.454649266550933235e-04
3.892310070217476319e-04
1.312051993331431491e-03
1.119697690109698997e-03
1.039723490611800961e-03
4.127391277366881635e-04
2.329150327374410450e-03
2.090651286606409840e-03
2.512940364132683932e-04
2.433438613070182735e-03
1.827030870138267966e-03
6.750947499958247743e-04
6.153279830763051881e-04
9.726810507213536376e-04
2.027174876052336653e-03
6.406937145916578868e-04
5.061341819660584215e-04
2.623494829770098855e-04
3.554629025695287383e-04
9.432834639951259053e-04
1.301186388981583671e-03
1.362729610170727119e-03
1.029657211391707535e-03
3.112758733829264907e-04
7.454323246550459848e-04
1.089292581849699232e-03
2.772886652271759188e-03
5.116173127016663364e-04
8.487408079156327865e-04
9.719924032524431294e-04
6.645388119922804879e-04
4.123379767883927709e-04
1.188800470730612749e-03
6.977272837437523264e-04
7.183180785285451196e-04
7.635355675524881612e-04
5.378955874762268849e-04
6.741590487588576498e-04
5.974003874304970735e-04
3.957169340520788506e-04
5.635049749231518020e-04
7.341131089312702505e-04
9.589579851233201316e-04
1.001386759597894943e-03
2.854038307862998263e-03
1.261472343470091805e-03
1.039601538280462761e-03
3.197969194777538766e-04
9.367259877161185442e-04
6.482174459470840333e-04
8.173782427977611779e-04
9.265499641482829486e-04
7.853308735197274621e-04
4.695890548456848712e-04
4.628407120960111032e-03
9.163484725886490842e-04
4.587957490186412332e-04
5.611883114844049003e-04
1.826021906988238358e-03
1.146577252705519674e-03
5.892001893384834869e-04
7.421445577923480377e-04
5.966117844165943259e-04
3.921538102089624860e-04
5.366849241495449214e-04
4.414590693718799881e-04
7.285564922899341817e-04
5.670728543889092931e-04
1.248912235933683423e-03
2.036237676159624913e-04
9.353397742210391511e-04
1.079867767829762858e-03
5.952223059797703440e-04
7.093406094014506700e-04
4.830230172347263549e-04
6.221124780493826004e-04
3.048509895435712260e-04
8.776387323224918479e-04
1.113729292807205716e-03
1.115353700695272772e-03
2.920844313186299725e-04
2.886573484517880161e-03
1.038134139992943255e-03
4.280513476156396001e-04
3.557091933466727707e-04
1.676067706019869138e-03
9.533402230803568163e-04
8.103719475968546590e-04
2.734238335118891351e-04
4.979741345785676770e-04
6.712425753963515047e-04
7.290677428560455751e-04
1.786815388509015948e-03
3.996446060681395200e-04
6.623695495534539590e-04
3.105274344943786307e-04
1.237746130181647435e-03
4.435190510968348458e-04
6.709317727044101587e-04
2.384829795114482703e-03
1.329256848501313929e-03
9.432834639951259053e-04
1.608581358388210805e-03
1.006338606542343111e-03
3.163043919119351414e-04
1.369741240767596673e-03
4.567535885701061275e-04
1.830243533886262517e-03
4.755970665768786878e-04
1.250787498313690174e-03
7.155221991270259690e-04
9.710208311201692574e-03
5.663973401573504799e-04
8.823057881175356458e-04
1.314104033847130794e-03
4.879206552662271063e-04
9.163484725886490842e-04
5.348094858025293028e-04
1.040576766049340586e-03
3.940920889321044315e-04
5.260626923693047848e-04
1.022291146553634287e-03
1.622465103671885114e-03
6.073569346526017099e-04
3.205141393236123678e-04
7.193941049548127891e-04
9.202906523545288349e-04
9.531323770328092512e-04
5.723843660576814546e-04
3.283226037081787927e-03
4.935542837067859265e-04
7.953766642401648070e-04
1.816393372434914420e-03
5.865696455578468718e-04
3.420471528594693639e-02
5.235549013221615141e-04
3.197969194777538766e-04
5.201595778805284415e-04
7.397160397022210744e-04
1.455520325073116940e-03
1.579715066298531317e-03
6.643270056227739860e-04
5.222992327400223988e-04
4.978529868243771134e-04
8.735368799033351502e-04
3.916739510279875240e-04
5.674066138432421087e-03
4.218412733430752272e-04
4.973084671521026080e-04
2.036689524085153640e-04
5.168558928159791175e-04
5.363242880272319716e-04
4.186953994904538080e-04
2.561020365609126856e-04
1.502164282042215597e-03
5.501812623661211888e-04
7.846125490344420033e-04
1.027001532991426861e-03
5.307629052870920872e-04
4.470391616053923036e-04
3.839235009158723563e-04
2.247968200328279717e-04
4.428551475502081908e-04
2.931866375174795297e-04
4.798356123969017058e-04
2.632399102498528872e-04
5.253843665353496485e-04
1.089292581849699232e-03
8.500782464904736366e-04
4.160907877512823186e-04
5.066897943747057176e-04
5.438972390676045801e-04
1.045379880820620144e-03
2.775454812163629000e-04
9.502286415241913099e-04
7.246204188326132696e-04
7.758578769408851650e-04
5.407677172277764593e-04
9.294916781784710175e-04
7.559700573567982532e-04
4.466716162972697753e-04
5.219234462709364209e-04
7.127874531207148770e-04
7.295471635229783475e-04
4.691453347333072294e-04
4.492093572716249921e-04
4.095197142409993051e-04
1.125418618171103924e-03
