5.501072966386828930e-04
1.009792837267476512e-03
1.880588137840287022e-03
9.108884551840573272e-04
1.518796058687922352e-03
5.686593313652233512e-04
6.628217772111201847e-04
6.401763130379356384e-04
6.748609065940045122e-04
1.424184652180185287e-03
8.405400754207492621e-04
5.501567782026889168e-04
9.523136102813745769e-04
1.074657223721250422e-03
1.236440792871147535e-03
9.481065221828684437e-04
4.097107729733186860e-04
1.009792837267476512e-03
4.427316107271624460e-04
1.385092181845698316e-03
2.962021513367316550e-03
6.225542506762028749e-04
4.368598464961261237e-04
1.716440615115896653e-03
5.322873265404027849e-04
9.168528900451366689e-04
2.382906070265823281e-03
1.672472464349133081e-03
3.676275396063872786e-04
3.442685828839479271e-04
3.411642117158030126e-04
1.004231330677755754e-03
2.106294954274892488e-03
1.943416097619175440e-03
8.155234523499612720e-04
9.364418063732409545e-04
1.642923422171884817e-03
2.094166388958823219e-03
6.537564622906604167e-04
1.570542571960988846e-03
4.331884166615245510e-04
5.703861597321147796e-04
9.275553204125542824e-04
3.640553718573892920e-04
6.715345295280169191e-04
1.356104299261421319e-03
1.835294560657762739e-03
2.464792049195258482e-03
3.816878257564165528e-04
1.114474644395841872e-03
9.475661975508523592e-04
7.726193651118049358e-04
6.834768123311964769e-04
9.400997982762196621e-04
7.975351972031525030e-04
7.464767558255277482e-04
8.782896939673987165e-04
5.909857106466409604e-04
7.189437248934940714e-04
4.561395243701255454e-04
9.570827959047578399e-04
7.504955340199185665e-04
3.816300721982646095e-04
5.999708298502098337e-04
1.331526717549195472e-02
6.107503331832481001e-04
6.086782022748194821e-04
1.718689526182543741e-03
1.032152136569112078e-03
7.894784474171254087e-04
1.266791428535489613e-03
1.467106963511938342e-03
7.053065698460932176e-04
9.453883707768795993e-04
7.501793866788305717e-04
4.456688500245075172e-04
9.496073592862060283e-04
3.208390091878717725e-04
2.104562790980665874e-03
1.326271666259245434e-03
2.114947229752228361e-03
1.440364880858804701e-03
1.501596869374030455e-03
9.443925839709479400e-04
8.013684699897693272e-04
5.865052562245326624e-04
8.073790221755457923e-04
5.582885162254415086e-04
1.280019302780375720e-03
1.506685216908466894e-03
3.991566261761837786e-04
1.177065071023985447e-03
1.428046887007315127e-03
3.547910886148940724e-03
4.263300035943297416e-04
1.260287448040976624e-03
7.786527229135782949e-04
1.545722627903347397e-03
9.493790783452122403e-04
7.328572632704146448e-04
7.664513294339355591e-04
4.509200686096919829e-04
7.019212274030662028e-04
3.209183883536461876e-03
4.226141979870781510e-04
9.020461571569567084e-04
6.702335229521776605e-04
1.039339484548799973e-03
7.019707391067512821e-04
4.305323748370166841e-03
9.964876699680531510e-04
1.732385835695349208e-03
1.060599885936992564e-03
6.871834889303006077e-04
5.721000942523502561e-04
4.160267554244110179e-04
1.007373797705872704e-03
4.604409722633638429e-04
6.267367731215552767e-03
6.425619452776119801e-04
5.210667483818770193e-04
1.417062434043586628e-03
5.798224059961701879e-04
5.954343338797107085e-04
1.000698612494416682e-03
1.053247406697925331e-03
7.421583268595372982e-04
6.449800780207088930e-04
1.281639336259208410e-03
5.799540832122022493e-04
1.801424845273463240e-03
5.245453209985466046e-04
8.495571520686813483e-04
1.004102926703825862e-03
1.236558698051523717e-03
1.040220131227164021e-03
5.531919092441085761e-04
5.573160391019610100e-04
5.593137859067544727e-04
4.974484188742235536e-04
4.664697069820819358e-04
8.938974266699425920e-04
3.997744823550550253e-04
1.375313733515595022e-03
9.376033675931263632e-04
8.236281848149844655e-04
6.961522874462124609e-04
7.010780522890156180e-04
7.315905191881505410e-04
9.287540684995202432e-04
1.048286734118790767e-03
4.976383983075320389e-04
1.792134781959344846e-03
5.821204065582277201e-04
3.667033912907659179e-04
8.512889737864754586e-04
1.203501514394796339e-03
1.161190420228154887e-03
6.050524340927109076e-04
6.260920584852119756e-04
6.092664224656956905e-04
7.402231116980142588e-04
6.084887944162307343e-04
5.100109413582665967e-04
6.503243462834247621e-04
1.296373650641232918e-03
3.367887135951263232e-03
2.931082466720681744e-04
1.291967930699319464e-03
7.022446945891345615e-04
1.099683948671083700e-03
1.612338684463896638e-03
6.467642657734883711e-04
1.701742027527095198e-03
9.602357217393090892e-04
9.451235324721041393e-04
1.639464098531410226e-03
9.021899350555806713e-04
8.102275156173037972e-04
2.927350511113108980e-04
5.501567782026889168e-04
1.515680444972947530e-03
6.639388997875332035e-04
9.401323948108029644e-04
9.943035293617113503e-04
5.519809290094543092e-04
1.121617425467443061e-03
6.216993275529687692e-04
5.558321767922743155e-04
6.928030859403852071e-04
5.248698968358044784e-04
1.266753145445995545e-03
4.455752006738457880e-04
5.273737941897670449e-04
7.749397557928901746e-04
1.023293666061695370e-03
7.905823388367439961e-04
5.502054635636599057e-04
3.030669852872108164e-03
3.866118679834964675e-04
7.947264956210978127e-04
1.535776513290781388e-03
6.251367989319244010e-04
8.765383054797181838e-04
1.125588692230539232e-03
7.174932215618365144e-04
3.842615399272710777e-04
2.409734568676194857e-04
3.777982428133250465e-04
6.844830753426286735e-04
4.789297921923852666e-04
7.302822678435606568e-04
1.202860234928384729e-03
6.519617002738898204e-04
7.953790474351768013e-04
9.035891132719495438e-04
1.055335567681326336e-03
2.206787742867264215e-03
1.545122074282977674e-03
6.508056134363346748e-04
7.430343630336805382e-04
8.608441182379177612e-04
2.248794434360657391e-03
4.905639801942023471e-04
8.124409304447515129e-04
7.080854372916259862e-04
7.442773307472050175e-04
7.925608447537116309e-04
6.647578263892827202e-04
2.002575883764150168e-04
9.393842730026194564e-04
9.918323724315450222e-04
4.270207917322845111e-04
9.739110257828537641e-04
6.534501852814214714e-04
4.497159247316758358e-04
7.619064765462915971e-04
8.129387313929404895e-04
1.217311917127684344e-03
1.713931184454863844e-03
4.008795709943812615e-04
5.501567782026889168e-04
1.164282986824699204e-03
7.579184877098516741e-04
3.149407873840606980e-03
7.246832339289752036e-04
6.105782587986966327e-04
1.181464218353418805e-03
1.086071374532043918e-03
3.159184452748083917e-04
2.908549998302134391e-03
8.465652932928127488e-04
8.126132212576452421e-04
5.761629194866770822e-04
1.415353527814417443e-03
2.506295285290230531e-04
5.546191457581255233e-04
6.346707113324399387e-04
1.892859049462869989e-03
1.279715370319348382e-03
3.772746821535253236e-04
4.898045414893625058e-04
3.247783752022691153e-04
7.805551400134241912e-04
2.253917525105768576e-03
1.067113759487160404e-03
6.938793707182046170e-04
1.080519139370124003e-03
7.900682808760926736e-04
7.181639859616975553e-04
5.155639982100913236e-04
9.027286523158542129e-04
6.915095288678592108e-04
1.939497310000697300e-03
4.278697332922980776e-04
1.004102926703825862e-03
4.568151860428671567e-04
3.510486900429202715e-03
8.570276243374312609e-04
4.536237407360983308e-04
7.947264956210978127e-04
1.361212529516854725e-03
7.341700785581043841e-04
4.292239762862551876e-04
2.663167829319344673e-03
7.489192566488710092e-04
5.242973061674690476e-04
1.068665848583082167e-03
5.538242257266297319e-04
5.894995792984011884e-04
7.381422980236537236e-04
1.200392165650570079e-03
2.801666761853495186e-03
3.220544341666897997e-04
1.657526270534922250e-03
5.878313576099103563e-04
7.670621314134292877e-04
2.104259550315225498e-03
1.471459981348195029e-03
6.316449362791042672e-04
2.082469215495502072e-03
9.955066732617859002e-04
5.618828838486153747e-04
2.304177661997750589e-03
4.898615998858394261e-04
3.723655855128993851e-04
8.305138887133169763e-04
7.768285661244141898e-04
6.448925332860895414e-03
1.331991621276789163e-03
1.363486736956726238e-03
8.353132105693779775e-04
9.561538439368529691e-04
1.084639725907398733e-03
4.326763271868897258e-04
1.013164894448227715e-03
6.881451197714596015e-04
8.209409767382892451e-04
6.535619058503407955e-04
2.458599826556548905e-04
5.963303751100001949e-04
5.963293908317102458e-04
5.248698968358044784e-04
1.733645393910586245e-03
1.087591479811713746e-03
7.367698597239303584e-04
2.024542613753653204e-03
7.443204297082777789e-04
7.124375582112605363e-04
4.078050101430867450e-04
6.757296028597409906e-04
4.683895060645004629e-04
5.899695163416363063e-04
6.895045472462477381e-04
5.445717586372594453e-04
4.474901068236703926e-04
5.683172156435409338e-04
7.771834409002008727e-04
9.233381986154863639e-04
8.834718458816734473e-04
7.204978966205974941e-04
1.146042849460964571e-03
6.757268348302617519e-04
8.833748529420005872e-04
1.991637865173727460e-03
6.546210098901507433e-04
8.604397403237806384e-04
4.780692875984388990e-04
1.104085778642339716e-03
7.004736649385430967e-04
7.846612963524624007e-04
5.956077466799881894e-04
3.466872823527160060e-04
1.158666005628458456e-03
5.766607350531960429e-04
9.064007714711078308e-04
9.273971987755584567e-04
2.566250449533120318e-04
8.126132212576452421e-04
6.110572911764897402e-04
3.454544868308286098e-04
9.809254324838645889e-04
1.046349563296371157e-03
6.060503319601124065e-04
6.126517574840953861e-04
7.574773919111504493e-04
6.484072305136364322e-04
5.807096110359707356e-04
7.657906606428478528e-04
6.039584855943249840e-04
8.839058245227905805e-04
4.978298157315003396e-04
6.013371867429075611e-04
2.537806563985197609e-03
1.528657679951245371e-03
9.989685313187743852e-04
1.655048839246198037e-03
6.444260057544407873e-04
4.986641532927210815e-04
7.460131466016876184e-04
1.993949889250969804e-03
8.448890108631073237e-04
1.042327012160512408e-03
6.463888423319952975e-04
5.313094087204853991e-04
5.553429458411725380e-04
1.117665915791886877e-03
1.332272274669188883e-03
4.751180476421247969e-04
4.016373506473282749e-04
9.918323724315450222e-04
9.955066732617859002e-04
5.844052602016370102e-04
8.342573940765463840e-04
3.834407354253446202e-04
3.844167184093708381e-04
4.585244444370188471e-04
6.037363173263713507e-04
7.422982375443656477e-04
2.719279977643359290e-03
7.127919083635198732e-04
4.789297921923852666e-04
5.129684673040757915e-04
8.743864280399693545e-04
7.906684587444445713e-04
1.423311299246526234e-03
7.163043066610295419e-04
1.778665211017129788e-03
9.199524315619588347e-04
8.859000430717205729e-04
1.791223854364252513e-03
9.886004584160599552e-04
1.049468696670719610e-03
4.426437549337242008e-04
2.453543904721176318e-03
8.236281848149844655e-04
7.819635627976974368e-04
8.472507257085691058e-04
1.833483565109210196e-03
3.310078483561468580e-04
2.596623415724803267e-03
3.745150242307907721e-03
2.073999390462051996e-03
1.082969568144181256e-03
1.003616606139214485e-03
4.657073643423718565e-04
2.716802636828321888e-04
7.420913132498430098e-04
7.873399995607995461e-04
1.245867337306077061e-03
7.726193651118049358e-04
1.055145871207302652e-03
1.443073602683514218e-03
5.805618524345405439e-04
3.302371952677285710e-04
8.063254447206454978e-04
1.444950248070226871e-03
4.472431299304524110e-04
2.755814731042733712e-04
4.542189440736533503e-03
1.087591479811713746e-03
4.500927883950783608e-04
3.304909277046542688e-04
3.767139278877763625e-04
4.908938238981920251e-04
1.142726237846772384e-03
9.376765924083912485e-04
1.580497892124611533e-03
6.668828418004549069e-04
3.075557130194591683e-04
7.654656585421655730e-04
1.483665433513367028e-03
5.453062100123992487e-04
3.204189863449035877e-04
1.643315960807296148e-03
7.423195370239850334e-04
1.296953696811089943e-03
3.529570185714466153e-04
5.533206381124893295e-04
1.295564398891258483e-03
9.877804016559627812e-04
1.331032642375782130e-03
1.346530942654990820e-03
1.908063298327490305e-03
3.424093585962252584e-04
4.734454274607851568e-04
6.053987636398857480e-04
1.074340017202289090e-03
6.442037455754393710e-04
9.535797852434551919e-04
4.713755520878153138e-03
3.798282461171925673e-04
1.941428501652819145e-03
4.758537451383495001e-04
6.084887944162307343e-04
1.479270575941629652e-03
8.025700703522103399e-04
5.770360136343745091e-04
2.995443860194068188e-04
1.755000327638432276e-03
7.947264956210978127e-04
1.429184653327898085e-03
5.844052602016370102e-04
2.049683625744460214e-03
1.021131853759316924e-03
1.389663291687910337e-03
1.522524391147270749e-03
9.795855524122821980e-04
1.104261888804172883e-03
7.422850213985548833e-04
6.705749758035711456e-04
6.108770192700012976e-04
1.081268266498389141e-03
1.737504512695129148e-03
1.252027201645827597e-03
1.337166130666891896e-03
9.834771689871792469e-04
6.044506666154830571e-04
3.074245390764725238e-04
7.627147039063245613e-04
4.777097353354613479e-04
5.105587260561670520e-04
6.822796026162174969e-04
9.347101673954186533e-04
6.430885502319165547e-04
4.851138614142043600e-04
5.793378835580373625e-04
4.039280475630553408e-04
7.440332327866768262e-04
1.265707465086887652e-03
8.878922123279240578e-04
5.643085553326737452e-04
1.527561448951723867e-03
6.440994832059289106e-04
3.381358779434172259e-04
4.351757686044989415e-04
7.697254931529465055e-04
6.431588643643328324e-04
7.403520510449335817e-04
5.546871822845176637e-04
7.358236224189239425e-04
6.734601260371125700e-04
5.743905877474983837e-04
8.173781881071698211e-04
5.709636576795408883e-04
8.950108959024953223e-04
7.061762757735489445e-04
1.063638288404141928e-03
9.375199725173367828e-04
1.387077040626719885e-03
1.134410785558069307e-03
1.077180930404226166e-03
8.472230235051273449e-04
4.284037696932929315e-04
4.800961427420893132e-04
4.930470174131435564e-04
1.152221229199418490e-03
6.247555263433719405e-04
7.449385281750370204e-04
1.701742027527095198e-03
1.057637587554519738e-03
6.379148306191621603e-04
1.200585830580778307e-03
8.795510282243425770e-04
6.041681909389261078e-04
4.407818409271684230e-03
7.792343596029506752e-04
1.150742454888682448e-03
5.948858095207844657e-04
6.517592013949728745e-04
7.675419607133734945e-04
5.900523595930456423e-04
1.385308758449282354e-03
1.413549457442782927e-03
5.757978969186376304e-04
1.736771731544577320e-03
5.426968403371542011e-04
5.834995867831852109e-04
4.359610458463604086e-04
1.240900697501594535e-03
1.307596904726175333e-03
6.585197493493992514e-04
1.415620401685501947e-03
7.352959395397531397e-04
1.152221229199418490e-03
1.737288305122453155e-03
5.321403898195277427e-04
8.300544266197415868e-04
3.668464392166763117e-04
5.027298034768618029e-04
2.753143395458279401e-03
5.523894756566759658e-04
5.730005833251120050e-04
7.188067543201834666e-04
1.358322192632045646e-03
4.718095542672499443e-04
9.196087943511717898e-04
7.193576659368914640e-04
3.733177886167031532e-04
1.177926100422084423e-03
4.809610621229752398e-04
1.133891319696605062e-03
7.243628912341844219e-04
1.376027006118645023e-03
1.339768869632632477e-03
4.407214110877261809e-04
9.336744850104115043e-04
6.078183136477567335e-04
6.105530229070008476e-04
8.303842109608363482e-04
8.594529340001094827e-04
5.976945787193162435e-04
6.227700809764672059e-04
5.473880854399785492e-04
8.546923654242422931e-04
6.075724113121650080e-04
1.519781839258564551e-03
1.367802938359105255e-03
1.181845966217760693e-03
1.489636684470797010e-03
6.756729154522622726e-04
3.593790772384546756e-04
1.467106963511938342e-03
5.832107385635262225e-04
3.761769202693374440e-04
6.599195637997569029e-04
7.635989050766535868e-04
4.763998530823358550e-04
8.319852742847985792e-04
3.291456079274026041e-03
1.276079260251768762e-03
2.155347911388147842e-03
1.026589868019503991e-03
5.646460187249130328e-04
6.880570617056108382e-04
2.127477731519474783e-03
6.487307024506650498e-04
2.795623737332152484e-03
1.296100545291447746e-03
7.955975615578405854e-04
7.947264956210978127e-04
1.692490101342537280e-03
4.014194110155753343e-04
9.934885118478588555e-04
1.083167563047606049e-03
7.328572632704146448e-04
9.568116121564160638e-04
1.298538207861006958e-03
7.736957058602201252e-04
2.420334005020021405e-03
8.684443446586206624e-04
7.933180149587399721e-04
2.801666761853495186e-03
1.216380412730640875e-03
9.417163868157386137e-04
9.291210819519802331e-04
6.109670430404110994e-04
2.408810702882984399e-03
3.495715045412994370e-04
4.310661347306216475e-04
6.930936302158580012e-04
2.245333389689488975e-03
6.198549334967409308e-04
6.385486983740520147e-04
5.591226917287892700e-04
1.399665387919387391e-03
1.752832960476898277e-03
1.413864129405720651e-03
3.720874891837623491e-04
1.286787484586497839e-03
9.719401323592248391e-04
4.045368394309581113e-04
1.062516009763951044e-03
1.346658382605934274e-03
8.508529341402936872e-04
1.374495762712682609e-03
1.580137843864250517e-03
1.079711217796929922e-03
1.557386221821892248e-03
6.225107694802540928e-04
1.487467583609459500e-03
2.301009121917679638e-03
2.875662661126102506e-04
1.348939304626258634e-03
1.214953385010940834e-03
7.919604028908588857e-04
3.890921156795123094e-04
5.081869201850329780e-04
1.357835867719675788e-03
7.688179813958706922e-04
4.550965339761441661e-04
8.699568666247465372e-04
9.784977418469584763e-04
7.343575766422665322e-04
7.164294037571619081e-04
4.735511809229598344e-04
4.337760463045475736e-04
7.712216337944358732e-04
5.562273325270333194e-04
7.970519298526132111e-04
5.020040469404123996e-04
8.550987848267838478e-04
5.875228048554338636e-04
1.648809801848947695e-03
1.187121167742733081e-03
5.169921131667015680e-04
1.467823899807293390e-03
2.191687026157639094e-04
7.946388472964158265e-04
4.503769164526739478e-04
8.684443446586206624e-04
7.303270206727412043e-04
1.780812433834842940e-03
6.423025693484687385e-04
1.479270575941629652e-03
7.071784362308627774e-04
9.428563338286179065e-04
9.348381575983245916e-04
5.674751848648191014e-04
5.186522239280867740e-04
1.093484389574361521e-03
6.748233020433258567e-04
2.209477846172864905e-03
2.192027160812857860e-03
4.651947166154921987e-04
4.216617386656542916e-04
3.404374579851191418e-04
4.390861434354165834e-04
5.623037859877574093e-04
7.277046430763165060e-04
5.424370892303726540e-04
7.756774374890223383e-04
8.329850121977787651e-04
8.530922876808698591e-04
6.585197493493992514e-04
1.076520718494590727e-03
4.682569942488267259e-04
1.332272274669188883e-03
1.182905639676380813e-03
1.606844493267792131e-03
1.578190409256767512e-03
6.974787421972387458e-04
1.091525459835827709e-03
7.102032748237845691e-04
8.103986929420585938e-04
8.604397403237806384e-04
5.803455936413526696e-04
2.387558482105530105e-03
4.903024873782451526e-04
6.791804020266320767e-04
7.001526281970905929e-04
1.563723596385476963e-03
6.044901700024477281e-04
1.206132200284634097e-03
7.856299112081896680e-04
3.234626279532795343e-03
2.211676682187544828e-03
5.871894616284761186e-04
1.443435433425489800e-03
4.368261086415410437e-04
1.075532165546430217e-03
1.109766302774292494e-03
1.689605198645688063e-03
2.662883310097553542e-03
6.345775205021502710e-04
2.647679684545625376e-04
7.638637918765680494e-04
2.666126759760136097e-04
4.581921681839357628e-03
6.391752628623470879e-04
1.472829106192119920e-03
8.743864280399693545e-04
7.696361555681705165e-04
7.347651663983107827e-04
8.322157808166591323e-04
6.171855503269256527e-04
1.114456720732344029e-03
3.042644113458594680e-03
3.596618917481948156e-04
5.588316638226602283e-04
4.229024641384694768e-04
3.106112930625611144e-04
1.534074694609184912e-03
6.206539754457754583e-04
6.888561560025496973e-04
5.422152233757312947e-04
3.997339858135769836e-03
3.011479617671642089e-04
1.225080675858628964e-03
3.916913855875104895e-04
2.569551318126844200e-04
7.814536769108929937e-04
4.544865122667111315e-04
4.788258187475954346e-04
8.835799922554568413e-04
9.989685313187743852e-04
9.886004584160599552e-04
7.831719477030390239e-04
3.233690388429503950e-04
6.376331463345154401e-04
3.745081682017410685e-04
6.427435345847564352e-04
1.092675893243194888e-03
7.014813554253283845e-04
2.342760165796211984e-03
1.281819923686962868e-03
1.090778590218696113e-03
1.048286734118790767e-03
6.137161201391711169e-04
1.066588974008225244e-03
3.861897781273458132e-04
1.268226210113958903e-03
1.081472727496851161e-03
2.894026210507653039e-03
5.228164949218793616e-04
9.277147821438023632e-04
6.511281612580121017e-04
5.192884262776219445e-04
1.602725504943743658e-03
3.974023066569117111e-04
9.965720196015554443e-04
4.673242178606352125e-04
3.588545437036567802e-03
5.698992264211810797e-04
1.346658382605934274e-03
1.099879432504434181e-03
9.915666241225088145e-04
3.474545168167994503e-04
1.045838765170777106e-03
6.261128206130960961e-04
4.083619225196212835e-04
1.684844475948099303e-03
8.683509809678978874e-04
6.739768416786560924e-04
4.763899143274137171e-04
1.487314201826491281e-03
8.594291339568618663e-04
1.142726237846772384e-03
7.901546501261082732e-04
6.502751790062022939e-04
1.321758640006451399e-03
7.494740394909419571e-04
8.673827888341504363e-04
6.050896535635399368e-04
7.232090192798479485e-04
5.573160391019610100e-04
1.165362843009891359e-03
3.648186797447953793e-04
4.614355552960022712e-04
2.078673292991480102e-03
1.288324503441576818e-03
2.465248746816018927e-03
9.641240294335216062e-04
7.174932215618365144e-04
4.693450394326998190e-03
7.566487854035023903e-04
6.026547917180466929e-04
1.042863224034262272e-03
1.157757825798967112e-03
8.807203166865276798e-04
6.028149188799153185e-04
3.473296372465756654e-04
6.656464439111541356e-04
5.036045613091235827e-04
4.670562128574265448e-04
1.332272274669188883e-03
5.645232081952358339e-04
4.923939215996235878e-04
8.095861564125135263e-04
1.807800438551915301e-03
1.038879883367201584e-03
6.537854574445617654e-04
1.235294131211152249e-03
1.408326988200447145e-03
6.053062970319240217e-04
2.067049888920206597e-03
1.684705641877320926e-03
1.135819798785211521e-03
2.572012961559733677e-04
6.542089769736953928e-04
4.309388892995375604e-04
8.034065744279458550e-04
3.834426249831604451e-04
9.032888088113957088e-04
3.264093397438582074e-04
1.341335626023796961e-03
8.475115176564845289e-04
8.210074028143194520e-04
5.554225908648413980e-04
6.731078007581497210e-04
2.151195719330110511e-03
4.763516624259409981e-04
7.577441229583407488e-04
1.970380685215880872e-03
4.460043654036238161e-04
1.787755448421711902e-03
4.895176831739420824e-04
1.239214383691245426e-03
3.519015672412233978e-04
6.720643629450962810e-04
6.714966445637282882e-04
2.183690224726014936e-04
1.332272274669188883e-03
1.863735878389002855e-03
5.936419099846495942e-04
1.161668711787986656e-03
1.041680158692545556e-03
1.291388070201523281e-03
1.682534398196545468e-03
7.276199558451536655e-04
2.120827630012775498e-03
1.017872910248561599e-03
1.048286734118790767e-03
1.403599851687145020e-03
4.573305909674044482e-04
3.543828695432630596e-04
1.202950829043417406e-03
1.661576845264600612e-03
5.328695095649000919e-04
1.649042988821486366e-03
6.262791009149707008e-04
6.572924974595679721e-04
4.452072440206472572e-04
9.847162141806183999e-04
5.348428595674838137e-04
4.898615998858394261e-04
1.037861150156086081e-03
7.427446791306434749e-04
6.527992126626071647e-04
5.658294033778170492e-04
1.099259089429299252e-03
4.491231427513918189e-04
4.831673744132420050e-04
1.339992244332536111e-03
3.627669173243800197e-04
9.308737568380567743e-04
1.059178810351811073e-03
7.891200736687888767e-04
1.021135280048289084e-03
7.190213457797117475e-04
8.373928864349814696e-04
5.088257060489525608e-04
2.683744295226646575e-03
9.961518968160849603e-04
3.388988161770533172e-04
5.959788736192882849e-04
8.711968102773165685e-04
5.013428725369628190e-04
6.261220679035454234e-04
5.865949447157250973e-04
7.119872976496480644e-04
4.453844960100013586e-04
1.239215861739647196e-03
3.936674662102144736e-04
5.916808383892742645e-04
1.251173513182528762e-03
1.773642696771292760e-03
1.136226337318347246e-03
7.954591302327866740e-04
1.311636517803535214e-03
3.797149061507068958e-04
5.696703857262666679e-04
4.830413826750291147e-04
4.506938541577486029e-04
6.900061598167958176e-04
8.200228688990538395e-04
3.626285694414457285e-03
2.739791437336678692e-03
1.293483680817481820e-03
5.855181829301917603e-04
6.167964772861988122e-04
5.806535957755321921e-04
1.527561448951723867e-03
6.680703421791343031e-04
2.490711698480631460e-04
7.790765963771528139e-04
1.985014156141330557e-03
5.330814561104439296e-04
8.046161156720383224e-04
5.377424131929519832e-04
1.242341986886883734e-03
1.273261491260742730e-03
3.714809766364948404e-03
7.928430881408250405e-04
1.244074139614396828e-03
1.361750111729413161e-03
2.321780380970703619e-03
5.940491194407949592e-04
8.538883064915440795e-04
3.986978576443155867e-04
1.719680008926600685e-03
7.044558623296336879e-04
7.824264917367641748e-04
5.138004775337997416e-04
6.426672718610745372e-04
6.945262088819630477e-04
7.545799924810459285e-04
1.445360385520310037e-03
9.692576430462824079e-04
5.842946657876893707e-04
1.175422473967204645e-03
2.825320234228614674e-04
9.774458678797994567e-04
1.325775796531891183e-03
4.715756028125315646e-04
1.260287448040976624e-03
1.439181798118792507e-03
5.554225908648413980e-04
5.386027784289236465e-04
9.262714150575591726e-04
4.134178437041345676e-04
6.930936302158580012e-04
5.168348392558468930e-03
7.856299112081896680e-04
1.048286734118790767e-03
7.936981806884170444e-04
5.649025830007054850e-04
7.017390792684730224e-04
2.832952564234827390e-04
5.086479955332230077e-04
