3.331616913698498832e-04
5.071548938646180688e-04
7.923100674524328080e-04
6.467710962973998281e-04
2.114663822473655287e-03
1.520385968968926329e-03
5.425546642004149336e-04
9.517828612191796050e-04
1.011246615273345443e-03
6.598566274451158351e-04
1.013600489931912015e-03
2.717717099877776867e-04
2.624815524327614382e-04
6.303497686091014867e-04
8.899558585607835566e-04
7.929670482973108113e-04
5.750770234019831608e-04
6.115842343708748985e-04
4.908687030776246471e-04
2.061327226982534282e-03
8.659958560555838878e-04
1.296535439448332459e-03
7.755779911713066559e-04
6.086112339321275797e-04
5.930057630548094070e-04
9.738337081749750537e-04
3.674088456566434557e-04
8.873825538914372011e-04
5.302169784323199943e-03
2.931277381973335159e-04
4.669743980415034493e-04
6.627594702662209991e-04
1.812092917385239779e-03
8.387800468004446121e-04
9.798357921896813389e-04
6.467509706870426534e-04
1.372748349086547887e-03
1.085297754943183529e-03
4.528983665004273642e-04
2.595684272534133185e-04
7.951164016943793739e-04
2.756949350757915626e-03
2.639693053119359636e-04
5.918369496576168570e-04
8.969280051228861262e-04
4.753474766537099249e-04
3.145827468857605863e-04
9.232676077648940436e-04
4.527318828796125165e-04
2.592543748825901348e-04
1.247727337129847600e-03
1.054721265433331999e-03
5.333115450600454553e-04
5.956810643520612548e-04
2.802475683941043141e-04
5.873471657443726530e-04
9.489846422174262044e-04
3.899228646101950829e-04
7.552496575008909099e-04
5.157077463149522352e-04
5.222840672243080724e-04
8.125107837194848288e-04
3.269049191255493213e-03
1.337950900168130217e-03
3.991557655655079561e-04
7.613901462611306209e-04
1.529678119379113826e-03
6.137227778158421470e-04
7.330665178266935166e-04
7.634077155720906402e-04
5.158816679429671474e-04
2.958766236280691020e-03
2.498600723780987636e-04
1.284142852605149945e-03
4.719491041451134221e-04
7.737495807838100500e-04
9.759309503140481184e-04
2.931277381973335159e-04
6.752736224302069825e-04
1.220807840811977303e-03
7.562199613792738558e-04
6.402602700049652438e-04
4.115185278853022424e-04
1.571654104932526446e-03
1.410451298583054180e-03
1.848240244811604274e-03
5.611644088641206838e-04
4.643130996536730610e-04
3.022903553685235968e-04
8.762908770997685209e-04
1.125165702097988274e-03
1.285843105277359151e-03
6.060952745289857699e-04
7.881891474278453344e-04
7.254840826015496050e-04
4.784008432195371906e-04
1.136317586017241213e-03
3.423142979662705562e-04
8.026182206260906987e-04
2.054759586813580986e-03
1.100286118196742557e-03
3.441298104375868703e-04
1.775651447035971877e-03
1.195028282185438967e-03
8.784691747641924786e-04
2.021537445269949718e-03
2.904593754611535061e-04
6.219136316647817667e-04
8.184023525582811553e-04
7.364249316143680691e-04
4.141049653906329854e-04
7.526882206657711924e-04
9.822481841728534190e-04
9.732373336051737111e-04
1.217644739391529488e-03
5.640076574392891484e-04
1.487039175146580728e-03
4.325764775663398808e-04
4.291834385921347518e-04
6.689524971044636054e-04
5.096871774692294035e-04
5.626185279779010633e-04
2.457704278166062783e-04
1.059353242455502147e-03
5.281111675262481356e-04
5.026053145296293821e-04
4.075329044561624178e-04
9.944992687173407307e-04
1.158761256453984040e-03
7.210357176718139825e-04
7.210799337827668342e-04
7.286772759162680807e-04
2.669027386710205122e-03
6.678364474858971807e-04
1.397347632416858637e-03
1.888764489839816520e-03
1.658494772674821201e-03
6.778497263607856545e-04
1.192915674678944344e-03
7.330479490063320858e-04
3.969627744410124566e-04
8.389560431111957881e-04
7.928955546130135590e-04
8.902138014433123728e-04
2.256260236810148697e-03
6.846646005969517050e-04
4.192618556476655507e-04
9.239513778532609453e-04
7.519689172423452226e-04
5.581250478267421600e-04
9.772986476172206265e-04
1.185497018230895943e-03
3.034620735269854467e-04
3.248866401838381573e-04
2.069850191167487904e-03
1.723564965219445732e-03
6.670018973163863076e-04
2.105646409502327093e-03
5.100756495294445775e-04
8.228802061984314938e-04
4.566879690838175328e-04
9.620802532836500529e-04
1.374028097659838778e-03
1.068315724810987724e-03
1.150277508065195064e-03
7.782979229085583385e-04
6.321441649463457099e-04
1.732073112074693699e-03
4.610052633569098018e-04
7.852385809909893195e-04
8.864880142072689879e-04
7.523642739611204402e-04
1.983277964682119213e-03
3.664163073841848880e-04
8.552783298821173968e-04
7.906969297969378141e-04
6.039162491347215564e-04
4.890695520850817145e-04
7.331150566154344579e-04
3.606279627212197756e-04
4.007094017763807351e-04
1.204920527013324206e-03
6.545662521647026191e-04
6.225911710311429455e-04
8.136637793694341753e-04
2.073615939526074568e-03
1.146059236911831352e-03
3.867343564106452062e-04
2.128604718725452070e-03
1.064071695118551462e-03
1.124858357607708267e-03
1.900022632804574708e-03
1.050001583897967796e-03
1.316623327258320542e-03
9.870925432677805488e-04
4.426100862347213689e-04
2.374108006038426911e-03
4.557848121408473964e-04
1.139586729003899505e-03
8.158928606254917983e-04
1.262149431183788497e-03
2.300775577961944600e-04
5.860981202181047428e-04
1.058884613585155295e-03
2.800129064758732607e-04
6.523186666685426745e-04
3.340761312493160397e-04
1.198725918180670912e-03
1.042166394995479653e-03
8.160276570291445089e-04
5.504646811461638527e-04
1.195028282185438967e-03
8.807712484769844585e-04
1.031443379459560071e-03
1.608587503760856895e-03
4.632453337614541710e-04
4.726047311557827319e-04
8.968025915688249963e-04
5.686313731828343499e-04
4.289079614444523368e-03
7.022222162544343492e-04
2.516271934011997131e-04
5.918528151785366767e-04
1.717062955888556562e-03
8.003963912097605349e-04
2.041551317972489874e-03
3.069483960352707426e-04
3.608579752644550955e-04
5.507570018279653225e-04
2.330862150977231970e-03
1.167938143307325517e-03
6.431165151384055654e-04
1.752204373710041473e-03
5.348323130534586491e-04
9.526981914221642304e-04
1.268744012844963843e-03
1.166019506635741299e-03
1.615219206169856781e-03
1.674920996280550344e-03
1.547399139823524804e-03
1.045161600929425325e-03
1.685550719851366301e-03
8.362490063472973172e-04
7.979756734594856907e-04
7.591904307572835487e-04
6.682645752717807433e-04
8.451807552786727833e-04
7.609409712562701690e-04
7.842841535041143687e-04
1.672097917529390132e-03
7.898136978733248789e-04
7.455540463075652560e-04
4.793916591828967081e-04
1.827670221432586665e-03
5.323248249683558159e-04
2.995711344269078600e-04
9.833501348325678765e-04
8.687027635364942893e-04
5.232437878051207853e-04
8.557720754007858534e-04
2.612408064649405278e-03
1.028395351525036383e-03
6.376160878649336739e-04
3.641960275625073513e-04
6.142387183545045936e-04
9.571762108085755776e-04
1.074151116510184715e-03
2.828241534497053823e-03
3.294260136539048107e-03
1.093357453444946835e-03
4.193835189649173243e-04
8.897624928680329497e-04
6.482597080009444264e-04
1.063367123027186920e-03
6.303497686091014867e-04
6.001167390357822632e-04
3.680857508655199718e-04
3.457210837353812648e-04
2.686503674643786824e-03
1.064350036689553020e-03
1.559592983608528447e-03
8.971788329786956713e-04
5.000340266558220845e-04
2.999515841170633814e-04
1.257360030663210587e-03
1.205862218223944593e-03
9.369160385814616875e-04
3.590246420504100678e-04
1.074416251505496897e-03
1.253736674133394159e-03
4.669743980415034493e-04
7.472129741305994551e-04
6.029637634952663382e-04
4.326105901049081821e-04
8.214921149935017555e-04
4.987554403733388464e-04
7.161694309616047343e-04
8.847205737588570212e-04
1.188330767654123673e-03
4.809135959592147794e-04
6.435220051362947058e-04
5.153584499544759624e-04
6.530020038235191584e-04
7.749262596930181751e-04
5.638818520510388999e-04
3.037734117383150126e-04
8.769816243237619439e-04
1.022659001419633923e-03
1.012864540427772450e-03
1.048729127478875743e-03
3.320749676641744489e-04
6.564883173204255715e-04
1.990392952114220047e-03
8.714891999130483860e-04
4.459360184854039839e-04
9.439068375743891841e-04
4.593298629486896635e-03
1.197656305846546724e-03
1.469796004937721666e-03
8.730387147276727966e-04
1.313623461200701852e-03
7.042400436938042914e-04
1.766728645162067178e-03
1.080630419197074147e-03
4.862030152809245767e-04
2.828241534497053823e-03
1.352227467941203697e-03
7.795179071726580358e-04
4.625800946212234874e-04
5.954982443013035484e-04
3.108645274989413343e-04
1.315241301063137507e-03
2.877799862736394373e-03
2.999298564802057080e-04
2.824872973721475168e-04
7.195439625599318314e-04
1.330604259665254998e-03
3.859589717633167810e-04
1.199038572956189798e-03
2.250951932724591740e-03
1.069959904306377061e-03
4.978035591577101553e-04
2.069595857805757444e-03
2.100304469019889219e-03
5.669839616509315906e-04
1.372748349086547887e-03
5.562698044566009121e-04
2.057714209461796850e-03
4.274385196156000417e-04
6.992468024429805999e-04
8.086280880695588449e-04
4.682372964276523722e-04
1.526437772736780659e-03
2.236216794009993243e-03
1.373960364603365536e-03
4.899328964977814338e-03
7.441354540853732961e-04
7.923338030256820742e-04
7.840531594614371606e-04
1.003535519654146163e-03
8.897624928680329497e-04
4.461927733398826776e-04
9.320772834459610523e-04
4.150957322881101454e-03
1.172040901770378266e-03
6.394468804167910154e-04
2.538332189251411766e-03
5.719842766954699124e-04
8.502742082415814607e-04
4.248342090299519493e-04
1.026496053367433742e-03
8.294236022944862343e-04
2.273235532523945591e-04
1.166501776678229886e-03
6.291323062378833793e-04
5.790055308717212065e-04
6.669574752649294396e-04
4.634018690819610774e-04
3.530243403690252958e-04
3.249441320643854398e-03
1.455186387400842548e-03
4.064463826915234133e-04
1.857202075006862555e-03
6.188460932843653029e-04
4.159208418766637211e-04
1.877772573074861374e-04
1.030748391282409636e-03
3.181697956659370035e-03
1.402587140531474973e-03
1.533057419047222265e-03
4.718342351093489720e-03
1.347854977903464478e-03
5.956185056551935135e-04
2.789678418738221043e-03
1.379504143667643033e-03
1.107188050429171308e-03
1.014783337567253235e-03
1.595743544797411989e-03
4.225225398252773520e-04
4.664538343681925124e-04
8.572524180635257172e-04
6.520955862243749210e-04
5.440820897460098716e-04
1.313861799432247115e-03
6.525475797874134582e-04
1.776156154796695299e-03
1.098659415655326875e-03
7.645808598582253673e-04
5.117650737994687777e-04
1.357727175994753038e-03
6.036173965450113230e-04
5.942613949006774875e-04
7.667430169420589355e-04
6.895946147869805179e-04
1.117117232466316532e-03
5.310868486445408749e-04
5.442921829182742087e-04
1.798186409826372503e-03
7.721596554913483929e-04
1.768040081057919077e-03
4.605262863524078247e-04
5.808332389334535349e-04
3.828430099370833356e-04
6.380698671145396822e-04
1.209214686759420071e-03
1.575484877912221478e-03
7.175587681619272724e-04
1.523845459656241472e-03
5.500533007354485885e-04
1.229360042549697794e-03
3.727623136008693461e-04
1.046784338383639941e-03
5.441498701342480310e-04
9.432041085937683134e-04
5.178487917770595046e-04
1.199977501680575846e-03
8.182761419727605304e-04
1.732073112074693699e-03
4.910837947589088721e-04
3.340761312493160397e-04
7.125240251974331940e-04
4.251058905851379200e-04
8.909617656949875677e-04
1.590805549427689149e-03
1.154497448403227948e-03
1.165907508970445098e-03
6.764198203391087521e-04
4.822565145029607692e-04
3.806279760693599126e-04
1.237958818841868383e-03
1.116410285933987180e-03
8.778477711562317123e-04
6.941441699853695847e-04
5.857054137964274113e-04
7.841724993071288183e-04
2.737495399145914400e-04
6.585571032687335610e-04
6.838035110777190709e-04
8.832277926214181446e-04
5.953623439773046439e-04
1.554323400521449156e-03
9.777143733736236558e-04
1.127390153450279859e-03
5.566119539410812255e-04
8.042237922437743417e-04
1.316623327258320542e-03
4.120795158555503701e-04
1.547293940817383133e-03
1.746368530682168227e-03
2.876374734942208663e-04
8.200224728379465347e-04
1.399577436137358372e-03
1.741952974395387030e-03
5.696713124794585423e-04
1.081760778984276793e-03
4.795789341478368648e-04
8.309296518319097364e-04
8.882882310483076463e-04
8.297862394559760981e-04
1.611731599007563747e-03
3.051646365087939895e-04
2.034868030034316620e-03
3.405066340262944877e-04
9.438293472872699924e-04
4.700114402623102746e-04
2.060444007783490683e-03
1.034014832551203742e-03
8.465436409950689292e-04
1.037729041340421142e-03
1.005004724771544527e-03
5.227577035872136603e-04
5.626116169098056537e-04
4.007094017763807351e-04
1.060155354650464720e-03
6.459919384302371123e-04
9.166777881094579760e-04
6.926505474585214995e-04
7.861958580911555892e-04
5.541625926748674873e-04
7.515400032762013360e-04
3.953146862361669751e-04
1.384531360377991814e-03
7.216917647043792454e-04
4.104159830680277729e-04
8.391445138103172108e-04
1.808509092115464156e-03
1.075360625342315071e-03
1.196429073909142634e-03
4.859564678764650633e-04
4.175697554992911244e-04
1.657440188821456776e-03
6.402602700049652438e-04
6.724393039390199386e-04
4.037877864447894064e-04
1.719267637513681836e-03
7.979756734594856907e-04
1.484622822225522372e-03
7.075734269559551520e-04
8.585197180432644661e-04
2.734708330703716338e-03
7.694533939971030844e-04
1.315980361798483765e-03
5.594564765869264496e-04
1.460672227054645366e-03
5.622924715901917456e-04
1.024229990565874533e-03
1.596874778580376682e-03
2.397773362383476270e-03
4.531151489005528859e-04
7.685785944389590067e-04
1.195150153594779982e-03
6.819345240934389287e-04
4.701341083400390700e-04
5.483867544018842686e-04
9.944665626696453081e-04
6.760543030134642979e-04
1.177663015116726464e-03
6.786259961283765910e-04
7.396069754646754715e-04
7.902446279034283129e-04
5.199596444564041084e-04
9.444234954761558795e-04
9.122761529108451778e-04
5.349676173407926514e-04
1.427497689946651037e-03
6.191707046314791699e-03
1.037807839500845108e-03
1.976702568147763639e-04
1.199771314454176323e-03
4.223421805185640482e-04
2.029876223265387417e-03
1.082902601425526305e-03
1.643313385420708999e-03
7.059252934547448127e-04
1.615040146068775226e-03
5.535221404521175779e-04
5.954982443013035484e-04
4.213511316671318804e-04
4.143878996428102825e-04
3.259023810372044857e-04
8.620535293539327527e-04
7.959572596739326617e-04
7.579851553958706243e-04
2.977033840679394719e-04
7.040091341677623101e-04
6.932983153015950155e-04
1.405567159124007084e-03
8.153036011205606328e-04
1.091072562698720957e-03
4.858709150550189078e-04
3.036189699275436828e-04
6.764883252050597588e-04
5.326943965012926338e-04
6.764306560632050644e-04
1.639363745410316172e-03
7.438987837161676990e-04
6.661748061451555755e-04
1.134997491543470642e-03
1.142024580545754429e-03
5.071842957486389454e-04
4.370338401931196963e-04
3.929228543130959365e-04
8.205429812062560620e-04
1.575484877912221478e-03
7.106084471119297795e-04
2.649163168607183289e-03
1.547365069532504085e-03
5.434024691215196380e-04
7.883853829128829958e-04
7.699676258177265073e-04
1.090921592297260188e-03
7.862545393787714757e-04
7.292199569462280142e-04
1.405546509763227862e-03
3.820384880326705541e-04
6.856933653277537486e-04
6.457682675800591448e-04
6.273606116205693870e-04
1.264231082933195676e-03
5.208619902080661090e-04
1.585482973219946726e-03
7.574003737895831402e-04
6.194848604931259793e-04
5.857054137964274113e-04
6.876022486310626181e-04
2.133973073630655772e-03
6.374446778561066720e-04
6.751736889445575937e-04
2.713559835420368562e-04
1.213237768341847867e-03
5.942613949006774875e-04
1.553100568739640853e-03
6.081085497086565232e-04
3.783912657429961877e-04
1.306176444178933473e-03
1.189990828622346231e-03
1.417878699254337179e-03
7.665280853880628758e-04
9.503194084909675392e-04
7.207423401693973351e-04
5.326708211444927416e-04
1.086150030425262055e-03
8.394628995560217063e-04
1.098090853809876016e-03
1.603503679462261675e-03
2.447801342727116101e-03
4.824354796034791893e-04
5.182168305727951653e-04
4.860342454830415436e-04
8.569786839830497707e-04
5.487224182614179819e-04
9.016880334167174087e-04
1.838592412105929030e-03
3.725296346123176355e-04
8.299840227281487636e-04
4.846925440540920341e-04
5.314679667837975347e-04
1.139985515152621776e-03
5.918223996943174515e-04
1.211937308458481367e-03
7.781316671260260194e-04
1.371536661274659185e-03
7.280865323156069258e-04
8.459243132241882996e-04
2.382453322089939009e-03
1.312764373184141693e-03
6.147780562144281469e-04
6.989075828126882148e-04
5.939286165863372951e-04
6.038097641266736842e-04
1.944855103808572957e-03
1.692722904159043879e-03
5.051224463881869324e-04
3.227239989179067994e-04
5.627620699939099363e-04
1.276150340077414781e-03
9.559526146146390610e-04
8.288797253675740878e-04
1.759738457434960410e-03
7.012588704046727756e-04
1.188566631179487207e-03
9.777143733736236558e-04
8.330519136980096308e-04
4.171450613342999486e-04
3.146274344998898926e-04
2.762328806037231410e-04
9.508046752927559308e-04
6.735811176737661584e-04
9.809783423790354676e-04
1.046426779474969202e-03
1.167061518689568997e-03
4.255100378421052465e-04
4.904968304877510392e-04
9.819009288983453557e-04
3.532355918645953404e-04
5.126348613164879520e-04
7.635266907403050630e-04
7.117169764008007479e-04
7.166860273612686485e-04
6.832671809163226020e-04
1.881699164310480068e-03
1.588269053988238585e-03
5.201574341876334792e-04
1.165409273546158661e-03
3.396018242264640420e-03
1.485714013470255685e-03
1.483854106086692545e-03
1.044096248091740294e-03
4.203000221645346096e-04
5.810187060290339421e-04
7.239916356946134862e-04
1.456450189041724524e-03
3.819691890327311609e-04
6.456275858893688845e-04
7.668157416158076197e-04
6.233274661075522034e-04
6.353418964012928077e-04
7.766019579540648417e-04
8.556869756135317270e-04
3.811589126515673690e-04
5.763125278348775254e-04
1.416402924191475501e-03
3.934648447619663240e-04
9.899362877422554410e-04
3.090259796396288474e-04
5.307109142760570901e-04
8.103714927801499617e-04
8.803020863538441217e-04
4.830259707060176192e-04
3.728257353974246736e-04
1.133647105108852825e-03
4.830206609850122416e-04
1.850573934344488820e-03
8.226256115788123380e-04
6.340675795566604609e-04
4.909038723669966733e-04
3.668519924163782036e-04
4.840484304483718770e-04
2.817924417612060247e-03
1.078560238138331429e-03
9.227162192795283118e-04
6.716495534692549845e-04
8.166606674233509383e-04
8.038603192920738914e-04
1.499059469831139557e-03
4.763158034552980569e-04
5.672476613282705733e-04
5.827984854872711928e-04
1.170658302556471832e-03
1.431891686676066726e-03
8.133383215601391230e-04
2.987587953225209151e-03
3.694034073231291376e-04
2.111772567002060796e-03
4.895600062391511180e-04
3.083980774522069365e-03
4.248231560728296359e-04
6.137099348896345001e-04
1.148761755663100549e-03
6.115842343708748985e-04
1.308673788519342700e-03
5.274536157669461062e-04
4.970358971593479523e-04
6.787584977277242790e-04
4.288320059665260775e-04
1.656574806911473904e-03
4.715765444958329965e-04
2.378847047504400547e-04
1.003738866695410214e-03
5.985702068562166007e-04
2.846034920665173871e-04
3.953157443374292362e-04
8.183275953418614078e-04
3.589793839479465086e-04
4.015029694901128430e-04
2.381839333280338401e-03
7.954348131746470044e-04
1.274322365671019981e-03
3.529148049095155205e-04
8.552783298821173968e-04
4.741876917933542557e-04
3.281045837366514464e-03
6.926450013986078800e-04
5.151899609852795148e-04
9.790123185739719146e-04
1.524389938771424438e-03
7.251598903237686626e-04
5.116494455061896445e-04
1.138531147112516531e-03
6.836862864680079248e-04
1.596048608055178558e-03
4.441295305631051986e-04
1.022235727698992454e-03
5.966644631134984016e-04
1.220400378416894565e-03
1.780241199067941933e-03
1.921129470300662499e-03
7.243630443126693142e-04
1.122279506925711375e-03
1.314401433195953482e-03
1.476549562007426018e-03
6.393739278352291583e-04
1.199977501680575846e-03
9.821619979979341348e-04
1.141544714407082299e-03
2.371760296513013896e-03
4.342516400801489044e-04
8.216818272568727002e-04
1.073989266437356789e-03
9.816380532504302790e-04
6.036173965450113230e-04
1.337312091777504873e-03
7.819969405262539638e-04
1.180093785694120772e-03
5.181867954590923826e-04
7.829175771224559975e-04
1.780652905706811822e-03
1.230003920992870639e-03
3.323617360225900822e-04
5.356418083374636999e-04
7.378315339379840944e-04
4.402746519297662405e-04
1.900022632804574708e-03
1.486863534495624787e-03
1.258400491676750759e-03
1.180476228322823286e-03
1.339707680978050519e-03
6.323492729806846468e-04
4.312492621470466686e-04
2.428785632655488472e-03
1.152070912925941921e-03
5.470654371716037216e-04
1.903733326987550002e-03
1.382198310723763623e-03
1.268948716404359224e-03
8.230799657350564838e-04
5.965362154138284263e-04
6.861062597656368642e-04
9.205775923431183541e-04
7.072707590049871935e-04
1.594054656920177674e-03
6.279402546285157635e-04
8.315168393612601015e-04
1.347044378697534418e-03
3.160565095586162195e-04
4.837782652616809224e-04
5.306211120324243538e-04
4.523791339727945959e-04
8.607796696360048424e-04
8.315790254559250619e-04
2.692338714387337438e-04
7.251598903237686626e-04
9.839175676261027563e-04
2.475187211134355879e-03
1.405918126838319937e-03
1.223601337769367973e-03
4.549334333774937523e-04
2.371562224128712787e-03
6.204908705730302404e-04
6.293895283592503952e-04
7.955921065045672320e-04
1.835817039195203511e-03
3.236679359013832236e-04
1.408805876848997357e-02
1.859720286234442434e-03
1.080530366608349700e-03
1.864198471574825700e-03
5.219993713009886405e-04
7.799643030570404699e-04
6.687854637146002212e-04
1.157943552230085698e-03
2.881542976389288822e-03
1.581765754141245279e-03
7.633971661838493111e-04
5.275116832317289358e-04
4.412710013110002693e-04
1.124883853151017630e-03
5.991959529390516277e-04
4.080107822524012468e-04
4.197199179726827695e-04
1.424140112704728751e-03
4.901105957885014148e-04
1.021398952892790249e-03
6.091468008850280808e-04
2.488461379833890874e-03
5.256650047939241850e-04
7.148034947360687019e-04
1.439540763081561267e-03
9.774986447083269109e-04
5.161284107314109346e-04
1.222889525989848472e-03
9.098869298045034063e-04
3.832443612293898031e-04
1.930457802667159091e-03
2.800025672088509669e-04
6.788208311058733678e-04
6.219960572685977272e-04
2.335154804680108012e-03
6.034000456169512187e-04
1.410451298583054180e-03
7.890840100575597206e-04
1.658952476924777011e-03
3.664745922048680314e-04
2.954465290544991581e-03
3.396018242264640420e-03
1.596941516359546859e-03
2.205393369666929816e-03
6.809145859615269329e-04
3.268279898833177503e-04
1.244345617811546062e-03
2.846034920665173871e-04
7.862545393787714757e-04
8.126754203944997097e-04
6.236373240940146657e-04
1.231902448875509025e-03
6.429430244599947802e-04
1.897406483336898418e-03
1.661810748357259084e-03
1.270375615644033819e-03
6.743625682634421265e-04
2.070939483187569322e-03
1.623895642915479517e-03
4.309858380761975730e-04
1.008048041897497511e-03
5.420878610589817273e-04
8.789485757223612248e-04
4.672503568846849992e-04
4.029002982647903971e-04
1.917567982330035253e-03
3.712901685610791344e-04
1.460306634524589746e-03
2.457704278166062783e-04
5.967062777722577935e-04
1.472813211998909430e-03
3.305327741882243403e-03
6.390645022320879005e-04
8.552783298821173968e-04
2.502745575422642382e-04
7.341957100185667138e-04
9.762860967041372484e-04
1.656574806911473904e-03
4.206824531885147321e-04
1.347869032357730231e-03
3.718703238776406919e-04
7.347887177657992696e-04
7.237104665353961660e-04
2.021282819570258561e-03
4.663820234178362410e-04
5.803066658882167963e-04
8.037575528115224657e-04
6.685763423542758323e-04
4.035607019853988111e-04
1.296355552954251951e-03
1.217421648200772786e-03
3.539582689142075538e-04
5.008880989967687963e-04
5.672476613282705733e-04
6.259412883834329948e-04
7.412161322319305370e-04
6.688533188359880623e-04
3.051646365087939895e-04
1.748576324541694900e-03
3.664441627401151700e-04
1.304019938684314968e-03
3.728426001415005662e-03
2.028476462158351062e-03
5.970715578349646523e-04
4.035945438026204051e-04
6.969685774110153352e-04
8.245985895743120683e-04
3.125266973333381583e-03
1.390612265160087735e-03
1.705022548607818293e-03
1.294424151869970991e-03
4.886393121589790263e-04
1.012532137989016496e-03
6.065495211943899021e-04
1.262588748753774295e-03
3.686038427992748218e-04
8.507223769215423084e-04
9.390451237249486946e-04
2.637319422638749575e-04
2.852550713716683331e-04
5.852975821804985018e-04
5.329131159677676002e-04
3.728426001415005662e-03
5.310868486445408749e-04
5.538968460567254490e-04
1.216958048811066923e-03
7.316053360057285298e-04
1.299697996884883501e-03
9.123476764265284894e-04
6.817570658962240904e-04
4.960654625970719808e-03
1.187283393188609407e-03
1.202037495278459722e-03
1.212783314191197845e-03
5.668641779013755284e-04
1.080836948640474283e-03
7.700788799224077188e-04
1.154760080916170583e-03
4.479597763001314892e-04
5.778599743278184158e-04
1.359198993712076864e-03
4.633471497851465466e-04
1.141882772064264397e-03
2.265474555770260936e-03
5.949512602963920012e-04
8.826733770572540690e-04
1.325373927152078768e-03
1.813109379360981028e-03
3.234836660940363252e-04
4.452672841002872453e-04
5.828375715266397115e-04
1.055565565363853885e-03
8.938041747032307192e-04
1.188453878082228361e-03
1.011841642082008524e-03
4.858216029356996813e-04
9.019672922484389286e-04
