4.351275061164836260e-04
1.574367776502587401e-03
3.054637562544143883e-03
6.328111574295876458e-04
6.869655549911687920e-03
5.808501970495937071e-04
2.504721257577793847e-03
7.925086889788378851e-04
4.560325631461246087e-04
5.534677264143664623e-04
5.963763803373613474e-04
1.464775451101255283e-03
6.335721650805673779e-04
9.729340183283483393e-04
1.151871576092659095e-03
1.399249629667697736e-03
9.214962831123121867e-04
2.685371698051099219e-04
8.780741174403982902e-04
8.852492082280199581e-04
4.436607482143164766e-04
4.146506408342362309e-04
1.681412073791557077e-02
6.438315884467804345e-04
1.095144082695190041e-03
3.453214310177877546e-04
6.897659935057590596e-04
9.054549805947346248e-04
1.154427721416166792e-03
2.323389080946604811e-03
3.444677323240147369e-04
9.203017881229634805e-04
1.440133237456320790e-03
1.088376960775838285e-03
4.818435780316652583e-04
5.616135256723781086e-04
5.743285950246724723e-04
6.636533912914879775e-04
1.008788635447459021e-03
3.378488206710367919e-04
4.010207081420280682e-04
7.807722995478229592e-04
6.317387679611834303e-04
5.782575765716075050e-04
8.589587662821584384e-04
1.804335793704604438e-03
8.206914540724322355e-04
1.051792637431527662e-03
1.297576015036979629e-03
7.848128198061967440e-04
5.085719363020459660e-04
6.714637446246987792e-04
4.945720124683389502e-04
4.310858638418563335e-04
5.623989094802361085e-04
3.988463209090917358e-04
8.191003091557949459e-04
3.364680104241831414e-04
4.321014580835995920e-04
3.490280227539603705e-04
1.701732128558828367e-03
1.010609405406853040e-03
5.554365709864965547e-04
1.057700282908184469e-03
9.487890065955255706e-04
5.376984928524149946e-04
1.009792498896382781e-03
9.235645906432535810e-04
6.932017743896278948e-04
2.019086830012114880e-04
3.960756090653434259e-04
2.949264387980152181e-04
3.955233623320608943e-04
3.480702690996738142e-03
8.944301995003722631e-04
8.633096382924361966e-04
3.963434349637851711e-03
7.257317853397570601e-04
6.724813743332728761e-04
3.537010186157939044e-04
7.941510895163986271e-04
8.539770151595835624e-04
5.536652295717937097e-04
3.094598626815185530e-04
3.970040784830687944e-04
7.600583258689527864e-04
2.691339016073830259e-03
1.143681500812024788e-03
5.376305641541287818e-04
1.347512944563604778e-03
1.656060683669541549e-03
1.185046750800204489e-03
6.801375427334278986e-04
8.028917233310633615e-04
3.498466276129908316e-04
1.121715324020520392e-03
4.161964517169646936e-04
4.625171585792451300e-04
5.721094802018551750e-04
5.828688240648076608e-04
3.351851302147576799e-03
1.607529205456382062e-04
1.907684777420142841e-04
1.171616373307009544e-03
7.398277047178275804e-04
4.146221349986287737e-04
1.146027323044375955e-03
4.795016389300285837e-04
6.958739529065808551e-04
1.499407621182177004e-03
4.697699076490436331e-04
8.428427324338455670e-04
6.328111574295876458e-04
2.590009320968795700e-03
6.649153072654921020e-04
5.617418714298052021e-04
4.310858638418563335e-04
3.899700577661056552e-04
5.757998360035141306e-04
1.019345834085054340e-03
1.216588572244801025e-03
8.507926937844091089e-04
6.631144838265479657e-04
4.740828740240602313e-04
4.698943546777713080e-04
4.936608791944201071e-04
7.556455532893438043e-04
4.061604691316497880e-04
3.986113123027346669e-04
1.080609412764160695e-03
7.680524839332772110e-04
7.065847035003927157e-04
2.728237962597608178e-04
7.836797349961977096e-04
1.756466019426388596e-03
4.846242315450971288e-04
3.831270292458207509e-04
7.037091036960070947e-03
4.910293881433668711e-04
4.416487240313088087e-04
4.719265708130795912e-04
1.260043697860113200e-03
8.524547969208062488e-04
4.702709572081131828e-03
8.334838411940807433e-04
1.602983377869448070e-04
1.321121182651120111e-03
5.000249940842010866e-04
2.547964017609480824e-04
3.054377901460570192e-04
9.224640401607342314e-04
8.197992171920594380e-04
8.802650679054893667e-04
8.185342307760152614e-04
5.522669554625487479e-04
5.359790890383457195e-04
1.780134376640513105e-03
4.516604104408795755e-04
7.156328374864382802e-04
7.086325826373519399e-04
5.522268308444075501e-04
8.649038801498084867e-04
1.701732128558828367e-03
2.076851004006733965e-03
6.360462858723843873e-04
6.613208590831902911e-04
6.225356356913387765e-04
4.758897570005941099e-04
5.291867696829923202e-04
7.924156137111961016e-04
6.062330030324449221e-04
1.861835791162982131e-04
5.969257333472858867e-04
4.394181139296999975e-04
2.857382470714327650e-04
5.459152679348105216e-04
4.956373286546945488e-04
6.129182127884580259e-04
4.039504107487154019e-04
6.135521599042953814e-04
5.133795441368512510e-04
1.169498499376242983e-03
4.331460617133539126e-04
6.957989872842406569e-04
1.851278427509880399e-03
8.868689152306573949e-04
2.026703530579215579e-04
7.870207150403542209e-04
5.593716789414673049e-04
7.512446907754580802e-04
6.099655472068959711e-04
2.224527490884089034e-03
8.362763377315794115e-04
7.164550551004383828e-04
1.102698776702900393e-03
1.023422865359475877e-03
8.613281550658278716e-04
4.126653061219651727e-04
3.901738568567608982e-04
8.665177685598786329e-04
8.594547129530664313e-04
1.411569706420001593e-03
4.310858638418563335e-04
4.625783161004413968e-04
9.756928215609998387e-03
5.039148895889099689e-04
7.515440774660263638e-04
3.006292787633698207e-04
5.090677607178181480e-04
4.222671448499812808e-04
8.192137954429897471e-04
4.074105803625698279e-04
5.794881543709532682e-04
1.189453942029875585e-03
2.122455172161203947e-04
1.609783316523569555e-03
4.681744328917999010e-04
2.985964105539229830e-04
1.311666010764425119e-03
3.518665960442449343e-03
7.260824288959948558e-04
4.320818290589236842e-04
2.367374333197365746e-03
2.963588727727437628e-04
6.261200000358305802e-04
4.844006061070769737e-04
7.826402031825598895e-04
1.024333186934362622e-03
7.319689473801623252e-04
4.539639255620131443e-04
1.111262803015648131e-03
2.836096188875849612e-03
4.517704681438396044e-04
4.461950647815002930e-04
3.849043636359944683e-03
3.070873788198582362e-04
1.233955153650345823e-03
8.066334113699214848e-04
7.532398086727813561e-04
3.748742338481228617e-04
4.289995232356855768e-04
6.778077166636388038e-04
4.381078099958230984e-04
1.686472851007632693e-03
3.799154759437842047e-04
3.939482779614466418e-04
5.556616468719754098e-04
8.598448390398327453e-04
9.897479181079518826e-04
1.049323602852422722e-03
3.070074188309759064e-04
5.298371003587510567e-04
3.769913335810483324e-04
6.945316573491429682e-04
1.299394898928026574e-03
2.364984002986304876e-03
2.501089630142448706e-04
6.594302778789571697e-04
7.128958429521738398e-04
8.798399379639888036e-04
5.387949043689360673e-04
5.309182119510290083e-04
3.882093097427226640e-04
5.378836504404038623e-04
4.365603830330489171e-04
5.534677264143664623e-04
4.810064515720270813e-04
1.005427259010569212e-03
5.616181817794268540e-04
8.666391891786776004e-04
7.599455115975071312e-04
1.178673084084307749e-03
1.502998468507001171e-03
3.739111235080752322e-04
2.945015514492393613e-03
9.781876398208865300e-04
2.572259164012050060e-04
2.678278867663859029e-04
6.057359168714227925e-04
4.687290991206800113e-04
7.740313187680502617e-04
2.667854317147427454e-04
4.679335922318979832e-04
7.696429221705671907e-04
7.328542648158873317e-04
1.625680755928903248e-04
3.139223125331640153e-04
6.846575960192333990e-04
1.076033984402632003e-03
2.026832787570309428e-03
4.765459153846200854e-04
3.153616865958278862e-04
5.390298126634427301e-04
8.499634654689460682e-04
2.196119824528376251e-04
4.497940080731019710e-04
2.912472957275983893e-03
7.337386231792638897e-04
6.139127788481223754e-04
3.873520495308340654e-04
9.412939813923659749e-04
4.627180247823284081e-04
3.329076183427166725e-04
1.115047885594282239e-03
4.461950647815002930e-04
1.678585306083680770e-03
1.712919065354177341e-04
8.090127708178807822e-04
2.804407386175011645e-04
7.426857132010410666e-04
1.061734510599399509e-03
3.222015371533157378e-04
8.541026503139461691e-04
1.081375578530183916e-03
9.944335255484260377e-04
4.991949240681338657e-04
1.146497356641096223e-03
6.405903136788239274e-04
1.050118559364701318e-03
5.841056626569627415e-04
5.030760105170143217e-04
8.906809657445144456e-04
6.269127935487154310e-04
5.035882984913237978e-04
3.582040654596707120e-04
8.582008800125470347e-04
5.473952047792990947e-04
3.305363229895804831e-04
1.225564620192607073e-03
3.676074102055897031e-04
1.507662828147518551e-03
4.810700868294241306e-04
4.189390311169013817e-04
5.329433318169797323e-04
6.011507301778357864e-04
8.152182380807847933e-03
4.782514271656383232e-04
1.221911909444685362e-03
3.468036670727701431e-04
3.959788809653425686e-04
1.564043248570311240e-03
7.087165729939739599e-04
3.379054789658333014e-04
5.046076855831420306e-04
1.276921268789186961e-03
3.556625396893384368e-04
3.818153033002692613e-04
6.406121489205656751e-03
3.681476803070717822e-04
6.827070703284011510e-04
4.909201434732665204e-04
3.558659718399173198e-04
1.043345312452009137e-03
1.172386956898133301e-03
3.369051277871900371e-04
3.226972297951379324e-04
5.787288351587048128e-04
1.362032577598787809e-03
5.476343504082570660e-04
6.819347794400817389e-04
4.768044932887674698e-04
5.330868206503753442e-04
1.086610328645183556e-03
4.627644087496898600e-04
1.334674328961769603e-03
1.258882197360705483e-03
3.396175505163653613e-04
7.157855874112663622e-04
2.924265469955258413e-04
5.429842174502898071e-04
3.977575776639166944e-04
4.720532837010420982e-04
2.278925396001396392e-03
6.766379536424219814e-04
7.149396212399081966e-04
3.036456586246934772e-04
4.572521650474509181e-04
6.223986968702621518e-04
5.246860513840044841e-04
1.027778580291913288e-03
1.185246649995867069e-03
1.845091536302381882e-04
3.853749192120756650e-04
4.262396702866664720e-04
3.814336073192681502e-04
6.679989207001269750e-04
6.742936218997632033e-04
8.403485015711337864e-04
2.327294966976712395e-03
2.664242700752412736e-04
4.621535438633385113e-04
2.724910405845930631e-04
3.498466276129908316e-04
2.297014945139135033e-04
1.550496125794455747e-03
4.101558025030821539e-04
2.546459163940983667e-04
6.202202841661233522e-04
5.105740770375311608e-04
7.539548575939183364e-04
4.476491631064000187e-04
4.076233405308423178e-04
1.107253215257252444e-03
1.701732128558828367e-03
1.011487829215451445e-03
4.905820633508209405e-04
9.788984989933273081e-04
2.501883402885176711e-04
3.619687776937295653e-04
7.771312277482290455e-04
3.029836703587133594e-04
6.667408807612764960e-04
3.560767223233422905e-03
6.645287216887075512e-04
2.160081760229283065e-03
6.497775938829452452e-04
1.978020236594785902e-03
5.652163577268915157e-04
1.017780372161472243e-03
6.392681072189471733e-04
9.029047515290250471e-04
3.087541398661499716e-04
6.328111574295876458e-04
5.924494227002461083e-04
2.597129043419554081e-03
7.523522973975692134e-04
4.660053113831904128e-04
2.168280545034994157e-04
2.298558958961083743e-03
6.805718259223086670e-04
1.007634011243682074e-03
7.206744677598397918e-04
8.005951577596761735e-04
1.707996992645933586e-03
2.241680313796435686e-03
9.155215233454196046e-04
1.949574294285249306e-03
1.990993003643185943e-03
1.730501137488676163e-04
6.306053021659893979e-04
2.989477566460047313e-04
1.581897580173619510e-03
7.330090965400994432e-04
6.000486983027173522e-04
7.177180749997645387e-04
2.700596576804970418e-04
4.842244954772342239e-04
4.119491244983009871e-04
1.886397742984926781e-03
2.857641964112232606e-04
6.578586701303017160e-04
4.089093809922584102e-04
5.353486263888789691e-04
9.687230994364157003e-04
1.088028092045468902e-03
8.565476051754551418e-04
2.918170518614766028e-03
6.306694431660574965e-04
4.539639255620131443e-04
5.567177119467104371e-04
9.186259389729990038e-03
4.629416641558196130e-04
4.669804347564011048e-04
9.325235603213376029e-04
3.632689952987388582e-04
3.065026280601114601e-04
6.664928344129641535e-04
9.685031464708070614e-04
1.135804265950739753e-03
8.436486419135105297e-04
1.100302338944911902e-03
5.229999384111521819e-04
2.195676263139687261e-03
3.342484254110506675e-04
3.570461725786049133e-04
7.910518701636800156e-04
1.344577025020318511e-03
7.443719983402716364e-04
9.306909851572464382e-04
4.625171585792451300e-04
1.580972972180964787e-03
6.391410487790264707e-04
5.527110437422367217e-04
6.374173594247530212e-04
2.780666005865187456e-03
4.189390311169013817e-04
3.813675776945421505e-03
6.475552157929723206e-04
4.310858638418563335e-04
6.410724614187786373e-04
3.061624885705142678e-03
7.047562263785341497e-04
8.274974832099382714e-04
4.883405964777072636e-04
4.553876721867298680e-03
4.540633621153411341e-03
6.033487489957971035e-04
4.952788304855321611e-04
4.442896106557876561e-04
9.761868558213504000e-04
1.025102551460231387e-03
9.842121692705113872e-04
3.878037380184205275e-03
1.736269709960188866e-03
6.808912958660707756e-04
9.627249136670789319e-04
4.627344640568499859e-04
1.770493274496203048e-03
3.735561199825249861e-04
6.182801177963275115e-04
3.329076183427166725e-04
1.253589191620799355e-03
6.102576205045666825e-04
1.681412073791557077e-02
1.001313972032145949e-03
3.425551676829428102e-04
3.549591409522917366e-04
5.584887424151206963e-04
3.376760469150028856e-04
3.342542879680387557e-03
2.605649046608701086e-03
6.181859444625755753e-04
9.315505898755605712e-04
6.315506356175481064e-04
2.145740766365146891e-04
9.391554405920552471e-04
4.953893132102490200e-04
4.492907017609428975e-04
9.386284550781101230e-04
3.685603025962154813e-04
1.238105973068448279e-03
8.175550657229077763e-04
7.668153829164361989e-04
5.922974772046736558e-04
2.873064009666350446e-03
6.372161256106685873e-04
2.809237421315994264e-04
1.151755034885802113e-03
2.256673857426457798e-03
9.784499246170573396e-04
3.582723430377092694e-04
2.358922778157141430e-04
9.405226022079050214e-04
5.321488642927417337e-04
4.994263302549930292e-04
1.467899346545824745e-03
6.250289626018151181e-04
1.137027355173179802e-03
1.025721561930669802e-03
1.673202369582066276e-03
5.686422053691615177e-04
1.574367776502587401e-03
2.569458995527952767e-04
4.517932085503137125e-04
3.092968066516248106e-04
3.998438160872177551e-03
4.310858638418563335e-04
4.096955593002912072e-04
6.522550786905588656e-04
1.399382689934624419e-03
2.666881164968588772e-04
5.337634942934556996e-04
1.143792033576504453e-03
8.777003949463890991e-04
2.052669828359543686e-04
1.001362696128973474e-03
5.835028595535290269e-03
3.685603025962154813e-04
2.367522380367010671e-04
7.829229277583146405e-04
1.221679095258092901e-03
8.811860104437271033e-04
2.384839361343561227e-04
7.938013767366116453e-04
4.310858638418563335e-04
5.202232728595715221e-04
5.720686014906989489e-04
4.875494288401680649e-04
2.243736683264596729e-04
4.798145543904027365e-04
7.372060524983977889e-04
1.229308374874208201e-03
6.126455595563015622e-04
5.421837717045662527e-04
1.414939977621037549e-03
9.434935215731173790e-04
3.560896941478966862e-04
9.234668042985481841e-04
9.105196398599677866e-04
4.657422602129359973e-04
6.266878444666657694e-04
5.655793889210642723e-04
1.788401104111279069e-03
1.572016523286502319e-03
1.414259915567880584e-03
8.782264627774980350e-04
1.313874152398928144e-03
1.417503234768434156e-03
3.761557274169253931e-04
1.734433461361399240e-03
4.898240712050929606e-04
4.192987042726622170e-03
9.186259389729990038e-03
2.757924185378420436e-04
3.891219500283245943e-04
9.816884669489370739e-04
6.305367259391948332e-04
4.243192400175126340e-04
1.053963111103765719e-03
5.252510052601974590e-04
7.859441571223999522e-04
2.547259491978939860e-03
7.893427710382200932e-04
9.255281734474343725e-04
9.193139894162751999e-04
5.719067213215055191e-04
4.916220344301991873e-04
1.981598518434662601e-03
6.301430981218024592e-04
7.357702420658084356e-04
1.169943829716318983e-03
7.245281637620982823e-04
6.548944853970293687e-04
8.594547129530664313e-04
6.021771058444835324e-04
1.654605874384014377e-03
5.599292930120045508e-04
8.422995214522761278e-04
7.258612516932510042e-03
6.762343178616639144e-04
1.398933708247115677e-03
2.876010221760620525e-04
2.563036772275765237e-04
9.513773340849108811e-04
1.276069053502491835e-03
5.299561500305320985e-04
7.177880279088439839e-04
5.501535368005011336e-04
6.723320870136855225e-04
8.497636541846378998e-04
2.365296320868940597e-03
1.056236150859511192e-03
6.296738216634407102e-04
5.721005037043174878e-04
2.457548471939958838e-03
4.903290756295935852e-04
8.461246963628124302e-04
9.987750361086919146e-04
7.858952447780364866e-04
2.184857838441363331e-03
4.611602454379925306e-04
7.968749653795779682e-04
5.476164564602786560e-04
2.199062252733828386e-04
6.237475000124044358e-04
1.065972170585860641e-03
4.059510708731252295e-04
7.400339855299838685e-04
1.256139464730206441e-03
8.328159498180326978e-04
3.408544520384618648e-04
6.246620762313098967e-04
4.344321636061028447e-04
2.896753156132177241e-03
8.582008800125470347e-04
5.988040189900769618e-04
3.503120649583428797e-04
8.999611815851410327e-04
1.302364005583229491e-03
1.505866555598789434e-03
2.992512017838633255e-04
8.539770151595835624e-04
9.030569510467463014e-04
1.701732128558828367e-03
1.448175209779330305e-03
3.233156352073926704e-04
2.762934038650304187e-03
7.389633639524139210e-04
7.618078424828974432e-04
2.618770185824378753e-04
1.521925645792515365e-04
2.846582154387287847e-04
6.034957655736027842e-04
6.315506356175481064e-04
5.581510735474235797e-04
4.119491244983009871e-04
4.065912737585746037e-04
3.831879797142591034e-04
2.714234390640263891e-03
1.887125720830030128e-03
1.293178618055332687e-03
3.265199935054095555e-04
4.310858638418563335e-04
2.779892522456317962e-04
7.816761518920177640e-04
1.561212130450256635e-04
8.342253455966939114e-04
3.146417219493964764e-04
4.339309114886222458e-03
4.963128164774760704e-04
4.211716924026797574e-04
5.756484333078163871e-04
7.931514883290184670e-04
4.095161895228481672e-04
5.475923772972521005e-04
1.443500364578675314e-03
1.222266931911513300e-03
8.592271446373211680e-04
5.147886212247112852e-04
1.225375056383081048e-03
8.192137954429897471e-04
5.651562689281157056e-04
9.798288870633677181e-04
4.612978106637146487e-04
4.687059068918466458e-04
4.840129352759886278e-04
3.018100722955448885e-04
4.484458510931034437e-04
5.736070211667605766e-04
1.476267777344227256e-03
1.069137292362614105e-03
5.744169237212107520e-04
1.040120665439758481e-03
1.168202013022499658e-03
6.623399193365305838e-04
5.576681343807250680e-04
5.328245531420691423e-04
1.135303981650805615e-03
3.524367699975802619e-04
1.129391056570661772e-03
5.016509832467511316e-04
6.048050100261989810e-04
2.813020080995867951e-04
1.062280395092597175e-03
1.001313972032145949e-03
9.201076117716446056e-04
1.506759738449905918e-03
1.218353817536506085e-03
6.978957465517089329e-04
8.984780684500488779e-04
4.027979199903388330e-04
7.989380822662658617e-04
1.209165904139001190e-03
4.333927644084316811e-04
5.570636634603472106e-04
4.310858638418563335e-04
1.021997102841185620e-03
5.492536894837773444e-04
5.524750104340315398e-04
6.595333629037353988e-04
3.422827608996211564e-04
1.952198310239974810e-03
1.043190973007772923e-03
8.185342307760152614e-04
1.418858928152220717e-03
1.626337910905158212e-03
9.330937691447146803e-04
2.415726369374488933e-04
4.352201375761524530e-04
2.695823687847628651e-03
2.385294418717610974e-03
4.428021914103456424e-04
2.523670861238263424e-03
7.962234207354042899e-04
2.033592798094235041e-04
2.460250075895004020e-04
1.193857562979342172e-03
7.572729208703423516e-04
1.383761440689908889e-03
8.100287872962370645e-04
4.963349996989830683e-04
3.705229382341381416e-04
3.742159353676170817e-04
4.564158566950009635e-04
5.794881543709532682e-04
6.329097534275800576e-04
5.077561515064435080e-04
2.629302496913606211e-03
3.978263108413775356e-04
3.361373434489001492e-04
1.788415755402305771e-04
4.016803429854080495e-04
1.762972517098970000e-03
8.025392597861969032e-04
5.293635157123615211e-04
4.503432615812200850e-04
1.041428612013418735e-03
3.722743746792795392e-04
9.514576271132036593e-04
4.120595591803595070e-04
2.652225696864892422e-04
5.655793889210642723e-04
8.920705838987968419e-04
1.626337910905158212e-03
1.163688264485874570e-03
1.558496925093183624e-03
7.693116376203640132e-04
1.005427259010569212e-03
7.046365866916149724e-03
9.345118520305090376e-04
3.956863955089355176e-04
1.084088691811783186e-03
1.416768172285386802e-03
3.724978362128089117e-04
4.563609688075550143e-04
7.737255789027886171e-04
1.701690898593934348e-03
2.794073859824471387e-04
1.812151650604537818e-03
8.636872082030988855e-04
3.932417482939368626e-04
1.067783094998609990e-03
3.502144579216113010e-03
6.565396177305661725e-04
3.888867727222887331e-04
1.193163150315799427e-03
3.934601430045593022e-04
9.865687408106666671e-04
1.406754895363560281e-03
3.957502059618803604e-04
2.984063336416801875e-03
4.343974415271430211e-04
4.282581280816519925e-04
7.241206161437608755e-04
2.815164084165720391e-04
6.405903136788239274e-04
4.391345796262480054e-03
7.355362415507753259e-04
3.698632918257918904e-04
1.357643424368417751e-03
2.036894026936537667e-03
5.365361094771965147e-04
4.192987042726622170e-03
7.139843429478799196e-04
5.982595074398859743e-04
2.849578601313973295e-04
4.298796508935874366e-04
1.047363969267252337e-03
5.315196122562187509e-04
7.990432344722814750e-04
7.206744677598397918e-04
1.701732128558828367e-03
6.090587763704898103e-04
9.653794841505571435e-04
6.789997744922958260e-04
1.994724719855125832e-03
4.953893132102490200e-04
4.310858638418563335e-04
7.055842803144676953e-04
7.614877339664667417e-04
7.703141539348408104e-04
8.015473414858487146e-04
6.206927531536782575e-04
1.490754029943892585e-03
1.321748384593180630e-03
6.349916821568769984e-04
6.723123629278350251e-04
8.275984278344002045e-04
3.842862608789065441e-04
5.688874757041400502e-04
1.172259907570421958e-03
3.941780913292287046e-04
5.661647335720752317e-04
5.297184900270648098e-04
4.492116130922828667e-04
6.384832151064977375e-04
9.952552149772499884e-04
1.004783885073926670e-03
2.422223101164017525e-03
1.271777533180792679e-03
1.358293255495004060e-03
9.137650759827653036e-04
2.462347287515541903e-03
7.610263827769129640e-04
2.041137289052236570e-04
4.244831767314751793e-04
3.038700162676700209e-04
1.611841146508724131e-03
9.372623810196299221e-04
1.287758024650169234e-03
2.561233979635365882e-03
1.104870029321297544e-03
8.057219435715332100e-04
3.008141418371326390e-04
7.640073884410057171e-03
5.816959869134956732e-03
5.530187651214358907e-04
8.342253455966939114e-04
3.724301387130052148e-03
3.974884556916628300e-04
3.833778607880303853e-04
5.792802523706374815e-03
9.140320728931312618e-04
1.410159566228990366e-03
2.236938964384642403e-03
4.315065086430705456e-04
5.782047015567125942e-04
9.810092214784754509e-04
6.156587392486164703e-04
3.438073217186985667e-04
7.600905017596538407e-04
7.740313187680502617e-04
3.997653737070606256e-03
1.247925544346749956e-03
8.048167375317040852e-04
5.641818817660967413e-04
1.023677690325591576e-03
1.551218943623692247e-03
6.398709369472620288e-04
7.457362519340223535e-04
3.932417482939368626e-04
3.955794090222042509e-04
7.209889557334329220e-04
1.649685382622807046e-03
1.236279463501857839e-03
1.180284866275563413e-03
8.068459160528312912e-04
9.329764666898863546e-04
1.296263902798120522e-03
8.338820199077320210e-04
4.378948496673525136e-04
7.806215701905393212e-04
3.134704851752279694e-03
4.424449588230549776e-04
3.679522216370097469e-04
1.271777533180792679e-03
1.606588943361675608e-03
8.028287101291802907e-04
6.631881758192618125e-04
5.941682049355783346e-04
1.135230795824485614e-03
8.185342307760152614e-04
8.543918806023284964e-04
1.142594679260497490e-03
1.050856592562599869e-03
2.814594525250025672e-04
3.395776750458417937e-04
1.484370769408600464e-03
4.691571148833851342e-04
9.543587501984107570e-04
5.131056251850439533e-04
3.277416542639621723e-04
1.701732128558828367e-03
8.541026503139461691e-04
1.601874162677918104e-03
4.350631635689894807e-04
1.301840206577613377e-03
7.036368450804086428e-04
7.141394865104149902e-04
4.978068460286052968e-04
4.866826808551525307e-04
4.488827638694283797e-04
9.715078969654535523e-04
1.929244313449303395e-04
3.607216192325715686e-04
7.091715557514617543e-04
3.633624149965574584e-04
1.646375496425870732e-03
4.220298518394287822e-04
3.807368429037265886e-04
6.761600721226020301e-04
5.017392917845814836e-04
3.812542441404010167e-04
5.608421813126482532e-04
4.562790740524224242e-04
5.580516606669822226e-04
1.055140060972358873e-03
1.043880401444028045e-03
6.615652689015668383e-04
7.780809578212510283e-04
4.645813129992148603e-04
4.571080893899722732e-04
1.375451037473170157e-03
2.331829102014827248e-03
1.241894159021763536e-03
2.177202722330538742e-03
8.871500576010642874e-04
3.155637177598648226e-04
1.585562199112562371e-03
4.370207589732704487e-04
9.292631018016761892e-04
7.445379901458259835e-04
5.976663586490012919e-04
1.018146453964391407e-03
3.649723149237381575e-04
2.350553206871718232e-04
3.391371756184687579e-04
5.467512377054580160e-04
6.931338746730697237e-04
5.249384628081738046e-04
6.396649519293753526e-04
2.469141148175454329e-03
9.759568257590746625e-04
2.646978518093529693e-04
9.000143619017004267e-04
3.965021385917572852e-04
2.184857838441363331e-03
2.678983468444893351e-03
4.171001145960991584e-04
2.691814488928397932e-04
